[ 2018-10-11T15:22:03+08:00 ] 127.0.0.1 /index.php/shop/login
ERR: Cron:cron Runat 2018-10-11 15:22:03 Use 0.077582 s

[ 2018-10-11T15:22:03+08:00 ] 127.0.0.1 /index.php/shop/login
INFO: [ app_init ] --START--
INFO: Run Behavior\BuildLiteBehavior [ RunTime:0.000032s ]
INFO: [ app_init ] --END-- [ RunTime:0.000930s ]
INFO: [ app_begin ] --START--
INFO: Run Behavior\ReadHtmlCacheBehavior [ RunTime:0.001365s ]
SQL: SHOW COLUMNS FROM `red_indent` [ RunTime:0.0469s ]
SQL: SELECT * FROM `red_indent` WHERE `status` = 2  [ RunTime:0.0005s ]
INFO: Run Behavior\CronRunBehavior [ RunTime:0.101246s ]
INFO: [ app_begin ] --END-- [ RunTime:0.102896s ]
ERR: 无法加载控制器:Login

[ 2018-10-11T15:22:36+08:00 ] 127.0.0.1 /index.php/shop/login
ERR: Cron:cron Runat 2018-10-11 15:22:36 Use 0.058270 s

[ 2018-10-11T15:22:36+08:00 ] 127.0.0.1 /index.php/shop/login
INFO: [ app_init ] --START--
INFO: Run Behavior\BuildLiteBehavior [ RunTime:0.000034s ]
INFO: [ app_init ] --END-- [ RunTime:0.001470s ]
INFO: [ app_begin ] --START--
INFO: Run Behavior\ReadHtmlCacheBehavior [ RunTime:0.001324s ]
SQL: SHOW COLUMNS FROM `red_indent` [ RunTime:0.0401s ]
SQL: SELECT * FROM `red_indent` WHERE `status` = 2  [ RunTime:0.0005s ]
INFO: Run Behavior\CronRunBehavior [ RunTime:0.088032s ]
INFO: [ app_begin ] --END-- [ RunTime:0.089601s ]
INFO: [ view_parse ] --START--
INFO: [ template_filter ] --START--
INFO: Run Behavior\ContentReplaceBehavior [ RunTime:0.000093s ]
INFO: [ template_filter ] --END-- [ RunTime:0.000241s ]
INFO: Run Behavior\ParseTemplateBehavior [ RunTime:0.062529s ]
INFO: [ view_parse ] --END-- [ RunTime:0.062678s ]
INFO: [ view_filter ] --START--
INFO: Run Behavior\WriteHtmlCacheBehavior [ RunTime:0.001311s ]
INFO: [ view_filter ] --END-- [ RunTime:0.001444s ]
INFO: [ app_end ] --START--
INFO: Run Behavior\ShowPageTraceBehavior [ RunTime:0.002840s ]
INFO: [ app_end ] --END-- [ RunTime:0.002982s ]

[ 2018-10-11T15:22:37+08:00 ] 127.0.0.1 /index.php/Shop/login/verify.html
INFO: [ app_init ] --START--
INFO: Run Behavior\BuildLiteBehavior [ RunTime:0.000039s ]
INFO: [ app_init ] --END-- [ RunTime:0.001082s ]
INFO: [ app_begin ] --START--
INFO: Run Behavior\ReadHtmlCacheBehavior [ RunTime:0.001940s ]
INFO: Run Behavior\CronRunBehavior [ RunTime:0.012709s ]
INFO: [ app_begin ] --END-- [ RunTime:0.015629s ]
INFO: [ app_end ] --START--
INFO: Run Behavior\ShowPageTraceBehavior [ RunTime:0.001558s ]
INFO: [ app_end ] --END-- [ RunTime:0.001728s ]

[ 2018-10-11T15:47:48+08:00 ] 127.0.0.1 /index.php/shop/login
ERR: Cron:cron Runat 2018-10-11 15:47:48 Use 0.182763 s

[ 2018-10-11T15:47:48+08:00 ] 127.0.0.1 /index.php/shop/login
INFO: [ app_init ] --START--
INFO: Run Behavior\BuildLiteBehavior [ RunTime:0.000036s ]
INFO: [ app_init ] --END-- [ RunTime:0.001239s ]
INFO: [ app_begin ] --START--
INFO: Run Behavior\ReadHtmlCacheBehavior [ RunTime:0.002361s ]
SQL: SHOW COLUMNS FROM `red_indent` [ RunTime:0.0452s ]
SQL: SELECT * FROM `red_indent` WHERE `status` = 2  [ RunTime:0.0005s ]
INFO: Run Behavior\CronRunBehavior [ RunTime:0.222360s ]
INFO: [ app_begin ] --END-- [ RunTime:0.224967s ]
INFO: [ view_parse ] --START--
INFO: [ template_filter ] --START--
INFO: Run Behavior\ContentReplaceBehavior [ RunTime:0.000073s ]
INFO: [ template_filter ] --END-- [ RunTime:0.000228s ]
INFO: Run Behavior\ParseTemplateBehavior [ RunTime:0.073255s ]
INFO: [ view_parse ] --END-- [ RunTime:0.090310s ]
INFO: [ view_filter ] --START--
INFO: Run Behavior\WriteHtmlCacheBehavior [ RunTime:0.001646s ]
INFO: [ view_filter ] --END-- [ RunTime:0.001776s ]
INFO: [ app_end ] --START--
INFO: Run Behavior\ShowPageTraceBehavior [ RunTime:0.001649s ]
INFO: [ app_end ] --END-- [ RunTime:0.001784s ]

[ 2018-10-11T15:48:10+08:00 ] 127.0.0.1 /index.php/shop/login
ERR: Cron:cron Runat 2018-10-11 15:48:10 Use 0.058213 s

[ 2018-10-11T15:48:10+08:00 ] 127.0.0.1 /index.php/shop/login
INFO: [ app_init ] --START--
INFO: Run Behavior\BuildLiteBehavior [ RunTime:0.000033s ]
INFO: [ app_init ] --END-- [ RunTime:0.000946s ]
INFO: [ app_begin ] --START--
INFO: Run Behavior\ReadHtmlCacheBehavior [ RunTime:0.001324s ]
SQL: SHOW COLUMNS FROM `red_indent` [ RunTime:0.0345s ]
SQL: SELECT * FROM `red_indent` WHERE `status` = 2  [ RunTime:0.0005s ]
INFO: Run Behavior\CronRunBehavior [ RunTime:0.089572s ]
INFO: [ app_begin ] --END-- [ RunTime:0.091155s ]
INFO: [ view_parse ] --START--
INFO: [ template_filter ] --START--
INFO: Run Behavior\ContentReplaceBehavior [ RunTime:0.000076s ]
INFO: [ template_filter ] --END-- [ RunTime:0.000227s ]
INFO: Run Behavior\ParseTemplateBehavior [ RunTime:0.050681s ]
INFO: [ view_parse ] --END-- [ RunTime:0.050843s ]
INFO: [ view_filter ] --START--
INFO: Run Behavior\WriteHtmlCacheBehavior [ RunTime:0.001281s ]
INFO: [ view_filter ] --END-- [ RunTime:0.001425s ]
INFO: [ app_end ] --START--
INFO: Run Behavior\ShowPageTraceBehavior [ RunTime:0.001386s ]
INFO: [ app_end ] --END-- [ RunTime:0.001532s ]

[ 2018-10-11T15:48:15+08:00 ] 127.0.0.1 /index.php/shop/login
INFO: [ app_init ] --START--
INFO: Run Behavior\BuildLiteBehavior [ RunTime:0.000043s ]
INFO: [ app_init ] --END-- [ RunTime:0.001888s ]
INFO: [ app_begin ] --START--
INFO: Run Behavior\ReadHtmlCacheBehavior [ RunTime:0.001357s ]
INFO: Run Behavior\CronRunBehavior [ RunTime:0.014713s ]
INFO: [ app_begin ] --END-- [ RunTime:0.016410s ]
INFO: [ view_parse ] --START--
INFO: [ template_filter ] --START--
INFO: Run Behavior\ContentReplaceBehavior [ RunTime:0.000074s ]
INFO: [ template_filter ] --END-- [ RunTime:0.000217s ]
INFO: Run Behavior\ParseTemplateBehavior [ RunTime:0.054146s ]
INFO: [ view_parse ] --END-- [ RunTime:0.054298s ]
INFO: [ view_filter ] --START--
INFO: Run Behavior\WriteHtmlCacheBehavior [ RunTime:0.006950s ]
INFO: [ view_filter ] --END-- [ RunTime:0.007085s ]
INFO: [ app_end ] --START--
INFO: Run Behavior\ShowPageTraceBehavior [ RunTime:0.001356s ]
INFO: [ app_end ] --END-- [ RunTime:0.001498s ]

[ 2018-10-11T15:54:37+08:00 ] 127.0.0.1 /index.php/shop/login
ERR: Cron:cron Runat 2018-10-11 15:54:37 Use 0.083425 s

[ 2018-10-11T15:54:37+08:00 ] 127.0.0.1 /index.php/shop/login
INFO: [ app_init ] --START--
INFO: Run Behavior\BuildLiteBehavior [ RunTime:0.000039s ]
INFO: [ app_init ] --END-- [ RunTime:0.002830s ]
INFO: [ app_begin ] --START--
INFO: Run Behavior\ReadHtmlCacheBehavior [ RunTime:0.001578s ]
SQL: SHOW COLUMNS FROM `red_indent` [ RunTime:0.0630s ]
SQL: SELECT * FROM `red_indent` WHERE `status` = 2  [ RunTime:0.0005s ]
INFO: Run Behavior\CronRunBehavior [ RunTime:0.107034s ]
INFO: [ app_begin ] --END-- [ RunTime:0.108859s ]
INFO: [ view_parse ] --START--
INFO: [ template_filter ] --START--
INFO: Run Behavior\ContentReplaceBehavior [ RunTime:0.000078s ]
INFO: [ template_filter ] --END-- [ RunTime:0.000211s ]
INFO: Run Behavior\ParseTemplateBehavior [ RunTime:0.052529s ]
INFO: [ view_parse ] --END-- [ RunTime:0.052682s ]
INFO: [ view_filter ] --START--
INFO: Run Behavior\WriteHtmlCacheBehavior [ RunTime:0.001469s ]
INFO: [ view_filter ] --END-- [ RunTime:0.001694s ]
INFO: [ app_end ] --START--
INFO: Run Behavior\ShowPageTraceBehavior [ RunTime:0.001303s ]
INFO: [ app_end ] --END-- [ RunTime:0.001437s ]

[ 2018-10-11T15:55:33+08:00 ] 127.0.0.1 /index.php/shop/login
ERR: Cron:cron Runat 2018-10-11 15:55:33 Use 0.080499 s

[ 2018-10-11T15:55:33+08:00 ] 127.0.0.1 /index.php/shop/login
INFO: [ app_init ] --START--
INFO: Run Behavior\BuildLiteBehavior [ RunTime:0.000032s ]
INFO: [ app_init ] --END-- [ RunTime:0.000912s ]
INFO: [ app_begin ] --START--
INFO: Run Behavior\ReadHtmlCacheBehavior [ RunTime:0.003912s ]
SQL: SHOW COLUMNS FROM `red_indent` [ RunTime:0.0577s ]
SQL: SELECT * FROM `red_indent` WHERE `status` = 2  [ RunTime:0.0004s ]
INFO: Run Behavior\CronRunBehavior [ RunTime:0.107648s ]
INFO: [ app_begin ] --END-- [ RunTime:0.112036s ]
INFO: [ view_parse ] --START--
INFO: [ template_filter ] --START--
INFO: Run Behavior\ContentReplaceBehavior [ RunTime:0.000113s ]
INFO: [ template_filter ] --END-- [ RunTime:0.000247s ]
INFO: Run Behavior\ParseTemplateBehavior [ RunTime:0.039266s ]
INFO: [ view_parse ] --END-- [ RunTime:0.039435s ]
INFO: [ view_filter ] --START--
INFO: Run Behavior\WriteHtmlCacheBehavior [ RunTime:0.001314s ]
INFO: [ view_filter ] --END-- [ RunTime:0.001454s ]
INFO: [ app_end ] --START--
INFO: Run Behavior\ShowPageTraceBehavior [ RunTime:0.001419s ]
INFO: [ app_end ] --END-- [ RunTime:0.001571s ]

[ 2018-10-11T15:57:10+08:00 ] 127.0.0.1 /index.php/shop/login
ERR: Cron:cron Runat 2018-10-11 15:57:10 Use 0.085188 s

[ 2018-10-11T15:57:10+08:00 ] 127.0.0.1 /index.php/shop/login
INFO: [ app_init ] --START--
INFO: Run Behavior\BuildLiteBehavior [ RunTime:0.000036s ]
INFO: [ app_init ] --END-- [ RunTime:0.001251s ]
INFO: [ app_begin ] --START--
INFO: Run Behavior\ReadHtmlCacheBehavior [ RunTime:0.003955s ]
SQL: SHOW COLUMNS FROM `red_indent` [ RunTime:0.0583s ]
SQL: SELECT * FROM `red_indent` WHERE `status` = 2  [ RunTime:0.0005s ]
INFO: Run Behavior\CronRunBehavior [ RunTime:0.116362s ]
INFO: [ app_begin ] --END-- [ RunTime:0.120582s ]
INFO: [ view_parse ] --START--
INFO: [ template_filter ] --START--
INFO: Run Behavior\ContentReplaceBehavior [ RunTime:0.000088s ]
INFO: [ template_filter ] --END-- [ RunTime:0.000235s ]
INFO: Run Behavior\ParseTemplateBehavior [ RunTime:0.050096s ]
INFO: [ view_parse ] --END-- [ RunTime:0.050259s ]
INFO: [ view_filter ] --START--
INFO: Run Behavior\WriteHtmlCacheBehavior [ RunTime:0.001896s ]
INFO: [ view_filter ] --END-- [ RunTime:0.002032s ]
INFO: [ app_end ] --START--
INFO: Run Behavior\ShowPageTraceBehavior [ RunTime:0.001314s ]
INFO: [ app_end ] --END-- [ RunTime:0.001460s ]

[ 2018-10-11T15:58:13+08:00 ] 127.0.0.1 /index.php/shop/login
ERR: Cron:cron Runat 2018-10-11 15:58:13 Use 0.078516 s

[ 2018-10-11T15:58:13+08:00 ] 127.0.0.1 /index.php/shop/login
INFO: [ app_init ] --START--
INFO: Run Behavior\BuildLiteBehavior [ RunTime:0.000035s ]
INFO: [ app_init ] --END-- [ RunTime:0.005107s ]
INFO: [ app_begin ] --START--
INFO: Run Behavior\ReadHtmlCacheBehavior [ RunTime:0.001461s ]
SQL: SHOW COLUMNS FROM `red_indent` [ RunTime:0.0584s ]
SQL: SELECT * FROM `red_indent` WHERE `status` = 2  [ RunTime:0.0004s ]
INFO: Run Behavior\CronRunBehavior [ RunTime:0.111763s ]
INFO: [ app_begin ] --END-- [ RunTime:0.113490s ]
INFO: [ view_parse ] --START--
INFO: [ template_filter ] --START--
INFO: Run Behavior\ContentReplaceBehavior [ RunTime:0.000082s ]
INFO: [ template_filter ] --END-- [ RunTime:0.000243s ]
INFO: Run Behavior\ParseTemplateBehavior [ RunTime:0.067734s ]
INFO: [ view_parse ] --END-- [ RunTime:0.067927s ]
INFO: [ view_filter ] --START--
INFO: Run Behavior\WriteHtmlCacheBehavior [ RunTime:0.001185s ]
INFO: [ view_filter ] --END-- [ RunTime:0.001342s ]
INFO: [ app_end ] --START--
INFO: Run Behavior\ShowPageTraceBehavior [ RunTime:0.001263s ]
INFO: [ app_end ] --END-- [ RunTime:0.001395s ]

[ 2018-10-11T15:58:22+08:00 ] 127.0.0.1 /index.php/shop/login
ERR: Cron:cron Runat 2018-10-11 15:58:22 Use 0.069512 s

[ 2018-10-11T15:58:22+08:00 ] 127.0.0.1 /index.php/shop/login
INFO: [ app_init ] --START--
INFO: Run Behavior\BuildLiteBehavior [ RunTime:0.000033s ]
INFO: [ app_init ] --END-- [ RunTime:0.001749s ]
INFO: [ app_begin ] --START--
INFO: Run Behavior\ReadHtmlCacheBehavior [ RunTime:0.001896s ]
SQL: SHOW COLUMNS FROM `red_indent` [ RunTime:0.0495s ]
SQL: SELECT * FROM `red_indent` WHERE `status` = 2  [ RunTime:0.0004s ]
INFO: Run Behavior\CronRunBehavior [ RunTime:0.095308s ]
INFO: [ app_begin ] --END-- [ RunTime:0.097465s ]
INFO: [ view_parse ] --START--
INFO: [ template_filter ] --START--
INFO: Run Behavior\ContentReplaceBehavior [ RunTime:0.000092s ]
INFO: [ template_filter ] --END-- [ RunTime:0.000254s ]
INFO: Run Behavior\ParseTemplateBehavior [ RunTime:0.048156s ]
INFO: [ view_parse ] --END-- [ RunTime:0.048336s ]
INFO: [ view_filter ] --START--
INFO: Run Behavior\WriteHtmlCacheBehavior [ RunTime:0.001385s ]
INFO: [ view_filter ] --END-- [ RunTime:0.001523s ]
INFO: [ app_end ] --START--
INFO: Run Behavior\ShowPageTraceBehavior [ RunTime:0.001301s ]
INFO: [ app_end ] --END-- [ RunTime:0.001436s ]

[ 2018-10-11T15:58:51+08:00 ] 127.0.0.1 /index.php/shop/login
ERR: Cron:cron Runat 2018-10-11 15:58:51 Use 0.079852 s

[ 2018-10-11T15:58:51+08:00 ] 127.0.0.1 /index.php/shop/login
INFO: [ app_init ] --START--
INFO: Run Behavior\BuildLiteBehavior [ RunTime:0.000042s ]
INFO: [ app_init ] --END-- [ RunTime:0.001293s ]
INFO: [ app_begin ] --START--
INFO: Run Behavior\ReadHtmlCacheBehavior [ RunTime:0.001297s ]
SQL: SHOW COLUMNS FROM `red_indent` [ RunTime:0.0546s ]
SQL: SELECT * FROM `red_indent` WHERE `status` = 2  [ RunTime:0.0005s ]
INFO: Run Behavior\CronRunBehavior [ RunTime:0.112305s ]
INFO: [ app_begin ] --END-- [ RunTime:0.113850s ]
INFO: [ view_parse ] --START--
INFO: [ template_filter ] --START--
INFO: Run Behavior\ContentReplaceBehavior [ RunTime:0.000113s ]
INFO: [ template_filter ] --END-- [ RunTime:0.000261s ]
INFO: Run Behavior\ParseTemplateBehavior [ RunTime:0.045971s ]
INFO: [ view_parse ] --END-- [ RunTime:0.046159s ]
INFO: [ view_filter ] --START--
INFO: Run Behavior\WriteHtmlCacheBehavior [ RunTime:0.001232s ]
INFO: [ view_filter ] --END-- [ RunTime:0.001381s ]
INFO: [ app_end ] --START--
INFO: Run Behavior\ShowPageTraceBehavior [ RunTime:0.001320s ]
INFO: [ app_end ] --END-- [ RunTime:0.001460s ]

[ 2018-10-11T16:04:22+08:00 ] 127.0.0.1 /index.php/shop/login
ERR: Cron:cron Runat 2018-10-11 16:04:22 Use 0.125667 s

[ 2018-10-11T16:04:22+08:00 ] 127.0.0.1 /index.php/shop/login
INFO: [ app_init ] --START--
INFO: Run Behavior\BuildLiteBehavior [ RunTime:0.000033s ]
INFO: [ app_init ] --END-- [ RunTime:0.001078s ]
INFO: [ app_begin ] --START--
INFO: Run Behavior\ReadHtmlCacheBehavior [ RunTime:0.002607s ]
SQL: SHOW COLUMNS FROM `red_indent` [ RunTime:0.0763s ]
SQL: SELECT * FROM `red_indent` WHERE `status` = 2  [ RunTime:0.0005s ]
INFO: Run Behavior\CronRunBehavior [ RunTime:0.165302s ]
INFO: [ app_begin ] --END-- [ RunTime:0.168304s ]
INFO: [ view_parse ] --START--
INFO: [ template_filter ] --START--
INFO: Run Behavior\ContentReplaceBehavior [ RunTime:0.000122s ]
INFO: [ template_filter ] --END-- [ RunTime:0.000286s ]
INFO: Run Behavior\ParseTemplateBehavior [ RunTime:0.062091s ]
INFO: [ view_parse ] --END-- [ RunTime:0.062250s ]
INFO: [ view_filter ] --START--
INFO: Run Behavior\WriteHtmlCacheBehavior [ RunTime:0.001354s ]
INFO: [ view_filter ] --END-- [ RunTime:0.001501s ]
INFO: [ app_end ] --START--
INFO: Run Behavior\ShowPageTraceBehavior [ RunTime:0.001542s ]
INFO: [ app_end ] --END-- [ RunTime:0.001688s ]

[ 2018-10-11T16:04:32+08:00 ] 127.0.0.1 /index.php/shop/login
INFO: [ app_init ] --START--
INFO: Run Behavior\BuildLiteBehavior [ RunTime:0.000154s ]
INFO: [ app_init ] --END-- [ RunTime:0.002615s ]
INFO: [ app_begin ] --START--
INFO: Run Behavior\ReadHtmlCacheBehavior [ RunTime:0.004233s ]
INFO: Run Behavior\CronRunBehavior [ RunTime:0.028010s ]
INFO: [ app_begin ] --END-- [ RunTime:0.032724s ]
INFO: [ view_parse ] --START--
INFO: [ template_filter ] --START--
INFO: Run Behavior\ContentReplaceBehavior [ RunTime:0.000092s ]
INFO: [ template_filter ] --END-- [ RunTime:0.000257s ]
INFO: Run Behavior\ParseTemplateBehavior [ RunTime:0.105590s ]
INFO: [ view_parse ] --END-- [ RunTime:0.105849s ]
INFO: [ view_filter ] --START--
INFO: Run Behavior\WriteHtmlCacheBehavior [ RunTime:0.003229s ]
INFO: [ view_filter ] --END-- [ RunTime:0.003374s ]
INFO: [ app_end ] --START--
INFO: Run Behavior\ShowPageTraceBehavior [ RunTime:0.002140s ]
INFO: [ app_end ] --END-- [ RunTime:0.002312s ]

[ 2018-10-11T16:04:54+08:00 ] 127.0.0.1 /index.php/shop/login
ERR: Cron:cron Runat 2018-10-11 16:04:54 Use 0.113031 s

[ 2018-10-11T16:04:55+08:00 ] 127.0.0.1 /index.php/shop/login
INFO: [ app_init ] --START--
INFO: Run Behavior\BuildLiteBehavior [ RunTime:0.000033s ]
INFO: [ app_init ] --END-- [ RunTime:0.000986s ]
INFO: [ app_begin ] --START--
INFO: Run Behavior\ReadHtmlCacheBehavior [ RunTime:0.003918s ]
SQL: SHOW COLUMNS FROM `red_indent` [ RunTime:0.0875s ]
SQL: SELECT * FROM `red_indent` WHERE `status` = 2  [ RunTime:0.0063s ]
INFO: Run Behavior\CronRunBehavior [ RunTime:0.129827s ]
INFO: [ app_begin ] --END-- [ RunTime:0.134213s ]
INFO: [ view_parse ] --START--
INFO: [ template_filter ] --START--
INFO: Run Behavior\ContentReplaceBehavior [ RunTime:0.000082s ]
INFO: [ template_filter ] --END-- [ RunTime:0.000243s ]
INFO: Run Behavior\ParseTemplateBehavior [ RunTime:0.051662s ]
INFO: [ view_parse ] --END-- [ RunTime:0.051850s ]
INFO: [ view_filter ] --START--
INFO: Run Behavior\WriteHtmlCacheBehavior [ RunTime:0.001272s ]
INFO: [ view_filter ] --END-- [ RunTime:0.001422s ]
INFO: [ app_end ] --START--
INFO: Run Behavior\ShowPageTraceBehavior [ RunTime:0.002755s ]
INFO: [ app_end ] --END-- [ RunTime:0.002901s ]

[ 2018-10-11T16:06:33+08:00 ] 127.0.0.1 /index.php/shop/login
ERR: Cron:cron Runat 2018-10-11 16:06:33 Use 0.087131 s

[ 2018-10-11T16:06:33+08:00 ] 127.0.0.1 /index.php/shop/login
INFO: [ app_init ] --START--
INFO: Run Behavior\BuildLiteBehavior [ RunTime:0.000034s ]
INFO: [ app_init ] --END-- [ RunTime:0.001146s ]
INFO: [ app_begin ] --START--
INFO: Run Behavior\ReadHtmlCacheBehavior [ RunTime:0.001899s ]
SQL: SHOW COLUMNS FROM `red_indent` [ RunTime:0.0556s ]
SQL: SELECT * FROM `red_indent` WHERE `status` = 2  [ RunTime:0.0007s ]
INFO: Run Behavior\CronRunBehavior [ RunTime:0.126602s ]
INFO: [ app_begin ] --END-- [ RunTime:0.128743s ]
INFO: [ view_parse ] --START--
INFO: [ template_filter ] --START--
INFO: Run Behavior\ContentReplaceBehavior [ RunTime:0.000120s ]
INFO: [ template_filter ] --END-- [ RunTime:0.000290s ]
INFO: Run Behavior\ParseTemplateBehavior [ RunTime:0.054959s ]
INFO: [ view_parse ] --END-- [ RunTime:0.055230s ]
INFO: [ view_filter ] --START--
INFO: Run Behavior\WriteHtmlCacheBehavior [ RunTime:0.001423s ]
INFO: [ view_filter ] --END-- [ RunTime:0.001788s ]
INFO: [ app_end ] --START--
INFO: Run Behavior\ShowPageTraceBehavior [ RunTime:0.001377s ]
INFO: [ app_end ] --END-- [ RunTime:0.001513s ]

[ 2018-10-11T16:06:45+08:00 ] 127.0.0.1 /index.php/shop/login
ERR: Cron:cron Runat 2018-10-11 16:06:45 Use 0.104342 s

[ 2018-10-11T16:06:45+08:00 ] 127.0.0.1 /index.php/shop/login
INFO: [ app_init ] --START--
INFO: Run Behavior\BuildLiteBehavior [ RunTime:0.000038s ]
INFO: [ app_init ] --END-- [ RunTime:0.022578s ]
INFO: [ app_begin ] --START--
INFO: Run Behavior\ReadHtmlCacheBehavior [ RunTime:0.013253s ]
SQL: SHOW COLUMNS FROM `red_indent` [ RunTime:0.0529s ]
SQL: SELECT * FROM `red_indent` WHERE `status` = 2  [ RunTime:0.0004s ]
INFO: Run Behavior\CronRunBehavior [ RunTime:0.146092s ]
INFO: [ app_begin ] --END-- [ RunTime:0.159699s ]
INFO: [ view_parse ] --START--
INFO: [ template_filter ] --START--
INFO: Run Behavior\ContentReplaceBehavior [ RunTime:0.000078s ]
INFO: [ template_filter ] --END-- [ RunTime:0.000217s ]
INFO: Run Behavior\ParseTemplateBehavior [ RunTime:0.051677s ]
INFO: [ view_parse ] --END-- [ RunTime:0.051863s ]
INFO: [ view_filter ] --START--
INFO: Run Behavior\WriteHtmlCacheBehavior [ RunTime:0.001730s ]
INFO: [ view_filter ] --END-- [ RunTime:0.001872s ]
INFO: [ app_end ] --START--
INFO: Run Behavior\ShowPageTraceBehavior [ RunTime:0.002256s ]
INFO: [ app_end ] --END-- [ RunTime:0.002394s ]

[ 2018-10-11T16:08:59+08:00 ] 127.0.0.1 /index.php/shop/login
ERR: Cron:cron Runat 2018-10-11 16:08:59 Use 0.085263 s

[ 2018-10-11T16:08:59+08:00 ] 127.0.0.1 /index.php/shop/login
INFO: [ app_init ] --START--
INFO: Run Behavior\BuildLiteBehavior [ RunTime:0.000130s ]
INFO: [ app_init ] --END-- [ RunTime:0.003497s ]
INFO: [ app_begin ] --START--
INFO: Run Behavior\ReadHtmlCacheBehavior [ RunTime:0.001271s ]
SQL: SHOW COLUMNS FROM `red_indent` [ RunTime:0.0635s ]
SQL: SELECT * FROM `red_indent` WHERE `status` = 2  [ RunTime:0.0012s ]
INFO: Run Behavior\CronRunBehavior [ RunTime:0.110506s ]
INFO: [ app_begin ] --END-- [ RunTime:0.112039s ]
INFO: [ view_parse ] --START--
INFO: [ template_filter ] --START--
INFO: Run Behavior\ContentReplaceBehavior [ RunTime:0.000079s ]
INFO: [ template_filter ] --END-- [ RunTime:0.000219s ]
INFO: Run Behavior\ParseTemplateBehavior [ RunTime:0.049271s ]
INFO: [ view_parse ] --END-- [ RunTime:0.049459s ]
INFO: [ view_filter ] --START--
INFO: Run Behavior\WriteHtmlCacheBehavior [ RunTime:0.001236s ]
INFO: [ view_filter ] --END-- [ RunTime:0.001367s ]
INFO: [ app_end ] --START--
INFO: Run Behavior\ShowPageTraceBehavior [ RunTime:0.002627s ]
INFO: [ app_end ] --END-- [ RunTime:0.002792s ]

[ 2018-10-11T16:10:14+08:00 ] 127.0.0.1 /index.php/shop/login
ERR: Cron:cron Runat 2018-10-11 16:10:14 Use 0.060260 s

[ 2018-10-11T16:10:14+08:00 ] 127.0.0.1 /index.php/shop/login
INFO: [ app_init ] --START--
INFO: Run Behavior\BuildLiteBehavior [ RunTime:0.000033s ]
INFO: [ app_init ] --END-- [ RunTime:0.000942s ]
INFO: [ app_begin ] --START--
INFO: Run Behavior\ReadHtmlCacheBehavior [ RunTime:0.001320s ]
SQL: SHOW COLUMNS FROM `red_indent` [ RunTime:0.0426s ]
SQL: SELECT * FROM `red_indent` WHERE `status` = 2  [ RunTime:0.0004s ]
INFO: Run Behavior\CronRunBehavior [ RunTime:0.083983s ]
INFO: [ app_begin ] --END-- [ RunTime:0.085570s ]
INFO: [ view_parse ] --START--
INFO: [ template_filter ] --START--
INFO: Run Behavior\ContentReplaceBehavior [ RunTime:0.000079s ]
INFO: [ template_filter ] --END-- [ RunTime:0.000214s ]
INFO: Run Behavior\ParseTemplateBehavior [ RunTime:0.052798s ]
INFO: [ view_parse ] --END-- [ RunTime:0.053183s ]
INFO: [ view_filter ] --START--
INFO: Run Behavior\WriteHtmlCacheBehavior [ RunTime:0.001295s ]
INFO: [ view_filter ] --END-- [ RunTime:0.001430s ]
INFO: [ app_end ] --START--
INFO: Run Behavior\ShowPageTraceBehavior [ RunTime:0.001319s ]
INFO: [ app_end ] --END-- [ RunTime:0.001454s ]

[ 2018-10-11T16:10:14+08:00 ] 127.0.0.1 /index.php/Shop/login/verify.html
INFO: [ app_init ] --START--
INFO: Run Behavior\BuildLiteBehavior [ RunTime:0.000066s ]
INFO: [ app_init ] --END-- [ RunTime:0.001426s ]
INFO: [ app_begin ] --START--
INFO: Run Behavior\ReadHtmlCacheBehavior [ RunTime:0.001642s ]
INFO: Run Behavior\CronRunBehavior [ RunTime:0.014663s ]
INFO: [ app_begin ] --END-- [ RunTime:0.016780s ]
INFO: [ app_end ] --START--
INFO: Run Behavior\ShowPageTraceBehavior [ RunTime:0.005535s ]
INFO: [ app_end ] --END-- [ RunTime:0.005718s ]

[ 2018-10-11T16:10:53+08:00 ] 127.0.0.1 /index.php/shop/login
ERR: Cron:cron Runat 2018-10-11 16:10:53 Use 0.082231 s

[ 2018-10-11T16:10:53+08:00 ] 127.0.0.1 /index.php/shop/login
INFO: [ app_init ] --START--
INFO: Run Behavior\BuildLiteBehavior [ RunTime:0.000036s ]
INFO: [ app_init ] --END-- [ RunTime:0.001496s ]
INFO: [ app_begin ] --START--
INFO: Run Behavior\ReadHtmlCacheBehavior [ RunTime:0.001541s ]
SQL: SHOW COLUMNS FROM `red_indent` [ RunTime:0.0567s ]
SQL: SELECT * FROM `red_indent` WHERE `status` = 2  [ RunTime:0.0005s ]
INFO: Run Behavior\CronRunBehavior [ RunTime:0.100324s ]
INFO: [ app_begin ] --END-- [ RunTime:0.102124s ]
INFO: [ view_parse ] --START--
INFO: [ template_filter ] --START--
INFO: Run Behavior\ContentReplaceBehavior [ RunTime:0.000083s ]
INFO: [ template_filter ] --END-- [ RunTime:0.000221s ]
INFO: Run Behavior\ParseTemplateBehavior [ RunTime:0.048024s ]
INFO: [ view_parse ] --END-- [ RunTime:0.048175s ]
INFO: [ view_filter ] --START--
INFO: Run Behavior\WriteHtmlCacheBehavior [ RunTime:0.001269s ]
INFO: [ view_filter ] --END-- [ RunTime:0.001403s ]
INFO: [ app_end ] --START--
INFO: Run Behavior\ShowPageTraceBehavior [ RunTime:0.001727s ]
INFO: [ app_end ] --END-- [ RunTime:0.001864s ]

[ 2018-10-11T16:10:53+08:00 ] 127.0.0.1 /index.php/Shop/login/verify.html
INFO: [ app_init ] --START--
INFO: Run Behavior\BuildLiteBehavior [ RunTime:0.000033s ]
INFO: [ app_init ] --END-- [ RunTime:0.001080s ]
INFO: [ app_begin ] --START--
INFO: Run Behavior\ReadHtmlCacheBehavior [ RunTime:0.001492s ]
INFO: Run Behavior\CronRunBehavior [ RunTime:0.018755s ]
INFO: [ app_begin ] --END-- [ RunTime:0.020879s ]
INFO: [ app_end ] --START--
INFO: Run Behavior\ShowPageTraceBehavior [ RunTime:0.002697s ]
INFO: [ app_end ] --END-- [ RunTime:0.003027s ]

[ 2018-10-11T16:11:03+08:00 ] 127.0.0.1 /index.php/Shop/Login/verify/0.9195825144083276
ERR: Cron:cron Runat 2018-10-11 16:11:03 Use 0.051342 s

[ 2018-10-11T16:11:03+08:00 ] 127.0.0.1 /index.php/Shop/Login/verify/0.9195825144083276
INFO: [ app_init ] --START--
INFO: Run Behavior\BuildLiteBehavior [ RunTime:0.000032s ]
INFO: [ app_init ] --END-- [ RunTime:0.000894s ]
INFO: [ app_begin ] --START--
INFO: Run Behavior\ReadHtmlCacheBehavior [ RunTime:0.001177s ]
SQL: SHOW COLUMNS FROM `red_indent` [ RunTime:0.0357s ]
SQL: SELECT * FROM `red_indent` WHERE `status` = 2  [ RunTime:0.0004s ]
INFO: Run Behavior\CronRunBehavior [ RunTime:0.065188s ]
INFO: [ app_begin ] --END-- [ RunTime:0.066603s ]
INFO: [ app_end ] --START--
INFO: Run Behavior\ShowPageTraceBehavior [ RunTime:0.001479s ]
INFO: [ app_end ] --END-- [ RunTime:0.001630s ]

[ 2018-10-11T16:11:17+08:00 ] 127.0.0.1 /index.php/shop/login
ERR: Cron:cron Runat 2018-10-11 16:11:17 Use 0.077690 s

[ 2018-10-11T16:11:17+08:00 ] 127.0.0.1 /index.php/shop/login
INFO: [ app_init ] --START--
INFO: Run Behavior\BuildLiteBehavior [ RunTime:0.000846s ]
INFO: [ app_init ] --END-- [ RunTime:0.002719s ]
INFO: [ app_begin ] --START--
INFO: Run Behavior\ReadHtmlCacheBehavior [ RunTime:0.001154s ]
SQL: SHOW COLUMNS FROM `red_indent` [ RunTime:0.0571s ]
SQL: SELECT * FROM `red_indent` WHERE `status` = 2  [ RunTime:0.0004s ]
INFO: Run Behavior\CronRunBehavior [ RunTime:0.100756s ]
INFO: [ app_begin ] --END-- [ RunTime:0.102158s ]
INFO: [ view_parse ] --START--
INFO: [ template_filter ] --START--
INFO: Run Behavior\ContentReplaceBehavior [ RunTime:0.000080s ]
INFO: [ template_filter ] --END-- [ RunTime:0.000243s ]
INFO: Run Behavior\ParseTemplateBehavior [ RunTime:0.045749s ]
INFO: [ view_parse ] --END-- [ RunTime:0.045904s ]
INFO: [ view_filter ] --START--
INFO: Run Behavior\WriteHtmlCacheBehavior [ RunTime:0.001388s ]
INFO: [ view_filter ] --END-- [ RunTime:0.001560s ]
INFO: [ app_end ] --START--
INFO: Run Behavior\ShowPageTraceBehavior [ RunTime:0.001848s ]
INFO: [ app_end ] --END-- [ RunTime:0.001997s ]

[ 2018-10-11T16:11:17+08:00 ] 127.0.0.1 /index.php/Shop/login/verify.html
INFO: [ app_init ] --START--
INFO: Run Behavior\BuildLiteBehavior [ RunTime:0.000037s ]
INFO: [ app_init ] --END-- [ RunTime:0.004039s ]
INFO: [ app_begin ] --START--
INFO: Run Behavior\ReadHtmlCacheBehavior [ RunTime:0.001770s ]
INFO: Run Behavior\CronRunBehavior [ RunTime:0.034272s ]
INFO: [ app_begin ] --END-- [ RunTime:0.036319s ]
INFO: [ app_end ] --START--
INFO: Run Behavior\ShowPageTraceBehavior [ RunTime:0.001506s ]
INFO: [ app_end ] --END-- [ RunTime:0.001671s ]

[ 2018-10-11T16:11:25+08:00 ] 127.0.0.1 /index.php/Shop/Login/verify/0.4375121669676427
INFO: [ app_init ] --START--
INFO: Run Behavior\BuildLiteBehavior [ RunTime:0.000031s ]
INFO: [ app_init ] --END-- [ RunTime:0.001077s ]
INFO: [ app_begin ] --START--
INFO: Run Behavior\ReadHtmlCacheBehavior [ RunTime:0.001286s ]
INFO: Run Behavior\CronRunBehavior [ RunTime:0.006633s ]
INFO: [ app_begin ] --END-- [ RunTime:0.008281s ]
INFO: [ app_end ] --START--
INFO: Run Behavior\ShowPageTraceBehavior [ RunTime:0.002009s ]
INFO: [ app_end ] --END-- [ RunTime:0.002170s ]

[ 2018-10-11T16:12:01+08:00 ] 127.0.0.1 /index.php/shop/login
ERR: Cron:cron Runat 2018-10-11 16:12:01 Use 0.068660 s

[ 2018-10-11T16:12:01+08:00 ] 127.0.0.1 /index.php/shop/login
INFO: [ app_init ] --START--
INFO: Run Behavior\BuildLiteBehavior [ RunTime:0.000033s ]
INFO: [ app_init ] --END-- [ RunTime:0.001394s ]
INFO: [ app_begin ] --START--
INFO: Run Behavior\ReadHtmlCacheBehavior [ RunTime:0.001607s ]
SQL: SHOW COLUMNS FROM `red_indent` [ RunTime:0.0496s ]
SQL: SELECT * FROM `red_indent` WHERE `status` = 2  [ RunTime:0.0005s ]
INFO: Run Behavior\CronRunBehavior [ RunTime:0.090893s ]
INFO: [ app_begin ] --END-- [ RunTime:0.093380s ]
INFO: [ view_parse ] --START--
INFO: [ template_filter ] --START--
INFO: Run Behavior\ContentReplaceBehavior [ RunTime:0.000078s ]
INFO: [ template_filter ] --END-- [ RunTime:0.000222s ]
INFO: Run Behavior\ParseTemplateBehavior [ RunTime:0.049256s ]
INFO: [ view_parse ] --END-- [ RunTime:0.049423s ]
INFO: [ view_filter ] --START--
INFO: Run Behavior\WriteHtmlCacheBehavior [ RunTime:0.001250s ]
INFO: [ view_filter ] --END-- [ RunTime:0.001384s ]
INFO: [ app_end ] --START--
INFO: Run Behavior\ShowPageTraceBehavior [ RunTime:0.002294s ]
INFO: [ app_end ] --END-- [ RunTime:0.002557s ]

[ 2018-10-11T16:12:01+08:00 ] 127.0.0.1 /index.php/Shop/login/verify.html
INFO: [ app_init ] --START--
INFO: Run Behavior\BuildLiteBehavior [ RunTime:0.000034s ]
INFO: [ app_init ] --END-- [ RunTime:0.001168s ]
INFO: [ app_begin ] --START--
INFO: Run Behavior\ReadHtmlCacheBehavior [ RunTime:0.001617s ]
INFO: Run Behavior\CronRunBehavior [ RunTime:0.012934s ]
INFO: [ app_begin ] --END-- [ RunTime:0.014855s ]
INFO: [ app_end ] --START--
INFO: Run Behavior\ShowPageTraceBehavior [ RunTime:0.001696s ]
INFO: [ app_end ] --END-- [ RunTime:0.001878s ]

[ 2018-10-11T16:12:17+08:00 ] 127.0.0.1 /index.php/shop/login
ERR: Cron:cron Runat 2018-10-11 16:12:17 Use 0.059677 s

[ 2018-10-11T16:12:17+08:00 ] 127.0.0.1 /index.php/shop/login
INFO: [ app_init ] --START--
INFO: Run Behavior\BuildLiteBehavior [ RunTime:0.000031s ]
INFO: [ app_init ] --END-- [ RunTime:0.000938s ]
INFO: [ app_begin ] --START--
INFO: Run Behavior\ReadHtmlCacheBehavior [ RunTime:0.001312s ]
SQL: SHOW COLUMNS FROM `red_indent` [ RunTime:0.0431s ]
SQL: SELECT * FROM `red_indent` WHERE `status` = 2  [ RunTime:0.0004s ]
INFO: Run Behavior\CronRunBehavior [ RunTime:0.073939s ]
INFO: [ app_begin ] --END-- [ RunTime:0.075497s ]
INFO: [ view_parse ] --START--
INFO: [ template_filter ] --START--
INFO: Run Behavior\ContentReplaceBehavior [ RunTime:0.000075s ]
INFO: [ template_filter ] --END-- [ RunTime:0.000208s ]
INFO: Run Behavior\ParseTemplateBehavior [ RunTime:0.042241s ]
INFO: [ view_parse ] --END-- [ RunTime:0.042401s ]
INFO: [ view_filter ] --START--
INFO: Run Behavior\WriteHtmlCacheBehavior [ RunTime:0.001319s ]
INFO: [ view_filter ] --END-- [ RunTime:0.001453s ]
INFO: [ app_end ] --START--
INFO: Run Behavior\ShowPageTraceBehavior [ RunTime:0.001247s ]
INFO: [ app_end ] --END-- [ RunTime:0.001402s ]

[ 2018-10-11T16:12:17+08:00 ] 127.0.0.1 /index.php/Shop/login/verify.html
INFO: [ app_init ] --START--
INFO: Run Behavior\BuildLiteBehavior [ RunTime:0.000037s ]
INFO: [ app_init ] --END-- [ RunTime:0.001687s ]
INFO: [ app_begin ] --START--
INFO: Run Behavior\ReadHtmlCacheBehavior [ RunTime:0.001444s ]
INFO: Run Behavior\CronRunBehavior [ RunTime:0.020318s ]
INFO: [ app_begin ] --END-- [ RunTime:0.022225s ]
INFO: [ app_end ] --START--
INFO: Run Behavior\ShowPageTraceBehavior [ RunTime:0.002213s ]
INFO: [ app_end ] --END-- [ RunTime:0.002487s ]

[ 2018-10-11T16:13:35+08:00 ] 127.0.0.1 /index.php/shop/login
ERR: Cron:cron Runat 2018-10-11 16:13:35 Use 0.112888 s

[ 2018-10-11T16:13:35+08:00 ] 127.0.0.1 /index.php/shop/login
INFO: [ app_init ] --START--
INFO: Run Behavior\BuildLiteBehavior [ RunTime:0.000038s ]
INFO: [ app_init ] --END-- [ RunTime:0.001204s ]
INFO: [ app_begin ] --START--
INFO: Run Behavior\ReadHtmlCacheBehavior [ RunTime:0.001268s ]
SQL: SHOW COLUMNS FROM `red_indent` [ RunTime:0.0774s ]
SQL: SELECT * FROM `red_indent` WHERE `status` = 2  [ RunTime:0.0006s ]
INFO: Run Behavior\CronRunBehavior [ RunTime:0.131050s ]
INFO: [ app_begin ] --END-- [ RunTime:0.132635s ]
INFO: [ view_parse ] --START--
INFO: [ template_filter ] --START--
INFO: Run Behavior\ContentReplaceBehavior [ RunTime:0.000082s ]
INFO: [ template_filter ] --END-- [ RunTime:0.000225s ]
INFO: Run Behavior\ParseTemplateBehavior [ RunTime:0.056280s ]
INFO: [ view_parse ] --END-- [ RunTime:0.056432s ]
INFO: [ view_filter ] --START--
INFO: Run Behavior\WriteHtmlCacheBehavior [ RunTime:0.001686s ]
INFO: [ view_filter ] --END-- [ RunTime:0.001817s ]
INFO: [ app_end ] --START--
INFO: Run Behavior\ShowPageTraceBehavior [ RunTime:0.003155s ]
INFO: [ app_end ] --END-- [ RunTime:0.003296s ]

[ 2018-10-11T16:13:35+08:00 ] 127.0.0.1 /index.php/Shop/login/verify.html
INFO: [ app_init ] --START--
INFO: Run Behavior\BuildLiteBehavior [ RunTime:0.000036s ]
INFO: [ app_init ] --END-- [ RunTime:0.001451s ]
INFO: [ app_begin ] --START--
INFO: Run Behavior\ReadHtmlCacheBehavior [ RunTime:0.001279s ]
INFO: Run Behavior\CronRunBehavior [ RunTime:0.040431s ]
INFO: [ app_begin ] --END-- [ RunTime:0.041977s ]
INFO: [ app_end ] --START--
INFO: Run Behavior\ShowPageTraceBehavior [ RunTime:0.003614s ]
INFO: [ app_end ] --END-- [ RunTime:0.004113s ]

[ 2018-10-11T16:15:15+08:00 ] 127.0.0.1 /index.php/shop/login
ERR: Cron:cron Runat 2018-10-11 16:15:15 Use 0.067672 s

[ 2018-10-11T16:15:15+08:00 ] 127.0.0.1 /index.php/shop/login
INFO: [ app_init ] --START--
INFO: Run Behavior\BuildLiteBehavior [ RunTime:0.000034s ]
INFO: [ app_init ] --END-- [ RunTime:0.001143s ]
INFO: [ app_begin ] --START--
INFO: Run Behavior\ReadHtmlCacheBehavior [ RunTime:0.001293s ]
SQL: SHOW COLUMNS FROM `red_indent` [ RunTime:0.0476s ]
SQL: SELECT * FROM `red_indent` WHERE `status` = 2  [ RunTime:0.0007s ]
INFO: Run Behavior\CronRunBehavior [ RunTime:0.084397s ]
INFO: [ app_begin ] --END-- [ RunTime:0.085969s ]
INFO: [ view_parse ] --START--
INFO: [ template_filter ] --START--
INFO: Run Behavior\ContentReplaceBehavior [ RunTime:0.000081s ]
INFO: [ template_filter ] --END-- [ RunTime:0.000222s ]
INFO: Run Behavior\ParseTemplateBehavior [ RunTime:0.056703s ]
INFO: [ view_parse ] --END-- [ RunTime:0.056873s ]
INFO: [ view_filter ] --START--
INFO: Run Behavior\WriteHtmlCacheBehavior [ RunTime:0.001349s ]
INFO: [ view_filter ] --END-- [ RunTime:0.001533s ]
INFO: [ app_end ] --START--
INFO: Run Behavior\ShowPageTraceBehavior [ RunTime:0.001222s ]
INFO: [ app_end ] --END-- [ RunTime:0.001354s ]

[ 2018-10-11T16:15:15+08:00 ] 127.0.0.1 /index.php/Shop/login/verify.html
INFO: [ app_init ] --START--
INFO: Run Behavior\BuildLiteBehavior [ RunTime:0.000033s ]
INFO: [ app_init ] --END-- [ RunTime:0.001812s ]
INFO: [ app_begin ] --START--
INFO: Run Behavior\ReadHtmlCacheBehavior [ RunTime:0.002848s ]
INFO: Run Behavior\CronRunBehavior [ RunTime:0.013299s ]
INFO: [ app_begin ] --END-- [ RunTime:0.016581s ]
INFO: [ app_end ] --START--
INFO: Run Behavior\ShowPageTraceBehavior [ RunTime:0.002659s ]
INFO: [ app_end ] --END-- [ RunTime:0.003321s ]

[ 2018-10-11T16:16:53+08:00 ] 127.0.0.1 /index.php/shop/login
ERR: Cron:cron Runat 2018-10-11 16:16:53 Use 0.072158 s

[ 2018-10-11T16:16:53+08:00 ] 127.0.0.1 /index.php/shop/login
INFO: [ app_init ] --START--
INFO: Run Behavior\BuildLiteBehavior [ RunTime:0.000042s ]
INFO: [ app_init ] --END-- [ RunTime:0.004725s ]
INFO: [ app_begin ] --START--
INFO: Run Behavior\ReadHtmlCacheBehavior [ RunTime:0.001276s ]
SQL: SHOW COLUMNS FROM `red_indent` [ RunTime:0.0481s ]
SQL: SELECT * FROM `red_indent` WHERE `status` = 2  [ RunTime:0.0005s ]
INFO: Run Behavior\CronRunBehavior [ RunTime:0.087969s ]
INFO: [ app_begin ] --END-- [ RunTime:0.089494s ]
INFO: [ view_parse ] --START--
INFO: [ template_filter ] --START--
INFO: Run Behavior\ContentReplaceBehavior [ RunTime:0.000079s ]
INFO: [ template_filter ] --END-- [ RunTime:0.000218s ]
INFO: Run Behavior\ParseTemplateBehavior [ RunTime:0.053985s ]
INFO: [ view_parse ] --END-- [ RunTime:0.054151s ]
INFO: [ view_filter ] --START--
INFO: Run Behavior\WriteHtmlCacheBehavior [ RunTime:0.002406s ]
INFO: [ view_filter ] --END-- [ RunTime:0.002546s ]
INFO: [ app_end ] --START--
INFO: Run Behavior\ShowPageTraceBehavior [ RunTime:0.001292s ]
INFO: [ app_end ] --END-- [ RunTime:0.001427s ]

[ 2018-10-11T16:16:53+08:00 ] 127.0.0.1 /index.php/Shop/login/verify.html
INFO: [ app_init ] --START--
INFO: Run Behavior\BuildLiteBehavior [ RunTime:0.000034s ]
INFO: [ app_init ] --END-- [ RunTime:0.001103s ]
INFO: [ app_begin ] --START--
INFO: Run Behavior\ReadHtmlCacheBehavior [ RunTime:0.002058s ]
INFO: Run Behavior\CronRunBehavior [ RunTime:0.031739s ]
INFO: [ app_begin ] --END-- [ RunTime:0.034069s ]
INFO: [ app_end ] --START--
INFO: Run Behavior\ShowPageTraceBehavior [ RunTime:0.010955s ]
INFO: [ app_end ] --END-- [ RunTime:0.011378s ]

[ 2018-10-11T16:18:22+08:00 ] 127.0.0.1 /index.php/shop/login
ERR: Cron:cron Runat 2018-10-11 16:18:22 Use 0.076348 s

[ 2018-10-11T16:18:22+08:00 ] 127.0.0.1 /index.php/shop/login
INFO: [ app_init ] --START--
INFO: Run Behavior\BuildLiteBehavior [ RunTime:0.000032s ]
INFO: [ app_init ] --END-- [ RunTime:0.001323s ]
INFO: [ app_begin ] --START--
INFO: Run Behavior\ReadHtmlCacheBehavior [ RunTime:0.001392s ]
SQL: SHOW COLUMNS FROM `red_indent` [ RunTime:0.0556s ]
SQL: SELECT * FROM `red_indent` WHERE `status` = 2  [ RunTime:0.0006s ]
INFO: Run Behavior\CronRunBehavior [ RunTime:0.097514s ]
INFO: [ app_begin ] --END-- [ RunTime:0.099301s ]
INFO: [ view_parse ] --START--
INFO: [ template_filter ] --START--
INFO: Run Behavior\ContentReplaceBehavior [ RunTime:0.000090s ]
INFO: [ template_filter ] --END-- [ RunTime:0.000244s ]
INFO: Run Behavior\ParseTemplateBehavior [ RunTime:0.061707s ]
INFO: [ view_parse ] --END-- [ RunTime:0.061858s ]
INFO: [ view_filter ] --START--
INFO: Run Behavior\WriteHtmlCacheBehavior [ RunTime:0.001217s ]
INFO: [ view_filter ] --END-- [ RunTime:0.001346s ]
INFO: [ app_end ] --START--
INFO: Run Behavior\ShowPageTraceBehavior [ RunTime:0.001358s ]
INFO: [ app_end ] --END-- [ RunTime:0.001491s ]

[ 2018-10-11T16:18:22+08:00 ] 127.0.0.1 /index.php/Shop/login/verify.html
INFO: [ app_init ] --START--
INFO: Run Behavior\BuildLiteBehavior [ RunTime:0.000038s ]
INFO: [ app_init ] --END-- [ RunTime:0.005322s ]
INFO: [ app_begin ] --START--
INFO: Run Behavior\ReadHtmlCacheBehavior [ RunTime:0.004620s ]
INFO: Run Behavior\CronRunBehavior [ RunTime:0.023557s ]
INFO: [ app_begin ] --END-- [ RunTime:0.028463s ]
INFO: [ app_end ] --START--
INFO: Run Behavior\ShowPageTraceBehavior [ RunTime:0.002627s ]
INFO: [ app_end ] --END-- [ RunTime:0.002806s ]

[ 2018-10-11T16:18:38+08:00 ] 127.0.0.1 /index.php/shop/login
ERR: Cron:cron Runat 2018-10-11 16:18:38 Use 0.082351 s

[ 2018-10-11T16:18:38+08:00 ] 127.0.0.1 /index.php/shop/login
INFO: [ app_init ] --START--
INFO: Run Behavior\BuildLiteBehavior [ RunTime:0.000032s ]
INFO: [ app_init ] --END-- [ RunTime:0.000978s ]
INFO: [ app_begin ] --START--
INFO: Run Behavior\ReadHtmlCacheBehavior [ RunTime:0.001628s ]
SQL: SHOW COLUMNS FROM `red_indent` [ RunTime:0.0574s ]
SQL: SELECT * FROM `red_indent` WHERE `status` = 2  [ RunTime:0.0005s ]
INFO: Run Behavior\CronRunBehavior [ RunTime:0.100632s ]
INFO: [ app_begin ] --END-- [ RunTime:0.102522s ]
INFO: [ view_parse ] --START--
INFO: [ template_filter ] --START--
INFO: Run Behavior\ContentReplaceBehavior [ RunTime:0.000089s ]
INFO: [ template_filter ] --END-- [ RunTime:0.000236s ]
INFO: Run Behavior\ParseTemplateBehavior [ RunTime:0.053050s ]
INFO: [ view_parse ] --END-- [ RunTime:0.053197s ]
INFO: [ view_filter ] --START--
INFO: Run Behavior\WriteHtmlCacheBehavior [ RunTime:0.001819s ]
INFO: [ view_filter ] --END-- [ RunTime:0.002078s ]
INFO: [ app_end ] --START--
INFO: Run Behavior\ShowPageTraceBehavior [ RunTime:0.001596s ]
INFO: [ app_end ] --END-- [ RunTime:0.001794s ]

[ 2018-10-11T16:18:39+08:00 ] 127.0.0.1 /index.php/Shop/login/verify.html
INFO: [ app_init ] --START--
INFO: Run Behavior\BuildLiteBehavior [ RunTime:0.000047s ]
INFO: [ app_init ] --END-- [ RunTime:0.002310s ]
INFO: [ app_begin ] --START--
INFO: Run Behavior\ReadHtmlCacheBehavior [ RunTime:0.002152s ]
INFO: Run Behavior\CronRunBehavior [ RunTime:0.016220s ]
INFO: [ app_begin ] --END-- [ RunTime:0.018660s ]
INFO: [ app_end ] --START--
INFO: Run Behavior\ShowPageTraceBehavior [ RunTime:0.006513s ]
INFO: [ app_end ] --END-- [ RunTime:0.006701s ]

[ 2018-10-11T16:18:39+08:00 ] 127.0.0.1 /index.php/shop/index.html
INFO: [ app_init ] --START--
INFO: Run Behavior\BuildLiteBehavior [ RunTime:0.000033s ]
INFO: [ app_init ] --END-- [ RunTime:0.001614s ]
INFO: [ app_begin ] --START--
INFO: Run Behavior\ReadHtmlCacheBehavior [ RunTime:0.002072s ]
INFO: Run Behavior\CronRunBehavior [ RunTime:0.005808s ]
INFO: [ app_begin ] --END-- [ RunTime:0.008207s ]
ERR: 无法加载控制器:Index

[ 2018-10-11T16:19:03+08:00 ] 127.0.0.1 /index.php/shop/login
ERR: Cron:cron Runat 2018-10-11 16:19:03 Use 0.112489 s

[ 2018-10-11T16:19:03+08:00 ] 127.0.0.1 /index.php/shop/login
INFO: [ app_init ] --START--
INFO: Run Behavior\BuildLiteBehavior [ RunTime:0.000034s ]
INFO: [ app_init ] --END-- [ RunTime:0.001672s ]
INFO: [ app_begin ] --START--
INFO: Run Behavior\ReadHtmlCacheBehavior [ RunTime:0.001438s ]
SQL: SHOW COLUMNS FROM `red_indent` [ RunTime:0.0875s ]
SQL: SELECT * FROM `red_indent` WHERE `status` = 2  [ RunTime:0.0005s ]
INFO: Run Behavior\CronRunBehavior [ RunTime:0.128862s ]
INFO: [ app_begin ] --END-- [ RunTime:0.130555s ]
INFO: [ view_parse ] --START--
INFO: [ template_filter ] --START--
INFO: Run Behavior\ContentReplaceBehavior [ RunTime:0.000097s ]
INFO: [ template_filter ] --END-- [ RunTime:0.000278s ]
INFO: Run Behavior\ParseTemplateBehavior [ RunTime:0.058007s ]
INFO: [ view_parse ] --END-- [ RunTime:0.058156s ]
INFO: [ view_filter ] --START--
INFO: Run Behavior\WriteHtmlCacheBehavior [ RunTime:0.002697s ]
INFO: [ view_filter ] --END-- [ RunTime:0.002860s ]
INFO: [ app_end ] --START--
INFO: Run Behavior\ShowPageTraceBehavior [ RunTime:0.002439s ]
INFO: [ app_end ] --END-- [ RunTime:0.002591s ]

[ 2018-10-11T16:19:03+08:00 ] 127.0.0.1 /index.php/Shop/login/verify.html
INFO: [ app_init ] --START--
INFO: Run Behavior\BuildLiteBehavior [ RunTime:0.000034s ]
INFO: [ app_init ] --END-- [ RunTime:0.002329s ]
INFO: [ app_begin ] --START--
INFO: Run Behavior\ReadHtmlCacheBehavior [ RunTime:0.004434s ]
INFO: Run Behavior\CronRunBehavior [ RunTime:0.051586s ]
INFO: [ app_begin ] --END-- [ RunTime:0.056655s ]
INFO: [ app_end ] --START--
INFO: Run Behavior\ShowPageTraceBehavior [ RunTime:0.001585s ]
INFO: [ app_end ] --END-- [ RunTime:0.001761s ]

[ 2018-10-11T16:20:09+08:00 ] 127.0.0.1 /index.php/shop/login
ERR: Cron:cron Runat 2018-10-11 16:20:09 Use 0.100105 s

[ 2018-10-11T16:20:09+08:00 ] 127.0.0.1 /index.php/shop/login
INFO: [ app_init ] --START--
INFO: Run Behavior\BuildLiteBehavior [ RunTime:0.000032s ]
INFO: [ app_init ] --END-- [ RunTime:0.000891s ]
INFO: [ app_begin ] --START--
INFO: Run Behavior\ReadHtmlCacheBehavior [ RunTime:0.001284s ]
SQL: SHOW COLUMNS FROM `red_indent` [ RunTime:0.0799s ]
SQL: SELECT * FROM `red_indent` WHERE `status` = 2  [ RunTime:0.0005s ]
INFO: Run Behavior\CronRunBehavior [ RunTime:0.119742s ]
INFO: [ app_begin ] --END-- [ RunTime:0.121278s ]
INFO: [ view_parse ] --START--
INFO: [ template_filter ] --START--
INFO: Run Behavior\ContentReplaceBehavior [ RunTime:0.000109s ]
INFO: [ template_filter ] --END-- [ RunTime:0.000304s ]
INFO: Run Behavior\ParseTemplateBehavior [ RunTime:0.067446s ]
INFO: [ view_parse ] --END-- [ RunTime:0.067592s ]
INFO: [ view_filter ] --START--
INFO: Run Behavior\WriteHtmlCacheBehavior [ RunTime:0.001395s ]
INFO: [ view_filter ] --END-- [ RunTime:0.001525s ]
INFO: [ app_end ] --START--
INFO: Run Behavior\ShowPageTraceBehavior [ RunTime:0.002286s ]
INFO: [ app_end ] --END-- [ RunTime:0.002418s ]

[ 2018-10-11T16:20:09+08:00 ] 127.0.0.1 /index.php/Shop/login/verify.html
INFO: [ app_init ] --START--
INFO: Run Behavior\BuildLiteBehavior [ RunTime:0.000386s ]
INFO: [ app_init ] --END-- [ RunTime:0.001375s ]
INFO: [ app_begin ] --START--
INFO: Run Behavior\ReadHtmlCacheBehavior [ RunTime:0.001222s ]
INFO: Run Behavior\CronRunBehavior [ RunTime:0.011433s ]
INFO: [ app_begin ] --END-- [ RunTime:0.012939s ]
INFO: [ app_end ] --START--
INFO: Run Behavior\ShowPageTraceBehavior [ RunTime:0.005178s ]
INFO: [ app_end ] --END-- [ RunTime:0.005365s ]

[ 2018-10-11T16:28:55+08:00 ] 127.0.0.1 /index.php/Shop/Login/verify/0.24744236583429347
ERR: Cron:cron Runat 2018-10-11 16:28:55 Use 0.078999 s

[ 2018-10-11T16:28:55+08:00 ] 127.0.0.1 /index.php/Shop/Login/verify/0.24744236583429347
INFO: [ app_init ] --START--
INFO: Run Behavior\BuildLiteBehavior [ RunTime:0.000032s ]
INFO: [ app_init ] --END-- [ RunTime:0.000942s ]
INFO: [ app_begin ] --START--
INFO: Run Behavior\ReadHtmlCacheBehavior [ RunTime:0.001310s ]
SQL: SHOW COLUMNS FROM `red_indent` [ RunTime:0.0467s ]
SQL: SELECT * FROM `red_indent` WHERE `status` = 2  [ RunTime:0.0005s ]
INFO: Run Behavior\CronRunBehavior [ RunTime:0.097164s ]
INFO: [ app_begin ] --END-- [ RunTime:0.098744s ]
INFO: [ app_end ] --START--
INFO: Run Behavior\ShowPageTraceBehavior [ RunTime:0.001514s ]
INFO: [ app_end ] --END-- [ RunTime:0.001668s ]

[ 2018-10-11T16:28:59+08:00 ] 127.0.0.1 /index.php/Shop/Login/index
INFO: [ app_init ] --START--
INFO: Run Behavior\BuildLiteBehavior [ RunTime:0.000033s ]
INFO: [ app_init ] --END-- [ RunTime:0.000952s ]
INFO: [ app_begin ] --START--
INFO: Run Behavior\ReadHtmlCacheBehavior [ RunTime:0.001211s ]
INFO: Run Behavior\CronRunBehavior [ RunTime:0.015819s ]
INFO: [ app_begin ] --END-- [ RunTime:0.017284s ]
SQL: SHOW COLUMNS FROM `red_admin` [ RunTime:0.0596s ]
SQL: SELECT * FROM `red_admin` WHERE ( username = "admin" ) LIMIT 1   [ RunTime:0.0515s ]
NOTIC: [2] Missing argument 3 for show(), called in E:\wamp\www\anti\Application\Shop\Controller\LoginController.class.php on line 30 and defined E:\wamp\www\anti\Application\Shop\Common\function.php 第 12 行.
NOTIC: [8] Undefined variable: data E:\wamp\www\anti\Application\Shop\Common\function.php 第 16 行.

[ 2018-10-11T16:28:59+08:00 ] 127.0.0.1 /index.php/Shop/index/index
INFO: [ app_init ] --START--
INFO: Run Behavior\BuildLiteBehavior [ RunTime:0.000051s ]
INFO: [ app_init ] --END-- [ RunTime:0.001028s ]
INFO: [ app_begin ] --START--
INFO: Run Behavior\ReadHtmlCacheBehavior [ RunTime:0.001361s ]
INFO: Run Behavior\CronRunBehavior [ RunTime:0.006249s ]
INFO: [ app_begin ] --END-- [ RunTime:0.007911s ]
ERR: 无法加载控制器:Index

[ 2018-10-11T16:29:02+08:00 ] 127.0.0.1 /index.php/Shop/login/verify.html
INFO: [ app_init ] --START--
INFO: Run Behavior\BuildLiteBehavior [ RunTime:0.000041s ]
INFO: [ app_init ] --END-- [ RunTime:0.002157s ]
INFO: [ app_begin ] --START--
INFO: Run Behavior\ReadHtmlCacheBehavior [ RunTime:0.003072s ]
INFO: Run Behavior\CronRunBehavior [ RunTime:0.015019s ]
INFO: [ app_begin ] --END-- [ RunTime:0.019198s ]
INFO: [ app_end ] --START--
INFO: Run Behavior\ShowPageTraceBehavior [ RunTime:0.001518s ]
INFO: [ app_end ] --END-- [ RunTime:0.001700s ]

[ 2018-10-11T16:33:20+08:00 ] 127.0.0.1 /index.php/Shop/Login/index
ERR: Cron:cron Runat 2018-10-11 16:33:20 Use 0.103527 s

[ 2018-10-11T16:33:20+08:00 ] 127.0.0.1 /index.php/Shop/Login/index
INFO: [ app_init ] --START--
INFO: Run Behavior\BuildLiteBehavior [ RunTime:0.000036s ]
INFO: [ app_init ] --END-- [ RunTime:0.001073s ]
INFO: [ app_begin ] --START--
INFO: Run Behavior\ReadHtmlCacheBehavior [ RunTime:0.002442s ]
SQL: SHOW COLUMNS FROM `red_indent` [ RunTime:0.0656s ]
SQL: SELECT * FROM `red_indent` WHERE `status` = 2  [ RunTime:0.0005s ]
INFO: Run Behavior\CronRunBehavior [ RunTime:0.119021s ]
INFO: [ app_begin ] --END-- [ RunTime:0.121944s ]
SQL: SHOW COLUMNS FROM `red_admin` [ RunTime:0.0323s ]
SQL: SELECT * FROM `red_admin` WHERE ( username = "admin" ) LIMIT 1   [ RunTime:0.0003s ]
NOTIC: [2] Missing argument 3 for show(), called in E:\wamp\www\anti\Application\Shop\Controller\LoginController.class.php on line 30 and defined E:\wamp\www\anti\Application\Shop\Common\function.php 第 12 行.
NOTIC: [8] Undefined variable: data E:\wamp\www\anti\Application\Shop\Common\function.php 第 16 行.

[ 2018-10-11T16:33:21+08:00 ] 127.0.0.1 /index.php/Shop/index/index
INFO: [ app_init ] --START--
INFO: Run Behavior\BuildLiteBehavior [ RunTime:0.000032s ]
INFO: [ app_init ] --END-- [ RunTime:0.000913s ]
INFO: [ app_begin ] --START--
INFO: Run Behavior\ReadHtmlCacheBehavior [ RunTime:0.001288s ]
INFO: Run Behavior\CronRunBehavior [ RunTime:0.013405s ]
INFO: [ app_begin ] --END-- [ RunTime:0.014989s ]

[ 2018-10-11T16:33:32+08:00 ] 127.0.0.1 /index.php/Shop/index/index
ERR: Cron:cron Runat 2018-10-11 16:33:32 Use 0.084170 s

[ 2018-10-11T16:33:32+08:00 ] 127.0.0.1 /index.php/Shop/index/index
INFO: [ app_init ] --START--
INFO: Run Behavior\BuildLiteBehavior [ RunTime:0.000033s ]
INFO: [ app_init ] --END-- [ RunTime:0.000905s ]
INFO: [ app_begin ] --START--
INFO: Run Behavior\ReadHtmlCacheBehavior [ RunTime:0.002503s ]
SQL: SHOW COLUMNS FROM `red_indent` [ RunTime:0.0626s ]
SQL: SELECT * FROM `red_indent` WHERE `status` = 2  [ RunTime:0.0004s ]
INFO: Run Behavior\CronRunBehavior [ RunTime:0.107270s ]
INFO: [ app_begin ] --END-- [ RunTime:0.110036s ]
SQL: SHOW COLUMNS FROM `red_member` [ RunTime:0.0634s ]
SQL: SELECT COUNT(*) AS tp_count FROM `red_member` WHERE `time` BETWEEN 1539187200 AND 1539273599 LIMIT 1   [ RunTime:0.0077s ]
NOTIC: [8] Undefined variable: zong E:\wamp\www\anti\Application\Shop\Controller\IndexController.class.php 第 19 行.
SQL: SELECT COUNT(*) AS tp_count FROM `red_member` WHERE `time` BETWEEN 1538323200 AND 1541001599 LIMIT 1   [ RunTime:0.0003s ]
INFO: [ view_parse ] --START--
INFO: [ template_filter ] --START--
INFO: Run Behavior\ContentReplaceBehavior [ RunTime:0.000233s ]
INFO: [ template_filter ] --END-- [ RunTime:0.000366s ]
NOTIC: [8] Undefined variable: area E:\wamp\www\anti\Application\Runtime\Cache\Shop\351e9ce800c2e5a2a49b1b70e37b7e59.php 第 926 行.
NOTIC: [8] Undefined variable: list E:\wamp\www\anti\Application\Runtime\Cache\Shop\351e9ce800c2e5a2a49b1b70e37b7e59.php 第 968 行.
NOTIC: [8] Undefined index: month_money E:\wamp\www\anti\Application\Runtime\Cache\Shop\351e9ce800c2e5a2a49b1b70e37b7e59.php 第 1030 行.
NOTIC: [8] Undefined variable: page E:\wamp\www\anti\Application\Runtime\Cache\Shop\351e9ce800c2e5a2a49b1b70e37b7e59.php 第 1036 行.
INFO: Run Behavior\ParseTemplateBehavior [ RunTime:0.085525s ]
INFO: [ view_parse ] --END-- [ RunTime:0.085662s ]
INFO: [ view_filter ] --START--
INFO: Run Behavior\WriteHtmlCacheBehavior [ RunTime:0.001256s ]
INFO: [ view_filter ] --END-- [ RunTime:0.001387s ]
INFO: [ app_end ] --START--
INFO: Run Behavior\ShowPageTraceBehavior [ RunTime:0.001249s ]
INFO: [ app_end ] --END-- [ RunTime:0.001380s ]

[ 2018-10-11T16:35:10+08:00 ] 127.0.0.1 /index.php/Shop/shop/daili_index
ERR: Cron:cron Runat 2018-10-11 16:35:10 Use 0.058525 s

[ 2018-10-11T16:35:10+08:00 ] 127.0.0.1 /index.php/Shop/shop/daili_index
INFO: [ app_init ] --START--
INFO: Run Behavior\BuildLiteBehavior [ RunTime:0.000031s ]
INFO: [ app_init ] --END-- [ RunTime:0.000914s ]
INFO: [ app_begin ] --START--
INFO: Run Behavior\ReadHtmlCacheBehavior [ RunTime:0.001375s ]
SQL: SHOW COLUMNS FROM `red_indent` [ RunTime:0.0413s ]
SQL: SELECT * FROM `red_indent` WHERE `status` = 2  [ RunTime:0.0004s ]
INFO: Run Behavior\CronRunBehavior [ RunTime:0.079297s ]
INFO: [ app_begin ] --END-- [ RunTime:0.080928s ]
SQL: SHOW COLUMNS FROM `red_shop` [ RunTime:0.0416s ]
ERR: Think\Model:shoptree方法不存在！

[ 2018-10-11T16:46:35+08:00 ] 127.0.0.1 /index.php/Shop/index/index
ERR: Cron:cron Runat 2018-10-11 16:46:35 Use 0.144073 s

[ 2018-10-11T16:46:35+08:00 ] 127.0.0.1 /index.php/Shop/index/index
INFO: [ app_init ] --START--
INFO: Run Behavior\BuildLiteBehavior [ RunTime:0.000045s ]
INFO: [ app_init ] --END-- [ RunTime:0.001014s ]
INFO: [ app_begin ] --START--
INFO: Run Behavior\ReadHtmlCacheBehavior [ RunTime:0.002842s ]
SQL: SHOW COLUMNS FROM `red_indent` [ RunTime:0.1064s ]
SQL: SELECT * FROM `red_indent` WHERE `status` = 2  [ RunTime:0.0010s ]
INFO: Run Behavior\CronRunBehavior [ RunTime:0.168372s ]
INFO: [ app_begin ] --END-- [ RunTime:0.171491s ]
SQL: SHOW COLUMNS FROM `red_member` [ RunTime:0.0648s ]
SQL: SELECT COUNT(*) AS tp_count FROM `red_member` WHERE `time` BETWEEN 1539187200 AND 1539273599 LIMIT 1   [ RunTime:0.0003s ]
NOTIC: [8] Undefined variable: zong E:\wamp\www\anti\Application\Shop\Controller\IndexController.class.php 第 19 行.
SQL: SELECT COUNT(*) AS tp_count FROM `red_member` WHERE `time` BETWEEN 1538323200 AND 1541001599 LIMIT 1   [ RunTime:0.0017s ]
INFO: [ view_parse ] --START--
INFO: [ template_filter ] --START--
INFO: Run Behavior\ContentReplaceBehavior [ RunTime:0.000473s ]
INFO: [ template_filter ] --END-- [ RunTime:0.000630s ]
NOTIC: [8] Undefined variable: area E:\wamp\www\anti\Application\Runtime\Cache\Shop\351e9ce800c2e5a2a49b1b70e37b7e59.php 第 926 行.
NOTIC: [8] Undefined variable: list E:\wamp\www\anti\Application\Runtime\Cache\Shop\351e9ce800c2e5a2a49b1b70e37b7e59.php 第 968 行.
NOTIC: [8] Undefined index: month_money E:\wamp\www\anti\Application\Runtime\Cache\Shop\351e9ce800c2e5a2a49b1b70e37b7e59.php 第 1030 行.
NOTIC: [8] Undefined variable: page E:\wamp\www\anti\Application\Runtime\Cache\Shop\351e9ce800c2e5a2a49b1b70e37b7e59.php 第 1036 行.
INFO: Run Behavior\ParseTemplateBehavior [ RunTime:0.038990s ]
INFO: [ view_parse ] --END-- [ RunTime:0.039149s ]
INFO: [ view_filter ] --START--
INFO: Run Behavior\WriteHtmlCacheBehavior [ RunTime:0.001201s ]
INFO: [ view_filter ] --END-- [ RunTime:0.001343s ]
INFO: [ app_end ] --START--
INFO: Run Behavior\ShowPageTraceBehavior [ RunTime:0.001209s ]
INFO: [ app_end ] --END-- [ RunTime:0.001342s ]

[ 2018-10-11T17:13:15+08:00 ] 127.0.0.1 /index.php/Shop/shop/daili_index
ERR: Cron:cron Runat 2018-10-11 17:13:15 Use 0.088824 s

[ 2018-10-11T17:13:15+08:00 ] 127.0.0.1 /index.php/Shop/shop/daili_index
INFO: [ app_init ] --START--
INFO: Run Behavior\BuildLiteBehavior [ RunTime:0.000033s ]
INFO: [ app_init ] --END-- [ RunTime:0.001357s ]
INFO: [ app_begin ] --START--
INFO: Run Behavior\ReadHtmlCacheBehavior [ RunTime:0.001744s ]
SQL: SHOW COLUMNS FROM `red_indent` [ RunTime:0.0442s ]
SQL: SELECT * FROM `red_indent` WHERE `status` = 2  [ RunTime:0.0004s ]
INFO: Run Behavior\CronRunBehavior [ RunTime:0.120337s ]
INFO: [ app_begin ] --END-- [ RunTime:0.122350s ]
SQL: SHOW COLUMNS FROM `red_shop` [ RunTime:0.0371s ]
ERR: Think\Model:shoptree方法不存在！

