[ 2018-10-15T08:52:32+08:00 ] 127.0.0.1 /index.php/Shop/index/index
ERR: Cron:cron Runat 2018-10-15 08:52:32 Use 0.064115 s

[ 2018-10-15T08:52:33+08:00 ] 127.0.0.1 /index.php/Shop/index/index
INFO: [ app_init ] --START--
INFO: Run Behavior\BuildLiteBehavior [ RunTime:0.000033s ]
INFO: [ app_init ] --END-- [ RunTime:0.000977s ]
INFO: [ app_begin ] --START--
INFO: Run Behavior\ReadHtmlCacheBehavior [ RunTime:0.001610s ]
SQL: SHOW COLUMNS FROM `red_indent` [ RunTime:0.0426s ]
SQL: SELECT * FROM `red_indent` WHERE `status` = 2  [ RunTime:0.0006s ]
INFO: Run Behavior\CronRunBehavior [ RunTime:0.087922s ]
INFO: [ app_begin ] --END-- [ RunTime:0.089779s ]
SQL: SHOW COLUMNS FROM `red_member` [ RunTime:0.0728s ]
SQL: SELECT COUNT(*) AS tp_count FROM `red_member` WHERE `time` BETWEEN 1539532800 AND 1539619199 LIMIT 1   [ RunTime:0.0842s ]
NOTIC: [8] Undefined variable: zong E:\wamp\www\anti\Application\Shop\Controller\IndexController.class.php 第 19 行.
SQL: SELECT COUNT(*) AS tp_count FROM `red_member` WHERE `time` BETWEEN 1538323200 AND 1541001599 LIMIT 1   [ RunTime:0.0003s ]
INFO: [ view_parse ] --START--
INFO: [ template_filter ] --START--
INFO: Run Behavior\ContentReplaceBehavior [ RunTime:0.000236s ]
INFO: [ template_filter ] --END-- [ RunTime:0.000374s ]
NOTIC: [8] Undefined variable: area E:\wamp\www\anti\Application\Runtime\Cache\Shop\351e9ce800c2e5a2a49b1b70e37b7e59.php 第 926 行.
NOTIC: [8] Undefined variable: list E:\wamp\www\anti\Application\Runtime\Cache\Shop\351e9ce800c2e5a2a49b1b70e37b7e59.php 第 968 行.
NOTIC: [8] Undefined index: month_money E:\wamp\www\anti\Application\Runtime\Cache\Shop\351e9ce800c2e5a2a49b1b70e37b7e59.php 第 1030 行.
NOTIC: [8] Undefined variable: page E:\wamp\www\anti\Application\Runtime\Cache\Shop\351e9ce800c2e5a2a49b1b70e37b7e59.php 第 1036 行.
INFO: Run Behavior\ParseTemplateBehavior [ RunTime:0.302683s ]
INFO: [ view_parse ] --END-- [ RunTime:0.302828s ]
INFO: [ view_filter ] --START--
INFO: Run Behavior\WriteHtmlCacheBehavior [ RunTime:0.067366s ]
INFO: [ view_filter ] --END-- [ RunTime:0.067502s ]
INFO: [ app_end ] --START--
INFO: Run Behavior\ShowPageTraceBehavior [ RunTime:0.001735s ]
INFO: [ app_end ] --END-- [ RunTime:0.001878s ]

