[ 2018-11-26T11:12:49+08:00 ] 127.0.0.1 /index.php/shop/login
ERR: Cron:cron Runat 2018-11-26 11:12:49 Use 0.684130 s

[ 2018-11-26T11:12:49+08:00 ] 127.0.0.1 /index.php/shop/login
INFO: [ app_init ] --START--
INFO: Run Behavior\BuildLiteBehavior [ RunTime:0.000037s ]
INFO: [ app_init ] --END-- [ RunTime:0.002538s ]
INFO: [ app_begin ] --START--
INFO: Run Behavior\ReadHtmlCacheBehavior [ RunTime:0.001826s ]
SQL: SHOW COLUMNS FROM `red_indent` [ RunTime:0.1934s ]
SQL: SELECT * FROM `red_indent` WHERE `status` = 2  [ RunTime:0.0008s ]
INFO: Run Behavior\CronRunBehavior [ RunTime:0.817336s ]
INFO: [ app_begin ] --END-- [ RunTime:0.819415s ]
INFO: [ view_parse ] --START--
INFO: [ template_filter ] --START--
INFO: Run Behavior\ContentReplaceBehavior [ RunTime:0.000092s ]
INFO: [ template_filter ] --END-- [ RunTime:0.000253s ]
INFO: Run Behavior\ParseTemplateBehavior [ RunTime:0.161897s ]
INFO: [ view_parse ] --END-- [ RunTime:0.162110s ]
INFO: [ view_filter ] --START--
INFO: Run Behavior\WriteHtmlCacheBehavior [ RunTime:0.015567s ]
INFO: [ view_filter ] --END-- [ RunTime:0.015727s ]
INFO: [ app_end ] --START--
INFO: Run Behavior\ShowPageTraceBehavior [ RunTime:0.012924s ]
INFO: [ app_end ] --END-- [ RunTime:0.014261s ]

[ 2018-11-26T11:12:50+08:00 ] 127.0.0.1 /index.php/Shop/login/verify.html
INFO: [ app_init ] --START--
INFO: Run Behavior\BuildLiteBehavior [ RunTime:0.000033s ]
INFO: [ app_init ] --END-- [ RunTime:0.000887s ]
INFO: [ app_begin ] --START--
INFO: Run Behavior\ReadHtmlCacheBehavior [ RunTime:0.001290s ]
INFO: Run Behavior\CronRunBehavior [ RunTime:0.013692s ]
INFO: [ app_begin ] --END-- [ RunTime:0.015277s ]
INFO: [ app_end ] --START--
INFO: Run Behavior\ShowPageTraceBehavior [ RunTime:0.001782s ]
INFO: [ app_end ] --END-- [ RunTime:0.001957s ]

[ 2018-11-26T11:13:05+08:00 ] 127.0.0.1 /index.php/Shop/Login/index
ERR: Cron:cron Runat 2018-11-26 11:13:05 Use 0.100412 s

[ 2018-11-26T11:13:05+08:00 ] 127.0.0.1 /index.php/Shop/Login/index
INFO: [ app_init ] --START--
INFO: Run Behavior\BuildLiteBehavior [ RunTime:0.000032s ]
INFO: [ app_init ] --END-- [ RunTime:0.001030s ]
INFO: [ app_begin ] --START--
INFO: Run Behavior\ReadHtmlCacheBehavior [ RunTime:0.001389s ]
SQL: SHOW COLUMNS FROM `red_indent` [ RunTime:0.0597s ]
SQL: SELECT * FROM `red_indent` WHERE `status` = 2  [ RunTime:0.0210s ]
INFO: Run Behavior\CronRunBehavior [ RunTime:0.118299s ]
INFO: [ app_begin ] --END-- [ RunTime:0.119940s ]
SQL: SHOW COLUMNS FROM `red_shop` [ RunTime:0.0406s ]
NOTIC: [2] Missing argument 3 for show(), called in E:\wamp\www\anti\Application\Shop\Controller\LoginController.class.php on line 15 and defined E:\wamp\www\anti\Application\Common\Common\function.php 第 456 行.
NOTIC: [8] Undefined variable: data E:\wamp\www\anti\Application\Common\Common\function.php 第 460 行.

[ 2018-11-26T11:13:08+08:00 ] 127.0.0.1 /index.php/Shop/Login/verify/0.6877582113569198
INFO: [ app_init ] --START--
INFO: Run Behavior\BuildLiteBehavior [ RunTime:0.000033s ]
INFO: [ app_init ] --END-- [ RunTime:0.000893s ]
INFO: [ app_begin ] --START--
INFO: Run Behavior\ReadHtmlCacheBehavior [ RunTime:0.001311s ]
INFO: Run Behavior\CronRunBehavior [ RunTime:0.014506s ]
INFO: [ app_begin ] --END-- [ RunTime:0.016094s ]
INFO: [ app_end ] --START--
INFO: Run Behavior\ShowPageTraceBehavior [ RunTime:0.001554s ]
INFO: [ app_end ] --END-- [ RunTime:0.001704s ]

[ 2018-11-26T11:13:12+08:00 ] 127.0.0.1 /index.php/Shop/Login/index
INFO: [ app_init ] --START--
INFO: Run Behavior\BuildLiteBehavior [ RunTime:0.000056s ]
INFO: [ app_init ] --END-- [ RunTime:0.000996s ]
INFO: [ app_begin ] --START--
INFO: Run Behavior\ReadHtmlCacheBehavior [ RunTime:0.004225s ]
INFO: Run Behavior\CronRunBehavior [ RunTime:0.008495s ]
INFO: [ app_begin ] --END-- [ RunTime:0.013031s ]
SQL: SHOW COLUMNS FROM `red_shop` [ RunTime:0.0847s ]
SQL: SELECT * FROM `red_shop` WHERE ( username = "admin1" ) LIMIT 1   [ RunTime:0.0090s ]
NOTIC: [2] Missing argument 3 for show(), called in E:\wamp\www\anti\Application\Shop\Controller\LoginController.class.php on line 39 and defined E:\wamp\www\anti\Application\Common\Common\function.php 第 456 行.
NOTIC: [8] Undefined variable: data E:\wamp\www\anti\Application\Common\Common\function.php 第 460 行.

[ 2018-11-26T11:13:13+08:00 ] 127.0.0.1 /index.php/Shop/index/index
INFO: [ app_init ] --START--
INFO: Run Behavior\BuildLiteBehavior [ RunTime:0.000033s ]
INFO: [ app_init ] --END-- [ RunTime:0.001008s ]
INFO: [ app_begin ] --START--
INFO: Run Behavior\ReadHtmlCacheBehavior [ RunTime:0.001465s ]
INFO: Run Behavior\CronRunBehavior [ RunTime:0.010769s ]
INFO: [ app_begin ] --END-- [ RunTime:0.012547s ]
SQL: SHOW COLUMNS FROM `red_shop` [ RunTime:0.0504s ]
SQL: SELECT * FROM `red_shop` WHERE `id` = 1 LIMIT 1   [ RunTime:0.0005s ]
INFO: [ view_parse ] --START--
INFO: [ template_filter ] --START--
INFO: Run Behavior\ContentReplaceBehavior [ RunTime:0.000268s ]
INFO: [ template_filter ] --END-- [ RunTime:0.000427s ]
SQL: SELECT `id`,`type`,`name`,`end_time` FROM `red_shop` WHERE `id` = 1 LIMIT 1   [ RunTime:0.0004s ]
SQL: SELECT `id`,`type` FROM `red_shop` WHERE `id` = 1 AND `username` = 'admin1' AND `password` = 'b87d891aa9158e0589fa6db7063c75b4' AND `money` = '63.80' AND `total_money` = '0.00' AND `name` = '伟大集团' AND `link_man` = '张大伟' AND `phone` = '13930183795' AND `email` = '0000@qq.com' AND `address` = '塔坛国际' AND `logo` = '' AND `end_time` = '1546271999' AND `type` = 2 AND `time` = '1539238780' AND `parentid` = 0 AND `status` = 1 AND `content` = null AND `hexiao_code` = '/Public/erweima/erweima1.png' LIMIT 1   [ RunTime:0.0278s ]
SQL: SHOW COLUMNS FROM `red_code` [ RunTime:0.0545s ]
SQL: SHOW COLUMNS FROM `red_code` [ RunTime:0.0527s ]
SQL: SELECT COUNT(*) AS tp_count FROM red_code co,red_activity act,red_shop sho,red_code_num co_n WHERE ( co.code_num_id=co_n.id and co.status>0 and co_n.activity_id=act.id and  act.shop_id="1" ) LIMIT 1   [ RunTime:0.0480s ]
SQL: SHOW COLUMNS FROM `red_activity` [ RunTime:0.0433s ]
SQL: SHOW COLUMNS FROM `red_code` [ RunTime:0.0487s ]
SQL: SELECT COUNT(*) AS tp_count FROM red_code co,red_activity act,red_shop sho WHERE ( co.status>0 and co.activity_id=act.id and act.condition=2 and co.share=1 and act.shop_id="1" ) LIMIT 1   [ RunTime:0.0099s ]
INFO: Run Behavior\ParseTemplateBehavior [ RunTime:0.406161s ]
INFO: [ view_parse ] --END-- [ RunTime:0.406303s ]
INFO: [ view_filter ] --START--
INFO: Run Behavior\WriteHtmlCacheBehavior [ RunTime:0.001223s ]
INFO: [ view_filter ] --END-- [ RunTime:0.001369s ]
INFO: [ app_end ] --START--
INFO: Run Behavior\ShowPageTraceBehavior [ RunTime:0.001753s ]
INFO: [ app_end ] --END-- [ RunTime:0.001897s ]

[ 2018-11-26T11:13:15+08:00 ] 127.0.0.1 /index.php/Shop/Index/charts
INFO: [ app_init ] --START--
INFO: Run Behavior\BuildLiteBehavior [ RunTime:0.000034s ]
INFO: [ app_init ] --END-- [ RunTime:0.000975s ]
INFO: [ app_begin ] --START--
INFO: Run Behavior\ReadHtmlCacheBehavior [ RunTime:0.001251s ]
INFO: Run Behavior\CronRunBehavior [ RunTime:0.010546s ]
INFO: [ app_begin ] --END-- [ RunTime:0.012065s ]
SQL: SHOW COLUMNS FROM `red_get_record` [ RunTime:0.1002s ]
NOTIC: [8] Use of undefined constant start_time - assumed 'start_time' E:\wamp\www\anti\Application\Shop\Controller\IndexController.class.php 第 62 行.
NOTIC: [8] Use of undefined constant end_time - assumed 'end_time' E:\wamp\www\anti\Application\Shop\Controller\IndexController.class.php 第 62 行.
NOTIC: [8] Undefined variable: offset E:\wamp\www\anti\Application\Shop\Controller\IndexController.class.php 第 63 行.
NOTIC: [8] Undefined variable: pageSize E:\wamp\www\anti\Application\Shop\Controller\IndexController.class.php 第 63 行.
SQL: SHOW COLUMNS FROM `red_get_record` [ RunTime:0.1170s ]
SQL: SELECT re.time,re.prize_type,re.prize,act.id FROM red_get_record re,red_activity act WHERE ( re.activity_id=act.id and act.shop_id="1" and re.time>"1542556800" and re.time<"1542643199" ) ORDER BY re.id desc  [ RunTime:0.0152s ]
NOTIC: [8] Use of undefined constant start_time - assumed 'start_time' E:\wamp\www\anti\Application\Shop\Controller\IndexController.class.php 第 84 行.
NOTIC: [8] Use of undefined constant start_time - assumed 'start_time' E:\wamp\www\anti\Application\Shop\Controller\IndexController.class.php 第 62 行.
NOTIC: [8] Use of undefined constant end_time - assumed 'end_time' E:\wamp\www\anti\Application\Shop\Controller\IndexController.class.php 第 62 行.
NOTIC: [8] Undefined variable: offset E:\wamp\www\anti\Application\Shop\Controller\IndexController.class.php 第 63 行.
NOTIC: [8] Undefined variable: pageSize E:\wamp\www\anti\Application\Shop\Controller\IndexController.class.php 第 63 行.
SQL: SHOW COLUMNS FROM `red_get_record` [ RunTime:0.0642s ]
SQL: SELECT re.time,re.prize_type,re.prize,act.id FROM red_get_record re,red_activity act WHERE ( re.activity_id=act.id and act.shop_id="1" and re.time>"1542643200" and re.time<"1542729599" ) ORDER BY re.id desc  [ RunTime:0.0005s ]
NOTIC: [8] Use of undefined constant start_time - assumed 'start_time' E:\wamp\www\anti\Application\Shop\Controller\IndexController.class.php 第 84 行.
NOTIC: [8] Use of undefined constant start_time - assumed 'start_time' E:\wamp\www\anti\Application\Shop\Controller\IndexController.class.php 第 62 行.
NOTIC: [8] Use of undefined constant end_time - assumed 'end_time' E:\wamp\www\anti\Application\Shop\Controller\IndexController.class.php 第 62 行.
NOTIC: [8] Undefined variable: offset E:\wamp\www\anti\Application\Shop\Controller\IndexController.class.php 第 63 行.
NOTIC: [8] Undefined variable: pageSize E:\wamp\www\anti\Application\Shop\Controller\IndexController.class.php 第 63 行.
SQL: SHOW COLUMNS FROM `red_get_record` [ RunTime:0.0456s ]
SQL: SELECT re.time,re.prize_type,re.prize,act.id FROM red_get_record re,red_activity act WHERE ( re.activity_id=act.id and act.shop_id="1" and re.time>"1542729600" and re.time<"1542815999" ) ORDER BY re.id desc  [ RunTime:0.0004s ]
NOTIC: [8] Use of undefined constant start_time - assumed 'start_time' E:\wamp\www\anti\Application\Shop\Controller\IndexController.class.php 第 84 行.
NOTIC: [8] Use of undefined constant start_time - assumed 'start_time' E:\wamp\www\anti\Application\Shop\Controller\IndexController.class.php 第 62 行.
NOTIC: [8] Use of undefined constant end_time - assumed 'end_time' E:\wamp\www\anti\Application\Shop\Controller\IndexController.class.php 第 62 行.
NOTIC: [8] Undefined variable: offset E:\wamp\www\anti\Application\Shop\Controller\IndexController.class.php 第 63 行.
NOTIC: [8] Undefined variable: pageSize E:\wamp\www\anti\Application\Shop\Controller\IndexController.class.php 第 63 行.
SQL: SHOW COLUMNS FROM `red_get_record` [ RunTime:0.0430s ]
SQL: SELECT re.time,re.prize_type,re.prize,act.id FROM red_get_record re,red_activity act WHERE ( re.activity_id=act.id and act.shop_id="1" and re.time>"1542816000" and re.time<"1542902399" ) ORDER BY re.id desc  [ RunTime:0.0003s ]
NOTIC: [8] Use of undefined constant start_time - assumed 'start_time' E:\wamp\www\anti\Application\Shop\Controller\IndexController.class.php 第 84 行.
NOTIC: [8] Use of undefined constant start_time - assumed 'start_time' E:\wamp\www\anti\Application\Shop\Controller\IndexController.class.php 第 62 行.
NOTIC: [8] Use of undefined constant end_time - assumed 'end_time' E:\wamp\www\anti\Application\Shop\Controller\IndexController.class.php 第 62 行.
NOTIC: [8] Undefined variable: offset E:\wamp\www\anti\Application\Shop\Controller\IndexController.class.php 第 63 行.
NOTIC: [8] Undefined variable: pageSize E:\wamp\www\anti\Application\Shop\Controller\IndexController.class.php 第 63 行.
SQL: SHOW COLUMNS FROM `red_get_record` [ RunTime:0.0504s ]
SQL: SELECT re.time,re.prize_type,re.prize,act.id FROM red_get_record re,red_activity act WHERE ( re.activity_id=act.id and act.shop_id="1" and re.time>"1542902400" and re.time<"1542988799" ) ORDER BY re.id desc  [ RunTime:0.0004s ]
NOTIC: [8] Use of undefined constant start_time - assumed 'start_time' E:\wamp\www\anti\Application\Shop\Controller\IndexController.class.php 第 84 行.
NOTIC: [8] Use of undefined constant start_time - assumed 'start_time' E:\wamp\www\anti\Application\Shop\Controller\IndexController.class.php 第 62 行.
NOTIC: [8] Use of undefined constant end_time - assumed 'end_time' E:\wamp\www\anti\Application\Shop\Controller\IndexController.class.php 第 62 行.
NOTIC: [8] Undefined variable: offset E:\wamp\www\anti\Application\Shop\Controller\IndexController.class.php 第 63 行.
NOTIC: [8] Undefined variable: pageSize E:\wamp\www\anti\Application\Shop\Controller\IndexController.class.php 第 63 行.
SQL: SHOW COLUMNS FROM `red_get_record` [ RunTime:0.0369s ]
SQL: SELECT re.time,re.prize_type,re.prize,act.id FROM red_get_record re,red_activity act WHERE ( re.activity_id=act.id and act.shop_id="1" and re.time>"1542988800" and re.time<"1543075199" ) ORDER BY re.id desc  [ RunTime:0.0004s ]
NOTIC: [8] Use of undefined constant start_time - assumed 'start_time' E:\wamp\www\anti\Application\Shop\Controller\IndexController.class.php 第 84 行.
NOTIC: [8] Use of undefined constant start_time - assumed 'start_time' E:\wamp\www\anti\Application\Shop\Controller\IndexController.class.php 第 62 行.
NOTIC: [8] Use of undefined constant end_time - assumed 'end_time' E:\wamp\www\anti\Application\Shop\Controller\IndexController.class.php 第 62 行.
NOTIC: [8] Undefined variable: offset E:\wamp\www\anti\Application\Shop\Controller\IndexController.class.php 第 63 行.
NOTIC: [8] Undefined variable: pageSize E:\wamp\www\anti\Application\Shop\Controller\IndexController.class.php 第 63 行.
SQL: SHOW COLUMNS FROM `red_get_record` [ RunTime:0.0430s ]
SQL: SELECT re.time,re.prize_type,re.prize,act.id FROM red_get_record re,red_activity act WHERE ( re.activity_id=act.id and act.shop_id="1" and re.time>"1543075200" and re.time<"1543161599" ) ORDER BY re.id desc  [ RunTime:0.0003s ]
NOTIC: [8] Use of undefined constant start_time - assumed 'start_time' E:\wamp\www\anti\Application\Shop\Controller\IndexController.class.php 第 84 行.
NOTIC: [8] Use of undefined constant start_time - assumed 'start_time' E:\wamp\www\anti\Application\Shop\Controller\IndexController.class.php 第 62 行.
NOTIC: [8] Use of undefined constant end_time - assumed 'end_time' E:\wamp\www\anti\Application\Shop\Controller\IndexController.class.php 第 62 行.
NOTIC: [8] Undefined variable: offset E:\wamp\www\anti\Application\Shop\Controller\IndexController.class.php 第 63 行.
NOTIC: [8] Undefined variable: pageSize E:\wamp\www\anti\Application\Shop\Controller\IndexController.class.php 第 63 行.
SQL: SHOW COLUMNS FROM `red_get_record` [ RunTime:0.0442s ]
SQL: SELECT re.time,re.prize_type,re.prize,act.id FROM red_get_record re,red_activity act WHERE ( re.activity_id=act.id and act.shop_id="1" and re.time>"1543161600" and re.time<"1543247999" ) ORDER BY re.id desc  [ RunTime:0.0003s ]
NOTIC: [8] Use of undefined constant start_time - assumed 'start_time' E:\wamp\www\anti\Application\Shop\Controller\IndexController.class.php 第 84 行.

[ 2018-11-26T11:22:35+08:00 ] 127.0.0.1 /index.php/Shop/weixin/auth
ERR: Cron:cron Runat 2018-11-26 11:22:35 Use 0.204586 s

[ 2018-11-26T11:22:36+08:00 ] 127.0.0.1 /index.php/Shop/weixin/auth
INFO: [ app_init ] --START--
INFO: Run Behavior\BuildLiteBehavior [ RunTime:0.000033s ]
INFO: [ app_init ] --END-- [ RunTime:0.001664s ]
INFO: [ app_begin ] --START--
INFO: Run Behavior\ReadHtmlCacheBehavior [ RunTime:0.009629s ]
SQL: SHOW COLUMNS FROM `red_indent` [ RunTime:0.0775s ]
SQL: SELECT * FROM `red_indent` WHERE `status` = 2  [ RunTime:0.0005s ]
INFO: Run Behavior\CronRunBehavior [ RunTime:0.349992s ]
INFO: [ app_begin ] --END-- [ RunTime:0.359930s ]
SQL: SHOW COLUMNS FROM `red_admin` [ RunTime:0.0395s ]
SQL: SELECT `component_access_token`,`component_time` FROM `red_admin` WHERE `id` = 2 LIMIT 1   [ RunTime:0.0059s ]
NOTIC: [8] Undefined variable: token E:\wamp\www\anti\Application\Common\Common\function.php 第 1061 行.
NOTIC: [2] file_get_contents(wx_ticket/ticket.log): failed to open stream: No such file or directory E:\wamp\www\anti\Application\Common\Common\function.php 第 1066 行.
NOTIC: [8] Undefined index: component_access_token E:\wamp\www\anti\Application\Common\Common\function.php 第 1074 行.
NOTIC: [8] Undefined variable: ok E:\wamp\www\anti\Application\Common\Common\function.php 第 1080 行.
NOTIC: [8] Undefined index: pre_auth_code E:\wamp\www\anti\Application\Common\Common\function.php 第 1102 行.
INFO: [ view_parse ] --START--
INFO: [ template_filter ] --START--
INFO: Run Behavior\ContentReplaceBehavior [ RunTime:0.000194s ]
INFO: [ template_filter ] --END-- [ RunTime:0.000325s ]
SQL: SHOW COLUMNS FROM `red_shop` [ RunTime:0.0418s ]
SQL: SELECT `id`,`type`,`name`,`end_time` FROM `red_shop` WHERE `id` = 1 LIMIT 1   [ RunTime:0.0004s ]
SQL: SELECT `id`,`type` FROM `red_shop` WHERE `id` = 1 LIMIT 1   [ RunTime:0.0002s ]
INFO: Run Behavior\ParseTemplateBehavior [ RunTime:0.122615s ]
INFO: [ view_parse ] --END-- [ RunTime:0.122761s ]
INFO: [ view_filter ] --START--
INFO: Run Behavior\WriteHtmlCacheBehavior [ RunTime:0.012335s ]
INFO: [ view_filter ] --END-- [ RunTime:0.012465s ]
INFO: [ app_end ] --START--
INFO: Run Behavior\ShowPageTraceBehavior [ RunTime:0.008423s ]
INFO: [ app_end ] --END-- [ RunTime:0.008568s ]

[ 2018-11-26T11:22:37+08:00 ] 127.0.0.1 /index.php/Shop/weixin/weixin.png
INFO: [ app_init ] --START--
INFO: Run Behavior\BuildLiteBehavior [ RunTime:0.000032s ]
INFO: [ app_init ] --END-- [ RunTime:0.000872s ]

[ 2018-11-26T11:23:34+08:00 ] 127.0.0.1 /index.php/Shop/weixin/auth
ERR: Cron:cron Runat 2018-11-26 11:23:34 Use 0.060876 s

[ 2018-11-26T11:23:35+08:00 ] 127.0.0.1 /index.php/Shop/weixin/auth
INFO: [ app_init ] --START--
INFO: Run Behavior\BuildLiteBehavior [ RunTime:0.000032s ]
INFO: [ app_init ] --END-- [ RunTime:0.000888s ]
INFO: [ app_begin ] --START--
INFO: Run Behavior\ReadHtmlCacheBehavior [ RunTime:0.001827s ]
SQL: SHOW COLUMNS FROM `red_indent` [ RunTime:0.0368s ]
SQL: SELECT * FROM `red_indent` WHERE `status` = 2  [ RunTime:0.0004s ]
INFO: Run Behavior\CronRunBehavior [ RunTime:0.084545s ]
INFO: [ app_begin ] --END-- [ RunTime:0.086635s ]
SQL: SHOW COLUMNS FROM `red_admin` [ RunTime:0.0438s ]
SQL: SELECT `component_access_token`,`component_time` FROM `red_admin` WHERE `id` = 2 LIMIT 1   [ RunTime:0.0003s ]
NOTIC: [8] Undefined variable: token E:\wamp\www\anti\Application\Common\Common\function.php 第 1061 行.
NOTIC: [2] file_get_contents(wx_ticket/ticket.log): failed to open stream: No such file or directory E:\wamp\www\anti\Application\Common\Common\function.php 第 1066 行.
NOTIC: [8] Undefined index: component_access_token E:\wamp\www\anti\Application\Common\Common\function.php 第 1074 行.
NOTIC: [8] Undefined variable: ok E:\wamp\www\anti\Application\Common\Common\function.php 第 1080 行.
NOTIC: [8] Undefined index: pre_auth_code E:\wamp\www\anti\Application\Common\Common\function.php 第 1102 行.
INFO: [ view_parse ] --START--
INFO: [ template_filter ] --START--
INFO: Run Behavior\ContentReplaceBehavior [ RunTime:0.000215s ]
INFO: [ template_filter ] --END-- [ RunTime:0.000375s ]
SQL: SHOW COLUMNS FROM `red_shop` [ RunTime:0.0409s ]
SQL: SELECT `id`,`type`,`name`,`end_time` FROM `red_shop` WHERE `id` = 1 LIMIT 1   [ RunTime:0.0005s ]
SQL: SELECT `id`,`type` FROM `red_shop` WHERE `id` = 1 LIMIT 1   [ RunTime:0.0003s ]
INFO: Run Behavior\ParseTemplateBehavior [ RunTime:0.084419s ]
INFO: [ view_parse ] --END-- [ RunTime:0.084571s ]
INFO: [ view_filter ] --START--
INFO: Run Behavior\WriteHtmlCacheBehavior [ RunTime:0.001289s ]
INFO: [ view_filter ] --END-- [ RunTime:0.001420s ]
INFO: [ app_end ] --START--
INFO: Run Behavior\ShowPageTraceBehavior [ RunTime:0.001206s ]
INFO: [ app_end ] --END-- [ RunTime:0.001336s ]

[ 2018-11-26T11:24:24+08:00 ] 127.0.0.1 /index.php/Shop/weixin/auth
ERR: Cron:cron Runat 2018-11-26 11:24:24 Use 0.098938 s

[ 2018-11-26T11:24:25+08:00 ] 127.0.0.1 /index.php/Shop/weixin/auth
INFO: [ app_init ] --START--
INFO: Run Behavior\BuildLiteBehavior [ RunTime:0.000033s ]
INFO: [ app_init ] --END-- [ RunTime:0.001030s ]
INFO: [ app_begin ] --START--
INFO: Run Behavior\ReadHtmlCacheBehavior [ RunTime:0.001279s ]
SQL: SHOW COLUMNS FROM `red_indent` [ RunTime:0.0810s ]
SQL: SELECT * FROM `red_indent` WHERE `status` = 2  [ RunTime:0.0005s ]
INFO: Run Behavior\CronRunBehavior [ RunTime:0.121802s ]
INFO: [ app_begin ] --END-- [ RunTime:0.123342s ]
SQL: SHOW COLUMNS FROM `red_admin` [ RunTime:0.0361s ]
SQL: SELECT `component_access_token`,`component_time` FROM `red_admin` WHERE `id` = 2 LIMIT 1   [ RunTime:0.0003s ]
NOTIC: [8] Undefined variable: token E:\wamp\www\anti\Application\Common\Common\function.php 第 1061 行.
NOTIC: [2] file_get_contents(wx_ticket/ticket.log): failed to open stream: No such file or directory E:\wamp\www\anti\Application\Common\Common\function.php 第 1066 行.
NOTIC: [8] Undefined index: component_access_token E:\wamp\www\anti\Application\Common\Common\function.php 第 1074 行.
NOTIC: [8] Undefined variable: ok E:\wamp\www\anti\Application\Common\Common\function.php 第 1080 行.
NOTIC: [8] Undefined index: pre_auth_code E:\wamp\www\anti\Application\Common\Common\function.php 第 1102 行.
INFO: [ view_parse ] --START--
INFO: [ template_filter ] --START--
INFO: Run Behavior\ContentReplaceBehavior [ RunTime:0.000195s ]
INFO: [ template_filter ] --END-- [ RunTime:0.000334s ]
SQL: SHOW COLUMNS FROM `red_shop` [ RunTime:0.0382s ]
SQL: SELECT `id`,`type`,`name`,`end_time` FROM `red_shop` WHERE `id` = 1 LIMIT 1   [ RunTime:0.0004s ]
SQL: SELECT `id`,`type` FROM `red_shop` WHERE `id` = 1 LIMIT 1   [ RunTime:0.0003s ]
INFO: Run Behavior\ParseTemplateBehavior [ RunTime:0.071441s ]
INFO: [ view_parse ] --END-- [ RunTime:0.071590s ]
INFO: [ view_filter ] --START--
INFO: Run Behavior\WriteHtmlCacheBehavior [ RunTime:0.001192s ]
INFO: [ view_filter ] --END-- [ RunTime:0.001322s ]
INFO: [ app_end ] --START--
INFO: Run Behavior\ShowPageTraceBehavior [ RunTime:0.001171s ]
INFO: [ app_end ] --END-- [ RunTime:0.001307s ]

[ 2018-11-26T11:24:54+08:00 ] 127.0.0.1 /index.php/Shop/weixin/auth
ERR: Cron:cron Runat 2018-11-26 11:24:54 Use 0.091835 s

[ 2018-11-26T11:24:55+08:00 ] 127.0.0.1 /index.php/Shop/weixin/auth
INFO: [ app_init ] --START--
INFO: Run Behavior\BuildLiteBehavior [ RunTime:0.000032s ]
INFO: [ app_init ] --END-- [ RunTime:0.000985s ]
INFO: [ app_begin ] --START--
INFO: Run Behavior\ReadHtmlCacheBehavior [ RunTime:0.001456s ]
SQL: SHOW COLUMNS FROM `red_indent` [ RunTime:0.0738s ]
SQL: SELECT * FROM `red_indent` WHERE `status` = 2  [ RunTime:0.0005s ]
INFO: Run Behavior\CronRunBehavior [ RunTime:0.111071s ]
INFO: [ app_begin ] --END-- [ RunTime:0.112783s ]
SQL: SHOW COLUMNS FROM `red_admin` [ RunTime:0.0413s ]
SQL: SELECT `component_access_token`,`component_time` FROM `red_admin` WHERE `id` = 2 LIMIT 1   [ RunTime:0.0003s ]
NOTIC: [8] Undefined variable: token E:\wamp\www\anti\Application\Common\Common\function.php 第 1061 行.
NOTIC: [2] file_get_contents(wx_ticket/ticket.log): failed to open stream: No such file or directory E:\wamp\www\anti\Application\Common\Common\function.php 第 1066 行.
NOTIC: [8] Undefined index: component_access_token E:\wamp\www\anti\Application\Common\Common\function.php 第 1074 行.
NOTIC: [8] Undefined variable: ok E:\wamp\www\anti\Application\Common\Common\function.php 第 1080 行.
NOTIC: [8] Undefined index: pre_auth_code E:\wamp\www\anti\Application\Common\Common\function.php 第 1102 行.
INFO: [ view_parse ] --START--
INFO: [ template_filter ] --START--
INFO: Run Behavior\ContentReplaceBehavior [ RunTime:0.000202s ]
INFO: [ template_filter ] --END-- [ RunTime:0.000344s ]
SQL: SHOW COLUMNS FROM `red_shop` [ RunTime:0.0457s ]
SQL: SELECT `id`,`type`,`name`,`end_time` FROM `red_shop` WHERE `id` = 1 LIMIT 1   [ RunTime:0.0007s ]
SQL: SELECT `id`,`type` FROM `red_shop` WHERE `id` = 1 LIMIT 1   [ RunTime:0.0003s ]
INFO: Run Behavior\ParseTemplateBehavior [ RunTime:0.082480s ]
INFO: [ view_parse ] --END-- [ RunTime:0.082628s ]
INFO: [ view_filter ] --START--
INFO: Run Behavior\WriteHtmlCacheBehavior [ RunTime:0.001296s ]
INFO: [ view_filter ] --END-- [ RunTime:0.001428s ]
INFO: [ app_end ] --START--
INFO: Run Behavior\ShowPageTraceBehavior [ RunTime:0.001226s ]
INFO: [ app_end ] --END-- [ RunTime:0.001353s ]

[ 2018-11-26T11:25:02+08:00 ] 127.0.0.1 /index.php/Shop/weixin/auth
INFO: [ app_init ] --START--
INFO: Run Behavior\BuildLiteBehavior [ RunTime:0.000034s ]
INFO: [ app_init ] --END-- [ RunTime:0.001684s ]
INFO: [ app_begin ] --START--
INFO: Run Behavior\ReadHtmlCacheBehavior [ RunTime:0.001185s ]
INFO: Run Behavior\CronRunBehavior [ RunTime:0.040805s ]
INFO: [ app_begin ] --END-- [ RunTime:0.042298s ]
SQL: SHOW COLUMNS FROM `red_admin` [ RunTime:0.0541s ]
SQL: SELECT `component_access_token`,`component_time` FROM `red_admin` WHERE `id` = 2 LIMIT 1   [ RunTime:0.0005s ]
NOTIC: [8] Undefined variable: token E:\wamp\www\anti\Application\Common\Common\function.php 第 1061 行.
NOTIC: [2] file_get_contents(wx_ticket/ticket.log): failed to open stream: No such file or directory E:\wamp\www\anti\Application\Common\Common\function.php 第 1066 行.
NOTIC: [8] Undefined index: component_access_token E:\wamp\www\anti\Application\Common\Common\function.php 第 1074 行.
NOTIC: [8] Undefined variable: ok E:\wamp\www\anti\Application\Common\Common\function.php 第 1080 行.
NOTIC: [8] Undefined index: pre_auth_code E:\wamp\www\anti\Application\Common\Common\function.php 第 1102 行.
INFO: [ view_parse ] --START--
INFO: [ template_filter ] --START--
INFO: Run Behavior\ContentReplaceBehavior [ RunTime:0.000188s ]
INFO: [ template_filter ] --END-- [ RunTime:0.000323s ]
SQL: SHOW COLUMNS FROM `red_shop` [ RunTime:0.0433s ]
SQL: SELECT `id`,`type`,`name`,`end_time` FROM `red_shop` WHERE `id` = 1 LIMIT 1   [ RunTime:0.0007s ]
SQL: SELECT `id`,`type` FROM `red_shop` WHERE `id` = 1 LIMIT 1   [ RunTime:0.0005s ]
INFO: Run Behavior\ParseTemplateBehavior [ RunTime:0.075247s ]
INFO: [ view_parse ] --END-- [ RunTime:0.075428s ]
INFO: [ view_filter ] --START--
INFO: Run Behavior\WriteHtmlCacheBehavior [ RunTime:0.001196s ]
INFO: [ view_filter ] --END-- [ RunTime:0.001332s ]
INFO: [ app_end ] --START--
INFO: Run Behavior\ShowPageTraceBehavior [ RunTime:0.001272s ]
INFO: [ app_end ] --END-- [ RunTime:0.001408s ]

[ 2018-11-26T11:25:14+08:00 ] 127.0.0.1 /index.php/Shop/weixin/auth
ERR: Cron:cron Runat 2018-11-26 11:25:14 Use 0.095383 s

[ 2018-11-26T11:25:15+08:00 ] 127.0.0.1 /index.php/Shop/weixin/auth
INFO: [ app_init ] --START--
INFO: Run Behavior\BuildLiteBehavior [ RunTime:0.000035s ]
INFO: [ app_init ] --END-- [ RunTime:0.001067s ]
INFO: [ app_begin ] --START--
INFO: Run Behavior\ReadHtmlCacheBehavior [ RunTime:0.001766s ]
SQL: SHOW COLUMNS FROM `red_indent` [ RunTime:0.0790s ]
SQL: SELECT * FROM `red_indent` WHERE `status` = 2  [ RunTime:0.0004s ]
INFO: Run Behavior\CronRunBehavior [ RunTime:0.110757s ]
INFO: [ app_begin ] --END-- [ RunTime:0.112767s ]
SQL: SHOW COLUMNS FROM `red_admin` [ RunTime:0.0316s ]
SQL: SELECT `component_access_token`,`component_time` FROM `red_admin` WHERE `id` = 2 LIMIT 1   [ RunTime:0.0003s ]
NOTIC: [8] Undefined variable: token E:\wamp\www\anti\Application\Common\Common\function.php 第 1061 行.
NOTIC: [2] file_get_contents(wx_ticket/ticket.log): failed to open stream: No such file or directory E:\wamp\www\anti\Application\Common\Common\function.php 第 1066 行.
NOTIC: [8] Undefined index: component_access_token E:\wamp\www\anti\Application\Common\Common\function.php 第 1074 行.
NOTIC: [8] Undefined variable: ok E:\wamp\www\anti\Application\Common\Common\function.php 第 1080 行.
NOTIC: [8] Undefined index: pre_auth_code E:\wamp\www\anti\Application\Common\Common\function.php 第 1102 行.
INFO: [ view_parse ] --START--
INFO: [ template_filter ] --START--
INFO: Run Behavior\ContentReplaceBehavior [ RunTime:0.000185s ]
INFO: [ template_filter ] --END-- [ RunTime:0.000316s ]
SQL: SHOW COLUMNS FROM `red_shop` [ RunTime:0.0389s ]
SQL: SELECT `id`,`type`,`name`,`end_time` FROM `red_shop` WHERE `id` = 1 LIMIT 1   [ RunTime:0.0003s ]
SQL: SELECT `id`,`type` FROM `red_shop` WHERE `id` = 1 LIMIT 1   [ RunTime:0.0005s ]
INFO: Run Behavior\ParseTemplateBehavior [ RunTime:0.071398s ]
INFO: [ view_parse ] --END-- [ RunTime:0.071552s ]
INFO: [ view_filter ] --START--
INFO: Run Behavior\WriteHtmlCacheBehavior [ RunTime:0.001160s ]
INFO: [ view_filter ] --END-- [ RunTime:0.001291s ]
INFO: [ app_end ] --START--
INFO: Run Behavior\ShowPageTraceBehavior [ RunTime:0.001568s ]
INFO: [ app_end ] --END-- [ RunTime:0.001702s ]

[ 2018-11-26T11:25:54+08:00 ] 127.0.0.1 /index.php/Shop/weixin/auth
ERR: Cron:cron Runat 2018-11-26 11:25:54 Use 0.066796 s

[ 2018-11-26T11:25:55+08:00 ] 127.0.0.1 /index.php/Shop/weixin/auth
INFO: [ app_init ] --START--
INFO: Run Behavior\BuildLiteBehavior [ RunTime:0.000032s ]
INFO: [ app_init ] --END-- [ RunTime:0.000925s ]
INFO: [ app_begin ] --START--
INFO: Run Behavior\ReadHtmlCacheBehavior [ RunTime:0.001796s ]
SQL: SHOW COLUMNS FROM `red_indent` [ RunTime:0.0496s ]
SQL: SELECT * FROM `red_indent` WHERE `status` = 2  [ RunTime:0.0004s ]
INFO: Run Behavior\CronRunBehavior [ RunTime:0.088475s ]
INFO: [ app_begin ] --END-- [ RunTime:0.090523s ]
SQL: SHOW COLUMNS FROM `red_admin` [ RunTime:0.0311s ]
SQL: SELECT `component_access_token`,`component_time` FROM `red_admin` WHERE `id` = 2 LIMIT 1   [ RunTime:0.0003s ]
NOTIC: [8] Undefined variable: token E:\wamp\www\anti\Application\Common\Common\function.php 第 1061 行.
NOTIC: [2] file_get_contents(wx_ticket/ticket.log): failed to open stream: No such file or directory E:\wamp\www\anti\Application\Common\Common\function.php 第 1066 行.
NOTIC: [8] Undefined index: component_access_token E:\wamp\www\anti\Application\Common\Common\function.php 第 1074 行.
NOTIC: [8] Undefined variable: ok E:\wamp\www\anti\Application\Common\Common\function.php 第 1080 行.
NOTIC: [8] Undefined index: pre_auth_code E:\wamp\www\anti\Application\Common\Common\function.php 第 1102 行.
INFO: [ view_parse ] --START--
INFO: [ template_filter ] --START--
INFO: Run Behavior\ContentReplaceBehavior [ RunTime:0.000184s ]
INFO: [ template_filter ] --END-- [ RunTime:0.000314s ]
SQL: SHOW COLUMNS FROM `red_shop` [ RunTime:0.0430s ]
SQL: SELECT `id`,`type`,`name`,`end_time` FROM `red_shop` WHERE `id` = 1 LIMIT 1   [ RunTime:0.0003s ]
SQL: SELECT `id`,`type` FROM `red_shop` WHERE `id` = 1 LIMIT 1   [ RunTime:0.0002s ]
INFO: Run Behavior\ParseTemplateBehavior [ RunTime:0.085005s ]
INFO: [ view_parse ] --END-- [ RunTime:0.085153s ]
INFO: [ view_filter ] --START--
INFO: Run Behavior\WriteHtmlCacheBehavior [ RunTime:0.001228s ]
INFO: [ view_filter ] --END-- [ RunTime:0.001364s ]
INFO: [ app_end ] --START--
INFO: Run Behavior\ShowPageTraceBehavior [ RunTime:0.001482s ]
INFO: [ app_end ] --END-- [ RunTime:0.001620s ]

[ 2018-11-26T11:26:34+08:00 ] 127.0.0.1 /index.php/Shop/weixin/auth
ERR: Cron:cron Runat 2018-11-26 11:26:34 Use 0.090246 s

[ 2018-11-26T11:26:34+08:00 ] 127.0.0.1 /index.php/Shop/weixin/auth
INFO: [ app_init ] --START--
INFO: Run Behavior\BuildLiteBehavior [ RunTime:0.000034s ]
INFO: [ app_init ] --END-- [ RunTime:0.000930s ]
INFO: [ app_begin ] --START--
INFO: Run Behavior\ReadHtmlCacheBehavior [ RunTime:0.001161s ]
SQL: SHOW COLUMNS FROM `red_indent` [ RunTime:0.0673s ]
SQL: SELECT * FROM `red_indent` WHERE `status` = 2  [ RunTime:0.0005s ]
INFO: Run Behavior\CronRunBehavior [ RunTime:0.121753s ]
INFO: [ app_begin ] --END-- [ RunTime:0.123171s ]
SQL: SHOW COLUMNS FROM `red_admin` [ RunTime:0.1371s ]
SQL: SELECT `component_access_token`,`component_time` FROM `red_admin` WHERE `id` = 2 LIMIT 1   [ RunTime:0.0005s ]
NOTIC: [8] Undefined variable: token E:\wamp\www\anti\Application\Common\Common\function.php 第 1061 行.
NOTIC: [2] file_get_contents(wx_ticket/ticket.log): failed to open stream: No such file or directory E:\wamp\www\anti\Application\Common\Common\function.php 第 1066 行.
NOTIC: [8] Undefined index: component_access_token E:\wamp\www\anti\Application\Common\Common\function.php 第 1074 行.
NOTIC: [8] Undefined variable: ok E:\wamp\www\anti\Application\Common\Common\function.php 第 1080 行.
NOTIC: [8] Undefined index: pre_auth_code E:\wamp\www\anti\Application\Common\Common\function.php 第 1102 行.
INFO: [ view_parse ] --START--
INFO: [ template_filter ] --START--
INFO: Run Behavior\ContentReplaceBehavior [ RunTime:0.000188s ]
INFO: [ template_filter ] --END-- [ RunTime:0.000330s ]
SQL: SHOW COLUMNS FROM `red_shop` [ RunTime:0.0479s ]
SQL: SELECT `id`,`type`,`name`,`end_time` FROM `red_shop` WHERE `id` = 1 LIMIT 1   [ RunTime:0.0003s ]
SQL: SELECT `id`,`type` FROM `red_shop` WHERE `id` = 1 LIMIT 1   [ RunTime:0.0009s ]
INFO: Run Behavior\ParseTemplateBehavior [ RunTime:0.080775s ]
INFO: [ view_parse ] --END-- [ RunTime:0.080944s ]
INFO: [ view_filter ] --START--
INFO: Run Behavior\WriteHtmlCacheBehavior [ RunTime:0.001761s ]
INFO: [ view_filter ] --END-- [ RunTime:0.001903s ]
INFO: [ app_end ] --START--
INFO: Run Behavior\ShowPageTraceBehavior [ RunTime:0.001620s ]
INFO: [ app_end ] --END-- [ RunTime:0.001829s ]

[ 2018-11-26T11:26:48+08:00 ] 127.0.0.1 /index.php/Shop/weixin/auth
ERR: Cron:cron Runat 2018-11-26 11:26:48 Use 0.068258 s

[ 2018-11-26T11:26:49+08:00 ] 127.0.0.1 /index.php/Shop/weixin/auth
INFO: [ app_init ] --START--
INFO: Run Behavior\BuildLiteBehavior [ RunTime:0.000033s ]
INFO: [ app_init ] --END-- [ RunTime:0.000923s ]
INFO: [ app_begin ] --START--
INFO: Run Behavior\ReadHtmlCacheBehavior [ RunTime:0.008329s ]
SQL: SHOW COLUMNS FROM `red_indent` [ RunTime:0.0405s ]
SQL: SELECT * FROM `red_indent` WHERE `status` = 2  [ RunTime:0.0008s ]
INFO: Run Behavior\CronRunBehavior [ RunTime:0.097775s ]
INFO: [ app_begin ] --END-- [ RunTime:0.106564s ]
SQL: SHOW COLUMNS FROM `red_admin` [ RunTime:0.0246s ]
SQL: SELECT `component_access_token`,`component_time` FROM `red_admin` WHERE `id` = 2 LIMIT 1   [ RunTime:0.0004s ]
NOTIC: [8] Undefined variable: token E:\wamp\www\anti\Application\Common\Common\function.php 第 1061 行.
NOTIC: [2] file_get_contents(wx_ticket/ticket.log): failed to open stream: No such file or directory E:\wamp\www\anti\Application\Common\Common\function.php 第 1066 行.
NOTIC: [8] Undefined index: component_access_token E:\wamp\www\anti\Application\Common\Common\function.php 第 1074 行.
NOTIC: [8] Undefined variable: ok E:\wamp\www\anti\Application\Common\Common\function.php 第 1080 行.
NOTIC: [8] Undefined index: pre_auth_code E:\wamp\www\anti\Application\Common\Common\function.php 第 1102 行.
INFO: [ view_parse ] --START--
INFO: [ template_filter ] --START--
INFO: Run Behavior\ContentReplaceBehavior [ RunTime:0.000185s ]
INFO: [ template_filter ] --END-- [ RunTime:0.000316s ]
SQL: SHOW COLUMNS FROM `red_shop` [ RunTime:0.0405s ]
SQL: SELECT `id`,`type`,`name`,`end_time` FROM `red_shop` WHERE `id` = 1 LIMIT 1   [ RunTime:0.0003s ]
SQL: SELECT `id`,`type` FROM `red_shop` WHERE `id` = 1 LIMIT 1   [ RunTime:0.0003s ]
INFO: Run Behavior\ParseTemplateBehavior [ RunTime:0.072348s ]
INFO: [ view_parse ] --END-- [ RunTime:0.072494s ]
INFO: [ view_filter ] --START--
INFO: Run Behavior\WriteHtmlCacheBehavior [ RunTime:0.001152s ]
INFO: [ view_filter ] --END-- [ RunTime:0.001292s ]
INFO: [ app_end ] --START--
INFO: Run Behavior\ShowPageTraceBehavior [ RunTime:0.001194s ]
INFO: [ app_end ] --END-- [ RunTime:0.001325s ]

[ 2018-11-26T11:40:59+08:00 ] 127.0.0.1 /index.php/Shop/activity/index
ERR: Cron:cron Runat 2018-11-26 11:40:59 Use 0.100964 s

[ 2018-11-26T11:41:00+08:00 ] 127.0.0.1 /index.php/Shop/activity/index
INFO: [ app_init ] --START--
INFO: Run Behavior\BuildLiteBehavior [ RunTime:0.000033s ]
INFO: [ app_init ] --END-- [ RunTime:0.001392s ]
INFO: [ app_begin ] --START--
INFO: Run Behavior\ReadHtmlCacheBehavior [ RunTime:0.001746s ]
SQL: SHOW COLUMNS FROM `red_indent` [ RunTime:0.0406s ]
SQL: SELECT * FROM `red_indent` WHERE `status` = 2  [ RunTime:0.0005s ]
INFO: Run Behavior\CronRunBehavior [ RunTime:0.139037s ]
INFO: [ app_begin ] --END-- [ RunTime:0.141037s ]
NOTIC: [8] Undefined index: act_status E:\wamp\www\anti\Application\Shop\Controller\ActivityController.class.php 第 8 行.
NOTIC: [8] Undefined index: shenhe_status E:\wamp\www\anti\Application\Shop\Controller\ActivityController.class.php 第 9 行.
NOTIC: [8] Undefined index: key E:\wamp\www\anti\Application\Shop\Controller\ActivityController.class.php 第 10 行.
SQL: SHOW COLUMNS FROM `red_activity` [ RunTime:0.0500s ]
SQL: SELECT COUNT(*) AS tp_count FROM `red_activity` WHERE `shop_id` = 1 LIMIT 1   [ RunTime:0.0381s ]
NOTIC: [8] Undefined index: p E:\wamp\www\anti\Application\Shop\Controller\ActivityController.class.php 第 23 行.
SQL: SELECT * FROM `red_activity` WHERE `shop_id` = 1 ORDER BY id desc LIMIT 0,20   [ RunTime:0.0079s ]
SQL: SHOW COLUMNS FROM `red_code_num` [ RunTime:0.0434s ]
SQL: SELECT * FROM `red_code_num` WHERE `activity_id` = 0 AND `shop_id` = 1  [ RunTime:0.0221s ]
INFO: [ view_parse ] --START--
INFO: [ template_filter ] --START--
INFO: Run Behavior\ContentReplaceBehavior [ RunTime:0.000434s ]
INFO: [ template_filter ] --END-- [ RunTime:0.000598s ]
SQL: SHOW COLUMNS FROM `red_shop` [ RunTime:0.0530s ]
SQL: SELECT `id`,`type`,`name`,`end_time` FROM `red_shop` WHERE `id` = 1 LIMIT 1   [ RunTime:0.0003s ]
SQL: SELECT `id`,`type` FROM `red_shop` WHERE `id` = 1 LIMIT 1   [ RunTime:0.0004s ]
NOTIC: [8] Undefined variable: vo E:\wamp\www\anti\Application\Runtime\Cache\Shop\ec7012c1cf306783cacc78d1cd927d06.php 第 688 行.
NOTIC: [8] Use of undefined constant id - assumed 'id' E:\wamp\www\anti\Application\Runtime\Cache\Shop\ec7012c1cf306783cacc78d1cd927d06.php 第 746 行.
NOTIC: [8] Use of undefined constant picture - assumed 'picture' E:\wamp\www\anti\Application\Runtime\Cache\Shop\ec7012c1cf306783cacc78d1cd927d06.php 第 751 行.
SQL: SHOW COLUMNS FROM `red_get_record` [ RunTime:0.1282s ]
SQL: SELECT * FROM `red_get_record` WHERE `activity_id` = 19 AND `prize_type` IN ('1','2')  [ RunTime:0.0003s ]
NOTIC: [8] Undefined variable: total E:\wamp\www\anti\Application\Common\Common\function.php 第 237 行.
SQL: SHOW COLUMNS FROM `red_activity_prize` [ RunTime:0.0879s ]
SQL: SELECT * FROM `red_activity_prize` WHERE `activity_id` = 19 AND `prize_type` IN ('1','2')  [ RunTime:0.0049s ]
NOTIC: [8] Undefined variable: total1 E:\wamp\www\anti\Application\Common\Common\function.php 第 212 行.
NOTIC: [8] Undefined variable: total2 E:\wamp\www\anti\Application\Common\Common\function.php 第 218 行.
SQL: SHOW COLUMNS FROM `red_code` [ RunTime:0.0848s ]
SQL: SELECT COUNT(*) AS tp_count FROM `red_code` WHERE `status` = 0 AND `activity_id` = 19 LIMIT 1   [ RunTime:0.0007s ]
SQL: SELECT COUNT(*) AS tp_count FROM `red_code` WHERE `activity_id` = 19 LIMIT 1   [ RunTime:0.0011s ]
SQL: SELECT COUNT(*) AS tp_count FROM `red_code` WHERE `status` = 0 AND `activity_id` = 19 LIMIT 1   [ RunTime:0.0135s ]
SQL: SELECT COUNT(*) AS tp_count FROM `red_code` WHERE `activity_id` = 19 LIMIT 1   [ RunTime:0.0006s ]
NOTIC: [8] Use of undefined constant act_status - assumed 'act_status' E:\wamp\www\anti\Application\Runtime\Cache\Shop\ec7012c1cf306783cacc78d1cd927d06.php 第 762 行.
NOTIC: [8] Use of undefined constant act_status - assumed 'act_status' E:\wamp\www\anti\Application\Runtime\Cache\Shop\ec7012c1cf306783cacc78d1cd927d06.php 第 762 行.
NOTIC: [8] Use of undefined constant act_status - assumed 'act_status' E:\wamp\www\anti\Application\Runtime\Cache\Shop\ec7012c1cf306783cacc78d1cd927d06.php 第 764 行.
NOTIC: [8] Use of undefined constant act_status - assumed 'act_status' E:\wamp\www\anti\Application\Runtime\Cache\Shop\ec7012c1cf306783cacc78d1cd927d06.php 第 766 行.
NOTIC: [8] Use of undefined constant id - assumed 'id' E:\wamp\www\anti\Application\Runtime\Cache\Shop\ec7012c1cf306783cacc78d1cd927d06.php 第 746 行.
NOTIC: [8] Use of undefined constant picture - assumed 'picture' E:\wamp\www\anti\Application\Runtime\Cache\Shop\ec7012c1cf306783cacc78d1cd927d06.php 第 751 行.
SQL: SELECT * FROM `red_get_record` WHERE `activity_id` = 18 AND `prize_type` IN ('1','2')  [ RunTime:0.0003s ]
NOTIC: [8] Undefined variable: total E:\wamp\www\anti\Application\Common\Common\function.php 第 237 行.
SQL: SELECT * FROM `red_activity_prize` WHERE `activity_id` = 18 AND `prize_type` IN ('1','2')  [ RunTime:0.0002s ]
NOTIC: [8] Undefined variable: total1 E:\wamp\www\anti\Application\Common\Common\function.php 第 212 行.
NOTIC: [8] Undefined variable: total2 E:\wamp\www\anti\Application\Common\Common\function.php 第 218 行.
SQL: SELECT COUNT(*) AS tp_count FROM `red_code` WHERE `status` = 0 AND `activity_id` = 18 LIMIT 1   [ RunTime:0.0006s ]
SQL: SELECT COUNT(*) AS tp_count FROM `red_code` WHERE `activity_id` = 18 LIMIT 1   [ RunTime:0.0006s ]
SQL: SELECT COUNT(*) AS tp_count FROM `red_code` WHERE `status` = 0 AND `activity_id` = 18 LIMIT 1   [ RunTime:0.0008s ]
SQL: SELECT COUNT(*) AS tp_count FROM `red_code` WHERE `activity_id` = 18 LIMIT 1   [ RunTime:0.0007s ]
NOTIC: [8] Use of undefined constant act_status - assumed 'act_status' E:\wamp\www\anti\Application\Runtime\Cache\Shop\ec7012c1cf306783cacc78d1cd927d06.php 第 762 行.
NOTIC: [8] Use of undefined constant act_status - assumed 'act_status' E:\wamp\www\anti\Application\Runtime\Cache\Shop\ec7012c1cf306783cacc78d1cd927d06.php 第 762 行.
NOTIC: [8] Use of undefined constant act_status - assumed 'act_status' E:\wamp\www\anti\Application\Runtime\Cache\Shop\ec7012c1cf306783cacc78d1cd927d06.php 第 764 行.
NOTIC: [8] Use of undefined constant act_status - assumed 'act_status' E:\wamp\www\anti\Application\Runtime\Cache\Shop\ec7012c1cf306783cacc78d1cd927d06.php 第 766 行.
NOTIC: [8] Use of undefined constant id - assumed 'id' E:\wamp\www\anti\Application\Runtime\Cache\Shop\ec7012c1cf306783cacc78d1cd927d06.php 第 746 行.
NOTIC: [8] Use of undefined constant picture - assumed 'picture' E:\wamp\www\anti\Application\Runtime\Cache\Shop\ec7012c1cf306783cacc78d1cd927d06.php 第 751 行.
SQL: SELECT * FROM `red_get_record` WHERE `activity_id` = 17 AND `prize_type` IN ('1','2')  [ RunTime:0.0003s ]
NOTIC: [8] Undefined variable: total E:\wamp\www\anti\Application\Common\Common\function.php 第 237 行.
SQL: SELECT * FROM `red_activity_prize` WHERE `activity_id` = 17 AND `prize_type` IN ('1','2')  [ RunTime:0.0003s ]
NOTIC: [8] Undefined variable: total1 E:\wamp\www\anti\Application\Common\Common\function.php 第 212 行.
NOTIC: [8] Undefined variable: total2 E:\wamp\www\anti\Application\Common\Common\function.php 第 218 行.
SQL: SELECT COUNT(*) AS tp_count FROM `red_code` WHERE `status` = 0 AND `activity_id` = 17 LIMIT 1   [ RunTime:0.0011s ]
SQL: SELECT COUNT(*) AS tp_count FROM `red_code` WHERE `activity_id` = 17 LIMIT 1   [ RunTime:0.0009s ]
SQL: SELECT COUNT(*) AS tp_count FROM `red_code` WHERE `status` = 0 AND `activity_id` = 17 LIMIT 1   [ RunTime:0.0008s ]
SQL: SELECT COUNT(*) AS tp_count FROM `red_code` WHERE `activity_id` = 17 LIMIT 1   [ RunTime:0.0007s ]
NOTIC: [8] Use of undefined constant act_status - assumed 'act_status' E:\wamp\www\anti\Application\Runtime\Cache\Shop\ec7012c1cf306783cacc78d1cd927d06.php 第 762 行.
NOTIC: [8] Use of undefined constant act_status - assumed 'act_status' E:\wamp\www\anti\Application\Runtime\Cache\Shop\ec7012c1cf306783cacc78d1cd927d06.php 第 762 行.
NOTIC: [8] Use of undefined constant act_status - assumed 'act_status' E:\wamp\www\anti\Application\Runtime\Cache\Shop\ec7012c1cf306783cacc78d1cd927d06.php 第 764 行.
NOTIC: [8] Use of undefined constant act_status - assumed 'act_status' E:\wamp\www\anti\Application\Runtime\Cache\Shop\ec7012c1cf306783cacc78d1cd927d06.php 第 766 行.
NOTIC: [8] Use of undefined constant id - assumed 'id' E:\wamp\www\anti\Application\Runtime\Cache\Shop\ec7012c1cf306783cacc78d1cd927d06.php 第 746 行.
NOTIC: [8] Use of undefined constant picture - assumed 'picture' E:\wamp\www\anti\Application\Runtime\Cache\Shop\ec7012c1cf306783cacc78d1cd927d06.php 第 751 行.
SQL: SELECT * FROM `red_get_record` WHERE `activity_id` = 16 AND `prize_type` IN ('1','2')  [ RunTime:0.0005s ]
NOTIC: [8] Undefined variable: total E:\wamp\www\anti\Application\Common\Common\function.php 第 237 行.
SQL: SELECT * FROM `red_activity_prize` WHERE `activity_id` = 16 AND `prize_type` IN ('1','2')  [ RunTime:0.0005s ]
NOTIC: [8] Undefined variable: total1 E:\wamp\www\anti\Application\Common\Common\function.php 第 212 行.
NOTIC: [8] Undefined variable: total2 E:\wamp\www\anti\Application\Common\Common\function.php 第 218 行.
SQL: SELECT COUNT(*) AS tp_count FROM `red_code` WHERE `status` = 0 AND `activity_id` = 16 LIMIT 1   [ RunTime:0.0007s ]
SQL: SELECT COUNT(*) AS tp_count FROM `red_code` WHERE `activity_id` = 16 LIMIT 1   [ RunTime:0.0005s ]
SQL: SELECT COUNT(*) AS tp_count FROM `red_code` WHERE `status` = 0 AND `activity_id` = 16 LIMIT 1   [ RunTime:0.0006s ]
SQL: SELECT COUNT(*) AS tp_count FROM `red_code` WHERE `activity_id` = 16 LIMIT 1   [ RunTime:0.0005s ]
NOTIC: [2] Division by zero E:\wamp\www\anti\Application\Common\Common\function.php 第 285 行.
NOTIC: [8] Use of undefined constant act_status - assumed 'act_status' E:\wamp\www\anti\Application\Runtime\Cache\Shop\ec7012c1cf306783cacc78d1cd927d06.php 第 762 行.
NOTIC: [8] Use of undefined constant act_status - assumed 'act_status' E:\wamp\www\anti\Application\Runtime\Cache\Shop\ec7012c1cf306783cacc78d1cd927d06.php 第 762 行.
NOTIC: [8] Use of undefined constant act_status - assumed 'act_status' E:\wamp\www\anti\Application\Runtime\Cache\Shop\ec7012c1cf306783cacc78d1cd927d06.php 第 764 行.
NOTIC: [8] Use of undefined constant act_status - assumed 'act_status' E:\wamp\www\anti\Application\Runtime\Cache\Shop\ec7012c1cf306783cacc78d1cd927d06.php 第 766 行.
NOTIC: [8] Use of undefined constant id - assumed 'id' E:\wamp\www\anti\Application\Runtime\Cache\Shop\ec7012c1cf306783cacc78d1cd927d06.php 第 746 行.
NOTIC: [8] Use of undefined constant picture - assumed 'picture' E:\wamp\www\anti\Application\Runtime\Cache\Shop\ec7012c1cf306783cacc78d1cd927d06.php 第 751 行.
SQL: SELECT * FROM `red_get_record` WHERE `activity_id` = 15 AND `prize_type` IN ('1','2')  [ RunTime:0.0003s ]
NOTIC: [8] Undefined variable: total E:\wamp\www\anti\Application\Common\Common\function.php 第 237 行.
SQL: SELECT * FROM `red_activity_prize` WHERE `activity_id` = 15 AND `prize_type` IN ('1','2')  [ RunTime:0.0004s ]
NOTIC: [8] Undefined variable: total1 E:\wamp\www\anti\Application\Common\Common\function.php 第 212 行.
NOTIC: [8] Undefined variable: total2 E:\wamp\www\anti\Application\Common\Common\function.php 第 218 行.
SQL: SELECT COUNT(*) AS tp_count FROM `red_code` WHERE `status` = 0 AND `activity_id` = 15 LIMIT 1   [ RunTime:0.0006s ]
SQL: SELECT COUNT(*) AS tp_count FROM `red_code` WHERE `activity_id` = 15 LIMIT 1   [ RunTime:0.0005s ]
SQL: SELECT COUNT(*) AS tp_count FROM `red_code` WHERE `status` = 0 AND `activity_id` = 15 LIMIT 1   [ RunTime:0.0005s ]
SQL: SELECT COUNT(*) AS tp_count FROM `red_code` WHERE `activity_id` = 15 LIMIT 1   [ RunTime:0.0005s ]
NOTIC: [8] Use of undefined constant act_status - assumed 'act_status' E:\wamp\www\anti\Application\Runtime\Cache\Shop\ec7012c1cf306783cacc78d1cd927d06.php 第 762 行.
NOTIC: [8] Use of undefined constant act_status - assumed 'act_status' E:\wamp\www\anti\Application\Runtime\Cache\Shop\ec7012c1cf306783cacc78d1cd927d06.php 第 762 行.
NOTIC: [8] Use of undefined constant act_status - assumed 'act_status' E:\wamp\www\anti\Application\Runtime\Cache\Shop\ec7012c1cf306783cacc78d1cd927d06.php 第 764 行.
NOTIC: [8] Use of undefined constant act_status - assumed 'act_status' E:\wamp\www\anti\Application\Runtime\Cache\Shop\ec7012c1cf306783cacc78d1cd927d06.php 第 766 行.
NOTIC: [8] Use of undefined constant id - assumed 'id' E:\wamp\www\anti\Application\Runtime\Cache\Shop\ec7012c1cf306783cacc78d1cd927d06.php 第 746 行.
NOTIC: [8] Use of undefined constant picture - assumed 'picture' E:\wamp\www\anti\Application\Runtime\Cache\Shop\ec7012c1cf306783cacc78d1cd927d06.php 第 751 行.
SQL: SELECT * FROM `red_get_record` WHERE `activity_id` = 14 AND `prize_type` IN ('1','2')  [ RunTime:0.0002s ]
NOTIC: [8] Undefined variable: total E:\wamp\www\anti\Application\Common\Common\function.php 第 237 行.
SQL: SELECT * FROM `red_activity_prize` WHERE `activity_id` = 14 AND `prize_type` IN ('1','2')  [ RunTime:0.0003s ]
NOTIC: [8] Undefined variable: total1 E:\wamp\www\anti\Application\Common\Common\function.php 第 212 行.
NOTIC: [8] Undefined variable: total2 E:\wamp\www\anti\Application\Common\Common\function.php 第 218 行.
SQL: SELECT COUNT(*) AS tp_count FROM `red_code` WHERE `status` = 0 AND `activity_id` = 14 LIMIT 1   [ RunTime:0.0008s ]
SQL: SELECT COUNT(*) AS tp_count FROM `red_code` WHERE `activity_id` = 14 LIMIT 1   [ RunTime:0.0005s ]
SQL: SELECT COUNT(*) AS tp_count FROM `red_code` WHERE `status` = 0 AND `activity_id` = 14 LIMIT 1   [ RunTime:0.0006s ]
SQL: SELECT COUNT(*) AS tp_count FROM `red_code` WHERE `activity_id` = 14 LIMIT 1   [ RunTime:0.0005s ]
NOTIC: [2] Division by zero E:\wamp\www\anti\Application\Common\Common\function.php 第 285 行.
NOTIC: [8] Use of undefined constant act_status - assumed 'act_status' E:\wamp\www\anti\Application\Runtime\Cache\Shop\ec7012c1cf306783cacc78d1cd927d06.php 第 762 行.
NOTIC: [8] Use of undefined constant act_status - assumed 'act_status' E:\wamp\www\anti\Application\Runtime\Cache\Shop\ec7012c1cf306783cacc78d1cd927d06.php 第 762 行.
NOTIC: [8] Use of undefined constant act_status - assumed 'act_status' E:\wamp\www\anti\Application\Runtime\Cache\Shop\ec7012c1cf306783cacc78d1cd927d06.php 第 764 行.
NOTIC: [8] Use of undefined constant act_status - assumed 'act_status' E:\wamp\www\anti\Application\Runtime\Cache\Shop\ec7012c1cf306783cacc78d1cd927d06.php 第 766 行.
NOTIC: [8] Use of undefined constant id - assumed 'id' E:\wamp\www\anti\Application\Runtime\Cache\Shop\ec7012c1cf306783cacc78d1cd927d06.php 第 746 行.
NOTIC: [8] Use of undefined constant picture - assumed 'picture' E:\wamp\www\anti\Application\Runtime\Cache\Shop\ec7012c1cf306783cacc78d1cd927d06.php 第 751 行.
SQL: SELECT * FROM `red_get_record` WHERE `activity_id` = 13 AND `prize_type` IN ('1','2')  [ RunTime:0.0003s ]
NOTIC: [8] Undefined variable: total E:\wamp\www\anti\Application\Common\Common\function.php 第 237 行.
SQL: SELECT * FROM `red_activity_prize` WHERE `activity_id` = 13 AND `prize_type` IN ('1','2')  [ RunTime:0.0003s ]
NOTIC: [8] Undefined variable: total2 E:\wamp\www\anti\Application\Common\Common\function.php 第 215 行.
NOTIC: [8] Undefined variable: total1 E:\wamp\www\anti\Application\Common\Common\function.php 第 218 行.
SQL: SELECT COUNT(*) AS tp_count FROM `red_code` WHERE `status` = 0 AND `activity_id` = 13 LIMIT 1   [ RunTime:0.0006s ]
SQL: SELECT COUNT(*) AS tp_count FROM `red_code` WHERE `activity_id` = 13 LIMIT 1   [ RunTime:0.0006s ]
SQL: SELECT COUNT(*) AS tp_count FROM `red_code` WHERE `status` = 0 AND `activity_id` = 13 LIMIT 1   [ RunTime:0.0006s ]
SQL: SELECT COUNT(*) AS tp_count FROM `red_code` WHERE `activity_id` = 13 LIMIT 1   [ RunTime:0.0005s ]
NOTIC: [2] Division by zero E:\wamp\www\anti\Application\Common\Common\function.php 第 285 行.
NOTIC: [8] Use of undefined constant act_status - assumed 'act_status' E:\wamp\www\anti\Application\Runtime\Cache\Shop\ec7012c1cf306783cacc78d1cd927d06.php 第 762 行.
NOTIC: [8] Use of undefined constant act_status - assumed 'act_status' E:\wamp\www\anti\Application\Runtime\Cache\Shop\ec7012c1cf306783cacc78d1cd927d06.php 第 762 行.
NOTIC: [8] Use of undefined constant act_status - assumed 'act_status' E:\wamp\www\anti\Application\Runtime\Cache\Shop\ec7012c1cf306783cacc78d1cd927d06.php 第 764 行.
NOTIC: [8] Use of undefined constant act_status - assumed 'act_status' E:\wamp\www\anti\Application\Runtime\Cache\Shop\ec7012c1cf306783cacc78d1cd927d06.php 第 766 行.
NOTIC: [8] Use of undefined constant id - assumed 'id' E:\wamp\www\anti\Application\Runtime\Cache\Shop\ec7012c1cf306783cacc78d1cd927d06.php 第 746 行.
NOTIC: [8] Use of undefined constant picture - assumed 'picture' E:\wamp\www\anti\Application\Runtime\Cache\Shop\ec7012c1cf306783cacc78d1cd927d06.php 第 751 行.
SQL: SELECT * FROM `red_get_record` WHERE `activity_id` = 12 AND `prize_type` IN ('1','2')  [ RunTime:0.0003s ]
NOTIC: [8] Undefined variable: total E:\wamp\www\anti\Application\Common\Common\function.php 第 237 行.
SQL: SELECT * FROM `red_activity_prize` WHERE `activity_id` = 12 AND `prize_type` IN ('1','2')  [ RunTime:0.0006s ]
NOTIC: [8] Undefined variable: total2 E:\wamp\www\anti\Application\Common\Common\function.php 第 215 行.
NOTIC: [8] Undefined variable: total1 E:\wamp\www\anti\Application\Common\Common\function.php 第 218 行.
SQL: SELECT COUNT(*) AS tp_count FROM `red_code` WHERE `status` = 0 AND `activity_id` = 12 LIMIT 1   [ RunTime:0.0007s ]
SQL: SELECT COUNT(*) AS tp_count FROM `red_code` WHERE `activity_id` = 12 LIMIT 1   [ RunTime:0.0005s ]
SQL: SELECT COUNT(*) AS tp_count FROM `red_code` WHERE `status` = 0 AND `activity_id` = 12 LIMIT 1   [ RunTime:0.0005s ]
SQL: SELECT COUNT(*) AS tp_count FROM `red_code` WHERE `activity_id` = 12 LIMIT 1   [ RunTime:0.0005s ]
NOTIC: [2] Division by zero E:\wamp\www\anti\Application\Common\Common\function.php 第 285 行.
NOTIC: [8] Use of undefined constant act_status - assumed 'act_status' E:\wamp\www\anti\Application\Runtime\Cache\Shop\ec7012c1cf306783cacc78d1cd927d06.php 第 762 行.
NOTIC: [8] Use of undefined constant act_status - assumed 'act_status' E:\wamp\www\anti\Application\Runtime\Cache\Shop\ec7012c1cf306783cacc78d1cd927d06.php 第 762 行.
NOTIC: [8] Use of undefined constant act_status - assumed 'act_status' E:\wamp\www\anti\Application\Runtime\Cache\Shop\ec7012c1cf306783cacc78d1cd927d06.php 第 764 行.
NOTIC: [8] Use of undefined constant act_status - assumed 'act_status' E:\wamp\www\anti\Application\Runtime\Cache\Shop\ec7012c1cf306783cacc78d1cd927d06.php 第 766 行.
NOTIC: [8] Use of undefined constant id - assumed 'id' E:\wamp\www\anti\Application\Runtime\Cache\Shop\ec7012c1cf306783cacc78d1cd927d06.php 第 746 行.
NOTIC: [8] Use of undefined constant picture - assumed 'picture' E:\wamp\www\anti\Application\Runtime\Cache\Shop\ec7012c1cf306783cacc78d1cd927d06.php 第 751 行.
SQL: SELECT * FROM `red_get_record` WHERE `activity_id` = 11 AND `prize_type` IN ('1','2')  [ RunTime:0.0002s ]
NOTIC: [8] Undefined variable: total E:\wamp\www\anti\Application\Common\Common\function.php 第 237 行.
SQL: SELECT * FROM `red_activity_prize` WHERE `activity_id` = 11 AND `prize_type` IN ('1','2')  [ RunTime:0.0002s ]
NOTIC: [8] Undefined variable: total1 E:\wamp\www\anti\Application\Common\Common\function.php 第 212 行.
NOTIC: [8] Undefined variable: total2 E:\wamp\www\anti\Application\Common\Common\function.php 第 215 行.
SQL: SELECT COUNT(*) AS tp_count FROM `red_code` WHERE `status` = 0 AND `activity_id` = 11 LIMIT 1   [ RunTime:0.0006s ]
SQL: SELECT COUNT(*) AS tp_count FROM `red_code` WHERE `activity_id` = 11 LIMIT 1   [ RunTime:0.0005s ]
SQL: SELECT COUNT(*) AS tp_count FROM `red_code` WHERE `status` = 0 AND `activity_id` = 11 LIMIT 1   [ RunTime:0.0005s ]
SQL: SELECT COUNT(*) AS tp_count FROM `red_code` WHERE `activity_id` = 11 LIMIT 1   [ RunTime:0.0005s ]
NOTIC: [2] Division by zero E:\wamp\www\anti\Application\Common\Common\function.php 第 285 行.
NOTIC: [8] Use of undefined constant act_status - assumed 'act_status' E:\wamp\www\anti\Application\Runtime\Cache\Shop\ec7012c1cf306783cacc78d1cd927d06.php 第 762 行.
NOTIC: [8] Use of undefined constant act_status - assumed 'act_status' E:\wamp\www\anti\Application\Runtime\Cache\Shop\ec7012c1cf306783cacc78d1cd927d06.php 第 762 行.
NOTIC: [8] Use of undefined constant act_status - assumed 'act_status' E:\wamp\www\anti\Application\Runtime\Cache\Shop\ec7012c1cf306783cacc78d1cd927d06.php 第 764 行.
NOTIC: [8] Use of undefined constant act_status - assumed 'act_status' E:\wamp\www\anti\Application\Runtime\Cache\Shop\ec7012c1cf306783cacc78d1cd927d06.php 第 766 行.
SQL: SELECT COUNT(*) AS tp_count FROM `red_code` WHERE `code_num_id` = 11 LIMIT 1   [ RunTime:0.0007s ]
SQL: SELECT COUNT(*) AS tp_count FROM `red_code` WHERE `code_num_id` = 17 LIMIT 1   [ RunTime:0.0006s ]
SQL: SELECT COUNT(*) AS tp_count FROM `red_code` WHERE `code_num_id` = 19 LIMIT 1   [ RunTime:0.0005s ]
SQL: SELECT COUNT(*) AS tp_count FROM `red_code` WHERE `code_num_id` = 20 LIMIT 1   [ RunTime:0.0005s ]
SQL: SELECT COUNT(*) AS tp_count FROM `red_code` WHERE `code_num_id` = 21 LIMIT 1   [ RunTime:0.0005s ]
SQL: SELECT COUNT(*) AS tp_count FROM `red_code` WHERE `code_num_id` = 22 LIMIT 1   [ RunTime:0.0005s ]
SQL: SELECT COUNT(*) AS tp_count FROM `red_code` WHERE `code_num_id` = 23 LIMIT 1   [ RunTime:0.0005s ]
SQL: SELECT COUNT(*) AS tp_count FROM `red_code` WHERE `code_num_id` = 24 LIMIT 1   [ RunTime:0.0005s ]
NOTIC: [8] Undefined variable: code_page E:\wamp\www\anti\Application\Runtime\Cache\Shop\ec7012c1cf306783cacc78d1cd927d06.php 第 951 行.
SQL: SELECT COUNT(*) AS tp_count FROM `red_get_record` WHERE `activity_id` = 19 LIMIT 1   [ RunTime:0.0004s ]
SQL: SELECT COUNT(*) AS tp_count FROM `red_activity_prize` WHERE `activity_id` = 19 LIMIT 1   [ RunTime:0.0003s ]
SQL: SELECT * FROM `red_get_record` WHERE `activity_id` = 19 AND `prize_type` IN ('1','2')  [ RunTime:0.0002s ]
NOTIC: [8] Undefined variable: total E:\wamp\www\anti\Application\Common\Common\function.php 第 237 行.
SQL: SELECT * FROM `red_activity_prize` WHERE `activity_id` = 19 AND `prize_type` IN ('1','2')  [ RunTime:0.0004s ]
NOTIC: [8] Undefined variable: total1 E:\wamp\www\anti\Application\Common\Common\function.php 第 212 行.
NOTIC: [8] Undefined variable: total2 E:\wamp\www\anti\Application\Common\Common\function.php 第 218 行.
SQL: SELECT COUNT(*) AS tp_count FROM `red_code` WHERE `status` = 0 AND `activity_id` = 19 LIMIT 1   [ RunTime:0.0006s ]
SQL: SELECT COUNT(*) AS tp_count FROM `red_code` WHERE `activity_id` = 19 LIMIT 1   [ RunTime:0.0005s ]
NOTIC: [8] Use of undefined constant condition - assumed 'condition' E:\wamp\www\anti\Application\Runtime\Cache\Shop\ec7012c1cf306783cacc78d1cd927d06.php 第 1215 行.
SQL: SELECT COUNT(*) AS tp_count FROM `red_get_record` WHERE `activity_id` = 18 LIMIT 1   [ RunTime:0.0002s ]
SQL: SELECT COUNT(*) AS tp_count FROM `red_activity_prize` WHERE `activity_id` = 18 LIMIT 1   [ RunTime:0.0002s ]
SQL: SELECT * FROM `red_get_record` WHERE `activity_id` = 18 AND `prize_type` IN ('1','2')  [ RunTime:0.0002s ]
NOTIC: [8] Undefined variable: total E:\wamp\www\anti\Application\Common\Common\function.php 第 237 行.
SQL: SELECT * FROM `red_activity_prize` WHERE `activity_id` = 18 AND `prize_type` IN ('1','2')  [ RunTime:0.0002s ]
NOTIC: [8] Undefined variable: total1 E:\wamp\www\anti\Application\Common\Common\function.php 第 212 行.
NOTIC: [8] Undefined variable: total2 E:\wamp\www\anti\Application\Common\Common\function.php 第 218 行.
SQL: SELECT COUNT(*) AS tp_count FROM `red_code` WHERE `status` = 0 AND `activity_id` = 18 LIMIT 1   [ RunTime:0.0008s ]
SQL: SELECT COUNT(*) AS tp_count FROM `red_code` WHERE `activity_id` = 18 LIMIT 1   [ RunTime:0.0008s ]
NOTIC: [8] Use of undefined constant condition - assumed 'condition' E:\wamp\www\anti\Application\Runtime\Cache\Shop\ec7012c1cf306783cacc78d1cd927d06.php 第 1215 行.
SQL: SELECT COUNT(*) AS tp_count FROM `red_get_record` WHERE `activity_id` = 17 LIMIT 1   [ RunTime:0.0004s ]
SQL: SELECT COUNT(*) AS tp_count FROM `red_activity_prize` WHERE `activity_id` = 17 LIMIT 1   [ RunTime:0.0005s ]
SQL: SELECT * FROM `red_get_record` WHERE `activity_id` = 17 AND `prize_type` IN ('1','2')  [ RunTime:0.0004s ]
NOTIC: [8] Undefined variable: total E:\wamp\www\anti\Application\Common\Common\function.php 第 237 行.
SQL: SELECT * FROM `red_activity_prize` WHERE `activity_id` = 17 AND `prize_type` IN ('1','2')  [ RunTime:0.0003s ]
NOTIC: [8] Undefined variable: total1 E:\wamp\www\anti\Application\Common\Common\function.php 第 212 行.
NOTIC: [8] Undefined variable: total2 E:\wamp\www\anti\Application\Common\Common\function.php 第 218 行.
SQL: SELECT COUNT(*) AS tp_count FROM `red_code` WHERE `status` = 0 AND `activity_id` = 17 LIMIT 1   [ RunTime:0.0006s ]
SQL: SELECT COUNT(*) AS tp_count FROM `red_code` WHERE `activity_id` = 17 LIMIT 1   [ RunTime:0.0005s ]
NOTIC: [8] Use of undefined constant condition - assumed 'condition' E:\wamp\www\anti\Application\Runtime\Cache\Shop\ec7012c1cf306783cacc78d1cd927d06.php 第 1215 行.
SQL: SELECT COUNT(*) AS tp_count FROM `red_get_record` WHERE `activity_id` = 16 LIMIT 1   [ RunTime:0.0002s ]
SQL: SELECT COUNT(*) AS tp_count FROM `red_activity_prize` WHERE `activity_id` = 16 LIMIT 1   [ RunTime:0.0002s ]
SQL: SELECT * FROM `red_get_record` WHERE `activity_id` = 16 AND `prize_type` IN ('1','2')  [ RunTime:0.0002s ]
NOTIC: [8] Undefined variable: total E:\wamp\www\anti\Application\Common\Common\function.php 第 237 行.
SQL: SELECT * FROM `red_activity_prize` WHERE `activity_id` = 16 AND `prize_type` IN ('1','2')  [ RunTime:0.0003s ]
NOTIC: [8] Undefined variable: total1 E:\wamp\www\anti\Application\Common\Common\function.php 第 212 行.
NOTIC: [8] Undefined variable: total2 E:\wamp\www\anti\Application\Common\Common\function.php 第 218 行.
SQL: SELECT COUNT(*) AS tp_count FROM `red_code` WHERE `status` = 0 AND `activity_id` = 16 LIMIT 1   [ RunTime:0.0005s ]
SQL: SELECT COUNT(*) AS tp_count FROM `red_code` WHERE `activity_id` = 16 LIMIT 1   [ RunTime:0.0005s ]
NOTIC: [2] Division by zero E:\wamp\www\anti\Application\Common\Common\function.php 第 285 行.
NOTIC: [8] Use of undefined constant condition - assumed 'condition' E:\wamp\www\anti\Application\Runtime\Cache\Shop\ec7012c1cf306783cacc78d1cd927d06.php 第 1215 行.
SQL: SELECT COUNT(*) AS tp_count FROM `red_get_record` WHERE `activity_id` = 15 LIMIT 1   [ RunTime:0.0005s ]
SQL: SELECT COUNT(*) AS tp_count FROM `red_activity_prize` WHERE `activity_id` = 15 LIMIT 1   [ RunTime:0.0002s ]
SQL: SELECT * FROM `red_get_record` WHERE `activity_id` = 15 AND `prize_type` IN ('1','2')  [ RunTime:0.0003s ]
NOTIC: [8] Undefined variable: total E:\wamp\www\anti\Application\Common\Common\function.php 第 237 行.
SQL: SELECT * FROM `red_activity_prize` WHERE `activity_id` = 15 AND `prize_type` IN ('1','2')  [ RunTime:0.0003s ]
NOTIC: [8] Undefined variable: total1 E:\wamp\www\anti\Application\Common\Common\function.php 第 212 行.
NOTIC: [8] Undefined variable: total2 E:\wamp\www\anti\Application\Common\Common\function.php 第 218 行.
SQL: SELECT COUNT(*) AS tp_count FROM `red_code` WHERE `status` = 0 AND `activity_id` = 15 LIMIT 1   [ RunTime:0.0008s ]
SQL: SELECT COUNT(*) AS tp_count FROM `red_code` WHERE `activity_id` = 15 LIMIT 1   [ RunTime:0.0006s ]
NOTIC: [8] Use of undefined constant condition - assumed 'condition' E:\wamp\www\anti\Application\Runtime\Cache\Shop\ec7012c1cf306783cacc78d1cd927d06.php 第 1215 行.
SQL: SHOW COLUMNS FROM `red_share_data` [ RunTime:0.0427s ]
SQL: SELECT * FROM `red_share_data` WHERE `activity_id` = 15 LIMIT 1   [ RunTime:0.0004s ]
SQL: SELECT * FROM `red_share_data` WHERE `activity_id` = 15 LIMIT 1   [ RunTime:0.0003s ]
SQL: SELECT * FROM `red_share_data` WHERE `activity_id` = 15 LIMIT 1   [ RunTime:0.0004s ]
SQL: SELECT COUNT(*) AS tp_count FROM `red_get_record` WHERE `activity_id` = 14 LIMIT 1   [ RunTime:0.0003s ]
SQL: SELECT COUNT(*) AS tp_count FROM `red_activity_prize` WHERE `activity_id` = 14 LIMIT 1   [ RunTime:0.0007s ]
SQL: SELECT * FROM `red_get_record` WHERE `activity_id` = 14 AND `prize_type` IN ('1','2')  [ RunTime:0.0004s ]
NOTIC: [8] Undefined variable: total E:\wamp\www\anti\Application\Common\Common\function.php 第 237 行.
SQL: SELECT * FROM `red_activity_prize` WHERE `activity_id` = 14 AND `prize_type` IN ('1','2')  [ RunTime:0.0003s ]
NOTIC: [8] Undefined variable: total1 E:\wamp\www\anti\Application\Common\Common\function.php 第 212 行.
NOTIC: [8] Undefined variable: total2 E:\wamp\www\anti\Application\Common\Common\function.php 第 218 行.
SQL: SELECT COUNT(*) AS tp_count FROM `red_code` WHERE `status` = 0 AND `activity_id` = 14 LIMIT 1   [ RunTime:0.0006s ]
SQL: SELECT COUNT(*) AS tp_count FROM `red_code` WHERE `activity_id` = 14 LIMIT 1   [ RunTime:0.0005s ]
NOTIC: [2] Division by zero E:\wamp\www\anti\Application\Common\Common\function.php 第 285 行.
NOTIC: [8] Use of undefined constant condition - assumed 'condition' E:\wamp\www\anti\Application\Runtime\Cache\Shop\ec7012c1cf306783cacc78d1cd927d06.php 第 1215 行.
SQL: SELECT * FROM `red_share_data` WHERE `activity_id` = 14 LIMIT 1   [ RunTime:0.0003s ]
SQL: SELECT * FROM `red_share_data` WHERE `activity_id` = 14 LIMIT 1   [ RunTime:0.0002s ]
SQL: SELECT * FROM `red_share_data` WHERE `activity_id` = 14 LIMIT 1   [ RunTime:0.0002s ]
SQL: SELECT COUNT(*) AS tp_count FROM `red_get_record` WHERE `activity_id` = 13 LIMIT 1   [ RunTime:0.0002s ]
SQL: SELECT COUNT(*) AS tp_count FROM `red_activity_prize` WHERE `activity_id` = 13 LIMIT 1   [ RunTime:0.0002s ]
SQL: SELECT * FROM `red_get_record` WHERE `activity_id` = 13 AND `prize_type` IN ('1','2')  [ RunTime:0.0003s ]
NOTIC: [8] Undefined variable: total E:\wamp\www\anti\Application\Common\Common\function.php 第 237 行.
SQL: SELECT * FROM `red_activity_prize` WHERE `activity_id` = 13 AND `prize_type` IN ('1','2')  [ RunTime:0.0003s ]
NOTIC: [8] Undefined variable: total2 E:\wamp\www\anti\Application\Common\Common\function.php 第 215 行.
NOTIC: [8] Undefined variable: total1 E:\wamp\www\anti\Application\Common\Common\function.php 第 218 行.
SQL: SELECT COUNT(*) AS tp_count FROM `red_code` WHERE `status` = 0 AND `activity_id` = 13 LIMIT 1   [ RunTime:0.0006s ]
SQL: SELECT COUNT(*) AS tp_count FROM `red_code` WHERE `activity_id` = 13 LIMIT 1   [ RunTime:0.0005s ]
NOTIC: [2] Division by zero E:\wamp\www\anti\Application\Common\Common\function.php 第 285 行.
NOTIC: [8] Use of undefined constant condition - assumed 'condition' E:\wamp\www\anti\Application\Runtime\Cache\Shop\ec7012c1cf306783cacc78d1cd927d06.php 第 1215 行.
SQL: SELECT COUNT(*) AS tp_count FROM `red_get_record` WHERE `activity_id` = 12 LIMIT 1   [ RunTime:0.0002s ]
SQL: SELECT COUNT(*) AS tp_count FROM `red_activity_prize` WHERE `activity_id` = 12 LIMIT 1   [ RunTime:0.0004s ]
SQL: SELECT * FROM `red_get_record` WHERE `activity_id` = 12 AND `prize_type` IN ('1','2')  [ RunTime:0.0005s ]
NOTIC: [8] Undefined variable: total E:\wamp\www\anti\Application\Common\Common\function.php 第 237 行.
SQL: SELECT * FROM `red_activity_prize` WHERE `activity_id` = 12 AND `prize_type` IN ('1','2')  [ RunTime:0.0003s ]
NOTIC: [8] Undefined variable: total2 E:\wamp\www\anti\Application\Common\Common\function.php 第 215 行.
NOTIC: [8] Undefined variable: total1 E:\wamp\www\anti\Application\Common\Common\function.php 第 218 行.
SQL: SELECT COUNT(*) AS tp_count FROM `red_code` WHERE `status` = 0 AND `activity_id` = 12 LIMIT 1   [ RunTime:0.0007s ]
SQL: SELECT COUNT(*) AS tp_count FROM `red_code` WHERE `activity_id` = 12 LIMIT 1   [ RunTime:0.0009s ]
NOTIC: [2] Division by zero E:\wamp\www\anti\Application\Common\Common\function.php 第 285 行.
NOTIC: [8] Use of undefined constant condition - assumed 'condition' E:\wamp\www\anti\Application\Runtime\Cache\Shop\ec7012c1cf306783cacc78d1cd927d06.php 第 1215 行.
SQL: SELECT COUNT(*) AS tp_count FROM `red_get_record` WHERE `activity_id` = 11 LIMIT 1   [ RunTime:0.0002s ]
SQL: SELECT COUNT(*) AS tp_count FROM `red_activity_prize` WHERE `activity_id` = 11 LIMIT 1   [ RunTime:0.0002s ]
SQL: SELECT * FROM `red_get_record` WHERE `activity_id` = 11 AND `prize_type` IN ('1','2')  [ RunTime:0.0002s ]
NOTIC: [8] Undefined variable: total E:\wamp\www\anti\Application\Common\Common\function.php 第 237 行.
SQL: SELECT * FROM `red_activity_prize` WHERE `activity_id` = 11 AND `prize_type` IN ('1','2')  [ RunTime:0.0002s ]
NOTIC: [8] Undefined variable: total1 E:\wamp\www\anti\Application\Common\Common\function.php 第 212 行.
NOTIC: [8] Undefined variable: total2 E:\wamp\www\anti\Application\Common\Common\function.php 第 215 行.
SQL: SELECT COUNT(*) AS tp_count FROM `red_code` WHERE `status` = 0 AND `activity_id` = 11 LIMIT 1   [ RunTime:0.0005s ]
SQL: SELECT COUNT(*) AS tp_count FROM `red_code` WHERE `activity_id` = 11 LIMIT 1   [ RunTime:0.0005s ]
NOTIC: [2] Division by zero E:\wamp\www\anti\Application\Common\Common\function.php 第 285 行.
NOTIC: [8] Use of undefined constant condition - assumed 'condition' E:\wamp\www\anti\Application\Runtime\Cache\Shop\ec7012c1cf306783cacc78d1cd927d06.php 第 1215 行.
INFO: Run Behavior\ParseTemplateBehavior [ RunTime:0.718217s ]
INFO: [ view_parse ] --END-- [ RunTime:0.718356s ]
INFO: [ view_filter ] --START--
INFO: Run Behavior\WriteHtmlCacheBehavior [ RunTime:0.018290s ]
INFO: [ view_filter ] --END-- [ RunTime:0.018424s ]
INFO: [ app_end ] --START--
INFO: Run Behavior\ShowPageTraceBehavior [ RunTime:0.038327s ]
INFO: [ app_end ] --END-- [ RunTime:0.038494s ]

[ 2018-11-26T14:18:02+08:00 ] 127.0.0.1 /index.php/Shop/weixin/auth
ERR: Cron:cron Runat 2018-11-26 14:18:02 Use 0.508540 s

[ 2018-11-26T14:18:05+08:00 ] 127.0.0.1 /index.php/Shop/weixin/auth
INFO: [ app_init ] --START--
INFO: Run Behavior\BuildLiteBehavior [ RunTime:0.000033s ]
INFO: [ app_init ] --END-- [ RunTime:0.018991s ]
INFO: [ app_begin ] --START--
INFO: Run Behavior\ReadHtmlCacheBehavior [ RunTime:0.002124s ]
SQL: SHOW COLUMNS FROM `red_indent` [ RunTime:0.1376s ]
SQL: SELECT * FROM `red_indent` WHERE `status` = 2  [ RunTime:0.0445s ]
INFO: Run Behavior\CronRunBehavior [ RunTime:0.746156s ]
INFO: [ app_begin ] --END-- [ RunTime:0.748551s ]
SQL: SHOW COLUMNS FROM `red_admin` [ RunTime:0.0464s ]
SQL: SELECT `component_access_token`,`component_time` FROM `red_admin` WHERE `id` = 2 LIMIT 1   [ RunTime:0.0005s ]
NOTIC: [8] Undefined variable: token E:\wamp\www\anti\Application\Common\Common\function.php 第 1061 行.
NOTIC: [2] file_get_contents(wx_ticket/ticket.log): failed to open stream: No such file or directory E:\wamp\www\anti\Application\Common\Common\function.php 第 1066 行.
NOTIC: [8] Undefined index: component_access_token E:\wamp\www\anti\Application\Common\Common\function.php 第 1074 行.
NOTIC: [8] Undefined variable: ok E:\wamp\www\anti\Application\Common\Common\function.php 第 1080 行.
NOTIC: [8] Undefined index: pre_auth_code E:\wamp\www\anti\Application\Common\Common\function.php 第 1102 行.
INFO: [ view_parse ] --START--
INFO: [ template_filter ] --START--
INFO: Run Behavior\ContentReplaceBehavior [ RunTime:0.000187s ]
INFO: [ template_filter ] --END-- [ RunTime:0.000331s ]
SQL: SHOW COLUMNS FROM `red_shop` [ RunTime:0.0426s ]
SQL: SELECT `id`,`type`,`name`,`end_time` FROM `red_shop` WHERE `id` = 1 LIMIT 1   [ RunTime:0.0006s ]
SQL: SELECT `id`,`type` FROM `red_shop` WHERE `id` = 1 LIMIT 1   [ RunTime:0.0004s ]
NOTIC: [8] Undefined variable: auth E:\wamp\www\anti\Application\Runtime\Cache\Shop\97cb28238b09acd0a342e30aa860942a.php 第 702 行.
INFO: Run Behavior\ParseTemplateBehavior [ RunTime:0.201560s ]
INFO: [ view_parse ] --END-- [ RunTime:0.201711s ]
INFO: [ view_filter ] --START--
INFO: Run Behavior\WriteHtmlCacheBehavior [ RunTime:0.027822s ]
INFO: [ view_filter ] --END-- [ RunTime:0.027960s ]
INFO: [ app_end ] --START--
INFO: Run Behavior\ShowPageTraceBehavior [ RunTime:0.002315s ]
INFO: [ app_end ] --END-- [ RunTime:0.002450s ]

[ 2018-11-26T14:18:31+08:00 ] 127.0.0.1 /index.php/Shop/weixin/auth
ERR: Cron:cron Runat 2018-11-26 14:18:31 Use 0.172825 s

[ 2018-11-26T14:18:32+08:00 ] 127.0.0.1 /index.php/Shop/weixin/auth
INFO: [ app_init ] --START--
INFO: Run Behavior\BuildLiteBehavior [ RunTime:0.000115s ]
INFO: [ app_init ] --END-- [ RunTime:0.002779s ]
INFO: [ app_begin ] --START--
INFO: Run Behavior\ReadHtmlCacheBehavior [ RunTime:0.001232s ]
SQL: SHOW COLUMNS FROM `red_indent` [ RunTime:0.1266s ]
SQL: SELECT * FROM `red_indent` WHERE `status` = 2  [ RunTime:0.0004s ]
INFO: Run Behavior\CronRunBehavior [ RunTime:0.244411s ]
INFO: [ app_begin ] --END-- [ RunTime:0.245896s ]
SQL: SHOW COLUMNS FROM `red_admin` [ RunTime:0.0465s ]
SQL: SELECT `component_access_token`,`component_time` FROM `red_admin` WHERE `id` = 2 LIMIT 1   [ RunTime:0.0005s ]
NOTIC: [8] Undefined variable: token E:\wamp\www\anti\Application\Common\Common\function.php 第 1061 行.
NOTIC: [2] file_get_contents(wx_ticket/ticket.log): failed to open stream: No such file or directory E:\wamp\www\anti\Application\Common\Common\function.php 第 1066 行.
NOTIC: [8] Undefined index: component_access_token E:\wamp\www\anti\Application\Common\Common\function.php 第 1074 行.
NOTIC: [8] Undefined variable: ok E:\wamp\www\anti\Application\Common\Common\function.php 第 1080 行.
NOTIC: [8] Undefined index: pre_auth_code E:\wamp\www\anti\Application\Common\Common\function.php 第 1102 行.
INFO: [ view_parse ] --START--
INFO: [ template_filter ] --START--
INFO: Run Behavior\ContentReplaceBehavior [ RunTime:0.000185s ]
INFO: [ template_filter ] --END-- [ RunTime:0.000319s ]
SQL: SHOW COLUMNS FROM `red_shop` [ RunTime:0.0497s ]
SQL: SELECT `id`,`type`,`name`,`end_time` FROM `red_shop` WHERE `id` = 1 LIMIT 1   [ RunTime:0.0004s ]
SQL: SELECT `id`,`type` FROM `red_shop` WHERE `id` = 1 LIMIT 1   [ RunTime:0.0004s ]
NOTIC: [8] Undefined variable: auth E:\wamp\www\anti\Application\Runtime\Cache\Shop\97cb28238b09acd0a342e30aa860942a.php 第 702 行.
INFO: Run Behavior\ParseTemplateBehavior [ RunTime:0.097401s ]
INFO: [ view_parse ] --END-- [ RunTime:0.097548s ]
INFO: [ view_filter ] --START--
INFO: Run Behavior\WriteHtmlCacheBehavior [ RunTime:0.001636s ]
INFO: [ view_filter ] --END-- [ RunTime:0.001781s ]
INFO: [ app_end ] --START--
INFO: Run Behavior\ShowPageTraceBehavior [ RunTime:0.001359s ]
INFO: [ app_end ] --END-- [ RunTime:0.001495s ]

[ 2018-11-26T14:19:00+08:00 ] 127.0.0.1 /index.php/Shop/weixin/auth
ERR: Cron:cron Runat 2018-11-26 14:19:00 Use 0.125726 s

[ 2018-11-26T14:19:00+08:00 ] 127.0.0.1 /index.php/Shop/weixin/auth
INFO: [ app_init ] --START--
INFO: Run Behavior\BuildLiteBehavior [ RunTime:0.000035s ]
INFO: [ app_init ] --END-- [ RunTime:0.001736s ]
INFO: [ app_begin ] --START--
INFO: Run Behavior\ReadHtmlCacheBehavior [ RunTime:0.002005s ]
SQL: SHOW COLUMNS FROM `red_indent` [ RunTime:0.1001s ]
SQL: SELECT * FROM `red_indent` WHERE `status` = 2  [ RunTime:0.0005s ]
INFO: Run Behavior\CronRunBehavior [ RunTime:0.180009s ]
INFO: [ app_begin ] --END-- [ RunTime:0.182262s ]
SQL: SHOW COLUMNS FROM `red_admin` [ RunTime:0.0446s ]
SQL: SELECT `component_access_token`,`component_time` FROM `red_admin` WHERE `id` = 2 LIMIT 1   [ RunTime:0.0003s ]
NOTIC: [8] Undefined variable: token E:\wamp\www\anti\Application\Common\Common\function.php 第 1061 行.
NOTIC: [2] file_get_contents(wx_ticket/ticket.log): failed to open stream: No such file or directory E:\wamp\www\anti\Application\Common\Common\function.php 第 1066 行.
NOTIC: [8] Undefined index: component_access_token E:\wamp\www\anti\Application\Common\Common\function.php 第 1074 行.
NOTIC: [8] Undefined variable: ok E:\wamp\www\anti\Application\Common\Common\function.php 第 1080 行.
NOTIC: [8] Undefined index: pre_auth_code E:\wamp\www\anti\Application\Common\Common\function.php 第 1102 行.
INFO: [ view_parse ] --START--
INFO: [ template_filter ] --START--
INFO: Run Behavior\ContentReplaceBehavior [ RunTime:0.000277s ]
INFO: [ template_filter ] --END-- [ RunTime:0.000571s ]
SQL: SHOW COLUMNS FROM `red_shop` [ RunTime:0.0484s ]
SQL: SELECT `id`,`type`,`name`,`end_time` FROM `red_shop` WHERE `id` = 1 LIMIT 1   [ RunTime:0.0004s ]
SQL: SELECT `id`,`type` FROM `red_shop` WHERE `id` = 1 LIMIT 1   [ RunTime:0.0003s ]
NOTIC: [8] Undefined variable: auth E:\wamp\www\anti\Application\Runtime\Cache\Shop\97cb28238b09acd0a342e30aa860942a.php 第 702 行.
INFO: Run Behavior\ParseTemplateBehavior [ RunTime:0.084676s ]
INFO: [ view_parse ] --END-- [ RunTime:0.084875s ]
INFO: [ view_filter ] --START--
INFO: Run Behavior\WriteHtmlCacheBehavior [ RunTime:0.001204s ]
INFO: [ view_filter ] --END-- [ RunTime:0.001357s ]
INFO: [ app_end ] --START--
INFO: Run Behavior\ShowPageTraceBehavior [ RunTime:0.001217s ]
INFO: [ app_end ] --END-- [ RunTime:0.001347s ]

[ 2018-11-26T14:19:22+08:00 ] 127.0.0.1 /index.php/Shop/weixin/auth
ERR: Cron:cron Runat 2018-11-26 14:19:22 Use 0.093089 s

[ 2018-11-26T14:19:22+08:00 ] 127.0.0.1 /index.php/Shop/weixin/auth
INFO: [ app_init ] --START--
INFO: Run Behavior\BuildLiteBehavior [ RunTime:0.000038s ]
INFO: [ app_init ] --END-- [ RunTime:0.001600s ]
INFO: [ app_begin ] --START--
INFO: Run Behavior\ReadHtmlCacheBehavior [ RunTime:0.002977s ]
SQL: SHOW COLUMNS FROM `red_indent` [ RunTime:0.0685s ]
SQL: SELECT * FROM `red_indent` WHERE `status` = 2  [ RunTime:0.0004s ]
INFO: Run Behavior\CronRunBehavior [ RunTime:0.129180s ]
INFO: [ app_begin ] --END-- [ RunTime:0.132442s ]
SQL: SHOW COLUMNS FROM `red_admin` [ RunTime:0.0686s ]
SQL: SELECT `component_access_token`,`component_time` FROM `red_admin` WHERE `id` = 2 LIMIT 1   [ RunTime:0.0004s ]
NOTIC: [8] Undefined variable: token E:\wamp\www\anti\Application\Common\Common\function.php 第 1061 行.
NOTIC: [2] file_get_contents(wx_ticket/ticket.log): failed to open stream: No such file or directory E:\wamp\www\anti\Application\Common\Common\function.php 第 1066 行.
NOTIC: [8] Undefined index: component_access_token E:\wamp\www\anti\Application\Common\Common\function.php 第 1074 行.
NOTIC: [8] Undefined variable: ok E:\wamp\www\anti\Application\Common\Common\function.php 第 1080 行.
NOTIC: [8] Undefined index: pre_auth_code E:\wamp\www\anti\Application\Common\Common\function.php 第 1102 行.
INFO: [ view_parse ] --START--
INFO: [ template_filter ] --START--
INFO: Run Behavior\ContentReplaceBehavior [ RunTime:0.000188s ]
INFO: [ template_filter ] --END-- [ RunTime:0.000322s ]
SQL: SHOW COLUMNS FROM `red_shop` [ RunTime:0.0510s ]
SQL: SELECT `id`,`type`,`name`,`end_time` FROM `red_shop` WHERE `id` = 1 LIMIT 1   [ RunTime:0.0004s ]
SQL: SELECT `id`,`type` FROM `red_shop` WHERE `id` = 1 LIMIT 1   [ RunTime:0.0003s ]
NOTIC: [8] Undefined variable: auth E:\wamp\www\anti\Application\Runtime\Cache\Shop\97cb28238b09acd0a342e30aa860942a.php 第 702 行.
INFO: Run Behavior\ParseTemplateBehavior [ RunTime:0.088811s ]
INFO: [ view_parse ] --END-- [ RunTime:0.088956s ]
INFO: [ view_filter ] --START--
INFO: Run Behavior\WriteHtmlCacheBehavior [ RunTime:0.001406s ]
INFO: [ view_filter ] --END-- [ RunTime:0.001536s ]
INFO: [ app_end ] --START--
INFO: Run Behavior\ShowPageTraceBehavior [ RunTime:0.001489s ]
INFO: [ app_end ] --END-- [ RunTime:0.001625s ]

[ 2018-11-26T14:20:01+08:00 ] 127.0.0.1 /index.php/Shop/weixin/auth
ERR: Cron:cron Runat 2018-11-26 14:20:01 Use 0.094926 s

[ 2018-11-26T14:20:02+08:00 ] 127.0.0.1 /index.php/Shop/weixin/auth
INFO: [ app_init ] --START--
INFO: Run Behavior\BuildLiteBehavior [ RunTime:0.000032s ]
INFO: [ app_init ] --END-- [ RunTime:0.001043s ]
INFO: [ app_begin ] --START--
INFO: Run Behavior\ReadHtmlCacheBehavior [ RunTime:0.001699s ]
SQL: SHOW COLUMNS FROM `red_indent` [ RunTime:0.0641s ]
SQL: SELECT * FROM `red_indent` WHERE `status` = 2  [ RunTime:0.0004s ]
INFO: Run Behavior\CronRunBehavior [ RunTime:0.123558s ]
INFO: [ app_begin ] --END-- [ RunTime:0.125512s ]
SQL: SHOW COLUMNS FROM `red_admin` [ RunTime:0.0419s ]
SQL: SELECT `component_access_token`,`component_time` FROM `red_admin` WHERE `id` = 2 LIMIT 1   [ RunTime:0.0108s ]
NOTIC: [8] Undefined variable: token E:\wamp\www\anti\Application\Common\Common\function.php 第 1061 行.
NOTIC: [2] file_get_contents(wx_ticket/ticket.log): failed to open stream: No such file or directory E:\wamp\www\anti\Application\Common\Common\function.php 第 1066 行.
NOTIC: [8] Undefined index: component_access_token E:\wamp\www\anti\Application\Common\Common\function.php 第 1074 行.
NOTIC: [8] Undefined variable: ok E:\wamp\www\anti\Application\Common\Common\function.php 第 1080 行.
NOTIC: [8] Undefined index: pre_auth_code E:\wamp\www\anti\Application\Common\Common\function.php 第 1102 行.
INFO: [ view_parse ] --START--
INFO: [ template_filter ] --START--
INFO: Run Behavior\ContentReplaceBehavior [ RunTime:0.000333s ]
INFO: [ template_filter ] --END-- [ RunTime:0.000482s ]
SQL: SHOW COLUMNS FROM `red_shop` [ RunTime:0.0418s ]
SQL: SELECT `id`,`type`,`name`,`end_time` FROM `red_shop` WHERE `id` = 1 LIMIT 1   [ RunTime:0.0005s ]
SQL: SELECT `id`,`type` FROM `red_shop` WHERE `id` = 1 LIMIT 1   [ RunTime:0.0004s ]
NOTIC: [8] Undefined variable: auth E:\wamp\www\anti\Application\Runtime\Cache\Shop\97cb28238b09acd0a342e30aa860942a.php 第 702 行.
INFO: Run Behavior\ParseTemplateBehavior [ RunTime:0.080100s ]
INFO: [ view_parse ] --END-- [ RunTime:0.080266s ]
INFO: [ view_filter ] --START--
INFO: Run Behavior\WriteHtmlCacheBehavior [ RunTime:0.001663s ]
INFO: [ view_filter ] --END-- [ RunTime:0.001866s ]
INFO: [ app_end ] --START--
INFO: Run Behavior\ShowPageTraceBehavior [ RunTime:0.001601s ]
INFO: [ app_end ] --END-- [ RunTime:0.001740s ]

