[ 2018-10-17T11:01:27+08:00 ] 127.0.0.1 /index.php/shop/login
ERR: Cron:cron Runat 2018-10-17 11:01:27 Use 0.038826 s

[ 2018-10-17T11:01:27+08:00 ] 127.0.0.1 /index.php/shop/login
INFO: [ app_init ] --START--
INFO: Run Behavior\BuildLiteBehavior [ RunTime:0.000032s ]
INFO: [ app_init ] --END-- [ RunTime:0.000972s ]
INFO: [ app_begin ] --START--
INFO: Run Behavior\ReadHtmlCacheBehavior [ RunTime:0.001283s ]
SQL: SHOW COLUMNS FROM `red_indent` [ RunTime:0.0149s ]
SQL: SELECT * FROM `red_indent` WHERE `status` = 2  [ RunTime:0.0005s ]
INFO: Run Behavior\CronRunBehavior [ RunTime:0.068628s ]
INFO: [ app_begin ] --END-- [ RunTime:0.070177s ]
INFO: [ view_parse ] --START--
INFO: [ template_filter ] --START--
INFO: Run Behavior\ContentReplaceBehavior [ RunTime:0.000090s ]
INFO: [ template_filter ] --END-- [ RunTime:0.000223s ]
INFO: Run Behavior\ParseTemplateBehavior [ RunTime:0.161172s ]
INFO: [ view_parse ] --END-- [ RunTime:0.161318s ]
INFO: [ view_filter ] --START--
INFO: Run Behavior\WriteHtmlCacheBehavior [ RunTime:0.029153s ]
INFO: [ view_filter ] --END-- [ RunTime:0.029290s ]
INFO: [ app_end ] --START--
INFO: Run Behavior\ShowPageTraceBehavior [ RunTime:0.002408s ]
INFO: [ app_end ] --END-- [ RunTime:0.002540s ]

[ 2018-10-17T11:01:28+08:00 ] 127.0.0.1 /index.php/Shop/login/verify.html
INFO: [ app_init ] --START--
INFO: Run Behavior\BuildLiteBehavior [ RunTime:0.000034s ]
INFO: [ app_init ] --END-- [ RunTime:0.001010s ]
INFO: [ app_begin ] --START--
INFO: Run Behavior\ReadHtmlCacheBehavior [ RunTime:0.002737s ]
INFO: Run Behavior\CronRunBehavior [ RunTime:0.006369s ]
INFO: [ app_begin ] --END-- [ RunTime:0.009482s ]
INFO: [ app_end ] --START--
INFO: Run Behavior\ShowPageTraceBehavior [ RunTime:0.001594s ]
INFO: [ app_end ] --END-- [ RunTime:0.001748s ]

[ 2018-10-17T11:01:36+08:00 ] 127.0.0.1 /index.php/Shop/Login/index
INFO: [ app_init ] --START--
INFO: Run Behavior\BuildLiteBehavior [ RunTime:0.000032s ]
INFO: [ app_init ] --END-- [ RunTime:0.000971s ]
INFO: [ app_begin ] --START--
INFO: Run Behavior\ReadHtmlCacheBehavior [ RunTime:0.001477s ]
INFO: Run Behavior\CronRunBehavior [ RunTime:0.006181s ]
INFO: [ app_begin ] --END-- [ RunTime:0.007903s ]
SQL: SHOW COLUMNS FROM `red_shop` [ RunTime:0.0256s ]
SQL: SELECT * FROM `red_shop` WHERE ( username = "admin" ) LIMIT 1   [ RunTime:0.0079s ]
NOTIC: [2] Missing argument 3 for show(), called in E:\wamp\www\anti\Application\Shop\Controller\LoginController.class.php on line 20 and defined E:\wamp\www\anti\Application\Common\Common\function.php 第 12 行.
NOTIC: [8] Undefined variable: data E:\wamp\www\anti\Application\Common\Common\function.php 第 16 行.

[ 2018-10-17T11:02:03+08:00 ] 127.0.0.1 /index.php/Shop/Login/verify/0.28080880519290075
ERR: Cron:cron Runat 2018-10-17 11:02:03 Use 0.038988 s

[ 2018-10-17T11:02:03+08:00 ] 127.0.0.1 /index.php/Shop/Login/verify/0.28080880519290075
INFO: [ app_init ] --START--
INFO: Run Behavior\BuildLiteBehavior [ RunTime:0.000034s ]
INFO: [ app_init ] --END-- [ RunTime:0.001361s ]
INFO: [ app_begin ] --START--
INFO: Run Behavior\ReadHtmlCacheBehavior [ RunTime:0.001740s ]
SQL: SHOW COLUMNS FROM `red_indent` [ RunTime:0.0170s ]
SQL: SELECT * FROM `red_indent` WHERE `status` = 2  [ RunTime:0.0010s ]
INFO: Run Behavior\CronRunBehavior [ RunTime:0.058704s ]
INFO: [ app_begin ] --END-- [ RunTime:0.060701s ]
INFO: [ app_end ] --START--
INFO: Run Behavior\ShowPageTraceBehavior [ RunTime:0.001876s ]
INFO: [ app_end ] --END-- [ RunTime:0.002051s ]

[ 2018-10-17T11:02:07+08:00 ] 127.0.0.1 /index.php/Shop/Login/index
INFO: [ app_init ] --START--
INFO: Run Behavior\BuildLiteBehavior [ RunTime:0.000038s ]
INFO: [ app_init ] --END-- [ RunTime:0.001235s ]
INFO: [ app_begin ] --START--
INFO: Run Behavior\ReadHtmlCacheBehavior [ RunTime:0.001185s ]
INFO: Run Behavior\CronRunBehavior [ RunTime:0.005418s ]
INFO: [ app_begin ] --END-- [ RunTime:0.006858s ]
SQL: SHOW COLUMNS FROM `red_shop` [ RunTime:0.0227s ]
SQL: SELECT * FROM `red_shop` WHERE ( username = "admin1" ) LIMIT 1   [ RunTime:0.0007s ]
NOTIC: [2] Missing argument 3 for show(), called in E:\wamp\www\anti\Application\Shop\Controller\LoginController.class.php on line 26 and defined E:\wamp\www\anti\Application\Common\Common\function.php 第 12 行.
NOTIC: [8] Undefined variable: data E:\wamp\www\anti\Application\Common\Common\function.php 第 16 行.

[ 2018-10-17T11:04:41+08:00 ] 127.0.0.1 /index.php/shop/login
ERR: Cron:cron Runat 2018-10-17 11:04:41 Use 0.039291 s

[ 2018-10-17T11:04:41+08:00 ] 127.0.0.1 /index.php/shop/login
INFO: [ app_init ] --START--
INFO: Run Behavior\BuildLiteBehavior [ RunTime:0.000037s ]
INFO: [ app_init ] --END-- [ RunTime:0.008088s ]
INFO: [ app_begin ] --START--
INFO: Run Behavior\ReadHtmlCacheBehavior [ RunTime:0.001806s ]
SQL: SHOW COLUMNS FROM `red_indent` [ RunTime:0.0209s ]
SQL: SELECT * FROM `red_indent` WHERE `status` = 2  [ RunTime:0.0004s ]
INFO: Run Behavior\CronRunBehavior [ RunTime:0.057152s ]
INFO: [ app_begin ] --END-- [ RunTime:0.059215s ]
INFO: [ view_parse ] --START--
INFO: [ template_filter ] --START--
INFO: Run Behavior\ContentReplaceBehavior [ RunTime:0.000089s ]
INFO: [ template_filter ] --END-- [ RunTime:0.000219s ]
INFO: Run Behavior\ParseTemplateBehavior [ RunTime:0.014388s ]
INFO: [ view_parse ] --END-- [ RunTime:0.014530s ]
INFO: [ view_filter ] --START--
INFO: Run Behavior\WriteHtmlCacheBehavior [ RunTime:0.004419s ]
INFO: [ view_filter ] --END-- [ RunTime:0.006602s ]
INFO: [ app_end ] --START--
INFO: Run Behavior\ShowPageTraceBehavior [ RunTime:0.002053s ]
INFO: [ app_end ] --END-- [ RunTime:0.002278s ]

[ 2018-10-17T11:04:42+08:00 ] 127.0.0.1 /index.php/Shop/login/verify.html
INFO: [ app_init ] --START--
INFO: Run Behavior\BuildLiteBehavior [ RunTime:0.000034s ]
INFO: [ app_init ] --END-- [ RunTime:0.001089s ]
INFO: [ app_begin ] --START--
INFO: Run Behavior\ReadHtmlCacheBehavior [ RunTime:0.001292s ]
INFO: Run Behavior\CronRunBehavior [ RunTime:0.007169s ]
INFO: [ app_begin ] --END-- [ RunTime:0.008749s ]
INFO: [ app_end ] --START--
INFO: Run Behavior\ShowPageTraceBehavior [ RunTime:0.002389s ]
INFO: [ app_end ] --END-- [ RunTime:0.002540s ]

[ 2018-10-17T11:05:48+08:00 ] 127.0.0.1 /index.php/Shop/Login/index
ERR: Cron:cron Runat 2018-10-17 11:05:48 Use 0.037139 s

[ 2018-10-17T11:05:48+08:00 ] 127.0.0.1 /index.php/Shop/Login/index
INFO: [ app_init ] --START--
INFO: Run Behavior\BuildLiteBehavior [ RunTime:0.000032s ]
INFO: [ app_init ] --END-- [ RunTime:0.000917s ]
INFO: [ app_begin ] --START--
INFO: Run Behavior\ReadHtmlCacheBehavior [ RunTime:0.003081s ]
SQL: SHOW COLUMNS FROM `red_indent` [ RunTime:0.0166s ]
SQL: SELECT * FROM `red_indent` WHERE `status` = 2  [ RunTime:0.0012s ]
INFO: Run Behavior\CronRunBehavior [ RunTime:0.052559s ]
INFO: [ app_begin ] --END-- [ RunTime:0.055891s ]
SQL: SHOW COLUMNS FROM `red_shop` [ RunTime:0.0209s ]
SQL: SELECT * FROM `red_shop` WHERE ( username = "admin1" ) LIMIT 1   [ RunTime:0.0005s ]
NOTIC: [2] Missing argument 3 for show(), called in E:\wamp\www\anti\Application\Shop\Controller\LoginController.class.php on line 26 and defined E:\wamp\www\anti\Application\Common\Common\function.php 第 12 行.
NOTIC: [8] Undefined variable: data E:\wamp\www\anti\Application\Common\Common\function.php 第 16 行.

[ 2018-10-17T11:06:07+08:00 ] 127.0.0.1 /index.php/Shop/Login/verify/0.21593691738348686
ERR: Cron:cron Runat 2018-10-17 11:06:07 Use 0.069561 s

[ 2018-10-17T11:06:07+08:00 ] 127.0.0.1 /index.php/Shop/Login/verify/0.21593691738348686
INFO: [ app_init ] --START--
INFO: Run Behavior\BuildLiteBehavior [ RunTime:0.000032s ]
INFO: [ app_init ] --END-- [ RunTime:0.000859s ]
INFO: [ app_begin ] --START--
INFO: Run Behavior\ReadHtmlCacheBehavior [ RunTime:0.001689s ]
SQL: SHOW COLUMNS FROM `red_indent` [ RunTime:0.0153s ]
SQL: SELECT * FROM `red_indent` WHERE `status` = 2  [ RunTime:0.0006s ]
INFO: Run Behavior\CronRunBehavior [ RunTime:0.081109s ]
INFO: [ app_begin ] --END-- [ RunTime:0.083040s ]
INFO: [ app_end ] --START--
INFO: Run Behavior\ShowPageTraceBehavior [ RunTime:0.001414s ]
INFO: [ app_end ] --END-- [ RunTime:0.001571s ]

[ 2018-10-17T11:06:08+08:00 ] 127.0.0.1 /index.php/Shop/Login/verify/0.14802837488319964
INFO: [ app_init ] --START--
INFO: Run Behavior\BuildLiteBehavior [ RunTime:0.000037s ]
INFO: [ app_init ] --END-- [ RunTime:0.001578s ]
INFO: [ app_begin ] --START--
INFO: Run Behavior\ReadHtmlCacheBehavior [ RunTime:0.001198s ]
INFO: Run Behavior\CronRunBehavior [ RunTime:0.006048s ]
INFO: [ app_begin ] --END-- [ RunTime:0.007499s ]
INFO: [ app_end ] --START--
INFO: Run Behavior\ShowPageTraceBehavior [ RunTime:0.001513s ]
INFO: [ app_end ] --END-- [ RunTime:0.001691s ]

[ 2018-10-17T11:06:09+08:00 ] 127.0.0.1 /index.php/Shop/Login/verify/0.7348774473104969
INFO: [ app_init ] --START--
INFO: Run Behavior\BuildLiteBehavior [ RunTime:0.000032s ]
INFO: [ app_init ] --END-- [ RunTime:0.000998s ]
INFO: [ app_begin ] --START--
INFO: Run Behavior\ReadHtmlCacheBehavior [ RunTime:0.001179s ]
INFO: Run Behavior\CronRunBehavior [ RunTime:0.005806s ]
INFO: [ app_begin ] --END-- [ RunTime:0.007275s ]
INFO: [ app_end ] --START--
INFO: Run Behavior\ShowPageTraceBehavior [ RunTime:0.001543s ]
INFO: [ app_end ] --END-- [ RunTime:0.001696s ]

[ 2018-10-17T11:06:14+08:00 ] 127.0.0.1 /index.php/Shop/Login/index
INFO: [ app_init ] --START--
INFO: Run Behavior\BuildLiteBehavior [ RunTime:0.000033s ]
INFO: [ app_init ] --END-- [ RunTime:0.002062s ]
INFO: [ app_begin ] --START--
INFO: Run Behavior\ReadHtmlCacheBehavior [ RunTime:0.001389s ]
INFO: Run Behavior\CronRunBehavior [ RunTime:0.008886s ]
INFO: [ app_begin ] --END-- [ RunTime:0.010522s ]
SQL: SHOW COLUMNS FROM `red_shop` [ RunTime:0.0180s ]
SQL: SELECT * FROM `red_shop` WHERE ( username = "admin1" ) LIMIT 1   [ RunTime:0.0004s ]
NOTIC: [2] Missing argument 3 for show(), called in E:\wamp\www\anti\Application\Shop\Controller\LoginController.class.php on line 26 and defined E:\wamp\www\anti\Application\Common\Common\function.php 第 12 行.
NOTIC: [8] Undefined variable: data E:\wamp\www\anti\Application\Common\Common\function.php 第 16 行.

[ 2018-10-17T11:06:34+08:00 ] 127.0.0.1 /index.php/Shop/Login/verify/0.7991615889946686
ERR: Cron:cron Runat 2018-10-17 11:06:34 Use 0.039334 s

[ 2018-10-17T11:06:34+08:00 ] 127.0.0.1 /index.php/Shop/Login/verify/0.7991615889946686
INFO: [ app_init ] --START--
INFO: Run Behavior\BuildLiteBehavior [ RunTime:0.000058s ]
INFO: [ app_init ] --END-- [ RunTime:0.001103s ]
INFO: [ app_begin ] --START--
INFO: Run Behavior\ReadHtmlCacheBehavior [ RunTime:0.001495s ]
SQL: SHOW COLUMNS FROM `red_indent` [ RunTime:0.0188s ]
SQL: SELECT * FROM `red_indent` WHERE `status` = 2  [ RunTime:0.0004s ]
INFO: Run Behavior\CronRunBehavior [ RunTime:0.050394s ]
INFO: [ app_begin ] --END-- [ RunTime:0.052152s ]
INFO: [ app_end ] --START--
INFO: Run Behavior\ShowPageTraceBehavior [ RunTime:0.001402s ]
INFO: [ app_end ] --END-- [ RunTime:0.001552s ]

[ 2018-10-17T11:06:38+08:00 ] 127.0.0.1 /index.php/Shop/Login/index
INFO: [ app_init ] --START--
INFO: Run Behavior\BuildLiteBehavior [ RunTime:0.000032s ]
INFO: [ app_init ] --END-- [ RunTime:0.003637s ]
INFO: [ app_begin ] --START--
INFO: Run Behavior\ReadHtmlCacheBehavior [ RunTime:0.001212s ]
INFO: Run Behavior\CronRunBehavior [ RunTime:0.019742s ]
INFO: [ app_begin ] --END-- [ RunTime:0.021189s ]
SQL: SHOW COLUMNS FROM `red_shop` [ RunTime:0.0246s ]
SQL: SELECT * FROM `red_shop` WHERE ( username = "admin1" ) LIMIT 1   [ RunTime:0.0004s ]
NOTIC: [2] Missing argument 3 for show(), called in E:\wamp\www\anti\Application\Shop\Controller\LoginController.class.php on line 39 and defined E:\wamp\www\anti\Application\Common\Common\function.php 第 12 行.
NOTIC: [8] Undefined variable: data E:\wamp\www\anti\Application\Common\Common\function.php 第 16 行.

[ 2018-10-17T11:06:38+08:00 ] 127.0.0.1 /index.php/Shop/index/index
INFO: [ app_init ] --START--
INFO: Run Behavior\BuildLiteBehavior [ RunTime:0.001061s ]
INFO: [ app_init ] --END-- [ RunTime:0.002031s ]
INFO: [ app_begin ] --START--
INFO: Run Behavior\ReadHtmlCacheBehavior [ RunTime:0.001480s ]
INFO: Run Behavior\CronRunBehavior [ RunTime:0.006569s ]
INFO: [ app_begin ] --END-- [ RunTime:0.008339s ]
SQL: SHOW COLUMNS FROM `red_member` [ RunTime:0.0160s ]
SQL: SELECT COUNT(*) AS tp_count FROM `red_member` WHERE `time` BETWEEN 1539705600 AND 1539791999 LIMIT 1   [ RunTime:0.0003s ]
NOTIC: [8] Undefined variable: zong E:\wamp\www\anti\Application\Shop\Controller\IndexController.class.php 第 19 行.
SQL: SELECT COUNT(*) AS tp_count FROM `red_member` WHERE `time` BETWEEN 1538323200 AND 1541001599 LIMIT 1   [ RunTime:0.0007s ]
INFO: [ view_parse ] --START--
INFO: [ template_filter ] --START--
INFO: Run Behavior\ContentReplaceBehavior [ RunTime:0.000262s ]
INFO: [ template_filter ] --END-- [ RunTime:0.000418s ]
NOTIC: [8] Undefined variable: area E:\wamp\www\anti\Application\Runtime\Cache\Shop\351e9ce800c2e5a2a49b1b70e37b7e59.php 第 934 行.
NOTIC: [8] Undefined variable: list E:\wamp\www\anti\Application\Runtime\Cache\Shop\351e9ce800c2e5a2a49b1b70e37b7e59.php 第 976 行.
NOTIC: [8] Undefined index: month_money E:\wamp\www\anti\Application\Runtime\Cache\Shop\351e9ce800c2e5a2a49b1b70e37b7e59.php 第 1038 行.
NOTIC: [8] Undefined variable: page E:\wamp\www\anti\Application\Runtime\Cache\Shop\351e9ce800c2e5a2a49b1b70e37b7e59.php 第 1044 行.
INFO: Run Behavior\ParseTemplateBehavior [ RunTime:0.070381s ]
INFO: [ view_parse ] --END-- [ RunTime:0.070538s ]
INFO: [ view_filter ] --START--
INFO: Run Behavior\WriteHtmlCacheBehavior [ RunTime:0.001378s ]
INFO: [ view_filter ] --END-- [ RunTime:0.001528s ]
INFO: [ app_end ] --START--
INFO: Run Behavior\ShowPageTraceBehavior [ RunTime:0.003231s ]
INFO: [ app_end ] --END-- [ RunTime:0.003368s ]

[ 2018-10-17T11:17:49+08:00 ] 127.0.0.1 /index.php/Shop/index/index
ERR: Cron:cron Runat 2018-10-17 11:17:49 Use 0.055613 s

[ 2018-10-17T11:17:49+08:00 ] 127.0.0.1 /index.php/Shop/index/index
INFO: [ app_init ] --START--
INFO: Run Behavior\BuildLiteBehavior [ RunTime:0.000049s ]
INFO: [ app_init ] --END-- [ RunTime:0.004580s ]
INFO: [ app_begin ] --START--
INFO: Run Behavior\ReadHtmlCacheBehavior [ RunTime:0.002578s ]
SQL: SHOW COLUMNS FROM `red_indent` [ RunTime:0.0191s ]
SQL: SELECT * FROM `red_indent` WHERE `status` = 2  [ RunTime:0.0008s ]
INFO: Run Behavior\CronRunBehavior [ RunTime:0.081820s ]
INFO: [ app_begin ] --END-- [ RunTime:0.095285s ]
SQL: SHOW COLUMNS FROM `red_member` [ RunTime:0.0181s ]
SQL: SELECT COUNT(*) AS tp_count FROM `red_member` WHERE `time` BETWEEN 1539705600 AND 1539791999 LIMIT 1   [ RunTime:0.0008s ]
NOTIC: [8] Undefined variable: zong E:\wamp\www\anti\Application\Shop\Controller\IndexController.class.php 第 19 行.
SQL: SELECT COUNT(*) AS tp_count FROM `red_member` WHERE `time` BETWEEN 1538323200 AND 1541001599 LIMIT 1   [ RunTime:0.0004s ]
INFO: [ view_parse ] --START--
INFO: [ template_filter ] --START--
INFO: Run Behavior\ContentReplaceBehavior [ RunTime:0.000241s ]
INFO: [ template_filter ] --END-- [ RunTime:0.000377s ]
NOTIC: [8] Undefined variable: area E:\wamp\www\anti\Application\Runtime\Cache\Shop\351e9ce800c2e5a2a49b1b70e37b7e59.php 第 934 行.
NOTIC: [8] Undefined variable: list E:\wamp\www\anti\Application\Runtime\Cache\Shop\351e9ce800c2e5a2a49b1b70e37b7e59.php 第 976 行.
NOTIC: [8] Undefined index: month_money E:\wamp\www\anti\Application\Runtime\Cache\Shop\351e9ce800c2e5a2a49b1b70e37b7e59.php 第 1038 行.
NOTIC: [8] Undefined variable: page E:\wamp\www\anti\Application\Runtime\Cache\Shop\351e9ce800c2e5a2a49b1b70e37b7e59.php 第 1044 行.
INFO: Run Behavior\ParseTemplateBehavior [ RunTime:0.043945s ]
INFO: [ view_parse ] --END-- [ RunTime:0.044089s ]
INFO: [ view_filter ] --START--
INFO: Run Behavior\WriteHtmlCacheBehavior [ RunTime:0.001145s ]
INFO: [ view_filter ] --END-- [ RunTime:0.001278s ]
INFO: [ app_end ] --START--
INFO: Run Behavior\ShowPageTraceBehavior [ RunTime:0.002326s ]
INFO: [ app_end ] --END-- [ RunTime:0.002576s ]

[ 2018-10-17T11:23:52+08:00 ] 127.0.0.1 /index.php/Shop/shop/daili_index
INFO: [ app_init ] --START--
INFO: Run Behavior\BuildLiteBehavior [ RunTime:0.000032s ]
INFO: [ app_init ] --END-- [ RunTime:0.002694s ]
INFO: [ app_begin ] --START--
INFO: Run Behavior\ReadHtmlCacheBehavior [ RunTime:0.001269s ]
INFO: Run Behavior\CronRunBehavior [ RunTime:0.007812s ]
INFO: [ app_begin ] --END-- [ RunTime:0.009321s ]
SQL: SHOW COLUMNS FROM `red_shop` [ RunTime:0.0145s ]
SQL: SELECT COUNT(*) AS tp_count FROM `red_shop` WHERE `type` = 2 LIMIT 1   [ RunTime:0.0003s ]
NOTIC: [8] Undefined index: p E:\wamp\www\anti\Application\Shop\Controller\ShopController.class.php 第 9 行.
SQL: SELECT * FROM `red_shop` WHERE `type` = 2 ORDER BY id desc LIMIT 0,20   [ RunTime:0.0004s ]
SQL: SHOW COLUMNS FROM `red_code_num` [ RunTime:0.0160s ]
SQL: SELECT * FROM `red_code_num` WHERE `shop_id` = 0 ORDER BY pici desc  [ RunTime:0.0004s ]
INFO: [ view_parse ] --START--
INFO: [ template_filter ] --START--
INFO: Run Behavior\ContentReplaceBehavior [ RunTime:0.000267s ]
INFO: [ template_filter ] --END-- [ RunTime:0.000404s ]
NOTIC: [8] Use of undefined constant id - assumed 'id' E:\wamp\www\anti\Application\Runtime\Cache\Shop\009e9dd1671bb1a4744430ec6b445b8f.php 第 793 行.
NOTIC: [8] Use of undefined constant status - assumed 'status' E:\wamp\www\anti\Application\Runtime\Cache\Shop\009e9dd1671bb1a4744430ec6b445b8f.php 第 804 行.
NOTIC: [8] Undefined variable: list E:\wamp\www\anti\Application\Runtime\Cache\Shop\009e9dd1671bb1a4744430ec6b445b8f.php 第 1032 行.
INFO: Run Behavior\ParseTemplateBehavior [ RunTime:0.054686s ]
INFO: [ view_parse ] --END-- [ RunTime:0.055079s ]
INFO: [ view_filter ] --START--
INFO: Run Behavior\WriteHtmlCacheBehavior [ RunTime:0.001713s ]
INFO: [ view_filter ] --END-- [ RunTime:0.001851s ]
INFO: [ app_end ] --START--
INFO: Run Behavior\ShowPageTraceBehavior [ RunTime:0.001196s ]
INFO: [ app_end ] --END-- [ RunTime:0.001328s ]

[ 2018-10-17T11:24:02+08:00 ] 127.0.0.1 /index.php/Shop/shop/daili_index
ERR: Cron:cron Runat 2018-10-17 11:24:02 Use 0.033826 s

[ 2018-10-17T11:24:03+08:00 ] 127.0.0.1 /index.php/Shop/shop/daili_index
INFO: [ app_init ] --START--
INFO: Run Behavior\BuildLiteBehavior [ RunTime:0.000035s ]
INFO: [ app_init ] --END-- [ RunTime:0.001110s ]
INFO: [ app_begin ] --START--
INFO: Run Behavior\ReadHtmlCacheBehavior [ RunTime:0.001693s ]
SQL: SHOW COLUMNS FROM `red_indent` [ RunTime:0.0171s ]
SQL: SELECT * FROM `red_indent` WHERE `status` = 2  [ RunTime:0.0004s ]
INFO: Run Behavior\CronRunBehavior [ RunTime:0.044051s ]
INFO: [ app_begin ] --END-- [ RunTime:0.046070s ]
SQL: SHOW COLUMNS FROM `red_shop` [ RunTime:0.0165s ]
SQL: SELECT COUNT(*) AS tp_count FROM `red_shop` WHERE `type` = 2 LIMIT 1   [ RunTime:0.0004s ]
NOTIC: [8] Undefined index: p E:\wamp\www\anti\Application\Shop\Controller\ShopController.class.php 第 9 行.
SQL: SELECT * FROM `red_shop` WHERE `type` = 2 ORDER BY id desc LIMIT 0,20   [ RunTime:0.0012s ]
SQL: SHOW COLUMNS FROM `red_code_num` [ RunTime:0.0193s ]
SQL: SELECT * FROM `red_code_num` WHERE `shop_id` = 0 ORDER BY pici desc  [ RunTime:0.0004s ]
INFO: [ view_parse ] --START--
INFO: [ template_filter ] --START--
INFO: Run Behavior\ContentReplaceBehavior [ RunTime:0.000449s ]
INFO: [ template_filter ] --END-- [ RunTime:0.000645s ]
NOTIC: [8] Use of undefined constant id - assumed 'id' E:\wamp\www\anti\Application\Runtime\Cache\Shop\009e9dd1671bb1a4744430ec6b445b8f.php 第 793 行.
NOTIC: [8] Use of undefined constant status - assumed 'status' E:\wamp\www\anti\Application\Runtime\Cache\Shop\009e9dd1671bb1a4744430ec6b445b8f.php 第 804 行.
NOTIC: [8] Undefined variable: list E:\wamp\www\anti\Application\Runtime\Cache\Shop\009e9dd1671bb1a4744430ec6b445b8f.php 第 1032 行.
INFO: Run Behavior\ParseTemplateBehavior [ RunTime:0.042221s ]
INFO: [ view_parse ] --END-- [ RunTime:0.042381s ]
INFO: [ view_filter ] --START--
INFO: Run Behavior\WriteHtmlCacheBehavior [ RunTime:0.001127s ]
INFO: [ view_filter ] --END-- [ RunTime:0.001253s ]
INFO: [ app_end ] --START--
INFO: Run Behavior\ShowPageTraceBehavior [ RunTime:0.001603s ]
INFO: [ app_end ] --END-- [ RunTime:0.001746s ]

[ 2018-10-17T11:26:17+08:00 ] 127.0.0.1 /index.php/Shop/shop/daili_index
ERR: Cron:cron Runat 2018-10-17 11:26:17 Use 0.056289 s

[ 2018-10-17T11:26:17+08:00 ] 127.0.0.1 /index.php/Shop/shop/daili_index
INFO: [ app_init ] --START--
INFO: Run Behavior\BuildLiteBehavior [ RunTime:0.000047s ]
INFO: [ app_init ] --END-- [ RunTime:0.004956s ]
INFO: [ app_begin ] --START--
INFO: Run Behavior\ReadHtmlCacheBehavior [ RunTime:0.001568s ]
SQL: SHOW COLUMNS FROM `red_indent` [ RunTime:0.0203s ]
SQL: SELECT * FROM `red_indent` WHERE `status` = 2  [ RunTime:0.0006s ]
INFO: Run Behavior\CronRunBehavior [ RunTime:0.069642s ]
INFO: [ app_begin ] --END-- [ RunTime:0.071468s ]
SQL: SHOW COLUMNS FROM `red_shop` [ RunTime:0.0206s ]
SQL: SELECT COUNT(*) AS tp_count FROM `red_shop` WHERE `type` = 2 LIMIT 1   [ RunTime:0.0004s ]
NOTIC: [8] Undefined index: p E:\wamp\www\anti\Application\Shop\Controller\ShopController.class.php 第 9 行.
SQL: SELECT * FROM `red_shop` WHERE `type` = 2 ORDER BY id desc LIMIT 0,20   [ RunTime:0.0005s ]
SQL: SHOW COLUMNS FROM `red_code_num` [ RunTime:0.0147s ]
SQL: SELECT * FROM `red_code_num` WHERE `shop_id` = 0 ORDER BY pici desc  [ RunTime:0.0004s ]
INFO: [ view_parse ] --START--
INFO: [ template_filter ] --START--
INFO: Run Behavior\ContentReplaceBehavior [ RunTime:0.000263s ]
INFO: [ template_filter ] --END-- [ RunTime:0.000398s ]
NOTIC: [8] Use of undefined constant id - assumed 'id' E:\wamp\www\anti\Application\Runtime\Cache\Shop\009e9dd1671bb1a4744430ec6b445b8f.php 第 777 行.
NOTIC: [8] Use of undefined constant status - assumed 'status' E:\wamp\www\anti\Application\Runtime\Cache\Shop\009e9dd1671bb1a4744430ec6b445b8f.php 第 788 行.
NOTIC: [8] Undefined variable: list E:\wamp\www\anti\Application\Runtime\Cache\Shop\009e9dd1671bb1a4744430ec6b445b8f.php 第 1016 行.
INFO: Run Behavior\ParseTemplateBehavior [ RunTime:0.041593s ]
INFO: [ view_parse ] --END-- [ RunTime:0.041726s ]
INFO: [ view_filter ] --START--
INFO: Run Behavior\WriteHtmlCacheBehavior [ RunTime:0.001134s ]
INFO: [ view_filter ] --END-- [ RunTime:0.001290s ]
INFO: [ app_end ] --START--
INFO: Run Behavior\ShowPageTraceBehavior [ RunTime:0.002037s ]
INFO: [ app_end ] --END-- [ RunTime:0.002175s ]

[ 2018-10-17T11:30:10+08:00 ] 127.0.0.1 /index.php/Shop/member/vip_index
ERR: Cron:cron Runat 2018-10-17 11:30:10 Use 0.034805 s

[ 2018-10-17T11:30:10+08:00 ] 127.0.0.1 /index.php/Shop/member/vip_index
INFO: [ app_init ] --START--
INFO: Run Behavior\BuildLiteBehavior [ RunTime:0.000032s ]
INFO: [ app_init ] --END-- [ RunTime:0.000934s ]
INFO: [ app_begin ] --START--
INFO: Run Behavior\ReadHtmlCacheBehavior [ RunTime:0.001623s ]
SQL: SHOW COLUMNS FROM `red_indent` [ RunTime:0.0165s ]
SQL: SELECT * FROM `red_indent` WHERE `status` = 2  [ RunTime:0.0006s ]
INFO: Run Behavior\CronRunBehavior [ RunTime:0.051293s ]
INFO: [ app_begin ] --END-- [ RunTime:0.053175s ]
ERR: 无法加载控制器:Member

[ 2018-10-17T15:15:18+08:00 ] 127.0.0.1 /index.php/Shop/shop/daili_index
ERR: Cron:cron Runat 2018-10-17 15:15:18 Use 0.525669 s

[ 2018-10-17T15:15:18+08:00 ] 127.0.0.1 /index.php/Shop/shop/daili_index
INFO: [ app_init ] --START--
INFO: Run Behavior\BuildLiteBehavior [ RunTime:0.000035s ]
INFO: [ app_init ] --END-- [ RunTime:0.003053s ]
INFO: [ app_begin ] --START--
INFO: Run Behavior\ReadHtmlCacheBehavior [ RunTime:0.001496s ]
SQL: SHOW COLUMNS FROM `red_indent` [ RunTime:0.0474s ]
SQL: SELECT * FROM `red_indent` WHERE `status` = 2  [ RunTime:0.0130s ]
INFO: Run Behavior\CronRunBehavior [ RunTime:0.691519s ]
INFO: [ app_begin ] --END-- [ RunTime:0.693300s ]
SQL: SHOW COLUMNS FROM `red_shop` [ RunTime:0.0301s ]
SQL: SELECT COUNT(*) AS tp_count FROM `red_shop` WHERE `type` = 2 LIMIT 1   [ RunTime:0.0006s ]
NOTIC: [8] Undefined index: p E:\wamp\www\anti\Application\Shop\Controller\ShopController.class.php 第 9 行.
SQL: SELECT * FROM `red_shop` WHERE `type` = 2 ORDER BY id desc LIMIT 0,20   [ RunTime:0.0005s ]
SQL: SHOW COLUMNS FROM `red_code_num` [ RunTime:0.0313s ]
SQL: SELECT * FROM `red_code_num` WHERE `shop_id` = 0 ORDER BY pici desc  [ RunTime:0.0008s ]
INFO: [ view_parse ] --START--
INFO: [ template_filter ] --START--
INFO: Run Behavior\ContentReplaceBehavior [ RunTime:0.014366s ]
INFO: [ template_filter ] --END-- [ RunTime:0.014522s ]
NOTIC: [8] Use of undefined constant id - assumed 'id' E:\wamp\www\anti\Application\Runtime\Cache\Shop\009e9dd1671bb1a4744430ec6b445b8f.php 第 777 行.
NOTIC: [8] Use of undefined constant status - assumed 'status' E:\wamp\www\anti\Application\Runtime\Cache\Shop\009e9dd1671bb1a4744430ec6b445b8f.php 第 788 行.
NOTIC: [8] Undefined variable: list E:\wamp\www\anti\Application\Runtime\Cache\Shop\009e9dd1671bb1a4744430ec6b445b8f.php 第 1016 行.
INFO: Run Behavior\ParseTemplateBehavior [ RunTime:0.150641s ]
INFO: [ view_parse ] --END-- [ RunTime:0.150787s ]
INFO: [ view_filter ] --START--
INFO: Run Behavior\WriteHtmlCacheBehavior [ RunTime:0.013933s ]
INFO: [ view_filter ] --END-- [ RunTime:0.014070s ]
INFO: [ app_end ] --START--
INFO: Run Behavior\ShowPageTraceBehavior [ RunTime:0.003131s ]
INFO: [ app_end ] --END-- [ RunTime:0.003320s ]

[ 2018-10-17T15:21:05+08:00 ] 127.0.0.1 /index.php/Shop/Shop/add_daili
ERR: Cron:cron Runat 2018-10-17 15:21:05 Use 0.045771 s

[ 2018-10-17T15:21:05+08:00 ] 127.0.0.1 /index.php/Shop/Shop/add_daili
INFO: [ app_init ] --START--
INFO: Run Behavior\BuildLiteBehavior [ RunTime:0.000032s ]
INFO: [ app_init ] --END-- [ RunTime:0.000898s ]
INFO: [ app_begin ] --START--
INFO: Run Behavior\ReadHtmlCacheBehavior [ RunTime:0.001369s ]
SQL: SHOW COLUMNS FROM `red_indent` [ RunTime:0.0149s ]
SQL: SELECT * FROM `red_indent` WHERE `status` = 2  [ RunTime:0.0005s ]
INFO: Run Behavior\CronRunBehavior [ RunTime:0.057114s ]
INFO: [ app_begin ] --END-- [ RunTime:0.058737s ]
INFO: [ view_parse ] --START--
INFO: [ template_filter ] --START--
INFO: Run Behavior\ContentReplaceBehavior [ RunTime:0.000247s ]
INFO: [ template_filter ] --END-- [ RunTime:0.000388s ]
INFO: Run Behavior\ParseTemplateBehavior [ RunTime:0.098620s ]
INFO: [ view_parse ] --END-- [ RunTime:0.098777s ]
INFO: [ view_filter ] --START--
INFO: Run Behavior\WriteHtmlCacheBehavior [ RunTime:0.001661s ]
INFO: [ view_filter ] --END-- [ RunTime:0.001801s ]
INFO: [ app_end ] --START--
INFO: Run Behavior\ShowPageTraceBehavior [ RunTime:0.001307s ]
INFO: [ app_end ] --END-- [ RunTime:0.001437s ]

[ 2018-10-17T15:21:40+08:00 ] 127.0.0.1 /index.php/Shop/shop/daili_index
ERR: Cron:cron Runat 2018-10-17 15:21:40 Use 0.045013 s

[ 2018-10-17T15:21:40+08:00 ] 127.0.0.1 /index.php/Shop/shop/daili_index
INFO: [ app_init ] --START--
INFO: Run Behavior\BuildLiteBehavior [ RunTime:0.000032s ]
INFO: [ app_init ] --END-- [ RunTime:0.000881s ]
INFO: [ app_begin ] --START--
INFO: Run Behavior\ReadHtmlCacheBehavior [ RunTime:0.001265s ]
SQL: SHOW COLUMNS FROM `red_indent` [ RunTime:0.0190s ]
SQL: SELECT * FROM `red_indent` WHERE `status` = 2  [ RunTime:0.0006s ]
INFO: Run Behavior\CronRunBehavior [ RunTime:0.055222s ]
INFO: [ app_begin ] --END-- [ RunTime:0.056730s ]
SQL: SHOW COLUMNS FROM `red_shop` [ RunTime:0.0159s ]
SQL: SELECT COUNT(*) AS tp_count FROM `red_shop` WHERE `type` = 2 LIMIT 1   [ RunTime:0.0003s ]
NOTIC: [8] Undefined index: p E:\wamp\www\anti\Application\Shop\Controller\ShopController.class.php 第 9 行.
SQL: SELECT * FROM `red_shop` WHERE `type` = 2 ORDER BY id desc LIMIT 0,20   [ RunTime:0.0003s ]
SQL: SHOW COLUMNS FROM `red_code_num` [ RunTime:0.0148s ]
SQL: SELECT * FROM `red_code_num` WHERE `shop_id` = 0 ORDER BY pici desc  [ RunTime:0.0005s ]
INFO: [ view_parse ] --START--
INFO: [ template_filter ] --START--
INFO: Run Behavior\ContentReplaceBehavior [ RunTime:0.000264s ]
INFO: [ template_filter ] --END-- [ RunTime:0.000399s ]
NOTIC: [8] Use of undefined constant id - assumed 'id' E:\wamp\www\anti\Application\Runtime\Cache\Shop\009e9dd1671bb1a4744430ec6b445b8f.php 第 777 行.
NOTIC: [8] Use of undefined constant status - assumed 'status' E:\wamp\www\anti\Application\Runtime\Cache\Shop\009e9dd1671bb1a4744430ec6b445b8f.php 第 788 行.
NOTIC: [8] Undefined variable: list E:\wamp\www\anti\Application\Runtime\Cache\Shop\009e9dd1671bb1a4744430ec6b445b8f.php 第 1016 行.
INFO: Run Behavior\ParseTemplateBehavior [ RunTime:0.030663s ]
INFO: [ view_parse ] --END-- [ RunTime:0.030889s ]
INFO: [ view_filter ] --START--
INFO: Run Behavior\WriteHtmlCacheBehavior [ RunTime:0.001895s ]
INFO: [ view_filter ] --END-- [ RunTime:0.002051s ]
INFO: [ app_end ] --START--
INFO: Run Behavior\ShowPageTraceBehavior [ RunTime:0.001775s ]
INFO: [ app_end ] --END-- [ RunTime:0.001909s ]

[ 2018-10-17T15:25:33+08:00 ] 127.0.0.1 /index.php/Shop/shop/daili_index
ERR: Cron:cron Runat 2018-10-17 15:25:33 Use 0.063809 s

[ 2018-10-17T15:25:33+08:00 ] 127.0.0.1 /index.php/Shop/shop/daili_index
INFO: [ app_init ] --START--
INFO: Run Behavior\BuildLiteBehavior [ RunTime:0.000034s ]
INFO: [ app_init ] --END-- [ RunTime:0.000943s ]
INFO: [ app_begin ] --START--
INFO: Run Behavior\ReadHtmlCacheBehavior [ RunTime:0.002392s ]
SQL: SHOW COLUMNS FROM `red_indent` [ RunTime:0.0211s ]
SQL: SELECT * FROM `red_indent` WHERE `status` = 2  [ RunTime:0.0005s ]
INFO: Run Behavior\CronRunBehavior [ RunTime:0.076237s ]
INFO: [ app_begin ] --END-- [ RunTime:0.078903s ]
SQL: SHOW COLUMNS FROM `red_shop` [ RunTime:0.0188s ]
SQL: SELECT COUNT(*) AS tp_count FROM `red_shop` WHERE `type` = 2 LIMIT 1   [ RunTime:0.0004s ]
NOTIC: [8] Undefined index: p E:\wamp\www\anti\Application\Shop\Controller\ShopController.class.php 第 9 行.
SQL: SELECT * FROM `red_shop` WHERE `type` = 2 ORDER BY id desc LIMIT 0,20   [ RunTime:0.0003s ]
SQL: SHOW COLUMNS FROM `red_code_num` [ RunTime:0.0328s ]
SQL: SELECT * FROM `red_code_num` WHERE `shop_id` = 0 ORDER BY pici desc  [ RunTime:0.0008s ]
INFO: [ view_parse ] --START--
INFO: [ template_filter ] --START--
INFO: Run Behavior\ContentReplaceBehavior [ RunTime:0.000292s ]
INFO: [ template_filter ] --END-- [ RunTime:0.000444s ]
NOTIC: [8] Use of undefined constant id - assumed 'id' E:\wamp\www\anti\Application\Runtime\Cache\Shop\009e9dd1671bb1a4744430ec6b445b8f.php 第 809 行.
NOTIC: [8] Use of undefined constant status - assumed 'status' E:\wamp\www\anti\Application\Runtime\Cache\Shop\009e9dd1671bb1a4744430ec6b445b8f.php 第 820 行.
NOTIC: [8] Undefined variable: list E:\wamp\www\anti\Application\Runtime\Cache\Shop\009e9dd1671bb1a4744430ec6b445b8f.php 第 1048 行.
INFO: Run Behavior\ParseTemplateBehavior [ RunTime:0.055975s ]
INFO: [ view_parse ] --END-- [ RunTime:0.056121s ]
INFO: [ view_filter ] --START--
INFO: Run Behavior\WriteHtmlCacheBehavior [ RunTime:0.001189s ]
INFO: [ view_filter ] --END-- [ RunTime:0.001317s ]
INFO: [ app_end ] --START--
INFO: Run Behavior\ShowPageTraceBehavior [ RunTime:0.001692s ]
INFO: [ app_end ] --END-- [ RunTime:0.002012s ]

[ 2018-10-17T15:25:35+08:00 ] 127.0.0.1 /index.php/Shop/code/index
INFO: [ app_init ] --START--
INFO: Run Behavior\BuildLiteBehavior [ RunTime:0.000032s ]
INFO: [ app_init ] --END-- [ RunTime:0.001065s ]
INFO: [ app_begin ] --START--
INFO: Run Behavior\ReadHtmlCacheBehavior [ RunTime:0.001134s ]
INFO: Run Behavior\CronRunBehavior [ RunTime:0.005531s ]
INFO: [ app_begin ] --END-- [ RunTime:0.006937s ]
SQL: SHOW COLUMNS FROM `red_code` [ RunTime:0.0209s ]
SQL: SELECT `id`,`number` FROM `red_code` ORDER BY id desc LIMIT 1   [ RunTime:0.0044s ]
SQL: SHOW COLUMNS FROM `red_code_num` [ RunTime:0.0161s ]
SQL: SELECT * FROM `red_code_num`  [ RunTime:0.0007s ]
INFO: [ view_parse ] --START--
INFO: [ template_filter ] --START--
INFO: Run Behavior\ContentReplaceBehavior [ RunTime:0.000249s ]
INFO: [ template_filter ] --END-- [ RunTime:0.000390s ]
NOTIC: [8] Undefined variable: vo E:\wamp\www\anti\Application\Runtime\Cache\Shop\0ecac93d4ba3ac4711583923c549d07f.php 第 766 行.
NOTIC: [8] Use of undefined constant id - assumed 'id' E:\wamp\www\anti\Application\Runtime\Cache\Shop\0ecac93d4ba3ac4711583923c549d07f.php 第 805 行.
SQL: SELECT COUNT(*) AS tp_count FROM `red_code` WHERE `code_num_id` = 6 LIMIT 1   [ RunTime:0.0003s ]
NOTIC: [8] Undefined index: status E:\wamp\www\anti\Application\Runtime\Cache\Shop\0ecac93d4ba3ac4711583923c549d07f.php 第 823 行.
NOTIC: [8] Use of undefined constant id - assumed 'id' E:\wamp\www\anti\Application\Runtime\Cache\Shop\0ecac93d4ba3ac4711583923c549d07f.php 第 805 行.
SQL: SELECT COUNT(*) AS tp_count FROM `red_code` WHERE `code_num_id` = 7 LIMIT 1   [ RunTime:0.0004s ]
NOTIC: [8] Undefined index: status E:\wamp\www\anti\Application\Runtime\Cache\Shop\0ecac93d4ba3ac4711583923c549d07f.php 第 823 行.
NOTIC: [8] Use of undefined constant id - assumed 'id' E:\wamp\www\anti\Application\Runtime\Cache\Shop\0ecac93d4ba3ac4711583923c549d07f.php 第 805 行.
SQL: SELECT COUNT(*) AS tp_count FROM `red_code` WHERE `code_num_id` = 8 LIMIT 1   [ RunTime:0.0003s ]
NOTIC: [8] Undefined index: status E:\wamp\www\anti\Application\Runtime\Cache\Shop\0ecac93d4ba3ac4711583923c549d07f.php 第 823 行.
NOTIC: [8] Use of undefined constant id - assumed 'id' E:\wamp\www\anti\Application\Runtime\Cache\Shop\0ecac93d4ba3ac4711583923c549d07f.php 第 805 行.
SQL: SELECT COUNT(*) AS tp_count FROM `red_code` WHERE `code_num_id` = 14 LIMIT 1   [ RunTime:0.0004s ]
NOTIC: [8] Undefined index: status E:\wamp\www\anti\Application\Runtime\Cache\Shop\0ecac93d4ba3ac4711583923c549d07f.php 第 823 行.
NOTIC: [8] Use of undefined constant id - assumed 'id' E:\wamp\www\anti\Application\Runtime\Cache\Shop\0ecac93d4ba3ac4711583923c549d07f.php 第 805 行.
SQL: SELECT COUNT(*) AS tp_count FROM `red_code` WHERE `code_num_id` = 15 LIMIT 1   [ RunTime:0.0003s ]
NOTIC: [8] Undefined index: status E:\wamp\www\anti\Application\Runtime\Cache\Shop\0ecac93d4ba3ac4711583923c549d07f.php 第 823 行.
NOTIC: [8] Use of undefined constant id - assumed 'id' E:\wamp\www\anti\Application\Runtime\Cache\Shop\0ecac93d4ba3ac4711583923c549d07f.php 第 805 行.
SQL: SELECT COUNT(*) AS tp_count FROM `red_code` WHERE `code_num_id` = 16 LIMIT 1   [ RunTime:0.0002s ]
SQL: SHOW COLUMNS FROM `red_shop` [ RunTime:0.0370s ]
SQL: SELECT `name` FROM `red_shop` WHERE `id` = 1 LIMIT 1   [ RunTime:0.0004s ]
NOTIC: [8] Undefined index: status E:\wamp\www\anti\Application\Runtime\Cache\Shop\0ecac93d4ba3ac4711583923c549d07f.php 第 823 行.
NOTIC: [8] Use of undefined constant id - assumed 'id' E:\wamp\www\anti\Application\Runtime\Cache\Shop\0ecac93d4ba3ac4711583923c549d07f.php 第 805 行.
SQL: SELECT COUNT(*) AS tp_count FROM `red_code` WHERE `code_num_id` = 17 LIMIT 1   [ RunTime:0.0002s ]
SQL: SELECT `name` FROM `red_shop` WHERE `id` = 1 LIMIT 1   [ RunTime:0.0002s ]
NOTIC: [8] Undefined index: status E:\wamp\www\anti\Application\Runtime\Cache\Shop\0ecac93d4ba3ac4711583923c549d07f.php 第 823 行.
NOTIC: [8] Use of undefined constant id - assumed 'id' E:\wamp\www\anti\Application\Runtime\Cache\Shop\0ecac93d4ba3ac4711583923c549d07f.php 第 805 行.
SQL: SELECT COUNT(*) AS tp_count FROM `red_code` WHERE `code_num_id` = 18 LIMIT 1   [ RunTime:0.0003s ]
NOTIC: [8] Undefined index: status E:\wamp\www\anti\Application\Runtime\Cache\Shop\0ecac93d4ba3ac4711583923c549d07f.php 第 823 行.
NOTIC: [8] Undefined variable: page E:\wamp\www\anti\Application\Runtime\Cache\Shop\0ecac93d4ba3ac4711583923c549d07f.php 第 834 行.
SQL: SELECT COUNT(*) AS tp_count FROM `red_code` WHERE `code_num_id` = 6 LIMIT 1   [ RunTime:0.0005s ]
SQL: SELECT COUNT(*) AS tp_count FROM `red_code` WHERE `code_num_id` = 7 LIMIT 1   [ RunTime:0.0004s ]
SQL: SELECT COUNT(*) AS tp_count FROM `red_code` WHERE `code_num_id` = 8 LIMIT 1   [ RunTime:0.0003s ]
SQL: SELECT COUNT(*) AS tp_count FROM `red_code` WHERE `code_num_id` = 14 LIMIT 1   [ RunTime:0.0003s ]
SQL: SELECT COUNT(*) AS tp_count FROM `red_code` WHERE `code_num_id` = 15 LIMIT 1   [ RunTime:0.0003s ]
SQL: SELECT COUNT(*) AS tp_count FROM `red_code` WHERE `code_num_id` = 16 LIMIT 1   [ RunTime:0.0003s ]
SQL: SELECT COUNT(*) AS tp_count FROM `red_code` WHERE `code_num_id` = 17 LIMIT 1   [ RunTime:0.0002s ]
SQL: SELECT COUNT(*) AS tp_count FROM `red_code` WHERE `code_num_id` = 18 LIMIT 1   [ RunTime:0.0003s ]
INFO: Run Behavior\ParseTemplateBehavior [ RunTime:0.096906s ]
INFO: [ view_parse ] --END-- [ RunTime:0.097042s ]
INFO: [ view_filter ] --START--
INFO: Run Behavior\WriteHtmlCacheBehavior [ RunTime:0.001215s ]
INFO: [ view_filter ] --END-- [ RunTime:0.001342s ]
INFO: [ app_end ] --START--
INFO: Run Behavior\ShowPageTraceBehavior [ RunTime:0.001201s ]
INFO: [ app_end ] --END-- [ RunTime:0.001331s ]

[ 2018-10-17T15:35:47+08:00 ] 127.0.0.1 /index.php/Shop/code/index
ERR: Cron:cron Runat 2018-10-17 15:35:47 Use 0.034413 s

[ 2018-10-17T15:35:47+08:00 ] 127.0.0.1 /index.php/Shop/code/index
INFO: [ app_init ] --START--
INFO: Run Behavior\BuildLiteBehavior [ RunTime:0.000031s ]
INFO: [ app_init ] --END-- [ RunTime:0.000898s ]
INFO: [ app_begin ] --START--
INFO: Run Behavior\ReadHtmlCacheBehavior [ RunTime:0.001272s ]
SQL: SHOW COLUMNS FROM `red_indent` [ RunTime:0.0160s ]
SQL: SELECT * FROM `red_indent` WHERE `status` = 2  [ RunTime:0.0004s ]
INFO: Run Behavior\CronRunBehavior [ RunTime:0.044596s ]
INFO: [ app_begin ] --END-- [ RunTime:0.046112s ]
SQL: SHOW COLUMNS FROM `red_code` [ RunTime:0.0138s ]
SQL: SELECT `id`,`number` FROM `red_code` ORDER BY id desc LIMIT 1   [ RunTime:0.0003s ]
SQL: SHOW COLUMNS FROM `red_code_num` [ RunTime:0.0159s ]
SQL: SELECT COUNT(*) AS tp_count FROM `red_code_num` WHERE `shop_id` = 1 LIMIT 1   [ RunTime:0.0003s ]
NOTIC: [8] Undefined index: p E:\wamp\www\anti\Application\Shop\Controller\CodeController.class.php 第 20 行.
SQL: SELECT * FROM `red_code_num` WHERE `shop_id` = 1 ORDER BY id desc LIMIT 0,25   [ RunTime:0.0052s ]
INFO: [ view_parse ] --START--
INFO: [ template_filter ] --START--
INFO: Run Behavior\ContentReplaceBehavior [ RunTime:0.000255s ]
INFO: [ template_filter ] --END-- [ RunTime:0.000390s ]
NOTIC: [8] Undefined variable: vo E:\wamp\www\anti\Application\Runtime\Cache\Shop\0ecac93d4ba3ac4711583923c549d07f.php 第 766 行.
NOTIC: [8] Use of undefined constant id - assumed 'id' E:\wamp\www\anti\Application\Runtime\Cache\Shop\0ecac93d4ba3ac4711583923c549d07f.php 第 805 行.
SQL: SELECT COUNT(*) AS tp_count FROM `red_code` WHERE `code_num_id` = 17 LIMIT 1   [ RunTime:0.0004s ]
SQL: SHOW COLUMNS FROM `red_shop` [ RunTime:0.0162s ]
SQL: SELECT `name` FROM `red_shop` WHERE `id` = 1 LIMIT 1   [ RunTime:0.0003s ]
NOTIC: [8] Undefined index: status E:\wamp\www\anti\Application\Runtime\Cache\Shop\0ecac93d4ba3ac4711583923c549d07f.php 第 823 行.
NOTIC: [8] Use of undefined constant id - assumed 'id' E:\wamp\www\anti\Application\Runtime\Cache\Shop\0ecac93d4ba3ac4711583923c549d07f.php 第 805 行.
SQL: SELECT COUNT(*) AS tp_count FROM `red_code` WHERE `code_num_id` = 16 LIMIT 1   [ RunTime:0.0003s ]
SQL: SELECT `name` FROM `red_shop` WHERE `id` = 1 LIMIT 1   [ RunTime:0.0002s ]
NOTIC: [8] Undefined index: status E:\wamp\www\anti\Application\Runtime\Cache\Shop\0ecac93d4ba3ac4711583923c549d07f.php 第 823 行.
SQL: SELECT COUNT(*) AS tp_count FROM `red_code` WHERE `code_num_id` = 17 LIMIT 1   [ RunTime:0.0002s ]
SQL: SELECT COUNT(*) AS tp_count FROM `red_code` WHERE `code_num_id` = 16 LIMIT 1   [ RunTime:0.0002s ]
INFO: Run Behavior\ParseTemplateBehavior [ RunTime:0.050369s ]
INFO: [ view_parse ] --END-- [ RunTime:0.050495s ]
INFO: [ view_filter ] --START--
INFO: Run Behavior\WriteHtmlCacheBehavior [ RunTime:0.001223s ]
INFO: [ view_filter ] --END-- [ RunTime:0.001351s ]
INFO: [ app_end ] --START--
INFO: Run Behavior\ShowPageTraceBehavior [ RunTime:0.002329s ]
INFO: [ app_end ] --END-- [ RunTime:0.002474s ]

