[ 2018-10-12T10:08:37+08:00 ] 127.0.0.1 /index.php/shop/login
ERR: Cron:cron Runat 2018-10-12 10:08:37 Use 0.072896 s

[ 2018-10-12T10:08:38+08:00 ] 127.0.0.1 /index.php/shop/login
INFO: [ app_init ] --START--
INFO: Run Behavior\BuildLiteBehavior [ RunTime:0.000033s ]
INFO: [ app_init ] --END-- [ RunTime:0.001819s ]
INFO: [ app_begin ] --START--
INFO: Run Behavior\ReadHtmlCacheBehavior [ RunTime:0.002100s ]
SQL: SHOW COLUMNS FROM `red_indent` [ RunTime:0.0530s ]
SQL: SELECT * FROM `red_indent` WHERE `status` = 2  [ RunTime:0.0005s ]
INFO: Run Behavior\CronRunBehavior [ RunTime:0.109938s ]
INFO: [ app_begin ] --END-- [ RunTime:0.112303s ]
INFO: [ view_parse ] --START--
INFO: [ template_filter ] --START--
INFO: Run Behavior\ContentReplaceBehavior [ RunTime:0.000132s ]
INFO: [ template_filter ] --END-- [ RunTime:0.000297s ]
INFO: Run Behavior\ParseTemplateBehavior [ RunTime:0.085165s ]
INFO: [ view_parse ] --END-- [ RunTime:0.085318s ]
INFO: [ view_filter ] --START--
INFO: Run Behavior\WriteHtmlCacheBehavior [ RunTime:0.003319s ]
INFO: [ view_filter ] --END-- [ RunTime:0.003453s ]
INFO: [ app_end ] --START--
INFO: Run Behavior\ShowPageTraceBehavior [ RunTime:0.001919s ]
INFO: [ app_end ] --END-- [ RunTime:0.002060s ]

[ 2018-10-12T10:08:38+08:00 ] 127.0.0.1 /index.php/Shop/login/verify.html
INFO: [ app_init ] --START--
INFO: Run Behavior\BuildLiteBehavior [ RunTime:0.000034s ]
INFO: [ app_init ] --END-- [ RunTime:0.001689s ]
INFO: [ app_begin ] --START--
INFO: Run Behavior\ReadHtmlCacheBehavior [ RunTime:0.001904s ]
INFO: Run Behavior\CronRunBehavior [ RunTime:0.015766s ]
INFO: [ app_begin ] --END-- [ RunTime:0.017975s ]
INFO: [ app_end ] --START--
INFO: Run Behavior\ShowPageTraceBehavior [ RunTime:0.001487s ]
INFO: [ app_end ] --END-- [ RunTime:0.001652s ]

[ 2018-10-12T10:11:24+08:00 ] 127.0.0.1 /index.php/Shop/Login/index
ERR: Cron:cron Runat 2018-10-12 10:11:24 Use 0.070159 s

[ 2018-10-12T10:11:24+08:00 ] 127.0.0.1 /index.php/Shop/Login/index
INFO: [ app_init ] --START--
INFO: Run Behavior\BuildLiteBehavior [ RunTime:0.000031s ]
INFO: [ app_init ] --END-- [ RunTime:0.000910s ]
INFO: [ app_begin ] --START--
INFO: Run Behavior\ReadHtmlCacheBehavior [ RunTime:0.001531s ]
SQL: SHOW COLUMNS FROM `red_indent` [ RunTime:0.0516s ]
SQL: SELECT * FROM `red_indent` WHERE `status` = 2  [ RunTime:0.0005s ]
INFO: Run Behavior\CronRunBehavior [ RunTime:0.086825s ]
INFO: [ app_begin ] --END-- [ RunTime:0.088573s ]
SQL: SHOW COLUMNS FROM `red_shop` [ RunTime:0.0398s ]
SQL: SELECT * FROM `red_shop` WHERE ( username = "admin" ) LIMIT 1   [ RunTime:0.0004s ]
NOTIC: [2] Missing argument 3 for show(), called in E:\wamp\www\anti\Application\Shop\Controller\LoginController.class.php on line 20 and defined E:\wamp\www\anti\Application\Shop\Common\function.php 第 12 行.
NOTIC: [8] Undefined variable: data E:\wamp\www\anti\Application\Shop\Common\function.php 第 16 行.

[ 2018-10-12T10:11:29+08:00 ] 127.0.0.1 /index.php/Shop/Login/index
INFO: [ app_init ] --START--
INFO: Run Behavior\BuildLiteBehavior [ RunTime:0.000031s ]
INFO: [ app_init ] --END-- [ RunTime:0.000996s ]
INFO: [ app_begin ] --START--
INFO: Run Behavior\ReadHtmlCacheBehavior [ RunTime:0.001216s ]
INFO: Run Behavior\CronRunBehavior [ RunTime:0.015347s ]
INFO: [ app_begin ] --END-- [ RunTime:0.016811s ]
SQL: SHOW COLUMNS FROM `red_shop` [ RunTime:0.0614s ]
NOTIC: [2] Missing argument 3 for show(), called in E:\wamp\www\anti\Application\Shop\Controller\LoginController.class.php on line 15 and defined E:\wamp\www\anti\Application\Shop\Common\function.php 第 12 行.
NOTIC: [8] Undefined variable: data E:\wamp\www\anti\Application\Shop\Common\function.php 第 16 行.

[ 2018-10-12T10:11:31+08:00 ] 127.0.0.1 /index.php/Shop/Login/verify/0.01990121358339092
INFO: [ app_init ] --START--
INFO: Run Behavior\BuildLiteBehavior [ RunTime:0.000032s ]
INFO: [ app_init ] --END-- [ RunTime:0.000994s ]
INFO: [ app_begin ] --START--
INFO: Run Behavior\ReadHtmlCacheBehavior [ RunTime:0.001364s ]
INFO: Run Behavior\CronRunBehavior [ RunTime:0.007317s ]
INFO: [ app_begin ] --END-- [ RunTime:0.008924s ]
INFO: [ app_end ] --START--
INFO: Run Behavior\ShowPageTraceBehavior [ RunTime:0.001948s ]
INFO: [ app_end ] --END-- [ RunTime:0.002290s ]

[ 2018-10-12T10:11:35+08:00 ] 127.0.0.1 /index.php/Shop/Login/index
ERR: Cron:cron Runat 2018-10-12 10:11:35 Use 0.076073 s

[ 2018-10-12T10:11:35+08:00 ] 127.0.0.1 /index.php/Shop/Login/index
INFO: [ app_init ] --START--
INFO: Run Behavior\BuildLiteBehavior [ RunTime:0.000033s ]
INFO: [ app_init ] --END-- [ RunTime:0.000959s ]
INFO: [ app_begin ] --START--
INFO: Run Behavior\ReadHtmlCacheBehavior [ RunTime:0.001238s ]
SQL: SHOW COLUMNS FROM `red_indent` [ RunTime:0.0572s ]
SQL: SELECT * FROM `red_indent` WHERE `status` = 2  [ RunTime:0.0004s ]
INFO: Run Behavior\CronRunBehavior [ RunTime:0.099063s ]
INFO: [ app_begin ] --END-- [ RunTime:0.100549s ]
SQL: SHOW COLUMNS FROM `red_shop` [ RunTime:0.0497s ]
SQL: SELECT * FROM `red_shop` WHERE ( username = "admin1" ) LIMIT 1   [ RunTime:0.0005s ]
NOTIC: [2] Missing argument 3 for show(), called in E:\wamp\www\anti\Application\Shop\Controller\LoginController.class.php on line 27 and defined E:\wamp\www\anti\Application\Shop\Common\function.php 第 12 行.
NOTIC: [8] Undefined variable: data E:\wamp\www\anti\Application\Shop\Common\function.php 第 16 行.

[ 2018-10-12T10:13:13+08:00 ] 127.0.0.1 /index.php/shop/login
ERR: Cron:cron Runat 2018-10-12 10:13:13 Use 0.082595 s

[ 2018-10-12T10:13:13+08:00 ] 127.0.0.1 /index.php/shop/login
INFO: [ app_init ] --START--
INFO: Run Behavior\BuildLiteBehavior [ RunTime:0.000228s ]
INFO: [ app_init ] --END-- [ RunTime:0.001698s ]
INFO: [ app_begin ] --START--
INFO: Run Behavior\ReadHtmlCacheBehavior [ RunTime:0.001390s ]
SQL: SHOW COLUMNS FROM `red_indent` [ RunTime:0.0635s ]
SQL: SELECT * FROM `red_indent` WHERE `status` = 2  [ RunTime:0.0006s ]
INFO: Run Behavior\CronRunBehavior [ RunTime:0.112761s ]
INFO: [ app_begin ] --END-- [ RunTime:0.114414s ]
INFO: [ view_parse ] --START--
INFO: [ template_filter ] --START--
INFO: Run Behavior\ContentReplaceBehavior [ RunTime:0.000116s ]
INFO: [ template_filter ] --END-- [ RunTime:0.000513s ]
INFO: Run Behavior\ParseTemplateBehavior [ RunTime:0.068957s ]
INFO: [ view_parse ] --END-- [ RunTime:0.069117s ]
INFO: [ view_filter ] --START--
INFO: Run Behavior\WriteHtmlCacheBehavior [ RunTime:0.001171s ]
INFO: [ view_filter ] --END-- [ RunTime:0.001310s ]
INFO: [ app_end ] --START--
INFO: Run Behavior\ShowPageTraceBehavior [ RunTime:0.001299s ]
INFO: [ app_end ] --END-- [ RunTime:0.001431s ]

[ 2018-10-12T10:13:13+08:00 ] 127.0.0.1 /index.php/Shop/login/verify.html
INFO: [ app_init ] --START--
INFO: Run Behavior\BuildLiteBehavior [ RunTime:0.000036s ]
INFO: [ app_init ] --END-- [ RunTime:0.001294s ]
INFO: [ app_begin ] --START--
INFO: Run Behavior\ReadHtmlCacheBehavior [ RunTime:0.001361s ]
INFO: Run Behavior\CronRunBehavior [ RunTime:0.045492s ]
INFO: [ app_begin ] --END-- [ RunTime:0.047171s ]
INFO: [ app_end ] --START--
INFO: Run Behavior\ShowPageTraceBehavior [ RunTime:0.001545s ]
INFO: [ app_end ] --END-- [ RunTime:0.001766s ]

[ 2018-10-12T10:13:27+08:00 ] 127.0.0.1 /index.php/Shop/Login/index
ERR: Cron:cron Runat 2018-10-12 10:13:27 Use 0.078349 s

[ 2018-10-12T10:13:27+08:00 ] 127.0.0.1 /index.php/Shop/Login/index
INFO: [ app_init ] --START--
INFO: Run Behavior\BuildLiteBehavior [ RunTime:0.000042s ]
INFO: [ app_init ] --END-- [ RunTime:0.001426s ]
INFO: [ app_begin ] --START--
INFO: Run Behavior\ReadHtmlCacheBehavior [ RunTime:0.001309s ]
SQL: SHOW COLUMNS FROM `red_indent` [ RunTime:0.0602s ]
SQL: SELECT * FROM `red_indent` WHERE `status` = 2  [ RunTime:0.0005s ]
INFO: Run Behavior\CronRunBehavior [ RunTime:0.101122s ]
INFO: [ app_begin ] --END-- [ RunTime:0.102710s ]
SQL: SHOW COLUMNS FROM `red_shop` [ RunTime:0.0769s ]
NOTIC: [2] Missing argument 3 for show(), called in E:\wamp\www\anti\Application\Shop\Controller\LoginController.class.php on line 15 and defined E:\wamp\www\anti\Application\Shop\Common\function.php 第 12 行.
NOTIC: [8] Undefined variable: data E:\wamp\www\anti\Application\Shop\Common\function.php 第 16 行.

[ 2018-10-12T10:13:30+08:00 ] 127.0.0.1 /index.php/Shop/Login/verify/0.9052613174737274
INFO: [ app_init ] --START--
INFO: Run Behavior\BuildLiteBehavior [ RunTime:0.000033s ]
INFO: [ app_init ] --END-- [ RunTime:0.001256s ]
INFO: [ app_begin ] --START--
INFO: Run Behavior\ReadHtmlCacheBehavior [ RunTime:0.001723s ]
INFO: Run Behavior\CronRunBehavior [ RunTime:0.016178s ]
INFO: [ app_begin ] --END-- [ RunTime:0.018188s ]
INFO: [ app_end ] --START--
INFO: Run Behavior\ShowPageTraceBehavior [ RunTime:0.001536s ]
INFO: [ app_end ] --END-- [ RunTime:0.001693s ]

[ 2018-10-12T10:13:36+08:00 ] 127.0.0.1 /index.php/Shop/Login/index
INFO: [ app_init ] --START--
INFO: Run Behavior\BuildLiteBehavior [ RunTime:0.000035s ]
INFO: [ app_init ] --END-- [ RunTime:0.001148s ]
INFO: [ app_begin ] --START--
INFO: Run Behavior\ReadHtmlCacheBehavior [ RunTime:0.002110s ]
INFO: Run Behavior\CronRunBehavior [ RunTime:0.007434s ]
INFO: [ app_begin ] --END-- [ RunTime:0.009841s ]
SQL: SHOW COLUMNS FROM `red_shop` [ RunTime:0.0646s ]
NOTIC: [2] Missing argument 3 for show(), called in E:\wamp\www\anti\Application\Shop\Controller\LoginController.class.php on line 15 and defined E:\wamp\www\anti\Application\Shop\Common\function.php 第 12 行.
NOTIC: [8] Undefined variable: data E:\wamp\www\anti\Application\Shop\Common\function.php 第 16 行.

[ 2018-10-12T10:13:40+08:00 ] 127.0.0.1 /index.php/Shop/Login/verify/0.5272196810618648
ERR: Cron:cron Runat 2018-10-12 10:13:40 Use 0.067006 s

[ 2018-10-12T10:13:40+08:00 ] 127.0.0.1 /index.php/Shop/Login/verify/0.5272196810618648
INFO: [ app_init ] --START--
INFO: Run Behavior\BuildLiteBehavior [ RunTime:0.000032s ]
INFO: [ app_init ] --END-- [ RunTime:0.000950s ]
INFO: [ app_begin ] --START--
INFO: Run Behavior\ReadHtmlCacheBehavior [ RunTime:0.001819s ]
SQL: SHOW COLUMNS FROM `red_indent` [ RunTime:0.0500s ]
SQL: SELECT * FROM `red_indent` WHERE `status` = 2  [ RunTime:0.0004s ]
INFO: Run Behavior\CronRunBehavior [ RunTime:0.087777s ]
INFO: [ app_begin ] --END-- [ RunTime:0.089845s ]
INFO: [ app_end ] --START--
INFO: Run Behavior\ShowPageTraceBehavior [ RunTime:0.001448s ]
INFO: [ app_end ] --END-- [ RunTime:0.001603s ]

[ 2018-10-12T10:13:46+08:00 ] 127.0.0.1 /index.php/Shop/Login/index
INFO: [ app_init ] --START--
INFO: Run Behavior\BuildLiteBehavior [ RunTime:0.000042s ]
INFO: [ app_init ] --END-- [ RunTime:0.001315s ]
INFO: [ app_begin ] --START--
INFO: Run Behavior\ReadHtmlCacheBehavior [ RunTime:0.001289s ]
INFO: Run Behavior\CronRunBehavior [ RunTime:0.013856s ]
INFO: [ app_begin ] --END-- [ RunTime:0.015448s ]
SQL: SHOW COLUMNS FROM `red_shop` [ RunTime:0.0667s ]
SQL: SELECT * FROM `red_shop` WHERE ( username = "admin1" ) LIMIT 1   [ RunTime:0.0005s ]

[ 2018-10-12T10:14:36+08:00 ] 127.0.0.1 /index.php/shop/login
ERR: Cron:cron Runat 2018-10-12 10:14:36 Use 0.123040 s

[ 2018-10-12T10:14:36+08:00 ] 127.0.0.1 /index.php/shop/login
INFO: [ app_init ] --START--
INFO: Run Behavior\BuildLiteBehavior [ RunTime:0.000040s ]
INFO: [ app_init ] --END-- [ RunTime:0.002052s ]
INFO: [ app_begin ] --START--
INFO: Run Behavior\ReadHtmlCacheBehavior [ RunTime:0.002393s ]
SQL: SHOW COLUMNS FROM `red_indent` [ RunTime:0.0868s ]
SQL: SELECT * FROM `red_indent` WHERE `status` = 2  [ RunTime:0.0005s ]
INFO: Run Behavior\CronRunBehavior [ RunTime:0.152098s ]
INFO: [ app_begin ] --END-- [ RunTime:0.154863s ]
INFO: [ view_parse ] --START--
INFO: [ template_filter ] --START--
INFO: Run Behavior\ContentReplaceBehavior [ RunTime:0.000099s ]
INFO: [ template_filter ] --END-- [ RunTime:0.000250s ]
INFO: Run Behavior\ParseTemplateBehavior [ RunTime:0.067163s ]
INFO: [ view_parse ] --END-- [ RunTime:0.067341s ]
INFO: [ view_filter ] --START--
INFO: Run Behavior\WriteHtmlCacheBehavior [ RunTime:0.001331s ]
INFO: [ view_filter ] --END-- [ RunTime:0.001470s ]
INFO: [ app_end ] --START--
INFO: Run Behavior\ShowPageTraceBehavior [ RunTime:0.001520s ]
INFO: [ app_end ] --END-- [ RunTime:0.001674s ]

[ 2018-10-12T10:14:36+08:00 ] 127.0.0.1 /index.php/Shop/login/verify.html
INFO: [ app_init ] --START--
INFO: Run Behavior\BuildLiteBehavior [ RunTime:0.000034s ]
INFO: [ app_init ] --END-- [ RunTime:0.001252s ]
INFO: [ app_begin ] --START--
INFO: Run Behavior\ReadHtmlCacheBehavior [ RunTime:0.001151s ]
INFO: Run Behavior\CronRunBehavior [ RunTime:0.016669s ]
INFO: [ app_begin ] --END-- [ RunTime:0.018071s ]
INFO: [ app_end ] --START--
INFO: Run Behavior\ShowPageTraceBehavior [ RunTime:0.002967s ]
INFO: [ app_end ] --END-- [ RunTime:0.003169s ]

[ 2018-10-12T10:14:43+08:00 ] 127.0.0.1 /index.php/Shop/Login/index
INFO: [ app_init ] --START--
INFO: Run Behavior\BuildLiteBehavior [ RunTime:0.000035s ]
INFO: [ app_init ] --END-- [ RunTime:0.002706s ]
INFO: [ app_begin ] --START--
INFO: Run Behavior\ReadHtmlCacheBehavior [ RunTime:0.002990s ]
INFO: Run Behavior\CronRunBehavior [ RunTime:0.021817s ]
INFO: [ app_begin ] --END-- [ RunTime:0.025126s ]
SQL: SHOW COLUMNS FROM `red_shop` [ RunTime:0.0650s ]
NOTIC: [2] Missing argument 3 for show(), called in E:\wamp\www\anti\Application\Shop\Controller\LoginController.class.php on line 15 and defined E:\wamp\www\anti\Application\Shop\Common\function.php 第 12 行.
NOTIC: [8] Undefined variable: data E:\wamp\www\anti\Application\Shop\Common\function.php 第 16 行.

[ 2018-10-12T10:14:45+08:00 ] 127.0.0.1 /index.php/Shop/Login/verify/0.08937822106410676
INFO: [ app_init ] --START--
INFO: Run Behavior\BuildLiteBehavior [ RunTime:0.000310s ]
INFO: [ app_init ] --END-- [ RunTime:0.001513s ]
INFO: [ app_begin ] --START--
INFO: Run Behavior\ReadHtmlCacheBehavior [ RunTime:0.001382s ]
INFO: Run Behavior\CronRunBehavior [ RunTime:0.008480s ]
INFO: [ app_begin ] --END-- [ RunTime:0.010191s ]
INFO: [ app_end ] --START--
INFO: Run Behavior\ShowPageTraceBehavior [ RunTime:0.002974s ]
INFO: [ app_end ] --END-- [ RunTime:0.003163s ]

[ 2018-10-12T10:14:46+08:00 ] 127.0.0.1 /index.php/Shop/Login/verify/0.3317371890573424
ERR: Cron:cron Runat 2018-10-12 10:14:46 Use 0.105033 s

[ 2018-10-12T10:14:47+08:00 ] 127.0.0.1 /index.php/Shop/Login/verify/0.3317371890573424
INFO: [ app_init ] --START--
INFO: Run Behavior\BuildLiteBehavior [ RunTime:0.000038s ]
INFO: [ app_init ] --END-- [ RunTime:0.001321s ]
INFO: [ app_begin ] --START--
INFO: Run Behavior\ReadHtmlCacheBehavior [ RunTime:0.001954s ]
SQL: SHOW COLUMNS FROM `red_indent` [ RunTime:0.0866s ]
SQL: SELECT * FROM `red_indent` WHERE `status` = 2  [ RunTime:0.0005s ]
INFO: Run Behavior\CronRunBehavior [ RunTime:0.120400s ]
INFO: [ app_begin ] --END-- [ RunTime:0.122671s ]
INFO: [ app_end ] --START--
INFO: Run Behavior\ShowPageTraceBehavior [ RunTime:0.001563s ]
INFO: [ app_end ] --END-- [ RunTime:0.001716s ]

[ 2018-10-12T10:14:52+08:00 ] 127.0.0.1 /index.php/Shop/Login/index
INFO: [ app_init ] --START--
INFO: Run Behavior\BuildLiteBehavior [ RunTime:0.000036s ]
INFO: [ app_init ] --END-- [ RunTime:0.002617s ]
INFO: [ app_begin ] --START--
INFO: Run Behavior\ReadHtmlCacheBehavior [ RunTime:0.001340s ]
INFO: Run Behavior\CronRunBehavior [ RunTime:0.032282s ]
INFO: [ app_begin ] --END-- [ RunTime:0.033886s ]
SQL: SHOW COLUMNS FROM `red_shop` [ RunTime:0.0547s ]
SQL: SELECT * FROM `red_shop` WHERE ( username = "admin1" ) LIMIT 1   [ RunTime:0.0005s ]
NOTIC: [2] Missing argument 3 for show(), called in E:\wamp\www\anti\Application\Shop\Controller\LoginController.class.php on line 33 and defined E:\wamp\www\anti\Application\Shop\Common\function.php 第 12 行.
NOTIC: [8] Undefined variable: data E:\wamp\www\anti\Application\Shop\Common\function.php 第 16 行.

[ 2018-10-12T10:15:00+08:00 ] 127.0.0.1 /index.php/Shop/Login/verify/0.7580049666097379
ERR: Cron:cron Runat 2018-10-12 10:15:00 Use 0.101143 s

[ 2018-10-12T10:15:00+08:00 ] 127.0.0.1 /index.php/Shop/Login/verify/0.7580049666097379
INFO: [ app_init ] --START--
INFO: Run Behavior\BuildLiteBehavior [ RunTime:0.000034s ]
INFO: [ app_init ] --END-- [ RunTime:0.000919s ]
INFO: [ app_begin ] --START--
INFO: Run Behavior\ReadHtmlCacheBehavior [ RunTime:0.001279s ]
SQL: SHOW COLUMNS FROM `red_indent` [ RunTime:0.0790s ]
SQL: SELECT * FROM `red_indent` WHERE `status` = 2  [ RunTime:0.0005s ]
INFO: Run Behavior\CronRunBehavior [ RunTime:0.118851s ]
INFO: [ app_begin ] --END-- [ RunTime:0.120375s ]
INFO: [ app_end ] --START--
INFO: Run Behavior\ShowPageTraceBehavior [ RunTime:0.001548s ]
INFO: [ app_end ] --END-- [ RunTime:0.001719s ]

[ 2018-10-12T10:15:05+08:00 ] 127.0.0.1 /index.php/Shop/Login/index
INFO: [ app_init ] --START--
INFO: Run Behavior\BuildLiteBehavior [ RunTime:0.000033s ]
INFO: [ app_init ] --END-- [ RunTime:0.000923s ]
INFO: [ app_begin ] --START--
INFO: Run Behavior\ReadHtmlCacheBehavior [ RunTime:0.001171s ]
INFO: Run Behavior\CronRunBehavior [ RunTime:0.029201s ]
INFO: [ app_begin ] --END-- [ RunTime:0.033463s ]
SQL: SHOW COLUMNS FROM `red_shop` [ RunTime:0.0570s ]
SQL: SELECT * FROM `red_shop` WHERE ( username = "admin1" ) LIMIT 1   [ RunTime:0.0004s ]
NOTIC: [2] Missing argument 3 for show(), called in E:\wamp\www\anti\Application\Shop\Controller\LoginController.class.php on line 36 and defined E:\wamp\www\anti\Application\Shop\Common\function.php 第 12 行.
NOTIC: [8] Undefined variable: data E:\wamp\www\anti\Application\Shop\Common\function.php 第 16 行.

[ 2018-10-12T10:15:05+08:00 ] 127.0.0.1 /index.php/Shop/index/index
INFO: [ app_init ] --START--
INFO: Run Behavior\BuildLiteBehavior [ RunTime:0.000034s ]
INFO: [ app_init ] --END-- [ RunTime:0.001026s ]
INFO: [ app_begin ] --START--
INFO: Run Behavior\ReadHtmlCacheBehavior [ RunTime:0.001473s ]
INFO: Run Behavior\CronRunBehavior [ RunTime:0.012016s ]
INFO: [ app_begin ] --END-- [ RunTime:0.013836s ]
SQL: SHOW COLUMNS FROM `red_member` [ RunTime:0.0660s ]
SQL: SELECT COUNT(*) AS tp_count FROM `red_member` WHERE `time` BETWEEN 1539273600 AND 1539359999 LIMIT 1   [ RunTime:0.0005s ]
NOTIC: [8] Undefined variable: zong E:\wamp\www\anti\Application\Shop\Controller\IndexController.class.php 第 19 行.
SQL: SELECT COUNT(*) AS tp_count FROM `red_member` WHERE `time` BETWEEN 1538323200 AND 1541001599 LIMIT 1   [ RunTime:0.0003s ]
INFO: [ view_parse ] --START--
INFO: [ template_filter ] --START--
INFO: Run Behavior\ContentReplaceBehavior [ RunTime:0.000358s ]
INFO: [ template_filter ] --END-- [ RunTime:0.000519s ]
NOTIC: [8] Undefined variable: area E:\wamp\www\anti\Application\Runtime\Cache\Shop\351e9ce800c2e5a2a49b1b70e37b7e59.php 第 926 行.
NOTIC: [8] Undefined variable: list E:\wamp\www\anti\Application\Runtime\Cache\Shop\351e9ce800c2e5a2a49b1b70e37b7e59.php 第 968 行.
NOTIC: [8] Undefined index: month_money E:\wamp\www\anti\Application\Runtime\Cache\Shop\351e9ce800c2e5a2a49b1b70e37b7e59.php 第 1030 行.
NOTIC: [8] Undefined variable: page E:\wamp\www\anti\Application\Runtime\Cache\Shop\351e9ce800c2e5a2a49b1b70e37b7e59.php 第 1036 行.
INFO: Run Behavior\ParseTemplateBehavior [ RunTime:0.075879s ]
INFO: [ view_parse ] --END-- [ RunTime:0.076017s ]
INFO: [ view_filter ] --START--
INFO: Run Behavior\WriteHtmlCacheBehavior [ RunTime:0.001218s ]
INFO: [ view_filter ] --END-- [ RunTime:0.001356s ]
INFO: [ app_end ] --START--
INFO: Run Behavior\ShowPageTraceBehavior [ RunTime:0.001295s ]
INFO: [ app_end ] --END-- [ RunTime:0.001428s ]

[ 2018-10-12T10:15:26+08:00 ] 127.0.0.1 /index.php/Shop/shop/daili_index
ERR: Cron:cron Runat 2018-10-12 10:15:26 Use 0.072207 s

[ 2018-10-12T10:15:26+08:00 ] 127.0.0.1 /index.php/Shop/shop/daili_index
INFO: [ app_init ] --START--
INFO: Run Behavior\BuildLiteBehavior [ RunTime:0.000037s ]
INFO: [ app_init ] --END-- [ RunTime:0.002006s ]
INFO: [ app_begin ] --START--
INFO: Run Behavior\ReadHtmlCacheBehavior [ RunTime:0.003822s ]
SQL: SHOW COLUMNS FROM `red_indent` [ RunTime:0.0546s ]
SQL: SELECT * FROM `red_indent` WHERE `status` = 2  [ RunTime:0.0005s ]
INFO: Run Behavior\CronRunBehavior [ RunTime:0.100169s ]
INFO: [ app_begin ] --END-- [ RunTime:0.104373s ]
SQL: SHOW COLUMNS FROM `red_shop` [ RunTime:0.0451s ]
ERR: Think\Model:shoptree方法不存在！

