[ 2018-05-19T08:45:45+08:00 ] 127.0.0.1 /index.php/Home/index/index
INFO: [ app_init ] --START--
INFO: Run Behavior\BuildLiteBehavior [ RunTime:0.000000s ]
INFO: [ app_init ] --END-- [ RunTime:0.008000s ]
INFO: [ app_begin ] --START--
INFO: Run Behavior\ReadHtmlCacheBehavior [ RunTime:0.002001s ]
INFO: [ app_begin ] --END-- [ RunTime:0.002001s ]
SQL: SHOW COLUMNS FROM `fen_class` [ RunTime:0.0160s ]
SQL: SELECT * FROM `fen_class` WHERE `parentid` = 0  [ RunTime:0.0020s ]
SQL: SELECT * FROM `fen_class` WHERE `parentid` = 1  [ RunTime:0.0000s ]
SQL: SHOW COLUMNS FROM `fen_product` [ RunTime:0.0080s ]
SQL: SELECT `id`,`name`,`price`,`picture` FROM `fen_product` WHERE `class_id` IN ('6','7') AND `tuijian` = 1  [ RunTime:0.0010s ]
SQL: SELECT * FROM `fen_class` WHERE `parentid` = 2  [ RunTime:0.0000s ]
SQL: SELECT `id`,`name`,`price`,`picture` FROM `fen_product` WHERE `class_id` IN ('') AND `tuijian` = 1  [ RunTime:0.0000s ]
SQL: SELECT * FROM `fen_class` WHERE `parentid` = 3  [ RunTime:0.0000s ]
SQL: SELECT `id`,`name`,`price`,`picture` FROM `fen_product` WHERE `class_id` IN ('') AND `tuijian` = 1  [ RunTime:0.0000s ]
SQL: SELECT * FROM `fen_class` WHERE `parentid` = 4  [ RunTime:0.0000s ]
SQL: SELECT `id`,`name`,`price`,`picture` FROM `fen_product` WHERE `class_id` IN ('') AND `tuijian` = 1  [ RunTime:0.0000s ]
SQL: SELECT * FROM `fen_class` WHERE `parentid` = 5  [ RunTime:0.0000s ]
SQL: SELECT `id`,`name`,`price`,`picture` FROM `fen_product` WHERE `class_id` IN ('') AND `tuijian` = 1  [ RunTime:0.0000s ]
SQL: SELECT COUNT(*) AS tp_count FROM `fen_product` WHERE `status` = 0 LIMIT 1   [ RunTime:0.0020s ]
NOTIC: [8] Undefined index: p D:\wamp\www\fenxiao\Application\Home\Controller\IndexController.class.php 第 26 行.
SQL: SELECT * FROM `fen_product` WHERE `status` = 0 LIMIT 0,10   [ RunTime:0.0010s ]
INFO: [ view_parse ] --START--
INFO: [ template_filter ] --START--
INFO: Run Behavior\ContentReplaceBehavior [ RunTime:0.001000s ]
INFO: [ template_filter ] --END-- [ RunTime:0.001000s ]
SQL: SELECT `class_name` FROM `fen_class` WHERE `id` = 1 LIMIT 1   [ RunTime:0.0010s ]
SQL: SELECT `class_name` FROM `fen_class` WHERE `id` = 2 LIMIT 1   [ RunTime:0.0000s ]
SQL: SELECT `class_name` FROM `fen_class` WHERE `id` = 3 LIMIT 1   [ RunTime:0.0000s ]
SQL: SELECT `class_name` FROM `fen_class` WHERE `id` = 4 LIMIT 1   [ RunTime:0.0000s ]
SQL: SELECT `class_name` FROM `fen_class` WHERE `id` = 5 LIMIT 1   [ RunTime:0.0000s ]
INFO: Run Behavior\ParseTemplateBehavior [ RunTime:0.026001s ]
INFO: [ view_parse ] --END-- [ RunTime:0.026001s ]
INFO: [ view_filter ] --START--
INFO: Run Behavior\WriteHtmlCacheBehavior [ RunTime:0.002000s ]
INFO: [ view_filter ] --END-- [ RunTime:0.002000s ]
INFO: [ app_end ] --START--
INFO: Run Behavior\ShowPageTraceBehavior [ RunTime:0.002000s ]
INFO: [ app_end ] --END-- [ RunTime:0.002000s ]

[ 2018-05-19T09:15:24+08:00 ] 127.0.0.1 /index.php/home/index/idex
INFO: [ app_init ] --START--
INFO: Run Behavior\BuildLiteBehavior [ RunTime:0.000000s ]
INFO: [ app_init ] --END-- [ RunTime:0.000000s ]
INFO: [ app_begin ] --START--
INFO: Run Behavior\ReadHtmlCacheBehavior [ RunTime:0.001000s ]
INFO: [ app_begin ] --END-- [ RunTime:0.001000s ]
ERR: 非法操作:idex

[ 2018-05-19T09:15:29+08:00 ] 127.0.0.1 /index.php/Home/index/index
INFO: [ app_init ] --START--
INFO: Run Behavior\BuildLiteBehavior [ RunTime:0.000000s ]
INFO: [ app_init ] --END-- [ RunTime:0.001000s ]
INFO: [ app_begin ] --START--
INFO: Run Behavior\ReadHtmlCacheBehavior [ RunTime:0.001000s ]
INFO: [ app_begin ] --END-- [ RunTime:0.001000s ]
SQL: SHOW COLUMNS FROM `fen_class` [ RunTime:0.0060s ]
SQL: SELECT * FROM `fen_class` WHERE `parentid` = 0  [ RunTime:0.0000s ]
SQL: SELECT * FROM `fen_class` WHERE `parentid` = 1  [ RunTime:0.0000s ]
SQL: SHOW COLUMNS FROM `fen_product` [ RunTime:0.0060s ]
SQL: SELECT `id`,`name`,`price`,`picture` FROM `fen_product` WHERE `class_id` IN ('6','7') AND `tuijian` = 1  [ RunTime:0.0000s ]
SQL: SELECT * FROM `fen_class` WHERE `parentid` = 2  [ RunTime:0.0000s ]
SQL: SELECT `id`,`name`,`price`,`picture` FROM `fen_product` WHERE `class_id` IN ('') AND `tuijian` = 1  [ RunTime:0.0010s ]
SQL: SELECT * FROM `fen_class` WHERE `parentid` = 3  [ RunTime:0.0010s ]
SQL: SELECT `id`,`name`,`price`,`picture` FROM `fen_product` WHERE `class_id` IN ('') AND `tuijian` = 1  [ RunTime:0.0000s ]
SQL: SELECT * FROM `fen_class` WHERE `parentid` = 4  [ RunTime:0.0000s ]
SQL: SELECT `id`,`name`,`price`,`picture` FROM `fen_product` WHERE `class_id` IN ('') AND `tuijian` = 1  [ RunTime:0.0010s ]
SQL: SELECT * FROM `fen_class` WHERE `parentid` = 5  [ RunTime:0.0010s ]
SQL: SELECT `id`,`name`,`price`,`picture` FROM `fen_product` WHERE `class_id` IN ('') AND `tuijian` = 1  [ RunTime:0.0000s ]
SQL: SELECT COUNT(*) AS tp_count FROM `fen_product` WHERE `status` = 0 LIMIT 1   [ RunTime:0.0000s ]
NOTIC: [8] Undefined index: p D:\wamp\www\fenxiao\Application\Home\Controller\IndexController.class.php 第 26 行.
SQL: SELECT * FROM `fen_product` WHERE `status` = 0 LIMIT 0,10   [ RunTime:0.0010s ]
INFO: [ view_parse ] --START--
INFO: [ template_filter ] --START--
INFO: Run Behavior\ContentReplaceBehavior [ RunTime:0.000000s ]
INFO: [ template_filter ] --END-- [ RunTime:0.000000s ]
SQL: SELECT `class_name` FROM `fen_class` WHERE `id` = 1 LIMIT 1   [ RunTime:0.0000s ]
SQL: SELECT `class_name` FROM `fen_class` WHERE `id` = 2 LIMIT 1   [ RunTime:0.0000s ]
SQL: SELECT `class_name` FROM `fen_class` WHERE `id` = 3 LIMIT 1   [ RunTime:0.0000s ]
SQL: SELECT `class_name` FROM `fen_class` WHERE `id` = 4 LIMIT 1   [ RunTime:0.0000s ]
SQL: SELECT `class_name` FROM `fen_class` WHERE `id` = 5 LIMIT 1   [ RunTime:0.0000s ]
INFO: Run Behavior\ParseTemplateBehavior [ RunTime:0.021001s ]
INFO: [ view_parse ] --END-- [ RunTime:0.021001s ]
INFO: [ view_filter ] --START--
INFO: Run Behavior\WriteHtmlCacheBehavior [ RunTime:0.001001s ]
INFO: [ view_filter ] --END-- [ RunTime:0.001001s ]
INFO: [ app_end ] --START--
INFO: Run Behavior\ShowPageTraceBehavior [ RunTime:0.002000s ]
INFO: [ app_end ] --END-- [ RunTime:0.002000s ]

[ 2018-05-19T14:18:53+08:00 ] 127.0.0.1 /index.php/Home/index/index
INFO: [ app_init ] --START--
INFO: Run Behavior\BuildLiteBehavior [ RunTime:0.000000s ]
INFO: [ app_init ] --END-- [ RunTime:0.001000s ]
INFO: [ app_begin ] --START--
INFO: Run Behavior\ReadHtmlCacheBehavior [ RunTime:0.003000s ]
INFO: [ app_begin ] --END-- [ RunTime:0.004001s ]
SQL: SHOW COLUMNS FROM `fen_class` [ RunTime:0.0080s ]
SQL: SELECT * FROM `fen_class` WHERE `parentid` = 0  [ RunTime:0.0010s ]
SQL: SELECT * FROM `fen_class` WHERE `parentid` = 1  [ RunTime:0.0010s ]
SQL: SHOW COLUMNS FROM `fen_product` [ RunTime:0.0170s ]
SQL: SELECT `id`,`name`,`price`,`picture` FROM `fen_product` WHERE `class_id` IN ('6','7') AND `tuijian` = 1  [ RunTime:0.0010s ]
SQL: SELECT * FROM `fen_class` WHERE `parentid` = 2  [ RunTime:0.0000s ]
SQL: SELECT `id`,`name`,`price`,`picture` FROM `fen_product` WHERE `class_id` IN ('') AND `tuijian` = 1  [ RunTime:0.0010s ]
SQL: SELECT * FROM `fen_class` WHERE `parentid` = 3  [ RunTime:0.0010s ]
SQL: SELECT `id`,`name`,`price`,`picture` FROM `fen_product` WHERE `class_id` IN ('') AND `tuijian` = 1  [ RunTime:0.0040s ]
SQL: SELECT * FROM `fen_class` WHERE `parentid` = 4  [ RunTime:0.0010s ]
SQL: SELECT `id`,`name`,`price`,`picture` FROM `fen_product` WHERE `class_id` IN ('') AND `tuijian` = 1  [ RunTime:0.0010s ]
SQL: SELECT * FROM `fen_class` WHERE `parentid` = 5  [ RunTime:0.0000s ]
SQL: SELECT `id`,`name`,`price`,`picture` FROM `fen_product` WHERE `class_id` IN ('') AND `tuijian` = 1  [ RunTime:0.0010s ]
SQL: SELECT COUNT(*) AS tp_count FROM `fen_product` WHERE `status` = 0 LIMIT 1   [ RunTime:0.0000s ]
NOTIC: [8] Undefined index: p D:\wamp\www\fenxiao\Application\Home\Controller\IndexController.class.php 第 26 行.
SQL: SELECT * FROM `fen_product` WHERE `status` = 0 LIMIT 0,10   [ RunTime:0.0000s ]
INFO: [ view_parse ] --START--
INFO: [ template_filter ] --START--
INFO: Run Behavior\ContentReplaceBehavior [ RunTime:0.000000s ]
INFO: [ template_filter ] --END-- [ RunTime:0.000000s ]
SQL: SELECT `class_name` FROM `fen_class` WHERE `id` = 1 LIMIT 1   [ RunTime:0.0000s ]
SQL: SELECT `class_name` FROM `fen_class` WHERE `id` = 2 LIMIT 1   [ RunTime:0.0010s ]
SQL: SELECT `class_name` FROM `fen_class` WHERE `id` = 3 LIMIT 1   [ RunTime:0.0010s ]
SQL: SELECT `class_name` FROM `fen_class` WHERE `id` = 4 LIMIT 1   [ RunTime:0.0000s ]
SQL: SELECT `class_name` FROM `fen_class` WHERE `id` = 5 LIMIT 1   [ RunTime:0.0010s ]
INFO: Run Behavior\ParseTemplateBehavior [ RunTime:0.026002s ]
INFO: [ view_parse ] --END-- [ RunTime:0.026002s ]
INFO: [ view_filter ] --START--
INFO: Run Behavior\WriteHtmlCacheBehavior [ RunTime:0.001000s ]
INFO: [ view_filter ] --END-- [ RunTime:0.002000s ]
INFO: [ app_end ] --START--
INFO: Run Behavior\ShowPageTraceBehavior [ RunTime:0.003000s ]
INFO: [ app_end ] --END-- [ RunTime:0.003000s ]

