[ 2018-03-06T08:29:48+08:00 ] 127.0.0.1 /index.php/Home/member/index
INFO: [ app_init ] --START--
INFO: Run Behavior\BuildLiteBehavior [ RunTime:0.000000s ]
INFO: [ app_init ] --END-- [ RunTime:0.010000s ]
INFO: [ app_begin ] --START--
INFO: Run Behavior\ReadHtmlCacheBehavior [ RunTime:0.001000s ]
INFO: [ app_begin ] --END-- [ RunTime:0.001000s ]

[ 2018-03-06T08:29:49+08:00 ] 127.0.0.1 /index.php/Home/login/index.html
INFO: [ app_init ] --START--
INFO: Run Behavior\BuildLiteBehavior [ RunTime:0.000000s ]
INFO: [ app_init ] --END-- [ RunTime:0.001000s ]
INFO: [ app_begin ] --START--
INFO: Run Behavior\ReadHtmlCacheBehavior [ RunTime:0.000000s ]
INFO: [ app_begin ] --END-- [ RunTime:0.001000s ]
INFO: [ view_parse ] --START--
INFO: [ template_filter ] --START--
INFO: Run Behavior\ContentReplaceBehavior [ RunTime:0.001000s ]
INFO: [ template_filter ] --END-- [ RunTime:0.001000s ]
INFO: Run Behavior\ParseTemplateBehavior [ RunTime:0.013001s ]
INFO: [ view_parse ] --END-- [ RunTime:0.014001s ]
INFO: [ view_filter ] --START--
INFO: Run Behavior\WriteHtmlCacheBehavior [ RunTime:0.002000s ]
INFO: [ view_filter ] --END-- [ RunTime:0.002000s ]
INFO: [ app_end ] --START--
INFO: Run Behavior\ShowPageTraceBehavior [ RunTime:0.005000s ]
INFO: [ app_end ] --END-- [ RunTime:0.005000s ]

[ 2018-03-06T08:29:49+08:00 ] 127.0.0.1 /index.php/Home/login/verify.html
INFO: [ app_init ] --START--
INFO: Run Behavior\BuildLiteBehavior [ RunTime:0.000000s ]
INFO: [ app_init ] --END-- [ RunTime:0.001000s ]
INFO: [ app_begin ] --START--
INFO: Run Behavior\ReadHtmlCacheBehavior [ RunTime:0.001000s ]
INFO: [ app_begin ] --END-- [ RunTime:0.001000s ]
INFO: [ app_end ] --START--
INFO: Run Behavior\ShowPageTraceBehavior [ RunTime:0.002000s ]
INFO: [ app_end ] --END-- [ RunTime:0.002000s ]

[ 2018-03-06T08:30:05+08:00 ] 127.0.0.1 /index.php/Home/Login/index
INFO: [ app_init ] --START--
INFO: Run Behavior\BuildLiteBehavior [ RunTime:0.000000s ]
INFO: [ app_init ] --END-- [ RunTime:0.001000s ]
INFO: [ app_begin ] --START--
INFO: Run Behavior\ReadHtmlCacheBehavior [ RunTime:0.000000s ]
INFO: [ app_begin ] --END-- [ RunTime:0.001000s ]
SQL: SHOW COLUMNS FROM `fen_member` [ RunTime:0.0070s ]
NOTIC: [2] Missing argument 3 for show(), called in D:\wamp\www\fenxiao\Application\Home\Controller\LoginController.class.php on line 14 and defined D:\wamp\www\fenxiao\Application\Home\Common\function.php 第 3 行.
NOTIC: [8] Undefined variable: data D:\wamp\www\fenxiao\Application\Home\Common\function.php 第 7 行.

[ 2018-03-06T08:30:07+08:00 ] 127.0.0.1 /index.php/Home/Login/verify/0.2882952729674739
INFO: [ app_init ] --START--
INFO: Run Behavior\BuildLiteBehavior [ RunTime:0.000000s ]
INFO: [ app_init ] --END-- [ RunTime:0.001000s ]
INFO: [ app_begin ] --START--
INFO: Run Behavior\ReadHtmlCacheBehavior [ RunTime:0.001000s ]
INFO: [ app_begin ] --END-- [ RunTime:0.001000s ]
INFO: [ app_end ] --START--
INFO: Run Behavior\ShowPageTraceBehavior [ RunTime:0.001000s ]
INFO: [ app_end ] --END-- [ RunTime:0.001000s ]

[ 2018-03-06T08:30:13+08:00 ] 127.0.0.1 /index.php/Home/Login/index
INFO: [ app_init ] --START--
INFO: Run Behavior\BuildLiteBehavior [ RunTime:0.000000s ]
INFO: [ app_init ] --END-- [ RunTime:0.001000s ]
INFO: [ app_begin ] --START--
INFO: Run Behavior\ReadHtmlCacheBehavior [ RunTime:0.001000s ]
INFO: [ app_begin ] --END-- [ RunTime:0.001000s ]
SQL: SHOW COLUMNS FROM `fen_member` [ RunTime:0.0050s ]
SQL: SELECT * FROM `fen_member` WHERE ( username = "admin" ) LIMIT 1   [ RunTime:0.0000s ]
NOTIC: [2] Missing argument 3 for show(), called in D:\wamp\www\fenxiao\Application\Home\Controller\LoginController.class.php on line 26 and defined D:\wamp\www\fenxiao\Application\Home\Common\function.php 第 3 行.
NOTIC: [8] Undefined variable: data D:\wamp\www\fenxiao\Application\Home\Common\function.php 第 7 行.

[ 2018-03-06T08:30:13+08:00 ] 127.0.0.1 /index.php/Home/member/index
INFO: [ app_init ] --START--
INFO: Run Behavior\BuildLiteBehavior [ RunTime:0.000000s ]
INFO: [ app_init ] --END-- [ RunTime:0.001000s ]
INFO: [ app_begin ] --START--
INFO: Run Behavior\ReadHtmlCacheBehavior [ RunTime:0.001000s ]
INFO: [ app_begin ] --END-- [ RunTime:0.001000s ]
INFO: [ view_parse ] --START--
INFO: [ template_filter ] --START--
INFO: Run Behavior\ContentReplaceBehavior [ RunTime:0.000000s ]
INFO: [ template_filter ] --END-- [ RunTime:0.000000s ]
INFO: Run Behavior\ParseTemplateBehavior [ RunTime:0.011001s ]
INFO: [ view_parse ] --END-- [ RunTime:0.011001s ]
INFO: [ view_filter ] --START--
INFO: Run Behavior\WriteHtmlCacheBehavior [ RunTime:0.001000s ]
INFO: [ view_filter ] --END-- [ RunTime:0.001000s ]
INFO: [ app_end ] --START--
INFO: Run Behavior\ShowPageTraceBehavior [ RunTime:0.001000s ]
INFO: [ app_end ] --END-- [ RunTime:0.001000s ]

[ 2018-03-06T09:43:48+08:00 ] 127.0.0.1 /index.php/Home/member/index
INFO: [ app_init ] --START--
INFO: Run Behavior\BuildLiteBehavior [ RunTime:0.000000s ]
INFO: [ app_init ] --END-- [ RunTime:0.001000s ]
INFO: [ app_begin ] --START--
INFO: Run Behavior\ReadHtmlCacheBehavior [ RunTime:0.039003s ]
INFO: [ app_begin ] --END-- [ RunTime:0.039003s ]
INFO: [ view_parse ] --START--
INFO: [ template_filter ] --START--
INFO: Run Behavior\ContentReplaceBehavior [ RunTime:0.000000s ]
INFO: [ template_filter ] --END-- [ RunTime:0.000000s ]
INFO: Run Behavior\ParseTemplateBehavior [ RunTime:0.025002s ]
INFO: [ view_parse ] --END-- [ RunTime:0.025002s ]
INFO: [ view_filter ] --START--
INFO: Run Behavior\WriteHtmlCacheBehavior [ RunTime:0.005000s ]
INFO: [ view_filter ] --END-- [ RunTime:0.005000s ]
INFO: [ app_end ] --START--
INFO: Run Behavior\ShowPageTraceBehavior [ RunTime:0.002000s ]
INFO: [ app_end ] --END-- [ RunTime:0.002000s ]

[ 2018-03-06T09:55:01+08:00 ] 127.0.0.1 /index.php/Home/member/index
INFO: [ app_init ] --START--
INFO: Run Behavior\BuildLiteBehavior [ RunTime:0.000000s ]
INFO: [ app_init ] --END-- [ RunTime:0.001000s ]
INFO: [ app_begin ] --START--
INFO: Run Behavior\ReadHtmlCacheBehavior [ RunTime:0.001001s ]
INFO: [ app_begin ] --END-- [ RunTime:0.001001s ]
INFO: [ view_parse ] --START--
INFO: [ template_filter ] --START--
INFO: Run Behavior\ContentReplaceBehavior [ RunTime:0.000000s ]
INFO: [ template_filter ] --END-- [ RunTime:0.000000s ]
INFO: Run Behavior\ParseTemplateBehavior [ RunTime:0.009000s ]
INFO: [ view_parse ] --END-- [ RunTime:0.010000s ]
INFO: [ view_filter ] --START--
INFO: Run Behavior\WriteHtmlCacheBehavior [ RunTime:0.001000s ]
INFO: [ view_filter ] --END-- [ RunTime:0.001000s ]
INFO: [ app_end ] --START--
INFO: Run Behavior\ShowPageTraceBehavior [ RunTime:0.001000s ]
INFO: [ app_end ] --END-- [ RunTime:0.001000s ]

[ 2018-03-06T09:55:05+08:00 ] 127.0.0.1 /index.php/Home/Member/ceshi
INFO: [ app_init ] --START--
INFO: Run Behavior\BuildLiteBehavior [ RunTime:0.000000s ]
INFO: [ app_init ] --END-- [ RunTime:0.001000s ]
INFO: [ app_begin ] --START--
INFO: Run Behavior\ReadHtmlCacheBehavior [ RunTime:0.001000s ]
INFO: [ app_begin ] --END-- [ RunTime:0.002000s ]
SQL: SHOW COLUMNS FROM `fen_indent` [ RunTime:0.0050s ]
SQL: SHOW COLUMNS FROM `fen_indent` [ RunTime:0.0080s ]
SQL: SELECT * FROM `fen_indent` WHERE `id` = 1 LIMIT 1   [ RunTime:0.0000s ]
SQL: SHOW COLUMNS FROM `fen_member` [ RunTime:0.0050s ]
SQL: SELECT * FROM `fen_member` WHERE `id` = 5 LIMIT 1   [ RunTime:0.0000s ]
SQL: SELECT * FROM `fen_member` WHERE `id` = 4 LIMIT 1   [ RunTime:0.0000s ]
NOTIC: [8] Undefined index: refe_sort D:\wamp\www\fenxiao\Application\Home\Model\IndentModel.class.php 第 14 行.
NOTIC: [8] Undefined index: refe_sort D:\wamp\www\fenxiao\Application\Home\Model\IndentModel.class.php 第 33 行.
NOTIC: [8] Undefined index: refe_sort D:\wamp\www\fenxiao\Application\Home\Model\IndentModel.class.php 第 52 行.
INFO: [ app_end ] --START--
INFO: Run Behavior\ShowPageTraceBehavior [ RunTime:0.002000s ]
INFO: [ app_end ] --END-- [ RunTime:0.002000s ]

[ 2018-03-06T09:56:13+08:00 ] 127.0.0.1 /index.php/Home/member/index
INFO: [ app_init ] --START--
INFO: Run Behavior\BuildLiteBehavior [ RunTime:0.000000s ]
INFO: [ app_init ] --END-- [ RunTime:0.001000s ]
INFO: [ app_begin ] --START--
INFO: Run Behavior\ReadHtmlCacheBehavior [ RunTime:0.001000s ]
INFO: [ app_begin ] --END-- [ RunTime:0.001000s ]
INFO: [ view_parse ] --START--
INFO: [ template_filter ] --START--
INFO: Run Behavior\ContentReplaceBehavior [ RunTime:0.000000s ]
INFO: [ template_filter ] --END-- [ RunTime:0.000000s ]
INFO: Run Behavior\ParseTemplateBehavior [ RunTime:0.010001s ]
INFO: [ view_parse ] --END-- [ RunTime:0.010001s ]
INFO: [ view_filter ] --START--
INFO: Run Behavior\WriteHtmlCacheBehavior [ RunTime:0.001000s ]
INFO: [ view_filter ] --END-- [ RunTime:0.001000s ]
INFO: [ app_end ] --START--
INFO: Run Behavior\ShowPageTraceBehavior [ RunTime:0.002000s ]
INFO: [ app_end ] --END-- [ RunTime:0.002000s ]

[ 2018-03-06T09:56:14+08:00 ] 127.0.0.1 /index.php/Home/Member/ceshi
INFO: [ app_init ] --START--
INFO: Run Behavior\BuildLiteBehavior [ RunTime:0.000000s ]
INFO: [ app_init ] --END-- [ RunTime:0.000000s ]
INFO: [ app_begin ] --START--
INFO: Run Behavior\ReadHtmlCacheBehavior [ RunTime:0.002000s ]
INFO: [ app_begin ] --END-- [ RunTime:0.003000s ]
SQL: SHOW COLUMNS FROM `fen_indent` [ RunTime:0.0090s ]
SQL: SHOW COLUMNS FROM `fen_indent` [ RunTime:0.0080s ]
SQL: SELECT * FROM `fen_indent` WHERE `id` = 1 LIMIT 1   [ RunTime:0.0010s ]

[ 2018-03-06T09:56:48+08:00 ] 127.0.0.1 /index.php/Home/Member/ceshi
INFO: [ app_init ] --START--
INFO: Run Behavior\BuildLiteBehavior [ RunTime:0.000000s ]
INFO: [ app_init ] --END-- [ RunTime:0.001000s ]
INFO: [ app_begin ] --START--
INFO: Run Behavior\ReadHtmlCacheBehavior [ RunTime:0.001000s ]
INFO: [ app_begin ] --END-- [ RunTime:0.001000s ]
SQL: SHOW COLUMNS FROM `fen_indent` [ RunTime:0.0050s ]
SQL: SHOW COLUMNS FROM `fen_indent` [ RunTime:0.0060s ]
SQL: SELECT * FROM `fen_indent` WHERE `id` = 1 LIMIT 1   [ RunTime:0.0000s ]
SQL: SHOW COLUMNS FROM `fen_member` [ RunTime:0.0040s ]
SQL: SELECT * FROM `fen_member` WHERE `id` = 5 LIMIT 1   [ RunTime:0.0010s ]
SQL: SELECT * FROM `fen_member` WHERE `id` = 4 LIMIT 1   [ RunTime:0.0010s ]

[ 2018-03-06T09:59:14+08:00 ] 127.0.0.1 /index.php/Home/Member/ceshi
INFO: [ app_init ] --START--
INFO: Run Behavior\BuildLiteBehavior [ RunTime:0.000000s ]
INFO: [ app_init ] --END-- [ RunTime:0.001000s ]
INFO: [ app_begin ] --START--
INFO: Run Behavior\ReadHtmlCacheBehavior [ RunTime:0.001000s ]
INFO: [ app_begin ] --END-- [ RunTime:0.001000s ]
SQL: SHOW COLUMNS FROM `fen_indent` [ RunTime:0.0060s ]
SQL: SHOW COLUMNS FROM `fen_indent` [ RunTime:0.0050s ]
SQL: SELECT * FROM `fen_indent` WHERE `id` = 1 LIMIT 1   [ RunTime:0.0010s ]
SQL: SHOW COLUMNS FROM `fen_member` [ RunTime:0.0070s ]
SQL: SELECT * FROM `fen_member` WHERE `id` = 5 LIMIT 1   [ RunTime:0.0010s ]
SQL: SELECT * FROM `fen_member` WHERE `id` = 4 LIMIT 1   [ RunTime:0.0010s ]

[ 2018-03-06T09:59:37+08:00 ] 127.0.0.1 /index.php/Home/Member/ceshi
INFO: [ app_init ] --START--
INFO: Run Behavior\BuildLiteBehavior [ RunTime:0.000000s ]
INFO: [ app_init ] --END-- [ RunTime:0.001000s ]
INFO: [ app_begin ] --START--
INFO: Run Behavior\ReadHtmlCacheBehavior [ RunTime:0.001000s ]
INFO: [ app_begin ] --END-- [ RunTime:0.001000s ]
SQL: SHOW COLUMNS FROM `fen_indent` [ RunTime:0.0060s ]
SQL: SHOW COLUMNS FROM `fen_indent` [ RunTime:0.0070s ]
SQL: SELECT * FROM `fen_indent` WHERE `id` = 1 LIMIT 1   [ RunTime:0.0010s ]
SQL: SHOW COLUMNS FROM `fen_member` [ RunTime:0.0100s ]
SQL: SELECT * FROM `fen_member` WHERE `id` = 5 LIMIT 1   [ RunTime:0.0010s ]
SQL: SELECT * FROM `fen_member` WHERE `id` = 4 LIMIT 1   [ RunTime:0.0010s ]

[ 2018-03-06T10:00:04+08:00 ] 127.0.0.1 /index.php/Home/Member/ceshi
INFO: [ app_init ] --START--
INFO: Run Behavior\BuildLiteBehavior [ RunTime:0.000000s ]
INFO: [ app_init ] --END-- [ RunTime:0.001000s ]
INFO: [ app_begin ] --START--
INFO: Run Behavior\ReadHtmlCacheBehavior [ RunTime:0.002001s ]
INFO: [ app_begin ] --END-- [ RunTime:0.002001s ]
SQL: SHOW COLUMNS FROM `fen_indent` [ RunTime:0.0050s ]
SQL: SHOW COLUMNS FROM `fen_indent` [ RunTime:0.0090s ]
SQL: SELECT * FROM `fen_indent` WHERE `id` = 1 LIMIT 1   [ RunTime:0.0010s ]
SQL: SHOW COLUMNS FROM `fen_member` [ RunTime:0.0060s ]
SQL: SELECT * FROM `fen_member` WHERE `id` = 5 LIMIT 1   [ RunTime:0.0010s ]
SQL: SELECT * FROM `fen_member` WHERE `id` = 4 LIMIT 1   [ RunTime:0.0000s ]

[ 2018-03-06T10:00:28+08:00 ] 127.0.0.1 /index.php/Home/Member/ceshi
INFO: [ app_init ] --START--
INFO: Run Behavior\BuildLiteBehavior [ RunTime:0.000000s ]
INFO: [ app_init ] --END-- [ RunTime:0.001000s ]
INFO: [ app_begin ] --START--
INFO: Run Behavior\ReadHtmlCacheBehavior [ RunTime:0.001000s ]
INFO: [ app_begin ] --END-- [ RunTime:0.002000s ]
SQL: SHOW COLUMNS FROM `fen_indent` [ RunTime:0.0050s ]
SQL: SHOW COLUMNS FROM `fen_indent` [ RunTime:0.0070s ]
SQL: SELECT * FROM `fen_indent` WHERE `id` = 1 LIMIT 1   [ RunTime:0.0010s ]
SQL: SHOW COLUMNS FROM `fen_member` [ RunTime:0.0050s ]
SQL: SELECT * FROM `fen_member` WHERE `id` = 5 LIMIT 1   [ RunTime:0.0000s ]
SQL: SELECT * FROM `fen_member` WHERE `id` = 4 LIMIT 1   [ RunTime:0.0000s ]
NOTIC: [8] Undefined index: refe_sort D:\wamp\www\fenxiao\Application\Home\Model\IndentModel.class.php 第 17 行.
NOTIC: [8] Undefined index: refe_sort D:\wamp\www\fenxiao\Application\Home\Model\IndentModel.class.php 第 37 行.
NOTIC: [8] Undefined index: refe_sort D:\wamp\www\fenxiao\Application\Home\Model\IndentModel.class.php 第 56 行.
INFO: [ app_end ] --START--
INFO: Run Behavior\ShowPageTraceBehavior [ RunTime:0.001000s ]
INFO: [ app_end ] --END-- [ RunTime:0.002000s ]

[ 2018-03-06T10:02:23+08:00 ] 127.0.0.1 /index.php/Home/Member/ceshi
INFO: [ app_init ] --START--
INFO: Run Behavior\BuildLiteBehavior [ RunTime:0.001000s ]
INFO: [ app_init ] --END-- [ RunTime:0.001000s ]
INFO: [ app_begin ] --START--
INFO: Run Behavior\ReadHtmlCacheBehavior [ RunTime:0.002000s ]
INFO: [ app_begin ] --END-- [ RunTime:0.002000s ]
SQL: SHOW COLUMNS FROM `fen_indent` [ RunTime:0.0060s ]
SQL: SHOW COLUMNS FROM `fen_indent` [ RunTime:0.0050s ]
SQL: SELECT * FROM `fen_indent` WHERE `id` = 1 LIMIT 1   [ RunTime:0.0010s ]
SQL: SHOW COLUMNS FROM `fen_member` [ RunTime:0.0060s ]
SQL: SELECT * FROM `fen_member` WHERE `id` = 5 LIMIT 1   [ RunTime:0.0010s ]
SQL: SELECT * FROM `fen_member` WHERE `id` = 4 LIMIT 1   [ RunTime:0.0010s ]
NOTIC: [8] Undefined index: refe_sort D:\wamp\www\fenxiao\Application\Home\Model\IndentModel.class.php 第 17 行.
NOTIC: [8] Undefined index: refe_sort D:\wamp\www\fenxiao\Application\Home\Model\IndentModel.class.php 第 38 行.
NOTIC: [8] Undefined index: refe_sort D:\wamp\www\fenxiao\Application\Home\Model\IndentModel.class.php 第 57 行.
INFO: [ app_end ] --START--
INFO: Run Behavior\ShowPageTraceBehavior [ RunTime:0.001000s ]
INFO: [ app_end ] --END-- [ RunTime:0.001000s ]

[ 2018-03-06T10:03:01+08:00 ] 127.0.0.1 /index.php/Home/Member/ceshi
INFO: [ app_init ] --START--
INFO: Run Behavior\BuildLiteBehavior [ RunTime:0.000000s ]
INFO: [ app_init ] --END-- [ RunTime:0.001000s ]
INFO: [ app_begin ] --START--
INFO: Run Behavior\ReadHtmlCacheBehavior [ RunTime:0.001000s ]
INFO: [ app_begin ] --END-- [ RunTime:0.001000s ]
SQL: SHOW COLUMNS FROM `fen_indent` [ RunTime:0.0060s ]
SQL: SHOW COLUMNS FROM `fen_indent` [ RunTime:0.0070s ]
SQL: SELECT * FROM `fen_indent` WHERE `id` = 1 LIMIT 1   [ RunTime:0.0010s ]
SQL: SHOW COLUMNS FROM `fen_member` [ RunTime:0.0060s ]
SQL: SELECT * FROM `fen_member` WHERE `id` = 5 LIMIT 1   [ RunTime:0.0000s ]
SQL: SELECT * FROM `fen_member` WHERE `id` = 4 LIMIT 1   [ RunTime:0.0000s ]
NOTIC: [8] Undefined index: refe_sort D:\wamp\www\fenxiao\Application\Home\Model\IndentModel.class.php 第 17 行.
NOTIC: [8] Undefined index: refe_sort D:\wamp\www\fenxiao\Application\Home\Model\IndentModel.class.php 第 39 行.
NOTIC: [8] Undefined index: refe_sort D:\wamp\www\fenxiao\Application\Home\Model\IndentModel.class.php 第 58 行.
INFO: [ app_end ] --START--
INFO: Run Behavior\ShowPageTraceBehavior [ RunTime:0.002001s ]
INFO: [ app_end ] --END-- [ RunTime:0.003001s ]

[ 2018-03-06T10:03:02+08:00 ] 127.0.0.1 /index.php/Home/Member/ceshi
INFO: [ app_init ] --START--
INFO: Run Behavior\BuildLiteBehavior [ RunTime:0.000000s ]
INFO: [ app_init ] --END-- [ RunTime:0.002000s ]
INFO: [ app_begin ] --START--
INFO: Run Behavior\ReadHtmlCacheBehavior [ RunTime:0.001000s ]
INFO: [ app_begin ] --END-- [ RunTime:0.001000s ]
SQL: SHOW COLUMNS FROM `fen_indent` [ RunTime:0.0050s ]
SQL: SHOW COLUMNS FROM `fen_indent` [ RunTime:0.0060s ]
SQL: SELECT * FROM `fen_indent` WHERE `id` = 1 LIMIT 1   [ RunTime:0.0010s ]
SQL: SHOW COLUMNS FROM `fen_member` [ RunTime:0.0050s ]
SQL: SELECT * FROM `fen_member` WHERE `id` = 5 LIMIT 1   [ RunTime:0.0000s ]
SQL: SELECT * FROM `fen_member` WHERE `id` = 4 LIMIT 1   [ RunTime:0.0000s ]
NOTIC: [8] Undefined index: refe_sort D:\wamp\www\fenxiao\Application\Home\Model\IndentModel.class.php 第 17 行.
NOTIC: [8] Undefined index: refe_sort D:\wamp\www\fenxiao\Application\Home\Model\IndentModel.class.php 第 39 行.
NOTIC: [8] Undefined index: refe_sort D:\wamp\www\fenxiao\Application\Home\Model\IndentModel.class.php 第 58 行.
INFO: [ app_end ] --START--
INFO: Run Behavior\ShowPageTraceBehavior [ RunTime:0.001000s ]
INFO: [ app_end ] --END-- [ RunTime:0.002000s ]

[ 2018-03-06T10:03:02+08:00 ] 127.0.0.1 /index.php/Home/Member/ceshi
INFO: [ app_init ] --START--
INFO: Run Behavior\BuildLiteBehavior [ RunTime:0.000000s ]
INFO: [ app_init ] --END-- [ RunTime:0.001000s ]
INFO: [ app_begin ] --START--
INFO: Run Behavior\ReadHtmlCacheBehavior [ RunTime:0.001001s ]
INFO: [ app_begin ] --END-- [ RunTime:0.001001s ]
SQL: SHOW COLUMNS FROM `fen_indent` [ RunTime:0.0040s ]
SQL: SHOW COLUMNS FROM `fen_indent` [ RunTime:0.0070s ]
SQL: SELECT * FROM `fen_indent` WHERE `id` = 1 LIMIT 1   [ RunTime:0.0010s ]
SQL: SHOW COLUMNS FROM `fen_member` [ RunTime:0.0050s ]
SQL: SELECT * FROM `fen_member` WHERE `id` = 5 LIMIT 1   [ RunTime:0.0010s ]
SQL: SELECT * FROM `fen_member` WHERE `id` = 4 LIMIT 1   [ RunTime:0.0010s ]
NOTIC: [8] Undefined index: refe_sort D:\wamp\www\fenxiao\Application\Home\Model\IndentModel.class.php 第 17 行.
NOTIC: [8] Undefined index: refe_sort D:\wamp\www\fenxiao\Application\Home\Model\IndentModel.class.php 第 39 行.
NOTIC: [8] Undefined index: refe_sort D:\wamp\www\fenxiao\Application\Home\Model\IndentModel.class.php 第 58 行.
INFO: [ app_end ] --START--
INFO: Run Behavior\ShowPageTraceBehavior [ RunTime:0.001000s ]
INFO: [ app_end ] --END-- [ RunTime:0.001000s ]

[ 2018-03-06T10:03:02+08:00 ] 127.0.0.1 /index.php/Home/Member/ceshi
INFO: [ app_init ] --START--
INFO: Run Behavior\BuildLiteBehavior [ RunTime:0.000000s ]
INFO: [ app_init ] --END-- [ RunTime:0.001000s ]
INFO: [ app_begin ] --START--
INFO: Run Behavior\ReadHtmlCacheBehavior [ RunTime:0.001000s ]
INFO: [ app_begin ] --END-- [ RunTime:0.001000s ]
SQL: SHOW COLUMNS FROM `fen_indent` [ RunTime:0.0050s ]
SQL: SHOW COLUMNS FROM `fen_indent` [ RunTime:0.0040s ]
SQL: SELECT * FROM `fen_indent` WHERE `id` = 1 LIMIT 1   [ RunTime:0.0010s ]
SQL: SHOW COLUMNS FROM `fen_member` [ RunTime:0.0060s ]
SQL: SELECT * FROM `fen_member` WHERE `id` = 5 LIMIT 1   [ RunTime:0.0000s ]
SQL: SELECT * FROM `fen_member` WHERE `id` = 4 LIMIT 1   [ RunTime:0.0000s ]
NOTIC: [8] Undefined index: refe_sort D:\wamp\www\fenxiao\Application\Home\Model\IndentModel.class.php 第 17 行.
NOTIC: [8] Undefined index: refe_sort D:\wamp\www\fenxiao\Application\Home\Model\IndentModel.class.php 第 39 行.
NOTIC: [8] Undefined index: refe_sort D:\wamp\www\fenxiao\Application\Home\Model\IndentModel.class.php 第 58 行.
INFO: [ app_end ] --START--
INFO: Run Behavior\ShowPageTraceBehavior [ RunTime:0.002000s ]
INFO: [ app_end ] --END-- [ RunTime:0.002000s ]

[ 2018-03-06T10:03:29+08:00 ] 127.0.0.1 /index.php/Home/Member/ceshi
INFO: [ app_init ] --START--
INFO: Run Behavior\BuildLiteBehavior [ RunTime:0.000000s ]
INFO: [ app_init ] --END-- [ RunTime:0.001000s ]
INFO: [ app_begin ] --START--
INFO: Run Behavior\ReadHtmlCacheBehavior [ RunTime:0.001000s ]
INFO: [ app_begin ] --END-- [ RunTime:0.001000s ]
SQL: SHOW COLUMNS FROM `fen_indent` [ RunTime:0.0070s ]
SQL: SHOW COLUMNS FROM `fen_indent` [ RunTime:0.0070s ]
SQL: SELECT * FROM `fen_indent` WHERE `id` = 1 LIMIT 1   [ RunTime:0.0020s ]
SQL: SHOW COLUMNS FROM `fen_member` [ RunTime:0.0060s ]
SQL: SELECT * FROM `fen_member` WHERE `id` = 5 LIMIT 1   [ RunTime:0.0010s ]
SQL: SELECT * FROM `fen_member` WHERE `id` = 4 LIMIT 1   [ RunTime:0.0010s ]
NOTIC: [8] Undefined index: refe_sort D:\wamp\www\fenxiao\Application\Home\Model\IndentModel.class.php 第 16 行.

[ 2018-03-06T10:03:30+08:00 ] 127.0.0.1 /index.php/Home/Member/ceshi
INFO: [ app_init ] --START--
INFO: Run Behavior\BuildLiteBehavior [ RunTime:0.000000s ]
INFO: [ app_init ] --END-- [ RunTime:0.001000s ]
INFO: [ app_begin ] --START--
INFO: Run Behavior\ReadHtmlCacheBehavior [ RunTime:0.002000s ]
INFO: [ app_begin ] --END-- [ RunTime:0.002000s ]
SQL: SHOW COLUMNS FROM `fen_indent` [ RunTime:0.0050s ]
SQL: SHOW COLUMNS FROM `fen_indent` [ RunTime:0.0050s ]
SQL: SELECT * FROM `fen_indent` WHERE `id` = 1 LIMIT 1   [ RunTime:0.0020s ]
SQL: SHOW COLUMNS FROM `fen_member` [ RunTime:0.0050s ]
SQL: SELECT * FROM `fen_member` WHERE `id` = 5 LIMIT 1   [ RunTime:0.0000s ]
SQL: SELECT * FROM `fen_member` WHERE `id` = 4 LIMIT 1   [ RunTime:0.0000s ]
NOTIC: [8] Undefined index: refe_sort D:\wamp\www\fenxiao\Application\Home\Model\IndentModel.class.php 第 16 行.

[ 2018-03-06T10:03:31+08:00 ] 127.0.0.1 /index.php/Home/Member/ceshi
INFO: [ app_init ] --START--
INFO: Run Behavior\BuildLiteBehavior [ RunTime:0.000000s ]
INFO: [ app_init ] --END-- [ RunTime:0.001000s ]
INFO: [ app_begin ] --START--
INFO: Run Behavior\ReadHtmlCacheBehavior [ RunTime:0.001000s ]
INFO: [ app_begin ] --END-- [ RunTime:0.002000s ]
SQL: SHOW COLUMNS FROM `fen_indent` [ RunTime:0.0050s ]
SQL: SHOW COLUMNS FROM `fen_indent` [ RunTime:0.0050s ]
SQL: SELECT * FROM `fen_indent` WHERE `id` = 1 LIMIT 1   [ RunTime:0.0010s ]
SQL: SHOW COLUMNS FROM `fen_member` [ RunTime:0.0050s ]
SQL: SELECT * FROM `fen_member` WHERE `id` = 5 LIMIT 1   [ RunTime:0.0010s ]
SQL: SELECT * FROM `fen_member` WHERE `id` = 4 LIMIT 1   [ RunTime:0.0010s ]
NOTIC: [8] Undefined index: refe_sort D:\wamp\www\fenxiao\Application\Home\Model\IndentModel.class.php 第 16 行.

[ 2018-03-06T10:03:55+08:00 ] 127.0.0.1 /index.php/Home/Member/ceshi
INFO: [ app_init ] --START--
INFO: Run Behavior\BuildLiteBehavior [ RunTime:0.000000s ]
INFO: [ app_init ] --END-- [ RunTime:0.001000s ]
INFO: [ app_begin ] --START--
INFO: Run Behavior\ReadHtmlCacheBehavior [ RunTime:0.001000s ]
INFO: [ app_begin ] --END-- [ RunTime:0.001000s ]
SQL: SHOW COLUMNS FROM `fen_indent` [ RunTime:0.0050s ]
SQL: SHOW COLUMNS FROM `fen_indent` [ RunTime:0.0060s ]
SQL: SELECT * FROM `fen_indent` WHERE `id` = 1 LIMIT 1   [ RunTime:0.0010s ]
SQL: SHOW COLUMNS FROM `fen_member` [ RunTime:0.0050s ]
SQL: SELECT * FROM `fen_member` WHERE `id` = 5 LIMIT 1   [ RunTime:0.0010s ]
SQL: SELECT * FROM `fen_member` WHERE `id` = 4 LIMIT 1   [ RunTime:0.0010s ]

[ 2018-03-06T10:04:28+08:00 ] 127.0.0.1 /index.php/Home/Member/ceshi
INFO: [ app_init ] --START--
INFO: Run Behavior\BuildLiteBehavior [ RunTime:0.000000s ]
INFO: [ app_init ] --END-- [ RunTime:0.001000s ]
INFO: [ app_begin ] --START--
INFO: Run Behavior\ReadHtmlCacheBehavior [ RunTime:0.001000s ]
INFO: [ app_begin ] --END-- [ RunTime:0.002000s ]
SQL: SHOW COLUMNS FROM `fen_indent` [ RunTime:0.0070s ]
SQL: SHOW COLUMNS FROM `fen_indent` [ RunTime:0.0050s ]
SQL: SELECT * FROM `fen_indent` WHERE `id` = 1 LIMIT 1   [ RunTime:0.0000s ]
SQL: SHOW COLUMNS FROM `fen_member` [ RunTime:0.0040s ]
SQL: SELECT * FROM `fen_member` WHERE `id` = 5 LIMIT 1   [ RunTime:0.0010s ]
SQL: SELECT * FROM `fen_member` WHERE `id` = 4 LIMIT 1   [ RunTime:0.0010s ]
NOTIC: [8] Undefined index: refe_sort D:\wamp\www\fenxiao\Application\Home\Model\IndentModel.class.php 第 16 行.

[ 2018-03-06T10:04:57+08:00 ] 127.0.0.1 /index.php/Home/Member/ceshi
INFO: [ app_init ] --START--
INFO: Run Behavior\BuildLiteBehavior [ RunTime:0.000000s ]
INFO: [ app_init ] --END-- [ RunTime:0.000000s ]
INFO: [ app_begin ] --START--
INFO: Run Behavior\ReadHtmlCacheBehavior [ RunTime:0.001000s ]
INFO: [ app_begin ] --END-- [ RunTime:0.001000s ]
SQL: SHOW COLUMNS FROM `fen_indent` [ RunTime:0.0040s ]
SQL: SHOW COLUMNS FROM `fen_indent` [ RunTime:0.0070s ]
SQL: SELECT * FROM `fen_indent` WHERE `id` = 1 LIMIT 1   [ RunTime:0.0010s ]
SQL: SHOW COLUMNS FROM `fen_member` [ RunTime:0.0050s ]
SQL: SELECT * FROM `fen_member` WHERE `id` = 5 LIMIT 1   [ RunTime:0.0010s ]
SQL: SELECT * FROM `fen_member` WHERE `id` = 4 LIMIT 1   [ RunTime:0.0010s ]

[ 2018-03-06T10:06:25+08:00 ] 127.0.0.1 /index.php/Home/Member/ceshi
INFO: [ app_init ] --START--
INFO: Run Behavior\BuildLiteBehavior [ RunTime:0.000000s ]
INFO: [ app_init ] --END-- [ RunTime:0.001000s ]
INFO: [ app_begin ] --START--
INFO: Run Behavior\ReadHtmlCacheBehavior [ RunTime:0.004000s ]
INFO: [ app_begin ] --END-- [ RunTime:0.004000s ]
SQL: SHOW COLUMNS FROM `fen_indent` [ RunTime:0.0050s ]
SQL: SHOW COLUMNS FROM `fen_indent` [ RunTime:0.0050s ]
SQL: SELECT * FROM `fen_indent` WHERE `id` = 1 LIMIT 1   [ RunTime:0.0010s ]
SQL: SHOW COLUMNS FROM `fen_member` [ RunTime:0.0040s ]
SQL: SELECT * FROM `fen_member` WHERE `id` = 5 LIMIT 1   [ RunTime:0.0010s ]
SQL: SELECT * FROM `fen_member` WHERE `id` = 4 LIMIT 1   [ RunTime:0.0010s ]

[ 2018-03-06T10:06:36+08:00 ] 127.0.0.1 /index.php/Home/Member/ceshi
INFO: [ app_init ] --START--
INFO: Run Behavior\BuildLiteBehavior [ RunTime:0.000000s ]
INFO: [ app_init ] --END-- [ RunTime:0.001000s ]
INFO: [ app_begin ] --START--
INFO: Run Behavior\ReadHtmlCacheBehavior [ RunTime:0.001000s ]
INFO: [ app_begin ] --END-- [ RunTime:0.002000s ]
SQL: SHOW COLUMNS FROM `fen_indent` [ RunTime:0.0050s ]
SQL: SHOW COLUMNS FROM `fen_indent` [ RunTime:0.0050s ]
SQL: SELECT * FROM `fen_indent` WHERE `id` = 1 LIMIT 1   [ RunTime:0.0000s ]
SQL: SHOW COLUMNS FROM `fen_member` [ RunTime:0.0050s ]
SQL: SELECT * FROM `fen_member` WHERE `id` = 5 LIMIT 1   [ RunTime:0.0000s ]
SQL: SELECT * FROM `fen_member` WHERE `id` = 4 LIMIT 1   [ RunTime:0.0010s ]
NOTIC: [8] Undefined index: refe_sort D:\wamp\www\fenxiao\Application\Home\Model\IndentModel.class.php 第 16 行.

[ 2018-03-06T10:07:25+08:00 ] 127.0.0.1 /index.php/Home/Member/ceshi
INFO: [ app_init ] --START--
INFO: Run Behavior\BuildLiteBehavior [ RunTime:0.000000s ]
INFO: [ app_init ] --END-- [ RunTime:0.001000s ]
INFO: [ app_begin ] --START--
INFO: Run Behavior\ReadHtmlCacheBehavior [ RunTime:0.001000s ]
INFO: [ app_begin ] --END-- [ RunTime:0.002000s ]
SQL: SHOW COLUMNS FROM `fen_indent` [ RunTime:0.0080s ]
SQL: SHOW COLUMNS FROM `fen_indent` [ RunTime:0.0050s ]
SQL: SELECT * FROM `fen_indent` WHERE `id` = 1 LIMIT 1   [ RunTime:0.0000s ]
SQL: SHOW COLUMNS FROM `fen_member` [ RunTime:0.0070s ]
SQL: SELECT * FROM `fen_member` WHERE `id` = 5 LIMIT 1   [ RunTime:0.0010s ]
SQL: SELECT * FROM `fen_member` WHERE `id` = 4 LIMIT 1   [ RunTime:0.0010s ]

[ 2018-03-06T10:07:36+08:00 ] 127.0.0.1 /index.php/Home/Member/ceshi
INFO: [ app_init ] --START--
INFO: Run Behavior\BuildLiteBehavior [ RunTime:0.000000s ]
INFO: [ app_init ] --END-- [ RunTime:0.001000s ]
INFO: [ app_begin ] --START--
INFO: Run Behavior\ReadHtmlCacheBehavior [ RunTime:0.001000s ]
INFO: [ app_begin ] --END-- [ RunTime:0.001000s ]
SQL: SHOW COLUMNS FROM `fen_indent` [ RunTime:0.0050s ]
SQL: SHOW COLUMNS FROM `fen_indent` [ RunTime:0.0070s ]
SQL: SELECT * FROM `fen_indent` WHERE `id` = 1 LIMIT 1   [ RunTime:0.0010s ]
SQL: SHOW COLUMNS FROM `fen_member` [ RunTime:0.0050s ]
SQL: SELECT * FROM `fen_member` WHERE `id` = 5 LIMIT 1   [ RunTime:0.0000s ]
SQL: SELECT * FROM `fen_member` WHERE `id` = 4 LIMIT 1   [ RunTime:0.0000s ]

[ 2018-03-06T10:08:06+08:00 ] 127.0.0.1 /index.php/Home/Member/ceshi
INFO: [ app_init ] --START--
INFO: Run Behavior\BuildLiteBehavior [ RunTime:0.000000s ]
INFO: [ app_init ] --END-- [ RunTime:0.002000s ]
INFO: [ app_begin ] --START--
INFO: Run Behavior\ReadHtmlCacheBehavior [ RunTime:0.003001s ]
INFO: [ app_begin ] --END-- [ RunTime:0.003001s ]
SQL: SHOW COLUMNS FROM `fen_indent` [ RunTime:0.0050s ]
SQL: SHOW COLUMNS FROM `fen_indent` [ RunTime:0.0060s ]
SQL: SELECT * FROM `fen_indent` WHERE `id` = 1 LIMIT 1   [ RunTime:0.0010s ]
SQL: SHOW COLUMNS FROM `fen_member` [ RunTime:0.0050s ]
SQL: SELECT * FROM `fen_member` WHERE `id` = 5 LIMIT 1   [ RunTime:0.0010s ]
SQL: SELECT * FROM `fen_member` WHERE `id` = 4 LIMIT 1   [ RunTime:0.0010s ]
NOTIC: [8] Undefined index: refe_sort D:\wamp\www\fenxiao\Application\Home\Model\IndentModel.class.php 第 16 行.

[ 2018-03-06T10:09:12+08:00 ] 127.0.0.1 /index.php/Home/Member/ceshi
INFO: [ app_init ] --START--
INFO: Run Behavior\BuildLiteBehavior [ RunTime:0.000000s ]
INFO: [ app_init ] --END-- [ RunTime:0.000000s ]
INFO: [ app_begin ] --START--
INFO: Run Behavior\ReadHtmlCacheBehavior [ RunTime:0.002000s ]
INFO: [ app_begin ] --END-- [ RunTime:0.002000s ]
SQL: SHOW COLUMNS FROM `fen_indent` [ RunTime:0.0060s ]
SQL: SHOW COLUMNS FROM `fen_indent` [ RunTime:0.0060s ]
SQL: SELECT * FROM `fen_indent` WHERE `id` = 1 LIMIT 1   [ RunTime:0.0010s ]
SQL: SHOW COLUMNS FROM `fen_member` [ RunTime:0.0050s ]
SQL: SELECT * FROM `fen_member` WHERE `id` = 5 LIMIT 1   [ RunTime:0.0010s ]
SQL: SELECT * FROM `fen_member` WHERE `id` = 4 LIMIT 1   [ RunTime:0.0010s ]
NOTIC: [8] Undefined index: refe_sort D:\wamp\www\fenxiao\Application\Home\Model\IndentModel.class.php 第 16 行.

[ 2018-03-06T10:09:12+08:00 ] 127.0.0.1 /index.php/Home/Member/ceshi
INFO: [ app_init ] --START--
INFO: Run Behavior\BuildLiteBehavior [ RunTime:0.000000s ]
INFO: [ app_init ] --END-- [ RunTime:0.001000s ]
INFO: [ app_begin ] --START--
INFO: Run Behavior\ReadHtmlCacheBehavior [ RunTime:0.001000s ]
INFO: [ app_begin ] --END-- [ RunTime:0.002000s ]
SQL: SHOW COLUMNS FROM `fen_indent` [ RunTime:0.0050s ]
SQL: SHOW COLUMNS FROM `fen_indent` [ RunTime:0.0060s ]
SQL: SELECT * FROM `fen_indent` WHERE `id` = 1 LIMIT 1   [ RunTime:0.0000s ]
SQL: SHOW COLUMNS FROM `fen_member` [ RunTime:0.0050s ]
SQL: SELECT * FROM `fen_member` WHERE `id` = 5 LIMIT 1   [ RunTime:0.0000s ]
SQL: SELECT * FROM `fen_member` WHERE `id` = 4 LIMIT 1   [ RunTime:0.0010s ]
NOTIC: [8] Undefined index: refe_sort D:\wamp\www\fenxiao\Application\Home\Model\IndentModel.class.php 第 16 行.

[ 2018-03-06T10:09:13+08:00 ] 127.0.0.1 /index.php/Home/Member/ceshi
INFO: [ app_init ] --START--
INFO: Run Behavior\BuildLiteBehavior [ RunTime:0.000000s ]
INFO: [ app_init ] --END-- [ RunTime:0.001000s ]
INFO: [ app_begin ] --START--
INFO: Run Behavior\ReadHtmlCacheBehavior [ RunTime:0.001000s ]
INFO: [ app_begin ] --END-- [ RunTime:0.001000s ]
SQL: SHOW COLUMNS FROM `fen_indent` [ RunTime:0.0060s ]
SQL: SHOW COLUMNS FROM `fen_indent` [ RunTime:0.0050s ]
SQL: SELECT * FROM `fen_indent` WHERE `id` = 1 LIMIT 1   [ RunTime:0.0000s ]
SQL: SHOW COLUMNS FROM `fen_member` [ RunTime:0.0050s ]
SQL: SELECT * FROM `fen_member` WHERE `id` = 5 LIMIT 1   [ RunTime:0.0010s ]
SQL: SELECT * FROM `fen_member` WHERE `id` = 4 LIMIT 1   [ RunTime:0.0010s ]
NOTIC: [8] Undefined index: refe_sort D:\wamp\www\fenxiao\Application\Home\Model\IndentModel.class.php 第 16 行.

[ 2018-03-06T10:09:13+08:00 ] 127.0.0.1 /index.php/Home/Member/ceshi
INFO: [ app_init ] --START--
INFO: Run Behavior\BuildLiteBehavior [ RunTime:0.000000s ]
INFO: [ app_init ] --END-- [ RunTime:0.001000s ]
INFO: [ app_begin ] --START--
INFO: Run Behavior\ReadHtmlCacheBehavior [ RunTime:0.001000s ]
INFO: [ app_begin ] --END-- [ RunTime:0.001000s ]
SQL: SHOW COLUMNS FROM `fen_indent` [ RunTime:0.0040s ]
SQL: SHOW COLUMNS FROM `fen_indent` [ RunTime:0.0060s ]
SQL: SELECT * FROM `fen_indent` WHERE `id` = 1 LIMIT 1   [ RunTime:0.0010s ]
SQL: SHOW COLUMNS FROM `fen_member` [ RunTime:0.0050s ]
SQL: SELECT * FROM `fen_member` WHERE `id` = 5 LIMIT 1   [ RunTime:0.0000s ]
SQL: SELECT * FROM `fen_member` WHERE `id` = 4 LIMIT 1   [ RunTime:0.0000s ]
NOTIC: [8] Undefined index: refe_sort D:\wamp\www\fenxiao\Application\Home\Model\IndentModel.class.php 第 16 行.

[ 2018-03-06T10:09:13+08:00 ] 127.0.0.1 /index.php/Home/Member/ceshi
INFO: [ app_init ] --START--
INFO: Run Behavior\BuildLiteBehavior [ RunTime:0.000000s ]
INFO: [ app_init ] --END-- [ RunTime:0.001000s ]
INFO: [ app_begin ] --START--
INFO: Run Behavior\ReadHtmlCacheBehavior [ RunTime:0.001000s ]
INFO: [ app_begin ] --END-- [ RunTime:0.001000s ]
SQL: SHOW COLUMNS FROM `fen_indent` [ RunTime:0.0060s ]
SQL: SHOW COLUMNS FROM `fen_indent` [ RunTime:0.0050s ]
SQL: SELECT * FROM `fen_indent` WHERE `id` = 1 LIMIT 1   [ RunTime:0.0000s ]
SQL: SHOW COLUMNS FROM `fen_member` [ RunTime:0.0040s ]
SQL: SELECT * FROM `fen_member` WHERE `id` = 5 LIMIT 1   [ RunTime:0.0010s ]
SQL: SELECT * FROM `fen_member` WHERE `id` = 4 LIMIT 1   [ RunTime:0.0000s ]
NOTIC: [8] Undefined index: refe_sort D:\wamp\www\fenxiao\Application\Home\Model\IndentModel.class.php 第 16 行.

[ 2018-03-06T10:10:39+08:00 ] 127.0.0.1 /index.php/Home/Member/ceshi
INFO: [ app_init ] --START--
INFO: Run Behavior\BuildLiteBehavior [ RunTime:0.000000s ]
INFO: [ app_init ] --END-- [ RunTime:0.000000s ]
INFO: [ app_begin ] --START--
INFO: Run Behavior\ReadHtmlCacheBehavior [ RunTime:0.001000s ]
INFO: [ app_begin ] --END-- [ RunTime:0.002000s ]
SQL: SHOW COLUMNS FROM `fen_indent` [ RunTime:0.0080s ]
SQL: SHOW COLUMNS FROM `fen_indent` [ RunTime:0.0050s ]
SQL: SELECT * FROM `fen_indent` WHERE `id` = 1 LIMIT 1   [ RunTime:0.0000s ]
SQL: SHOW COLUMNS FROM `fen_member` [ RunTime:0.0070s ]
SQL: SELECT * FROM `fen_member` WHERE `id` = 5 LIMIT 1   [ RunTime:0.0010s ]
SQL: SELECT * FROM `fen_member` WHERE `id` = 4 LIMIT 1   [ RunTime:0.0010s ]

[ 2018-03-06T10:12:03+08:00 ] 127.0.0.1 /index.php/Home/Member/ceshi
INFO: [ app_init ] --START--
INFO: Run Behavior\BuildLiteBehavior [ RunTime:0.001000s ]
INFO: [ app_init ] --END-- [ RunTime:0.001000s ]
INFO: [ app_begin ] --START--
INFO: Run Behavior\ReadHtmlCacheBehavior [ RunTime:0.001001s ]
INFO: [ app_begin ] --END-- [ RunTime:0.001001s ]
SQL: SHOW COLUMNS FROM `fen_indent` [ RunTime:0.0050s ]
SQL: SHOW COLUMNS FROM `fen_indent` [ RunTime:0.0050s ]
SQL: SELECT * FROM `fen_indent` WHERE `id` = 1 LIMIT 1   [ RunTime:0.0010s ]
SQL: SHOW COLUMNS FROM `fen_member` [ RunTime:0.0050s ]
SQL: SELECT * FROM `fen_member` WHERE `id` = 13 LIMIT 1   [ RunTime:0.0000s ]
SQL: SELECT * FROM `fen_member` WHERE `id` = 4 LIMIT 1   [ RunTime:0.0010s ]

[ 2018-03-06T10:12:04+08:00 ] 127.0.0.1 /index.php/Home/Member/ceshi
INFO: [ app_init ] --START--
INFO: Run Behavior\BuildLiteBehavior [ RunTime:0.000000s ]
INFO: [ app_init ] --END-- [ RunTime:0.001000s ]
INFO: [ app_begin ] --START--
INFO: Run Behavior\ReadHtmlCacheBehavior [ RunTime:0.002000s ]
INFO: [ app_begin ] --END-- [ RunTime:0.002000s ]
SQL: SHOW COLUMNS FROM `fen_indent` [ RunTime:0.0040s ]
SQL: SHOW COLUMNS FROM `fen_indent` [ RunTime:0.0070s ]
SQL: SELECT * FROM `fen_indent` WHERE `id` = 1 LIMIT 1   [ RunTime:0.0000s ]
SQL: SHOW COLUMNS FROM `fen_member` [ RunTime:0.0040s ]
SQL: SELECT * FROM `fen_member` WHERE `id` = 13 LIMIT 1   [ RunTime:0.0010s ]
SQL: SELECT * FROM `fen_member` WHERE `id` = 4 LIMIT 1   [ RunTime:0.0000s ]

[ 2018-03-06T10:12:04+08:00 ] 127.0.0.1 /index.php/Home/Member/ceshi
INFO: [ app_init ] --START--
INFO: Run Behavior\BuildLiteBehavior [ RunTime:0.000000s ]
INFO: [ app_init ] --END-- [ RunTime:0.001000s ]
INFO: [ app_begin ] --START--
INFO: Run Behavior\ReadHtmlCacheBehavior [ RunTime:0.003000s ]
INFO: [ app_begin ] --END-- [ RunTime:0.003000s ]
SQL: SHOW COLUMNS FROM `fen_indent` [ RunTime:0.0050s ]
SQL: SHOW COLUMNS FROM `fen_indent` [ RunTime:0.0070s ]
SQL: SELECT * FROM `fen_indent` WHERE `id` = 1 LIMIT 1   [ RunTime:0.0010s ]
SQL: SHOW COLUMNS FROM `fen_member` [ RunTime:0.0050s ]
SQL: SELECT * FROM `fen_member` WHERE `id` = 13 LIMIT 1   [ RunTime:0.0010s ]
SQL: SELECT * FROM `fen_member` WHERE `id` = 4 LIMIT 1   [ RunTime:0.0010s ]

[ 2018-03-06T10:12:12+08:00 ] 127.0.0.1 /index.php/Home/Member/ceshi
INFO: [ app_init ] --START--
INFO: Run Behavior\BuildLiteBehavior [ RunTime:0.000000s ]
INFO: [ app_init ] --END-- [ RunTime:0.001000s ]
INFO: [ app_begin ] --START--
INFO: Run Behavior\ReadHtmlCacheBehavior [ RunTime:0.002000s ]
INFO: [ app_begin ] --END-- [ RunTime:0.002000s ]
SQL: SHOW COLUMNS FROM `fen_indent` [ RunTime:0.0050s ]
SQL: SHOW COLUMNS FROM `fen_indent` [ RunTime:0.0050s ]
SQL: SELECT * FROM `fen_indent` WHERE `id` = 1 LIMIT 1   [ RunTime:0.0010s ]
SQL: SHOW COLUMNS FROM `fen_member` [ RunTime:0.0040s ]
SQL: SELECT * FROM `fen_member` WHERE `id` = 13 LIMIT 1   [ RunTime:0.0010s ]
SQL: SELECT * FROM `fen_member` WHERE `id` = 4 LIMIT 1   [ RunTime:0.0010s ]
NOTIC: [8] Undefined index: refe_sort D:\wamp\www\fenxiao\Application\Home\Model\IndentModel.class.php 第 16 行.

[ 2018-03-06T10:12:25+08:00 ] 127.0.0.1 /index.php/Home/Member/ceshi
INFO: [ app_init ] --START--
INFO: Run Behavior\BuildLiteBehavior [ RunTime:0.000000s ]
INFO: [ app_init ] --END-- [ RunTime:0.001000s ]
INFO: [ app_begin ] --START--
INFO: Run Behavior\ReadHtmlCacheBehavior [ RunTime:0.002000s ]
INFO: [ app_begin ] --END-- [ RunTime:0.002000s ]
SQL: SHOW COLUMNS FROM `fen_indent` [ RunTime:0.0060s ]
SQL: SHOW COLUMNS FROM `fen_indent` [ RunTime:0.0060s ]
SQL: SELECT * FROM `fen_indent` WHERE `id` = 1 LIMIT 1   [ RunTime:0.0010s ]
SQL: SHOW COLUMNS FROM `fen_member` [ RunTime:0.0070s ]
SQL: SELECT * FROM `fen_member` WHERE `id` = 13 LIMIT 1   [ RunTime:0.0010s ]
SQL: SELECT * FROM `fen_member` WHERE `id` = 4 LIMIT 1   [ RunTime:0.0010s ]
NOTIC: [8] Undefined index: refe_sort D:\wamp\www\fenxiao\Application\Home\Model\IndentModel.class.php 第 16 行.

[ 2018-03-06T10:12:26+08:00 ] 127.0.0.1 /index.php/Home/Member/ceshi
INFO: [ app_init ] --START--
INFO: Run Behavior\BuildLiteBehavior [ RunTime:0.000000s ]
INFO: [ app_init ] --END-- [ RunTime:0.001000s ]
INFO: [ app_begin ] --START--
INFO: Run Behavior\ReadHtmlCacheBehavior [ RunTime:0.002000s ]
INFO: [ app_begin ] --END-- [ RunTime:0.002000s ]
SQL: SHOW COLUMNS FROM `fen_indent` [ RunTime:0.0050s ]
SQL: SHOW COLUMNS FROM `fen_indent` [ RunTime:0.0050s ]
SQL: SELECT * FROM `fen_indent` WHERE `id` = 1 LIMIT 1   [ RunTime:0.0010s ]
SQL: SHOW COLUMNS FROM `fen_member` [ RunTime:0.0070s ]
SQL: SELECT * FROM `fen_member` WHERE `id` = 13 LIMIT 1   [ RunTime:0.0000s ]
SQL: SELECT * FROM `fen_member` WHERE `id` = 4 LIMIT 1   [ RunTime:0.0000s ]
NOTIC: [8] Undefined index: refe_sort D:\wamp\www\fenxiao\Application\Home\Model\IndentModel.class.php 第 16 行.

[ 2018-03-06T10:12:26+08:00 ] 127.0.0.1 /index.php/Home/Member/ceshi
INFO: [ app_init ] --START--
INFO: Run Behavior\BuildLiteBehavior [ RunTime:0.000000s ]
INFO: [ app_init ] --END-- [ RunTime:0.001000s ]
INFO: [ app_begin ] --START--
INFO: Run Behavior\ReadHtmlCacheBehavior [ RunTime:0.001000s ]
INFO: [ app_begin ] --END-- [ RunTime:0.002000s ]
SQL: SHOW COLUMNS FROM `fen_indent` [ RunTime:0.0050s ]
SQL: SHOW COLUMNS FROM `fen_indent` [ RunTime:0.0050s ]
SQL: SELECT * FROM `fen_indent` WHERE `id` = 1 LIMIT 1   [ RunTime:0.0010s ]
SQL: SHOW COLUMNS FROM `fen_member` [ RunTime:0.0070s ]
SQL: SELECT * FROM `fen_member` WHERE `id` = 13 LIMIT 1   [ RunTime:0.0000s ]
SQL: SELECT * FROM `fen_member` WHERE `id` = 4 LIMIT 1   [ RunTime:0.0010s ]
NOTIC: [8] Undefined index: refe_sort D:\wamp\www\fenxiao\Application\Home\Model\IndentModel.class.php 第 16 行.

[ 2018-03-06T10:12:26+08:00 ] 127.0.0.1 /index.php/Home/Member/ceshi
INFO: [ app_init ] --START--
INFO: Run Behavior\BuildLiteBehavior [ RunTime:0.000000s ]
INFO: [ app_init ] --END-- [ RunTime:0.000000s ]
INFO: [ app_begin ] --START--
INFO: Run Behavior\ReadHtmlCacheBehavior [ RunTime:0.001001s ]
INFO: [ app_begin ] --END-- [ RunTime:0.001001s ]
SQL: SHOW COLUMNS FROM `fen_indent` [ RunTime:0.0040s ]
SQL: SHOW COLUMNS FROM `fen_indent` [ RunTime:0.0060s ]
SQL: SELECT * FROM `fen_indent` WHERE `id` = 1 LIMIT 1   [ RunTime:0.0000s ]
SQL: SHOW COLUMNS FROM `fen_member` [ RunTime:0.0050s ]
SQL: SELECT * FROM `fen_member` WHERE `id` = 13 LIMIT 1   [ RunTime:0.0000s ]
SQL: SELECT * FROM `fen_member` WHERE `id` = 4 LIMIT 1   [ RunTime:0.0010s ]
NOTIC: [8] Undefined index: refe_sort D:\wamp\www\fenxiao\Application\Home\Model\IndentModel.class.php 第 16 行.

[ 2018-03-06T10:12:26+08:00 ] 127.0.0.1 /index.php/Home/Member/ceshi
INFO: [ app_init ] --START--
INFO: Run Behavior\BuildLiteBehavior [ RunTime:0.000000s ]
INFO: [ app_init ] --END-- [ RunTime:0.001000s ]
INFO: [ app_begin ] --START--
INFO: Run Behavior\ReadHtmlCacheBehavior [ RunTime:0.002000s ]
INFO: [ app_begin ] --END-- [ RunTime:0.002000s ]
SQL: SHOW COLUMNS FROM `fen_indent` [ RunTime:0.0060s ]
SQL: SHOW COLUMNS FROM `fen_indent` [ RunTime:0.0060s ]
SQL: SELECT * FROM `fen_indent` WHERE `id` = 1 LIMIT 1   [ RunTime:0.0010s ]
SQL: SHOW COLUMNS FROM `fen_member` [ RunTime:0.0070s ]
SQL: SELECT * FROM `fen_member` WHERE `id` = 13 LIMIT 1   [ RunTime:0.0010s ]
SQL: SELECT * FROM `fen_member` WHERE `id` = 4 LIMIT 1   [ RunTime:0.0010s ]
NOTIC: [8] Undefined index: refe_sort D:\wamp\www\fenxiao\Application\Home\Model\IndentModel.class.php 第 16 行.

[ 2018-03-06T10:13:50+08:00 ] 127.0.0.1 /index.php/Home/Member/ceshi
INFO: [ app_init ] --START--
INFO: Run Behavior\BuildLiteBehavior [ RunTime:0.000000s ]
INFO: [ app_init ] --END-- [ RunTime:0.001000s ]
INFO: [ app_begin ] --START--
INFO: Run Behavior\ReadHtmlCacheBehavior [ RunTime:0.002000s ]
INFO: [ app_begin ] --END-- [ RunTime:0.002000s ]
SQL: SHOW COLUMNS FROM `fen_indent` [ RunTime:0.0080s ]
SQL: SHOW COLUMNS FROM `fen_indent` [ RunTime:0.0060s ]
SQL: SELECT * FROM `fen_indent` WHERE `id` = 1 LIMIT 1   [ RunTime:0.0010s ]
SQL: SHOW COLUMNS FROM `fen_member` [ RunTime:0.0060s ]
SQL: SELECT * FROM `fen_member` WHERE `id` = 13 LIMIT 1   [ RunTime:0.0010s ]
SQL: SELECT * FROM `fen_member` WHERE `id` = 4 LIMIT 1   [ RunTime:0.0030s ]
NOTIC: [8] Undefined index: refe_sort D:\wamp\www\fenxiao\Application\Home\Model\IndentModel.class.php 第 16 行.

[ 2018-03-06T10:13:51+08:00 ] 127.0.0.1 /index.php/Home/Member/ceshi
INFO: [ app_init ] --START--
INFO: Run Behavior\BuildLiteBehavior [ RunTime:0.000000s ]
INFO: [ app_init ] --END-- [ RunTime:0.001000s ]
INFO: [ app_begin ] --START--
INFO: Run Behavior\ReadHtmlCacheBehavior [ RunTime:0.001000s ]
INFO: [ app_begin ] --END-- [ RunTime:0.002000s ]
SQL: SHOW COLUMNS FROM `fen_indent` [ RunTime:0.0050s ]
SQL: SHOW COLUMNS FROM `fen_indent` [ RunTime:0.0050s ]
SQL: SELECT * FROM `fen_indent` WHERE `id` = 1 LIMIT 1   [ RunTime:0.0000s ]
SQL: SHOW COLUMNS FROM `fen_member` [ RunTime:0.0050s ]
SQL: SELECT * FROM `fen_member` WHERE `id` = 13 LIMIT 1   [ RunTime:0.0000s ]
SQL: SELECT * FROM `fen_member` WHERE `id` = 4 LIMIT 1   [ RunTime:0.0000s ]
NOTIC: [8] Undefined index: refe_sort D:\wamp\www\fenxiao\Application\Home\Model\IndentModel.class.php 第 16 行.

[ 2018-03-06T10:13:51+08:00 ] 127.0.0.1 /index.php/Home/Member/ceshi
INFO: [ app_init ] --START--
INFO: Run Behavior\BuildLiteBehavior [ RunTime:0.000000s ]
INFO: [ app_init ] --END-- [ RunTime:0.001000s ]
INFO: [ app_begin ] --START--
INFO: Run Behavior\ReadHtmlCacheBehavior [ RunTime:0.002001s ]
INFO: [ app_begin ] --END-- [ RunTime:0.002001s ]
SQL: SHOW COLUMNS FROM `fen_indent` [ RunTime:0.0060s ]
SQL: SHOW COLUMNS FROM `fen_indent` [ RunTime:0.0050s ]
SQL: SELECT * FROM `fen_indent` WHERE `id` = 1 LIMIT 1   [ RunTime:0.0010s ]
SQL: SHOW COLUMNS FROM `fen_member` [ RunTime:0.0050s ]
SQL: SELECT * FROM `fen_member` WHERE `id` = 13 LIMIT 1   [ RunTime:0.0000s ]
SQL: SELECT * FROM `fen_member` WHERE `id` = 4 LIMIT 1   [ RunTime:0.0000s ]
NOTIC: [8] Undefined index: refe_sort D:\wamp\www\fenxiao\Application\Home\Model\IndentModel.class.php 第 16 行.

[ 2018-03-06T10:13:58+08:00 ] 127.0.0.1 /index.php/Home/Member/ceshi
INFO: [ app_init ] --START--
INFO: Run Behavior\BuildLiteBehavior [ RunTime:0.000000s ]
INFO: [ app_init ] --END-- [ RunTime:0.000000s ]
INFO: [ app_begin ] --START--
INFO: Run Behavior\ReadHtmlCacheBehavior [ RunTime:0.001001s ]
INFO: [ app_begin ] --END-- [ RunTime:0.001001s ]
SQL: SHOW COLUMNS FROM `fen_indent` [ RunTime:0.0060s ]
SQL: SHOW COLUMNS FROM `fen_indent` [ RunTime:0.0070s ]
SQL: SELECT * FROM `fen_indent` WHERE `id` = 1 LIMIT 1   [ RunTime:0.0000s ]
SQL: SHOW COLUMNS FROM `fen_member` [ RunTime:0.0070s ]
SQL: SELECT * FROM `fen_member` WHERE `id` = 13 LIMIT 1   [ RunTime:0.0010s ]
SQL: SELECT * FROM `fen_member` WHERE `id` = 4 LIMIT 1   [ RunTime:0.0010s ]
NOTIC: [8] Undefined index: refe_sort D:\wamp\www\fenxiao\Application\Home\Model\IndentModel.class.php 第 16 行.

[ 2018-03-06T10:14:11+08:00 ] 127.0.0.1 /index.php/Home/Member/ceshi
INFO: [ app_init ] --START--
INFO: Run Behavior\BuildLiteBehavior [ RunTime:0.000000s ]
INFO: [ app_init ] --END-- [ RunTime:0.001001s ]
INFO: [ app_begin ] --START--
INFO: Run Behavior\ReadHtmlCacheBehavior [ RunTime:0.003000s ]
INFO: [ app_begin ] --END-- [ RunTime:0.003000s ]
SQL: SHOW COLUMNS FROM `fen_indent` [ RunTime:0.0050s ]
SQL: SHOW COLUMNS FROM `fen_indent` [ RunTime:0.0070s ]
SQL: SELECT * FROM `fen_indent` WHERE `id` = 1 LIMIT 1   [ RunTime:0.0000s ]
SQL: SHOW COLUMNS FROM `fen_member` [ RunTime:0.0050s ]
SQL: SELECT * FROM `fen_member` WHERE `id` = 13 LIMIT 1   [ RunTime:0.0010s ]
SQL: SELECT * FROM `fen_member` WHERE `id` = 4 LIMIT 1   [ RunTime:0.0010s ]
NOTIC: [8] Undefined index: refe_sort D:\wamp\www\fenxiao\Application\Home\Model\IndentModel.class.php 第 16 行.

[ 2018-03-06T10:16:19+08:00 ] 127.0.0.1 /index.php/Home/Member/ceshi
INFO: [ app_init ] --START--
INFO: Run Behavior\BuildLiteBehavior [ RunTime:0.000000s ]
INFO: [ app_init ] --END-- [ RunTime:0.000000s ]
INFO: [ app_begin ] --START--
INFO: Run Behavior\ReadHtmlCacheBehavior [ RunTime:0.002000s ]
INFO: [ app_begin ] --END-- [ RunTime:0.002000s ]
SQL: SHOW COLUMNS FROM `fen_indent` [ RunTime:0.0050s ]
SQL: SHOW COLUMNS FROM `fen_indent` [ RunTime:0.0050s ]
SQL: SELECT * FROM `fen_indent` WHERE `id` = 1 LIMIT 1   [ RunTime:0.0010s ]
SQL: SHOW COLUMNS FROM `fen_member` [ RunTime:0.0050s ]
SQL: SELECT * FROM `fen_member` WHERE `id` = 13 LIMIT 1   [ RunTime:0.0000s ]
SQL: SELECT * FROM `fen_member` WHERE `id` = 4 LIMIT 1   [ RunTime:0.0000s ]
NOTIC: [8] Undefined index: refe_sort D:\wamp\www\fenxiao\Application\Home\Model\IndentModel.class.php 第 16 行.

[ 2018-03-06T10:16:32+08:00 ] 127.0.0.1 /index.php/Home/Member/ceshi
INFO: [ app_init ] --START--
INFO: Run Behavior\BuildLiteBehavior [ RunTime:0.000000s ]
INFO: [ app_init ] --END-- [ RunTime:0.001000s ]
INFO: [ app_begin ] --START--
INFO: Run Behavior\ReadHtmlCacheBehavior [ RunTime:0.001000s ]
INFO: [ app_begin ] --END-- [ RunTime:0.001000s ]
SQL: SHOW COLUMNS FROM `fen_indent` [ RunTime:0.0060s ]
SQL: SHOW COLUMNS FROM `fen_indent` [ RunTime:0.0050s ]
SQL: SELECT * FROM `fen_indent` WHERE `id` = 1 LIMIT 1   [ RunTime:0.0000s ]
SQL: SHOW COLUMNS FROM `fen_member` [ RunTime:0.0050s ]
SQL: SELECT * FROM `fen_member` WHERE `id` = 13 LIMIT 1   [ RunTime:0.0010s ]
SQL: SELECT * FROM `fen_member` WHERE `id` = 4 LIMIT 1   [ RunTime:0.0010s ]

[ 2018-03-06T10:20:40+08:00 ] 127.0.0.1 /index.php/Home/member/index
INFO: [ app_init ] --START--
INFO: Run Behavior\BuildLiteBehavior [ RunTime:0.000000s ]
INFO: [ app_init ] --END-- [ RunTime:0.001000s ]
INFO: [ app_begin ] --START--
INFO: Run Behavior\ReadHtmlCacheBehavior [ RunTime:0.002000s ]
INFO: [ app_begin ] --END-- [ RunTime:0.005000s ]
INFO: [ view_parse ] --START--
INFO: [ template_filter ] --START--
INFO: Run Behavior\ContentReplaceBehavior [ RunTime:0.000000s ]
INFO: [ template_filter ] --END-- [ RunTime:0.000000s ]
INFO: Run Behavior\ParseTemplateBehavior [ RunTime:0.020001s ]
INFO: [ view_parse ] --END-- [ RunTime:0.021001s ]
INFO: [ view_filter ] --START--
INFO: Run Behavior\WriteHtmlCacheBehavior [ RunTime:0.001000s ]
INFO: [ view_filter ] --END-- [ RunTime:0.001000s ]
INFO: [ app_end ] --START--
INFO: Run Behavior\ShowPageTraceBehavior [ RunTime:0.004000s ]
INFO: [ app_end ] --END-- [ RunTime:0.005001s ]

[ 2018-03-06T10:21:50+08:00 ] 127.0.0.1 /index.php/Home/Member/ceshi
INFO: [ app_init ] --START--
INFO: Run Behavior\BuildLiteBehavior [ RunTime:0.000000s ]
INFO: [ app_init ] --END-- [ RunTime:0.001000s ]
INFO: [ app_begin ] --START--
INFO: Run Behavior\ReadHtmlCacheBehavior [ RunTime:0.005000s ]
INFO: [ app_begin ] --END-- [ RunTime:0.005000s ]
SQL: SHOW COLUMNS FROM `fen_indent` [ RunTime:0.0060s ]
SQL: SHOW COLUMNS FROM `fen_indent` [ RunTime:0.0070s ]
SQL: SELECT * FROM `fen_indent` WHERE `id` = 1 LIMIT 1   [ RunTime:0.0010s ]
SQL: SHOW COLUMNS FROM `fen_member` [ RunTime:0.0050s ]
SQL: SELECT * FROM `fen_member` WHERE `id` = 13 LIMIT 1   [ RunTime:0.0010s ]
SQL: SELECT * FROM `fen_member` WHERE `id` = 4 LIMIT 1   [ RunTime:0.0000s ]
SQL: UPDATE `fen_member` SET `money`='500',`sort`='2' WHERE `id` = 4 [ RunTime:0.0040s ]
SQL: SHOW COLUMNS FROM `fen_finances` [ RunTime:0.0050s ]
SQL: INSERT INTO `fen_finances` (`userid`,`roletype`,`moneytype`,`money`,`full`,`content`,`time`) VALUES ('4','1','2','500','500','用户：13930183333购买产品，成为VIP用户，作为直接推荐人获得奖励500元','1520302910') [ RunTime:0.0020s ]

[ 2018-03-06T10:23:22+08:00 ] 127.0.0.1 /index.php/Home/member/index
INFO: [ app_init ] --START--
INFO: Run Behavior\BuildLiteBehavior [ RunTime:0.000000s ]
INFO: [ app_init ] --END-- [ RunTime:0.001000s ]
INFO: [ app_begin ] --START--
INFO: Run Behavior\ReadHtmlCacheBehavior [ RunTime:0.001000s ]
INFO: [ app_begin ] --END-- [ RunTime:0.002000s ]
INFO: [ view_parse ] --START--
INFO: [ template_filter ] --START--
INFO: Run Behavior\ContentReplaceBehavior [ RunTime:0.000000s ]
INFO: [ template_filter ] --END-- [ RunTime:0.000000s ]
INFO: Run Behavior\ParseTemplateBehavior [ RunTime:0.012001s ]
INFO: [ view_parse ] --END-- [ RunTime:0.012001s ]
INFO: [ view_filter ] --START--
INFO: Run Behavior\WriteHtmlCacheBehavior [ RunTime:0.001000s ]
INFO: [ view_filter ] --END-- [ RunTime:0.001000s ]
INFO: [ app_end ] --START--
INFO: Run Behavior\ShowPageTraceBehavior [ RunTime:0.001000s ]
INFO: [ app_end ] --END-- [ RunTime:0.002000s ]

[ 2018-03-06T10:25:19+08:00 ] 127.0.0.1 /index.php/Home/member/index
INFO: [ app_init ] --START--
INFO: Run Behavior\BuildLiteBehavior [ RunTime:0.000000s ]
INFO: [ app_init ] --END-- [ RunTime:0.002000s ]
INFO: [ app_begin ] --START--
INFO: Run Behavior\ReadHtmlCacheBehavior [ RunTime:0.001000s ]
INFO: [ app_begin ] --END-- [ RunTime:0.001000s ]
INFO: [ view_parse ] --START--
INFO: [ template_filter ] --START--
INFO: Run Behavior\ContentReplaceBehavior [ RunTime:0.000000s ]
INFO: [ template_filter ] --END-- [ RunTime:0.001000s ]
INFO: Run Behavior\ParseTemplateBehavior [ RunTime:0.009001s ]
INFO: [ view_parse ] --END-- [ RunTime:0.010001s ]
INFO: [ view_filter ] --START--
INFO: Run Behavior\WriteHtmlCacheBehavior [ RunTime:0.001000s ]
INFO: [ view_filter ] --END-- [ RunTime:0.001000s ]
INFO: [ app_end ] --START--
INFO: Run Behavior\ShowPageTraceBehavior [ RunTime:0.001000s ]
INFO: [ app_end ] --END-- [ RunTime:0.002000s ]

[ 2018-03-06T10:25:20+08:00 ] 127.0.0.1 /index.php/Home/Member/ceshi
INFO: [ app_init ] --START--
INFO: Run Behavior\BuildLiteBehavior [ RunTime:0.000000s ]
INFO: [ app_init ] --END-- [ RunTime:0.001000s ]
INFO: [ app_begin ] --START--
INFO: Run Behavior\ReadHtmlCacheBehavior [ RunTime:0.001001s ]
INFO: [ app_begin ] --END-- [ RunTime:0.002001s ]
SQL: SHOW COLUMNS FROM `fen_indent` [ RunTime:0.0080s ]
SQL: SHOW COLUMNS FROM `fen_indent` [ RunTime:0.0050s ]
SQL: SELECT * FROM `fen_indent` WHERE `id` = 1 LIMIT 1   [ RunTime:0.0000s ]
SQL: SHOW COLUMNS FROM `fen_member` [ RunTime:0.0080s ]
SQL: SELECT * FROM `fen_member` WHERE `id` = 13 LIMIT 1   [ RunTime:0.0000s ]
SQL: SELECT * FROM `fen_member` WHERE `id` = 4 LIMIT 1   [ RunTime:0.0000s ]
INFO: [ app_end ] --START--
INFO: Run Behavior\ShowPageTraceBehavior [ RunTime:0.002001s ]
INFO: [ app_end ] --END-- [ RunTime:0.002001s ]

[ 2018-03-06T10:25:53+08:00 ] 127.0.0.1 /index.php/Home/member/index
INFO: [ app_init ] --START--
INFO: Run Behavior\BuildLiteBehavior [ RunTime:0.000000s ]
INFO: [ app_init ] --END-- [ RunTime:0.003000s ]
INFO: [ app_begin ] --START--
INFO: Run Behavior\ReadHtmlCacheBehavior [ RunTime:0.006001s ]
INFO: [ app_begin ] --END-- [ RunTime:0.006001s ]
INFO: [ view_parse ] --START--
INFO: [ template_filter ] --START--
INFO: Run Behavior\ContentReplaceBehavior [ RunTime:0.000000s ]
INFO: [ template_filter ] --END-- [ RunTime:0.001000s ]
INFO: Run Behavior\ParseTemplateBehavior [ RunTime:0.015001s ]
INFO: [ view_parse ] --END-- [ RunTime:0.015001s ]
INFO: [ view_filter ] --START--
INFO: Run Behavior\WriteHtmlCacheBehavior [ RunTime:0.001000s ]
INFO: [ view_filter ] --END-- [ RunTime:0.001000s ]
INFO: [ app_end ] --START--
INFO: Run Behavior\ShowPageTraceBehavior [ RunTime:0.002000s ]
INFO: [ app_end ] --END-- [ RunTime:0.002000s ]

[ 2018-03-06T10:25:55+08:00 ] 127.0.0.1 /index.php/Home/Member/ceshi
INFO: [ app_init ] --START--
INFO: Run Behavior\BuildLiteBehavior [ RunTime:0.000000s ]
INFO: [ app_init ] --END-- [ RunTime:0.001000s ]
INFO: [ app_begin ] --START--
INFO: Run Behavior\ReadHtmlCacheBehavior [ RunTime:0.002000s ]
INFO: [ app_begin ] --END-- [ RunTime:0.002000s ]
SQL: SHOW COLUMNS FROM `fen_indent` [ RunTime:0.0050s ]
SQL: SHOW COLUMNS FROM `fen_indent` [ RunTime:0.0050s ]
SQL: SELECT * FROM `fen_indent` WHERE `id` = 1 LIMIT 1   [ RunTime:0.0010s ]
SQL: SHOW COLUMNS FROM `fen_member` [ RunTime:0.0070s ]
SQL: SELECT * FROM `fen_member` WHERE `id` = 13 LIMIT 1   [ RunTime:0.0010s ]
SQL: SELECT * FROM `fen_member` WHERE `id` = 4 LIMIT 1   [ RunTime:0.0000s ]
SQL: UPDATE `fen_member` SET `money`='500',`sort`='2' WHERE `id` = 4 [ RunTime:0.0020s ]
SQL: SHOW COLUMNS FROM `fen_finances` [ RunTime:0.0050s ]
SQL: INSERT INTO `fen_finances` (`userid`,`roletype`,`moneytype`,`money`,`full`,`content`,`time`) VALUES ('4','1','2','500','500','会员：13930183333购买产品，成为VIP用户，作为直接推荐人获得奖励500元','1520303155') [ RunTime:0.0020s ]
SQL: SELECT * FROM `fen_member` WHERE `id` = 3 LIMIT 1   [ RunTime:0.0000s ]
SQL: SELECT * FROM `fen_member` WHERE `id` = 2 LIMIT 1   [ RunTime:0.0010s ]
SQL: SELECT * FROM `fen_member` WHERE `id` = 3 LIMIT 1   [ RunTime:0.0000s ]
SQL: SELECT * FROM `fen_member` WHERE `id` = 2 LIMIT 1   [ RunTime:0.0000s ]
SQL: SELECT * FROM `fen_member` WHERE `id` = 1 LIMIT 1   [ RunTime:0.0000s ]
SQL: SELECT * FROM `fen_member` WHERE `id` = 3 LIMIT 1   [ RunTime:0.0010s ]
SQL: SELECT * FROM `fen_member` WHERE `id` = 2 LIMIT 1   [ RunTime:0.0010s ]
SQL: SELECT * FROM `fen_member` WHERE `id` = 1 LIMIT 1   [ RunTime:0.0010s ]
SQL: SELECT * FROM `fen_member` WHERE `id` = 2 LIMIT 1   [ RunTime:0.0010s ]
SQL: UPDATE `fen_member` SET `money`='50' WHERE `id` = 2 [ RunTime:0.0020s ]
NOTIC: [8] Undefined variable: mem D:\wamp\www\fenxiao\Application\Home\Model\IndentModel.class.php 第 167 行.
SQL: INSERT INTO `fen_finances` (`userid`,`roletype`,`moneytype`,`money`,`full`,`content`,`time`) VALUES ('2','1','2','50','50','会员：购买产品，成为VIP用户，作为总监获得奖励50元','1520303155') [ RunTime:0.0030s ]
SQL: SELECT * FROM `fen_member` WHERE `id` = 1 LIMIT 1   [ RunTime:0.0010s ]
SQL: UPDATE `fen_member` SET `money`='80' WHERE `id` = 1 [ RunTime:0.0020s ]
NOTIC: [8] Undefined variable: mem D:\wamp\www\fenxiao\Application\Home\Model\IndentModel.class.php 第 183 行.
SQL: INSERT INTO `fen_finances` (`userid`,`roletype`,`moneytype`,`money`,`full`,`content`,`time`) VALUES ('1','1','2','80','80','会员：购买产品，成为VIP用户，作为副总获得奖励80元','1520303155') [ RunTime:0.0020s ]
INFO: [ app_end ] --START--
INFO: Run Behavior\ShowPageTraceBehavior [ RunTime:0.001000s ]
INFO: [ app_end ] --END-- [ RunTime:0.001000s ]

[ 2018-03-06T10:35:17+08:00 ] 127.0.0.1 /index.php/Home/member/index
INFO: [ app_init ] --START--
INFO: Run Behavior\BuildLiteBehavior [ RunTime:0.000000s ]
INFO: [ app_init ] --END-- [ RunTime:0.001000s ]
INFO: [ app_begin ] --START--
INFO: Run Behavior\ReadHtmlCacheBehavior [ RunTime:0.001000s ]
INFO: [ app_begin ] --END-- [ RunTime:0.001000s ]
INFO: [ view_parse ] --START--
INFO: [ template_filter ] --START--
INFO: Run Behavior\ContentReplaceBehavior [ RunTime:0.000000s ]
INFO: [ template_filter ] --END-- [ RunTime:0.000000s ]
INFO: Run Behavior\ParseTemplateBehavior [ RunTime:0.010000s ]
INFO: [ view_parse ] --END-- [ RunTime:0.010000s ]
INFO: [ view_filter ] --START--
INFO: Run Behavior\WriteHtmlCacheBehavior [ RunTime:0.001000s ]
INFO: [ view_filter ] --END-- [ RunTime:0.001000s ]
INFO: [ app_end ] --START--
INFO: Run Behavior\ShowPageTraceBehavior [ RunTime:0.001000s ]
INFO: [ app_end ] --END-- [ RunTime:0.001000s ]

[ 2018-03-06T10:35:20+08:00 ] 127.0.0.1 /index.php/Home/Member/ceshi
INFO: [ app_init ] --START--
INFO: Run Behavior\BuildLiteBehavior [ RunTime:0.000000s ]
INFO: [ app_init ] --END-- [ RunTime:0.000000s ]
INFO: [ app_begin ] --START--
INFO: Run Behavior\ReadHtmlCacheBehavior [ RunTime:0.001000s ]
INFO: [ app_begin ] --END-- [ RunTime:0.001000s ]
SQL: SHOW COLUMNS FROM `fen_indent` [ RunTime:0.0110s ]
SQL: SHOW COLUMNS FROM `fen_indent` [ RunTime:0.0050s ]
SQL: SELECT * FROM `fen_indent` WHERE `id` = 1 LIMIT 1   [ RunTime:0.0010s ]
SQL: SHOW COLUMNS FROM `fen_member` [ RunTime:0.0050s ]
SQL: SELECT * FROM `fen_member` WHERE `id` = 13 LIMIT 1   [ RunTime:0.0020s ]
SQL: SELECT * FROM `fen_member` WHERE `id` = 12 LIMIT 1   [ RunTime:0.0000s ]
INFO: [ app_end ] --START--
INFO: Run Behavior\ShowPageTraceBehavior [ RunTime:0.001000s ]
INFO: [ app_end ] --END-- [ RunTime:0.002000s ]

[ 2018-03-06T10:36:57+08:00 ] 127.0.0.1 /index.php/Home/Member/ceshi
INFO: [ app_init ] --START--
INFO: Run Behavior\BuildLiteBehavior [ RunTime:0.000000s ]
INFO: [ app_init ] --END-- [ RunTime:0.004000s ]
INFO: [ app_begin ] --START--
INFO: Run Behavior\ReadHtmlCacheBehavior [ RunTime:0.001000s ]
INFO: [ app_begin ] --END-- [ RunTime:0.001000s ]

[ 2018-03-06T10:37:08+08:00 ] 127.0.0.1 /index.php/Home/Member/ceshi
INFO: [ app_init ] --START--
INFO: Run Behavior\BuildLiteBehavior [ RunTime:0.000000s ]
INFO: [ app_init ] --END-- [ RunTime:0.001000s ]
INFO: [ app_begin ] --START--
INFO: Run Behavior\ReadHtmlCacheBehavior [ RunTime:0.004000s ]
INFO: [ app_begin ] --END-- [ RunTime:0.005000s ]
SQL: SHOW COLUMNS FROM `fen_indent` [ RunTime:0.0050s ]
SQL: SHOW COLUMNS FROM `fen_indent` [ RunTime:0.0060s ]
SQL: SELECT * FROM `fen_indent` WHERE `id` = 1 LIMIT 1   [ RunTime:0.0000s ]
SQL: SHOW COLUMNS FROM `fen_member` [ RunTime:0.0050s ]
SQL: SELECT * FROM `fen_member` WHERE `id` = 13 LIMIT 1   [ RunTime:0.0010s ]
SQL: SELECT * FROM `fen_member` WHERE `id` = 12 LIMIT 1   [ RunTime:0.0010s ]
INFO: [ app_end ] --START--
INFO: Run Behavior\ShowPageTraceBehavior [ RunTime:0.001000s ]
INFO: [ app_end ] --END-- [ RunTime:0.001000s ]

[ 2018-03-06T10:37:51+08:00 ] 127.0.0.1 /index.php/Home/Member/ceshi
INFO: [ app_init ] --START--
INFO: Run Behavior\BuildLiteBehavior [ RunTime:0.000000s ]
INFO: [ app_init ] --END-- [ RunTime:0.001000s ]
INFO: [ app_begin ] --START--
INFO: Run Behavior\ReadHtmlCacheBehavior [ RunTime:0.001000s ]
INFO: [ app_begin ] --END-- [ RunTime:0.001000s ]
SQL: SHOW COLUMNS FROM `fen_indent` [ RunTime:0.0050s ]
SQL: SHOW COLUMNS FROM `fen_indent` [ RunTime:0.0080s ]
SQL: SELECT * FROM `fen_indent` WHERE `id` = 1 LIMIT 1   [ RunTime:0.0010s ]
SQL: SHOW COLUMNS FROM `fen_member` [ RunTime:0.0060s ]
SQL: SELECT * FROM `fen_member` WHERE `id` = 13 LIMIT 1   [ RunTime:0.0010s ]
SQL: SELECT * FROM `fen_member` WHERE `id` = 12 LIMIT 1   [ RunTime:0.0000s ]
INFO: [ app_end ] --START--
INFO: Run Behavior\ShowPageTraceBehavior [ RunTime:0.001000s ]
INFO: [ app_end ] --END-- [ RunTime:0.002000s ]

[ 2018-03-06T10:37:52+08:00 ] 127.0.0.1 /index.php/Home/Member/ceshi
INFO: [ app_init ] --START--
INFO: Run Behavior\BuildLiteBehavior [ RunTime:0.000000s ]
INFO: [ app_init ] --END-- [ RunTime:0.001000s ]
INFO: [ app_begin ] --START--
INFO: Run Behavior\ReadHtmlCacheBehavior [ RunTime:0.001000s ]
INFO: [ app_begin ] --END-- [ RunTime:0.001000s ]
SQL: SHOW COLUMNS FROM `fen_indent` [ RunTime:0.0050s ]
SQL: SHOW COLUMNS FROM `fen_indent` [ RunTime:0.0050s ]
SQL: SELECT * FROM `fen_indent` WHERE `id` = 1 LIMIT 1   [ RunTime:0.0010s ]
SQL: SHOW COLUMNS FROM `fen_member` [ RunTime:0.0050s ]
SQL: SELECT * FROM `fen_member` WHERE `id` = 13 LIMIT 1   [ RunTime:0.0020s ]
SQL: SELECT * FROM `fen_member` WHERE `id` = 12 LIMIT 1   [ RunTime:0.0010s ]
INFO: [ app_end ] --START--
INFO: Run Behavior\ShowPageTraceBehavior [ RunTime:0.001000s ]
INFO: [ app_end ] --END-- [ RunTime:0.001000s ]

[ 2018-03-06T10:37:52+08:00 ] 127.0.0.1 /index.php/Home/Member/ceshi
INFO: [ app_init ] --START--
INFO: Run Behavior\BuildLiteBehavior [ RunTime:0.001000s ]
INFO: [ app_init ] --END-- [ RunTime:0.001000s ]
INFO: [ app_begin ] --START--
INFO: Run Behavior\ReadHtmlCacheBehavior [ RunTime:0.002000s ]
INFO: [ app_begin ] --END-- [ RunTime:0.002000s ]
SQL: SHOW COLUMNS FROM `fen_indent` [ RunTime:0.0080s ]
SQL: SHOW COLUMNS FROM `fen_indent` [ RunTime:0.0050s ]
SQL: SELECT * FROM `fen_indent` WHERE `id` = 1 LIMIT 1   [ RunTime:0.0000s ]
SQL: SHOW COLUMNS FROM `fen_member` [ RunTime:0.0070s ]
SQL: SELECT * FROM `fen_member` WHERE `id` = 13 LIMIT 1   [ RunTime:0.0000s ]
SQL: SELECT * FROM `fen_member` WHERE `id` = 12 LIMIT 1   [ RunTime:0.0000s ]
INFO: [ app_end ] --START--
INFO: Run Behavior\ShowPageTraceBehavior [ RunTime:0.001000s ]
INFO: [ app_end ] --END-- [ RunTime:0.001000s ]

[ 2018-03-06T10:37:52+08:00 ] 127.0.0.1 /index.php/Home/Member/ceshi
INFO: [ app_init ] --START--
INFO: Run Behavior\BuildLiteBehavior [ RunTime:0.000000s ]
INFO: [ app_init ] --END-- [ RunTime:0.001000s ]
INFO: [ app_begin ] --START--
INFO: Run Behavior\ReadHtmlCacheBehavior [ RunTime:0.002000s ]
INFO: [ app_begin ] --END-- [ RunTime:0.002000s ]
SQL: SHOW COLUMNS FROM `fen_indent` [ RunTime:0.0050s ]
SQL: SHOW COLUMNS FROM `fen_indent` [ RunTime:0.0040s ]
SQL: SELECT * FROM `fen_indent` WHERE `id` = 1 LIMIT 1   [ RunTime:0.0020s ]
SQL: SHOW COLUMNS FROM `fen_member` [ RunTime:0.0070s ]
SQL: SELECT * FROM `fen_member` WHERE `id` = 13 LIMIT 1   [ RunTime:0.0010s ]
SQL: SELECT * FROM `fen_member` WHERE `id` = 12 LIMIT 1   [ RunTime:0.0000s ]
INFO: [ app_end ] --START--
INFO: Run Behavior\ShowPageTraceBehavior [ RunTime:0.001000s ]
INFO: [ app_end ] --END-- [ RunTime:0.001000s ]

[ 2018-03-06T10:37:52+08:00 ] 127.0.0.1 /index.php/Home/Member/ceshi
INFO: [ app_init ] --START--
INFO: Run Behavior\BuildLiteBehavior [ RunTime:0.000000s ]
INFO: [ app_init ] --END-- [ RunTime:0.000000s ]
INFO: [ app_begin ] --START--
INFO: Run Behavior\ReadHtmlCacheBehavior [ RunTime:0.001000s ]
INFO: [ app_begin ] --END-- [ RunTime:0.001000s ]
SQL: SHOW COLUMNS FROM `fen_indent` [ RunTime:0.0050s ]
SQL: SHOW COLUMNS FROM `fen_indent` [ RunTime:0.0070s ]
SQL: SELECT * FROM `fen_indent` WHERE `id` = 1 LIMIT 1   [ RunTime:0.0010s ]
SQL: SHOW COLUMNS FROM `fen_member` [ RunTime:0.0050s ]
SQL: SELECT * FROM `fen_member` WHERE `id` = 13 LIMIT 1   [ RunTime:0.0000s ]
SQL: SELECT * FROM `fen_member` WHERE `id` = 12 LIMIT 1   [ RunTime:0.0000s ]
INFO: [ app_end ] --START--
INFO: Run Behavior\ShowPageTraceBehavior [ RunTime:0.001000s ]
INFO: [ app_end ] --END-- [ RunTime:0.001000s ]

[ 2018-03-06T10:38:08+08:00 ] 127.0.0.1 /index.php/Home/Member/ceshi
INFO: [ app_init ] --START--
INFO: Run Behavior\BuildLiteBehavior [ RunTime:0.000000s ]
INFO: [ app_init ] --END-- [ RunTime:0.001000s ]
INFO: [ app_begin ] --START--
INFO: Run Behavior\ReadHtmlCacheBehavior [ RunTime:0.001000s ]
INFO: [ app_begin ] --END-- [ RunTime:0.001000s ]
SQL: SHOW COLUMNS FROM `fen_indent` [ RunTime:0.0050s ]
SQL: SHOW COLUMNS FROM `fen_indent` [ RunTime:0.0050s ]
SQL: SELECT * FROM `fen_indent` WHERE `id` = 1 LIMIT 1   [ RunTime:0.0010s ]
SQL: SHOW COLUMNS FROM `fen_member` [ RunTime:0.0040s ]
SQL: SELECT * FROM `fen_member` WHERE `id` = 13 LIMIT 1   [ RunTime:0.0000s ]
SQL: SELECT * FROM `fen_member` WHERE `id` = 12 LIMIT 1   [ RunTime:0.0000s ]

[ 2018-03-06T10:39:39+08:00 ] 127.0.0.1 /index.php/Home/member/index
INFO: [ app_init ] --START--
INFO: Run Behavior\BuildLiteBehavior [ RunTime:0.000000s ]
INFO: [ app_init ] --END-- [ RunTime:0.001000s ]
INFO: [ app_begin ] --START--
INFO: Run Behavior\ReadHtmlCacheBehavior [ RunTime:0.002000s ]
INFO: [ app_begin ] --END-- [ RunTime:0.003000s ]
INFO: [ view_parse ] --START--
INFO: [ template_filter ] --START--
INFO: Run Behavior\ContentReplaceBehavior [ RunTime:0.000000s ]
INFO: [ template_filter ] --END-- [ RunTime:0.001000s ]
INFO: Run Behavior\ParseTemplateBehavior [ RunTime:0.012000s ]
INFO: [ view_parse ] --END-- [ RunTime:0.013000s ]
INFO: [ view_filter ] --START--
INFO: Run Behavior\WriteHtmlCacheBehavior [ RunTime:0.001000s ]
INFO: [ view_filter ] --END-- [ RunTime:0.001000s ]
INFO: [ app_end ] --START--
INFO: Run Behavior\ShowPageTraceBehavior [ RunTime:0.001000s ]
INFO: [ app_end ] --END-- [ RunTime:0.001000s ]

[ 2018-03-06T10:39:40+08:00 ] 127.0.0.1 /index.php/Home/Member/ceshi
INFO: [ app_init ] --START--
INFO: Run Behavior\BuildLiteBehavior [ RunTime:0.000000s ]
INFO: [ app_init ] --END-- [ RunTime:0.000000s ]
INFO: [ app_begin ] --START--
INFO: Run Behavior\ReadHtmlCacheBehavior [ RunTime:0.001001s ]
INFO: [ app_begin ] --END-- [ RunTime:0.002001s ]
SQL: SHOW COLUMNS FROM `fen_indent` [ RunTime:0.0060s ]
SQL: SHOW COLUMNS FROM `fen_indent` [ RunTime:0.0050s ]
SQL: SELECT * FROM `fen_indent` WHERE `id` = 1 LIMIT 1   [ RunTime:0.0010s ]
SQL: SHOW COLUMNS FROM `fen_member` [ RunTime:0.0050s ]
SQL: SELECT * FROM `fen_member` WHERE `id` = 6 LIMIT 1   [ RunTime:0.0000s ]
SQL: SELECT * FROM `fen_member` WHERE `id` = 13 LIMIT 1   [ RunTime:0.0000s ]

[ 2018-03-06T10:39:56+08:00 ] 127.0.0.1 /index.php/Home/Member/ceshi
INFO: [ app_init ] --START--
INFO: Run Behavior\BuildLiteBehavior [ RunTime:0.000000s ]
INFO: [ app_init ] --END-- [ RunTime:0.000000s ]
INFO: [ app_begin ] --START--
INFO: Run Behavior\ReadHtmlCacheBehavior [ RunTime:0.001000s ]
INFO: [ app_begin ] --END-- [ RunTime:0.002000s ]
SQL: SHOW COLUMNS FROM `fen_indent` [ RunTime:0.0060s ]
SQL: SHOW COLUMNS FROM `fen_indent` [ RunTime:0.0050s ]
SQL: SELECT * FROM `fen_indent` WHERE `id` = 1 LIMIT 1   [ RunTime:0.0010s ]
SQL: SHOW COLUMNS FROM `fen_member` [ RunTime:0.0060s ]
SQL: SELECT * FROM `fen_member` WHERE `id` = 6 LIMIT 1   [ RunTime:0.0010s ]
SQL: SELECT * FROM `fen_member` WHERE `id` = 13 LIMIT 1   [ RunTime:0.0010s ]
SQL: UPDATE `fen_member` SET `money`='1000' WHERE `id` = 13 [ RunTime:0.0030s ]
SQL: SHOW COLUMNS FROM `fen_finances` [ RunTime:0.0050s ]
SQL: INSERT INTO `fen_finances` (`userid`,`roletype`,`moneytype`,`money`,`full`,`content`,`time`) VALUES ('13','1','2','1000','1000','会员：18332302277购买产品，成为VIP用户，作为直接推荐人获得奖励1000元','1520303996') [ RunTime:0.0030s ]
SQL: SELECT * FROM `fen_member` WHERE `id` = 12 LIMIT 1   [ RunTime:0.0010s ]
SQL: SELECT * FROM `fen_member` WHERE `id` = 3 LIMIT 1   [ RunTime:0.0010s ]
SQL: SELECT * FROM `fen_member` WHERE `id` = 2 LIMIT 1   [ RunTime:0.0010s ]
SQL: SELECT * FROM `fen_member` WHERE `id` = 12 LIMIT 1   [ RunTime:0.0010s ]
SQL: SELECT * FROM `fen_member` WHERE `id` = 3 LIMIT 1   [ RunTime:0.0010s ]
SQL: SELECT * FROM `fen_member` WHERE `id` = 2 LIMIT 1   [ RunTime:0.0010s ]
SQL: SELECT * FROM `fen_member` WHERE `id` = 1 LIMIT 1   [ RunTime:0.0010s ]
SQL: SELECT * FROM `fen_member` WHERE `id` = 12 LIMIT 1   [ RunTime:0.0010s ]
SQL: SELECT * FROM `fen_member` WHERE `id` = 3 LIMIT 1   [ RunTime:0.0010s ]
SQL: SELECT * FROM `fen_member` WHERE `id` = 2 LIMIT 1   [ RunTime:0.0000s ]
SQL: SELECT * FROM `fen_member` WHERE `id` = 1 LIMIT 1   [ RunTime:0.0000s ]
SQL: SELECT * FROM `fen_member` WHERE `id` = 2 LIMIT 1   [ RunTime:0.0000s ]
SQL: UPDATE `fen_member` SET `money`='100' WHERE `id` = 2 [ RunTime:0.0030s ]
NOTIC: [8] Undefined variable: mem D:\wamp\www\fenxiao\Application\Home\Model\IndentModel.class.php 第 168 行.
SQL: INSERT INTO `fen_finances` (`userid`,`roletype`,`moneytype`,`money`,`full`,`content`,`time`) VALUES ('2','1','2','50','100','会员：购买产品，成为VIP用户，作为总监获得奖励50元','1520303996') [ RunTime:0.0020s ]
SQL: SELECT * FROM `fen_member` WHERE `id` = 1 LIMIT 1   [ RunTime:0.0000s ]
SQL: UPDATE `fen_member` SET `money`='160' WHERE `id` = 1 [ RunTime:0.0030s ]
NOTIC: [8] Undefined variable: mem D:\wamp\www\fenxiao\Application\Home\Model\IndentModel.class.php 第 184 行.
SQL: INSERT INTO `fen_finances` (`userid`,`roletype`,`moneytype`,`money`,`full`,`content`,`time`) VALUES ('1','1','2','80','160','会员：购买产品，成为VIP用户，作为副总获得奖励80元','1520303996') [ RunTime:0.0020s ]
NOTIC: [2] Missing argument 3 for Home\Model\IndentModel::fenrun_top_daili(), called in D:\wamp\www\fenxiao\Application\Home\Model\IndentModel.class.php on line 99 and defined D:\wamp\www\fenxiao\Application\Home\Model\IndentModel.class.php 第 209 行.
SQL: SELECT * FROM `fen_member` WHERE `id` = 12 LIMIT 1   [ RunTime:0.0000s ]
SQL: UPDATE `fen_member` SET `money`='200' WHERE `id` = 12 [ RunTime:0.0030s ]
NOTIC: [8] Undefined variable: ref_username D:\wamp\www\fenxiao\Application\Home\Model\IndentModel.class.php 第 225 行.
SQL: INSERT INTO `fen_finances` (`userid`,`roletype`,`moneytype`,`money`,`full`,`content`) VALUES ('12','1','2','200','200','下级代理：发展VIP客户，作为上级代理获得奖励200元') [ RunTime:0.0020s ]
SQL: SELECT * FROM `fen_member` WHERE `id` = 3 LIMIT 1   [ RunTime:0.0000s ]
SQL: UPDATE `fen_member` SET `money`='40' WHERE `id` = 3 [ RunTime:0.0020s ]
SQL: INSERT INTO `fen_finances` (`userid`,`roletype`,`moneytype`,`money`,`content`) VALUES ('3','1','2','40','下级代理：xx发展VIP客户，作为上级代理获得奖励40元') [ RunTime:0.0020s ]
SQL: SELECT * FROM `fen_member` WHERE `id` = 2 LIMIT 1   [ RunTime:0.0010s ]
INFO: [ app_end ] --START--
INFO: Run Behavior\ShowPageTraceBehavior [ RunTime:0.001000s ]
INFO: [ app_end ] --END-- [ RunTime:0.001000s ]

[ 2018-03-06T11:12:33+08:00 ] 127.0.0.1 /index.php/Home/member/index
INFO: [ app_init ] --START--
INFO: Run Behavior\BuildLiteBehavior [ RunTime:0.000000s ]
INFO: [ app_init ] --END-- [ RunTime:0.001001s ]
INFO: [ app_begin ] --START--
INFO: Run Behavior\ReadHtmlCacheBehavior [ RunTime:0.001000s ]
INFO: [ app_begin ] --END-- [ RunTime:0.001000s ]
INFO: [ view_parse ] --START--
INFO: [ template_filter ] --START--
INFO: Run Behavior\ContentReplaceBehavior [ RunTime:0.000000s ]
INFO: [ template_filter ] --END-- [ RunTime:0.001000s ]
INFO: Run Behavior\ParseTemplateBehavior [ RunTime:0.014001s ]
INFO: [ view_parse ] --END-- [ RunTime:0.014001s ]
INFO: [ view_filter ] --START--
INFO: Run Behavior\WriteHtmlCacheBehavior [ RunTime:0.001000s ]
INFO: [ view_filter ] --END-- [ RunTime:0.002000s ]
INFO: [ app_end ] --START--
INFO: Run Behavior\ShowPageTraceBehavior [ RunTime:0.001000s ]
INFO: [ app_end ] --END-- [ RunTime:0.001000s ]

[ 2018-03-06T11:12:34+08:00 ] 127.0.0.1 /index.php/Home/Member/ceshi
INFO: [ app_init ] --START--
INFO: Run Behavior\BuildLiteBehavior [ RunTime:0.000000s ]
INFO: [ app_init ] --END-- [ RunTime:0.003000s ]
INFO: [ app_begin ] --START--
INFO: Run Behavior\ReadHtmlCacheBehavior [ RunTime:0.001000s ]
INFO: [ app_begin ] --END-- [ RunTime:0.001000s ]
SQL: SHOW COLUMNS FROM `fen_indent` [ RunTime:0.0060s ]
SQL: SHOW COLUMNS FROM `fen_indent` [ RunTime:0.0050s ]
SQL: SELECT * FROM `fen_indent` WHERE `id` = 1 LIMIT 1   [ RunTime:0.0010s ]
SQL: SHOW COLUMNS FROM `fen_member` [ RunTime:0.0060s ]
SQL: SELECT * FROM `fen_member` WHERE `id` = 6 LIMIT 1   [ RunTime:0.0000s ]
SQL: SELECT * FROM `fen_member` WHERE `id` = 13 LIMIT 1   [ RunTime:0.0000s ]
SQL: UPDATE `fen_member` SET `money`='2000' WHERE `id` = 13 [ RunTime:0.0030s ]
SQL: SHOW COLUMNS FROM `fen_finances` [ RunTime:0.0040s ]
SQL: INSERT INTO `fen_finances` (`userid`,`roletype`,`moneytype`,`money`,`full`,`content`,`time`) VALUES ('13','1','2','1000','2000','会员：18332302277购买产品，成为VIP用户，作为直接推荐人获得奖励1000元','1520305954') [ RunTime:0.0020s ]
SQL: SELECT * FROM `fen_member` WHERE `id` = 12 LIMIT 1   [ RunTime:0.0000s ]
SQL: SELECT * FROM `fen_member` WHERE `id` = 3 LIMIT 1   [ RunTime:0.0000s ]
SQL: SELECT * FROM `fen_member` WHERE `id` = 2 LIMIT 1   [ RunTime:0.0000s ]
SQL: SELECT * FROM `fen_member` WHERE `id` = 12 LIMIT 1   [ RunTime:0.0010s ]
SQL: SELECT * FROM `fen_member` WHERE `id` = 3 LIMIT 1   [ RunTime:0.0010s ]
SQL: SELECT * FROM `fen_member` WHERE `id` = 2 LIMIT 1   [ RunTime:0.0000s ]
SQL: SELECT * FROM `fen_member` WHERE `id` = 1 LIMIT 1   [ RunTime:0.0000s ]
SQL: SELECT * FROM `fen_member` WHERE `id` = 12 LIMIT 1   [ RunTime:0.0000s ]
SQL: SELECT * FROM `fen_member` WHERE `id` = 3 LIMIT 1   [ RunTime:0.0000s ]
SQL: SELECT * FROM `fen_member` WHERE `id` = 2 LIMIT 1   [ RunTime:0.0010s ]
SQL: SELECT * FROM `fen_member` WHERE `id` = 1 LIMIT 1   [ RunTime:0.0010s ]
SQL: SELECT * FROM `fen_member` WHERE `id` = 2 LIMIT 1   [ RunTime:0.0000s ]
SQL: UPDATE `fen_member` SET `money`='150' WHERE `id` = 2 [ RunTime:0.0020s ]
SQL: INSERT INTO `fen_finances` (`userid`,`roletype`,`moneytype`,`money`,`full`,`content`,`time`) VALUES ('2','1','2','50','150','会员：18332302277购买产品，成为VIP用户，作为总监获得奖励50元','1520305954') [ RunTime:0.0020s ]
SQL: SELECT * FROM `fen_member` WHERE `id` = 1 LIMIT 1   [ RunTime:0.0010s ]
SQL: UPDATE `fen_member` SET `money`='240' WHERE `id` = 1 [ RunTime:0.0030s ]
SQL: INSERT INTO `fen_finances` (`userid`,`roletype`,`moneytype`,`money`,`full`,`content`,`time`) VALUES ('1','1','2','80','240','会员：18332302277购买产品，成为VIP用户，作为副总获得奖励80元','1520305954') [ RunTime:0.0030s ]
SQL: SELECT * FROM `fen_member` WHERE `id` = 12 LIMIT 1   [ RunTime:0.0010s ]
SQL: UPDATE `fen_member` SET `money`='400' WHERE `id` = 12 [ RunTime:0.0020s ]
SQL: INSERT INTO `fen_finances` (`userid`,`roletype`,`moneytype`,`money`,`full`,`content`) VALUES ('12','1','2','200','400','下级代理：13930183333发展VIP客户，作为上级代理获得奖励200元') [ RunTime:0.0020s ]
SQL: SELECT * FROM `fen_member` WHERE `id` = 3 LIMIT 1   [ RunTime:0.0000s ]
SQL: UPDATE `fen_member` SET `money`='80' WHERE `id` = 3 [ RunTime:0.0020s ]
SQL: INSERT INTO `fen_finances` (`userid`,`roletype`,`moneytype`,`money`,`content`) VALUES ('3','1','2','80','下级代理：xx发展VIP客户，作为上级代理获得奖励40元') [ RunTime:0.0020s ]
SQL: SELECT * FROM `fen_member` WHERE `id` = 2 LIMIT 1   [ RunTime:0.0010s ]
INFO: [ app_end ] --START--
INFO: Run Behavior\ShowPageTraceBehavior [ RunTime:0.001000s ]
INFO: [ app_end ] --END-- [ RunTime:0.002000s ]

