[ 2018-06-23T16:37:07+08:00 ] 127.0.0.1 /index.php/Home/index/index
ERR: Cron:cron Runat 2018-06-23 16:37:07 Use 0.055003 s

[ 2018-06-23T16:37:07+08:00 ] 127.0.0.1 /index.php/Home/index/index
INFO: [ app_init ] --START--
INFO: Run Behavior\BuildLiteBehavior [ RunTime:0.000000s ]
INFO: [ app_init ] --END-- [ RunTime:0.007001s ]
INFO: [ app_begin ] --START--
INFO: Run Behavior\ReadHtmlCacheBehavior [ RunTime:0.003000s ]
SQL: SHOW COLUMNS FROM `fen_indent` [ RunTime:0.0160s ]
SQL: SELECT * FROM `fen_indent` WHERE `status` = 2  [ RunTime:0.0010s ]
INFO: Run Behavior\CronRunBehavior [ RunTime:0.073005s ]
INFO: [ app_begin ] --END-- [ RunTime:0.076005s ]
NOTIC: [8] Undefined index: ref_id D:\wamp\www\fenxiao\Application\Home\Controller\IndexController.class.php 第 8 行.
NOTIC: [8] Undefined index: code D:\wamp\www\fenxiao\Application\Home\Controller\IndexController.class.php 第 74 行.
SQL: SHOW COLUMNS FROM `fen_class` [ RunTime:0.0150s ]
SQL: SELECT * FROM `fen_class` WHERE `parentid` = 0  [ RunTime:0.0000s ]
SQL: SELECT * FROM `fen_class` WHERE `parentid` = 1  [ RunTime:0.0000s ]
SQL: SHOW COLUMNS FROM `fen_product` [ RunTime:0.0140s ]
SQL: SELECT `id`,`name`,`price`,`picture` FROM `fen_product` WHERE `class_id` IN ('6','7') AND `tuijian` = 1  [ RunTime:0.0010s ]
SQL: SELECT * FROM `fen_class` WHERE `parentid` = 2  [ RunTime:0.0010s ]
SQL: SELECT `id`,`name`,`price`,`picture` FROM `fen_product` WHERE `class_id` IN ('8') AND `tuijian` = 1  [ RunTime:0.0000s ]
SQL: SELECT * FROM `fen_class` WHERE `parentid` = 3  [ RunTime:0.0000s ]
SQL: SELECT `id`,`name`,`price`,`picture` FROM `fen_product` WHERE `class_id` IN ('9') AND `tuijian` = 1  [ RunTime:0.0010s ]
SQL: SELECT * FROM `fen_class` WHERE `parentid` = 4  [ RunTime:0.0010s ]
SQL: SELECT `id`,`name`,`price`,`picture` FROM `fen_product` WHERE `class_id` IN ('') AND `tuijian` = 1  [ RunTime:0.0010s ]
SQL: SELECT * FROM `fen_class` WHERE `parentid` = 5  [ RunTime:0.0010s ]
SQL: SELECT `id`,`name`,`price`,`picture` FROM `fen_product` WHERE `class_id` IN ('') AND `tuijian` = 1  [ RunTime:0.0000s ]
SQL: SELECT COUNT(*) AS tp_count FROM `fen_product` WHERE `status` = 0 LIMIT 1   [ RunTime:0.0000s ]
NOTIC: [8] Undefined index: p D:\wamp\www\fenxiao\Application\Home\Controller\IndexController.class.php 第 192 行.
SQL: SELECT * FROM `fen_product` WHERE `status` = 0 LIMIT 0,10   [ RunTime:0.0010s ]
SQL: SHOW COLUMNS FROM `fen_guangbo` [ RunTime:0.0100s ]
SQL: SELECT * FROM `fen_guangbo`  [ RunTime:0.0010s ]
SQL: SHOW COLUMNS FROM `fen_banner` [ RunTime:0.0100s ]
SQL: SELECT * FROM `fen_banner` LIMIT 1   [ RunTime:0.0000s ]
INFO: [ view_parse ] --START--
INFO: [ template_filter ] --START--
INFO: Run Behavior\ContentReplaceBehavior [ RunTime:0.000000s ]
INFO: [ template_filter ] --END-- [ RunTime:0.000000s ]
NOTIC: [8] Undefined variable: put_r_id D:\wamp\www\fenxiao\Application\Runtime\Cache\Home\2a94b8bda04ff446dcedd42276fc99ee.php 第 72 行.
SQL: SELECT `class_name` FROM `fen_class` WHERE `id` = 1 LIMIT 1   [ RunTime:0.0010s ]
SQL: SELECT `class_name` FROM `fen_class` WHERE `id` = 2 LIMIT 1   [ RunTime:0.0010s ]
SQL: SELECT `class_name` FROM `fen_class` WHERE `id` = 3 LIMIT 1   [ RunTime:0.0010s ]
SQL: SELECT `class_name` FROM `fen_class` WHERE `id` = 4 LIMIT 1   [ RunTime:0.0010s ]
SQL: SELECT `class_name` FROM `fen_class` WHERE `id` = 5 LIMIT 1   [ RunTime:0.0010s ]
INFO: Run Behavior\ParseTemplateBehavior [ RunTime:0.049003s ]
INFO: [ view_parse ] --END-- [ RunTime:0.049003s ]
INFO: [ view_filter ] --START--
INFO: Run Behavior\WriteHtmlCacheBehavior [ RunTime:0.002000s ]
INFO: [ view_filter ] --END-- [ RunTime:0.002000s ]
INFO: [ app_end ] --START--
INFO: Run Behavior\ShowPageTraceBehavior [ RunTime:0.002000s ]
INFO: [ app_end ] --END-- [ RunTime:0.002000s ]

