[ 2018-06-02T11:14:58+08:00 ] 127.0.0.1 /index.php/Home/index/index
INFO: [ app_init ] --START--
INFO: Run Behavior\BuildLiteBehavior [ RunTime:0.000000s ]
INFO: [ app_init ] --END-- [ RunTime:0.001000s ]
INFO: [ app_begin ] --START--
INFO: Run Behavior\ReadHtmlCacheBehavior [ RunTime:0.001000s ]
INFO: [ app_begin ] --END-- [ RunTime:0.002000s ]
NOTIC: [8] Undefined index: code D:\wamp\www\fenxiao\Application\Home\Controller\IndexController.class.php 第 38 行.
SQL: SHOW COLUMNS FROM `fen_class` [ RunTime:0.0190s ]
SQL: SELECT * FROM `fen_class` WHERE `parentid` = 0  [ RunTime:0.0010s ]
SQL: SELECT * FROM `fen_class` WHERE `parentid` = 1  [ RunTime:0.0010s ]
SQL: SHOW COLUMNS FROM `fen_product` [ RunTime:0.0100s ]
SQL: SELECT `id`,`name`,`price`,`picture` FROM `fen_product` WHERE `class_id` IN ('6','7') AND `tuijian` = 1  [ RunTime:0.0000s ]
SQL: SELECT * FROM `fen_class` WHERE `parentid` = 2  [ RunTime:0.0010s ]
SQL: SELECT `id`,`name`,`price`,`picture` FROM `fen_product` WHERE `class_id` IN ('8') AND `tuijian` = 1  [ RunTime:0.0010s ]
SQL: SELECT * FROM `fen_class` WHERE `parentid` = 3  [ RunTime:0.0050s ]
SQL: SELECT `id`,`name`,`price`,`picture` FROM `fen_product` WHERE `class_id` IN ('9') AND `tuijian` = 1  [ RunTime:0.0010s ]
SQL: SELECT * FROM `fen_class` WHERE `parentid` = 4  [ RunTime:0.0010s ]
SQL: SELECT `id`,`name`,`price`,`picture` FROM `fen_product` WHERE `class_id` IN ('') AND `tuijian` = 1  [ RunTime:0.0000s ]
SQL: SELECT * FROM `fen_class` WHERE `parentid` = 5  [ RunTime:0.0010s ]
SQL: SELECT `id`,`name`,`price`,`picture` FROM `fen_product` WHERE `class_id` IN ('') AND `tuijian` = 1  [ RunTime:0.0010s ]
SQL: SELECT COUNT(*) AS tp_count FROM `fen_product` WHERE `status` = 0 LIMIT 1   [ RunTime:0.0000s ]
NOTIC: [8] Undefined index: p D:\wamp\www\fenxiao\Application\Home\Controller\IndexController.class.php 第 90 行.
SQL: SELECT * FROM `fen_product` WHERE `status` = 0 LIMIT 0,10   [ RunTime:0.0010s ]
INFO: [ view_parse ] --START--
INFO: [ template_filter ] --START--
INFO: Run Behavior\ContentReplaceBehavior [ RunTime:0.000000s ]
INFO: [ template_filter ] --END-- [ RunTime:0.000000s ]
SQL: SELECT `class_name` FROM `fen_class` WHERE `id` = 1 LIMIT 1   [ RunTime:0.0010s ]
SQL: SELECT `class_name` FROM `fen_class` WHERE `id` = 2 LIMIT 1   [ RunTime:0.0000s ]
SQL: SELECT `class_name` FROM `fen_class` WHERE `id` = 3 LIMIT 1   [ RunTime:0.0000s ]
SQL: SELECT `class_name` FROM `fen_class` WHERE `id` = 4 LIMIT 1   [ RunTime:0.0000s ]
SQL: SELECT `class_name` FROM `fen_class` WHERE `id` = 5 LIMIT 1   [ RunTime:0.0000s ]
INFO: Run Behavior\ParseTemplateBehavior [ RunTime:0.026002s ]
INFO: [ view_parse ] --END-- [ RunTime:0.026002s ]
INFO: [ view_filter ] --START--
INFO: Run Behavior\WriteHtmlCacheBehavior [ RunTime:0.001000s ]
INFO: [ view_filter ] --END-- [ RunTime:0.002000s ]
INFO: [ app_end ] --START--
INFO: Run Behavior\ShowPageTraceBehavior [ RunTime:0.001000s ]
INFO: [ app_end ] --END-- [ RunTime:0.001000s ]

[ 2018-06-02T13:59:57+08:00 ] 127.0.0.1 /index.php/Home/index/index
INFO: [ app_init ] --START--
INFO: Run Behavior\BuildLiteBehavior [ RunTime:0.000000s ]
INFO: [ app_init ] --END-- [ RunTime:0.001000s ]
INFO: [ app_begin ] --START--
INFO: Run Behavior\ReadHtmlCacheBehavior [ RunTime:0.003001s ]
INFO: [ app_begin ] --END-- [ RunTime:0.003001s ]
NOTIC: [8] Undefined index: code D:\wamp\www\fenxiao\Application\Home\Controller\IndexController.class.php 第 38 行.
SQL: SHOW COLUMNS FROM `fen_class` [ RunTime:0.0070s ]
SQL: SELECT * FROM `fen_class` WHERE `parentid` = 0  [ RunTime:0.0020s ]
SQL: SELECT * FROM `fen_class` WHERE `parentid` = 1  [ RunTime:0.0000s ]
SQL: SHOW COLUMNS FROM `fen_product` [ RunTime:0.0070s ]
SQL: SELECT `id`,`name`,`price`,`picture` FROM `fen_product` WHERE `class_id` IN ('6','7') AND `tuijian` = 1  [ RunTime:0.0010s ]
SQL: SELECT * FROM `fen_class` WHERE `parentid` = 2  [ RunTime:0.0010s ]
SQL: SELECT `id`,`name`,`price`,`picture` FROM `fen_product` WHERE `class_id` IN ('8') AND `tuijian` = 1  [ RunTime:0.0000s ]
SQL: SELECT * FROM `fen_class` WHERE `parentid` = 3  [ RunTime:0.0000s ]
SQL: SELECT `id`,`name`,`price`,`picture` FROM `fen_product` WHERE `class_id` IN ('9') AND `tuijian` = 1  [ RunTime:0.0000s ]
SQL: SELECT * FROM `fen_class` WHERE `parentid` = 4  [ RunTime:0.0000s ]
SQL: SELECT `id`,`name`,`price`,`picture` FROM `fen_product` WHERE `class_id` IN ('') AND `tuijian` = 1  [ RunTime:0.0000s ]
SQL: SELECT * FROM `fen_class` WHERE `parentid` = 5  [ RunTime:0.0000s ]
SQL: SELECT `id`,`name`,`price`,`picture` FROM `fen_product` WHERE `class_id` IN ('') AND `tuijian` = 1  [ RunTime:0.0000s ]
SQL: SELECT COUNT(*) AS tp_count FROM `fen_product` WHERE `status` = 0 LIMIT 1   [ RunTime:0.0000s ]
NOTIC: [8] Undefined index: p D:\wamp\www\fenxiao\Application\Home\Controller\IndexController.class.php 第 90 行.
SQL: SELECT * FROM `fen_product` WHERE `status` = 0 LIMIT 0,10   [ RunTime:0.0010s ]
SQL: SHOW COLUMNS FROM `fen_guangbo` [ RunTime:0.0090s ]
SQL: SELECT * FROM `fen_guangbo`  [ RunTime:0.0000s ]
INFO: [ view_parse ] --START--
INFO: [ template_filter ] --START--
INFO: Run Behavior\ContentReplaceBehavior [ RunTime:0.000000s ]
INFO: [ template_filter ] --END-- [ RunTime:0.000000s ]
SQL: SELECT `class_name` FROM `fen_class` WHERE `id` = 1 LIMIT 1   [ RunTime:0.0010s ]
SQL: SELECT `class_name` FROM `fen_class` WHERE `id` = 2 LIMIT 1   [ RunTime:0.0000s ]
SQL: SELECT `class_name` FROM `fen_class` WHERE `id` = 3 LIMIT 1   [ RunTime:0.0000s ]
SQL: SELECT `class_name` FROM `fen_class` WHERE `id` = 4 LIMIT 1   [ RunTime:0.0000s ]
SQL: SELECT `class_name` FROM `fen_class` WHERE `id` = 5 LIMIT 1   [ RunTime:0.0000s ]
INFO: Run Behavior\ParseTemplateBehavior [ RunTime:0.022001s ]
INFO: [ view_parse ] --END-- [ RunTime:0.022001s ]
INFO: [ view_filter ] --START--
INFO: Run Behavior\WriteHtmlCacheBehavior [ RunTime:0.002000s ]
INFO: [ view_filter ] --END-- [ RunTime:0.002000s ]
INFO: [ app_end ] --START--
INFO: Run Behavior\ShowPageTraceBehavior [ RunTime:0.001000s ]
INFO: [ app_end ] --END-- [ RunTime:0.001000s ]

[ 2018-06-02T14:00:38+08:00 ] 127.0.0.1 /index.php/Home/index/index
INFO: [ app_init ] --START--
INFO: Run Behavior\BuildLiteBehavior [ RunTime:0.000000s ]
INFO: [ app_init ] --END-- [ RunTime:0.001000s ]
INFO: [ app_begin ] --START--
INFO: Run Behavior\ReadHtmlCacheBehavior [ RunTime:0.002000s ]
INFO: [ app_begin ] --END-- [ RunTime:0.003000s ]
NOTIC: [8] Undefined index: code D:\wamp\www\fenxiao\Application\Home\Controller\IndexController.class.php 第 38 行.
SQL: SHOW COLUMNS FROM `fen_class` [ RunTime:0.0090s ]
SQL: SELECT * FROM `fen_class` WHERE `parentid` = 0  [ RunTime:0.0010s ]
SQL: SELECT * FROM `fen_class` WHERE `parentid` = 1  [ RunTime:0.0020s ]
SQL: SHOW COLUMNS FROM `fen_product` [ RunTime:0.0080s ]
SQL: SELECT `id`,`name`,`price`,`picture` FROM `fen_product` WHERE `class_id` IN ('6','7') AND `tuijian` = 1  [ RunTime:0.0010s ]
SQL: SELECT * FROM `fen_class` WHERE `parentid` = 2  [ RunTime:0.0000s ]
SQL: SELECT `id`,`name`,`price`,`picture` FROM `fen_product` WHERE `class_id` IN ('8') AND `tuijian` = 1  [ RunTime:0.0010s ]
SQL: SELECT * FROM `fen_class` WHERE `parentid` = 3  [ RunTime:0.0000s ]
SQL: SELECT `id`,`name`,`price`,`picture` FROM `fen_product` WHERE `class_id` IN ('9') AND `tuijian` = 1  [ RunTime:0.0010s ]
SQL: SELECT * FROM `fen_class` WHERE `parentid` = 4  [ RunTime:0.0010s ]
SQL: SELECT `id`,`name`,`price`,`picture` FROM `fen_product` WHERE `class_id` IN ('') AND `tuijian` = 1  [ RunTime:0.0000s ]
SQL: SELECT * FROM `fen_class` WHERE `parentid` = 5  [ RunTime:0.0010s ]
SQL: SELECT `id`,`name`,`price`,`picture` FROM `fen_product` WHERE `class_id` IN ('') AND `tuijian` = 1  [ RunTime:0.0000s ]
SQL: SELECT COUNT(*) AS tp_count FROM `fen_product` WHERE `status` = 0 LIMIT 1   [ RunTime:0.0010s ]
NOTIC: [8] Undefined index: p D:\wamp\www\fenxiao\Application\Home\Controller\IndexController.class.php 第 90 行.
SQL: SELECT * FROM `fen_product` WHERE `status` = 0 LIMIT 0,10   [ RunTime:0.0010s ]
SQL: SHOW COLUMNS FROM `fen_guangbo` [ RunTime:0.0080s ]
SQL: SELECT * FROM `fen_guangbo`  [ RunTime:0.0010s ]
INFO: [ view_parse ] --START--
INFO: [ template_filter ] --START--
INFO: Run Behavior\ContentReplaceBehavior [ RunTime:0.001000s ]
INFO: [ template_filter ] --END-- [ RunTime:0.001000s ]
SQL: SELECT `class_name` FROM `fen_class` WHERE `id` = 1 LIMIT 1   [ RunTime:0.0000s ]
SQL: SELECT `class_name` FROM `fen_class` WHERE `id` = 2 LIMIT 1   [ RunTime:0.0010s ]
SQL: SELECT `class_name` FROM `fen_class` WHERE `id` = 3 LIMIT 1   [ RunTime:0.0010s ]
SQL: SELECT `class_name` FROM `fen_class` WHERE `id` = 4 LIMIT 1   [ RunTime:0.0010s ]
SQL: SELECT `class_name` FROM `fen_class` WHERE `id` = 5 LIMIT 1   [ RunTime:0.0010s ]
INFO: Run Behavior\ParseTemplateBehavior [ RunTime:0.043003s ]
INFO: [ view_parse ] --END-- [ RunTime:0.043003s ]
INFO: [ view_filter ] --START--
INFO: Run Behavior\WriteHtmlCacheBehavior [ RunTime:0.002000s ]
INFO: [ view_filter ] --END-- [ RunTime:0.002000s ]
INFO: [ app_end ] --START--
INFO: Run Behavior\ShowPageTraceBehavior [ RunTime:0.001000s ]
INFO: [ app_end ] --END-- [ RunTime:0.002000s ]

[ 2018-06-02T14:39:56+08:00 ] 127.0.0.1 /index.php/Home/index/lst
INFO: [ app_init ] --START--
INFO: Run Behavior\BuildLiteBehavior [ RunTime:0.000000s ]
INFO: [ app_init ] --END-- [ RunTime:0.002000s ]
INFO: [ app_begin ] --START--
INFO: Run Behavior\ReadHtmlCacheBehavior [ RunTime:0.001000s ]
INFO: [ app_begin ] --END-- [ RunTime:0.002000s ]
SQL: SHOW COLUMNS FROM `fen_class` [ RunTime:0.0060s ]
SQL: SELECT * FROM `fen_class` WHERE `parentid` = 0  [ RunTime:0.0010s ]
SQL: SHOW COLUMNS FROM `fen_pinpai` [ RunTime:0.0060s ]
SQL: SELECT * FROM `fen_pinpai`  [ RunTime:0.0000s ]
INFO: [ view_parse ] --START--
INFO: [ template_filter ] --START--
INFO: Run Behavior\ContentReplaceBehavior [ RunTime:0.000000s ]
INFO: [ template_filter ] --END-- [ RunTime:0.000000s ]
INFO: Run Behavior\ParseTemplateBehavior [ RunTime:0.016001s ]
INFO: [ view_parse ] --END-- [ RunTime:0.016001s ]
INFO: [ view_filter ] --START--
INFO: Run Behavior\WriteHtmlCacheBehavior [ RunTime:0.001000s ]
INFO: [ view_filter ] --END-- [ RunTime:0.001000s ]
INFO: [ app_end ] --START--
INFO: Run Behavior\ShowPageTraceBehavior [ RunTime:0.001000s ]
INFO: [ app_end ] --END-- [ RunTime:0.001000s ]

[ 2018-06-02T14:39:56+08:00 ] 127.0.0.1 /index.php/Home/Index/ajax_lst
INFO: [ app_init ] --START--
INFO: Run Behavior\BuildLiteBehavior [ RunTime:0.000000s ]
INFO: [ app_init ] --END-- [ RunTime:0.001000s ]
INFO: [ app_begin ] --START--
INFO: Run Behavior\ReadHtmlCacheBehavior [ RunTime:0.001000s ]
INFO: [ app_begin ] --END-- [ RunTime:0.001000s ]
SQL: SHOW COLUMNS FROM `fen_product` [ RunTime:0.0220s ]
NOTIC: [8] Undefined variable: where D:\wamp\www\fenxiao\Application\Home\Controller\IndexController.class.php 第 200 行.
SQL: SELECT `id`,`name`,`picture`,`price` FROM `fen_product`  [ RunTime:0.0020s ]
INFO: [ app_end ] --START--
INFO: Run Behavior\ShowPageTraceBehavior [ RunTime:0.005000s ]
INFO: [ app_end ] --END-- [ RunTime:0.005000s ]

[ 2018-06-02T14:40:05+08:00 ] 127.0.0.1 /index.php/Home/Index/ajax_lst
INFO: [ app_init ] --START--
INFO: Run Behavior\BuildLiteBehavior [ RunTime:0.000000s ]
INFO: [ app_init ] --END-- [ RunTime:0.001000s ]
INFO: [ app_begin ] --START--
INFO: Run Behavior\ReadHtmlCacheBehavior [ RunTime:0.001001s ]
INFO: [ app_begin ] --END-- [ RunTime:0.001001s ]
SQL: SHOW COLUMNS FROM `fen_product` [ RunTime:0.0070s ]
SQL: SELECT `id`,`name`,`picture`,`price` FROM `fen_product` WHERE `name` LIKE '%维生素%'  [ RunTime:0.0000s ]
INFO: [ app_end ] --START--
INFO: Run Behavior\ShowPageTraceBehavior [ RunTime:0.001000s ]
INFO: [ app_end ] --END-- [ RunTime:0.001000s ]

[ 2018-06-02T14:46:32+08:00 ] 127.0.0.1 /index.php/Home/index/lst
INFO: [ app_init ] --START--
INFO: Run Behavior\BuildLiteBehavior [ RunTime:0.000000s ]
INFO: [ app_init ] --END-- [ RunTime:0.000000s ]
INFO: [ app_begin ] --START--
INFO: Run Behavior\ReadHtmlCacheBehavior [ RunTime:0.002000s ]
INFO: [ app_begin ] --END-- [ RunTime:0.002000s ]
SQL: SHOW COLUMNS FROM `fen_class` [ RunTime:0.0060s ]
SQL: SELECT * FROM `fen_class` WHERE `parentid` = 0  [ RunTime:0.0010s ]
SQL: SHOW COLUMNS FROM `fen_pinpai` [ RunTime:0.0060s ]
SQL: SELECT * FROM `fen_pinpai`  [ RunTime:0.0000s ]
INFO: [ view_parse ] --START--
INFO: [ template_filter ] --START--
INFO: Run Behavior\ContentReplaceBehavior [ RunTime:0.001000s ]
INFO: [ template_filter ] --END-- [ RunTime:0.001000s ]
INFO: Run Behavior\ParseTemplateBehavior [ RunTime:0.021001s ]
INFO: [ view_parse ] --END-- [ RunTime:0.021001s ]
INFO: [ view_filter ] --START--
INFO: Run Behavior\WriteHtmlCacheBehavior [ RunTime:0.002000s ]
INFO: [ view_filter ] --END-- [ RunTime:0.002000s ]
INFO: [ app_end ] --START--
INFO: Run Behavior\ShowPageTraceBehavior [ RunTime:0.002001s ]
INFO: [ app_end ] --END-- [ RunTime:0.002001s ]

[ 2018-06-02T14:46:32+08:00 ] 127.0.0.1 /index.php/Home/Index/ajax_lst
INFO: [ app_init ] --START--
INFO: Run Behavior\BuildLiteBehavior [ RunTime:0.000000s ]
INFO: [ app_init ] --END-- [ RunTime:0.001000s ]
INFO: [ app_begin ] --START--
INFO: Run Behavior\ReadHtmlCacheBehavior [ RunTime:0.001000s ]
INFO: [ app_begin ] --END-- [ RunTime:0.001000s ]
SQL: SHOW COLUMNS FROM `fen_product` [ RunTime:0.0060s ]
NOTIC: [8] Undefined variable: where D:\wamp\www\fenxiao\Application\Home\Controller\IndexController.class.php 第 200 行.
SQL: SELECT `id`,`name`,`picture`,`price` FROM `fen_product`  [ RunTime:0.0010s ]

[ 2018-06-02T14:46:45+08:00 ] 127.0.0.1 /index.php/Home/index/index
INFO: [ app_init ] --START--
INFO: Run Behavior\BuildLiteBehavior [ RunTime:0.000000s ]
INFO: [ app_init ] --END-- [ RunTime:0.000000s ]
INFO: [ app_begin ] --START--
INFO: Run Behavior\ReadHtmlCacheBehavior [ RunTime:0.001000s ]
INFO: [ app_begin ] --END-- [ RunTime:0.001000s ]
NOTIC: [8] Undefined index: code D:\wamp\www\fenxiao\Application\Home\Controller\IndexController.class.php 第 38 行.
SQL: SHOW COLUMNS FROM `fen_class` [ RunTime:0.0110s ]
SQL: SELECT * FROM `fen_class` WHERE `parentid` = 0  [ RunTime:0.0010s ]
SQL: SELECT * FROM `fen_class` WHERE `parentid` = 1  [ RunTime:0.0020s ]
SQL: SHOW COLUMNS FROM `fen_product` [ RunTime:0.0090s ]
SQL: SELECT `id`,`name`,`price`,`picture` FROM `fen_product` WHERE `class_id` IN ('6','7') AND `tuijian` = 1  [ RunTime:0.0000s ]
SQL: SELECT * FROM `fen_class` WHERE `parentid` = 2  [ RunTime:0.0000s ]
SQL: SELECT `id`,`name`,`price`,`picture` FROM `fen_product` WHERE `class_id` IN ('8') AND `tuijian` = 1  [ RunTime:0.0010s ]
SQL: SELECT * FROM `fen_class` WHERE `parentid` = 3  [ RunTime:0.0000s ]
SQL: SELECT `id`,`name`,`price`,`picture` FROM `fen_product` WHERE `class_id` IN ('9') AND `tuijian` = 1  [ RunTime:0.0010s ]
SQL: SELECT * FROM `fen_class` WHERE `parentid` = 4  [ RunTime:0.0000s ]
SQL: SELECT `id`,`name`,`price`,`picture` FROM `fen_product` WHERE `class_id` IN ('') AND `tuijian` = 1  [ RunTime:0.0030s ]
SQL: SELECT * FROM `fen_class` WHERE `parentid` = 5  [ RunTime:0.0020s ]
SQL: SELECT `id`,`name`,`price`,`picture` FROM `fen_product` WHERE `class_id` IN ('') AND `tuijian` = 1  [ RunTime:0.0010s ]
SQL: SELECT COUNT(*) AS tp_count FROM `fen_product` WHERE `status` = 0 LIMIT 1   [ RunTime:0.0000s ]
NOTIC: [8] Undefined index: p D:\wamp\www\fenxiao\Application\Home\Controller\IndexController.class.php 第 90 行.
SQL: SELECT * FROM `fen_product` WHERE `status` = 0 LIMIT 0,10   [ RunTime:0.0000s ]
SQL: SHOW COLUMNS FROM `fen_guangbo` [ RunTime:0.0080s ]
SQL: SELECT * FROM `fen_guangbo`  [ RunTime:0.0010s ]
INFO: [ view_parse ] --START--
INFO: [ template_filter ] --START--
INFO: Run Behavior\ContentReplaceBehavior [ RunTime:0.000000s ]
INFO: [ template_filter ] --END-- [ RunTime:0.000000s ]
SQL: SELECT `class_name` FROM `fen_class` WHERE `id` = 1 LIMIT 1   [ RunTime:0.0000s ]
SQL: SELECT `class_name` FROM `fen_class` WHERE `id` = 2 LIMIT 1   [ RunTime:0.0000s ]
SQL: SELECT `class_name` FROM `fen_class` WHERE `id` = 3 LIMIT 1   [ RunTime:0.0010s ]
SQL: SELECT `class_name` FROM `fen_class` WHERE `id` = 4 LIMIT 1   [ RunTime:0.0010s ]
SQL: SELECT `class_name` FROM `fen_class` WHERE `id` = 5 LIMIT 1   [ RunTime:0.0010s ]
INFO: Run Behavior\ParseTemplateBehavior [ RunTime:0.028002s ]
INFO: [ view_parse ] --END-- [ RunTime:0.029002s ]
INFO: [ view_filter ] --START--
INFO: Run Behavior\WriteHtmlCacheBehavior [ RunTime:0.001000s ]
INFO: [ view_filter ] --END-- [ RunTime:0.001000s ]
INFO: [ app_end ] --START--
INFO: Run Behavior\ShowPageTraceBehavior [ RunTime:0.001000s ]
INFO: [ app_end ] --END-- [ RunTime:0.002000s ]

[ 2018-06-02T14:46:47+08:00 ] 127.0.0.1 /index.php/Home/index/lst
INFO: [ app_init ] --START--
INFO: Run Behavior\BuildLiteBehavior [ RunTime:0.000000s ]
INFO: [ app_init ] --END-- [ RunTime:0.001001s ]
INFO: [ app_begin ] --START--
INFO: Run Behavior\ReadHtmlCacheBehavior [ RunTime:0.002000s ]
INFO: [ app_begin ] --END-- [ RunTime:0.002000s ]
SQL: SHOW COLUMNS FROM `fen_class` [ RunTime:0.0070s ]
SQL: SELECT * FROM `fen_class` WHERE `parentid` = 0  [ RunTime:0.0010s ]
SQL: SHOW COLUMNS FROM `fen_pinpai` [ RunTime:0.0060s ]
SQL: SELECT * FROM `fen_pinpai`  [ RunTime:0.0010s ]
INFO: [ view_parse ] --START--
INFO: [ template_filter ] --START--
INFO: Run Behavior\ContentReplaceBehavior [ RunTime:0.000000s ]
INFO: [ template_filter ] --END-- [ RunTime:0.000000s ]
INFO: Run Behavior\ParseTemplateBehavior [ RunTime:0.019001s ]
INFO: [ view_parse ] --END-- [ RunTime:0.019001s ]
INFO: [ view_filter ] --START--
INFO: Run Behavior\WriteHtmlCacheBehavior [ RunTime:0.001000s ]
INFO: [ view_filter ] --END-- [ RunTime:0.001000s ]
INFO: [ app_end ] --START--
INFO: Run Behavior\ShowPageTraceBehavior [ RunTime:0.002001s ]
INFO: [ app_end ] --END-- [ RunTime:0.002001s ]

[ 2018-06-02T14:46:47+08:00 ] 127.0.0.1 /index.php/Home/Index/ajax_lst
INFO: [ app_init ] --START--
INFO: Run Behavior\BuildLiteBehavior [ RunTime:0.000000s ]
INFO: [ app_init ] --END-- [ RunTime:0.001000s ]
INFO: [ app_begin ] --START--
INFO: Run Behavior\ReadHtmlCacheBehavior [ RunTime:0.003000s ]
INFO: [ app_begin ] --END-- [ RunTime:0.003000s ]
SQL: SHOW COLUMNS FROM `fen_product` [ RunTime:0.0080s ]
NOTIC: [8] Undefined variable: where D:\wamp\www\fenxiao\Application\Home\Controller\IndexController.class.php 第 200 行.
SQL: SELECT `id`,`name`,`picture`,`price` FROM `fen_product`  [ RunTime:0.0010s ]

[ 2018-06-02T14:47:17+08:00 ] 127.0.0.1 /index.php/Home/index/lst
INFO: [ app_init ] --START--
INFO: Run Behavior\BuildLiteBehavior [ RunTime:0.000000s ]
INFO: [ app_init ] --END-- [ RunTime:0.001000s ]
INFO: [ app_begin ] --START--
INFO: Run Behavior\ReadHtmlCacheBehavior [ RunTime:0.005000s ]
INFO: [ app_begin ] --END-- [ RunTime:0.006000s ]
SQL: SHOW COLUMNS FROM `fen_class` [ RunTime:0.0080s ]
SQL: SELECT * FROM `fen_class` WHERE `parentid` = 0  [ RunTime:0.0000s ]
SQL: SHOW COLUMNS FROM `fen_pinpai` [ RunTime:0.0060s ]
SQL: SELECT * FROM `fen_pinpai`  [ RunTime:0.0000s ]
INFO: [ view_parse ] --START--
INFO: [ template_filter ] --START--
INFO: Run Behavior\ContentReplaceBehavior [ RunTime:0.001000s ]
INFO: [ template_filter ] --END-- [ RunTime:0.001000s ]
INFO: Run Behavior\ParseTemplateBehavior [ RunTime:0.017001s ]
INFO: [ view_parse ] --END-- [ RunTime:0.017001s ]
INFO: [ view_filter ] --START--
INFO: Run Behavior\WriteHtmlCacheBehavior [ RunTime:0.001000s ]
INFO: [ view_filter ] --END-- [ RunTime:0.001000s ]
INFO: [ app_end ] --START--
INFO: Run Behavior\ShowPageTraceBehavior [ RunTime:0.002000s ]
INFO: [ app_end ] --END-- [ RunTime:0.002000s ]

[ 2018-06-02T14:47:17+08:00 ] 127.0.0.1 /index.php/Home/Index/ajax_lst
INFO: [ app_init ] --START--
INFO: Run Behavior\BuildLiteBehavior [ RunTime:0.000000s ]
INFO: [ app_init ] --END-- [ RunTime:0.001000s ]
INFO: [ app_begin ] --START--
INFO: Run Behavior\ReadHtmlCacheBehavior [ RunTime:0.001000s ]
INFO: [ app_begin ] --END-- [ RunTime:0.001000s ]
SQL: SHOW COLUMNS FROM `fen_product` [ RunTime:0.0070s ]
NOTIC: [8] Undefined variable: where D:\wamp\www\fenxiao\Application\Home\Controller\IndexController.class.php 第 200 行.
SQL: SELECT `id`,`name`,`picture`,`price` FROM `fen_product`  [ RunTime:0.0010s ]

[ 2018-06-02T14:47:28+08:00 ] 127.0.0.1 /index.php/Home/Index/ajax_lst
INFO: [ app_init ] --START--
INFO: Run Behavior\BuildLiteBehavior [ RunTime:0.000000s ]
INFO: [ app_init ] --END-- [ RunTime:0.001000s ]
INFO: [ app_begin ] --START--
INFO: Run Behavior\ReadHtmlCacheBehavior [ RunTime:0.001000s ]
INFO: [ app_begin ] --END-- [ RunTime:0.001000s ]
SQL: SHOW COLUMNS FROM `fen_product` [ RunTime:0.0090s ]
SQL: SELECT `id`,`name`,`picture`,`price` FROM `fen_product` WHERE `name` LIKE '%维生素%'  [ RunTime:0.0010s ]

[ 2018-06-02T14:48:19+08:00 ] 127.0.0.1 /index.php/Home/Index/ajax_lst
INFO: [ app_init ] --START--
INFO: Run Behavior\BuildLiteBehavior [ RunTime:0.000000s ]
INFO: [ app_init ] --END-- [ RunTime:0.001000s ]
INFO: [ app_begin ] --START--
INFO: Run Behavior\ReadHtmlCacheBehavior [ RunTime:0.008001s ]
INFO: [ app_begin ] --END-- [ RunTime:0.008001s ]
SQL: SHOW COLUMNS FROM `fen_product` [ RunTime:0.0060s ]
SQL: SELECT `id`,`name`,`picture`,`price` FROM `fen_product` WHERE `name` LIKE '%辅酶%'  [ RunTime:0.0000s ]
INFO: [ app_end ] --START--
INFO: Run Behavior\ShowPageTraceBehavior [ RunTime:0.001000s ]
INFO: [ app_end ] --END-- [ RunTime:0.001000s ]

[ 2018-06-02T14:52:00+08:00 ] 127.0.0.1 /index.php/Home/index/index
INFO: [ app_init ] --START--
INFO: Run Behavior\BuildLiteBehavior [ RunTime:0.000000s ]
INFO: [ app_init ] --END-- [ RunTime:0.001000s ]
INFO: [ app_begin ] --START--
INFO: Run Behavior\ReadHtmlCacheBehavior [ RunTime:0.002000s ]
INFO: [ app_begin ] --END-- [ RunTime:0.002000s ]
NOTIC: [8] Undefined index: code D:\wamp\www\fenxiao\Application\Home\Controller\IndexController.class.php 第 38 行.
SQL: SHOW COLUMNS FROM `fen_class` [ RunTime:0.0060s ]
SQL: SELECT * FROM `fen_class` WHERE `parentid` = 0  [ RunTime:0.0010s ]
SQL: SELECT * FROM `fen_class` WHERE `parentid` = 1  [ RunTime:0.0030s ]
SQL: SHOW COLUMNS FROM `fen_product` [ RunTime:0.0060s ]
SQL: SELECT `id`,`name`,`price`,`picture` FROM `fen_product` WHERE `class_id` IN ('6','7') AND `tuijian` = 1  [ RunTime:0.0010s ]
SQL: SELECT * FROM `fen_class` WHERE `parentid` = 2  [ RunTime:0.0010s ]
SQL: SELECT `id`,`name`,`price`,`picture` FROM `fen_product` WHERE `class_id` IN ('8') AND `tuijian` = 1  [ RunTime:0.0010s ]
SQL: SELECT * FROM `fen_class` WHERE `parentid` = 3  [ RunTime:0.0000s ]
SQL: SELECT `id`,`name`,`price`,`picture` FROM `fen_product` WHERE `class_id` IN ('9') AND `tuijian` = 1  [ RunTime:0.0010s ]
SQL: SELECT * FROM `fen_class` WHERE `parentid` = 4  [ RunTime:0.0010s ]
SQL: SELECT `id`,`name`,`price`,`picture` FROM `fen_product` WHERE `class_id` IN ('') AND `tuijian` = 1  [ RunTime:0.0010s ]
SQL: SELECT * FROM `fen_class` WHERE `parentid` = 5  [ RunTime:0.0010s ]
SQL: SELECT `id`,`name`,`price`,`picture` FROM `fen_product` WHERE `class_id` IN ('') AND `tuijian` = 1  [ RunTime:0.0030s ]
SQL: SELECT COUNT(*) AS tp_count FROM `fen_product` WHERE `status` = 0 LIMIT 1   [ RunTime:0.0010s ]
NOTIC: [8] Undefined index: p D:\wamp\www\fenxiao\Application\Home\Controller\IndexController.class.php 第 90 行.
SQL: SELECT * FROM `fen_product` WHERE `status` = 0 LIMIT 0,10   [ RunTime:0.0000s ]
SQL: SHOW COLUMNS FROM `fen_guangbo` [ RunTime:0.0070s ]
SQL: SELECT * FROM `fen_guangbo`  [ RunTime:0.0010s ]
INFO: [ view_parse ] --START--
INFO: [ template_filter ] --START--
INFO: Run Behavior\ContentReplaceBehavior [ RunTime:0.000000s ]
INFO: [ template_filter ] --END-- [ RunTime:0.000000s ]
SQL: SELECT `class_name` FROM `fen_class` WHERE `id` = 1 LIMIT 1   [ RunTime:0.0010s ]
SQL: SELECT `class_name` FROM `fen_class` WHERE `id` = 2 LIMIT 1   [ RunTime:0.0010s ]
SQL: SELECT `class_name` FROM `fen_class` WHERE `id` = 3 LIMIT 1   [ RunTime:0.0010s ]
SQL: SELECT `class_name` FROM `fen_class` WHERE `id` = 4 LIMIT 1   [ RunTime:0.0010s ]
SQL: SELECT `class_name` FROM `fen_class` WHERE `id` = 5 LIMIT 1   [ RunTime:0.0000s ]
INFO: Run Behavior\ParseTemplateBehavior [ RunTime:0.026001s ]
INFO: [ view_parse ] --END-- [ RunTime:0.026001s ]
INFO: [ view_filter ] --START--
INFO: Run Behavior\WriteHtmlCacheBehavior [ RunTime:0.001001s ]
INFO: [ view_filter ] --END-- [ RunTime:0.001001s ]
INFO: [ app_end ] --START--
INFO: Run Behavior\ShowPageTraceBehavior [ RunTime:0.001000s ]
INFO: [ app_end ] --END-- [ RunTime:0.001000s ]

[ 2018-06-02T14:52:07+08:00 ] 127.0.0.1 /index.php/Home/Index/lst
INFO: [ app_init ] --START--
INFO: Run Behavior\BuildLiteBehavior [ RunTime:0.000000s ]
INFO: [ app_init ] --END-- [ RunTime:0.000000s ]
INFO: [ app_begin ] --START--
INFO: Run Behavior\ReadHtmlCacheBehavior [ RunTime:0.001000s ]
INFO: [ app_begin ] --END-- [ RunTime:0.002000s ]
SQL: SHOW COLUMNS FROM `fen_class` [ RunTime:0.0060s ]
SQL: SELECT * FROM `fen_class` WHERE `parentid` = 0  [ RunTime:0.0010s ]
SQL: SHOW COLUMNS FROM `fen_pinpai` [ RunTime:0.0060s ]
SQL: SELECT * FROM `fen_pinpai`  [ RunTime:0.0010s ]
INFO: [ view_parse ] --START--
INFO: [ template_filter ] --START--
INFO: Run Behavior\ContentReplaceBehavior [ RunTime:0.000000s ]
INFO: [ template_filter ] --END-- [ RunTime:0.000000s ]
INFO: Run Behavior\ParseTemplateBehavior [ RunTime:0.014001s ]
INFO: [ view_parse ] --END-- [ RunTime:0.014001s ]
INFO: [ view_filter ] --START--
INFO: Run Behavior\WriteHtmlCacheBehavior [ RunTime:0.001000s ]
INFO: [ view_filter ] --END-- [ RunTime:0.002000s ]
INFO: [ app_end ] --START--
INFO: Run Behavior\ShowPageTraceBehavior [ RunTime:0.002000s ]
INFO: [ app_end ] --END-- [ RunTime:0.002000s ]

[ 2018-06-02T14:52:07+08:00 ] 127.0.0.1 /index.php/Home/Index/ajax_lst
INFO: [ app_init ] --START--
INFO: Run Behavior\BuildLiteBehavior [ RunTime:0.000000s ]
INFO: [ app_init ] --END-- [ RunTime:0.001000s ]
INFO: [ app_begin ] --START--
INFO: Run Behavior\ReadHtmlCacheBehavior [ RunTime:0.001001s ]
INFO: [ app_begin ] --END-- [ RunTime:0.001001s ]
SQL: SHOW COLUMNS FROM `fen_product` [ RunTime:0.0090s ]
SQL: SELECT `id`,`name`,`picture`,`price` FROM `fen_product` WHERE `name` LIKE '%辅酶%'  [ RunTime:0.0010s ]
INFO: [ app_end ] --START--
INFO: Run Behavior\ShowPageTraceBehavior [ RunTime:0.001000s ]
INFO: [ app_end ] --END-- [ RunTime:0.001000s ]

[ 2018-06-02T16:39:15+08:00 ] 127.0.0.1 /index.php/Home/Index/lst
ERR: Cron:cron Runat 2018-06-02 16:39:15 Use 0.045003 s

[ 2018-06-02T16:39:15+08:00 ] 127.0.0.1 /index.php/Home/Index/lst
INFO: [ app_init ] --START--
INFO: Run Behavior\BuildLiteBehavior [ RunTime:0.000000s ]
INFO: [ app_init ] --END-- [ RunTime:0.002000s ]
INFO: [ app_begin ] --START--
INFO: Run Behavior\ReadHtmlCacheBehavior [ RunTime:0.002000s ]
NOTIC: [8] Use of undefined constant nextruntime - assumed 'nextruntime' D:\wamp\www\fenxiao\Application\Common\Conf\crons.php 第 5 行.
SQL: SHOW COLUMNS FROM `fen_guangbo` [ RunTime:0.0110s ]
SQL: INSERT INTO `fen_guangbo` (`content`,`goods_id`) VALUES ('定时测试','4') [ RunTime:0.0070s ]
INFO: Run Behavior\CronRunBehavior [ RunTime:0.061003s ]
INFO: [ app_begin ] --END-- [ RunTime:0.064003s ]
SQL: SHOW COLUMNS FROM `fen_class` [ RunTime:0.0080s ]
SQL: SELECT * FROM `fen_class` WHERE `parentid` = 0  [ RunTime:0.0000s ]
SQL: SHOW COLUMNS FROM `fen_pinpai` [ RunTime:0.0060s ]
SQL: SELECT * FROM `fen_pinpai`  [ RunTime:0.0000s ]
INFO: [ view_parse ] --START--
INFO: [ template_filter ] --START--
INFO: Run Behavior\ContentReplaceBehavior [ RunTime:0.000000s ]
INFO: [ template_filter ] --END-- [ RunTime:0.000000s ]
INFO: Run Behavior\ParseTemplateBehavior [ RunTime:0.018001s ]
INFO: [ view_parse ] --END-- [ RunTime:0.018001s ]
INFO: [ view_filter ] --START--
INFO: Run Behavior\WriteHtmlCacheBehavior [ RunTime:0.002000s ]
INFO: [ view_filter ] --END-- [ RunTime:0.002000s ]
INFO: [ app_end ] --START--
INFO: Run Behavior\ShowPageTraceBehavior [ RunTime:0.002000s ]
INFO: [ app_end ] --END-- [ RunTime:0.002000s ]

[ 2018-06-02T16:39:16+08:00 ] 127.0.0.1 /index.php/Home/Index/ajax_lst
INFO: [ app_init ] --START--
INFO: Run Behavior\BuildLiteBehavior [ RunTime:0.000000s ]
INFO: [ app_init ] --END-- [ RunTime:0.001000s ]
INFO: [ app_begin ] --START--
INFO: Run Behavior\ReadHtmlCacheBehavior [ RunTime:0.001000s ]
INFO: Run Behavior\CronRunBehavior [ RunTime:0.003000s ]
INFO: [ app_begin ] --END-- [ RunTime:0.004000s ]
SQL: SHOW COLUMNS FROM `fen_product` [ RunTime:0.0070s ]
SQL: SELECT `id`,`name`,`picture`,`price` FROM `fen_product` WHERE `name` LIKE '%辅酶%'  [ RunTime:0.0010s ]
INFO: [ app_end ] --START--
INFO: Run Behavior\ShowPageTraceBehavior [ RunTime:0.002001s ]
INFO: [ app_end ] --END-- [ RunTime:0.002001s ]

[ 2018-06-02T16:39:17+08:00 ] 127.0.0.1 /index.php/Home/index/index
INFO: [ app_init ] --START--
INFO: Run Behavior\BuildLiteBehavior [ RunTime:0.000000s ]
INFO: [ app_init ] --END-- [ RunTime:0.001000s ]
INFO: [ app_begin ] --START--
INFO: Run Behavior\ReadHtmlCacheBehavior [ RunTime:0.001000s ]
INFO: Run Behavior\CronRunBehavior [ RunTime:0.003000s ]
INFO: [ app_begin ] --END-- [ RunTime:0.004000s ]
NOTIC: [8] Undefined index: code D:\wamp\www\fenxiao\Application\Home\Controller\IndexController.class.php 第 38 行.
SQL: SHOW COLUMNS FROM `fen_class` [ RunTime:0.0070s ]
SQL: SELECT * FROM `fen_class` WHERE `parentid` = 0  [ RunTime:0.0000s ]
SQL: SELECT * FROM `fen_class` WHERE `parentid` = 1  [ RunTime:0.0000s ]
SQL: SHOW COLUMNS FROM `fen_product` [ RunTime:0.0070s ]
SQL: SELECT `id`,`name`,`price`,`picture` FROM `fen_product` WHERE `class_id` IN ('6','7') AND `tuijian` = 1  [ RunTime:0.0010s ]
SQL: SELECT * FROM `fen_class` WHERE `parentid` = 2  [ RunTime:0.0000s ]
SQL: SELECT `id`,`name`,`price`,`picture` FROM `fen_product` WHERE `class_id` IN ('8') AND `tuijian` = 1  [ RunTime:0.0000s ]
SQL: SELECT * FROM `fen_class` WHERE `parentid` = 3  [ RunTime:0.0000s ]
SQL: SELECT `id`,`name`,`price`,`picture` FROM `fen_product` WHERE `class_id` IN ('9') AND `tuijian` = 1  [ RunTime:0.0000s ]
SQL: SELECT * FROM `fen_class` WHERE `parentid` = 4  [ RunTime:0.0000s ]
SQL: SELECT `id`,`name`,`price`,`picture` FROM `fen_product` WHERE `class_id` IN ('') AND `tuijian` = 1  [ RunTime:0.0000s ]
SQL: SELECT * FROM `fen_class` WHERE `parentid` = 5  [ RunTime:0.0000s ]
SQL: SELECT `id`,`name`,`price`,`picture` FROM `fen_product` WHERE `class_id` IN ('') AND `tuijian` = 1  [ RunTime:0.0010s ]
SQL: SELECT COUNT(*) AS tp_count FROM `fen_product` WHERE `status` = 0 LIMIT 1   [ RunTime:0.0000s ]
NOTIC: [8] Undefined index: p D:\wamp\www\fenxiao\Application\Home\Controller\IndexController.class.php 第 90 行.
SQL: SELECT * FROM `fen_product` WHERE `status` = 0 LIMIT 0,10   [ RunTime:0.0000s ]
SQL: SHOW COLUMNS FROM `fen_guangbo` [ RunTime:0.0070s ]
SQL: SELECT * FROM `fen_guangbo`  [ RunTime:0.0000s ]
INFO: [ view_parse ] --START--
INFO: [ template_filter ] --START--
INFO: Run Behavior\ContentReplaceBehavior [ RunTime:0.001000s ]
INFO: [ template_filter ] --END-- [ RunTime:0.001000s ]
SQL: SELECT `class_name` FROM `fen_class` WHERE `id` = 1 LIMIT 1   [ RunTime:0.0000s ]
SQL: SELECT `class_name` FROM `fen_class` WHERE `id` = 2 LIMIT 1   [ RunTime:0.0010s ]
SQL: SELECT `class_name` FROM `fen_class` WHERE `id` = 3 LIMIT 1   [ RunTime:0.0010s ]
SQL: SELECT `class_name` FROM `fen_class` WHERE `id` = 4 LIMIT 1   [ RunTime:0.0000s ]
SQL: SELECT `class_name` FROM `fen_class` WHERE `id` = 5 LIMIT 1   [ RunTime:0.0000s ]
INFO: Run Behavior\ParseTemplateBehavior [ RunTime:0.022001s ]
INFO: [ view_parse ] --END-- [ RunTime:0.022001s ]
INFO: [ view_filter ] --START--
INFO: Run Behavior\WriteHtmlCacheBehavior [ RunTime:0.001000s ]
INFO: [ view_filter ] --END-- [ RunTime:0.001000s ]
INFO: [ app_end ] --START--
INFO: Run Behavior\ShowPageTraceBehavior [ RunTime:0.001001s ]
INFO: [ app_end ] --END-- [ RunTime:0.001001s ]

[ 2018-06-02T16:39:25+08:00 ] 127.0.0.1 /index.php/Home/index/lst
ERR: Cron:cron Runat 2018-06-02 16:39:25 Use 0.024002 s

[ 2018-06-02T16:39:25+08:00 ] 127.0.0.1 /index.php/Home/index/lst
INFO: [ app_init ] --START--
INFO: Run Behavior\BuildLiteBehavior [ RunTime:0.000000s ]
INFO: [ app_init ] --END-- [ RunTime:0.000000s ]
INFO: [ app_begin ] --START--
INFO: Run Behavior\ReadHtmlCacheBehavior [ RunTime:0.001000s ]
SQL: SHOW COLUMNS FROM `fen_guangbo` [ RunTime:0.0070s ]
SQL: INSERT INTO `fen_guangbo` (`content`,`goods_id`) VALUES ('定时测试','4') [ RunTime:0.0020s ]
INFO: Run Behavior\CronRunBehavior [ RunTime:0.029002s ]
INFO: [ app_begin ] --END-- [ RunTime:0.030002s ]
SQL: SHOW COLUMNS FROM `fen_class` [ RunTime:0.0060s ]
SQL: SELECT * FROM `fen_class` WHERE `parentid` = 0  [ RunTime:0.0010s ]
SQL: SHOW COLUMNS FROM `fen_pinpai` [ RunTime:0.0060s ]
SQL: SELECT * FROM `fen_pinpai`  [ RunTime:0.0010s ]
INFO: [ view_parse ] --START--
INFO: [ template_filter ] --START--
INFO: Run Behavior\ContentReplaceBehavior [ RunTime:0.000000s ]
INFO: [ template_filter ] --END-- [ RunTime:0.000000s ]
NOTIC: [8] Undefined variable: search D:\wamp\www\fenxiao\Application\Runtime\Cache\Home\6d8325df60ae8752d65d63dcbc952d94.php 第 50 行.
INFO: Run Behavior\ParseTemplateBehavior [ RunTime:0.019001s ]
INFO: [ view_parse ] --END-- [ RunTime:0.020001s ]
INFO: [ view_filter ] --START--
INFO: Run Behavior\WriteHtmlCacheBehavior [ RunTime:0.001000s ]
INFO: [ view_filter ] --END-- [ RunTime:0.001000s ]
INFO: [ app_end ] --START--
INFO: Run Behavior\ShowPageTraceBehavior [ RunTime:0.002000s ]
INFO: [ app_end ] --END-- [ RunTime:0.002000s ]

[ 2018-06-02T16:39:25+08:00 ] 127.0.0.1 /index.php/Home/Index/ajax_lst
INFO: [ app_init ] --START--
INFO: Run Behavior\BuildLiteBehavior [ RunTime:0.000000s ]
INFO: [ app_init ] --END-- [ RunTime:0.000000s ]
INFO: [ app_begin ] --START--
INFO: Run Behavior\ReadHtmlCacheBehavior [ RunTime:0.001001s ]
INFO: Run Behavior\CronRunBehavior [ RunTime:0.004000s ]
INFO: [ app_begin ] --END-- [ RunTime:0.005001s ]
SQL: SHOW COLUMNS FROM `fen_product` [ RunTime:0.0070s ]
NOTIC: [8] Undefined variable: where D:\wamp\www\fenxiao\Application\Home\Controller\IndexController.class.php 第 204 行.
SQL: SELECT `id`,`name`,`picture`,`price` FROM `fen_product`  [ RunTime:0.0000s ]
INFO: [ app_end ] --START--
INFO: Run Behavior\ShowPageTraceBehavior [ RunTime:0.002000s ]
INFO: [ app_end ] --END-- [ RunTime:0.002000s ]

[ 2018-06-02T16:40:03+08:00 ] 127.0.0.1 /index.php/Home/index/lst
ERR: Cron:cron Runat 2018-06-02 16:40:03 Use 0.036002 s

[ 2018-06-02T16:40:03+08:00 ] 127.0.0.1 /index.php/Home/index/lst
INFO: [ app_init ] --START--
INFO: Run Behavior\BuildLiteBehavior [ RunTime:0.000000s ]
INFO: [ app_init ] --END-- [ RunTime:0.002000s ]
INFO: [ app_begin ] --START--
INFO: Run Behavior\ReadHtmlCacheBehavior [ RunTime:0.002000s ]
SQL: SHOW COLUMNS FROM `fen_guangbo` [ RunTime:0.0120s ]
SQL: INSERT INTO `fen_guangbo` (`content`,`goods_id`) VALUES ('定时测试','4') [ RunTime:0.0020s ]
INFO: Run Behavior\CronRunBehavior [ RunTime:0.046002s ]
INFO: [ app_begin ] --END-- [ RunTime:0.048002s ]
SQL: SHOW COLUMNS FROM `fen_class` [ RunTime:0.0130s ]
SQL: SELECT * FROM `fen_class` WHERE `parentid` = 0  [ RunTime:0.0010s ]
SQL: SHOW COLUMNS FROM `fen_pinpai` [ RunTime:0.0080s ]
SQL: SELECT * FROM `fen_pinpai`  [ RunTime:0.0000s ]
INFO: [ view_parse ] --START--
INFO: [ template_filter ] --START--
INFO: Run Behavior\ContentReplaceBehavior [ RunTime:0.000000s ]
INFO: [ template_filter ] --END-- [ RunTime:0.000000s ]
NOTIC: [8] Undefined variable: search D:\wamp\www\fenxiao\Application\Runtime\Cache\Home\6d8325df60ae8752d65d63dcbc952d94.php 第 50 行.
INFO: Run Behavior\ParseTemplateBehavior [ RunTime:0.024001s ]
INFO: [ view_parse ] --END-- [ RunTime:0.024001s ]
INFO: [ view_filter ] --START--
INFO: Run Behavior\WriteHtmlCacheBehavior [ RunTime:0.004001s ]
INFO: [ view_filter ] --END-- [ RunTime:0.005001s ]
INFO: [ app_end ] --START--
INFO: Run Behavior\ShowPageTraceBehavior [ RunTime:0.002000s ]
INFO: [ app_end ] --END-- [ RunTime:0.002000s ]

[ 2018-06-02T16:40:03+08:00 ] 127.0.0.1 /index.php/Home/Index/ajax_lst
INFO: [ app_init ] --START--
INFO: Run Behavior\BuildLiteBehavior [ RunTime:0.000000s ]
INFO: [ app_init ] --END-- [ RunTime:0.001000s ]
INFO: [ app_begin ] --START--
INFO: Run Behavior\ReadHtmlCacheBehavior [ RunTime:0.002001s ]
INFO: Run Behavior\CronRunBehavior [ RunTime:0.004000s ]
INFO: [ app_begin ] --END-- [ RunTime:0.006001s ]
SQL: SHOW COLUMNS FROM `fen_product` [ RunTime:0.0080s ]
NOTIC: [8] Undefined variable: where D:\wamp\www\fenxiao\Application\Home\Controller\IndexController.class.php 第 204 行.
SQL: SELECT `id`,`name`,`picture`,`price` FROM `fen_product`  [ RunTime:0.0010s ]
INFO: [ app_end ] --START--
INFO: Run Behavior\ShowPageTraceBehavior [ RunTime:0.003001s ]
INFO: [ app_end ] --END-- [ RunTime:0.004001s ]

[ 2018-06-02T16:40:35+08:00 ] 127.0.0.1 /index.php/Home/index/lst
ERR: Cron:cron Runat 2018-06-02 16:40:35 Use 0.062004 s

[ 2018-06-02T16:40:36+08:00 ] 127.0.0.1 /index.php/Home/index/lst
INFO: [ app_init ] --START--
INFO: Run Behavior\BuildLiteBehavior [ RunTime:0.000000s ]
INFO: [ app_init ] --END-- [ RunTime:0.001000s ]
INFO: [ app_begin ] --START--
INFO: Run Behavior\ReadHtmlCacheBehavior [ RunTime:0.002000s ]
SQL: SHOW COLUMNS FROM `fen_guangbo` [ RunTime:0.0070s ]
SQL: INSERT INTO `fen_guangbo` (`content`,`goods_id`) VALUES ('1527928835','4') [ RunTime:0.0030s ]
INFO: Run Behavior\CronRunBehavior [ RunTime:0.070004s ]
INFO: [ app_begin ] --END-- [ RunTime:0.074004s ]
SQL: SHOW COLUMNS FROM `fen_class` [ RunTime:0.0070s ]
SQL: SELECT * FROM `fen_class` WHERE `parentid` = 0  [ RunTime:0.0010s ]
SQL: SHOW COLUMNS FROM `fen_pinpai` [ RunTime:0.0090s ]
SQL: SELECT * FROM `fen_pinpai`  [ RunTime:0.0010s ]
INFO: [ view_parse ] --START--
INFO: [ template_filter ] --START--
INFO: Run Behavior\ContentReplaceBehavior [ RunTime:0.000000s ]
INFO: [ template_filter ] --END-- [ RunTime:0.001000s ]
NOTIC: [8] Undefined variable: search D:\wamp\www\fenxiao\Application\Runtime\Cache\Home\6d8325df60ae8752d65d63dcbc952d94.php 第 50 行.
INFO: Run Behavior\ParseTemplateBehavior [ RunTime:0.020001s ]
INFO: [ view_parse ] --END-- [ RunTime:0.020001s ]
INFO: [ view_filter ] --START--
INFO: Run Behavior\WriteHtmlCacheBehavior [ RunTime:0.001000s ]
INFO: [ view_filter ] --END-- [ RunTime:0.001000s ]
INFO: [ app_end ] --START--
INFO: Run Behavior\ShowPageTraceBehavior [ RunTime:0.001000s ]
INFO: [ app_end ] --END-- [ RunTime:0.001000s ]

[ 2018-06-02T16:40:36+08:00 ] 127.0.0.1 /index.php/Home/Index/ajax_lst
INFO: [ app_init ] --START--
INFO: Run Behavior\BuildLiteBehavior [ RunTime:0.000000s ]
INFO: [ app_init ] --END-- [ RunTime:0.001000s ]
INFO: [ app_begin ] --START--
INFO: Run Behavior\ReadHtmlCacheBehavior [ RunTime:0.001000s ]
INFO: Run Behavior\CronRunBehavior [ RunTime:0.004001s ]
INFO: [ app_begin ] --END-- [ RunTime:0.006001s ]
SQL: SHOW COLUMNS FROM `fen_product` [ RunTime:0.0080s ]
NOTIC: [8] Undefined variable: where D:\wamp\www\fenxiao\Application\Home\Controller\IndexController.class.php 第 204 行.
SQL: SELECT `id`,`name`,`picture`,`price` FROM `fen_product`  [ RunTime:0.0010s ]
INFO: [ app_end ] --START--
INFO: Run Behavior\ShowPageTraceBehavior [ RunTime:0.002000s ]
INFO: [ app_end ] --END-- [ RunTime:0.002000s ]

[ 2018-06-02T16:40:40+08:00 ] 127.0.0.1 /index.php/Home/index/index
INFO: [ app_init ] --START--
INFO: Run Behavior\BuildLiteBehavior [ RunTime:0.000000s ]
INFO: [ app_init ] --END-- [ RunTime:0.001000s ]
INFO: [ app_begin ] --START--
INFO: Run Behavior\ReadHtmlCacheBehavior [ RunTime:0.001000s ]
INFO: Run Behavior\CronRunBehavior [ RunTime:0.003000s ]
INFO: [ app_begin ] --END-- [ RunTime:0.004000s ]
NOTIC: [8] Undefined index: code D:\wamp\www\fenxiao\Application\Home\Controller\IndexController.class.php 第 38 行.
SQL: SHOW COLUMNS FROM `fen_class` [ RunTime:0.0060s ]
SQL: SELECT * FROM `fen_class` WHERE `parentid` = 0  [ RunTime:0.0010s ]
SQL: SELECT * FROM `fen_class` WHERE `parentid` = 1  [ RunTime:0.0000s ]
SQL: SHOW COLUMNS FROM `fen_product` [ RunTime:0.0070s ]
SQL: SELECT `id`,`name`,`price`,`picture` FROM `fen_product` WHERE `class_id` IN ('6','7') AND `tuijian` = 1  [ RunTime:0.0010s ]
SQL: SELECT * FROM `fen_class` WHERE `parentid` = 2  [ RunTime:0.0000s ]
SQL: SELECT `id`,`name`,`price`,`picture` FROM `fen_product` WHERE `class_id` IN ('8') AND `tuijian` = 1  [ RunTime:0.0010s ]
SQL: SELECT * FROM `fen_class` WHERE `parentid` = 3  [ RunTime:0.0010s ]
SQL: SELECT `id`,`name`,`price`,`picture` FROM `fen_product` WHERE `class_id` IN ('9') AND `tuijian` = 1  [ RunTime:0.0000s ]
SQL: SELECT * FROM `fen_class` WHERE `parentid` = 4  [ RunTime:0.0000s ]
SQL: SELECT `id`,`name`,`price`,`picture` FROM `fen_product` WHERE `class_id` IN ('') AND `tuijian` = 1  [ RunTime:0.0010s ]
SQL: SELECT * FROM `fen_class` WHERE `parentid` = 5  [ RunTime:0.0000s ]
SQL: SELECT `id`,`name`,`price`,`picture` FROM `fen_product` WHERE `class_id` IN ('') AND `tuijian` = 1  [ RunTime:0.0010s ]
SQL: SELECT COUNT(*) AS tp_count FROM `fen_product` WHERE `status` = 0 LIMIT 1   [ RunTime:0.0010s ]
NOTIC: [8] Undefined index: p D:\wamp\www\fenxiao\Application\Home\Controller\IndexController.class.php 第 90 行.
SQL: SELECT * FROM `fen_product` WHERE `status` = 0 LIMIT 0,10   [ RunTime:0.0010s ]
SQL: SHOW COLUMNS FROM `fen_guangbo` [ RunTime:0.0070s ]
SQL: SELECT * FROM `fen_guangbo`  [ RunTime:0.0000s ]
INFO: [ view_parse ] --START--
INFO: [ template_filter ] --START--
INFO: Run Behavior\ContentReplaceBehavior [ RunTime:0.000000s ]
INFO: [ template_filter ] --END-- [ RunTime:0.000000s ]
SQL: SELECT `class_name` FROM `fen_class` WHERE `id` = 1 LIMIT 1   [ RunTime:0.0060s ]
SQL: SELECT `class_name` FROM `fen_class` WHERE `id` = 2 LIMIT 1   [ RunTime:0.0000s ]
SQL: SELECT `class_name` FROM `fen_class` WHERE `id` = 3 LIMIT 1   [ RunTime:0.0000s ]
SQL: SELECT `class_name` FROM `fen_class` WHERE `id` = 4 LIMIT 1   [ RunTime:0.0010s ]
SQL: SELECT `class_name` FROM `fen_class` WHERE `id` = 5 LIMIT 1   [ RunTime:0.0010s ]
INFO: Run Behavior\ParseTemplateBehavior [ RunTime:0.027001s ]
INFO: [ view_parse ] --END-- [ RunTime:0.027001s ]
INFO: [ view_filter ] --START--
INFO: Run Behavior\WriteHtmlCacheBehavior [ RunTime:0.003001s ]
INFO: [ view_filter ] --END-- [ RunTime:0.004001s ]
INFO: [ app_end ] --START--
INFO: Run Behavior\ShowPageTraceBehavior [ RunTime:0.002000s ]
INFO: [ app_end ] --END-- [ RunTime:0.002000s ]

[ 2018-06-02T16:40:50+08:00 ] 127.0.0.1 /index.php/Home/index/index
ERR: Cron:cron Runat 2018-06-02 16:40:50 Use 0.045002 s

[ 2018-06-02T16:40:50+08:00 ] 127.0.0.1 /index.php/Home/index/index
INFO: [ app_init ] --START--
INFO: Run Behavior\BuildLiteBehavior [ RunTime:0.000000s ]
INFO: [ app_init ] --END-- [ RunTime:0.001000s ]
INFO: [ app_begin ] --START--
INFO: Run Behavior\ReadHtmlCacheBehavior [ RunTime:0.002000s ]
SQL: SHOW COLUMNS FROM `fen_guangbo` [ RunTime:0.0080s ]
SQL: INSERT INTO `fen_guangbo` (`content`,`goods_id`) VALUES ('1527928850','4') [ RunTime:0.0050s ]
INFO: Run Behavior\CronRunBehavior [ RunTime:0.050002s ]
INFO: [ app_begin ] --END-- [ RunTime:0.052002s ]
NOTIC: [8] Undefined index: code D:\wamp\www\fenxiao\Application\Home\Controller\IndexController.class.php 第 38 行.
SQL: SHOW COLUMNS FROM `fen_class` [ RunTime:0.0080s ]
SQL: SELECT * FROM `fen_class` WHERE `parentid` = 0  [ RunTime:0.0010s ]
SQL: SELECT * FROM `fen_class` WHERE `parentid` = 1  [ RunTime:0.0000s ]
SQL: SHOW COLUMNS FROM `fen_product` [ RunTime:0.0070s ]
SQL: SELECT `id`,`name`,`price`,`picture` FROM `fen_product` WHERE `class_id` IN ('6','7') AND `tuijian` = 1  [ RunTime:0.0000s ]
SQL: SELECT * FROM `fen_class` WHERE `parentid` = 2  [ RunTime:0.0010s ]
SQL: SELECT `id`,`name`,`price`,`picture` FROM `fen_product` WHERE `class_id` IN ('8') AND `tuijian` = 1  [ RunTime:0.0010s ]
SQL: SELECT * FROM `fen_class` WHERE `parentid` = 3  [ RunTime:0.0000s ]
SQL: SELECT `id`,`name`,`price`,`picture` FROM `fen_product` WHERE `class_id` IN ('9') AND `tuijian` = 1  [ RunTime:0.0010s ]
SQL: SELECT * FROM `fen_class` WHERE `parentid` = 4  [ RunTime:0.0010s ]
SQL: SELECT `id`,`name`,`price`,`picture` FROM `fen_product` WHERE `class_id` IN ('') AND `tuijian` = 1  [ RunTime:0.0000s ]
SQL: SELECT * FROM `fen_class` WHERE `parentid` = 5  [ RunTime:0.0000s ]
SQL: SELECT `id`,`name`,`price`,`picture` FROM `fen_product` WHERE `class_id` IN ('') AND `tuijian` = 1  [ RunTime:0.0010s ]
SQL: SELECT COUNT(*) AS tp_count FROM `fen_product` WHERE `status` = 0 LIMIT 1   [ RunTime:0.0010s ]
NOTIC: [8] Undefined index: p D:\wamp\www\fenxiao\Application\Home\Controller\IndexController.class.php 第 90 行.
SQL: SELECT * FROM `fen_product` WHERE `status` = 0 LIMIT 0,10   [ RunTime:0.0010s ]
SQL: SELECT * FROM `fen_guangbo`  [ RunTime:0.0000s ]
INFO: [ view_parse ] --START--
INFO: [ template_filter ] --START--
INFO: Run Behavior\ContentReplaceBehavior [ RunTime:0.001000s ]
INFO: [ template_filter ] --END-- [ RunTime:0.001000s ]
SQL: SELECT `class_name` FROM `fen_class` WHERE `id` = 1 LIMIT 1   [ RunTime:0.0010s ]
SQL: SELECT `class_name` FROM `fen_class` WHERE `id` = 2 LIMIT 1   [ RunTime:0.0010s ]
SQL: SELECT `class_name` FROM `fen_class` WHERE `id` = 3 LIMIT 1   [ RunTime:0.0010s ]
SQL: SELECT `class_name` FROM `fen_class` WHERE `id` = 4 LIMIT 1   [ RunTime:0.0010s ]
SQL: SELECT `class_name` FROM `fen_class` WHERE `id` = 5 LIMIT 1   [ RunTime:0.0000s ]
INFO: Run Behavior\ParseTemplateBehavior [ RunTime:0.026002s ]
INFO: [ view_parse ] --END-- [ RunTime:0.027002s ]
INFO: [ view_filter ] --START--
INFO: Run Behavior\WriteHtmlCacheBehavior [ RunTime:0.001000s ]
INFO: [ view_filter ] --END-- [ RunTime:0.001000s ]
INFO: [ app_end ] --START--
INFO: Run Behavior\ShowPageTraceBehavior [ RunTime:0.001000s ]
INFO: [ app_end ] --END-- [ RunTime:0.001000s ]

[ 2018-06-02T16:40:54+08:00 ] 127.0.0.1 /index.php/Home/index/lst
INFO: [ app_init ] --START--
INFO: Run Behavior\BuildLiteBehavior [ RunTime:0.000000s ]
INFO: [ app_init ] --END-- [ RunTime:0.001000s ]
INFO: [ app_begin ] --START--
INFO: Run Behavior\ReadHtmlCacheBehavior [ RunTime:0.001000s ]
INFO: Run Behavior\CronRunBehavior [ RunTime:0.003000s ]
INFO: [ app_begin ] --END-- [ RunTime:0.004000s ]
SQL: SHOW COLUMNS FROM `fen_class` [ RunTime:0.0080s ]
SQL: SELECT * FROM `fen_class` WHERE `parentid` = 0  [ RunTime:0.0010s ]
SQL: SHOW COLUMNS FROM `fen_pinpai` [ RunTime:0.0080s ]
SQL: SELECT * FROM `fen_pinpai`  [ RunTime:0.0010s ]
INFO: [ view_parse ] --START--
INFO: [ template_filter ] --START--
INFO: Run Behavior\ContentReplaceBehavior [ RunTime:0.000000s ]
INFO: [ template_filter ] --END-- [ RunTime:0.001000s ]
NOTIC: [8] Undefined variable: search D:\wamp\www\fenxiao\Application\Runtime\Cache\Home\6d8325df60ae8752d65d63dcbc952d94.php 第 50 行.
INFO: Run Behavior\ParseTemplateBehavior [ RunTime:0.021001s ]
INFO: [ view_parse ] --END-- [ RunTime:0.021001s ]
INFO: [ view_filter ] --START--
INFO: Run Behavior\WriteHtmlCacheBehavior [ RunTime:0.001000s ]
INFO: [ view_filter ] --END-- [ RunTime:0.001000s ]
INFO: [ app_end ] --START--
INFO: Run Behavior\ShowPageTraceBehavior [ RunTime:0.002000s ]
INFO: [ app_end ] --END-- [ RunTime:0.002000s ]

[ 2018-06-02T16:40:54+08:00 ] 127.0.0.1 /index.php/Home/Index/ajax_lst
INFO: [ app_init ] --START--
INFO: Run Behavior\BuildLiteBehavior [ RunTime:0.000000s ]
INFO: [ app_init ] --END-- [ RunTime:0.002000s ]
INFO: [ app_begin ] --START--
INFO: Run Behavior\ReadHtmlCacheBehavior [ RunTime:0.002000s ]
INFO: Run Behavior\CronRunBehavior [ RunTime:0.003000s ]
INFO: [ app_begin ] --END-- [ RunTime:0.005000s ]
SQL: SHOW COLUMNS FROM `fen_product` [ RunTime:0.0090s ]
NOTIC: [8] Undefined variable: where D:\wamp\www\fenxiao\Application\Home\Controller\IndexController.class.php 第 204 行.
SQL: SELECT `id`,`name`,`picture`,`price` FROM `fen_product`  [ RunTime:0.0010s ]
INFO: [ app_end ] --START--
INFO: Run Behavior\ShowPageTraceBehavior [ RunTime:0.001000s ]
INFO: [ app_end ] --END-- [ RunTime:0.001000s ]

[ 2018-06-02T16:41:14+08:00 ] 127.0.0.1 /index.php/Home/index/lst
ERR: Cron:cron Runat 2018-06-02 16:41:14 Use 0.048003 s

[ 2018-06-02T16:41:14+08:00 ] 127.0.0.1 /index.php/Home/index/lst
INFO: [ app_init ] --START--
INFO: Run Behavior\BuildLiteBehavior [ RunTime:0.000000s ]
INFO: [ app_init ] --END-- [ RunTime:0.001000s ]
INFO: [ app_begin ] --START--
INFO: Run Behavior\ReadHtmlCacheBehavior [ RunTime:0.009000s ]
SQL: SHOW COLUMNS FROM `fen_guangbo` [ RunTime:0.0070s ]
SQL: INSERT INTO `fen_guangbo` (`content`,`goods_id`) VALUES ('1527928874','4') [ RunTime:0.0020s ]
INFO: Run Behavior\CronRunBehavior [ RunTime:0.056003s ]
INFO: [ app_begin ] --END-- [ RunTime:0.066003s ]
SQL: SHOW COLUMNS FROM `fen_class` [ RunTime:0.0110s ]
SQL: SELECT * FROM `fen_class` WHERE `parentid` = 0  [ RunTime:0.0010s ]
SQL: SHOW COLUMNS FROM `fen_pinpai` [ RunTime:0.0080s ]
SQL: SELECT * FROM `fen_pinpai`  [ RunTime:0.0010s ]
INFO: [ view_parse ] --START--
INFO: [ template_filter ] --START--
INFO: Run Behavior\ContentReplaceBehavior [ RunTime:0.000000s ]
INFO: [ template_filter ] --END-- [ RunTime:0.001000s ]
NOTIC: [8] Undefined variable: search D:\wamp\www\fenxiao\Application\Runtime\Cache\Home\6d8325df60ae8752d65d63dcbc952d94.php 第 50 行.
INFO: Run Behavior\ParseTemplateBehavior [ RunTime:0.014001s ]
INFO: [ view_parse ] --END-- [ RunTime:0.014001s ]
INFO: [ view_filter ] --START--
INFO: Run Behavior\WriteHtmlCacheBehavior [ RunTime:0.001000s ]
INFO: [ view_filter ] --END-- [ RunTime:0.001000s ]
INFO: [ app_end ] --START--
INFO: Run Behavior\ShowPageTraceBehavior [ RunTime:0.001000s ]
INFO: [ app_end ] --END-- [ RunTime:0.001000s ]

[ 2018-06-02T16:41:15+08:00 ] 127.0.0.1 /index.php/Home/Index/ajax_lst
INFO: [ app_init ] --START--
INFO: Run Behavior\BuildLiteBehavior [ RunTime:0.000000s ]
INFO: [ app_init ] --END-- [ RunTime:0.001001s ]
INFO: [ app_begin ] --START--
INFO: Run Behavior\ReadHtmlCacheBehavior [ RunTime:0.001000s ]
INFO: Run Behavior\CronRunBehavior [ RunTime:0.003000s ]
INFO: [ app_begin ] --END-- [ RunTime:0.004000s ]
SQL: SHOW COLUMNS FROM `fen_product` [ RunTime:0.0070s ]
NOTIC: [8] Undefined variable: where D:\wamp\www\fenxiao\Application\Home\Controller\IndexController.class.php 第 204 行.
SQL: SELECT `id`,`name`,`picture`,`price` FROM `fen_product`  [ RunTime:0.0010s ]
INFO: [ app_end ] --START--
INFO: Run Behavior\ShowPageTraceBehavior [ RunTime:0.002000s ]
INFO: [ app_end ] --END-- [ RunTime:0.002000s ]

[ 2018-06-02T16:41:33+08:00 ] 127.0.0.1 /index.php/Home/index/lst
ERR: Cron:cron Runat 2018-06-02 16:41:33 Use 0.029002 s

[ 2018-06-02T16:41:33+08:00 ] 127.0.0.1 /index.php/Home/index/lst
INFO: [ app_init ] --START--
INFO: Run Behavior\BuildLiteBehavior [ RunTime:0.000000s ]
INFO: [ app_init ] --END-- [ RunTime:0.001000s ]
INFO: [ app_begin ] --START--
INFO: Run Behavior\ReadHtmlCacheBehavior [ RunTime:0.001000s ]
SQL: SHOW COLUMNS FROM `fen_guangbo` [ RunTime:0.0090s ]
SQL: INSERT INTO `fen_guangbo` (`content`,`goods_id`) VALUES ('1527928893','4') [ RunTime:0.0030s ]
INFO: Run Behavior\CronRunBehavior [ RunTime:0.034002s ]
INFO: [ app_begin ] --END-- [ RunTime:0.035002s ]
SQL: SHOW COLUMNS FROM `fen_class` [ RunTime:0.0100s ]
SQL: SELECT * FROM `fen_class` WHERE `parentid` = 0  [ RunTime:0.0010s ]
SQL: SHOW COLUMNS FROM `fen_pinpai` [ RunTime:0.0090s ]
SQL: SELECT * FROM `fen_pinpai`  [ RunTime:0.0000s ]
INFO: [ view_parse ] --START--
INFO: [ template_filter ] --START--
INFO: Run Behavior\ContentReplaceBehavior [ RunTime:0.001001s ]
INFO: [ template_filter ] --END-- [ RunTime:0.001001s ]
NOTIC: [8] Undefined variable: search D:\wamp\www\fenxiao\Application\Runtime\Cache\Home\6d8325df60ae8752d65d63dcbc952d94.php 第 50 行.
INFO: Run Behavior\ParseTemplateBehavior [ RunTime:0.016001s ]
INFO: [ view_parse ] --END-- [ RunTime:0.016001s ]
INFO: [ view_filter ] --START--
INFO: Run Behavior\WriteHtmlCacheBehavior [ RunTime:0.001000s ]
INFO: [ view_filter ] --END-- [ RunTime:0.001000s ]
INFO: [ app_end ] --START--
INFO: Run Behavior\ShowPageTraceBehavior [ RunTime:0.001000s ]
INFO: [ app_end ] --END-- [ RunTime:0.001000s ]

[ 2018-06-02T16:41:33+08:00 ] 127.0.0.1 /index.php/Home/Index/ajax_lst
INFO: [ app_init ] --START--
INFO: Run Behavior\BuildLiteBehavior [ RunTime:0.000000s ]
INFO: [ app_init ] --END-- [ RunTime:0.000000s ]
INFO: [ app_begin ] --START--
INFO: Run Behavior\ReadHtmlCacheBehavior [ RunTime:0.001000s ]
INFO: Run Behavior\CronRunBehavior [ RunTime:0.003001s ]
INFO: [ app_begin ] --END-- [ RunTime:0.004001s ]
SQL: SHOW COLUMNS FROM `fen_product` [ RunTime:0.0070s ]
NOTIC: [8] Undefined variable: where D:\wamp\www\fenxiao\Application\Home\Controller\IndexController.class.php 第 204 行.
SQL: SELECT `id`,`name`,`picture`,`price` FROM `fen_product`  [ RunTime:0.0010s ]
INFO: [ app_end ] --START--
INFO: Run Behavior\ShowPageTraceBehavior [ RunTime:0.002000s ]
INFO: [ app_end ] --END-- [ RunTime:0.002000s ]

[ 2018-06-02T16:42:37+08:00 ] 127.0.0.1 /index.php/Home/index/lst
ERR: Cron:cron Runat 2018-06-02 16:42:37 Use 0.026001 s

[ 2018-06-02T16:42:37+08:00 ] 127.0.0.1 /index.php/Home/index/lst
INFO: [ app_init ] --START--
INFO: Run Behavior\BuildLiteBehavior [ RunTime:0.000000s ]
INFO: [ app_init ] --END-- [ RunTime:0.000000s ]
INFO: [ app_begin ] --START--
INFO: Run Behavior\ReadHtmlCacheBehavior [ RunTime:0.002000s ]
SQL: SHOW COLUMNS FROM `fen_guangbo` [ RunTime:0.0070s ]
SQL: INSERT INTO `fen_guangbo` (`content`,`goods_id`) VALUES ('1527928957','4') [ RunTime:0.0030s ]
INFO: Run Behavior\CronRunBehavior [ RunTime:0.035002s ]
INFO: [ app_begin ] --END-- [ RunTime:0.038002s ]
SQL: SHOW COLUMNS FROM `fen_class` [ RunTime:0.0060s ]
SQL: SELECT * FROM `fen_class` WHERE `parentid` = 0  [ RunTime:0.0000s ]
SQL: SHOW COLUMNS FROM `fen_pinpai` [ RunTime:0.0100s ]
SQL: SELECT * FROM `fen_pinpai`  [ RunTime:0.0000s ]
INFO: [ view_parse ] --START--
INFO: [ template_filter ] --START--
INFO: Run Behavior\ContentReplaceBehavior [ RunTime:0.000000s ]
INFO: [ template_filter ] --END-- [ RunTime:0.000000s ]
NOTIC: [8] Undefined variable: search D:\wamp\www\fenxiao\Application\Runtime\Cache\Home\6d8325df60ae8752d65d63dcbc952d94.php 第 50 行.
INFO: Run Behavior\ParseTemplateBehavior [ RunTime:0.018001s ]
INFO: [ view_parse ] --END-- [ RunTime:0.019001s ]
INFO: [ view_filter ] --START--
INFO: Run Behavior\WriteHtmlCacheBehavior [ RunTime:0.001000s ]
INFO: [ view_filter ] --END-- [ RunTime:0.001000s ]
INFO: [ app_end ] --START--
INFO: Run Behavior\ShowPageTraceBehavior [ RunTime:0.004000s ]
INFO: [ app_end ] --END-- [ RunTime:0.004000s ]

[ 2018-06-02T16:42:37+08:00 ] 127.0.0.1 /index.php/Home/Index/ajax_lst
INFO: [ app_init ] --START--
INFO: Run Behavior\BuildLiteBehavior [ RunTime:0.000000s ]
INFO: [ app_init ] --END-- [ RunTime:0.001000s ]
INFO: [ app_begin ] --START--
INFO: Run Behavior\ReadHtmlCacheBehavior [ RunTime:0.002000s ]
INFO: Run Behavior\CronRunBehavior [ RunTime:0.006000s ]
INFO: [ app_begin ] --END-- [ RunTime:0.008000s ]
SQL: SHOW COLUMNS FROM `fen_product` [ RunTime:0.0080s ]
NOTIC: [8] Undefined variable: where D:\wamp\www\fenxiao\Application\Home\Controller\IndexController.class.php 第 204 行.
SQL: SELECT `id`,`name`,`picture`,`price` FROM `fen_product`  [ RunTime:0.0010s ]
INFO: [ app_end ] --START--
INFO: Run Behavior\ShowPageTraceBehavior [ RunTime:0.002000s ]
INFO: [ app_end ] --END-- [ RunTime:0.002000s ]

[ 2018-06-02T16:52:17+08:00 ] 127.0.0.1 /index.php/Home/index/lst
INFO: [ app_init ] --START--
INFO: Run Behavior\BuildLiteBehavior [ RunTime:0.000000s ]
INFO: [ app_init ] --END-- [ RunTime:0.001000s ]
INFO: [ app_begin ] --START--
INFO: Run Behavior\ReadHtmlCacheBehavior [ RunTime:0.001001s ]
INFO: Run Behavior\CronRunBehavior [ RunTime:0.002000s ]
INFO: [ app_begin ] --END-- [ RunTime:0.003001s ]
SQL: SHOW COLUMNS FROM `fen_class` [ RunTime:0.0070s ]
SQL: SELECT * FROM `fen_class` WHERE `parentid` = 0  [ RunTime:0.0010s ]
SQL: SHOW COLUMNS FROM `fen_pinpai` [ RunTime:0.0060s ]
SQL: SELECT * FROM `fen_pinpai`  [ RunTime:0.0010s ]
INFO: [ view_parse ] --START--
INFO: [ template_filter ] --START--
INFO: Run Behavior\ContentReplaceBehavior [ RunTime:0.001000s ]
INFO: [ template_filter ] --END-- [ RunTime:0.001000s ]
NOTIC: [8] Undefined variable: search D:\wamp\www\fenxiao\Application\Runtime\Cache\Home\6d8325df60ae8752d65d63dcbc952d94.php 第 50 行.
INFO: Run Behavior\ParseTemplateBehavior [ RunTime:0.030002s ]
INFO: [ view_parse ] --END-- [ RunTime:0.030002s ]
INFO: [ view_filter ] --START--
INFO: Run Behavior\WriteHtmlCacheBehavior [ RunTime:0.001000s ]
INFO: [ view_filter ] --END-- [ RunTime:0.001000s ]
INFO: [ app_end ] --START--
INFO: Run Behavior\ShowPageTraceBehavior [ RunTime:0.001000s ]
INFO: [ app_end ] --END-- [ RunTime:0.001000s ]

[ 2018-06-02T16:52:18+08:00 ] 127.0.0.1 /index.php/Home/Index/ajax_lst
INFO: [ app_init ] --START--
INFO: Run Behavior\BuildLiteBehavior [ RunTime:0.000000s ]
INFO: [ app_init ] --END-- [ RunTime:0.001000s ]
INFO: [ app_begin ] --START--
INFO: Run Behavior\ReadHtmlCacheBehavior [ RunTime:0.001000s ]
INFO: Run Behavior\CronRunBehavior [ RunTime:0.002000s ]
INFO: [ app_begin ] --END-- [ RunTime:0.003000s ]
SQL: SHOW COLUMNS FROM `fen_product` [ RunTime:0.0080s ]
NOTIC: [8] Undefined variable: where D:\wamp\www\fenxiao\Application\Home\Controller\IndexController.class.php 第 204 行.
SQL: SELECT `id`,`name`,`picture`,`price` FROM `fen_product`  [ RunTime:0.0000s ]
INFO: [ app_end ] --START--
INFO: Run Behavior\ShowPageTraceBehavior [ RunTime:0.001000s ]
INFO: [ app_end ] --END-- [ RunTime:0.001000s ]

[ 2018-06-02T16:52:30+08:00 ] 127.0.0.1 /index.php/Home/index/lst
INFO: [ app_init ] --START--
INFO: Run Behavior\BuildLiteBehavior [ RunTime:0.000000s ]
INFO: [ app_init ] --END-- [ RunTime:0.001000s ]
INFO: [ app_begin ] --START--
INFO: Run Behavior\ReadHtmlCacheBehavior [ RunTime:0.002000s ]

[ 2018-06-02T16:52:50+08:00 ] 127.0.0.1 /index.php/Home/index/lst
INFO: [ app_init ] --START--
INFO: Run Behavior\BuildLiteBehavior [ RunTime:0.000000s ]
INFO: [ app_init ] --END-- [ RunTime:0.001000s ]
INFO: [ app_begin ] --START--
INFO: Run Behavior\ReadHtmlCacheBehavior [ RunTime:0.002000s ]
INFO: Run Behavior\CronRunBehavior [ RunTime:0.001000s ]
INFO: [ app_begin ] --END-- [ RunTime:0.003000s ]
SQL: SHOW COLUMNS FROM `fen_class` [ RunTime:0.0080s ]
SQL: SELECT * FROM `fen_class` WHERE `parentid` = 0  [ RunTime:0.0010s ]
SQL: SHOW COLUMNS FROM `fen_pinpai` [ RunTime:0.0090s ]
SQL: SELECT * FROM `fen_pinpai`  [ RunTime:0.0010s ]
INFO: [ view_parse ] --START--
INFO: [ template_filter ] --START--
INFO: Run Behavior\ContentReplaceBehavior [ RunTime:0.000000s ]
INFO: [ template_filter ] --END-- [ RunTime:0.001000s ]
NOTIC: [8] Undefined variable: search D:\wamp\www\fenxiao\Application\Runtime\Cache\Home\6d8325df60ae8752d65d63dcbc952d94.php 第 50 行.
INFO: Run Behavior\ParseTemplateBehavior [ RunTime:0.017001s ]
INFO: [ view_parse ] --END-- [ RunTime:0.017001s ]
INFO: [ view_filter ] --START--
INFO: Run Behavior\WriteHtmlCacheBehavior [ RunTime:0.001000s ]
INFO: [ view_filter ] --END-- [ RunTime:0.001000s ]
INFO: [ app_end ] --START--
INFO: Run Behavior\ShowPageTraceBehavior [ RunTime:0.001000s ]
INFO: [ app_end ] --END-- [ RunTime:0.001000s ]

[ 2018-06-02T16:52:50+08:00 ] 127.0.0.1 /index.php/Home/Index/ajax_lst
INFO: [ app_init ] --START--
INFO: Run Behavior\BuildLiteBehavior [ RunTime:0.000000s ]
INFO: [ app_init ] --END-- [ RunTime:0.001000s ]
INFO: [ app_begin ] --START--
INFO: Run Behavior\ReadHtmlCacheBehavior [ RunTime:0.001000s ]
INFO: Run Behavior\CronRunBehavior [ RunTime:0.001000s ]
INFO: [ app_begin ] --END-- [ RunTime:0.003000s ]
SQL: SHOW COLUMNS FROM `fen_product` [ RunTime:0.0070s ]
NOTIC: [8] Undefined variable: where D:\wamp\www\fenxiao\Application\Home\Controller\IndexController.class.php 第 204 行.
SQL: SELECT `id`,`name`,`picture`,`price` FROM `fen_product`  [ RunTime:0.0000s ]
INFO: [ app_end ] --START--
INFO: Run Behavior\ShowPageTraceBehavior [ RunTime:0.001000s ]
INFO: [ app_end ] --END-- [ RunTime:0.001000s ]

[ 2018-06-02T16:52:58+08:00 ] 127.0.0.1 /index.php/Home/index/lst
INFO: [ app_init ] --START--
INFO: Run Behavior\BuildLiteBehavior [ RunTime:0.000000s ]
INFO: [ app_init ] --END-- [ RunTime:0.001000s ]
INFO: [ app_begin ] --START--
INFO: Run Behavior\ReadHtmlCacheBehavior [ RunTime:0.001000s ]
INFO: Run Behavior\CronRunBehavior [ RunTime:0.002000s ]
INFO: [ app_begin ] --END-- [ RunTime:0.003000s ]
SQL: SHOW COLUMNS FROM `fen_class` [ RunTime:0.0070s ]
SQL: SELECT * FROM `fen_class` WHERE `parentid` = 0  [ RunTime:0.0010s ]
SQL: SHOW COLUMNS FROM `fen_pinpai` [ RunTime:0.0070s ]
SQL: SELECT * FROM `fen_pinpai`  [ RunTime:0.0010s ]
INFO: [ view_parse ] --START--
INFO: [ template_filter ] --START--
INFO: Run Behavior\ContentReplaceBehavior [ RunTime:0.000000s ]
INFO: [ template_filter ] --END-- [ RunTime:0.000000s ]
NOTIC: [8] Undefined variable: search D:\wamp\www\fenxiao\Application\Runtime\Cache\Home\6d8325df60ae8752d65d63dcbc952d94.php 第 50 行.
INFO: Run Behavior\ParseTemplateBehavior [ RunTime:0.026002s ]
INFO: [ view_parse ] --END-- [ RunTime:0.026002s ]
INFO: [ view_filter ] --START--
INFO: Run Behavior\WriteHtmlCacheBehavior [ RunTime:0.001000s ]
INFO: [ view_filter ] --END-- [ RunTime:0.002000s ]
INFO: [ app_end ] --START--
INFO: Run Behavior\ShowPageTraceBehavior [ RunTime:0.004001s ]
INFO: [ app_end ] --END-- [ RunTime:0.004001s ]

[ 2018-06-02T16:52:58+08:00 ] 127.0.0.1 /index.php/Home/Index/ajax_lst
INFO: [ app_init ] --START--
INFO: Run Behavior\BuildLiteBehavior [ RunTime:0.000000s ]
INFO: [ app_init ] --END-- [ RunTime:0.000000s ]
INFO: [ app_begin ] --START--
INFO: Run Behavior\ReadHtmlCacheBehavior [ RunTime:0.001000s ]
INFO: Run Behavior\CronRunBehavior [ RunTime:0.001000s ]
INFO: [ app_begin ] --END-- [ RunTime:0.003000s ]
SQL: SHOW COLUMNS FROM `fen_product` [ RunTime:0.0070s ]
NOTIC: [8] Undefined variable: where D:\wamp\www\fenxiao\Application\Home\Controller\IndexController.class.php 第 204 行.
SQL: SELECT `id`,`name`,`picture`,`price` FROM `fen_product`  [ RunTime:0.0010s ]
INFO: [ app_end ] --START--
INFO: Run Behavior\ShowPageTraceBehavior [ RunTime:0.001000s ]
INFO: [ app_end ] --END-- [ RunTime:0.001000s ]

[ 2018-06-02T16:52:59+08:00 ] 127.0.0.1 /index.php/Home/index/index
INFO: [ app_init ] --START--
INFO: Run Behavior\BuildLiteBehavior [ RunTime:0.000000s ]
INFO: [ app_init ] --END-- [ RunTime:0.000000s ]
INFO: [ app_begin ] --START--
INFO: Run Behavior\ReadHtmlCacheBehavior [ RunTime:0.001000s ]
INFO: Run Behavior\CronRunBehavior [ RunTime:0.002000s ]
INFO: [ app_begin ] --END-- [ RunTime:0.003000s ]
NOTIC: [8] Undefined index: code D:\wamp\www\fenxiao\Application\Home\Controller\IndexController.class.php 第 38 行.
SQL: SHOW COLUMNS FROM `fen_class` [ RunTime:0.0070s ]
SQL: SELECT * FROM `fen_class` WHERE `parentid` = 0  [ RunTime:0.0000s ]
SQL: SELECT * FROM `fen_class` WHERE `parentid` = 1  [ RunTime:0.0000s ]
SQL: SHOW COLUMNS FROM `fen_product` [ RunTime:0.0070s ]
SQL: SELECT `id`,`name`,`price`,`picture` FROM `fen_product` WHERE `class_id` IN ('6','7') AND `tuijian` = 1  [ RunTime:0.0000s ]
SQL: SELECT * FROM `fen_class` WHERE `parentid` = 2  [ RunTime:0.0000s ]
SQL: SELECT `id`,`name`,`price`,`picture` FROM `fen_product` WHERE `class_id` IN ('8') AND `tuijian` = 1  [ RunTime:0.0000s ]
SQL: SELECT * FROM `fen_class` WHERE `parentid` = 3  [ RunTime:0.0000s ]
SQL: SELECT `id`,`name`,`price`,`picture` FROM `fen_product` WHERE `class_id` IN ('9') AND `tuijian` = 1  [ RunTime:0.0000s ]
SQL: SELECT * FROM `fen_class` WHERE `parentid` = 4  [ RunTime:0.0000s ]
SQL: SELECT `id`,`name`,`price`,`picture` FROM `fen_product` WHERE `class_id` IN ('') AND `tuijian` = 1  [ RunTime:0.0000s ]
SQL: SELECT * FROM `fen_class` WHERE `parentid` = 5  [ RunTime:0.0000s ]
SQL: SELECT `id`,`name`,`price`,`picture` FROM `fen_product` WHERE `class_id` IN ('') AND `tuijian` = 1  [ RunTime:0.0010s ]
SQL: SELECT COUNT(*) AS tp_count FROM `fen_product` WHERE `status` = 0 LIMIT 1   [ RunTime:0.0000s ]
NOTIC: [8] Undefined index: p D:\wamp\www\fenxiao\Application\Home\Controller\IndexController.class.php 第 90 行.
SQL: SELECT * FROM `fen_product` WHERE `status` = 0 LIMIT 0,10   [ RunTime:0.0010s ]
SQL: SHOW COLUMNS FROM `fen_guangbo` [ RunTime:0.0060s ]
SQL: SELECT * FROM `fen_guangbo`  [ RunTime:0.0000s ]
INFO: [ view_parse ] --START--
INFO: [ template_filter ] --START--
INFO: Run Behavior\ContentReplaceBehavior [ RunTime:0.001000s ]
INFO: [ template_filter ] --END-- [ RunTime:0.001000s ]
SQL: SELECT `class_name` FROM `fen_class` WHERE `id` = 1 LIMIT 1   [ RunTime:0.0010s ]
SQL: SELECT `class_name` FROM `fen_class` WHERE `id` = 2 LIMIT 1   [ RunTime:0.0000s ]
SQL: SELECT `class_name` FROM `fen_class` WHERE `id` = 3 LIMIT 1   [ RunTime:0.0010s ]
SQL: SELECT `class_name` FROM `fen_class` WHERE `id` = 4 LIMIT 1   [ RunTime:0.0010s ]
SQL: SELECT `class_name` FROM `fen_class` WHERE `id` = 5 LIMIT 1   [ RunTime:0.0000s ]
INFO: Run Behavior\ParseTemplateBehavior [ RunTime:0.023002s ]
INFO: [ view_parse ] --END-- [ RunTime:0.023002s ]
INFO: [ view_filter ] --START--
INFO: Run Behavior\WriteHtmlCacheBehavior [ RunTime:0.001000s ]
INFO: [ view_filter ] --END-- [ RunTime:0.002000s ]
INFO: [ app_end ] --START--
INFO: Run Behavior\ShowPageTraceBehavior [ RunTime:0.001000s ]
INFO: [ app_end ] --END-- [ RunTime:0.001000s ]

[ 2018-06-02T16:53:01+08:00 ] 127.0.0.1 /index.php/Home/index/lst
INFO: [ app_init ] --START--
INFO: Run Behavior\BuildLiteBehavior [ RunTime:0.000000s ]
INFO: [ app_init ] --END-- [ RunTime:0.003001s ]
INFO: [ app_begin ] --START--
INFO: Run Behavior\ReadHtmlCacheBehavior [ RunTime:0.005000s ]
INFO: Run Behavior\CronRunBehavior [ RunTime:0.004001s ]
INFO: [ app_begin ] --END-- [ RunTime:0.010001s ]
SQL: SHOW COLUMNS FROM `fen_class` [ RunTime:0.0070s ]
SQL: SELECT * FROM `fen_class` WHERE `parentid` = 0  [ RunTime:0.0010s ]
SQL: SHOW COLUMNS FROM `fen_pinpai` [ RunTime:0.0060s ]
SQL: SELECT * FROM `fen_pinpai`  [ RunTime:0.0000s ]
INFO: [ view_parse ] --START--
INFO: [ template_filter ] --START--
INFO: Run Behavior\ContentReplaceBehavior [ RunTime:0.000000s ]
INFO: [ template_filter ] --END-- [ RunTime:0.000000s ]
NOTIC: [8] Undefined variable: search D:\wamp\www\fenxiao\Application\Runtime\Cache\Home\6d8325df60ae8752d65d63dcbc952d94.php 第 50 行.
INFO: Run Behavior\ParseTemplateBehavior [ RunTime:0.019001s ]
INFO: [ view_parse ] --END-- [ RunTime:0.020001s ]
INFO: [ view_filter ] --START--
INFO: Run Behavior\WriteHtmlCacheBehavior [ RunTime:0.001000s ]
INFO: [ view_filter ] --END-- [ RunTime:0.001000s ]
INFO: [ app_end ] --START--
INFO: Run Behavior\ShowPageTraceBehavior [ RunTime:0.001000s ]
INFO: [ app_end ] --END-- [ RunTime:0.001000s ]

[ 2018-06-02T16:53:01+08:00 ] 127.0.0.1 /index.php/Home/Index/ajax_lst
INFO: [ app_init ] --START--
INFO: Run Behavior\BuildLiteBehavior [ RunTime:0.000000s ]
INFO: [ app_init ] --END-- [ RunTime:0.001000s ]
INFO: [ app_begin ] --START--
INFO: Run Behavior\ReadHtmlCacheBehavior [ RunTime:0.001000s ]
INFO: Run Behavior\CronRunBehavior [ RunTime:0.002000s ]
INFO: [ app_begin ] --END-- [ RunTime:0.004000s ]
SQL: SHOW COLUMNS FROM `fen_product` [ RunTime:0.0070s ]
NOTIC: [8] Undefined variable: where D:\wamp\www\fenxiao\Application\Home\Controller\IndexController.class.php 第 204 行.
SQL: SELECT `id`,`name`,`picture`,`price` FROM `fen_product`  [ RunTime:0.0030s ]
INFO: [ app_end ] --START--
INFO: Run Behavior\ShowPageTraceBehavior [ RunTime:0.001000s ]
INFO: [ app_end ] --END-- [ RunTime:0.001000s ]

[ 2018-06-02T16:53:09+08:00 ] 127.0.0.1 /index.php/Home/index/lst
INFO: [ app_init ] --START--
INFO: Run Behavior\BuildLiteBehavior [ RunTime:0.000000s ]
INFO: [ app_init ] --END-- [ RunTime:0.002001s ]
INFO: [ app_begin ] --START--
INFO: Run Behavior\ReadHtmlCacheBehavior [ RunTime:0.001000s ]
INFO: Run Behavior\CronRunBehavior [ RunTime:0.002000s ]
INFO: [ app_begin ] --END-- [ RunTime:0.003000s ]
SQL: SHOW COLUMNS FROM `fen_class` [ RunTime:0.0070s ]
SQL: SELECT * FROM `fen_class` WHERE `parentid` = 0  [ RunTime:0.0010s ]
SQL: SHOW COLUMNS FROM `fen_pinpai` [ RunTime:0.0070s ]
SQL: SELECT * FROM `fen_pinpai`  [ RunTime:0.0010s ]
INFO: [ view_parse ] --START--
INFO: [ template_filter ] --START--
INFO: Run Behavior\ContentReplaceBehavior [ RunTime:0.000000s ]
INFO: [ template_filter ] --END-- [ RunTime:0.001000s ]
NOTIC: [8] Undefined variable: search D:\wamp\www\fenxiao\Application\Runtime\Cache\Home\6d8325df60ae8752d65d63dcbc952d94.php 第 50 行.
INFO: Run Behavior\ParseTemplateBehavior [ RunTime:0.014001s ]
INFO: [ view_parse ] --END-- [ RunTime:0.015001s ]
INFO: [ view_filter ] --START--
INFO: Run Behavior\WriteHtmlCacheBehavior [ RunTime:0.001000s ]
INFO: [ view_filter ] --END-- [ RunTime:0.001000s ]
INFO: [ app_end ] --START--
INFO: Run Behavior\ShowPageTraceBehavior [ RunTime:0.003000s ]
INFO: [ app_end ] --END-- [ RunTime:0.003000s ]

[ 2018-06-02T16:53:09+08:00 ] 127.0.0.1 /index.php/Home/Index/ajax_lst
INFO: [ app_init ] --START--
INFO: Run Behavior\BuildLiteBehavior [ RunTime:0.000000s ]
INFO: [ app_init ] --END-- [ RunTime:0.000000s ]
INFO: [ app_begin ] --START--
INFO: Run Behavior\ReadHtmlCacheBehavior [ RunTime:0.001000s ]
INFO: Run Behavior\CronRunBehavior [ RunTime:0.002000s ]
INFO: [ app_begin ] --END-- [ RunTime:0.003000s ]
SQL: SHOW COLUMNS FROM `fen_product` [ RunTime:0.0090s ]
NOTIC: [8] Undefined variable: where D:\wamp\www\fenxiao\Application\Home\Controller\IndexController.class.php 第 204 行.
SQL: SELECT `id`,`name`,`picture`,`price` FROM `fen_product`  [ RunTime:0.0010s ]
INFO: [ app_end ] --START--
INFO: Run Behavior\ShowPageTraceBehavior [ RunTime:0.002000s ]
INFO: [ app_end ] --END-- [ RunTime:0.002000s ]

[ 2018-06-02T16:53:15+08:00 ] 127.0.0.1 /index.php/Home/index/index
INFO: [ app_init ] --START--
INFO: Run Behavior\BuildLiteBehavior [ RunTime:0.000000s ]
INFO: [ app_init ] --END-- [ RunTime:0.000000s ]
INFO: [ app_begin ] --START--
INFO: Run Behavior\ReadHtmlCacheBehavior [ RunTime:0.001001s ]
INFO: Run Behavior\CronRunBehavior [ RunTime:0.002000s ]
INFO: [ app_begin ] --END-- [ RunTime:0.003001s ]
NOTIC: [8] Undefined index: code D:\wamp\www\fenxiao\Application\Home\Controller\IndexController.class.php 第 38 行.
SQL: SHOW COLUMNS FROM `fen_class` [ RunTime:0.0070s ]
SQL: SELECT * FROM `fen_class` WHERE `parentid` = 0  [ RunTime:0.0000s ]
SQL: SELECT * FROM `fen_class` WHERE `parentid` = 1  [ RunTime:0.0000s ]
SQL: SHOW COLUMNS FROM `fen_product` [ RunTime:0.0070s ]
SQL: SELECT `id`,`name`,`price`,`picture` FROM `fen_product` WHERE `class_id` IN ('6','7') AND `tuijian` = 1  [ RunTime:0.0010s ]
SQL: SELECT * FROM `fen_class` WHERE `parentid` = 2  [ RunTime:0.0000s ]
SQL: SELECT `id`,`name`,`price`,`picture` FROM `fen_product` WHERE `class_id` IN ('8') AND `tuijian` = 1  [ RunTime:0.0000s ]
SQL: SELECT * FROM `fen_class` WHERE `parentid` = 3  [ RunTime:0.0000s ]
SQL: SELECT `id`,`name`,`price`,`picture` FROM `fen_product` WHERE `class_id` IN ('9') AND `tuijian` = 1  [ RunTime:0.0010s ]
SQL: SELECT * FROM `fen_class` WHERE `parentid` = 4  [ RunTime:0.0000s ]
SQL: SELECT `id`,`name`,`price`,`picture` FROM `fen_product` WHERE `class_id` IN ('') AND `tuijian` = 1  [ RunTime:0.0010s ]
SQL: SELECT * FROM `fen_class` WHERE `parentid` = 5  [ RunTime:0.0000s ]
SQL: SELECT `id`,`name`,`price`,`picture` FROM `fen_product` WHERE `class_id` IN ('') AND `tuijian` = 1  [ RunTime:0.0000s ]
SQL: SELECT COUNT(*) AS tp_count FROM `fen_product` WHERE `status` = 0 LIMIT 1   [ RunTime:0.0000s ]
NOTIC: [8] Undefined index: p D:\wamp\www\fenxiao\Application\Home\Controller\IndexController.class.php 第 90 行.
SQL: SELECT * FROM `fen_product` WHERE `status` = 0 LIMIT 0,10   [ RunTime:0.0000s ]
SQL: SHOW COLUMNS FROM `fen_guangbo` [ RunTime:0.0060s ]
SQL: SELECT * FROM `fen_guangbo`  [ RunTime:0.0000s ]
INFO: [ view_parse ] --START--
INFO: [ template_filter ] --START--
INFO: Run Behavior\ContentReplaceBehavior [ RunTime:0.000000s ]
INFO: [ template_filter ] --END-- [ RunTime:0.001001s ]
SQL: SELECT `class_name` FROM `fen_class` WHERE `id` = 1 LIMIT 1   [ RunTime:0.0000s ]
SQL: SELECT `class_name` FROM `fen_class` WHERE `id` = 2 LIMIT 1   [ RunTime:0.0000s ]
SQL: SELECT `class_name` FROM `fen_class` WHERE `id` = 3 LIMIT 1   [ RunTime:0.0000s ]
SQL: SELECT `class_name` FROM `fen_class` WHERE `id` = 4 LIMIT 1   [ RunTime:0.0000s ]
SQL: SELECT `class_name` FROM `fen_class` WHERE `id` = 5 LIMIT 1   [ RunTime:0.0000s ]
INFO: Run Behavior\ParseTemplateBehavior [ RunTime:0.022001s ]
INFO: [ view_parse ] --END-- [ RunTime:0.022001s ]
INFO: [ view_filter ] --START--
INFO: Run Behavior\WriteHtmlCacheBehavior [ RunTime:0.001000s ]
INFO: [ view_filter ] --END-- [ RunTime:0.001000s ]
INFO: [ app_end ] --START--
INFO: Run Behavior\ShowPageTraceBehavior [ RunTime:0.002000s ]
INFO: [ app_end ] --END-- [ RunTime:0.002000s ]

