[ 2018-06-06T09:25:07+08:00 ] 127.0.0.1 /index.php/Home/index/index
ERR: Cron:cron Runat 2018-06-06 09:25:07 Use 0.115006 s

[ 2018-06-06T09:25:07+08:00 ] 127.0.0.1 /index.php/Home/index/index
INFO: [ app_init ] --START--
INFO: Run Behavior\BuildLiteBehavior [ RunTime:0.000000s ]
INFO: [ app_init ] --END-- [ RunTime:0.015000s ]
INFO: [ app_begin ] --START--
INFO: Run Behavior\ReadHtmlCacheBehavior [ RunTime:0.002000s ]
SQL: SHOW COLUMNS FROM `fen_indent` [ RunTime:0.0460s ]
SQL: SELECT * FROM `fen_indent` WHERE `status` = 2  [ RunTime:0.0050s ]
INFO: Run Behavior\CronRunBehavior [ RunTime:0.151009s ]
INFO: [ app_begin ] --END-- [ RunTime:0.153009s ]
NOTIC: [8] Undefined index: code D:\wamp\www\fenxiao\Application\Home\Controller\IndexController.class.php 第 38 行.
SQL: SHOW COLUMNS FROM `fen_class` [ RunTime:0.0140s ]
SQL: SELECT * FROM `fen_class` WHERE `parentid` = 0  [ RunTime:0.0010s ]
SQL: SELECT * FROM `fen_class` WHERE `parentid` = 1  [ RunTime:0.0010s ]
SQL: SHOW COLUMNS FROM `fen_product` [ RunTime:0.0120s ]
SQL: SELECT `id`,`name`,`price`,`picture` FROM `fen_product` WHERE `class_id` IN ('6','7') AND `tuijian` = 1  [ RunTime:0.0020s ]
SQL: SELECT * FROM `fen_class` WHERE `parentid` = 2  [ RunTime:0.0010s ]
SQL: SELECT `id`,`name`,`price`,`picture` FROM `fen_product` WHERE `class_id` IN ('8') AND `tuijian` = 1  [ RunTime:0.0010s ]
SQL: SELECT * FROM `fen_class` WHERE `parentid` = 3  [ RunTime:0.0000s ]
SQL: SELECT `id`,`name`,`price`,`picture` FROM `fen_product` WHERE `class_id` IN ('9') AND `tuijian` = 1  [ RunTime:0.0010s ]
SQL: SELECT * FROM `fen_class` WHERE `parentid` = 4  [ RunTime:0.0000s ]
SQL: SELECT `id`,`name`,`price`,`picture` FROM `fen_product` WHERE `class_id` IN ('') AND `tuijian` = 1  [ RunTime:0.0000s ]
SQL: SELECT * FROM `fen_class` WHERE `parentid` = 5  [ RunTime:0.0000s ]
SQL: SELECT `id`,`name`,`price`,`picture` FROM `fen_product` WHERE `class_id` IN ('') AND `tuijian` = 1  [ RunTime:0.0000s ]
SQL: SELECT COUNT(*) AS tp_count FROM `fen_product` WHERE `status` = 0 LIMIT 1   [ RunTime:0.0030s ]
NOTIC: [8] Undefined index: p D:\wamp\www\fenxiao\Application\Home\Controller\IndexController.class.php 第 90 行.
SQL: SELECT * FROM `fen_product` WHERE `status` = 0 LIMIT 0,10   [ RunTime:0.0000s ]
SQL: SHOW COLUMNS FROM `fen_guangbo` [ RunTime:0.0090s ]
SQL: SELECT * FROM `fen_guangbo`  [ RunTime:0.0000s ]
INFO: [ view_parse ] --START--
INFO: [ template_filter ] --START--
INFO: Run Behavior\ContentReplaceBehavior [ RunTime:0.002001s ]
INFO: [ template_filter ] --END-- [ RunTime:0.002001s ]
SQL: SELECT `class_name` FROM `fen_class` WHERE `id` = 1 LIMIT 1   [ RunTime:0.0010s ]
SQL: SELECT `class_name` FROM `fen_class` WHERE `id` = 2 LIMIT 1   [ RunTime:0.0080s ]
SQL: SELECT `class_name` FROM `fen_class` WHERE `id` = 3 LIMIT 1   [ RunTime:0.0000s ]
SQL: SELECT `class_name` FROM `fen_class` WHERE `id` = 4 LIMIT 1   [ RunTime:0.0000s ]
SQL: SELECT `class_name` FROM `fen_class` WHERE `id` = 5 LIMIT 1   [ RunTime:0.0000s ]
INFO: Run Behavior\ParseTemplateBehavior [ RunTime:0.052003s ]
INFO: [ view_parse ] --END-- [ RunTime:0.053003s ]
INFO: [ view_filter ] --START--
INFO: Run Behavior\WriteHtmlCacheBehavior [ RunTime:0.001000s ]
INFO: [ view_filter ] --END-- [ RunTime:0.002000s ]
INFO: [ app_end ] --START--
INFO: Run Behavior\ShowPageTraceBehavior [ RunTime:0.001000s ]
INFO: [ app_end ] --END-- [ RunTime:0.001000s ]

[ 2018-06-06T09:25:14+08:00 ] 127.0.0.1 /index.php/Home/member2/index
INFO: [ app_init ] --START--
INFO: Run Behavior\BuildLiteBehavior [ RunTime:0.000000s ]
INFO: [ app_init ] --END-- [ RunTime:0.001000s ]
INFO: [ app_begin ] --START--
INFO: Run Behavior\ReadHtmlCacheBehavior [ RunTime:0.002000s ]
INFO: Run Behavior\CronRunBehavior [ RunTime:0.004001s ]
INFO: [ app_begin ] --END-- [ RunTime:0.006001s ]
SQL: SHOW COLUMNS FROM `fen_member` [ RunTime:0.0080s ]
SQL: SELECT * FROM `fen_member` WHERE `id` = null LIMIT 1   [ RunTime:0.0010s ]
SQL: SHOW COLUMNS FROM `fen_indent_money_control` [ RunTime:0.0100s ]
SQL: SELECT * FROM `fen_indent_money_control` WHERE `mem_ref_id` = null AND `status` = 0  [ RunTime:0.0000s ]
INFO: [ view_parse ] --START--
INFO: [ template_filter ] --START--
INFO: Run Behavior\ContentReplaceBehavior [ RunTime:0.000000s ]
INFO: [ template_filter ] --END-- [ RunTime:0.000000s ]
SQL: SELECT `wx_name` FROM `fen_member` WHERE `id` = null LIMIT 1   [ RunTime:0.0010s ]
INFO: Run Behavior\ParseTemplateBehavior [ RunTime:0.014001s ]
INFO: [ view_parse ] --END-- [ RunTime:0.014001s ]
INFO: [ view_filter ] --START--
INFO: Run Behavior\WriteHtmlCacheBehavior [ RunTime:0.002000s ]
INFO: [ view_filter ] --END-- [ RunTime:0.002000s ]
INFO: [ app_end ] --START--
INFO: Run Behavior\ShowPageTraceBehavior [ RunTime:0.001000s ]
INFO: [ app_end ] --END-- [ RunTime:0.001000s ]

[ 2018-06-06T09:25:36+08:00 ] 127.0.0.1 /index.php/Home/Index/wx_share
ERR: Cron:cron Runat 2018-06-06 09:25:36 Use 0.091005 s

[ 2018-06-06T09:25:40+08:00 ] 127.0.0.1 /index.php/Home/Index/wx_share
INFO: [ app_init ] --START--
INFO: Run Behavior\BuildLiteBehavior [ RunTime:0.001000s ]
INFO: [ app_init ] --END-- [ RunTime:0.001000s ]
INFO: [ app_begin ] --START--
INFO: Run Behavior\ReadHtmlCacheBehavior [ RunTime:0.002000s ]
SQL: SHOW COLUMNS FROM `fen_indent` [ RunTime:0.0080s ]
SQL: SELECT * FROM `fen_indent` WHERE `status` = 2  [ RunTime:0.0010s ]
INFO: Run Behavior\CronRunBehavior [ RunTime:0.099005s ]
INFO: [ app_begin ] --END-- [ RunTime:0.101005s ]
NOTIC: [8] Undefined index: url D:\wamp\www\fenxiao\ThinkPHP\Library\Vendor\Wx_share\jssdk.php 第 6 行.
NOTIC: [8] Use of undefined constant JSAPI_PATH - assumed 'JSAPI_PATH' D:\wamp\www\fenxiao\ThinkPHP\Library\Vendor\Wx_share\jssdk.php 第 59 行.
NOTIC: [2] fopen(JSAPI_PATHapi/get_wx_qm/jsapi_ticket.json): failed to open stream: No such file or directory D:\wamp\www\fenxiao\ThinkPHP\Library\Vendor\Wx_share\jssdk.php 第 61 行.
NOTIC: [2] fwrite() expects parameter 1 to be resource, boolean given D:\wamp\www\fenxiao\ThinkPHP\Library\Vendor\Wx_share\jssdk.php 第 63 行.
NOTIC: [2] fclose() expects parameter 1 to be resource, boolean given D:\wamp\www\fenxiao\ThinkPHP\Library\Vendor\Wx_share\jssdk.php 第 64 行.
NOTIC: [2] file_get_contents(JSAPI_PATHapi/get_wx_qm/jsapi_ticket.json): failed to open stream: No such file or directory D:\wamp\www\fenxiao\ThinkPHP\Library\Vendor\Wx_share\jssdk.php 第 67 行.
NOTIC: [8] Trying to get property of non-object D:\wamp\www\fenxiao\ThinkPHP\Library\Vendor\Wx_share\jssdk.php 第 68 行.
NOTIC: [2] file_get_contents(caches/caches_wechat/caches_data/access_token.json): failed to open stream: No such file or directory D:\wamp\www\fenxiao\ThinkPHP\Library\Vendor\Wx_share\jssdk.php 第 121 行.
NOTIC: [2] fopen(caches/caches_wechat/caches_data/access_token.json): failed to open stream: No such file or directory D:\wamp\www\fenxiao\ThinkPHP\Library\Vendor\Wx_share\jssdk.php 第 123 行.
NOTIC: [8] Undefined property: stdClass::$access_token D:\wamp\www\fenxiao\ThinkPHP\Library\Vendor\Wx_share\jssdk.php 第 135 行.
NOTIC: [2] fwrite() expects parameter 1 to be resource, boolean given D:\wamp\www\fenxiao\ThinkPHP\Library\Vendor\Wx_share\jssdk.php 第 125 行.
NOTIC: [2] fclose() expects parameter 1 to be resource, boolean given D:\wamp\www\fenxiao\ThinkPHP\Library\Vendor\Wx_share\jssdk.php 第 126 行.
NOTIC: [8] Undefined property: stdClass::$ticket D:\wamp\www\fenxiao\ThinkPHP\Library\Vendor\Wx_share\jssdk.php 第 74 行.
NOTIC: [8] Undefined index: url D:\wamp\www\fenxiao\Application\Home\Controller\IndexController.class.php 第 292 行.
NOTIC: [8] Use of undefined constant JSAPI_PATH - assumed 'JSAPI_PATH' D:\wamp\www\fenxiao\ThinkPHP\Library\Vendor\Wx_share\jssdk.php 第 59 行.
NOTIC: [2] fopen(JSAPI_PATHapi/get_wx_qm/jsapi_ticket.json): failed to open stream: No such file or directory D:\wamp\www\fenxiao\ThinkPHP\Library\Vendor\Wx_share\jssdk.php 第 61 行.
NOTIC: [2] fwrite() expects parameter 1 to be resource, boolean given D:\wamp\www\fenxiao\ThinkPHP\Library\Vendor\Wx_share\jssdk.php 第 63 行.
NOTIC: [2] fclose() expects parameter 1 to be resource, boolean given D:\wamp\www\fenxiao\ThinkPHP\Library\Vendor\Wx_share\jssdk.php 第 64 行.
NOTIC: [2] file_get_contents(JSAPI_PATHapi/get_wx_qm/jsapi_ticket.json): failed to open stream: No such file or directory D:\wamp\www\fenxiao\ThinkPHP\Library\Vendor\Wx_share\jssdk.php 第 67 行.
NOTIC: [8] Trying to get property of non-object D:\wamp\www\fenxiao\ThinkPHP\Library\Vendor\Wx_share\jssdk.php 第 68 行.
NOTIC: [2] file_get_contents(caches/caches_wechat/caches_data/access_token.json): failed to open stream: No such file or directory D:\wamp\www\fenxiao\ThinkPHP\Library\Vendor\Wx_share\jssdk.php 第 121 行.
NOTIC: [2] fopen(caches/caches_wechat/caches_data/access_token.json): failed to open stream: No such file or directory D:\wamp\www\fenxiao\ThinkPHP\Library\Vendor\Wx_share\jssdk.php 第 123 行.
NOTIC: [8] Undefined property: stdClass::$access_token D:\wamp\www\fenxiao\ThinkPHP\Library\Vendor\Wx_share\jssdk.php 第 135 行.
NOTIC: [2] fwrite() expects parameter 1 to be resource, boolean given D:\wamp\www\fenxiao\ThinkPHP\Library\Vendor\Wx_share\jssdk.php 第 125 行.
NOTIC: [2] fclose() expects parameter 1 to be resource, boolean given D:\wamp\www\fenxiao\ThinkPHP\Library\Vendor\Wx_share\jssdk.php 第 126 行.
NOTIC: [8] Undefined property: stdClass::$ticket D:\wamp\www\fenxiao\ThinkPHP\Library\Vendor\Wx_share\jssdk.php 第 74 行.
INFO: [ app_end ] --START--
INFO: Run Behavior\ShowPageTraceBehavior [ RunTime:0.002000s ]
INFO: [ app_end ] --END-- [ RunTime:0.002000s ]

[ 2018-06-06T17:16:34+08:00 ] 127.0.0.1 /index.php/Home/Index/wx_share
ERR: Cron:cron Runat 2018-06-06 17:16:34 Use 0.239013 s

[ 2018-06-06T17:16:35+08:00 ] 127.0.0.1 /index.php/Home/Index/wx_share
INFO: [ app_init ] --START--
INFO: Run Behavior\BuildLiteBehavior [ RunTime:0.000000s ]
INFO: [ app_init ] --END-- [ RunTime:0.021001s ]
INFO: [ app_begin ] --START--
INFO: Run Behavior\ReadHtmlCacheBehavior [ RunTime:0.002000s ]
SQL: SHOW COLUMNS FROM `fen_indent` [ RunTime:0.0540s ]
SQL: SELECT * FROM `fen_indent` WHERE `status` = 2  [ RunTime:0.0160s ]
INFO: Run Behavior\CronRunBehavior [ RunTime:0.275016s ]
INFO: [ app_begin ] --END-- [ RunTime:0.277016s ]
NOTIC: [8] Undefined index: ref_id D:\wamp\www\fenxiao\Application\Home\Controller\IndexController.class.php 第 8 行.
NOTIC: [8] Use of undefined constant APPID - assumed 'APPID' D:\wamp\www\fenxiao\ThinkPHP\Library\Vendor\Wx_share\jssdk.php 第 113 行.
NOTIC: [8] Use of undefined constant APPSECRET - assumed 'APPSECRET' D:\wamp\www\fenxiao\ThinkPHP\Library\Vendor\Wx_share\jssdk.php 第 113 行.
NOTIC: [8] Undefined index: access_token D:\wamp\www\fenxiao\ThinkPHP\Library\Vendor\Wx_share\jssdk.php 第 116 行.
NOTIC: [8] Undefined property: stdClass::$ticket D:\wamp\www\fenxiao\ThinkPHP\Library\Vendor\Wx_share\jssdk.php 第 65 行.
INFO: [ app_end ] --START--
INFO: Run Behavior\ShowPageTraceBehavior [ RunTime:0.002000s ]
INFO: [ app_end ] --END-- [ RunTime:0.002000s ]

[ 2018-06-06T17:16:36+08:00 ] 127.0.0.1 /index.php/Home/index/index
INFO: [ app_init ] --START--
INFO: Run Behavior\BuildLiteBehavior [ RunTime:0.000000s ]
INFO: [ app_init ] --END-- [ RunTime:0.001000s ]
INFO: [ app_begin ] --START--
INFO: Run Behavior\ReadHtmlCacheBehavior [ RunTime:0.001000s ]
INFO: Run Behavior\CronRunBehavior [ RunTime:0.003000s ]
INFO: [ app_begin ] --END-- [ RunTime:0.005000s ]
NOTIC: [8] Undefined index: ref_id D:\wamp\www\fenxiao\Application\Home\Controller\IndexController.class.php 第 8 行.
NOTIC: [8] Undefined index: code D:\wamp\www\fenxiao\Application\Home\Controller\IndexController.class.php 第 74 行.
SQL: SHOW COLUMNS FROM `fen_class` [ RunTime:0.0170s ]
SQL: SELECT * FROM `fen_class` WHERE `parentid` = 0  [ RunTime:0.0020s ]
SQL: SELECT * FROM `fen_class` WHERE `parentid` = 1  [ RunTime:0.0010s ]
SQL: SHOW COLUMNS FROM `fen_product` [ RunTime:0.0080s ]
SQL: SELECT `id`,`name`,`price`,`picture` FROM `fen_product` WHERE `class_id` IN ('6','7') AND `tuijian` = 1  [ RunTime:0.0080s ]
SQL: SELECT * FROM `fen_class` WHERE `parentid` = 2  [ RunTime:0.0010s ]
SQL: SELECT `id`,`name`,`price`,`picture` FROM `fen_product` WHERE `class_id` IN ('8') AND `tuijian` = 1  [ RunTime:0.0000s ]
SQL: SELECT * FROM `fen_class` WHERE `parentid` = 3  [ RunTime:0.0020s ]
SQL: SELECT `id`,`name`,`price`,`picture` FROM `fen_product` WHERE `class_id` IN ('9') AND `tuijian` = 1  [ RunTime:0.0010s ]
SQL: SELECT * FROM `fen_class` WHERE `parentid` = 4  [ RunTime:0.0000s ]
SQL: SELECT `id`,`name`,`price`,`picture` FROM `fen_product` WHERE `class_id` IN ('') AND `tuijian` = 1  [ RunTime:0.0010s ]
SQL: SELECT * FROM `fen_class` WHERE `parentid` = 5  [ RunTime:0.0000s ]
SQL: SELECT `id`,`name`,`price`,`picture` FROM `fen_product` WHERE `class_id` IN ('') AND `tuijian` = 1  [ RunTime:0.0010s ]
SQL: SELECT COUNT(*) AS tp_count FROM `fen_product` WHERE `status` = 0 LIMIT 1   [ RunTime:0.0170s ]
NOTIC: [8] Undefined index: p D:\wamp\www\fenxiao\Application\Home\Controller\IndexController.class.php 第 192 行.
SQL: SELECT * FROM `fen_product` WHERE `status` = 0 LIMIT 0,10   [ RunTime:0.0200s ]
SQL: SHOW COLUMNS FROM `fen_guangbo` [ RunTime:0.0260s ]
SQL: SELECT * FROM `fen_guangbo`  [ RunTime:0.0020s ]
INFO: [ view_parse ] --START--
INFO: [ template_filter ] --START--
INFO: Run Behavior\ContentReplaceBehavior [ RunTime:0.003001s ]
INFO: [ template_filter ] --END-- [ RunTime:0.004001s ]
NOTIC: [8] Undefined variable: put_r_id D:\wamp\www\fenxiao\Application\Runtime\Cache\Home\2a94b8bda04ff446dcedd42276fc99ee.php 第 72 行.
SQL: SELECT `class_name` FROM `fen_class` WHERE `id` = 1 LIMIT 1   [ RunTime:0.0020s ]
SQL: SELECT `class_name` FROM `fen_class` WHERE `id` = 2 LIMIT 1   [ RunTime:0.0010s ]
SQL: SELECT `class_name` FROM `fen_class` WHERE `id` = 3 LIMIT 1   [ RunTime:0.0010s ]
SQL: SELECT `class_name` FROM `fen_class` WHERE `id` = 4 LIMIT 1   [ RunTime:0.0010s ]
SQL: SELECT `class_name` FROM `fen_class` WHERE `id` = 5 LIMIT 1   [ RunTime:0.0000s ]
INFO: Run Behavior\ParseTemplateBehavior [ RunTime:0.054003s ]
INFO: [ view_parse ] --END-- [ RunTime:0.054003s ]
INFO: [ view_filter ] --START--
INFO: Run Behavior\WriteHtmlCacheBehavior [ RunTime:0.004001s ]
INFO: [ view_filter ] --END-- [ RunTime:0.004001s ]
INFO: [ app_end ] --START--
INFO: Run Behavior\ShowPageTraceBehavior [ RunTime:0.001000s ]
INFO: [ app_end ] --END-- [ RunTime:0.001000s ]

