[ 2018-10-24T09:00:30+08:00 ] 127.0.0.1 /
INFO: [ app_init ] --START--
INFO: Run Behavior\BuildLiteBehavior [ RunTime:0.000034s ]
INFO: [ app_init ] --END-- [ RunTime:0.001203s ]

[ 2018-10-24T09:16:02+08:00 ] 127.0.0.1 /
INFO: [ app_init ] --START--
INFO: Run Behavior\BuildLiteBehavior [ RunTime:0.000035s ]
INFO: [ app_init ] --END-- [ RunTime:0.001246s ]

[ 2018-10-24T09:47:18+08:00 ] 127.0.0.1 /index.php/home
INFO: [ app_init ] --START--
INFO: Run Behavior\BuildLiteBehavior [ RunTime:0.000033s ]
INFO: [ app_init ] --END-- [ RunTime:0.001359s ]

[ 2018-10-24T09:47:40+08:00 ] 127.0.0.1 /index.php/home/member/index
INFO: [ app_init ] --START--
INFO: Run Behavior\BuildLiteBehavior [ RunTime:0.000033s ]
INFO: [ app_init ] --END-- [ RunTime:0.000762s ]

[ 2018-10-24T09:48:15+08:00 ] 127.0.0.1 /index.php/home/member/index
ERR: Cron:cron Runat 2018-10-24 09:48:15 Use 0.173089 s

[ 2018-10-24T09:48:15+08:00 ] 127.0.0.1 /index.php/home/member/index
INFO: [ app_init ] --START--
INFO: Run Behavior\BuildLiteBehavior [ RunTime:0.000032s ]
INFO: [ app_init ] --END-- [ RunTime:0.000907s ]
INFO: [ app_begin ] --START--
INFO: Run Behavior\ReadHtmlCacheBehavior [ RunTime:0.001271s ]
SQL: SHOW COLUMNS FROM `red_indent` [ RunTime:0.0524s ]
SQL: SELECT * FROM `red_indent` WHERE `status` = 2  [ RunTime:0.0004s ]
INFO: Run Behavior\CronRunBehavior [ RunTime:0.198419s ]
INFO: [ app_begin ] --END-- [ RunTime:0.199946s ]

[ 2018-10-24T09:50:40+08:00 ] 127.0.0.1 /index.php/home/member/index
ERR: Cron:cron Runat 2018-10-24 09:50:40 Use 0.084782 s

[ 2018-10-24T09:50:40+08:00 ] 127.0.0.1 /index.php/home/member/index
INFO: [ app_init ] --START--
INFO: Run Behavior\BuildLiteBehavior [ RunTime:0.000038s ]
INFO: [ app_init ] --END-- [ RunTime:0.004038s ]
INFO: [ app_begin ] --START--
INFO: Run Behavior\ReadHtmlCacheBehavior [ RunTime:0.001399s ]
SQL: SHOW COLUMNS FROM `red_indent` [ RunTime:0.0495s ]
SQL: SELECT * FROM `red_indent` WHERE `status` = 2  [ RunTime:0.0005s ]
INFO: Run Behavior\CronRunBehavior [ RunTime:0.107706s ]
INFO: [ app_begin ] --END-- [ RunTime:0.109463s ]

[ 2018-10-24T09:50:58+08:00 ] 127.0.0.1 /index.php/home/member/index
ERR: Cron:cron Runat 2018-10-24 09:50:58 Use 0.069942 s

[ 2018-10-24T09:50:59+08:00 ] 127.0.0.1 /index.php/home/member/index
INFO: [ app_init ] --START--
INFO: Run Behavior\BuildLiteBehavior [ RunTime:0.000034s ]
INFO: [ app_init ] --END-- [ RunTime:0.001756s ]
INFO: [ app_begin ] --START--
INFO: Run Behavior\ReadHtmlCacheBehavior [ RunTime:0.001341s ]
SQL: SHOW COLUMNS FROM `red_indent` [ RunTime:0.0503s ]
SQL: SELECT * FROM `red_indent` WHERE `status` = 2  [ RunTime:0.0005s ]
INFO: Run Behavior\CronRunBehavior [ RunTime:0.095509s ]
INFO: [ app_begin ] --END-- [ RunTime:0.097108s ]
SQL: SHOW COLUMNS FROM `red_member` [ RunTime:0.0538s ]
SQL: SELECT * FROM `red_member` WHERE `id` = null LIMIT 1   [ RunTime:0.0168s ]
INFO: [ view_parse ] --START--
INFO: [ template_filter ] --START--
INFO: Run Behavior\ContentReplaceBehavior [ RunTime:0.000118s ]
INFO: [ template_filter ] --END-- [ RunTime:0.000256s ]
SQL: SELECT `level` FROM `red_member` WHERE `id` = null LIMIT 1   [ RunTime:0.0003s ]
SQL: SELECT COUNT(*) AS tp_count FROM `red_member` WHERE `refe_id` = null AND `level` = 0 LIMIT 1   [ RunTime:0.0121s ]
SQL: SELECT COUNT(*) AS tp_count FROM `red_member` WHERE `refe_id` = null AND `level` = 1 LIMIT 1   [ RunTime:0.0075s ]
SQL: SELECT COUNT(*) AS tp_count FROM `red_member` WHERE `refe_id` = null AND `level` = 2 LIMIT 1   [ RunTime:0.0003s ]
INFO: Run Behavior\ParseTemplateBehavior [ RunTime:0.057356s ]
INFO: [ view_parse ] --END-- [ RunTime:0.057508s ]
INFO: [ view_filter ] --START--
INFO: Run Behavior\WriteHtmlCacheBehavior [ RunTime:0.001191s ]
INFO: [ view_filter ] --END-- [ RunTime:0.001324s ]
INFO: [ app_end ] --START--
INFO: Run Behavior\ShowPageTraceBehavior [ RunTime:0.001272s ]
INFO: [ app_end ] --END-- [ RunTime:0.001409s ]

[ 2018-10-24T09:52:19+08:00 ] 127.0.0.1 /index.php/home/member/index
ERR: Cron:cron Runat 2018-10-24 09:52:19 Use 0.067418 s

[ 2018-10-24T09:52:20+08:00 ] 127.0.0.1 /index.php/home/member/index
INFO: [ app_init ] --START--
INFO: Run Behavior\BuildLiteBehavior [ RunTime:0.000033s ]
INFO: [ app_init ] --END-- [ RunTime:0.000913s ]
INFO: [ app_begin ] --START--
INFO: Run Behavior\ReadHtmlCacheBehavior [ RunTime:0.001210s ]
SQL: SHOW COLUMNS FROM `red_indent` [ RunTime:0.0487s ]
SQL: SELECT * FROM `red_indent` WHERE `status` = 2  [ RunTime:0.0004s ]
INFO: Run Behavior\CronRunBehavior [ RunTime:0.092079s ]
INFO: [ app_begin ] --END-- [ RunTime:0.093564s ]
SQL: SHOW COLUMNS FROM `red_member` [ RunTime:0.0391s ]
SQL: SELECT * FROM `red_member` WHERE `id` = null LIMIT 1   [ RunTime:0.0003s ]
INFO: [ view_parse ] --START--
INFO: [ template_filter ] --START--
INFO: Run Behavior\ContentReplaceBehavior [ RunTime:0.000127s ]
INFO: [ template_filter ] --END-- [ RunTime:0.000257s ]
SQL: SELECT `level` FROM `red_member` WHERE `id` = null LIMIT 1   [ RunTime:0.0003s ]
SQL: SELECT COUNT(*) AS tp_count FROM `red_member` WHERE `refe_id` = null AND `level` = 0 LIMIT 1   [ RunTime:0.0004s ]
SQL: SELECT COUNT(*) AS tp_count FROM `red_member` WHERE `refe_id` = null AND `level` = 1 LIMIT 1   [ RunTime:0.0003s ]
SQL: SELECT COUNT(*) AS tp_count FROM `red_member` WHERE `refe_id` = null AND `level` = 2 LIMIT 1   [ RunTime:0.0003s ]
INFO: Run Behavior\ParseTemplateBehavior [ RunTime:0.027464s ]
INFO: [ view_parse ] --END-- [ RunTime:0.027594s ]
INFO: [ view_filter ] --START--
INFO: Run Behavior\WriteHtmlCacheBehavior [ RunTime:0.001148s ]
INFO: [ view_filter ] --END-- [ RunTime:0.001276s ]
INFO: [ app_end ] --START--
INFO: Run Behavior\ShowPageTraceBehavior [ RunTime:0.001339s ]
INFO: [ app_end ] --END-- [ RunTime:0.001479s ]

