[ 2018-10-27T09:01:25+08:00 ] 127.0.0.1 /
ERR: Cron:cron Runat 2018-10-27 09:01:25 Use 0.961059 s

[ 2018-10-27T09:01:26+08:00 ] 127.0.0.1 /
INFO: [ app_init ] --START--
INFO: Run Behavior\BuildLiteBehavior [ RunTime:0.000032s ]
INFO: [ app_init ] --END-- [ RunTime:0.001211s ]
INFO: [ app_begin ] --START--
INFO: Run Behavior\ReadHtmlCacheBehavior [ RunTime:0.001880s ]
SQL: SHOW COLUMNS FROM `red_indent` [ RunTime:0.4631s ]
SQL: SELECT * FROM `red_indent` WHERE `status` = 2  [ RunTime:0.0148s ]
INFO: Run Behavior\CronRunBehavior [ RunTime:1.150252s ]
INFO: [ app_begin ] --END-- [ RunTime:1.152385s ]
NOTIC: [8] Undefined index: ref_id E:\wamp\www\anti\Application\Home\Controller\IndexController.class.php 第 8 行.
NOTIC: [8] Undefined index: code E:\wamp\www\anti\Application\Home\Controller\IndexController.class.php 第 74 行.
ERR: 1146:Table 'redbag.red_class' doesn't exist
 [ SQL语句 ] : SHOW COLUMNS FROM `red_class`
ERR: 1146:Table 'redbag.red_class' doesn't exist
 [ SQL语句 ] : SHOW COLUMNS FROM `red_class`

[ 2018-10-27T09:04:01+08:00 ] 127.0.0.1 /
ERR: Cron:cron Runat 2018-10-27 09:04:01 Use 0.192342 s

[ 2018-10-27T09:04:01+08:00 ] 127.0.0.1 /
INFO: [ app_init ] --START--
INFO: Run Behavior\BuildLiteBehavior [ RunTime:0.000033s ]
INFO: [ app_init ] --END-- [ RunTime:0.000904s ]
INFO: [ app_begin ] --START--
INFO: Run Behavior\ReadHtmlCacheBehavior [ RunTime:0.002883s ]
SQL: SHOW COLUMNS FROM `red_indent` [ RunTime:0.0640s ]
SQL: SELECT * FROM `red_indent` WHERE `status` = 2  [ RunTime:0.0009s ]
INFO: Run Behavior\CronRunBehavior [ RunTime:0.220945s ]
INFO: [ app_begin ] --END-- [ RunTime:0.224097s ]
NOTIC: [8] Undefined index: ref_id E:\wamp\www\anti\Application\Home\Controller\IndexController.class.php 第 8 行.
NOTIC: [8] Undefined index: code E:\wamp\www\anti\Application\Home\Controller\IndexController.class.php 第 74 行.
ERR: 1146:Table 'redbag.red_class' doesn't exist
 [ SQL语句 ] : SHOW COLUMNS FROM `red_class`
ERR: 1146:Table 'redbag.red_class' doesn't exist
 [ SQL语句 ] : SHOW COLUMNS FROM `red_class`

