[ 2018-11-01T09:07:08+08:00 ] 127.0.0.1 /
ERR: Cron:cron Runat 2018-11-01 09:07:07 Use 0.801847 s

[ 2018-11-01T09:07:08+08:00 ] 127.0.0.1 /
INFO: [ app_init ] --START--
INFO: Run Behavior\BuildLiteBehavior [ RunTime:0.000038s ]
INFO: [ app_init ] --END-- [ RunTime:0.028967s ]
INFO: [ app_begin ] --START--
INFO: Run Behavior\ReadHtmlCacheBehavior [ RunTime:0.001553s ]
SQL: SHOW COLUMNS FROM `red_indent` [ RunTime:0.5135s ]
SQL: SELECT * FROM `red_indent` WHERE `status` = 2  [ RunTime:0.1046s ]
INFO: Run Behavior\CronRunBehavior [ RunTime:0.910774s ]
INFO: [ app_begin ] --END-- [ RunTime:0.912609s ]
NOTIC: [8] Undefined index: ref_id E:\wamp\www\anti\Application\Home\Controller\IndexController.class.php 第 8 行.
INFO: [ view_parse ] --START--
INFO: [ template_filter ] --START--
INFO: Run Behavior\ContentReplaceBehavior [ RunTime:0.000084s ]
INFO: [ template_filter ] --END-- [ RunTime:0.000220s ]
INFO: Run Behavior\ParseTemplateBehavior [ RunTime:0.374232s ]
INFO: [ view_parse ] --END-- [ RunTime:0.374394s ]
INFO: [ view_filter ] --START--
INFO: Run Behavior\WriteHtmlCacheBehavior [ RunTime:0.028820s ]
INFO: [ view_filter ] --END-- [ RunTime:0.028956s ]
INFO: [ app_end ] --START--
INFO: Run Behavior\ShowPageTraceBehavior [ RunTime:0.003175s ]
INFO: [ app_end ] --END-- [ RunTime:0.003314s ]

[ 2018-11-01T09:44:53+08:00 ] 127.0.0.1 /index.php/home/wechat/index
ERR: Cron:cron Runat 2018-11-01 09:44:53 Use 1.061879 s

[ 2018-11-01T09:44:53+08:00 ] 127.0.0.1 /index.php/home/wechat/index
INFO: [ app_init ] --START--
INFO: Run Behavior\BuildLiteBehavior [ RunTime:0.000036s ]
INFO: [ app_init ] --END-- [ RunTime:0.003202s ]
INFO: [ app_begin ] --START--
INFO: Run Behavior\ReadHtmlCacheBehavior [ RunTime:0.001550s ]
SQL: SHOW COLUMNS FROM `red_indent` [ RunTime:0.2097s ]
SQL: SELECT * FROM `red_indent` WHERE `status` = 2  [ RunTime:0.0219s ]
INFO: Run Behavior\CronRunBehavior [ RunTime:1.153609s ]
INFO: [ app_begin ] --END-- [ RunTime:1.155411s ]

[ 2018-11-01T09:45:43+08:00 ] 127.0.0.1 /index.php/home/wechat/index
ERR: Cron:cron Runat 2018-11-01 09:45:43 Use 0.175528 s

[ 2018-11-01T09:45:43+08:00 ] 127.0.0.1 /index.php/home/wechat/index
INFO: [ app_init ] --START--
INFO: Run Behavior\BuildLiteBehavior [ RunTime:0.000032s ]
INFO: [ app_init ] --END-- [ RunTime:0.000911s ]
INFO: [ app_begin ] --START--
INFO: Run Behavior\ReadHtmlCacheBehavior [ RunTime:0.001481s ]
SQL: SHOW COLUMNS FROM `red_indent` [ RunTime:0.1291s ]
SQL: SELECT * FROM `red_indent` WHERE `status` = 2  [ RunTime:0.0005s ]
INFO: Run Behavior\CronRunBehavior [ RunTime:0.231162s ]
INFO: [ app_begin ] --END-- [ RunTime:0.232914s ]

[ 2018-11-01T14:07:12+08:00 ] 127.0.0.1 /index.php/home/wechat/get_now
INFO: [ app_init ] --START--
INFO: Run Behavior\BuildLiteBehavior [ RunTime:0.000046s ]
INFO: [ app_init ] --END-- [ RunTime:0.003666s ]
INFO: [ app_begin ] --START--
INFO: Run Behavior\ReadHtmlCacheBehavior [ RunTime:0.001803s ]
ERR: SQLSTATE[HY000] [1045] Access denied for user 'root'@'localhost' (using password: YES)

[ 2018-11-01T14:07:26+08:00 ] 127.0.0.1 /index.php/home/wechat/get_now
INFO: [ app_init ] --START--
INFO: Run Behavior\BuildLiteBehavior [ RunTime:0.000033s ]
INFO: [ app_init ] --END-- [ RunTime:0.001071s ]
INFO: [ app_begin ] --START--
INFO: Run Behavior\ReadHtmlCacheBehavior [ RunTime:0.003212s ]
INFO: Run Behavior\CronRunBehavior [ RunTime:0.003114s ]
INFO: [ app_begin ] --END-- [ RunTime:0.006603s ]
INFO: [ view_parse ] --START--
INFO: [ template_filter ] --START--
INFO: Run Behavior\ContentReplaceBehavior [ RunTime:0.018091s ]
INFO: [ template_filter ] --END-- [ RunTime:0.018249s ]
INFO: Run Behavior\ParseTemplateBehavior [ RunTime:0.537293s ]
INFO: [ view_parse ] --END-- [ RunTime:0.537474s ]
INFO: [ view_filter ] --START--
INFO: Run Behavior\WriteHtmlCacheBehavior [ RunTime:0.015584s ]
INFO: [ view_filter ] --END-- [ RunTime:0.015738s ]
INFO: [ app_end ] --START--
INFO: Run Behavior\ShowPageTraceBehavior [ RunTime:0.002974s ]
INFO: [ app_end ] --END-- [ RunTime:0.003130s ]

[ 2018-11-01T14:07:29+08:00 ] 127.0.0.1 /index.php/home/wechat/img/1.jpg
INFO: [ app_init ] --START--
INFO: Run Behavior\BuildLiteBehavior [ RunTime:0.000033s ]
INFO: [ app_init ] --END-- [ RunTime:0.000995s ]

[ 2018-11-01T14:08:25+08:00 ] 127.0.0.1 /index.php/home/wechat/get_now
ERR: Cron:cron Runat 2018-11-01 14:08:25 Use 1.579963 s

[ 2018-11-01T14:08:25+08:00 ] 127.0.0.1 /index.php/home/wechat/get_now
INFO: [ app_init ] --START--
INFO: Run Behavior\BuildLiteBehavior [ RunTime:0.000057s ]
INFO: [ app_init ] --END-- [ RunTime:0.002545s ]
INFO: [ app_begin ] --START--
INFO: Run Behavior\ReadHtmlCacheBehavior [ RunTime:0.002407s ]
SQL: SHOW COLUMNS FROM `red_indent` [ RunTime:0.5376s ]
SQL: SELECT * FROM `red_indent` WHERE `status` = 2  [ RunTime:0.3358s ]
INFO: Run Behavior\CronRunBehavior [ RunTime:1.795884s ]
INFO: [ app_begin ] --END-- [ RunTime:1.798606s ]
INFO: [ view_parse ] --START--
INFO: [ template_filter ] --START--
INFO: Run Behavior\ContentReplaceBehavior [ RunTime:0.000089s ]
INFO: [ template_filter ] --END-- [ RunTime:0.000238s ]
INFO: Run Behavior\ParseTemplateBehavior [ RunTime:0.203350s ]
INFO: [ view_parse ] --END-- [ RunTime:0.203507s ]
INFO: [ view_filter ] --START--
INFO: Run Behavior\WriteHtmlCacheBehavior [ RunTime:0.014733s ]
INFO: [ view_filter ] --END-- [ RunTime:0.014867s ]
INFO: [ app_end ] --START--
INFO: Run Behavior\ShowPageTraceBehavior [ RunTime:0.040607s ]
INFO: [ app_end ] --END-- [ RunTime:0.040760s ]

[ 2018-11-01T14:13:22+08:00 ] 127.0.0.1 /index.php/home/wechat/get_now
ERR: Cron:cron Runat 2018-11-01 14:13:22 Use 0.987677 s

[ 2018-11-01T14:13:23+08:00 ] 127.0.0.1 /index.php/home/wechat/get_now
INFO: [ app_init ] --START--
INFO: Run Behavior\BuildLiteBehavior [ RunTime:0.000036s ]
INFO: [ app_init ] --END-- [ RunTime:0.001481s ]
INFO: [ app_begin ] --START--
INFO: Run Behavior\ReadHtmlCacheBehavior [ RunTime:0.001856s ]
SQL: SHOW COLUMNS FROM `red_indent` [ RunTime:0.5491s ]
SQL: SELECT * FROM `red_indent` WHERE `status` = 2  [ RunTime:0.1030s ]
INFO: Run Behavior\CronRunBehavior [ RunTime:1.103522s ]
INFO: [ app_begin ] --END-- [ RunTime:1.105652s ]
INFO: [ view_parse ] --START--
INFO: [ template_filter ] --START--
INFO: Run Behavior\ContentReplaceBehavior [ RunTime:0.000093s ]
INFO: [ template_filter ] --END-- [ RunTime:0.000239s ]
INFO: Run Behavior\ParseTemplateBehavior [ RunTime:0.215377s ]
INFO: [ view_parse ] --END-- [ RunTime:0.215536s ]
INFO: [ view_filter ] --START--
INFO: Run Behavior\WriteHtmlCacheBehavior [ RunTime:0.018676s ]
INFO: [ view_filter ] --END-- [ RunTime:0.018812s ]
INFO: [ app_end ] --START--
INFO: Run Behavior\ShowPageTraceBehavior [ RunTime:0.002525s ]
INFO: [ app_end ] --END-- [ RunTime:0.002681s ]

[ 2018-11-01T14:16:07+08:00 ] 127.0.0.1 /index.php/home/wechat/get_now
ERR: Cron:cron Runat 2018-11-01 14:16:07 Use 0.134916 s

[ 2018-11-01T14:16:07+08:00 ] 127.0.0.1 /index.php/home/wechat/get_now
INFO: [ app_init ] --START--
INFO: Run Behavior\BuildLiteBehavior [ RunTime:0.000033s ]
INFO: [ app_init ] --END-- [ RunTime:0.000961s ]
INFO: [ app_begin ] --START--
INFO: Run Behavior\ReadHtmlCacheBehavior [ RunTime:0.001273s ]
SQL: SHOW COLUMNS FROM `red_indent` [ RunTime:0.0842s ]
SQL: SELECT * FROM `red_indent` WHERE `status` = 2  [ RunTime:0.0004s ]
INFO: Run Behavior\CronRunBehavior [ RunTime:0.155895s ]
INFO: [ app_begin ] --END-- [ RunTime:0.157421s ]
INFO: [ view_parse ] --START--
INFO: [ template_filter ] --START--
INFO: Run Behavior\ContentReplaceBehavior [ RunTime:0.000112s ]
INFO: [ template_filter ] --END-- [ RunTime:0.000271s ]
INFO: Run Behavior\ParseTemplateBehavior [ RunTime:0.097913s ]
INFO: [ view_parse ] --END-- [ RunTime:0.098076s ]
INFO: [ view_filter ] --START--
INFO: Run Behavior\WriteHtmlCacheBehavior [ RunTime:0.001372s ]
INFO: [ view_filter ] --END-- [ RunTime:0.001504s ]
INFO: [ app_end ] --START--
INFO: Run Behavior\ShowPageTraceBehavior [ RunTime:0.001242s ]
INFO: [ app_end ] --END-- [ RunTime:0.001389s ]

[ 2018-11-01T14:58:59+08:00 ] 127.0.0.1 /index.php/home/wechat/user_data
ERR: Cron:cron Runat 2018-11-01 14:58:59 Use 6.488361 s

[ 2018-11-01T14:59:01+08:00 ] 127.0.0.1 /index.php/home/wechat/user_data
INFO: [ app_init ] --START--
INFO: Run Behavior\BuildLiteBehavior [ RunTime:0.000036s ]
INFO: [ app_init ] --END-- [ RunTime:0.104847s ]
INFO: [ app_begin ] --START--
INFO: Run Behavior\ReadHtmlCacheBehavior [ RunTime:0.056736s ]
SQL: SHOW COLUMNS FROM `red_indent` [ RunTime:0.9572s ]
SQL: SELECT * FROM `red_indent` WHERE `status` = 2  [ RunTime:0.0519s ]
INFO: Run Behavior\CronRunBehavior [ RunTime:7.219178s ]
INFO: [ app_begin ] --END-- [ RunTime:7.276172s ]
INFO: [ view_parse ] --START--
INFO: [ template_filter ] --START--
INFO: Run Behavior\ContentReplaceBehavior [ RunTime:0.022999s ]
INFO: [ template_filter ] --END-- [ RunTime:0.023154s ]
INFO: Run Behavior\ParseTemplateBehavior [ RunTime:0.547620s ]
INFO: [ view_parse ] --END-- [ RunTime:0.580278s ]
INFO: [ view_filter ] --START--
INFO: Run Behavior\WriteHtmlCacheBehavior [ RunTime:0.085933s ]
INFO: [ view_filter ] --END-- [ RunTime:0.086188s ]
INFO: [ app_end ] --START--
INFO: Run Behavior\ShowPageTraceBehavior [ RunTime:0.002051s ]
INFO: [ app_end ] --END-- [ RunTime:0.002201s ]

[ 2018-11-01T14:59:12+08:00 ] 127.0.0.1 /index.php/home/wechat/image/hongbao.png
INFO: [ app_init ] --START--
INFO: Run Behavior\BuildLiteBehavior [ RunTime:0.000035s ]
INFO: [ app_init ] --END-- [ RunTime:0.001061s ]

[ 2018-11-01T15:00:23+08:00 ] 127.0.0.1 /index.php/home/wechat/user_data
ERR: Cron:cron Runat 2018-11-01 15:00:23 Use 0.959246 s

[ 2018-11-01T15:00:24+08:00 ] 127.0.0.1 /index.php/home/wechat/user_data
INFO: [ app_init ] --START--
INFO: Run Behavior\BuildLiteBehavior [ RunTime:0.000033s ]
INFO: [ app_init ] --END-- [ RunTime:0.001168s ]
INFO: [ app_begin ] --START--
INFO: Run Behavior\ReadHtmlCacheBehavior [ RunTime:0.001929s ]
SQL: SHOW COLUMNS FROM `red_indent` [ RunTime:0.0908s ]
SQL: SELECT * FROM `red_indent` WHERE `status` = 2  [ RunTime:0.0619s ]
INFO: Run Behavior\CronRunBehavior [ RunTime:1.062347s ]
INFO: [ app_begin ] --END-- [ RunTime:1.074072s ]
INFO: [ view_parse ] --START--
INFO: [ template_filter ] --START--
INFO: Run Behavior\ContentReplaceBehavior [ RunTime:0.000074s ]
INFO: [ template_filter ] --END-- [ RunTime:0.000234s ]
INFO: Run Behavior\ParseTemplateBehavior [ RunTime:0.195863s ]
INFO: [ view_parse ] --END-- [ RunTime:0.196035s ]
INFO: [ view_filter ] --START--
INFO: Run Behavior\WriteHtmlCacheBehavior [ RunTime:0.329143s ]
INFO: [ view_filter ] --END-- [ RunTime:0.329287s ]
INFO: [ app_end ] --START--
INFO: Run Behavior\ShowPageTraceBehavior [ RunTime:0.002598s ]
INFO: [ app_end ] --END-- [ RunTime:0.002777s ]

[ 2018-11-01T15:02:33+08:00 ] 127.0.0.1 /index.php/home/wechat/user_data
ERR: Cron:cron Runat 2018-11-01 15:02:33 Use 0.638214 s

[ 2018-11-01T15:02:33+08:00 ] 127.0.0.1 /index.php/home/wechat/user_data
INFO: [ app_init ] --START--
INFO: Run Behavior\BuildLiteBehavior [ RunTime:0.000036s ]
INFO: [ app_init ] --END-- [ RunTime:0.001146s ]
INFO: [ app_begin ] --START--
INFO: Run Behavior\ReadHtmlCacheBehavior [ RunTime:0.001620s ]
SQL: SHOW COLUMNS FROM `red_indent` [ RunTime:0.3406s ]
SQL: SELECT * FROM `red_indent` WHERE `status` = 2  [ RunTime:0.0074s ]
INFO: Run Behavior\CronRunBehavior [ RunTime:0.724940s ]
INFO: [ app_begin ] --END-- [ RunTime:0.726813s ]
INFO: [ view_parse ] --START--
INFO: [ template_filter ] --START--
INFO: Run Behavior\ContentReplaceBehavior [ RunTime:0.000076s ]
INFO: [ template_filter ] --END-- [ RunTime:0.000214s ]
INFO: Run Behavior\ParseTemplateBehavior [ RunTime:0.140570s ]
INFO: [ view_parse ] --END-- [ RunTime:0.140723s ]
INFO: [ view_filter ] --START--
INFO: Run Behavior\WriteHtmlCacheBehavior [ RunTime:0.001463s ]
INFO: [ view_filter ] --END-- [ RunTime:0.001597s ]
INFO: [ app_end ] --START--
INFO: Run Behavior\ShowPageTraceBehavior [ RunTime:0.001424s ]
INFO: [ app_end ] --END-- [ RunTime:0.001560s ]

[ 2018-11-01T15:02:49+08:00 ] 127.0.0.1 /index.php/home/wechat/user_data
ERR: Cron:cron Runat 2018-11-01 15:02:49 Use 0.263226 s

[ 2018-11-01T15:02:49+08:00 ] 127.0.0.1 /index.php/home/wechat/user_data
INFO: [ app_init ] --START--
INFO: Run Behavior\BuildLiteBehavior [ RunTime:0.000032s ]
INFO: [ app_init ] --END-- [ RunTime:0.000897s ]
INFO: [ app_begin ] --START--
INFO: Run Behavior\ReadHtmlCacheBehavior [ RunTime:0.001232s ]
SQL: SHOW COLUMNS FROM `red_indent` [ RunTime:0.1239s ]
SQL: SELECT * FROM `red_indent` WHERE `status` = 2  [ RunTime:0.0004s ]
INFO: Run Behavior\CronRunBehavior [ RunTime:0.297753s ]
INFO: [ app_begin ] --END-- [ RunTime:0.300602s ]
INFO: [ view_parse ] --START--
INFO: [ template_filter ] --START--
INFO: Run Behavior\ContentReplaceBehavior [ RunTime:0.000086s ]
INFO: [ template_filter ] --END-- [ RunTime:0.000243s ]
INFO: Run Behavior\ParseTemplateBehavior [ RunTime:0.049400s ]
INFO: [ view_parse ] --END-- [ RunTime:0.049566s ]
INFO: [ view_filter ] --START--
INFO: Run Behavior\WriteHtmlCacheBehavior [ RunTime:0.002478s ]
INFO: [ view_filter ] --END-- [ RunTime:0.002619s ]
INFO: [ app_end ] --START--
INFO: Run Behavior\ShowPageTraceBehavior [ RunTime:0.003356s ]
INFO: [ app_end ] --END-- [ RunTime:0.003504s ]

[ 2018-11-01T15:04:36+08:00 ] 127.0.0.1 /index.php/home/wechat/user_data
ERR: Cron:cron Runat 2018-11-01 15:04:36 Use 0.749903 s

[ 2018-11-01T15:04:36+08:00 ] 127.0.0.1 /index.php/home/wechat/user_data
INFO: [ app_init ] --START--
INFO: Run Behavior\BuildLiteBehavior [ RunTime:0.000033s ]
INFO: [ app_init ] --END-- [ RunTime:0.000962s ]
INFO: [ app_begin ] --START--
INFO: Run Behavior\ReadHtmlCacheBehavior [ RunTime:0.001333s ]
SQL: SHOW COLUMNS FROM `red_indent` [ RunTime:0.1151s ]
SQL: SELECT * FROM `red_indent` WHERE `status` = 2  [ RunTime:0.0004s ]
INFO: Run Behavior\CronRunBehavior [ RunTime:0.790045s ]
INFO: [ app_begin ] --END-- [ RunTime:0.791632s ]
INFO: [ view_parse ] --START--
INFO: [ template_filter ] --START--
INFO: Run Behavior\ContentReplaceBehavior [ RunTime:0.000077s ]
INFO: [ template_filter ] --END-- [ RunTime:0.000217s ]
INFO: Run Behavior\ParseTemplateBehavior [ RunTime:0.258679s ]
INFO: [ view_parse ] --END-- [ RunTime:0.258864s ]
INFO: [ view_filter ] --START--
INFO: Run Behavior\WriteHtmlCacheBehavior [ RunTime:0.001457s ]
INFO: [ view_filter ] --END-- [ RunTime:0.001600s ]
INFO: [ app_end ] --START--
INFO: Run Behavior\ShowPageTraceBehavior [ RunTime:0.001421s ]
INFO: [ app_end ] --END-- [ RunTime:0.001565s ]

[ 2018-11-01T15:05:36+08:00 ] 127.0.0.1 /index.php/home/wechat/user_data
ERR: Cron:cron Runat 2018-11-01 15:05:36 Use 0.205613 s

[ 2018-11-01T15:05:36+08:00 ] 127.0.0.1 /index.php/home/wechat/user_data
INFO: [ app_init ] --START--
INFO: Run Behavior\BuildLiteBehavior [ RunTime:0.000033s ]
INFO: [ app_init ] --END-- [ RunTime:0.000956s ]
INFO: [ app_begin ] --START--
INFO: Run Behavior\ReadHtmlCacheBehavior [ RunTime:0.001611s ]
SQL: SHOW COLUMNS FROM `red_indent` [ RunTime:0.0840s ]
SQL: SELECT * FROM `red_indent` WHERE `status` = 2  [ RunTime:0.0005s ]
INFO: Run Behavior\CronRunBehavior [ RunTime:0.294352s ]
INFO: [ app_begin ] --END-- [ RunTime:0.296215s ]
INFO: [ view_parse ] --START--
INFO: [ template_filter ] --START--
INFO: Run Behavior\ContentReplaceBehavior [ RunTime:0.000077s ]
INFO: [ template_filter ] --END-- [ RunTime:0.000220s ]
INFO: Run Behavior\ParseTemplateBehavior [ RunTime:0.136309s ]
INFO: [ view_parse ] --END-- [ RunTime:0.136461s ]
INFO: [ view_filter ] --START--
INFO: Run Behavior\WriteHtmlCacheBehavior [ RunTime:0.001150s ]
INFO: [ view_filter ] --END-- [ RunTime:0.001281s ]
INFO: [ app_end ] --START--
INFO: Run Behavior\ShowPageTraceBehavior [ RunTime:0.001244s ]
INFO: [ app_end ] --END-- [ RunTime:0.001387s ]

[ 2018-11-01T15:06:20+08:00 ] 127.0.0.1 /index.php/home/wechat/user_data
ERR: Cron:cron Runat 2018-11-01 15:06:20 Use 0.168838 s

[ 2018-11-01T15:06:20+08:00 ] 127.0.0.1 /index.php/home/wechat/user_data
INFO: [ app_init ] --START--
INFO: Run Behavior\BuildLiteBehavior [ RunTime:0.000045s ]
INFO: [ app_init ] --END-- [ RunTime:0.000896s ]
INFO: [ app_begin ] --START--
INFO: Run Behavior\ReadHtmlCacheBehavior [ RunTime:0.001438s ]
SQL: SHOW COLUMNS FROM `red_indent` [ RunTime:0.0761s ]
SQL: SELECT * FROM `red_indent` WHERE `status` = 2  [ RunTime:0.0005s ]
INFO: Run Behavior\CronRunBehavior [ RunTime:0.194295s ]
INFO: [ app_begin ] --END-- [ RunTime:0.196089s ]
INFO: [ view_parse ] --START--
INFO: [ template_filter ] --START--
INFO: Run Behavior\ContentReplaceBehavior [ RunTime:0.000076s ]
INFO: [ template_filter ] --END-- [ RunTime:0.000215s ]
INFO: Run Behavior\ParseTemplateBehavior [ RunTime:0.114285s ]
INFO: [ view_parse ] --END-- [ RunTime:0.114444s ]
INFO: [ view_filter ] --START--
INFO: Run Behavior\WriteHtmlCacheBehavior [ RunTime:0.001213s ]
INFO: [ view_filter ] --END-- [ RunTime:0.001346s ]
INFO: [ app_end ] --START--
INFO: Run Behavior\ShowPageTraceBehavior [ RunTime:0.012086s ]
INFO: [ app_end ] --END-- [ RunTime:0.012221s ]

[ 2018-11-01T15:06:48+08:00 ] 127.0.0.1 /index.php/home/wechat/user_data
ERR: Cron:cron Runat 2018-11-01 15:06:48 Use 0.539922 s

[ 2018-11-01T15:06:49+08:00 ] 127.0.0.1 /index.php/home/wechat/user_data
INFO: [ app_init ] --START--
INFO: Run Behavior\BuildLiteBehavior [ RunTime:0.000035s ]
INFO: [ app_init ] --END-- [ RunTime:0.001137s ]
INFO: [ app_begin ] --START--
INFO: Run Behavior\ReadHtmlCacheBehavior [ RunTime:0.002265s ]
SQL: SHOW COLUMNS FROM `red_indent` [ RunTime:0.2734s ]
SQL: SELECT * FROM `red_indent` WHERE `status` = 2  [ RunTime:0.0012s ]
INFO: Run Behavior\CronRunBehavior [ RunTime:0.566122s ]
INFO: [ app_begin ] --END-- [ RunTime:0.568745s ]
INFO: [ view_parse ] --START--
INFO: [ template_filter ] --START--
INFO: Run Behavior\ContentReplaceBehavior [ RunTime:0.000169s ]
INFO: [ template_filter ] --END-- [ RunTime:0.000332s ]
INFO: Run Behavior\ParseTemplateBehavior [ RunTime:0.497115s ]
INFO: [ view_parse ] --END-- [ RunTime:0.497271s ]
INFO: [ view_filter ] --START--
INFO: Run Behavior\WriteHtmlCacheBehavior [ RunTime:0.005790s ]
INFO: [ view_filter ] --END-- [ RunTime:0.005926s ]
INFO: [ app_end ] --START--
INFO: Run Behavior\ShowPageTraceBehavior [ RunTime:0.002164s ]
INFO: [ app_end ] --END-- [ RunTime:0.002316s ]

[ 2018-11-01T15:07:04+08:00 ] 127.0.0.1 /index.php/home/wechat/user_data
ERR: Cron:cron Runat 2018-11-01 15:07:04 Use 0.729841 s

[ 2018-11-01T15:07:04+08:00 ] 127.0.0.1 /index.php/home/wechat/user_data
INFO: [ app_init ] --START--
INFO: Run Behavior\BuildLiteBehavior [ RunTime:0.000032s ]
INFO: [ app_init ] --END-- [ RunTime:0.000915s ]
INFO: [ app_begin ] --START--
INFO: Run Behavior\ReadHtmlCacheBehavior [ RunTime:0.001222s ]
SQL: SHOW COLUMNS FROM `red_indent` [ RunTime:0.3451s ]
SQL: SELECT * FROM `red_indent` WHERE `status` = 2  [ RunTime:0.0246s ]
INFO: Run Behavior\CronRunBehavior [ RunTime:0.752954s ]
INFO: [ app_begin ] --END-- [ RunTime:0.754438s ]
INFO: [ view_parse ] --START--
INFO: [ template_filter ] --START--
INFO: Run Behavior\ContentReplaceBehavior [ RunTime:0.000075s ]
INFO: [ template_filter ] --END-- [ RunTime:0.000213s ]
INFO: Run Behavior\ParseTemplateBehavior [ RunTime:0.376804s ]
INFO: [ view_parse ] --END-- [ RunTime:0.376956s ]
INFO: [ view_filter ] --START--
INFO: Run Behavior\WriteHtmlCacheBehavior [ RunTime:0.002698s ]
INFO: [ view_filter ] --END-- [ RunTime:0.002836s ]
INFO: [ app_end ] --START--
INFO: Run Behavior\ShowPageTraceBehavior [ RunTime:0.001311s ]
INFO: [ app_end ] --END-- [ RunTime:0.001457s ]

[ 2018-11-01T15:38:12+08:00 ] 127.0.0.1 /index.php/home/wechat/user_data
ERR: Cron:cron Runat 2018-11-01 15:38:12 Use 0.551716 s

[ 2018-11-01T15:38:14+08:00 ] 127.0.0.1 /index.php/home/wechat/user_data
INFO: [ app_init ] --START--
INFO: Run Behavior\BuildLiteBehavior [ RunTime:0.000033s ]
INFO: [ app_init ] --END-- [ RunTime:0.016930s ]
INFO: [ app_begin ] --START--
INFO: Run Behavior\ReadHtmlCacheBehavior [ RunTime:0.001850s ]
SQL: SHOW COLUMNS FROM `red_indent` [ RunTime:0.1821s ]
SQL: SELECT * FROM `red_indent` WHERE `status` = 2  [ RunTime:0.0400s ]
INFO: Run Behavior\CronRunBehavior [ RunTime:0.768439s ]
INFO: [ app_begin ] --END-- [ RunTime:0.770547s ]
SQL: SHOW COLUMNS FROM `red_activity_input` [ RunTime:0.0888s ]
SQL: SELECT * FROM `red_activity_input`  [ RunTime:0.0080s ]
INFO: [ view_parse ] --START--
INFO: [ template_filter ] --START--
INFO: Run Behavior\ContentReplaceBehavior [ RunTime:0.000078s ]
INFO: [ template_filter ] --END-- [ RunTime:0.000219s ]
INFO: Run Behavior\ParseTemplateBehavior [ RunTime:0.419892s ]
INFO: [ view_parse ] --END-- [ RunTime:0.420048s ]
INFO: [ view_filter ] --START--
INFO: Run Behavior\WriteHtmlCacheBehavior [ RunTime:0.038702s ]
INFO: [ view_filter ] --END-- [ RunTime:0.038837s ]
INFO: [ app_end ] --START--
INFO: Run Behavior\ShowPageTraceBehavior [ RunTime:0.031667s ]
INFO: [ app_end ] --END-- [ RunTime:0.033779s ]

[ 2018-11-01T15:38:57+08:00 ] 127.0.0.1 /index.php/home/wechat/user_data
ERR: Cron:cron Runat 2018-11-01 15:38:57 Use 0.201978 s

[ 2018-11-01T15:38:57+08:00 ] 127.0.0.1 /index.php/home/wechat/user_data
INFO: [ app_init ] --START--
INFO: Run Behavior\BuildLiteBehavior [ RunTime:0.000038s ]
INFO: [ app_init ] --END-- [ RunTime:0.001301s ]
INFO: [ app_begin ] --START--
INFO: Run Behavior\ReadHtmlCacheBehavior [ RunTime:0.001309s ]
SQL: SHOW COLUMNS FROM `red_indent` [ RunTime:0.1110s ]
SQL: SELECT * FROM `red_indent` WHERE `status` = 2  [ RunTime:0.0007s ]
INFO: Run Behavior\CronRunBehavior [ RunTime:0.232046s ]
INFO: [ app_begin ] --END-- [ RunTime:0.233612s ]
SQL: SHOW COLUMNS FROM `red_activity_input` [ RunTime:0.1275s ]
SQL: SELECT * FROM `red_activity_input` WHERE `activity_id` <> 0  [ RunTime:0.0004s ]
INFO: [ view_parse ] --START--
INFO: [ template_filter ] --START--
INFO: Run Behavior\ContentReplaceBehavior [ RunTime:0.000076s ]
INFO: [ template_filter ] --END-- [ RunTime:0.000207s ]
INFO: Run Behavior\ParseTemplateBehavior [ RunTime:0.132400s ]
INFO: [ view_parse ] --END-- [ RunTime:0.132555s ]
INFO: [ view_filter ] --START--
INFO: Run Behavior\WriteHtmlCacheBehavior [ RunTime:0.019905s ]
INFO: [ view_filter ] --END-- [ RunTime:0.020040s ]
INFO: [ app_end ] --START--
INFO: Run Behavior\ShowPageTraceBehavior [ RunTime:0.003999s ]
INFO: [ app_end ] --END-- [ RunTime:0.004137s ]

[ 2018-11-01T15:39:44+08:00 ] 127.0.0.1 /index.php/home/wechat/user_data
ERR: Cron:cron Runat 2018-11-01 15:39:44 Use 0.190523 s

[ 2018-11-01T15:39:44+08:00 ] 127.0.0.1 /index.php/home/wechat/user_data
INFO: [ app_init ] --START--
INFO: Run Behavior\BuildLiteBehavior [ RunTime:0.000039s ]
INFO: [ app_init ] --END-- [ RunTime:0.003590s ]
INFO: [ app_begin ] --START--
INFO: Run Behavior\ReadHtmlCacheBehavior [ RunTime:0.001176s ]
SQL: SHOW COLUMNS FROM `red_indent` [ RunTime:0.0938s ]
SQL: SELECT * FROM `red_indent` WHERE `status` = 2  [ RunTime:0.0006s ]
INFO: Run Behavior\CronRunBehavior [ RunTime:0.217637s ]
INFO: [ app_begin ] --END-- [ RunTime:0.219067s ]
SQL: SHOW COLUMNS FROM `red_activity_input` [ RunTime:0.0384s ]
SQL: SELECT * FROM `red_activity_input` WHERE `activity_id` <> 0  [ RunTime:0.0003s ]
INFO: [ view_parse ] --START--
INFO: [ template_filter ] --START--
INFO: Run Behavior\ContentReplaceBehavior [ RunTime:0.000128s ]
INFO: [ template_filter ] --END-- [ RunTime:0.000279s ]
INFO: Run Behavior\ParseTemplateBehavior [ RunTime:0.088618s ]
INFO: [ view_parse ] --END-- [ RunTime:0.088875s ]
INFO: [ view_filter ] --START--
INFO: Run Behavior\WriteHtmlCacheBehavior [ RunTime:0.001196s ]
INFO: [ view_filter ] --END-- [ RunTime:0.001339s ]
INFO: [ app_end ] --START--
INFO: Run Behavior\ShowPageTraceBehavior [ RunTime:0.002055s ]
INFO: [ app_end ] --END-- [ RunTime:0.002277s ]

[ 2018-11-01T15:39:55+08:00 ] 127.0.0.1 /index.php/home/wechat/user_data
ERR: Cron:cron Runat 2018-11-01 15:39:55 Use 0.140663 s

[ 2018-11-01T15:39:56+08:00 ] 127.0.0.1 /index.php/home/wechat/user_data
INFO: [ app_init ] --START--
INFO: Run Behavior\BuildLiteBehavior [ RunTime:0.000033s ]
INFO: [ app_init ] --END-- [ RunTime:0.000896s ]
INFO: [ app_begin ] --START--
INFO: Run Behavior\ReadHtmlCacheBehavior [ RunTime:0.001179s ]
SQL: SHOW COLUMNS FROM `red_indent` [ RunTime:0.0825s ]
SQL: SELECT * FROM `red_indent` WHERE `status` = 2  [ RunTime:0.0006s ]
INFO: Run Behavior\CronRunBehavior [ RunTime:0.170253s ]
INFO: [ app_begin ] --END-- [ RunTime:0.171682s ]
SQL: SHOW COLUMNS FROM `red_activity_input` [ RunTime:0.0562s ]
SQL: SELECT * FROM `red_activity_input` WHERE `activity_id` <> 0  [ RunTime:0.0004s ]
INFO: [ view_parse ] --START--
INFO: [ template_filter ] --START--
INFO: Run Behavior\ContentReplaceBehavior [ RunTime:0.000263s ]
INFO: [ template_filter ] --END-- [ RunTime:0.000443s ]
INFO: Run Behavior\ParseTemplateBehavior [ RunTime:0.066985s ]
INFO: [ view_parse ] --END-- [ RunTime:0.067141s ]
INFO: [ view_filter ] --START--
INFO: Run Behavior\WriteHtmlCacheBehavior [ RunTime:0.002415s ]
INFO: [ view_filter ] --END-- [ RunTime:0.002552s ]
INFO: [ app_end ] --START--
INFO: Run Behavior\ShowPageTraceBehavior [ RunTime:0.001287s ]
INFO: [ app_end ] --END-- [ RunTime:0.001441s ]

[ 2018-11-01T15:40:39+08:00 ] 127.0.0.1 /index.php/home/wechat/user_data
ERR: Cron:cron Runat 2018-11-01 15:40:39 Use 0.202173 s

[ 2018-11-01T15:40:40+08:00 ] 127.0.0.1 /index.php/home/wechat/user_data
INFO: [ app_init ] --START--
INFO: Run Behavior\BuildLiteBehavior [ RunTime:0.000036s ]
INFO: [ app_init ] --END-- [ RunTime:0.001030s ]
INFO: [ app_begin ] --START--
INFO: Run Behavior\ReadHtmlCacheBehavior [ RunTime:0.002513s ]
SQL: SHOW COLUMNS FROM `red_indent` [ RunTime:0.1748s ]
SQL: SELECT * FROM `red_indent` WHERE `status` = 2  [ RunTime:0.0005s ]
INFO: Run Behavior\CronRunBehavior [ RunTime:0.234478s ]
INFO: [ app_begin ] --END-- [ RunTime:0.237248s ]
SQL: SHOW COLUMNS FROM `red_activity_input` [ RunTime:0.1337s ]
SQL: SELECT * FROM `red_activity_input` WHERE `activity_id` = 4  [ RunTime:0.0003s ]
INFO: [ view_parse ] --START--
INFO: [ template_filter ] --START--
INFO: Run Behavior\ContentReplaceBehavior [ RunTime:0.000076s ]
INFO: [ template_filter ] --END-- [ RunTime:0.000212s ]
INFO: Run Behavior\ParseTemplateBehavior [ RunTime:0.126707s ]
INFO: [ view_parse ] --END-- [ RunTime:0.126888s ]
INFO: [ view_filter ] --START--
INFO: Run Behavior\WriteHtmlCacheBehavior [ RunTime:0.002984s ]
INFO: [ view_filter ] --END-- [ RunTime:0.003122s ]
INFO: [ app_end ] --START--
INFO: Run Behavior\ShowPageTraceBehavior [ RunTime:0.001336s ]
INFO: [ app_end ] --END-- [ RunTime:0.001472s ]

[ 2018-11-01T15:41:39+08:00 ] 127.0.0.1 /index.php/home/wechat/user_data
ERR: Cron:cron Runat 2018-11-01 15:41:39 Use 0.154161 s

[ 2018-11-01T15:41:39+08:00 ] 127.0.0.1 /index.php/home/wechat/user_data
INFO: [ app_init ] --START--
INFO: Run Behavior\BuildLiteBehavior [ RunTime:0.000033s ]
INFO: [ app_init ] --END-- [ RunTime:0.000955s ]
INFO: [ app_begin ] --START--
INFO: Run Behavior\ReadHtmlCacheBehavior [ RunTime:0.001177s ]
SQL: SHOW COLUMNS FROM `red_indent` [ RunTime:0.0781s ]
SQL: SELECT * FROM `red_indent` WHERE `status` = 2  [ RunTime:0.0006s ]
INFO: Run Behavior\CronRunBehavior [ RunTime:0.194575s ]
INFO: [ app_begin ] --END-- [ RunTime:0.195997s ]
SQL: SHOW COLUMNS FROM `red_activity_input` [ RunTime:0.0441s ]
SQL: SELECT * FROM `red_activity_input` WHERE `activity_id` = 4  [ RunTime:0.0005s ]
INFO: [ view_parse ] --START--
INFO: [ template_filter ] --START--
INFO: Run Behavior\ContentReplaceBehavior [ RunTime:0.000077s ]
INFO: [ template_filter ] --END-- [ RunTime:0.000215s ]
INFO: Run Behavior\ParseTemplateBehavior [ RunTime:0.115694s ]
INFO: [ view_parse ] --END-- [ RunTime:0.115853s ]
INFO: [ view_filter ] --START--
INFO: Run Behavior\WriteHtmlCacheBehavior [ RunTime:0.001146s ]
INFO: [ view_filter ] --END-- [ RunTime:0.001278s ]
INFO: [ app_end ] --START--
INFO: Run Behavior\ShowPageTraceBehavior [ RunTime:0.001390s ]
INFO: [ app_end ] --END-- [ RunTime:0.001570s ]

[ 2018-11-01T15:57:41+08:00 ] 127.0.0.1 /index.php/home/wechat/user_data
ERR: Cron:cron Runat 2018-11-01 15:57:41 Use 0.382177 s

[ 2018-11-01T15:57:41+08:00 ] 127.0.0.1 /index.php/home/wechat/user_data
INFO: [ app_init ] --START--
INFO: Run Behavior\BuildLiteBehavior [ RunTime:0.000035s ]
INFO: [ app_init ] --END-- [ RunTime:0.001247s ]
INFO: [ app_begin ] --START--
INFO: Run Behavior\ReadHtmlCacheBehavior [ RunTime:0.001641s ]
SQL: SHOW COLUMNS FROM `red_indent` [ RunTime:0.1577s ]
SQL: SELECT * FROM `red_indent` WHERE `status` = 2  [ RunTime:0.0012s ]
INFO: Run Behavior\CronRunBehavior [ RunTime:0.460956s ]
INFO: [ app_begin ] --END-- [ RunTime:0.462942s ]
SQL: SHOW COLUMNS FROM `red_activity_input` [ RunTime:0.1161s ]
SQL: SELECT * FROM `red_activity_input` WHERE `activity_id` = 4  [ RunTime:0.0005s ]
INFO: [ view_parse ] --START--
INFO: [ template_filter ] --START--
INFO: Run Behavior\ContentReplaceBehavior [ RunTime:0.000085s ]
INFO: [ template_filter ] --END-- [ RunTime:0.000235s ]
INFO: Run Behavior\ParseTemplateBehavior [ RunTime:0.638202s ]
INFO: [ view_parse ] --END-- [ RunTime:0.638361s ]
INFO: [ view_filter ] --START--
INFO: Run Behavior\WriteHtmlCacheBehavior [ RunTime:0.011265s ]
INFO: [ view_filter ] --END-- [ RunTime:0.011405s ]
INFO: [ app_end ] --START--
INFO: Run Behavior\ShowPageTraceBehavior [ RunTime:0.008306s ]
INFO: [ app_end ] --END-- [ RunTime:0.008465s ]

[ 2018-11-01T15:58:09+08:00 ] 127.0.0.1 /index.php/home/wechat/user_data
ERR: Cron:cron Runat 2018-11-01 15:58:09 Use 0.174599 s

[ 2018-11-01T15:58:09+08:00 ] 127.0.0.1 /index.php/home/wechat/user_data
INFO: [ app_init ] --START--
INFO: Run Behavior\BuildLiteBehavior [ RunTime:0.000034s ]
INFO: [ app_init ] --END-- [ RunTime:0.001690s ]
INFO: [ app_begin ] --START--
INFO: Run Behavior\ReadHtmlCacheBehavior [ RunTime:0.003020s ]
SQL: SHOW COLUMNS FROM `red_indent` [ RunTime:0.0897s ]
SQL: SELECT * FROM `red_indent` WHERE `status` = 2  [ RunTime:0.0005s ]
INFO: Run Behavior\CronRunBehavior [ RunTime:0.208075s ]
INFO: [ app_begin ] --END-- [ RunTime:0.211354s ]
SQL: SHOW COLUMNS FROM `red_activity_input` [ RunTime:0.0521s ]
SQL: SELECT * FROM `red_activity_input` WHERE `activity_id` = 4  [ RunTime:0.0004s ]
INFO: [ view_parse ] --START--
INFO: [ template_filter ] --START--
INFO: Run Behavior\ContentReplaceBehavior [ RunTime:0.000089s ]
INFO: [ template_filter ] --END-- [ RunTime:0.000243s ]
INFO: Run Behavior\ParseTemplateBehavior [ RunTime:0.112014s ]
INFO: [ view_parse ] --END-- [ RunTime:0.112170s ]
INFO: [ view_filter ] --START--
INFO: Run Behavior\WriteHtmlCacheBehavior [ RunTime:0.004778s ]
INFO: [ view_filter ] --END-- [ RunTime:0.004912s ]
INFO: [ app_end ] --START--
INFO: Run Behavior\ShowPageTraceBehavior [ RunTime:0.001264s ]
INFO: [ app_end ] --END-- [ RunTime:0.001418s ]

[ 2018-11-01T15:58:20+08:00 ] 127.0.0.1 /index.php/Home/Wechat/add_userdata
ERR: Cron:cron Runat 2018-11-01 15:58:20 Use 0.134859 s

[ 2018-11-01T15:58:20+08:00 ] 127.0.0.1 /index.php/Home/Wechat/add_userdata
INFO: [ app_init ] --START--
INFO: Run Behavior\BuildLiteBehavior [ RunTime:0.000033s ]
INFO: [ app_init ] --END-- [ RunTime:0.001193s ]
INFO: [ app_begin ] --START--
INFO: Run Behavior\ReadHtmlCacheBehavior [ RunTime:0.002057s ]
SQL: SHOW COLUMNS FROM `red_indent` [ RunTime:0.0906s ]
SQL: SELECT * FROM `red_indent` WHERE `status` = 2  [ RunTime:0.0004s ]
INFO: Run Behavior\CronRunBehavior [ RunTime:0.174385s ]
INFO: [ app_begin ] --END-- [ RunTime:0.176670s ]

[ 2018-11-01T16:22:09+08:00 ] 127.0.0.1 /index.php/home/wechat/user_data
ERR: Cron:cron Runat 2018-11-01 16:22:09 Use 2.343315 s

[ 2018-11-01T16:22:13+08:00 ] 127.0.0.1 /index.php/home/wechat/user_data
INFO: [ app_init ] --START--
INFO: Run Behavior\BuildLiteBehavior [ RunTime:0.000033s ]
INFO: [ app_init ] --END-- [ RunTime:0.027188s ]
INFO: [ app_begin ] --START--
INFO: Run Behavior\ReadHtmlCacheBehavior [ RunTime:0.002139s ]
SQL: SHOW COLUMNS FROM `red_indent` [ RunTime:0.8487s ]
SQL: SELECT * FROM `red_indent` WHERE `status` = 2  [ RunTime:0.3619s ]
INFO: Run Behavior\CronRunBehavior [ RunTime:3.043121s ]
INFO: [ app_begin ] --END-- [ RunTime:3.045668s ]
SQL: SHOW COLUMNS FROM `red_activity_input` [ RunTime:0.1352s ]
SQL: SELECT * FROM `red_activity_input` WHERE `activity_id` = 4  [ RunTime:0.0468s ]
INFO: [ view_parse ] --START--
INFO: [ template_filter ] --START--
INFO: Run Behavior\ContentReplaceBehavior [ RunTime:0.000103s ]
INFO: [ template_filter ] --END-- [ RunTime:0.000348s ]
INFO: Run Behavior\ParseTemplateBehavior [ RunTime:1.608571s ]
INFO: [ view_parse ] --END-- [ RunTime:1.608726s ]
INFO: [ view_filter ] --START--
INFO: Run Behavior\WriteHtmlCacheBehavior [ RunTime:0.039809s ]
INFO: [ view_filter ] --END-- [ RunTime:0.039948s ]
INFO: [ app_end ] --START--
INFO: Run Behavior\ShowPageTraceBehavior [ RunTime:0.002994s ]
INFO: [ app_end ] --END-- [ RunTime:0.003128s ]

[ 2018-11-01T16:58:42+08:00 ] 127.0.0.1 /index.php/home/wechat/user_data
ERR: Cron:cron Runat 2018-11-01 16:58:42 Use 10.130383 s

[ 2018-11-01T16:58:46+08:00 ] 127.0.0.1 /index.php/home/wechat/user_data
INFO: [ app_init ] --START--
INFO: Run Behavior\BuildLiteBehavior [ RunTime:0.000042s ]
INFO: [ app_init ] --END-- [ RunTime:0.063359s ]
INFO: [ app_begin ] --START--
INFO: Run Behavior\ReadHtmlCacheBehavior [ RunTime:0.026350s ]
SQL: SHOW COLUMNS FROM `red_indent` [ RunTime:2.0214s ]
SQL: SELECT * FROM `red_indent` WHERE `status` = 2  [ RunTime:0.6418s ]
INFO: Run Behavior\CronRunBehavior [ RunTime:12.767191s ]
INFO: [ app_begin ] --END-- [ RunTime:12.800387s ]
SQL: SHOW COLUMNS FROM `red_activity_input` [ RunTime:0.3121s ]
SQL: SELECT * FROM `red_activity_input` WHERE `activity_id` = 4  [ RunTime:0.0361s ]

[ 2018-11-01T16:59:19+08:00 ] 127.0.0.1 /index.php/home/wechat/user_data
ERR: Cron:cron Runat 2018-11-01 16:59:19 Use 0.516493 s

[ 2018-11-01T16:59:19+08:00 ] 127.0.0.1 /index.php/home/wechat/user_data
INFO: [ app_init ] --START--
INFO: Run Behavior\BuildLiteBehavior [ RunTime:0.000034s ]
INFO: [ app_init ] --END-- [ RunTime:0.000888s ]
INFO: [ app_begin ] --START--
INFO: Run Behavior\ReadHtmlCacheBehavior [ RunTime:0.001251s ]
SQL: SHOW COLUMNS FROM `red_indent` [ RunTime:0.3693s ]
SQL: SELECT * FROM `red_indent` WHERE `status` = 2  [ RunTime:0.0005s ]
INFO: Run Behavior\CronRunBehavior [ RunTime:0.539223s ]
INFO: [ app_begin ] --END-- [ RunTime:0.540729s ]
SQL: SHOW COLUMNS FROM `red_activity_input` [ RunTime:0.3393s ]
SQL: SELECT * FROM `red_activity_input` WHERE `activity_id` = 4  [ RunTime:0.0005s ]

[ 2018-11-01T16:59:50+08:00 ] 127.0.0.1 /index.php/home/wechat/user_data
ERR: Cron:cron Runat 2018-11-01 16:59:49 Use 0.490441 s

[ 2018-11-01T16:59:50+08:00 ] 127.0.0.1 /index.php/home/wechat/user_data
INFO: [ app_init ] --START--
INFO: Run Behavior\BuildLiteBehavior [ RunTime:0.000034s ]
INFO: [ app_init ] --END-- [ RunTime:0.001168s ]
INFO: [ app_begin ] --START--
INFO: Run Behavior\ReadHtmlCacheBehavior [ RunTime:0.001713s ]
SQL: SHOW COLUMNS FROM `red_indent` [ RunTime:0.1402s ]
SQL: SELECT * FROM `red_indent` WHERE `status` = 2  [ RunTime:0.0005s ]
INFO: Run Behavior\CronRunBehavior [ RunTime:1.180734s ]
INFO: [ app_begin ] --END-- [ RunTime:1.182717s ]
SQL: SHOW COLUMNS FROM `red_activity_input` [ RunTime:0.1475s ]
SQL: SELECT * FROM `red_activity_input` WHERE `activity_id` = 4  [ RunTime:0.0004s ]

[ 2018-11-01T17:51:21+08:00 ] 127.0.0.1 /index.php/home/wechat/user_data
ERR: Cron:cron Runat 2018-11-01 17:51:21 Use 0.719356 s

[ 2018-11-01T17:51:21+08:00 ] 127.0.0.1 /index.php/home/wechat/user_data
ERR: Cron:cron Runat 2018-11-01 17:51:21 Use 0.729124 s

[ 2018-11-01T17:51:22+08:00 ] 127.0.0.1 /index.php/home/wechat/user_data
INFO: [ app_init ] --START--
INFO: Run Behavior\BuildLiteBehavior [ RunTime:0.000048s ]
INFO: [ app_init ] --END-- [ RunTime:0.021273s ]
INFO: [ app_begin ] --START--
INFO: Run Behavior\ReadHtmlCacheBehavior [ RunTime:0.020880s ]
SQL: SHOW COLUMNS FROM `red_indent` [ RunTime:0.2274s ]
SQL: SELECT * FROM `red_indent` WHERE `status` = 2  [ RunTime:0.0007s ]
INFO: Run Behavior\CronRunBehavior [ RunTime:1.007261s ]
INFO: [ app_begin ] --END-- [ RunTime:1.028438s ]
SQL: SHOW COLUMNS FROM `red_activity_input` [ RunTime:0.0906s ]
SQL: SELECT * FROM `red_activity_input` WHERE `activity_id` = 4  [ RunTime:0.0004s ]
INFO: [ view_parse ] --START--
INFO: [ template_filter ] --START--
INFO: Run Behavior\ContentReplaceBehavior [ RunTime:0.000125s ]
INFO: [ template_filter ] --END-- [ RunTime:0.000325s ]
INFO: Run Behavior\ParseTemplateBehavior [ RunTime:0.285031s ]
INFO: [ view_parse ] --END-- [ RunTime:0.285226s ]
INFO: [ view_filter ] --START--
INFO: Run Behavior\WriteHtmlCacheBehavior [ RunTime:0.078418s ]
INFO: [ view_filter ] --END-- [ RunTime:0.078556s ]
INFO: [ app_end ] --START--
INFO: Run Behavior\ShowPageTraceBehavior [ RunTime:0.110180s ]
INFO: [ app_end ] --END-- [ RunTime:0.110323s ]

[ 2018-11-01T17:51:22+08:00 ] 127.0.0.1 /index.php/home/wechat/user_data
INFO: [ app_init ] --START--
INFO: Run Behavior\BuildLiteBehavior [ RunTime:0.000037s ]
INFO: [ app_init ] --END-- [ RunTime:0.021280s ]
INFO: [ app_begin ] --START--
INFO: Run Behavior\ReadHtmlCacheBehavior [ RunTime:0.020814s ]
SQL: SHOW COLUMNS FROM `red_indent` [ RunTime:0.2371s ]
SQL: SELECT * FROM `red_indent` WHERE `status` = 2  [ RunTime:0.0005s ]
NOTIC: [2] unlink(./Application/Runtime/cron.lock): No such file or directory E:\wamp\www\anti\ThinkPHP\Library\Behavior\CronRunBehavior.class.php 第 63 行.
INFO: Run Behavior\CronRunBehavior [ RunTime:1.008253s ]
INFO: [ app_begin ] --END-- [ RunTime:1.029331s ]
SQL: SHOW COLUMNS FROM `red_activity_input` [ RunTime:0.0818s ]
SQL: SELECT * FROM `red_activity_input` WHERE `activity_id` = 4  [ RunTime:0.0004s ]
INFO: [ view_parse ] --START--
INFO: [ template_filter ] --START--
INFO: Run Behavior\ContentReplaceBehavior [ RunTime:0.000108s ]
INFO: [ template_filter ] --END-- [ RunTime:0.000295s ]
INFO: Run Behavior\ParseTemplateBehavior [ RunTime:0.213620s ]
INFO: [ view_parse ] --END-- [ RunTime:0.213789s ]
INFO: [ view_filter ] --START--
INFO: Run Behavior\WriteHtmlCacheBehavior [ RunTime:0.027473s ]
INFO: [ view_filter ] --END-- [ RunTime:0.027620s ]
INFO: [ app_end ] --START--
INFO: Run Behavior\ShowPageTraceBehavior [ RunTime:0.022158s ]
INFO: [ app_end ] --END-- [ RunTime:0.022303s ]

[ 2018-11-01T17:52:24+08:00 ] 127.0.0.1 /index.php/home/wechat/get_now
ERR: Cron:cron Runat 2018-11-01 17:52:24 Use 0.069022 s

[ 2018-11-01T17:52:24+08:00 ] 127.0.0.1 /index.php/home/wechat/get_now
INFO: [ app_init ] --START--
INFO: Run Behavior\BuildLiteBehavior [ RunTime:0.000041s ]
INFO: [ app_init ] --END-- [ RunTime:0.000875s ]
INFO: [ app_begin ] --START--
INFO: Run Behavior\ReadHtmlCacheBehavior [ RunTime:0.001093s ]
SQL: SHOW COLUMNS FROM `red_indent` [ RunTime:0.0534s ]
SQL: SELECT * FROM `red_indent` WHERE `status` = 2  [ RunTime:0.0004s ]
INFO: Run Behavior\CronRunBehavior [ RunTime:0.088266s ]
INFO: [ app_begin ] --END-- [ RunTime:0.089604s ]
INFO: [ view_parse ] --START--
INFO: [ template_filter ] --START--
INFO: Run Behavior\ContentReplaceBehavior [ RunTime:0.000084s ]
INFO: [ template_filter ] --END-- [ RunTime:0.000221s ]
INFO: Run Behavior\ParseTemplateBehavior [ RunTime:0.094780s ]
INFO: [ view_parse ] --END-- [ RunTime:0.094953s ]
INFO: [ view_filter ] --START--
INFO: Run Behavior\WriteHtmlCacheBehavior [ RunTime:0.001590s ]
INFO: [ view_filter ] --END-- [ RunTime:0.001736s ]
INFO: [ app_end ] --START--
INFO: Run Behavior\ShowPageTraceBehavior [ RunTime:0.001724s ]
INFO: [ app_end ] --END-- [ RunTime:0.001892s ]

[ 2018-11-01T17:53:43+08:00 ] 127.0.0.1 /index.php/home/wechat/share
ERR: Cron:cron Runat 2018-11-01 17:53:43 Use 0.057951 s

[ 2018-11-01T17:53:43+08:00 ] 127.0.0.1 /index.php/home/wechat/share
INFO: [ app_init ] --START--
INFO: Run Behavior\BuildLiteBehavior [ RunTime:0.000032s ]
INFO: [ app_init ] --END-- [ RunTime:0.000892s ]
INFO: [ app_begin ] --START--
INFO: Run Behavior\ReadHtmlCacheBehavior [ RunTime:0.001190s ]
SQL: SHOW COLUMNS FROM `red_indent` [ RunTime:0.0415s ]
SQL: SELECT * FROM `red_indent` WHERE `status` = 2  [ RunTime:0.0004s ]
INFO: Run Behavior\CronRunBehavior [ RunTime:0.079121s ]
INFO: [ app_begin ] --END-- [ RunTime:0.080584s ]
INFO: [ view_parse ] --START--
INFO: [ template_filter ] --START--
INFO: Run Behavior\ContentReplaceBehavior [ RunTime:0.000077s ]
INFO: [ template_filter ] --END-- [ RunTime:0.000224s ]
INFO: Run Behavior\ParseTemplateBehavior [ RunTime:0.064849s ]
INFO: [ view_parse ] --END-- [ RunTime:0.065006s ]
INFO: [ view_filter ] --START--
INFO: Run Behavior\WriteHtmlCacheBehavior [ RunTime:0.001414s ]
INFO: [ view_filter ] --END-- [ RunTime:0.001562s ]
INFO: [ app_end ] --START--
INFO: Run Behavior\ShowPageTraceBehavior [ RunTime:0.001239s ]
INFO: [ app_end ] --END-- [ RunTime:0.001403s ]

[ 2018-11-01T17:54:59+08:00 ] 127.0.0.1 /index.php/home/wechat/jiugong
ERR: Cron:cron Runat 2018-11-01 17:54:59 Use 0.086761 s

[ 2018-11-01T17:54:59+08:00 ] 127.0.0.1 /index.php/home/wechat/jiugong
INFO: [ app_init ] --START--
INFO: Run Behavior\BuildLiteBehavior [ RunTime:0.000032s ]
INFO: [ app_init ] --END-- [ RunTime:0.000920s ]
INFO: [ app_begin ] --START--
INFO: Run Behavior\ReadHtmlCacheBehavior [ RunTime:0.001415s ]
SQL: SHOW COLUMNS FROM `red_indent` [ RunTime:0.0673s ]
SQL: SELECT * FROM `red_indent` WHERE `status` = 2  [ RunTime:0.0004s ]
INFO: Run Behavior\CronRunBehavior [ RunTime:0.116667s ]
INFO: [ app_begin ] --END-- [ RunTime:0.118339s ]
INFO: [ view_parse ] --START--
INFO: [ template_filter ] --START--
INFO: Run Behavior\ContentReplaceBehavior [ RunTime:0.000110s ]
INFO: [ template_filter ] --END-- [ RunTime:0.000270s ]
INFO: Run Behavior\ParseTemplateBehavior [ RunTime:0.024577s ]
INFO: [ view_parse ] --END-- [ RunTime:0.024732s ]
INFO: [ view_filter ] --START--
INFO: Run Behavior\WriteHtmlCacheBehavior [ RunTime:0.001154s ]
INFO: [ view_filter ] --END-- [ RunTime:0.001292s ]
INFO: [ app_end ] --START--
INFO: Run Behavior\ShowPageTraceBehavior [ RunTime:0.002022s ]
INFO: [ app_end ] --END-- [ RunTime:0.002180s ]

[ 2018-11-01T18:00:20+08:00 ] 127.0.0.1 /index.php/home/wechat/get_now
ERR: Cron:cron Runat 2018-11-01 18:00:20 Use 0.078057 s

[ 2018-11-01T18:00:21+08:00 ] 127.0.0.1 /index.php/home/wechat/get_now
INFO: [ app_init ] --START--
INFO: Run Behavior\BuildLiteBehavior [ RunTime:0.000034s ]
INFO: [ app_init ] --END-- [ RunTime:0.035141s ]
INFO: [ app_begin ] --START--
INFO: Run Behavior\ReadHtmlCacheBehavior [ RunTime:0.010138s ]
SQL: SHOW COLUMNS FROM `red_indent` [ RunTime:0.0436s ]
SQL: SELECT * FROM `red_indent` WHERE `status` = 2  [ RunTime:0.0013s ]
INFO: Run Behavior\CronRunBehavior [ RunTime:0.148895s ]
INFO: [ app_begin ] --END-- [ RunTime:0.159608s ]
INFO: [ view_parse ] --START--
INFO: [ template_filter ] --START--
INFO: Run Behavior\ContentReplaceBehavior [ RunTime:0.000082s ]
INFO: [ template_filter ] --END-- [ RunTime:0.000217s ]
INFO: Run Behavior\ParseTemplateBehavior [ RunTime:0.090703s ]
INFO: [ view_parse ] --END-- [ RunTime:0.090880s ]
INFO: [ view_filter ] --START--
INFO: Run Behavior\WriteHtmlCacheBehavior [ RunTime:0.001465s ]
INFO: [ view_filter ] --END-- [ RunTime:0.001598s ]
INFO: [ app_end ] --START--
INFO: Run Behavior\ShowPageTraceBehavior [ RunTime:0.001762s ]
INFO: [ app_end ] --END-- [ RunTime:0.001918s ]

[ 2018-11-01T18:00:34+08:00 ] 127.0.0.1 /index.php/home/wechat/get_now
ERR: Cron:cron Runat 2018-11-01 18:00:34 Use 0.066645 s

[ 2018-11-01T18:00:34+08:00 ] 127.0.0.1 /index.php/home/wechat/get_now
INFO: [ app_init ] --START--
INFO: Run Behavior\BuildLiteBehavior [ RunTime:0.000088s ]
INFO: [ app_init ] --END-- [ RunTime:0.001040s ]
INFO: [ app_begin ] --START--
INFO: Run Behavior\ReadHtmlCacheBehavior [ RunTime:0.001803s ]
SQL: SHOW COLUMNS FROM `red_indent` [ RunTime:0.0447s ]
SQL: SELECT * FROM `red_indent` WHERE `status` = 2  [ RunTime:0.0008s ]
INFO: Run Behavior\CronRunBehavior [ RunTime:0.108228s ]
INFO: [ app_begin ] --END-- [ RunTime:0.110441s ]
INFO: [ view_parse ] --START--
INFO: [ template_filter ] --START--
INFO: Run Behavior\ContentReplaceBehavior [ RunTime:0.000126s ]
INFO: [ template_filter ] --END-- [ RunTime:0.000414s ]
INFO: Run Behavior\ParseTemplateBehavior [ RunTime:0.075499s ]
INFO: [ view_parse ] --END-- [ RunTime:0.075653s ]
INFO: [ view_filter ] --START--
INFO: Run Behavior\WriteHtmlCacheBehavior [ RunTime:0.001737s ]
INFO: [ view_filter ] --END-- [ RunTime:0.001876s ]
INFO: [ app_end ] --START--
INFO: Run Behavior\ShowPageTraceBehavior [ RunTime:0.001344s ]
INFO: [ app_end ] --END-- [ RunTime:0.001496s ]

[ 2018-11-01T18:01:18+08:00 ] 127.0.0.1 /index.php/home/wechat/get_now
ERR: Cron:cron Runat 2018-11-01 18:01:18 Use 0.114612 s

[ 2018-11-01T18:01:18+08:00 ] 127.0.0.1 /index.php/home/wechat/get_now
INFO: [ app_init ] --START--
INFO: Run Behavior\BuildLiteBehavior [ RunTime:0.000033s ]
INFO: [ app_init ] --END-- [ RunTime:0.001146s ]
INFO: [ app_begin ] --START--
INFO: Run Behavior\ReadHtmlCacheBehavior [ RunTime:0.001318s ]
SQL: SHOW COLUMNS FROM `red_indent` [ RunTime:0.0835s ]
SQL: SELECT * FROM `red_indent` WHERE `status` = 2  [ RunTime:0.0004s ]
INFO: Run Behavior\CronRunBehavior [ RunTime:0.179434s ]
INFO: [ app_begin ] --END-- [ RunTime:0.181008s ]
INFO: [ view_parse ] --START--
INFO: [ template_filter ] --START--
INFO: Run Behavior\ContentReplaceBehavior [ RunTime:0.000088s ]
INFO: [ template_filter ] --END-- [ RunTime:0.000273s ]
INFO: Run Behavior\ParseTemplateBehavior [ RunTime:0.094640s ]
INFO: [ view_parse ] --END-- [ RunTime:0.094855s ]
INFO: [ view_filter ] --START--
INFO: Run Behavior\WriteHtmlCacheBehavior [ RunTime:0.037575s ]
INFO: [ view_filter ] --END-- [ RunTime:0.039967s ]
INFO: [ app_end ] --START--
INFO: Run Behavior\ShowPageTraceBehavior [ RunTime:0.008499s ]
INFO: [ app_end ] --END-- [ RunTime:0.008655s ]

[ 2018-11-01T18:02:20+08:00 ] 127.0.0.1 /index.php/home/wechat/get_now
ERR: Cron:cron Runat 2018-11-01 18:02:20 Use 0.074617 s

[ 2018-11-01T18:02:20+08:00 ] 127.0.0.1 /index.php/home/wechat/get_now
INFO: [ app_init ] --START--
INFO: Run Behavior\BuildLiteBehavior [ RunTime:0.000034s ]
INFO: [ app_init ] --END-- [ RunTime:0.001138s ]
INFO: [ app_begin ] --START--
INFO: Run Behavior\ReadHtmlCacheBehavior [ RunTime:0.001178s ]
SQL: SHOW COLUMNS FROM `red_indent` [ RunTime:0.0490s ]
SQL: SELECT * FROM `red_indent` WHERE `status` = 2  [ RunTime:0.0005s ]
INFO: Run Behavior\CronRunBehavior [ RunTime:0.101657s ]
INFO: [ app_begin ] --END-- [ RunTime:0.103096s ]
INFO: [ view_parse ] --START--
INFO: [ template_filter ] --START--
INFO: Run Behavior\ContentReplaceBehavior [ RunTime:0.000083s ]
INFO: [ template_filter ] --END-- [ RunTime:0.000219s ]
INFO: Run Behavior\ParseTemplateBehavior [ RunTime:0.072782s ]
INFO: [ view_parse ] --END-- [ RunTime:0.072940s ]
INFO: [ view_filter ] --START--
INFO: Run Behavior\WriteHtmlCacheBehavior [ RunTime:0.001222s ]
INFO: [ view_filter ] --END-- [ RunTime:0.001358s ]
INFO: [ app_end ] --START--
INFO: Run Behavior\ShowPageTraceBehavior [ RunTime:0.001470s ]
INFO: [ app_end ] --END-- [ RunTime:0.001612s ]

[ 2018-11-01T18:02:45+08:00 ] 127.0.0.1 /index.php/home/wechat/get_now
ERR: Cron:cron Runat 2018-11-01 18:02:45 Use 0.071650 s

[ 2018-11-01T18:02:45+08:00 ] 127.0.0.1 /index.php/home/wechat/get_now
INFO: [ app_init ] --START--
INFO: Run Behavior\BuildLiteBehavior [ RunTime:0.000053s ]
INFO: [ app_init ] --END-- [ RunTime:0.001890s ]
INFO: [ app_begin ] --START--
INFO: Run Behavior\ReadHtmlCacheBehavior [ RunTime:0.001566s ]
SQL: SHOW COLUMNS FROM `red_indent` [ RunTime:0.0507s ]
SQL: SELECT * FROM `red_indent` WHERE `status` = 2  [ RunTime:0.0005s ]
INFO: Run Behavior\CronRunBehavior [ RunTime:0.096633s ]
INFO: [ app_begin ] --END-- [ RunTime:0.098457s ]
INFO: [ view_parse ] --START--
INFO: [ template_filter ] --START--
INFO: Run Behavior\ContentReplaceBehavior [ RunTime:0.000097s ]
INFO: [ template_filter ] --END-- [ RunTime:0.000254s ]
INFO: Run Behavior\ParseTemplateBehavior [ RunTime:0.055851s ]
INFO: [ view_parse ] --END-- [ RunTime:0.056010s ]
INFO: [ view_filter ] --START--
INFO: Run Behavior\WriteHtmlCacheBehavior [ RunTime:0.001160s ]
INFO: [ view_filter ] --END-- [ RunTime:0.001299s ]
INFO: [ app_end ] --START--
INFO: Run Behavior\ShowPageTraceBehavior [ RunTime:0.001382s ]
INFO: [ app_end ] --END-- [ RunTime:0.001516s ]

[ 2018-11-01T18:02:53+08:00 ] 127.0.0.1 /index.php/home/wechat/get_now
INFO: [ app_init ] --START--
INFO: Run Behavior\BuildLiteBehavior [ RunTime:0.000067s ]
INFO: [ app_init ] --END-- [ RunTime:0.002171s ]
INFO: [ app_begin ] --START--
INFO: Run Behavior\ReadHtmlCacheBehavior [ RunTime:0.001482s ]
INFO: Run Behavior\CronRunBehavior [ RunTime:0.015683s ]
INFO: [ app_begin ] --END-- [ RunTime:0.017480s ]
INFO: [ view_parse ] --START--
INFO: [ template_filter ] --START--
INFO: Run Behavior\ContentReplaceBehavior [ RunTime:0.000091s ]
INFO: [ template_filter ] --END-- [ RunTime:0.000233s ]
INFO: Run Behavior\ParseTemplateBehavior [ RunTime:0.085857s ]
INFO: [ view_parse ] --END-- [ RunTime:0.086034s ]
INFO: [ view_filter ] --START--
INFO: Run Behavior\WriteHtmlCacheBehavior [ RunTime:0.001218s ]
INFO: [ view_filter ] --END-- [ RunTime:0.001364s ]
INFO: [ app_end ] --START--
INFO: Run Behavior\ShowPageTraceBehavior [ RunTime:0.007091s ]
INFO: [ app_end ] --END-- [ RunTime:0.007248s ]

[ 2018-11-01T18:03:08+08:00 ] 127.0.0.1 /index.php/home/wechat/get_now
ERR: Cron:cron Runat 2018-11-01 18:03:08 Use 0.081705 s

[ 2018-11-01T18:03:08+08:00 ] 127.0.0.1 /index.php/home/wechat/get_now
INFO: [ app_init ] --START--
INFO: Run Behavior\BuildLiteBehavior [ RunTime:0.000031s ]
INFO: [ app_init ] --END-- [ RunTime:0.000865s ]
INFO: [ app_begin ] --START--
INFO: Run Behavior\ReadHtmlCacheBehavior [ RunTime:0.001894s ]
SQL: SHOW COLUMNS FROM `red_indent` [ RunTime:0.0554s ]
SQL: SELECT * FROM `red_indent` WHERE `status` = 2  [ RunTime:0.0004s ]
INFO: Run Behavior\CronRunBehavior [ RunTime:0.097347s ]
INFO: [ app_begin ] --END-- [ RunTime:0.099508s ]
INFO: [ view_parse ] --START--
INFO: [ template_filter ] --START--
INFO: Run Behavior\ContentReplaceBehavior [ RunTime:0.000098s ]
INFO: [ template_filter ] --END-- [ RunTime:0.000254s ]
INFO: Run Behavior\ParseTemplateBehavior [ RunTime:0.069967s ]
INFO: [ view_parse ] --END-- [ RunTime:0.070120s ]
INFO: [ view_filter ] --START--
INFO: Run Behavior\WriteHtmlCacheBehavior [ RunTime:0.001417s ]
INFO: [ view_filter ] --END-- [ RunTime:0.001557s ]
INFO: [ app_end ] --START--
INFO: Run Behavior\ShowPageTraceBehavior [ RunTime:0.003897s ]
INFO: [ app_end ] --END-- [ RunTime:0.004033s ]

