[ 2018-10-09T14:55:51+08:00 ] 127.0.0.1 /
ERR: Cron:cron Runat 2018-10-09 14:55:51 Use 1.102440 s

[ 2018-10-09T14:55:53+08:00 ] 127.0.0.1 /
INFO: [ app_init ] --START--
INFO: Run Behavior\BuildLiteBehavior [ RunTime:0.000034s ]
INFO: [ app_init ] --END-- [ RunTime:0.013118s ]
INFO: [ app_begin ] --START--
INFO: Run Behavior\ReadHtmlCacheBehavior [ RunTime:0.002340s ]
SQL: SHOW COLUMNS FROM `fen_indent` [ RunTime:0.3493s ]
SQL: SELECT * FROM `fen_indent` WHERE `status` = 2  [ RunTime:0.0149s ]
INFO: Run Behavior\CronRunBehavior [ RunTime:1.270173s ]
INFO: [ app_begin ] --END-- [ RunTime:1.272763s ]
NOTIC: [8] Undefined index: ref_id E:\wamp\www\anti\Application\Home\Controller\IndexController.class.php 第 8 行.
NOTIC: [8] Undefined index: code E:\wamp\www\anti\Application\Home\Controller\IndexController.class.php 第 74 行.
SQL: SHOW COLUMNS FROM `fen_class` [ RunTime:0.1271s ]
SQL: SELECT * FROM `fen_class` WHERE `parentid` = 0  [ RunTime:0.1227s ]
SQL: SELECT * FROM `fen_class` WHERE `parentid` = 1  [ RunTime:0.0003s ]
SQL: SHOW COLUMNS FROM `fen_product` [ RunTime:0.1269s ]
SQL: SELECT `id`,`name`,`price`,`picture` FROM `fen_product` WHERE `class_id` IN ('6','7') AND `tuijian` = 1  [ RunTime:0.0425s ]
SQL: SELECT * FROM `fen_class` WHERE `parentid` = 2  [ RunTime:0.0003s ]
SQL: SELECT `id`,`name`,`price`,`picture` FROM `fen_product` WHERE `class_id` IN ('8') AND `tuijian` = 1  [ RunTime:0.0004s ]
SQL: SELECT * FROM `fen_class` WHERE `parentid` = 3  [ RunTime:0.0002s ]
SQL: SELECT `id`,`name`,`price`,`picture` FROM `fen_product` WHERE `class_id` IN ('9') AND `tuijian` = 1  [ RunTime:0.0004s ]
SQL: SELECT * FROM `fen_class` WHERE `parentid` = 4  [ RunTime:0.0003s ]
SQL: SELECT `id`,`name`,`price`,`picture` FROM `fen_product` WHERE `class_id` IN ('') AND `tuijian` = 1  [ RunTime:0.0004s ]
SQL: SELECT * FROM `fen_class` WHERE `parentid` = 5  [ RunTime:0.0003s ]
SQL: SELECT `id`,`name`,`price`,`picture` FROM `fen_product` WHERE `class_id` IN ('') AND `tuijian` = 1  [ RunTime:0.0003s ]
SQL: SELECT COUNT(*) AS tp_count FROM `fen_product` WHERE `status` = 0 LIMIT 1   [ RunTime:0.0601s ]
NOTIC: [8] Undefined index: p E:\wamp\www\anti\Application\Home\Controller\IndexController.class.php 第 192 行.
SQL: SELECT * FROM `fen_product` WHERE `status` = 0 LIMIT 0,10   [ RunTime:0.0007s ]
SQL: SHOW COLUMNS FROM `fen_guangbo` [ RunTime:0.0500s ]
SQL: SELECT * FROM `fen_guangbo`  [ RunTime:0.0004s ]
SQL: SHOW COLUMNS FROM `fen_banner` [ RunTime:0.1654s ]
SQL: SELECT * FROM `fen_banner` LIMIT 1   [ RunTime:0.0447s ]
INFO: [ view_parse ] --START--
INFO: [ template_filter ] --START--
INFO: Run Behavior\ContentReplaceBehavior [ RunTime:0.089003s ]
INFO: [ template_filter ] --END-- [ RunTime:0.089151s ]
NOTIC: [8] Undefined variable: put_r_id E:\wamp\www\anti\Application\Runtime\Cache\Home\2a94b8bda04ff446dcedd42276fc99ee.php 第 72 行.
SQL: SELECT `class_name` FROM `fen_class` WHERE `id` = 1 LIMIT 1   [ RunTime:0.0115s ]
SQL: SELECT `class_name` FROM `fen_class` WHERE `id` = 2 LIMIT 1   [ RunTime:0.0003s ]
SQL: SELECT `class_name` FROM `fen_class` WHERE `id` = 3 LIMIT 1   [ RunTime:0.0003s ]
SQL: SELECT `class_name` FROM `fen_class` WHERE `id` = 4 LIMIT 1   [ RunTime:0.0003s ]
SQL: SELECT `class_name` FROM `fen_class` WHERE `id` = 5 LIMIT 1   [ RunTime:0.0005s ]
INFO: Run Behavior\ParseTemplateBehavior [ RunTime:0.366411s ]
INFO: [ view_parse ] --END-- [ RunTime:0.366583s ]
INFO: [ view_filter ] --START--
INFO: Run Behavior\WriteHtmlCacheBehavior [ RunTime:0.022985s ]
INFO: [ view_filter ] --END-- [ RunTime:0.023168s ]
INFO: [ app_end ] --START--
INFO: Run Behavior\ShowPageTraceBehavior [ RunTime:0.003202s ]
INFO: [ app_end ] --END-- [ RunTime:0.003405s ]

