[ 2018-11-05T09:09:40+08:00 ] 127.0.0.1 /
INFO: [ app_init ] --START--
INFO: Run Behavior\BuildLiteBehavior [ RunTime:0.000033s ]
INFO: [ app_init ] --END-- [ RunTime:0.000944s ]
INFO: [ app_begin ] --START--
INFO: Run Behavior\ReadHtmlCacheBehavior [ RunTime:0.002239s ]
INFO: Run Behavior\CronRunBehavior [ RunTime:0.040735s ]
INFO: [ app_begin ] --END-- [ RunTime:0.043247s ]
INFO: [ view_parse ] --START--
INFO: [ template_filter ] --START--
INFO: Run Behavior\ContentReplaceBehavior [ RunTime:0.000082s ]
INFO: [ template_filter ] --END-- [ RunTime:0.000218s ]
INFO: Run Behavior\ParseTemplateBehavior [ RunTime:0.158685s ]
INFO: [ view_parse ] --END-- [ RunTime:0.158846s ]
INFO: [ view_filter ] --START--
INFO: Run Behavior\WriteHtmlCacheBehavior [ RunTime:0.001985s ]
INFO: [ view_filter ] --END-- [ RunTime:0.002122s ]
INFO: [ app_end ] --START--
INFO: Run Behavior\ShowPageTraceBehavior [ RunTime:0.001576s ]
INFO: [ app_end ] --END-- [ RunTime:0.001722s ]

[ 2018-11-05T18:11:15+08:00 ] 127.0.0.1 /index.php/home/wechat/tishi
ERR: Cron:cron Runat 2018-11-05 18:11:15 Use 0.183599 s

[ 2018-11-05T18:11:16+08:00 ] 127.0.0.1 /index.php/home/wechat/tishi
INFO: [ app_init ] --START--
INFO: Run Behavior\BuildLiteBehavior [ RunTime:0.000039s ]
INFO: [ app_init ] --END-- [ RunTime:0.001861s ]
INFO: [ app_begin ] --START--
INFO: Run Behavior\ReadHtmlCacheBehavior [ RunTime:0.003313s ]
SQL: SHOW COLUMNS FROM `red_indent` [ RunTime:0.0753s ]
SQL: SELECT * FROM `red_indent` WHERE `status` = 2  [ RunTime:0.0008s ]
INFO: Run Behavior\CronRunBehavior [ RunTime:0.243294s ]
INFO: [ app_begin ] --END-- [ RunTime:0.247287s ]
INFO: [ view_parse ] --START--
INFO: [ template_filter ] --START--
INFO: Run Behavior\ContentReplaceBehavior [ RunTime:0.000154s ]
INFO: [ template_filter ] --END-- [ RunTime:0.000288s ]
NOTIC: [8] Undefined variable: shop_name E:\wamp\www\anti\Application\Runtime\Cache\Home\c796606de644d28d3f6fd074971082ce.php 第 12 行.
INFO: Run Behavior\ParseTemplateBehavior [ RunTime:0.189648s ]
INFO: [ view_parse ] --END-- [ RunTime:0.189798s ]
INFO: [ view_filter ] --START--
INFO: Run Behavior\WriteHtmlCacheBehavior [ RunTime:0.001586s ]
INFO: [ view_filter ] --END-- [ RunTime:0.001758s ]
INFO: [ app_end ] --START--
INFO: Run Behavior\ShowPageTraceBehavior [ RunTime:0.001464s ]
INFO: [ app_end ] --END-- [ RunTime:0.001597s ]

[ 2018-11-05T18:19:51+08:00 ] 127.0.0.1 /index.php/home/wechat/tishi
ERR: Cron:cron Runat 2018-11-05 18:19:51 Use 0.302398 s

[ 2018-11-05T18:19:51+08:00 ] 127.0.0.1 /index.php/home/wechat/tishi
INFO: [ app_init ] --START--
INFO: Run Behavior\BuildLiteBehavior [ RunTime:0.000032s ]
INFO: [ app_init ] --END-- [ RunTime:0.000975s ]
INFO: [ app_begin ] --START--
INFO: Run Behavior\ReadHtmlCacheBehavior [ RunTime:0.001278s ]
SQL: SHOW COLUMNS FROM `red_indent` [ RunTime:0.2624s ]
SQL: SELECT * FROM `red_indent` WHERE `status` = 2  [ RunTime:0.0005s ]
INFO: Run Behavior\CronRunBehavior [ RunTime:0.346780s ]
INFO: [ app_begin ] --END-- [ RunTime:0.348475s ]
INFO: [ view_parse ] --START--
INFO: [ template_filter ] --START--
INFO: Run Behavior\ContentReplaceBehavior [ RunTime:0.000077s ]
INFO: [ template_filter ] --END-- [ RunTime:0.000212s ]
NOTIC: [8] Undefined variable: shop_name E:\wamp\www\anti\Application\Runtime\Cache\Home\c796606de644d28d3f6fd074971082ce.php 第 12 行.
INFO: Run Behavior\ParseTemplateBehavior [ RunTime:0.076592s ]
INFO: [ view_parse ] --END-- [ RunTime:0.076787s ]
INFO: [ view_filter ] --START--
INFO: Run Behavior\WriteHtmlCacheBehavior [ RunTime:0.001393s ]
INFO: [ view_filter ] --END-- [ RunTime:0.001546s ]
INFO: [ app_end ] --START--
INFO: Run Behavior\ShowPageTraceBehavior [ RunTime:0.002212s ]
INFO: [ app_end ] --END-- [ RunTime:0.002362s ]

