[ 2018-11-21T08:57:17+08:00 ] 127.0.0.1 /
INFO: [ app_init ] --START--
INFO: Run Behavior\BuildLiteBehavior [ RunTime:0.000032s ]
INFO: [ app_init ] --END-- [ RunTime:0.088108s ]
INFO: [ app_begin ] --START--
INFO: Run Behavior\ReadHtmlCacheBehavior [ RunTime:0.001302s ]
INFO: Run Behavior\CronRunBehavior [ RunTime:0.053725s ]
INFO: [ app_begin ] --END-- [ RunTime:0.055329s ]
SQL: SHOW COLUMNS FROM `red_member` [ RunTime:0.3472s ]
SQL: SELECT * FROM `red_member` WHERE `id` = null LIMIT 1   [ RunTime:0.0020s ]
INFO: [ view_parse ] --START--
INFO: [ template_filter ] --START--
INFO: Run Behavior\ContentReplaceBehavior [ RunTime:0.000090s ]
INFO: [ template_filter ] --END-- [ RunTime:0.000230s ]
INFO: Run Behavior\ParseTemplateBehavior [ RunTime:0.202826s ]
INFO: [ view_parse ] --END-- [ RunTime:0.202987s ]
INFO: [ view_filter ] --START--
INFO: Run Behavior\WriteHtmlCacheBehavior [ RunTime:0.001356s ]
INFO: [ view_filter ] --END-- [ RunTime:0.001491s ]
INFO: [ app_end ] --START--
INFO: Run Behavior\ShowPageTraceBehavior [ RunTime:0.015023s ]
INFO: [ app_end ] --END-- [ RunTime:0.015162s ]

[ 2018-11-21T09:04:42+08:00 ] 127.0.0.1 /index.php/home/wechat/get_now
ERR: Cron:cron Runat 2018-11-21 09:04:42 Use 0.140351 s

[ 2018-11-21T09:04:43+08:00 ] 127.0.0.1 /index.php/home/wechat/get_now
INFO: [ app_init ] --START--
INFO: Run Behavior\BuildLiteBehavior [ RunTime:0.000033s ]
INFO: [ app_init ] --END-- [ RunTime:0.001362s ]
INFO: [ app_begin ] --START--
INFO: Run Behavior\ReadHtmlCacheBehavior [ RunTime:0.002079s ]
SQL: SHOW COLUMNS FROM `red_indent` [ RunTime:0.0486s ]
SQL: SELECT * FROM `red_indent` WHERE `status` = 2  [ RunTime:0.0004s ]
INFO: Run Behavior\CronRunBehavior [ RunTime:0.179070s ]
INFO: [ app_begin ] --END-- [ RunTime:0.181415s ]
SQL: SHOW COLUMNS FROM `red_code` [ RunTime:0.0484s ]
SQL: SELECT * FROM `red_code` WHERE `code_sn` = '' LIMIT 1   [ RunTime:0.0174s ]
SQL: SHOW COLUMNS FROM `red_activity` [ RunTime:0.1418s ]
SQL: SELECT * FROM `red_activity` WHERE `id` = null LIMIT 1   [ RunTime:0.0004s ]
SQL: SHOW COLUMNS FROM `red_activity_prize` [ RunTime:0.1108s ]
SQL: SELECT * FROM `red_activity_prize` WHERE `id` = null LIMIT 1   [ RunTime:0.0243s ]
SQL: SHOW COLUMNS FROM `red_ticket` [ RunTime:0.1924s ]
SQL: SELECT * FROM `red_ticket` WHERE `id` = null LIMIT 1   [ RunTime:0.0004s ]
INFO: [ view_parse ] --START--
INFO: [ template_filter ] --START--
INFO: Run Behavior\ContentReplaceBehavior [ RunTime:0.000098s ]
INFO: [ template_filter ] --END-- [ RunTime:0.000232s ]
INFO: Run Behavior\ParseTemplateBehavior [ RunTime:0.075621s ]
INFO: [ view_parse ] --END-- [ RunTime:0.075773s ]
INFO: [ view_filter ] --START--
INFO: Run Behavior\WriteHtmlCacheBehavior [ RunTime:0.014186s ]
INFO: [ view_filter ] --END-- [ RunTime:0.014343s ]
INFO: [ app_end ] --START--
INFO: Run Behavior\ShowPageTraceBehavior [ RunTime:0.002541s ]
INFO: [ app_end ] --END-- [ RunTime:0.002684s ]

[ 2018-11-21T09:07:20+08:00 ] 127.0.0.1 /index.php/home/wechat/get_now
ERR: Cron:cron Runat 2018-11-21 09:07:20 Use 0.110791 s

[ 2018-11-21T09:07:20+08:00 ] 127.0.0.1 /index.php/home/wechat/get_now
INFO: [ app_init ] --START--
INFO: Run Behavior\BuildLiteBehavior [ RunTime:0.000035s ]
INFO: [ app_init ] --END-- [ RunTime:0.007578s ]
INFO: [ app_begin ] --START--
INFO: Run Behavior\ReadHtmlCacheBehavior [ RunTime:0.001878s ]
SQL: SHOW COLUMNS FROM `red_indent` [ RunTime:0.0511s ]
SQL: SELECT * FROM `red_indent` WHERE `status` = 2  [ RunTime:0.0004s ]
INFO: Run Behavior\CronRunBehavior [ RunTime:0.134483s ]
INFO: [ app_begin ] --END-- [ RunTime:0.136699s ]
SQL: SHOW COLUMNS FROM `red_code` [ RunTime:0.0315s ]
SQL: SELECT * FROM `red_code` WHERE `code_sn` = '' LIMIT 1   [ RunTime:0.0011s ]
SQL: SHOW COLUMNS FROM `red_activity` [ RunTime:0.0382s ]
SQL: SELECT * FROM `red_activity` WHERE `id` = null LIMIT 1   [ RunTime:0.0005s ]
SQL: SHOW COLUMNS FROM `red_activity_prize` [ RunTime:0.0372s ]
SQL: SELECT * FROM `red_activity_prize` WHERE `id` = null LIMIT 1   [ RunTime:0.0003s ]
SQL: SHOW COLUMNS FROM `red_ticket` [ RunTime:0.0425s ]
SQL: SELECT * FROM `red_ticket` WHERE `id` = null LIMIT 1   [ RunTime:0.0003s ]
INFO: [ view_parse ] --START--
INFO: [ template_filter ] --START--
INFO: Run Behavior\ContentReplaceBehavior [ RunTime:0.000097s ]
INFO: [ template_filter ] --END-- [ RunTime:0.000230s ]
INFO: Run Behavior\ParseTemplateBehavior [ RunTime:0.054862s ]
INFO: [ view_parse ] --END-- [ RunTime:0.055070s ]
INFO: [ view_filter ] --START--
INFO: Run Behavior\WriteHtmlCacheBehavior [ RunTime:0.001251s ]
INFO: [ view_filter ] --END-- [ RunTime:0.001397s ]
INFO: [ app_end ] --START--
INFO: Run Behavior\ShowPageTraceBehavior [ RunTime:0.001908s ]
INFO: [ app_end ] --END-- [ RunTime:0.002069s ]

[ 2018-11-21T09:07:40+08:00 ] 127.0.0.1 /index.php/home/wechat/get_now
ERR: Cron:cron Runat 2018-11-21 09:07:40 Use 0.133853 s

[ 2018-11-21T09:07:40+08:00 ] 127.0.0.1 /index.php/home/wechat/get_now
INFO: [ app_init ] --START--
INFO: Run Behavior\BuildLiteBehavior [ RunTime:0.000034s ]
INFO: [ app_init ] --END-- [ RunTime:0.000922s ]
INFO: [ app_begin ] --START--
INFO: Run Behavior\ReadHtmlCacheBehavior [ RunTime:0.002888s ]
SQL: SHOW COLUMNS FROM `red_indent` [ RunTime:0.0775s ]
SQL: SELECT * FROM `red_indent` WHERE `status` = 2  [ RunTime:0.0005s ]
INFO: Run Behavior\CronRunBehavior [ RunTime:0.167513s ]
INFO: [ app_begin ] --END-- [ RunTime:0.170798s ]
SQL: SHOW COLUMNS FROM `red_code` [ RunTime:0.0786s ]
SQL: SELECT * FROM `red_code` WHERE `code_sn` = '' LIMIT 1   [ RunTime:0.0013s ]
SQL: SHOW COLUMNS FROM `red_activity` [ RunTime:0.0435s ]
SQL: SELECT * FROM `red_activity` WHERE `id` = null LIMIT 1   [ RunTime:0.0004s ]
SQL: SHOW COLUMNS FROM `red_activity_prize` [ RunTime:0.0471s ]
SQL: SELECT * FROM `red_activity_prize` WHERE `id` = null LIMIT 1   [ RunTime:0.0005s ]
SQL: SHOW COLUMNS FROM `red_ticket` [ RunTime:0.0348s ]
SQL: SELECT * FROM `red_ticket` WHERE `id` = null LIMIT 1   [ RunTime:0.0005s ]
INFO: [ view_parse ] --START--
INFO: [ template_filter ] --START--
INFO: Run Behavior\ContentReplaceBehavior [ RunTime:0.000117s ]
INFO: [ template_filter ] --END-- [ RunTime:0.000281s ]
INFO: Run Behavior\ParseTemplateBehavior [ RunTime:0.030611s ]
INFO: [ view_parse ] --END-- [ RunTime:0.030878s ]
INFO: [ view_filter ] --START--
INFO: Run Behavior\WriteHtmlCacheBehavior [ RunTime:0.001155s ]
INFO: [ view_filter ] --END-- [ RunTime:0.001283s ]
INFO: [ app_end ] --START--
INFO: Run Behavior\ShowPageTraceBehavior [ RunTime:0.001498s ]
INFO: [ app_end ] --END-- [ RunTime:0.001645s ]

[ 2018-11-21T09:07:53+08:00 ] 127.0.0.1 /index.php/home/wechat/get_now
ERR: Cron:cron Runat 2018-11-21 09:07:53 Use 0.190070 s

[ 2018-11-21T09:07:53+08:00 ] 127.0.0.1 /index.php/home/wechat/get_now
INFO: [ app_init ] --START--
INFO: Run Behavior\BuildLiteBehavior [ RunTime:0.000038s ]
INFO: [ app_init ] --END-- [ RunTime:0.001860s ]
INFO: [ app_begin ] --START--
INFO: Run Behavior\ReadHtmlCacheBehavior [ RunTime:0.001523s ]
SQL: SHOW COLUMNS FROM `red_indent` [ RunTime:0.1696s ]
SQL: SELECT * FROM `red_indent` WHERE `status` = 2  [ RunTime:0.0004s ]
INFO: Run Behavior\CronRunBehavior [ RunTime:0.215738s ]
INFO: [ app_begin ] --END-- [ RunTime:0.217555s ]
SQL: SHOW COLUMNS FROM `red_code` [ RunTime:0.0257s ]
SQL: SELECT * FROM `red_code` WHERE `code_sn` = '' LIMIT 1   [ RunTime:0.0013s ]
SQL: SHOW COLUMNS FROM `red_activity` [ RunTime:0.0490s ]
SQL: SELECT * FROM `red_activity` WHERE `id` = null LIMIT 1   [ RunTime:0.0004s ]
SQL: SHOW COLUMNS FROM `red_activity_prize` [ RunTime:0.0694s ]
SQL: SELECT * FROM `red_activity_prize` WHERE `id` = null LIMIT 1   [ RunTime:0.0010s ]
SQL: SHOW COLUMNS FROM `red_ticket` [ RunTime:0.0443s ]
SQL: SELECT * FROM `red_ticket` WHERE `id` = null LIMIT 1   [ RunTime:0.0003s ]
INFO: [ view_parse ] --START--
INFO: [ template_filter ] --START--
INFO: Run Behavior\ContentReplaceBehavior [ RunTime:0.000106s ]
INFO: [ template_filter ] --END-- [ RunTime:0.000241s ]
INFO: Run Behavior\ParseTemplateBehavior [ RunTime:0.025486s ]
INFO: [ view_parse ] --END-- [ RunTime:0.025651s ]
INFO: [ view_filter ] --START--
INFO: Run Behavior\WriteHtmlCacheBehavior [ RunTime:0.001291s ]
INFO: [ view_filter ] --END-- [ RunTime:0.001435s ]
INFO: [ app_end ] --START--
INFO: Run Behavior\ShowPageTraceBehavior [ RunTime:0.002679s ]
INFO: [ app_end ] --END-- [ RunTime:0.003120s ]

[ 2018-11-21T09:15:43+08:00 ] 127.0.0.1 /index.php/home/wechat/get_now
ERR: Cron:cron Runat 2018-11-21 09:15:43 Use 0.119878 s

[ 2018-11-21T09:15:43+08:00 ] 127.0.0.1 /index.php/home/wechat/get_now
INFO: [ app_init ] --START--
INFO: Run Behavior\BuildLiteBehavior [ RunTime:0.000033s ]
INFO: [ app_init ] --END-- [ RunTime:0.000908s ]
INFO: [ app_begin ] --START--
INFO: Run Behavior\ReadHtmlCacheBehavior [ RunTime:0.001431s ]
SQL: SHOW COLUMNS FROM `red_indent` [ RunTime:0.0491s ]
SQL: SELECT * FROM `red_indent` WHERE `status` = 2  [ RunTime:0.0004s ]
INFO: Run Behavior\CronRunBehavior [ RunTime:0.145507s ]
INFO: [ app_begin ] --END-- [ RunTime:0.147205s ]
SQL: SHOW COLUMNS FROM `red_code` [ RunTime:0.0412s ]
SQL: SELECT * FROM `red_code` WHERE `code_sn` = '' LIMIT 1   [ RunTime:0.0011s ]
SQL: SHOW COLUMNS FROM `red_activity` [ RunTime:0.0365s ]
SQL: SELECT * FROM `red_activity` WHERE `id` = null LIMIT 1   [ RunTime:0.0006s ]
SQL: SHOW COLUMNS FROM `red_activity_prize` [ RunTime:0.0311s ]
SQL: SELECT * FROM `red_activity_prize` WHERE `id` = null LIMIT 1   [ RunTime:0.0003s ]
SQL: SHOW COLUMNS FROM `red_ticket` [ RunTime:0.0361s ]
SQL: SELECT * FROM `red_ticket` WHERE `id` = null LIMIT 1   [ RunTime:0.0003s ]
INFO: [ view_parse ] --START--
INFO: [ template_filter ] --START--
INFO: Run Behavior\ContentReplaceBehavior [ RunTime:0.000098s ]
INFO: [ template_filter ] --END-- [ RunTime:0.000229s ]
INFO: Run Behavior\ParseTemplateBehavior [ RunTime:0.022240s ]
INFO: [ view_parse ] --END-- [ RunTime:0.022397s ]
INFO: [ view_filter ] --START--
INFO: Run Behavior\WriteHtmlCacheBehavior [ RunTime:0.001147s ]
INFO: [ view_filter ] --END-- [ RunTime:0.001276s ]
INFO: [ app_end ] --START--
INFO: Run Behavior\ShowPageTraceBehavior [ RunTime:0.001196s ]
INFO: [ app_end ] --END-- [ RunTime:0.001340s ]

[ 2018-11-21T09:15:51+08:00 ] 127.0.0.1 /index.php/home/wechat/get_now
INFO: [ app_init ] --START--
INFO: Run Behavior\BuildLiteBehavior [ RunTime:0.000034s ]
INFO: [ app_init ] --END-- [ RunTime:0.011234s ]
INFO: [ app_begin ] --START--
INFO: Run Behavior\ReadHtmlCacheBehavior [ RunTime:0.001479s ]
INFO: Run Behavior\CronRunBehavior [ RunTime:0.024579s ]
INFO: [ app_begin ] --END-- [ RunTime:0.026703s ]
SQL: SHOW COLUMNS FROM `red_code` [ RunTime:0.1684s ]
SQL: SELECT * FROM `red_code` WHERE `code_sn` = '' LIMIT 1   [ RunTime:0.0015s ]
SQL: SHOW COLUMNS FROM `red_activity` [ RunTime:0.1564s ]
SQL: SELECT * FROM `red_activity` WHERE `id` = null LIMIT 1   [ RunTime:0.0009s ]
SQL: SHOW COLUMNS FROM `red_activity_prize` [ RunTime:0.0842s ]
SQL: SELECT * FROM `red_activity_prize` WHERE `id` = null LIMIT 1   [ RunTime:0.0003s ]
SQL: SHOW COLUMNS FROM `red_ticket` [ RunTime:0.0806s ]
SQL: SELECT * FROM `red_ticket` WHERE `id` = null LIMIT 1   [ RunTime:0.0004s ]
INFO: [ view_parse ] --START--
INFO: [ template_filter ] --START--
INFO: Run Behavior\ContentReplaceBehavior [ RunTime:0.000128s ]
INFO: [ template_filter ] --END-- [ RunTime:0.000309s ]
INFO: Run Behavior\ParseTemplateBehavior [ RunTime:0.025842s ]
INFO: [ view_parse ] --END-- [ RunTime:0.025994s ]
INFO: [ view_filter ] --START--
INFO: Run Behavior\WriteHtmlCacheBehavior [ RunTime:0.001305s ]
INFO: [ view_filter ] --END-- [ RunTime:0.001447s ]
INFO: [ app_end ] --START--
INFO: Run Behavior\ShowPageTraceBehavior [ RunTime:0.001275s ]
INFO: [ app_end ] --END-- [ RunTime:0.001419s ]

[ 2018-11-21T10:26:09+08:00 ] 127.0.0.1 /index.php/home/wechat/location
ERR: Cron:cron Runat 2018-11-21 10:26:09 Use 0.414432 s

[ 2018-11-21T10:26:11+08:00 ] 127.0.0.1 /index.php/home/wechat/location
INFO: [ app_init ] --START--
INFO: Run Behavior\BuildLiteBehavior [ RunTime:0.000036s ]
INFO: [ app_init ] --END-- [ RunTime:0.015737s ]
INFO: [ app_begin ] --START--
INFO: Run Behavior\ReadHtmlCacheBehavior [ RunTime:0.001653s ]
SQL: SHOW COLUMNS FROM `red_indent` [ RunTime:0.0999s ]
SQL: SELECT * FROM `red_indent` WHERE `status` = 2  [ RunTime:0.0006s ]
INFO: Run Behavior\CronRunBehavior [ RunTime:0.564949s ]
INFO: [ app_begin ] --END-- [ RunTime:0.566860s ]
NOTIC: [8] Use of undefined constant APPID - assumed 'APPID' E:\wamp\www\anti\ThinkPHP\Library\Vendor\Wx_share\jssdk.php 第 113 行.
NOTIC: [8] Use of undefined constant APPSECRET - assumed 'APPSECRET' E:\wamp\www\anti\ThinkPHP\Library\Vendor\Wx_share\jssdk.php 第 113 行.
NOTIC: [8] Undefined index: access_token E:\wamp\www\anti\ThinkPHP\Library\Vendor\Wx_share\jssdk.php 第 116 行.
NOTIC: [8] Undefined property: stdClass::$ticket E:\wamp\www\anti\ThinkPHP\Library\Vendor\Wx_share\jssdk.php 第 65 行.
SQL: SHOW COLUMNS FROM `red_code` [ RunTime:0.0457s ]
SQL: SELECT `activity_id` FROM `red_code` WHERE `code_sn` = '' LIMIT 1   [ RunTime:0.0398s ]
SQL: SHOW COLUMNS FROM `red_activity` [ RunTime:0.0378s ]
SQL: SELECT `shop_id` FROM `red_activity` WHERE `id` = null LIMIT 1   [ RunTime:0.0009s ]
SQL: SHOW COLUMNS FROM `red_shop` [ RunTime:0.0486s ]
SQL: SELECT `name` FROM `red_shop` WHERE `id` = null LIMIT 1   [ RunTime:0.0003s ]
ERR: Think\Controller:disolay方法不存在！

[ 2018-11-21T10:26:30+08:00 ] 127.0.0.1 /index.php/home/wechat/location
ERR: Cron:cron Runat 2018-11-21 10:26:30 Use 0.091269 s

[ 2018-11-21T10:26:31+08:00 ] 127.0.0.1 /index.php/home/wechat/location
INFO: [ app_init ] --START--
INFO: Run Behavior\BuildLiteBehavior [ RunTime:0.000033s ]
INFO: [ app_init ] --END-- [ RunTime:0.000997s ]
INFO: [ app_begin ] --START--
INFO: Run Behavior\ReadHtmlCacheBehavior [ RunTime:0.001547s ]
SQL: SHOW COLUMNS FROM `red_indent` [ RunTime:0.0518s ]
SQL: SELECT * FROM `red_indent` WHERE `status` = 2  [ RunTime:0.0005s ]
INFO: Run Behavior\CronRunBehavior [ RunTime:0.110461s ]
INFO: [ app_begin ] --END-- [ RunTime:0.112337s ]
NOTIC: [8] Use of undefined constant APPID - assumed 'APPID' E:\wamp\www\anti\ThinkPHP\Library\Vendor\Wx_share\jssdk.php 第 113 行.
NOTIC: [8] Use of undefined constant APPSECRET - assumed 'APPSECRET' E:\wamp\www\anti\ThinkPHP\Library\Vendor\Wx_share\jssdk.php 第 113 行.
NOTIC: [8] Undefined index: access_token E:\wamp\www\anti\ThinkPHP\Library\Vendor\Wx_share\jssdk.php 第 116 行.
NOTIC: [8] Undefined property: stdClass::$ticket E:\wamp\www\anti\ThinkPHP\Library\Vendor\Wx_share\jssdk.php 第 65 行.
SQL: SHOW COLUMNS FROM `red_code` [ RunTime:0.0574s ]
SQL: SELECT `activity_id` FROM `red_code` WHERE `code_sn` = '' LIMIT 1   [ RunTime:0.0009s ]
SQL: SHOW COLUMNS FROM `red_activity` [ RunTime:0.0352s ]
SQL: SELECT `shop_id` FROM `red_activity` WHERE `id` = null LIMIT 1   [ RunTime:0.0002s ]
SQL: SHOW COLUMNS FROM `red_shop` [ RunTime:0.0439s ]
SQL: SELECT `name` FROM `red_shop` WHERE `id` = null LIMIT 1   [ RunTime:0.0005s ]
INFO: [ view_parse ] --START--
INFO: [ template_filter ] --START--
INFO: Run Behavior\ContentReplaceBehavior [ RunTime:0.000098s ]
INFO: [ template_filter ] --END-- [ RunTime:0.000231s ]
NOTIC: [8] Undefined variable: put_r_id E:\wamp\www\anti\Application\Runtime\Cache\Home\5782713008a4d972a35f8fd1effcb30a.php 第 19 行.
INFO: Run Behavior\ParseTemplateBehavior [ RunTime:0.061117s ]
INFO: [ view_parse ] --END-- [ RunTime:0.061259s ]
INFO: [ view_filter ] --START--
INFO: Run Behavior\WriteHtmlCacheBehavior [ RunTime:0.007598s ]
INFO: [ view_filter ] --END-- [ RunTime:0.007728s ]
INFO: [ app_end ] --START--
INFO: Run Behavior\ShowPageTraceBehavior [ RunTime:0.008366s ]
INFO: [ app_end ] --END-- [ RunTime:0.008509s ]

[ 2018-11-21T10:40:01+08:00 ] 127.0.0.1 /index.php/home/wechat/location_success
ERR: Cron:cron Runat 2018-11-21 10:40:01 Use 0.066341 s

[ 2018-11-21T10:40:01+08:00 ] 127.0.0.1 /index.php/home/wechat/location_success
INFO: [ app_init ] --START--
INFO: Run Behavior\BuildLiteBehavior [ RunTime:0.000032s ]
INFO: [ app_init ] --END-- [ RunTime:0.000910s ]
INFO: [ app_begin ] --START--
INFO: Run Behavior\ReadHtmlCacheBehavior [ RunTime:0.001280s ]
SQL: SHOW COLUMNS FROM `red_indent` [ RunTime:0.0367s ]
SQL: SELECT * FROM `red_indent` WHERE `status` = 2  [ RunTime:0.0004s ]
INFO: Run Behavior\CronRunBehavior [ RunTime:0.088610s ]
INFO: [ app_begin ] --END-- [ RunTime:0.090137s ]
NOTIC: [8] Undefined index: result E:\wamp\www\anti\Application\Common\Common\function.php 第 930 行.
NOTIC: [8] Undefined index: result E:\wamp\www\anti\Application\Common\Common\function.php 第 931 行.
NOTIC: [8] Undefined variable: result E:\wamp\www\anti\Application\Common\Common\function.php 第 940 行.

[ 2018-11-21T10:40:05+08:00 ] 127.0.0.1 /index.php/home/wechat/location_success
INFO: [ app_init ] --START--
INFO: Run Behavior\BuildLiteBehavior [ RunTime:0.000034s ]
INFO: [ app_init ] --END-- [ RunTime:0.001130s ]
INFO: [ app_begin ] --START--
INFO: Run Behavior\ReadHtmlCacheBehavior [ RunTime:0.001364s ]
INFO: Run Behavior\CronRunBehavior [ RunTime:0.011982s ]
INFO: [ app_begin ] --END-- [ RunTime:0.013668s ]
NOTIC: [8] Undefined index: result E:\wamp\www\anti\Application\Common\Common\function.php 第 930 行.
NOTIC: [8] Undefined index: result E:\wamp\www\anti\Application\Common\Common\function.php 第 931 行.
NOTIC: [8] Undefined variable: result E:\wamp\www\anti\Application\Common\Common\function.php 第 940 行.

[ 2018-11-21T10:41:31+08:00 ] 127.0.0.1 /index.php/home/wechat/location_success
ERR: Cron:cron Runat 2018-11-21 10:41:31 Use 0.089501 s

[ 2018-11-21T10:41:31+08:00 ] 127.0.0.1 /index.php/home/wechat/location_success
INFO: [ app_init ] --START--
INFO: Run Behavior\BuildLiteBehavior [ RunTime:0.000034s ]
INFO: [ app_init ] --END-- [ RunTime:0.000914s ]
INFO: [ app_begin ] --START--
INFO: Run Behavior\ReadHtmlCacheBehavior [ RunTime:0.001257s ]
SQL: SHOW COLUMNS FROM `red_indent` [ RunTime:0.0470s ]
SQL: SELECT * FROM `red_indent` WHERE `status` = 2  [ RunTime:0.0004s ]
INFO: Run Behavior\CronRunBehavior [ RunTime:0.110111s ]
INFO: [ app_begin ] --END-- [ RunTime:0.111624s ]
NOTIC: [8] Undefined index: result E:\wamp\www\anti\Application\Common\Common\function.php 第 930 行.
NOTIC: [8] Undefined index: result E:\wamp\www\anti\Application\Common\Common\function.php 第 931 行.
NOTIC: [8] Undefined variable: result E:\wamp\www\anti\Application\Common\Common\function.php 第 940 行.

[ 2018-11-21T10:42:11+08:00 ] 127.0.0.1 /index.php/home/wechat/location_success
ERR: Cron:cron Runat 2018-11-21 10:42:11 Use 0.087285 s

[ 2018-11-21T10:42:11+08:00 ] 127.0.0.1 /index.php/home/wechat/location_success
INFO: [ app_init ] --START--
INFO: Run Behavior\BuildLiteBehavior [ RunTime:0.000144s ]
INFO: [ app_init ] --END-- [ RunTime:0.001251s ]
INFO: [ app_begin ] --START--
INFO: Run Behavior\ReadHtmlCacheBehavior [ RunTime:0.004996s ]
SQL: SHOW COLUMNS FROM `red_indent` [ RunTime:0.0384s ]
SQL: SELECT * FROM `red_indent` WHERE `status` = 2  [ RunTime:0.0004s ]
INFO: Run Behavior\CronRunBehavior [ RunTime:0.109810s ]
INFO: [ app_begin ] --END-- [ RunTime:0.115077s ]

[ 2018-11-21T10:42:31+08:00 ] 127.0.0.1 /index.php/home/wechat/location_success
ERR: Cron:cron Runat 2018-11-21 10:42:31 Use 0.123781 s

[ 2018-11-21T10:42:31+08:00 ] 127.0.0.1 /index.php/home/wechat/location_success
INFO: [ app_init ] --START--
INFO: Run Behavior\BuildLiteBehavior [ RunTime:0.000033s ]
INFO: [ app_init ] --END-- [ RunTime:0.001265s ]
INFO: [ app_begin ] --START--
INFO: Run Behavior\ReadHtmlCacheBehavior [ RunTime:0.001320s ]
SQL: SHOW COLUMNS FROM `red_indent` [ RunTime:0.1023s ]
SQL: SELECT * FROM `red_indent` WHERE `status` = 2  [ RunTime:0.0004s ]
INFO: Run Behavior\CronRunBehavior [ RunTime:0.167041s ]
INFO: [ app_begin ] --END-- [ RunTime:0.168620s ]

[ 2018-11-21T10:46:21+08:00 ] 127.0.0.1 /index.php/home/wechat/location_success
ERR: Cron:cron Runat 2018-11-21 10:46:21 Use 0.068520 s

[ 2018-11-21T10:46:21+08:00 ] 127.0.0.1 /index.php/home/wechat/location_success
INFO: [ app_init ] --START--
INFO: Run Behavior\BuildLiteBehavior [ RunTime:0.000034s ]
INFO: [ app_init ] --END-- [ RunTime:0.000915s ]
INFO: [ app_begin ] --START--
INFO: Run Behavior\ReadHtmlCacheBehavior [ RunTime:0.001360s ]
SQL: SHOW COLUMNS FROM `red_indent` [ RunTime:0.0338s ]
SQL: SELECT * FROM `red_indent` WHERE `status` = 2  [ RunTime:0.0005s ]
INFO: Run Behavior\CronRunBehavior [ RunTime:0.088063s ]
INFO: [ app_begin ] --END-- [ RunTime:0.089693s ]

[ 2018-11-21T14:07:53+08:00 ] 127.0.0.1 /index.php/home/wechat/get_now
ERR: Cron:cron Runat 2018-11-21 14:07:53 Use 0.685103 s

[ 2018-11-21T14:07:54+08:00 ] 127.0.0.1 /index.php/home/wechat/get_now
INFO: [ app_init ] --START--
INFO: Run Behavior\BuildLiteBehavior [ RunTime:0.000035s ]
INFO: [ app_init ] --END-- [ RunTime:0.042813s ]
INFO: [ app_begin ] --START--
INFO: Run Behavior\ReadHtmlCacheBehavior [ RunTime:0.052700s ]
SQL: SHOW COLUMNS FROM `red_indent` [ RunTime:0.0452s ]
SQL: SELECT * FROM `red_indent` WHERE `status` = 2  [ RunTime:0.0006s ]
INFO: Run Behavior\CronRunBehavior [ RunTime:0.840198s ]
INFO: [ app_begin ] --END-- [ RunTime:0.893583s ]
SQL: SHOW COLUMNS FROM `red_code` [ RunTime:0.0427s ]
SQL: SELECT * FROM `red_code` WHERE `code_sn` = '' LIMIT 1   [ RunTime:0.0014s ]
SQL: SHOW COLUMNS FROM `red_activity` [ RunTime:0.0643s ]
SQL: SELECT * FROM `red_activity` WHERE `id` = null LIMIT 1   [ RunTime:0.0015s ]
SQL: SHOW COLUMNS FROM `red_activity_prize` [ RunTime:0.0598s ]
SQL: SELECT * FROM `red_activity_prize` WHERE `id` = null LIMIT 1   [ RunTime:0.0003s ]
SQL: SHOW COLUMNS FROM `red_ticket` [ RunTime:0.0626s ]
SQL: SELECT * FROM `red_ticket` WHERE `id` = null LIMIT 1   [ RunTime:0.0004s ]
INFO: [ view_parse ] --START--
INFO: [ template_filter ] --START--
INFO: Run Behavior\ContentReplaceBehavior [ RunTime:0.000098s ]
INFO: [ template_filter ] --END-- [ RunTime:0.000232s ]
INFO: Run Behavior\ParseTemplateBehavior [ RunTime:0.278153s ]
INFO: [ view_parse ] --END-- [ RunTime:0.278315s ]
INFO: [ view_filter ] --START--
INFO: Run Behavior\WriteHtmlCacheBehavior [ RunTime:0.030875s ]
INFO: [ view_filter ] --END-- [ RunTime:0.031013s ]
INFO: [ app_end ] --START--
INFO: Run Behavior\ShowPageTraceBehavior [ RunTime:0.025878s ]
INFO: [ app_end ] --END-- [ RunTime:0.026027s ]

[ 2018-11-21T14:30:17+08:00 ] 127.0.0.1 /index.php/home/wechat/location_success
ERR: Cron:cron Runat 2018-11-21 14:30:17 Use 0.277625 s

[ 2018-11-21T14:30:18+08:00 ] 127.0.0.1 /index.php/home/wechat/location_success
INFO: [ app_init ] --START--
INFO: Run Behavior\BuildLiteBehavior [ RunTime:0.000036s ]
INFO: [ app_init ] --END-- [ RunTime:0.001735s ]
INFO: [ app_begin ] --START--
INFO: Run Behavior\ReadHtmlCacheBehavior [ RunTime:0.031935s ]
SQL: SHOW COLUMNS FROM `red_indent` [ RunTime:0.0892s ]
SQL: SELECT * FROM `red_indent` WHERE `status` = 2  [ RunTime:0.0007s ]
INFO: Run Behavior\CronRunBehavior [ RunTime:0.346695s ]
INFO: [ app_begin ] --END-- [ RunTime:0.378929s ]
SQL: SHOW COLUMNS FROM `red_area` [ RunTime:0.3556s ]
SQL: SELECT * FROM `red_area` WHERE `activity_id` = 0  [ RunTime:0.1068s ]
NOTIC: [8] Undefined index: result E:\wamp\www\anti\Application\Common\Common\function.php 第 930 行.
NOTIC: [8] Undefined index: result E:\wamp\www\anti\Application\Common\Common\function.php 第 931 行.
NOTIC: [8] Undefined index: result E:\wamp\www\anti\Application\Home\Controller\WechatController.class.php 第 244 行.
NOTIC: [8] Undefined index: result E:\wamp\www\anti\Application\Home\Controller\WechatController.class.php 第 245 行.
NOTIC: [8] Undefined index: result E:\wamp\www\anti\Application\Home\Controller\WechatController.class.php 第 246 行.
NOTIC: [8] Undefined index: result E:\wamp\www\anti\Application\Home\Controller\WechatController.class.php 第 247 行.
NOTIC: [8] Undefined index: sn E:\wamp\www\anti\Application\Home\Controller\WechatController.class.php 第 291 行.

[ 2018-11-21T14:30:18+08:00 ] 127.0.0.1 /index.php/Home/wechat/tishi/error_code/1.html
INFO: [ app_init ] --START--
INFO: Run Behavior\BuildLiteBehavior [ RunTime:0.000032s ]
INFO: [ app_init ] --END-- [ RunTime:0.001118s ]
INFO: [ app_begin ] --START--
INFO: Run Behavior\ReadHtmlCacheBehavior [ RunTime:0.001301s ]
INFO: Run Behavior\CronRunBehavior [ RunTime:0.036770s ]
INFO: [ app_begin ] --END-- [ RunTime:0.038331s ]
SQL: SHOW COLUMNS FROM `red_code` [ RunTime:0.0688s ]
SQL: SELECT `activity_id` FROM `red_code` WHERE `code_sn` = '' LIMIT 1   [ RunTime:0.0010s ]
SQL: SHOW COLUMNS FROM `red_activity` [ RunTime:0.0757s ]
SQL: SELECT `shop_id` FROM `red_activity` WHERE `id` = null LIMIT 1   [ RunTime:0.0004s ]
SQL: SHOW COLUMNS FROM `red_shop` [ RunTime:0.0476s ]
SQL: SELECT `name` FROM `red_shop` WHERE `id` = null LIMIT 1   [ RunTime:0.0003s ]
INFO: [ view_parse ] --START--
INFO: [ template_filter ] --START--
INFO: Run Behavior\ContentReplaceBehavior [ RunTime:0.000097s ]
INFO: [ template_filter ] --END-- [ RunTime:0.000257s ]
NOTIC: [8] Use of undefined constant share_success - assumed 'share_success' E:\wamp\www\anti\Application\Runtime\Cache\Home\c796606de644d28d3f6fd074971082ce.php 第 55 行.
INFO: Run Behavior\ParseTemplateBehavior [ RunTime:0.123570s ]
INFO: [ view_parse ] --END-- [ RunTime:0.123719s ]
INFO: [ view_filter ] --START--
INFO: Run Behavior\WriteHtmlCacheBehavior [ RunTime:0.020428s ]
INFO: [ view_filter ] --END-- [ RunTime:0.020571s ]
INFO: [ app_end ] --START--
INFO: Run Behavior\ShowPageTraceBehavior [ RunTime:0.004001s ]
INFO: [ app_end ] --END-- [ RunTime:0.004166s ]

[ 2018-11-21T15:24:59+08:00 ] 127.0.0.1 /index.php/home/wxpay/bank_pay
ERR: Cron:cron Runat 2018-11-21 15:24:59 Use 0.636736 s

[ 2018-11-21T15:24:59+08:00 ] 127.0.0.1 /index.php/home/wxpay/bank_pay
INFO: [ app_init ] --START--
INFO: Run Behavior\BuildLiteBehavior [ RunTime:0.000035s ]
INFO: [ app_init ] --END-- [ RunTime:0.001448s ]
INFO: [ app_begin ] --START--
INFO: Run Behavior\ReadHtmlCacheBehavior [ RunTime:0.002170s ]
SQL: SHOW COLUMNS FROM `red_indent` [ RunTime:0.1819s ]
SQL: SELECT * FROM `red_indent` WHERE `status` = 2  [ RunTime:0.0257s ]
INFO: Run Behavior\CronRunBehavior [ RunTime:0.743073s ]
INFO: [ app_begin ] --END-- [ RunTime:0.745573s ]

[ 2018-11-21T15:28:10+08:00 ] 127.0.0.1 /index.php/home/wxpay/bank_pay
ERR: Cron:cron Runat 2018-11-21 15:28:10 Use 0.204688 s

[ 2018-11-21T15:28:11+08:00 ] 127.0.0.1 /index.php/home/wxpay/bank_pay
INFO: [ app_init ] --START--
INFO: Run Behavior\BuildLiteBehavior [ RunTime:0.000036s ]
INFO: [ app_init ] --END-- [ RunTime:0.001140s ]
INFO: [ app_begin ] --START--
INFO: Run Behavior\ReadHtmlCacheBehavior [ RunTime:0.003790s ]
SQL: SHOW COLUMNS FROM `red_indent` [ RunTime:0.1083s ]
SQL: SELECT * FROM `red_indent` WHERE `status` = 2  [ RunTime:0.0007s ]
INFO: Run Behavior\CronRunBehavior [ RunTime:0.265121s ]
INFO: [ app_begin ] --END-- [ RunTime:0.269273s ]

[ 2018-11-21T15:28:27+08:00 ] 127.0.0.1 /index.php/home/wxpay/bank_pay
ERR: Cron:cron Runat 2018-11-21 15:28:27 Use 0.174937 s

[ 2018-11-21T15:28:28+08:00 ] 127.0.0.1 /index.php/home/wxpay/bank_pay
INFO: [ app_init ] --START--
INFO: Run Behavior\BuildLiteBehavior [ RunTime:0.000037s ]
INFO: [ app_init ] --END-- [ RunTime:0.001535s ]
INFO: [ app_begin ] --START--
INFO: Run Behavior\ReadHtmlCacheBehavior [ RunTime:0.012916s ]
SQL: SHOW COLUMNS FROM `red_indent` [ RunTime:0.0973s ]
SQL: SELECT * FROM `red_indent` WHERE `status` = 2  [ RunTime:0.0009s ]
INFO: Run Behavior\CronRunBehavior [ RunTime:0.250525s ]
INFO: [ app_begin ] --END-- [ RunTime:0.263769s ]

[ 2018-11-21T15:28:47+08:00 ] 127.0.0.1 /index.php/home/wxpay/bank_pay
ERR: Cron:cron Runat 2018-11-21 15:28:47 Use 0.119479 s

[ 2018-11-21T15:28:47+08:00 ] 127.0.0.1 /index.php/home/wxpay/bank_pay
INFO: [ app_init ] --START--
INFO: Run Behavior\BuildLiteBehavior [ RunTime:0.000049s ]
INFO: [ app_init ] --END-- [ RunTime:0.001422s ]
INFO: [ app_begin ] --START--
INFO: Run Behavior\ReadHtmlCacheBehavior [ RunTime:0.001476s ]
SQL: SHOW COLUMNS FROM `red_indent` [ RunTime:0.0879s ]
SQL: SELECT * FROM `red_indent` WHERE `status` = 2  [ RunTime:0.0005s ]
INFO: Run Behavior\CronRunBehavior [ RunTime:0.157072s ]
INFO: [ app_begin ] --END-- [ RunTime:0.159054s ]

[ 2018-11-21T15:30:20+08:00 ] 127.0.0.1 /index.php/home/wxpay/bank_pay
ERR: Cron:cron Runat 2018-11-21 15:30:20 Use 0.171647 s

[ 2018-11-21T15:30:20+08:00 ] 127.0.0.1 /index.php/home/wxpay/bank_pay
INFO: [ app_init ] --START--
INFO: Run Behavior\BuildLiteBehavior [ RunTime:0.000034s ]
INFO: [ app_init ] --END-- [ RunTime:0.001146s ]
INFO: [ app_begin ] --START--
INFO: Run Behavior\ReadHtmlCacheBehavior [ RunTime:0.014386s ]
SQL: SHOW COLUMNS FROM `red_indent` [ RunTime:0.1170s ]
SQL: SELECT * FROM `red_indent` WHERE `status` = 2  [ RunTime:0.0006s ]
INFO: Run Behavior\CronRunBehavior [ RunTime:0.209609s ]
INFO: [ app_begin ] --END-- [ RunTime:0.224278s ]

[ 2018-11-21T15:32:39+08:00 ] 127.0.0.1 /index.php/home/wxpay/bank_pay
ERR: Cron:cron Runat 2018-11-21 15:32:39 Use 0.165621 s

[ 2018-11-21T15:32:40+08:00 ] 127.0.0.1 /index.php/home/wxpay/bank_pay
INFO: [ app_init ] --START--
INFO: Run Behavior\BuildLiteBehavior [ RunTime:0.000037s ]
INFO: [ app_init ] --END-- [ RunTime:0.001685s ]
INFO: [ app_begin ] --START--
INFO: Run Behavior\ReadHtmlCacheBehavior [ RunTime:0.002631s ]
SQL: SHOW COLUMNS FROM `red_indent` [ RunTime:0.0946s ]
SQL: SELECT * FROM `red_indent` WHERE `status` = 2  [ RunTime:0.0007s ]
INFO: Run Behavior\CronRunBehavior [ RunTime:0.203294s ]
INFO: [ app_begin ] --END-- [ RunTime:0.206319s ]

[ 2018-11-21T15:35:42+08:00 ] 127.0.0.1 /index.php/home/wxpay/bank_pay
ERR: Cron:cron Runat 2018-11-21 15:35:42 Use 0.163599 s

[ 2018-11-21T15:35:42+08:00 ] 127.0.0.1 /index.php/home/wxpay/bank_pay
INFO: [ app_init ] --START--
INFO: Run Behavior\BuildLiteBehavior [ RunTime:0.000041s ]
INFO: [ app_init ] --END-- [ RunTime:0.001970s ]
INFO: [ app_begin ] --START--
INFO: Run Behavior\ReadHtmlCacheBehavior [ RunTime:0.005555s ]
SQL: SHOW COLUMNS FROM `red_indent` [ RunTime:0.1178s ]
SQL: SELECT * FROM `red_indent` WHERE `status` = 2  [ RunTime:0.0080s ]
INFO: Run Behavior\CronRunBehavior [ RunTime:0.204248s ]
INFO: [ app_begin ] --END-- [ RunTime:0.210525s ]

[ 2018-11-21T15:51:51+08:00 ] 127.0.0.1 /index.php/home/wxpay/bank_pay
ERR: Cron:cron Runat 2018-11-21 15:51:51 Use 0.312915 s

[ 2018-11-21T15:51:51+08:00 ] 127.0.0.1 /index.php/home/wxpay/bank_pay
INFO: [ app_init ] --START--
INFO: Run Behavior\BuildLiteBehavior [ RunTime:0.000035s ]
INFO: [ app_init ] --END-- [ RunTime:0.001515s ]
INFO: [ app_begin ] --START--
INFO: Run Behavior\ReadHtmlCacheBehavior [ RunTime:0.004840s ]
SQL: SHOW COLUMNS FROM `red_indent` [ RunTime:0.2784s ]
SQL: SELECT * FROM `red_indent` WHERE `status` = 2  [ RunTime:0.0007s ]
INFO: Run Behavior\CronRunBehavior [ RunTime:0.371054s ]
INFO: [ app_begin ] --END-- [ RunTime:0.376228s ]

[ 2018-11-21T15:54:57+08:00 ] 127.0.0.1 /index.php/home/wxpay/bank_pay
ERR: Cron:cron Runat 2018-11-21 15:54:57 Use 0.424307 s

[ 2018-11-21T15:54:58+08:00 ] 127.0.0.1 /index.php/home/wxpay/bank_pay
INFO: [ app_init ] --START--
INFO: Run Behavior\BuildLiteBehavior [ RunTime:0.000074s ]
INFO: [ app_init ] --END-- [ RunTime:0.001569s ]
INFO: [ app_begin ] --START--
INFO: Run Behavior\ReadHtmlCacheBehavior [ RunTime:0.002412s ]
SQL: SHOW COLUMNS FROM `red_indent` [ RunTime:0.1635s ]
SQL: SELECT * FROM `red_indent` WHERE `status` = 2  [ RunTime:0.0006s ]
INFO: Run Behavior\CronRunBehavior [ RunTime:0.553211s ]
INFO: [ app_begin ] --END-- [ RunTime:0.565841s ]
NOTIC: [8] Undefined variable: str E:\wamp\www\anti\Application\Home\Controller\WxpayController.class.php 第 210 行.

[ 2018-11-21T15:55:13+08:00 ] 127.0.0.1 /index.php/home/wxpay/bank_pay
ERR: Cron:cron Runat 2018-11-21 15:55:13 Use 0.167728 s

[ 2018-11-21T15:55:13+08:00 ] 127.0.0.1 /index.php/home/wxpay/bank_pay
INFO: [ app_init ] --START--
INFO: Run Behavior\BuildLiteBehavior [ RunTime:0.000036s ]
INFO: [ app_init ] --END-- [ RunTime:0.001154s ]
INFO: [ app_begin ] --START--
INFO: Run Behavior\ReadHtmlCacheBehavior [ RunTime:0.003375s ]
SQL: SHOW COLUMNS FROM `red_indent` [ RunTime:0.0690s ]
SQL: SELECT * FROM `red_indent` WHERE `status` = 2  [ RunTime:0.0005s ]
INFO: Run Behavior\CronRunBehavior [ RunTime:0.220398s ]
INFO: [ app_begin ] --END-- [ RunTime:0.224054s ]
NOTIC: [8] Undefined variable: str E:\wamp\www\anti\Application\Home\Controller\WxpayController.class.php 第 210 行.

[ 2018-11-21T15:55:47+08:00 ] 127.0.0.1 /index.php/home/wxpay/bank_pay
ERR: Cron:cron Runat 2018-11-21 15:55:47 Use 0.262438 s

[ 2018-11-21T15:55:47+08:00 ] 127.0.0.1 /index.php/home/wxpay/bank_pay
INFO: [ app_init ] --START--
INFO: Run Behavior\BuildLiteBehavior [ RunTime:0.000037s ]
INFO: [ app_init ] --END-- [ RunTime:0.001143s ]
INFO: [ app_begin ] --START--
INFO: Run Behavior\ReadHtmlCacheBehavior [ RunTime:0.004131s ]
SQL: SHOW COLUMNS FROM `red_indent` [ RunTime:0.1257s ]
SQL: SELECT * FROM `red_indent` WHERE `status` = 2  [ RunTime:0.0006s ]
INFO: Run Behavior\CronRunBehavior [ RunTime:0.310830s ]
INFO: [ app_begin ] --END-- [ RunTime:0.315260s ]
NOTIC: [8] Undefined variable: str E:\wamp\www\anti\Application\Home\Controller\WxpayController.class.php 第 210 行.

[ 2018-11-21T15:57:23+08:00 ] 127.0.0.1 /index.php/home/wxpay/bank_pay
ERR: Cron:cron Runat 2018-11-21 15:57:23 Use 0.212624 s

[ 2018-11-21T15:57:23+08:00 ] 127.0.0.1 /index.php/home/wxpay/bank_pay
INFO: [ app_init ] --START--
INFO: Run Behavior\BuildLiteBehavior [ RunTime:0.000219s ]
INFO: [ app_init ] --END-- [ RunTime:0.003711s ]
INFO: [ app_begin ] --START--
INFO: Run Behavior\ReadHtmlCacheBehavior [ RunTime:0.006193s ]
SQL: SHOW COLUMNS FROM `red_indent` [ RunTime:0.1345s ]
SQL: SELECT * FROM `red_indent` WHERE `status` = 2  [ RunTime:0.0007s ]
INFO: Run Behavior\CronRunBehavior [ RunTime:0.269297s ]
INFO: [ app_begin ] --END-- [ RunTime:0.276061s ]

[ 2018-11-21T15:57:25+08:00 ] 127.0.0.1 /index.php/home/wxpay/bank_pay
INFO: [ app_init ] --START--
INFO: Run Behavior\BuildLiteBehavior [ RunTime:0.000048s ]
INFO: [ app_init ] --END-- [ RunTime:0.003834s ]
INFO: [ app_begin ] --START--
INFO: Run Behavior\ReadHtmlCacheBehavior [ RunTime:0.002064s ]
INFO: Run Behavior\CronRunBehavior [ RunTime:0.045053s ]
INFO: [ app_begin ] --END-- [ RunTime:0.047564s ]

[ 2018-11-21T15:58:18+08:00 ] 127.0.0.1 /index.php/home/wxpay/bank_pay
ERR: Cron:cron Runat 2018-11-21 15:58:18 Use 0.198044 s

[ 2018-11-21T15:58:18+08:00 ] 127.0.0.1 /index.php/home/wxpay/bank_pay
INFO: [ app_init ] --START--
INFO: Run Behavior\BuildLiteBehavior [ RunTime:0.000040s ]
INFO: [ app_init ] --END-- [ RunTime:0.004012s ]
INFO: [ app_begin ] --START--
INFO: Run Behavior\ReadHtmlCacheBehavior [ RunTime:0.001584s ]
SQL: SHOW COLUMNS FROM `red_indent` [ RunTime:0.1028s ]
SQL: SELECT * FROM `red_indent` WHERE `status` = 2  [ RunTime:0.0005s ]
INFO: Run Behavior\CronRunBehavior [ RunTime:0.223861s ]
INFO: [ app_begin ] --END-- [ RunTime:0.226506s ]

[ 2018-11-21T15:58:34+08:00 ] 127.0.0.1 /index.php/home/wxpay/bank_pay
ERR: Cron:cron Runat 2018-11-21 15:58:34 Use 0.099064 s

[ 2018-11-21T15:58:34+08:00 ] 127.0.0.1 /index.php/home/wxpay/bank_pay
INFO: [ app_init ] --START--
INFO: Run Behavior\BuildLiteBehavior [ RunTime:0.000044s ]
INFO: [ app_init ] --END-- [ RunTime:0.001283s ]
INFO: [ app_begin ] --START--
INFO: Run Behavior\ReadHtmlCacheBehavior [ RunTime:0.002512s ]
SQL: SHOW COLUMNS FROM `red_indent` [ RunTime:0.0706s ]
SQL: SELECT * FROM `red_indent` WHERE `status` = 2  [ RunTime:0.0007s ]
INFO: Run Behavior\CronRunBehavior [ RunTime:0.130223s ]
INFO: [ app_begin ] --END-- [ RunTime:0.314638s ]

[ 2018-11-21T15:59:48+08:00 ] 127.0.0.1 /index.php/home/wxpay/bank_pay
ERR: Cron:cron Runat 2018-11-21 15:59:48 Use 0.114391 s

[ 2018-11-21T15:59:48+08:00 ] 127.0.0.1 /index.php/home/wxpay/bank_pay
INFO: [ app_init ] --START--
INFO: Run Behavior\BuildLiteBehavior [ RunTime:0.000040s ]
INFO: [ app_init ] --END-- [ RunTime:0.001717s ]
INFO: [ app_begin ] --START--
INFO: Run Behavior\ReadHtmlCacheBehavior [ RunTime:0.001554s ]
SQL: SHOW COLUMNS FROM `red_indent` [ RunTime:0.0637s ]
SQL: SELECT * FROM `red_indent` WHERE `status` = 2  [ RunTime:0.0008s ]
INFO: Run Behavior\CronRunBehavior [ RunTime:0.158793s ]
INFO: [ app_begin ] --END-- [ RunTime:0.160636s ]

[ 2018-11-21T16:00:08+08:00 ] 127.0.0.1 /index.php/home/wxpay/bank_pay
ERR: Cron:cron Runat 2018-11-21 16:00:08 Use 0.148762 s

[ 2018-11-21T16:00:08+08:00 ] 127.0.0.1 /index.php/home/wxpay/bank_pay
INFO: [ app_init ] --START--
INFO: Run Behavior\BuildLiteBehavior [ RunTime:0.000038s ]
INFO: [ app_init ] --END-- [ RunTime:0.001178s ]
INFO: [ app_begin ] --START--
INFO: Run Behavior\ReadHtmlCacheBehavior [ RunTime:0.003746s ]
SQL: SHOW COLUMNS FROM `red_indent` [ RunTime:0.0921s ]
SQL: SELECT * FROM `red_indent` WHERE `status` = 2  [ RunTime:0.0010s ]
INFO: Run Behavior\CronRunBehavior [ RunTime:0.188416s ]
INFO: [ app_begin ] --END-- [ RunTime:0.192590s ]

[ 2018-11-21T16:00:15+08:00 ] 127.0.0.1 /index.php/home/wxpay/bank_pay
INFO: [ app_init ] --START--
INFO: Run Behavior\BuildLiteBehavior [ RunTime:0.000068s ]
INFO: [ app_init ] --END-- [ RunTime:0.001503s ]
INFO: [ app_begin ] --START--
INFO: Run Behavior\ReadHtmlCacheBehavior [ RunTime:0.001972s ]
INFO: Run Behavior\CronRunBehavior [ RunTime:0.019648s ]
INFO: [ app_begin ] --END-- [ RunTime:0.022493s ]

[ 2018-11-21T16:22:41+08:00 ] 127.0.0.1 /index.php/home/wxpay/bank_pay
ERR: Cron:cron Runat 2018-11-21 16:22:41 Use 0.270418 s

[ 2018-11-21T16:22:41+08:00 ] 127.0.0.1 /index.php/home/wxpay/bank_pay
INFO: [ app_init ] --START--
INFO: Run Behavior\BuildLiteBehavior [ RunTime:0.000034s ]
INFO: [ app_init ] --END-- [ RunTime:0.001801s ]
INFO: [ app_begin ] --START--
INFO: Run Behavior\ReadHtmlCacheBehavior [ RunTime:0.018337s ]
SQL: SHOW COLUMNS FROM `red_indent` [ RunTime:0.0985s ]
SQL: SELECT * FROM `red_indent` WHERE `status` = 2  [ RunTime:0.0010s ]
INFO: Run Behavior\CronRunBehavior [ RunTime:0.324573s ]
INFO: [ app_begin ] --END-- [ RunTime:0.343411s ]

[ 2018-11-21T16:25:06+08:00 ] 127.0.0.1 /index.php/home/wxpay/bank_pay
ERR: Cron:cron Runat 2018-11-21 16:25:06 Use 0.183661 s

[ 2018-11-21T16:25:06+08:00 ] 127.0.0.1 /index.php/home/wxpay/bank_pay
INFO: [ app_init ] --START--
INFO: Run Behavior\BuildLiteBehavior [ RunTime:0.000045s ]
INFO: [ app_init ] --END-- [ RunTime:0.010696s ]
INFO: [ app_begin ] --START--
INFO: Run Behavior\ReadHtmlCacheBehavior [ RunTime:0.006688s ]
SQL: SHOW COLUMNS FROM `red_indent` [ RunTime:0.1217s ]
SQL: SELECT * FROM `red_indent` WHERE `status` = 2  [ RunTime:0.0006s ]
INFO: Run Behavior\CronRunBehavior [ RunTime:0.227603s ]
INFO: [ app_begin ] --END-- [ RunTime:0.234743s ]

[ 2018-11-21T16:30:00+08:00 ] 127.0.0.1 /index.php/home/wxpay/bank_pay
ERR: Cron:cron Runat 2018-11-21 16:30:00 Use 0.197922 s

[ 2018-11-21T16:30:00+08:00 ] 127.0.0.1 /index.php/home/wxpay/bank_pay
INFO: [ app_init ] --START--
INFO: Run Behavior\BuildLiteBehavior [ RunTime:0.000035s ]
INFO: [ app_init ] --END-- [ RunTime:0.001077s ]
INFO: [ app_begin ] --START--
INFO: Run Behavior\ReadHtmlCacheBehavior [ RunTime:0.001269s ]
SQL: SHOW COLUMNS FROM `red_indent` [ RunTime:0.1513s ]
SQL: SELECT * FROM `red_indent` WHERE `status` = 2  [ RunTime:0.0006s ]
INFO: Run Behavior\CronRunBehavior [ RunTime:0.220321s ]
INFO: [ app_begin ] --END-- [ RunTime:0.221893s ]

[ 2018-11-21T16:31:11+08:00 ] 127.0.0.1 /index.php/home/wxpay/bank_pay
ERR: Cron:cron Runat 2018-11-21 16:31:11 Use 0.257760 s

[ 2018-11-21T16:31:11+08:00 ] 127.0.0.1 /index.php/home/wxpay/bank_pay
INFO: [ app_init ] --START--
INFO: Run Behavior\BuildLiteBehavior [ RunTime:0.000037s ]
INFO: [ app_init ] --END-- [ RunTime:0.001150s ]
INFO: [ app_begin ] --START--
INFO: Run Behavior\ReadHtmlCacheBehavior [ RunTime:0.003550s ]
SQL: SHOW COLUMNS FROM `red_indent` [ RunTime:0.2169s ]
SQL: SELECT * FROM `red_indent` WHERE `status` = 2  [ RunTime:0.0005s ]
INFO: Run Behavior\CronRunBehavior [ RunTime:0.303230s ]
INFO: [ app_begin ] --END-- [ RunTime:0.313153s ]

[ 2018-11-21T16:32:07+08:00 ] 127.0.0.1 /index.php/home/wxpay/bank_pay
ERR: Cron:cron Runat 2018-11-21 16:32:07 Use 0.250197 s

[ 2018-11-21T16:32:07+08:00 ] 127.0.0.1 /index.php/home/wxpay/bank_pay
INFO: [ app_init ] --START--
INFO: Run Behavior\BuildLiteBehavior [ RunTime:0.000072s ]
INFO: [ app_init ] --END-- [ RunTime:0.002129s ]
INFO: [ app_begin ] --START--
INFO: Run Behavior\ReadHtmlCacheBehavior [ RunTime:0.001999s ]
SQL: SHOW COLUMNS FROM `red_indent` [ RunTime:0.1525s ]
SQL: SELECT * FROM `red_indent` WHERE `status` = 2  [ RunTime:0.0006s ]
INFO: Run Behavior\CronRunBehavior [ RunTime:0.297501s ]
INFO: [ app_begin ] --END-- [ RunTime:0.299972s ]

[ 2018-11-21T16:32:36+08:00 ] 127.0.0.1 /index.php/home/wxpay/bank_pay
ERR: Cron:cron Runat 2018-11-21 16:32:36 Use 0.141555 s

[ 2018-11-21T16:32:37+08:00 ] 127.0.0.1 /index.php/home/wxpay/bank_pay
INFO: [ app_init ] --START--
INFO: Run Behavior\BuildLiteBehavior [ RunTime:0.000040s ]
INFO: [ app_init ] --END-- [ RunTime:0.001229s ]
INFO: [ app_begin ] --START--
INFO: Run Behavior\ReadHtmlCacheBehavior [ RunTime:0.001482s ]
SQL: SHOW COLUMNS FROM `red_indent` [ RunTime:0.0815s ]
SQL: SELECT * FROM `red_indent` WHERE `status` = 2  [ RunTime:0.0010s ]
INFO: Run Behavior\CronRunBehavior [ RunTime:0.203161s ]
INFO: [ app_begin ] --END-- [ RunTime:0.215486s ]

[ 2018-11-21T16:33:13+08:00 ] 127.0.0.1 /index.php/home/wxpay/bank_pay
ERR: Cron:cron Runat 2018-11-21 16:33:13 Use 0.259678 s

[ 2018-11-21T16:33:13+08:00 ] 127.0.0.1 /index.php/home/wxpay/bank_pay
INFO: [ app_init ] --START--
INFO: Run Behavior\BuildLiteBehavior [ RunTime:0.000036s ]
INFO: [ app_init ] --END-- [ RunTime:0.005481s ]
INFO: [ app_begin ] --START--
INFO: Run Behavior\ReadHtmlCacheBehavior [ RunTime:0.002425s ]
SQL: SHOW COLUMNS FROM `red_indent` [ RunTime:0.1838s ]
SQL: SELECT * FROM `red_indent` WHERE `status` = 2  [ RunTime:0.0025s ]
INFO: Run Behavior\CronRunBehavior [ RunTime:0.324610s ]
INFO: [ app_begin ] --END-- [ RunTime:0.327458s ]

[ 2018-11-21T16:38:45+08:00 ] 127.0.0.1 /index.php/home/wxpay/bank_pay
ERR: Cron:cron Runat 2018-11-21 16:38:45 Use 0.289635 s

[ 2018-11-21T16:38:45+08:00 ] 127.0.0.1 /index.php/home/wxpay/bank_pay
INFO: [ app_init ] --START--
INFO: Run Behavior\BuildLiteBehavior [ RunTime:0.000037s ]
INFO: [ app_init ] --END-- [ RunTime:0.001142s ]
INFO: [ app_begin ] --START--
INFO: Run Behavior\ReadHtmlCacheBehavior [ RunTime:0.001823s ]
SQL: SHOW COLUMNS FROM `red_indent` [ RunTime:0.1929s ]
SQL: SELECT * FROM `red_indent` WHERE `status` = 2  [ RunTime:0.0005s ]
INFO: Run Behavior\CronRunBehavior [ RunTime:0.347046s ]
INFO: [ app_begin ] --END-- [ RunTime:0.349360s ]

[ 2018-11-21T16:38:57+08:00 ] 127.0.0.1 /index.php/home/wxpay/bank_pay
ERR: Cron:cron Runat 2018-11-21 16:38:57 Use 0.167090 s

[ 2018-11-21T16:38:57+08:00 ] 127.0.0.1 /index.php/home/wxpay/bank_pay
INFO: [ app_init ] --START--
INFO: Run Behavior\BuildLiteBehavior [ RunTime:0.000044s ]
INFO: [ app_init ] --END-- [ RunTime:0.005919s ]
INFO: [ app_begin ] --START--
INFO: Run Behavior\ReadHtmlCacheBehavior [ RunTime:0.002073s ]
SQL: SHOW COLUMNS FROM `red_indent` [ RunTime:0.1119s ]
SQL: SELECT * FROM `red_indent` WHERE `status` = 2  [ RunTime:0.0006s ]
INFO: Run Behavior\CronRunBehavior [ RunTime:0.247120s ]
INFO: [ app_begin ] --END-- [ RunTime:0.249526s ]

[ 2018-11-21T16:40:52+08:00 ] 127.0.0.1 /index.php/home/wxpay/bank_pay
ERR: Cron:cron Runat 2018-11-21 16:40:52 Use 0.196564 s

[ 2018-11-21T16:40:53+08:00 ] 127.0.0.1 /index.php/home/wxpay/bank_pay
INFO: [ app_init ] --START--
INFO: Run Behavior\BuildLiteBehavior [ RunTime:0.000040s ]
INFO: [ app_init ] --END-- [ RunTime:0.007518s ]
INFO: [ app_begin ] --START--
INFO: Run Behavior\ReadHtmlCacheBehavior [ RunTime:0.001453s ]
SQL: SHOW COLUMNS FROM `red_indent` [ RunTime:0.1337s ]
SQL: SELECT * FROM `red_indent` WHERE `status` = 2  [ RunTime:0.0051s ]
INFO: Run Behavior\CronRunBehavior [ RunTime:0.252515s ]
INFO: [ app_begin ] --END-- [ RunTime:0.254267s ]
NOTIC: [8] Undefined variable: result E:\wamp\www\anti\Application\Home\Controller\WxpayController.class.php 第 221 行.

[ 2018-11-21T16:41:07+08:00 ] 127.0.0.1 /index.php/home/wxpay/bank_pay
ERR: Cron:cron Runat 2018-11-21 16:41:07 Use 0.195646 s

[ 2018-11-21T16:41:07+08:00 ] 127.0.0.1 /index.php/home/wxpay/bank_pay
INFO: [ app_init ] --START--
INFO: Run Behavior\BuildLiteBehavior [ RunTime:0.000081s ]
INFO: [ app_init ] --END-- [ RunTime:0.034856s ]
INFO: [ app_begin ] --START--
INFO: Run Behavior\ReadHtmlCacheBehavior [ RunTime:0.010855s ]
SQL: SHOW COLUMNS FROM `red_indent` [ RunTime:0.1063s ]
SQL: SELECT * FROM `red_indent` WHERE `status` = 2  [ RunTime:0.0161s ]
INFO: Run Behavior\CronRunBehavior [ RunTime:0.362379s ]
INFO: [ app_begin ] --END-- [ RunTime:0.373558s ]

[ 2018-11-21T16:52:25+08:00 ] 127.0.0.1 /index.php/home/wxpay/bank_pay
ERR: Cron:cron Runat 2018-11-21 16:52:25 Use 0.372480 s

[ 2018-11-21T16:52:25+08:00 ] 127.0.0.1 /index.php/home/wxpay/bank_pay
INFO: [ app_init ] --START--
INFO: Run Behavior\BuildLiteBehavior [ RunTime:0.000036s ]
INFO: [ app_init ] --END-- [ RunTime:0.004787s ]
INFO: [ app_begin ] --START--
INFO: Run Behavior\ReadHtmlCacheBehavior [ RunTime:0.024305s ]
SQL: SHOW COLUMNS FROM `red_indent` [ RunTime:0.1091s ]
SQL: SELECT * FROM `red_indent` WHERE `status` = 2  [ RunTime:0.0005s ]
INFO: Run Behavior\CronRunBehavior [ RunTime:0.468913s ]
INFO: [ app_begin ] --END-- [ RunTime:0.493519s ]

[ 2018-11-21T16:58:44+08:00 ] 127.0.0.1 /index.php/home/wxpay/bank_pay
ERR: Cron:cron Runat 2018-11-21 16:58:44 Use 0.150832 s

[ 2018-11-21T16:58:45+08:00 ] 127.0.0.1 /index.php/home/wxpay/bank_pay
INFO: [ app_init ] --START--
INFO: Run Behavior\BuildLiteBehavior [ RunTime:0.000045s ]
INFO: [ app_init ] --END-- [ RunTime:0.004337s ]
INFO: [ app_begin ] --START--
INFO: Run Behavior\ReadHtmlCacheBehavior [ RunTime:0.001729s ]
SQL: SHOW COLUMNS FROM `red_indent` [ RunTime:0.0841s ]
SQL: SELECT * FROM `red_indent` WHERE `status` = 2  [ RunTime:0.0007s ]
INFO: Run Behavior\CronRunBehavior [ RunTime:0.199875s ]
INFO: [ app_begin ] --END-- [ RunTime:0.201895s ]

[ 2018-11-21T17:37:26+08:00 ] 127.0.0.1 /index.php/home/wxpay/bank_pay
INFO: [ app_init ] --START--
INFO: Run Behavior\BuildLiteBehavior [ RunTime:0.000034s ]
INFO: [ app_init ] --END-- [ RunTime:0.001162s ]
INFO: [ app_begin ] --START--
INFO: Run Behavior\ReadHtmlCacheBehavior [ RunTime:0.067701s ]
ERR: SQLSTATE[HY000] [1045] Access denied for user 'root'@'localhost' (using password: YES)

[ 2018-11-21T17:37:36+08:00 ] 127.0.0.1 /index.php/home/wxpay/bank_pay
INFO: [ app_init ] --START--
INFO: Run Behavior\BuildLiteBehavior [ RunTime:0.000037s ]
INFO: [ app_init ] --END-- [ RunTime:0.001324s ]
INFO: [ app_begin ] --START--
INFO: Run Behavior\ReadHtmlCacheBehavior [ RunTime:0.005218s ]
INFO: Run Behavior\CronRunBehavior [ RunTime:0.002793s ]
INFO: [ app_begin ] --END-- [ RunTime:0.008350s ]

[ 2018-11-21T17:44:48+08:00 ] 127.0.0.1 /index.php/home/wxpay/bank_pay
ERR: Cron:cron Runat 2018-11-21 17:44:48 Use 0.433212 s

[ 2018-11-21T17:44:48+08:00 ] 127.0.0.1 /index.php/home/wxpay/bank_pay
INFO: [ app_init ] --START--
INFO: Run Behavior\BuildLiteBehavior [ RunTime:0.000045s ]
INFO: [ app_init ] --END-- [ RunTime:0.001878s ]
INFO: [ app_begin ] --START--
INFO: Run Behavior\ReadHtmlCacheBehavior [ RunTime:0.003846s ]
SQL: SHOW COLUMNS FROM `red_indent` [ RunTime:0.2883s ]
SQL: SELECT * FROM `red_indent` WHERE `status` = 2  [ RunTime:0.0018s ]
INFO: Run Behavior\CronRunBehavior [ RunTime:0.480656s ]
INFO: [ app_begin ] --END-- [ RunTime:0.485088s ]

[ 2018-11-21T18:01:31+08:00 ] 127.0.0.1 /index.php/home/wxpay/bank_pay
ERR: Cron:cron Runat 2018-11-21 18:01:31 Use 0.272172 s

[ 2018-11-21T18:01:31+08:00 ] 127.0.0.1 /index.php/home/wxpay/bank_pay
INFO: [ app_init ] --START--
INFO: Run Behavior\BuildLiteBehavior [ RunTime:0.000099s ]
INFO: [ app_init ] --END-- [ RunTime:0.001390s ]
INFO: [ app_begin ] --START--
INFO: Run Behavior\ReadHtmlCacheBehavior [ RunTime:0.002466s ]
SQL: SHOW COLUMNS FROM `red_indent` [ RunTime:0.1519s ]
SQL: SELECT * FROM `red_indent` WHERE `status` = 2  [ RunTime:0.0010s ]
INFO: Run Behavior\CronRunBehavior [ RunTime:0.330121s ]
INFO: [ app_begin ] --END-- [ RunTime:0.332950s ]

[ 2018-11-21T18:01:55+08:00 ] 127.0.0.1 /index.php/home/wxpay/bank_pay
ERR: Cron:cron Runat 2018-11-21 18:01:55 Use 0.126743 s

[ 2018-11-21T18:01:56+08:00 ] 127.0.0.1 /index.php/home/wxpay/bank_pay
INFO: [ app_init ] --START--
INFO: Run Behavior\BuildLiteBehavior [ RunTime:0.000038s ]
INFO: [ app_init ] --END-- [ RunTime:0.001721s ]
INFO: [ app_begin ] --START--
INFO: Run Behavior\ReadHtmlCacheBehavior [ RunTime:0.002569s ]
SQL: SHOW COLUMNS FROM `red_indent` [ RunTime:0.0810s ]
SQL: SELECT * FROM `red_indent` WHERE `status` = 2  [ RunTime:0.0005s ]
INFO: Run Behavior\CronRunBehavior [ RunTime:0.174269s ]
INFO: [ app_begin ] --END-- [ RunTime:0.177156s ]

[ 2018-11-21T18:03:08+08:00 ] 127.0.0.1 /index.php/home/wxpay/bank_pay
ERR: Cron:cron Runat 2018-11-21 18:03:08 Use 0.399014 s

[ 2018-11-21T18:03:08+08:00 ] 127.0.0.1 /index.php/home/wxpay/bank_pay
INFO: [ app_init ] --START--
INFO: Run Behavior\BuildLiteBehavior [ RunTime:0.000035s ]
INFO: [ app_init ] --END-- [ RunTime:0.012421s ]
INFO: [ app_begin ] --START--
INFO: Run Behavior\ReadHtmlCacheBehavior [ RunTime:0.001318s ]
SQL: SHOW COLUMNS FROM `red_indent` [ RunTime:0.2657s ]
SQL: SELECT * FROM `red_indent` WHERE `status` = 2  [ RunTime:0.0053s ]
INFO: Run Behavior\CronRunBehavior [ RunTime:0.432986s ]
INFO: [ app_begin ] --END-- [ RunTime:0.434589s ]

[ 2018-11-21T18:04:18+08:00 ] 127.0.0.1 /index.php/home/wxpay/bank_pay
ERR: Cron:cron Runat 2018-11-21 18:04:18 Use 0.218063 s

[ 2018-11-21T18:04:18+08:00 ] 127.0.0.1 /index.php/home/wxpay/bank_pay
INFO: [ app_init ] --START--
INFO: Run Behavior\BuildLiteBehavior [ RunTime:0.000034s ]
INFO: [ app_init ] --END-- [ RunTime:0.001040s ]
INFO: [ app_begin ] --START--
INFO: Run Behavior\ReadHtmlCacheBehavior [ RunTime:0.001573s ]
SQL: SHOW COLUMNS FROM `red_indent` [ RunTime:0.1368s ]
SQL: SELECT * FROM `red_indent` WHERE `status` = 2  [ RunTime:0.0081s ]
INFO: Run Behavior\CronRunBehavior [ RunTime:0.304944s ]
INFO: [ app_begin ] --END-- [ RunTime:0.306796s ]

[ 2018-11-21T18:04:24+08:00 ] 127.0.0.1 /index.php/home/wxpay/bank_pay
INFO: [ app_init ] --START--
INFO: Run Behavior\BuildLiteBehavior [ RunTime:0.000036s ]
INFO: [ app_init ] --END-- [ RunTime:0.001212s ]
INFO: [ app_begin ] --START--
INFO: Run Behavior\ReadHtmlCacheBehavior [ RunTime:0.002177s ]
INFO: Run Behavior\CronRunBehavior [ RunTime:0.029382s ]
INFO: [ app_begin ] --END-- [ RunTime:0.032120s ]

[ 2018-11-21T18:04:25+08:00 ] 127.0.0.1 /index.php/home/wxpay/bank_pay
INFO: [ app_init ] --START--
INFO: Run Behavior\BuildLiteBehavior [ RunTime:0.000038s ]
INFO: [ app_init ] --END-- [ RunTime:0.001583s ]
INFO: [ app_begin ] --START--
INFO: Run Behavior\ReadHtmlCacheBehavior [ RunTime:0.002082s ]
INFO: Run Behavior\CronRunBehavior [ RunTime:0.014280s ]
INFO: [ app_begin ] --END-- [ RunTime:0.020392s ]

[ 2018-11-21T18:04:43+08:00 ] 127.0.0.1 /index.php/home/wxpay/bank_pay
ERR: Cron:cron Runat 2018-11-21 18:04:43 Use 0.173168 s

[ 2018-11-21T18:04:44+08:00 ] 127.0.0.1 /index.php/home/wxpay/bank_pay
INFO: [ app_init ] --START--
INFO: Run Behavior\BuildLiteBehavior [ RunTime:0.000036s ]
INFO: [ app_init ] --END-- [ RunTime:0.001392s ]
INFO: [ app_begin ] --START--
INFO: Run Behavior\ReadHtmlCacheBehavior [ RunTime:0.001573s ]
SQL: SHOW COLUMNS FROM `red_indent` [ RunTime:0.1228s ]
SQL: SELECT * FROM `red_indent` WHERE `status` = 2  [ RunTime:0.0006s ]
INFO: Run Behavior\CronRunBehavior [ RunTime:0.214983s ]
INFO: [ app_begin ] --END-- [ RunTime:0.216871s ]

[ 2018-11-21T18:09:37+08:00 ] 127.0.0.1 /index.php/home/wxpay/bank_pay
ERR: Cron:cron Runat 2018-11-21 18:09:37 Use 0.214422 s

[ 2018-11-21T18:09:39+08:00 ] 127.0.0.1 /index.php/home/wxpay/bank_pay
INFO: [ app_init ] --START--
INFO: Run Behavior\BuildLiteBehavior [ RunTime:0.000080s ]
INFO: [ app_init ] --END-- [ RunTime:0.001858s ]
INFO: [ app_begin ] --START--
INFO: Run Behavior\ReadHtmlCacheBehavior [ RunTime:0.001596s ]
SQL: SHOW COLUMNS FROM `red_indent` [ RunTime:0.1447s ]
SQL: SELECT * FROM `red_indent` WHERE `status` = 2  [ RunTime:0.0005s ]
INFO: Run Behavior\CronRunBehavior [ RunTime:0.259309s ]
INFO: [ app_begin ] --END-- [ RunTime:0.261270s ]

[ 2018-11-21T18:10:00+08:00 ] 127.0.0.1 /index.php/home/wxpay/bank_pay
ERR: Cron:cron Runat 2018-11-21 18:10:00 Use 0.302771 s

[ 2018-11-21T18:10:00+08:00 ] 127.0.0.1 /index.php/home/wxpay/bank_pay
INFO: [ app_init ] --START--
INFO: Run Behavior\BuildLiteBehavior [ RunTime:0.000035s ]
INFO: [ app_init ] --END-- [ RunTime:0.001271s ]
INFO: [ app_begin ] --START--
INFO: Run Behavior\ReadHtmlCacheBehavior [ RunTime:0.018343s ]
SQL: SHOW COLUMNS FROM `red_indent` [ RunTime:0.2660s ]
SQL: SELECT * FROM `red_indent` WHERE `status` = 2  [ RunTime:0.0008s ]
INFO: Run Behavior\CronRunBehavior [ RunTime:0.379472s ]
INFO: [ app_begin ] --END-- [ RunTime:0.398787s ]

[ 2018-11-21T18:36:33+08:00 ] 127.0.0.1 /index.php/home/wechat/tishi
ERR: Cron:cron Runat 2018-11-21 18:36:33 Use 0.164938 s

[ 2018-11-21T18:36:33+08:00 ] 127.0.0.1 /index.php/home/wechat/tishi
INFO: [ app_init ] --START--
INFO: Run Behavior\BuildLiteBehavior [ RunTime:0.000034s ]
INFO: [ app_init ] --END-- [ RunTime:0.002150s ]
INFO: [ app_begin ] --START--
INFO: Run Behavior\ReadHtmlCacheBehavior [ RunTime:0.003524s ]
SQL: SHOW COLUMNS FROM `red_indent` [ RunTime:0.0929s ]
SQL: SELECT * FROM `red_indent` WHERE `status` = 2  [ RunTime:0.0005s ]
INFO: Run Behavior\CronRunBehavior [ RunTime:0.213438s ]
INFO: [ app_begin ] --END-- [ RunTime:0.217317s ]
SQL: SHOW COLUMNS FROM `red_code` [ RunTime:0.1094s ]
SQL: SELECT `activity_id` FROM `red_code` WHERE `code_sn` = '' LIMIT 1   [ RunTime:0.0857s ]
SQL: SHOW COLUMNS FROM `red_activity` [ RunTime:0.0780s ]
SQL: SELECT `shop_id` FROM `red_activity` WHERE `id` = null LIMIT 1   [ RunTime:0.0009s ]
SQL: SHOW COLUMNS FROM `red_shop` [ RunTime:0.0848s ]
SQL: SELECT `name` FROM `red_shop` WHERE `id` = null LIMIT 1   [ RunTime:0.0004s ]
INFO: [ view_parse ] --START--
INFO: [ template_filter ] --START--
INFO: Run Behavior\ContentReplaceBehavior [ RunTime:0.000091s ]
INFO: [ template_filter ] --END-- [ RunTime:0.000242s ]
NOTIC: [8] Use of undefined constant logo - assumed 'logo' E:\wamp\www\anti\Application\Runtime\Cache\Home\c796606de644d28d3f6fd074971082ce.php 第 11 行.
NOTIC: [8] Undefined variable: shopdata E:\wamp\www\anti\Application\Runtime\Cache\Home\c796606de644d28d3f6fd074971082ce.php 第 11 行.
NOTIC: [8] Use of undefined constant share_success - assumed 'share_success' E:\wamp\www\anti\Application\Runtime\Cache\Home\c796606de644d28d3f6fd074971082ce.php 第 57 行.
INFO: Run Behavior\ParseTemplateBehavior [ RunTime:0.351101s ]
INFO: [ view_parse ] --END-- [ RunTime:0.351271s ]
INFO: [ view_filter ] --START--
INFO: Run Behavior\WriteHtmlCacheBehavior [ RunTime:0.001494s ]
INFO: [ view_filter ] --END-- [ RunTime:0.001637s ]
INFO: [ app_end ] --START--
INFO: Run Behavior\ShowPageTraceBehavior [ RunTime:0.002116s ]
INFO: [ app_end ] --END-- [ RunTime:0.002347s ]

[ 2018-11-21T18:53:52+08:00 ] 127.0.0.1 /index.php/home/wechat/tishi
ERR: Cron:cron Runat 2018-11-21 18:53:52 Use 0.156559 s

[ 2018-11-21T18:53:52+08:00 ] 127.0.0.1 /index.php/home/wechat/tishi
INFO: [ app_init ] --START--
INFO: Run Behavior\BuildLiteBehavior [ RunTime:0.000034s ]
INFO: [ app_init ] --END-- [ RunTime:0.001711s ]
INFO: [ app_begin ] --START--
INFO: Run Behavior\ReadHtmlCacheBehavior [ RunTime:0.001655s ]
SQL: SHOW COLUMNS FROM `red_indent` [ RunTime:0.0881s ]
SQL: SELECT * FROM `red_indent` WHERE `status` = 2  [ RunTime:0.0006s ]
INFO: Run Behavior\CronRunBehavior [ RunTime:0.216295s ]
INFO: [ app_begin ] --END-- [ RunTime:0.234835s ]
SQL: SHOW COLUMNS FROM `red_code` [ RunTime:0.0529s ]
SQL: SELECT `activity_id` FROM `red_code` WHERE `code_sn` = '' LIMIT 1   [ RunTime:0.0014s ]
SQL: SHOW COLUMNS FROM `red_activity` [ RunTime:0.0647s ]
SQL: SELECT `shop_id` FROM `red_activity` WHERE `id` = null LIMIT 1   [ RunTime:0.0020s ]
SQL: SHOW COLUMNS FROM `red_shop` [ RunTime:0.0695s ]
SQL: SELECT `name`,`logo` FROM `red_shop` WHERE `id` = null LIMIT 1   [ RunTime:0.0216s ]
INFO: [ view_parse ] --START--
INFO: [ template_filter ] --START--
INFO: Run Behavior\ContentReplaceBehavior [ RunTime:0.000156s ]
INFO: [ template_filter ] --END-- [ RunTime:0.000327s ]
NOTIC: [8] Use of undefined constant logo - assumed 'logo' E:\wamp\www\anti\Application\Runtime\Cache\Home\c796606de644d28d3f6fd074971082ce.php 第 11 行.
NOTIC: [8] Use of undefined constant share_success - assumed 'share_success' E:\wamp\www\anti\Application\Runtime\Cache\Home\c796606de644d28d3f6fd074971082ce.php 第 58 行.
INFO: Run Behavior\ParseTemplateBehavior [ RunTime:0.206944s ]
INFO: [ view_parse ] --END-- [ RunTime:0.207102s ]
INFO: [ view_filter ] --START--
INFO: Run Behavior\WriteHtmlCacheBehavior [ RunTime:0.035997s ]
INFO: [ view_filter ] --END-- [ RunTime:0.036149s ]
INFO: [ app_end ] --START--
INFO: Run Behavior\ShowPageTraceBehavior [ RunTime:0.004743s ]
INFO: [ app_end ] --END-- [ RunTime:0.004921s ]

[ 2018-11-21T18:56:38+08:00 ] 127.0.0.1 /index.php/home/wechat/tishi
ERR: Cron:cron Runat 2018-11-21 18:56:38 Use 0.290644 s

[ 2018-11-21T18:56:38+08:00 ] 127.0.0.1 /index.php/home/wechat/tishi
INFO: [ app_init ] --START--
INFO: Run Behavior\BuildLiteBehavior [ RunTime:0.000034s ]
INFO: [ app_init ] --END-- [ RunTime:0.009373s ]
INFO: [ app_begin ] --START--
INFO: Run Behavior\ReadHtmlCacheBehavior [ RunTime:0.020507s ]
SQL: SHOW COLUMNS FROM `red_indent` [ RunTime:0.0819s ]
SQL: SELECT * FROM `red_indent` WHERE `status` = 2  [ RunTime:0.0037s ]
INFO: Run Behavior\CronRunBehavior [ RunTime:0.398323s ]
INFO: [ app_begin ] --END-- [ RunTime:0.419133s ]
SQL: SHOW COLUMNS FROM `red_code` [ RunTime:0.0911s ]
SQL: SELECT `activity_id` FROM `red_code` WHERE `code_sn` = '' LIMIT 1   [ RunTime:0.0008s ]
SQL: SHOW COLUMNS FROM `red_activity` [ RunTime:0.0659s ]
SQL: SELECT `shop_id` FROM `red_activity` WHERE `id` = null LIMIT 1   [ RunTime:0.0004s ]
SQL: SHOW COLUMNS FROM `red_shop` [ RunTime:0.0903s ]
SQL: SELECT `name`,`logo` FROM `red_shop` WHERE `id` = null LIMIT 1   [ RunTime:0.0046s ]
INFO: [ view_parse ] --START--
INFO: [ template_filter ] --START--
INFO: Run Behavior\ContentReplaceBehavior [ RunTime:0.000083s ]
INFO: [ template_filter ] --END-- [ RunTime:0.000220s ]
NOTIC: [8] Use of undefined constant logo - assumed 'logo' E:\wamp\www\anti\Application\Runtime\Cache\Home\c796606de644d28d3f6fd074971082ce.php 第 11 行.
NOTIC: [8] Use of undefined constant share_success - assumed 'share_success' E:\wamp\www\anti\Application\Runtime\Cache\Home\c796606de644d28d3f6fd074971082ce.php 第 58 行.
INFO: Run Behavior\ParseTemplateBehavior [ RunTime:0.187134s ]
INFO: [ view_parse ] --END-- [ RunTime:0.187427s ]
INFO: [ view_filter ] --START--
INFO: Run Behavior\WriteHtmlCacheBehavior [ RunTime:0.006574s ]
INFO: [ view_filter ] --END-- [ RunTime:0.006817s ]
INFO: [ app_end ] --START--
INFO: Run Behavior\ShowPageTraceBehavior [ RunTime:0.002256s ]
INFO: [ app_end ] --END-- [ RunTime:0.002432s ]

[ 2018-11-21T18:58:17+08:00 ] 127.0.0.1 /index.php/home/wechat/tishi
ERR: Cron:cron Runat 2018-11-21 18:58:17 Use 0.184426 s

[ 2018-11-21T18:58:17+08:00 ] 127.0.0.1 /index.php/home/wechat/tishi
INFO: [ app_init ] --START--
INFO: Run Behavior\BuildLiteBehavior [ RunTime:0.000037s ]
INFO: [ app_init ] --END-- [ RunTime:0.006859s ]
INFO: [ app_begin ] --START--
INFO: Run Behavior\ReadHtmlCacheBehavior [ RunTime:0.001598s ]
SQL: SHOW COLUMNS FROM `red_indent` [ RunTime:0.1009s ]
SQL: SELECT * FROM `red_indent` WHERE `status` = 2  [ RunTime:0.0005s ]
INFO: Run Behavior\CronRunBehavior [ RunTime:0.249293s ]
INFO: [ app_begin ] --END-- [ RunTime:0.251189s ]
SQL: SHOW COLUMNS FROM `red_code` [ RunTime:0.0536s ]
SQL: SELECT `activity_id` FROM `red_code` WHERE `code_sn` = '' LIMIT 1   [ RunTime:0.0011s ]
SQL: SHOW COLUMNS FROM `red_activity` [ RunTime:0.0621s ]
SQL: SELECT `shop_id` FROM `red_activity` WHERE `id` = null LIMIT 1   [ RunTime:0.0003s ]
SQL: SHOW COLUMNS FROM `red_shop` [ RunTime:0.0413s ]
SQL: SELECT `name`,`logo` FROM `red_shop` WHERE `id` = null LIMIT 1   [ RunTime:0.0003s ]
INFO: [ view_parse ] --START--
INFO: [ template_filter ] --START--
INFO: Run Behavior\ContentReplaceBehavior [ RunTime:0.000086s ]
INFO: [ template_filter ] --END-- [ RunTime:0.000226s ]
NOTIC: [8] Use of undefined constant logo - assumed 'logo' E:\wamp\www\anti\Application\Runtime\Cache\Home\c796606de644d28d3f6fd074971082ce.php 第 11 行.
NOTIC: [8] Use of undefined constant share_success - assumed 'share_success' E:\wamp\www\anti\Application\Runtime\Cache\Home\c796606de644d28d3f6fd074971082ce.php 第 58 行.
INFO: Run Behavior\ParseTemplateBehavior [ RunTime:0.208528s ]
INFO: [ view_parse ] --END-- [ RunTime:0.208782s ]
INFO: [ view_filter ] --START--
INFO: Run Behavior\WriteHtmlCacheBehavior [ RunTime:0.003964s ]
INFO: [ view_filter ] --END-- [ RunTime:0.004106s ]
INFO: [ app_end ] --START--
INFO: Run Behavior\ShowPageTraceBehavior [ RunTime:0.001598s ]
INFO: [ app_end ] --END-- [ RunTime:0.001766s ]

[ 2018-11-21T18:58:37+08:00 ] 127.0.0.1 /index.php/home/wechat/tishi
ERR: Cron:cron Runat 2018-11-21 18:58:37 Use 0.349910 s

[ 2018-11-21T18:58:37+08:00 ] 127.0.0.1 /index.php/home/wechat/tishi
INFO: [ app_init ] --START--
INFO: Run Behavior\BuildLiteBehavior [ RunTime:0.000034s ]
INFO: [ app_init ] --END-- [ RunTime:0.002798s ]
INFO: [ app_begin ] --START--
INFO: Run Behavior\ReadHtmlCacheBehavior [ RunTime:0.014470s ]
SQL: SHOW COLUMNS FROM `red_indent` [ RunTime:0.2121s ]
SQL: SELECT * FROM `red_indent` WHERE `status` = 2  [ RunTime:0.0005s ]
INFO: Run Behavior\CronRunBehavior [ RunTime:0.484185s ]
INFO: [ app_begin ] --END-- [ RunTime:0.498928s ]
SQL: SHOW COLUMNS FROM `red_code` [ RunTime:0.1746s ]
SQL: SELECT `activity_id` FROM `red_code` WHERE `code_sn` = '' LIMIT 1   [ RunTime:0.0009s ]
SQL: SHOW COLUMNS FROM `red_activity` [ RunTime:0.0846s ]
SQL: SELECT `shop_id` FROM `red_activity` WHERE `id` = null LIMIT 1   [ RunTime:0.0005s ]
SQL: SHOW COLUMNS FROM `red_shop` [ RunTime:0.0859s ]
SQL: SELECT `name`,`logo` FROM `red_shop` WHERE `id` = null LIMIT 1   [ RunTime:0.0005s ]
INFO: [ view_parse ] --START--
INFO: [ template_filter ] --START--
INFO: Run Behavior\ContentReplaceBehavior [ RunTime:0.000101s ]
INFO: [ template_filter ] --END-- [ RunTime:0.000257s ]
NOTIC: [8] Use of undefined constant logo - assumed 'logo' E:\wamp\www\anti\Application\Runtime\Cache\Home\c796606de644d28d3f6fd074971082ce.php 第 11 行.
NOTIC: [8] Use of undefined constant share_success - assumed 'share_success' E:\wamp\www\anti\Application\Runtime\Cache\Home\c796606de644d28d3f6fd074971082ce.php 第 58 行.
INFO: Run Behavior\ParseTemplateBehavior [ RunTime:0.138884s ]
INFO: [ view_parse ] --END-- [ RunTime:0.139067s ]
INFO: [ view_filter ] --START--
INFO: Run Behavior\WriteHtmlCacheBehavior [ RunTime:0.001327s ]
INFO: [ view_filter ] --END-- [ RunTime:0.001467s ]
INFO: [ app_end ] --START--
INFO: Run Behavior\ShowPageTraceBehavior [ RunTime:0.001383s ]
INFO: [ app_end ] --END-- [ RunTime:0.001533s ]

[ 2018-11-21T18:58:46+08:00 ] 127.0.0.1 /index.php/home/wechat/tishi
INFO: [ app_init ] --START--
INFO: Run Behavior\BuildLiteBehavior [ RunTime:0.000037s ]
INFO: [ app_init ] --END-- [ RunTime:0.001153s ]
INFO: [ app_begin ] --START--
INFO: Run Behavior\ReadHtmlCacheBehavior [ RunTime:0.010647s ]
INFO: Run Behavior\CronRunBehavior [ RunTime:0.049393s ]
INFO: [ app_begin ] --END-- [ RunTime:0.060365s ]
SQL: SHOW COLUMNS FROM `red_code` [ RunTime:0.1313s ]
SQL: SELECT `activity_id` FROM `red_code` WHERE `code_sn` = '' LIMIT 1   [ RunTime:0.0009s ]
SQL: SHOW COLUMNS FROM `red_activity` [ RunTime:0.1698s ]
SQL: SELECT `shop_id` FROM `red_activity` WHERE `id` = null LIMIT 1   [ RunTime:0.0025s ]
SQL: SHOW COLUMNS FROM `red_shop` [ RunTime:0.1934s ]
SQL: SELECT `name`,`logo` FROM `red_shop` WHERE `id` = null LIMIT 1   [ RunTime:0.0003s ]
INFO: [ view_parse ] --START--
INFO: [ template_filter ] --START--
INFO: Run Behavior\ContentReplaceBehavior [ RunTime:0.000141s ]
INFO: [ template_filter ] --END-- [ RunTime:0.000297s ]
NOTIC: [8] Use of undefined constant logo - assumed 'logo' E:\wamp\www\anti\Application\Runtime\Cache\Home\c796606de644d28d3f6fd074971082ce.php 第 11 行.
NOTIC: [8] Use of undefined constant share_success - assumed 'share_success' E:\wamp\www\anti\Application\Runtime\Cache\Home\c796606de644d28d3f6fd074971082ce.php 第 58 行.
INFO: Run Behavior\ParseTemplateBehavior [ RunTime:0.099137s ]
INFO: [ view_parse ] --END-- [ RunTime:0.099291s ]
INFO: [ view_filter ] --START--
INFO: Run Behavior\WriteHtmlCacheBehavior [ RunTime:0.001283s ]
INFO: [ view_filter ] --END-- [ RunTime:0.001432s ]
INFO: [ app_end ] --START--
INFO: Run Behavior\ShowPageTraceBehavior [ RunTime:0.005178s ]
INFO: [ app_end ] --END-- [ RunTime:0.005323s ]

[ 2018-11-21T18:58:53+08:00 ] 127.0.0.1 /index.php/home/wechat/tishi
ERR: Cron:cron Runat 2018-11-21 18:58:52 Use 0.147007 s

[ 2018-11-21T18:58:53+08:00 ] 127.0.0.1 /index.php/home/wechat/tishi
INFO: [ app_init ] --START--
INFO: Run Behavior\BuildLiteBehavior [ RunTime:0.000039s ]
INFO: [ app_init ] --END-- [ RunTime:0.016041s ]
INFO: [ app_begin ] --START--
INFO: Run Behavior\ReadHtmlCacheBehavior [ RunTime:0.001466s ]
SQL: SHOW COLUMNS FROM `red_indent` [ RunTime:0.1139s ]
SQL: SELECT * FROM `red_indent` WHERE `status` = 2  [ RunTime:0.0009s ]
INFO: Run Behavior\CronRunBehavior [ RunTime:0.313542s ]
INFO: [ app_begin ] --END-- [ RunTime:0.315291s ]
SQL: SHOW COLUMNS FROM `red_code` [ RunTime:0.1215s ]
SQL: SELECT `activity_id` FROM `red_code` WHERE `code_sn` = '' LIMIT 1   [ RunTime:0.0015s ]
SQL: SHOW COLUMNS FROM `red_activity` [ RunTime:0.0870s ]
SQL: SELECT `shop_id` FROM `red_activity` WHERE `id` = null LIMIT 1   [ RunTime:0.0006s ]
SQL: SHOW COLUMNS FROM `red_shop` [ RunTime:0.0991s ]
SQL: SELECT `name`,`logo` FROM `red_shop` WHERE `id` = null LIMIT 1   [ RunTime:0.0005s ]
INFO: [ view_parse ] --START--
INFO: [ template_filter ] --START--
INFO: Run Behavior\ContentReplaceBehavior [ RunTime:0.000091s ]
INFO: [ template_filter ] --END-- [ RunTime:0.000249s ]
NOTIC: [8] Use of undefined constant logo - assumed 'logo' E:\wamp\www\anti\Application\Runtime\Cache\Home\c796606de644d28d3f6fd074971082ce.php 第 11 行.
NOTIC: [8] Use of undefined constant share_success - assumed 'share_success' E:\wamp\www\anti\Application\Runtime\Cache\Home\c796606de644d28d3f6fd074971082ce.php 第 58 行.
INFO: Run Behavior\ParseTemplateBehavior [ RunTime:0.110866s ]
INFO: [ view_parse ] --END-- [ RunTime:0.111019s ]
INFO: [ view_filter ] --START--
INFO: Run Behavior\WriteHtmlCacheBehavior [ RunTime:0.001288s ]
INFO: [ view_filter ] --END-- [ RunTime:0.001424s ]
INFO: [ app_end ] --START--
INFO: Run Behavior\ShowPageTraceBehavior [ RunTime:0.004129s ]
INFO: [ app_end ] --END-- [ RunTime:0.004266s ]

[ 2018-11-21T18:59:13+08:00 ] 127.0.0.1 /index.php/home/wechat/tishi
ERR: Cron:cron Runat 2018-11-21 18:59:13 Use 0.154455 s

[ 2018-11-21T18:59:14+08:00 ] 127.0.0.1 /index.php/home/wechat/tishi
INFO: [ app_init ] --START--
INFO: Run Behavior\BuildLiteBehavior [ RunTime:0.000035s ]
INFO: [ app_init ] --END-- [ RunTime:0.001465s ]
INFO: [ app_begin ] --START--
INFO: Run Behavior\ReadHtmlCacheBehavior [ RunTime:0.001649s ]
SQL: SHOW COLUMNS FROM `red_indent` [ RunTime:0.0968s ]
SQL: SELECT * FROM `red_indent` WHERE `status` = 2  [ RunTime:0.0006s ]
INFO: Run Behavior\CronRunBehavior [ RunTime:0.218893s ]
INFO: [ app_begin ] --END-- [ RunTime:0.220806s ]
SQL: SHOW COLUMNS FROM `red_code` [ RunTime:0.2042s ]
SQL: SELECT `activity_id` FROM `red_code` WHERE `code_sn` = '' LIMIT 1   [ RunTime:0.0007s ]
SQL: SHOW COLUMNS FROM `red_activity` [ RunTime:0.1364s ]
SQL: SELECT `shop_id` FROM `red_activity` WHERE `id` = null LIMIT 1   [ RunTime:0.0005s ]
SQL: SHOW COLUMNS FROM `red_shop` [ RunTime:0.0625s ]
SQL: SELECT `name`,`logo` FROM `red_shop` WHERE `id` = null LIMIT 1   [ RunTime:0.0006s ]
INFO: [ view_parse ] --START--
INFO: [ template_filter ] --START--
INFO: Run Behavior\ContentReplaceBehavior [ RunTime:0.000098s ]
INFO: [ template_filter ] --END-- [ RunTime:0.000250s ]
NOTIC: [8] Use of undefined constant logo - assumed 'logo' E:\wamp\www\anti\Application\Runtime\Cache\Home\c796606de644d28d3f6fd074971082ce.php 第 11 行.
NOTIC: [8] Use of undefined constant share_success - assumed 'share_success' E:\wamp\www\anti\Application\Runtime\Cache\Home\c796606de644d28d3f6fd074971082ce.php 第 58 行.
INFO: Run Behavior\ParseTemplateBehavior [ RunTime:0.082295s ]
INFO: [ view_parse ] --END-- [ RunTime:0.082758s ]
INFO: [ view_filter ] --START--
INFO: Run Behavior\WriteHtmlCacheBehavior [ RunTime:0.001903s ]
INFO: [ view_filter ] --END-- [ RunTime:0.002119s ]
INFO: [ app_end ] --START--
INFO: Run Behavior\ShowPageTraceBehavior [ RunTime:0.001801s ]
INFO: [ app_end ] --END-- [ RunTime:0.001980s ]

[ 2018-11-21T18:59:48+08:00 ] 127.0.0.1 /index.php/home/wechat/tishi
ERR: Cron:cron Runat 2018-11-21 18:59:48 Use 0.167412 s

[ 2018-11-21T18:59:49+08:00 ] 127.0.0.1 /index.php/home/wechat/tishi
INFO: [ app_init ] --START--
INFO: Run Behavior\BuildLiteBehavior [ RunTime:0.000038s ]
INFO: [ app_init ] --END-- [ RunTime:0.012044s ]
INFO: [ app_begin ] --START--
INFO: Run Behavior\ReadHtmlCacheBehavior [ RunTime:0.016516s ]
SQL: SHOW COLUMNS FROM `red_indent` [ RunTime:0.1035s ]
SQL: SELECT * FROM `red_indent` WHERE `status` = 2  [ RunTime:0.0005s ]
INFO: Run Behavior\CronRunBehavior [ RunTime:0.221683s ]
INFO: [ app_begin ] --END-- [ RunTime:0.239048s ]
SQL: SHOW COLUMNS FROM `red_code` [ RunTime:0.0984s ]
SQL: SELECT `activity_id` FROM `red_code` WHERE `code_sn` = '' LIMIT 1   [ RunTime:0.0010s ]
SQL: SHOW COLUMNS FROM `red_activity` [ RunTime:0.0673s ]
SQL: SELECT `shop_id` FROM `red_activity` WHERE `id` = null LIMIT 1   [ RunTime:0.0004s ]
SQL: SHOW COLUMNS FROM `red_shop` [ RunTime:0.0828s ]
SQL: SELECT `name`,`logo` FROM `red_shop` WHERE `id` = null LIMIT 1   [ RunTime:0.0010s ]
INFO: [ view_parse ] --START--
INFO: [ template_filter ] --START--
INFO: Run Behavior\ContentReplaceBehavior [ RunTime:0.000202s ]
INFO: [ template_filter ] --END-- [ RunTime:0.000470s ]
NOTIC: [8] Use of undefined constant logo - assumed 'logo' E:\wamp\www\anti\Application\Runtime\Cache\Home\c796606de644d28d3f6fd074971082ce.php 第 11 行.
NOTIC: [8] Use of undefined constant share_success - assumed 'share_success' E:\wamp\www\anti\Application\Runtime\Cache\Home\c796606de644d28d3f6fd074971082ce.php 第 58 行.
INFO: Run Behavior\ParseTemplateBehavior [ RunTime:0.131885s ]
INFO: [ view_parse ] --END-- [ RunTime:0.132081s ]
INFO: [ view_filter ] --START--
INFO: Run Behavior\WriteHtmlCacheBehavior [ RunTime:0.001736s ]
INFO: [ view_filter ] --END-- [ RunTime:0.001955s ]
INFO: [ app_end ] --START--
INFO: Run Behavior\ShowPageTraceBehavior [ RunTime:0.005285s ]
INFO: [ app_end ] --END-- [ RunTime:0.005503s ]

