[ 2018-10-30T09:03:28+08:00 ] 127.0.0.1 /
INFO: [ app_init ] --START--
INFO: Run Behavior\BuildLiteBehavior [ RunTime:0.000032s ]
INFO: [ app_init ] --END-- [ RunTime:0.015071s ]
INFO: [ app_begin ] --START--
INFO: Run Behavior\ReadHtmlCacheBehavior [ RunTime:0.001441s ]
INFO: Run Behavior\CronRunBehavior [ RunTime:0.097454s ]
INFO: [ app_begin ] --END-- [ RunTime:0.099162s ]
NOTIC: [8] Undefined index: ref_id E:\wamp\www\anti\Application\Home\Controller\IndexController.class.php 第 8 行.
NOTIC: [8] Undefined index: code E:\wamp\www\anti\Application\Home\Controller\IndexController.class.php 第 74 行.
ERR: 1146:Table 'redbag.red_class' doesn't exist
 [ SQL语句 ] : SHOW COLUMNS FROM `red_class`
ERR: 1146:Table 'redbag.red_class' doesn't exist
 [ SQL语句 ] : SHOW COLUMNS FROM `red_class`

[ 2018-10-30T09:12:14+08:00 ] 127.0.0.1 /
ERR: Cron:cron Runat 2018-10-30 09:12:14 Use 0.348316 s

[ 2018-10-30T09:12:14+08:00 ] 127.0.0.1 /
INFO: [ app_init ] --START--
INFO: Run Behavior\BuildLiteBehavior [ RunTime:0.000033s ]
INFO: [ app_init ] --END-- [ RunTime:0.001006s ]
INFO: [ app_begin ] --START--
INFO: Run Behavior\ReadHtmlCacheBehavior [ RunTime:0.001268s ]
SQL: SHOW COLUMNS FROM `red_indent` [ RunTime:0.1672s ]
SQL: SELECT * FROM `red_indent` WHERE `status` = 2  [ RunTime:0.0005s ]
INFO: Run Behavior\CronRunBehavior [ RunTime:0.400202s ]
INFO: [ app_begin ] --END-- [ RunTime:0.401724s ]
NOTIC: [8] Undefined index: ref_id E:\wamp\www\anti\Application\Home\Controller\IndexController.class.php 第 8 行.
NOTIC: [8] Undefined index: code E:\wamp\www\anti\Application\Home\Controller\IndexController.class.php 第 74 行.
ERR: 1146:Table 'redbag.red_class' doesn't exist
 [ SQL语句 ] : SHOW COLUMNS FROM `red_class`
ERR: 1146:Table 'redbag.red_class' doesn't exist
 [ SQL语句 ] : SHOW COLUMNS FROM `red_class`

[ 2018-10-30T18:20:02+08:00 ] 127.0.0.1 /index.php/home/index/index
ERR: Cron:cron Runat 2018-10-30 18:20:02 Use 0.716282 s

[ 2018-10-30T18:20:02+08:00 ] 127.0.0.1 /index.php/home/index/index
INFO: [ app_init ] --START--
INFO: Run Behavior\BuildLiteBehavior [ RunTime:0.000033s ]
INFO: [ app_init ] --END-- [ RunTime:0.001014s ]
INFO: [ app_begin ] --START--
INFO: Run Behavior\ReadHtmlCacheBehavior [ RunTime:0.001365s ]
SQL: SHOW COLUMNS FROM `red_indent` [ RunTime:0.1183s ]
SQL: SELECT * FROM `red_indent` WHERE `status` = 2  [ RunTime:0.0007s ]
INFO: Run Behavior\CronRunBehavior [ RunTime:0.782900s ]
INFO: [ app_begin ] --END-- [ RunTime:0.784512s ]

[ 2018-10-30T18:21:12+08:00 ] 127.0.0.1 /index.php/home/index/index
ERR: Cron:cron Runat 2018-10-30 18:21:12 Use 0.091032 s

[ 2018-10-30T18:21:12+08:00 ] 127.0.0.1 /index.php/home/index/index
INFO: [ app_init ] --START--
INFO: Run Behavior\BuildLiteBehavior [ RunTime:0.000034s ]
INFO: [ app_init ] --END-- [ RunTime:0.001716s ]
INFO: [ app_begin ] --START--
INFO: Run Behavior\ReadHtmlCacheBehavior [ RunTime:0.001350s ]
SQL: SHOW COLUMNS FROM `red_indent` [ RunTime:0.0615s ]
SQL: SELECT * FROM `red_indent` WHERE `status` = 2  [ RunTime:0.0005s ]
INFO: Run Behavior\CronRunBehavior [ RunTime:0.128137s ]
INFO: [ app_begin ] --END-- [ RunTime:0.129776s ]

[ 2018-10-30T18:22:11+08:00 ] 127.0.0.1 /index.php/home/index/index
ERR: Cron:cron Runat 2018-10-30 18:22:11 Use 0.121491 s

[ 2018-10-30T18:22:11+08:00 ] 127.0.0.1 /index.php/home/index/index
INFO: [ app_init ] --START--
INFO: Run Behavior\BuildLiteBehavior [ RunTime:0.000037s ]
INFO: [ app_init ] --END-- [ RunTime:0.003044s ]
INFO: [ app_begin ] --START--
INFO: Run Behavior\ReadHtmlCacheBehavior [ RunTime:0.002212s ]
SQL: SHOW COLUMNS FROM `red_indent` [ RunTime:0.0800s ]
SQL: SELECT * FROM `red_indent` WHERE `status` = 2  [ RunTime:0.0005s ]
INFO: Run Behavior\CronRunBehavior [ RunTime:0.208777s ]
INFO: [ app_begin ] --END-- [ RunTime:0.211328s ]

[ 2018-10-30T18:28:08+08:00 ] 127.0.0.1 /index.php/home/index/index
ERR: Cron:cron Runat 2018-10-30 18:28:08 Use 0.474416 s

[ 2018-10-30T18:28:09+08:00 ] 127.0.0.1 /index.php/home/index/index
INFO: [ app_init ] --START--
INFO: Run Behavior\BuildLiteBehavior [ RunTime:0.000035s ]
INFO: [ app_init ] --END-- [ RunTime:0.001581s ]
INFO: [ app_begin ] --START--
INFO: Run Behavior\ReadHtmlCacheBehavior [ RunTime:0.001574s ]
SQL: SHOW COLUMNS FROM `red_indent` [ RunTime:0.2624s ]
SQL: SELECT * FROM `red_indent` WHERE `status` = 2  [ RunTime:0.0008s ]
INFO: Run Behavior\CronRunBehavior [ RunTime:0.702497s ]
INFO: [ app_begin ] --END-- [ RunTime:0.704408s ]
INFO: [ view_parse ] --START--
INFO: [ template_filter ] --START--
INFO: Run Behavior\ContentReplaceBehavior [ RunTime:0.000088s ]
INFO: [ template_filter ] --END-- [ RunTime:0.000242s ]
INFO: Run Behavior\ParseTemplateBehavior [ RunTime:0.478920s ]
INFO: [ view_parse ] --END-- [ RunTime:0.479077s ]
INFO: [ view_filter ] --START--
INFO: Run Behavior\WriteHtmlCacheBehavior [ RunTime:0.016284s ]
INFO: [ view_filter ] --END-- [ RunTime:0.016435s ]
INFO: [ app_end ] --START--
INFO: Run Behavior\ShowPageTraceBehavior [ RunTime:0.002755s ]
INFO: [ app_end ] --END-- [ RunTime:0.002925s ]

[ 2018-10-30T18:28:12+08:00 ] 127.0.0.1 /index.php/home/index/image/head.png
INFO: [ app_init ] --START--
INFO: Run Behavior\BuildLiteBehavior [ RunTime:0.000036s ]
INFO: [ app_init ] --END-- [ RunTime:0.001380s ]

[ 2018-10-30T18:28:12+08:00 ] 127.0.0.1 /index.php/home/index/image/bg.jpg
INFO: [ app_init ] --START--
INFO: Run Behavior\BuildLiteBehavior [ RunTime:0.000035s ]
INFO: [ app_init ] --END-- [ RunTime:0.001055s ]

[ 2018-10-30T18:28:12+08:00 ] 127.0.0.1 /index.php/home/index/image/1.png
INFO: [ app_init ] --START--
INFO: Run Behavior\BuildLiteBehavior [ RunTime:0.000033s ]
INFO: [ app_init ] --END-- [ RunTime:0.000971s ]

[ 2018-10-30T18:28:12+08:00 ] 127.0.0.1 /index.php/home/index/image/3.png
INFO: [ app_init ] --START--
INFO: Run Behavior\BuildLiteBehavior [ RunTime:0.000034s ]
INFO: [ app_init ] --END-- [ RunTime:0.001486s ]

[ 2018-10-30T18:28:12+08:00 ] 127.0.0.1 /index.php/home/index/image/more.png
INFO: [ app_init ] --START--
INFO: Run Behavior\BuildLiteBehavior [ RunTime:0.000035s ]
INFO: [ app_init ] --END-- [ RunTime:0.001490s ]

[ 2018-10-30T18:28:12+08:00 ] 127.0.0.1 /index.php/home/index/image/2.png
INFO: [ app_init ] --START--
INFO: Run Behavior\BuildLiteBehavior [ RunTime:0.000033s ]
INFO: [ app_init ] --END-- [ RunTime:0.000928s ]

[ 2018-10-30T18:30:41+08:00 ] 127.0.0.1 /index.php/home/index/index
ERR: Cron:cron Runat 2018-10-30 18:30:41 Use 0.412836 s

[ 2018-10-30T18:30:42+08:00 ] 127.0.0.1 /index.php/home/index/index
INFO: [ app_init ] --START--
INFO: Run Behavior\BuildLiteBehavior [ RunTime:0.000034s ]
INFO: [ app_init ] --END-- [ RunTime:0.002262s ]
INFO: [ app_begin ] --START--
INFO: Run Behavior\ReadHtmlCacheBehavior [ RunTime:0.001845s ]
SQL: SHOW COLUMNS FROM `red_indent` [ RunTime:0.2431s ]
SQL: SELECT * FROM `red_indent` WHERE `status` = 2  [ RunTime:0.0005s ]
INFO: Run Behavior\CronRunBehavior [ RunTime:0.572212s ]
INFO: [ app_begin ] --END-- [ RunTime:0.574367s ]
INFO: [ view_parse ] --START--
INFO: [ template_filter ] --START--
INFO: Run Behavior\ContentReplaceBehavior [ RunTime:0.000120s ]
INFO: [ template_filter ] --END-- [ RunTime:0.000530s ]
INFO: Run Behavior\ParseTemplateBehavior [ RunTime:0.108123s ]
INFO: [ view_parse ] --END-- [ RunTime:0.108282s ]
INFO: [ view_filter ] --START--
INFO: Run Behavior\WriteHtmlCacheBehavior [ RunTime:0.001209s ]
INFO: [ view_filter ] --END-- [ RunTime:0.001342s ]
INFO: [ app_end ] --START--
INFO: Run Behavior\ShowPageTraceBehavior [ RunTime:0.001631s ]
INFO: [ app_end ] --END-- [ RunTime:0.001769s ]

[ 2018-10-30T18:30:42+08:00 ] 127.0.0.1 /index.php/home/index/image/head.png
INFO: [ app_init ] --START--
INFO: Run Behavior\BuildLiteBehavior [ RunTime:0.000036s ]
INFO: [ app_init ] --END-- [ RunTime:0.002415s ]

[ 2018-10-30T18:32:58+08:00 ] 127.0.0.1 /index.php/home/index/index
ERR: Cron:cron Runat 2018-10-30 18:32:58 Use 0.458176 s

[ 2018-10-30T18:32:59+08:00 ] 127.0.0.1 /index.php/home/index/index
INFO: [ app_init ] --START--
INFO: Run Behavior\BuildLiteBehavior [ RunTime:0.000038s ]
INFO: [ app_init ] --END-- [ RunTime:0.009448s ]
INFO: [ app_begin ] --START--
INFO: Run Behavior\ReadHtmlCacheBehavior [ RunTime:0.003158s ]
SQL: SHOW COLUMNS FROM `red_indent` [ RunTime:0.1936s ]
SQL: SELECT * FROM `red_indent` WHERE `status` = 2  [ RunTime:0.0007s ]
INFO: Run Behavior\CronRunBehavior [ RunTime:0.576791s ]
INFO: [ app_begin ] --END-- [ RunTime:0.580206s ]
INFO: [ view_parse ] --START--
INFO: [ template_filter ] --START--
INFO: Run Behavior\ContentReplaceBehavior [ RunTime:0.000088s ]
INFO: [ template_filter ] --END-- [ RunTime:0.000269s ]
INFO: Run Behavior\ParseTemplateBehavior [ RunTime:0.240201s ]
INFO: [ view_parse ] --END-- [ RunTime:0.240775s ]
INFO: [ view_filter ] --START--
INFO: Run Behavior\WriteHtmlCacheBehavior [ RunTime:0.008711s ]
INFO: [ view_filter ] --END-- [ RunTime:0.008890s ]
INFO: [ app_end ] --START--
INFO: Run Behavior\ShowPageTraceBehavior [ RunTime:0.008773s ]
INFO: [ app_end ] --END-- [ RunTime:0.008925s ]

[ 2018-10-30T18:35:47+08:00 ] 127.0.0.1 /index.php/home/index/ticket
ERR: Cron:cron Runat 2018-10-30 18:35:47 Use 0.200170 s

[ 2018-10-30T18:35:47+08:00 ] 127.0.0.1 /index.php/home/index/ticket
INFO: [ app_init ] --START--
INFO: Run Behavior\BuildLiteBehavior [ RunTime:0.000034s ]
INFO: [ app_init ] --END-- [ RunTime:0.078469s ]
INFO: [ app_begin ] --START--
INFO: Run Behavior\ReadHtmlCacheBehavior [ RunTime:0.001386s ]
SQL: SHOW COLUMNS FROM `red_indent` [ RunTime:0.0725s ]
SQL: SELECT * FROM `red_indent` WHERE `status` = 2  [ RunTime:0.0009s ]
INFO: Run Behavior\CronRunBehavior [ RunTime:0.238245s ]
INFO: [ app_begin ] --END-- [ RunTime:0.239889s ]
INFO: [ view_parse ] --START--
INFO: [ template_filter ] --START--
INFO: Run Behavior\ContentReplaceBehavior [ RunTime:0.000148s ]
INFO: [ template_filter ] --END-- [ RunTime:0.000295s ]
INFO: Run Behavior\ParseTemplateBehavior [ RunTime:0.209520s ]
INFO: [ view_parse ] --END-- [ RunTime:0.209701s ]
INFO: [ view_filter ] --START--
INFO: Run Behavior\WriteHtmlCacheBehavior [ RunTime:0.001604s ]
INFO: [ view_filter ] --END-- [ RunTime:0.001749s ]
INFO: [ app_end ] --START--
INFO: Run Behavior\ShowPageTraceBehavior [ RunTime:0.001302s ]
INFO: [ app_end ] --END-- [ RunTime:0.001561s ]

[ 2018-10-30T18:40:02+08:00 ] 127.0.0.1 /index.php/home/index/note
ERR: Cron:cron Runat 2018-10-30 18:40:02 Use 0.337136 s

[ 2018-10-30T18:40:02+08:00 ] 127.0.0.1 /index.php/home/index/note
INFO: [ app_init ] --START--
INFO: Run Behavior\BuildLiteBehavior [ RunTime:0.000033s ]
INFO: [ app_init ] --END-- [ RunTime:0.001562s ]
INFO: [ app_begin ] --START--
INFO: Run Behavior\ReadHtmlCacheBehavior [ RunTime:0.002896s ]
SQL: SHOW COLUMNS FROM `red_indent` [ RunTime:0.0732s ]
SQL: SELECT * FROM `red_indent` WHERE `status` = 2  [ RunTime:0.0020s ]
INFO: Run Behavior\CronRunBehavior [ RunTime:0.390558s ]
INFO: [ app_begin ] --END-- [ RunTime:0.393745s ]
INFO: [ view_parse ] --START--
INFO: [ template_filter ] --START--
INFO: Run Behavior\ContentReplaceBehavior [ RunTime:0.000072s ]
INFO: [ template_filter ] --END-- [ RunTime:0.000209s ]
INFO: Run Behavior\ParseTemplateBehavior [ RunTime:0.112752s ]
INFO: [ view_parse ] --END-- [ RunTime:0.112905s ]
INFO: [ view_filter ] --START--
INFO: Run Behavior\WriteHtmlCacheBehavior [ RunTime:0.015200s ]
INFO: [ view_filter ] --END-- [ RunTime:0.015371s ]
INFO: [ app_end ] --START--
INFO: Run Behavior\ShowPageTraceBehavior [ RunTime:0.002320s ]
INFO: [ app_end ] --END-- [ RunTime:0.002456s ]

[ 2018-10-30T18:42:09+08:00 ] 127.0.0.1 /index.php/home/index/index
ERR: Cron:cron Runat 2018-10-30 18:42:09 Use 0.216679 s

[ 2018-10-30T18:42:09+08:00 ] 127.0.0.1 /index.php/home/index/index
INFO: [ app_init ] --START--
INFO: Run Behavior\BuildLiteBehavior [ RunTime:0.000034s ]
INFO: [ app_init ] --END-- [ RunTime:0.001212s ]
INFO: [ app_begin ] --START--
INFO: Run Behavior\ReadHtmlCacheBehavior [ RunTime:0.001856s ]
SQL: SHOW COLUMNS FROM `red_indent` [ RunTime:0.1342s ]
SQL: SELECT * FROM `red_indent` WHERE `status` = 2  [ RunTime:0.0005s ]
INFO: Run Behavior\CronRunBehavior [ RunTime:0.260475s ]
INFO: [ app_begin ] --END-- [ RunTime:0.262640s ]
INFO: [ view_parse ] --START--
INFO: [ template_filter ] --START--
INFO: Run Behavior\ContentReplaceBehavior [ RunTime:0.000086s ]
INFO: [ template_filter ] --END-- [ RunTime:0.000229s ]
INFO: Run Behavior\ParseTemplateBehavior [ RunTime:0.214188s ]
INFO: [ view_parse ] --END-- [ RunTime:0.215113s ]
INFO: [ view_filter ] --START--
INFO: Run Behavior\WriteHtmlCacheBehavior [ RunTime:0.021910s ]
INFO: [ view_filter ] --END-- [ RunTime:0.022051s ]
INFO: [ app_end ] --START--
INFO: Run Behavior\ShowPageTraceBehavior [ RunTime:0.002352s ]
INFO: [ app_end ] --END-- [ RunTime:0.002488s ]

[ 2018-10-30T18:43:45+08:00 ] 127.0.0.1 /index.php/home/index/index
ERR: Cron:cron Runat 2018-10-30 18:43:45 Use 0.301285 s

[ 2018-10-30T18:43:46+08:00 ] 127.0.0.1 /index.php/home/index/index
INFO: [ app_init ] --START--
INFO: Run Behavior\BuildLiteBehavior [ RunTime:0.000048s ]
INFO: [ app_init ] --END-- [ RunTime:0.001458s ]
INFO: [ app_begin ] --START--
INFO: Run Behavior\ReadHtmlCacheBehavior [ RunTime:0.001652s ]
SQL: SHOW COLUMNS FROM `red_indent` [ RunTime:0.1975s ]
SQL: SELECT * FROM `red_indent` WHERE `status` = 2  [ RunTime:0.0006s ]
INFO: Run Behavior\CronRunBehavior [ RunTime:0.369254s ]
INFO: [ app_begin ] --END-- [ RunTime:0.371201s ]
INFO: [ view_parse ] --START--
INFO: [ template_filter ] --START--
INFO: Run Behavior\ContentReplaceBehavior [ RunTime:0.000096s ]
INFO: [ template_filter ] --END-- [ RunTime:0.000249s ]
INFO: Run Behavior\ParseTemplateBehavior [ RunTime:0.590754s ]
INFO: [ view_parse ] --END-- [ RunTime:0.590949s ]
INFO: [ view_filter ] --START--
INFO: Run Behavior\WriteHtmlCacheBehavior [ RunTime:0.055264s ]
INFO: [ view_filter ] --END-- [ RunTime:0.055450s ]
INFO: [ app_end ] --START--
INFO: Run Behavior\ShowPageTraceBehavior [ RunTime:0.045774s ]
INFO: [ app_end ] --END-- [ RunTime:0.045920s ]

[ 2018-10-30T18:43:52+08:00 ] 127.0.0.1 /index.php/Home/Index/ticket
INFO: [ app_init ] --START--
INFO: Run Behavior\BuildLiteBehavior [ RunTime:0.000034s ]
INFO: [ app_init ] --END-- [ RunTime:0.000956s ]
INFO: [ app_begin ] --START--
INFO: Run Behavior\ReadHtmlCacheBehavior [ RunTime:0.001399s ]
INFO: Run Behavior\CronRunBehavior [ RunTime:0.046423s ]
INFO: [ app_begin ] --END-- [ RunTime:0.048071s ]
INFO: [ view_parse ] --START--
INFO: [ template_filter ] --START--
INFO: Run Behavior\ContentReplaceBehavior [ RunTime:0.000147s ]
INFO: [ template_filter ] --END-- [ RunTime:0.000284s ]
INFO: Run Behavior\ParseTemplateBehavior [ RunTime:0.221859s ]
INFO: [ view_parse ] --END-- [ RunTime:0.222058s ]
INFO: [ view_filter ] --START--
INFO: Run Behavior\WriteHtmlCacheBehavior [ RunTime:0.001361s ]
INFO: [ view_filter ] --END-- [ RunTime:0.001492s ]
INFO: [ app_end ] --START--
INFO: Run Behavior\ShowPageTraceBehavior [ RunTime:0.001418s ]
INFO: [ app_end ] --END-- [ RunTime:0.001552s ]

[ 2018-10-30T18:44:03+08:00 ] 127.0.0.1 /index.php/Home/Index/ticket
ERR: Cron:cron Runat 2018-10-30 18:44:03 Use 1.388177 s

[ 2018-10-30T18:44:04+08:00 ] 127.0.0.1 /index.php/Home/Index/ticket
INFO: [ app_init ] --START--
INFO: Run Behavior\BuildLiteBehavior [ RunTime:0.000033s ]
INFO: [ app_init ] --END-- [ RunTime:0.001262s ]
INFO: [ app_begin ] --START--
INFO: Run Behavior\ReadHtmlCacheBehavior [ RunTime:0.002174s ]
SQL: SHOW COLUMNS FROM `red_indent` [ RunTime:0.6797s ]
SQL: SELECT * FROM `red_indent` WHERE `status` = 2  [ RunTime:0.0005s ]
INFO: Run Behavior\CronRunBehavior [ RunTime:1.526610s ]
INFO: [ app_begin ] --END-- [ RunTime:1.529077s ]
INFO: [ view_parse ] --START--
INFO: [ template_filter ] --START--
INFO: Run Behavior\ContentReplaceBehavior [ RunTime:0.000153s ]
INFO: [ template_filter ] --END-- [ RunTime:0.000310s ]
INFO: Run Behavior\ParseTemplateBehavior [ RunTime:0.416596s ]
INFO: [ view_parse ] --END-- [ RunTime:0.416753s ]
INFO: [ view_filter ] --START--
INFO: Run Behavior\WriteHtmlCacheBehavior [ RunTime:0.046144s ]
INFO: [ view_filter ] --END-- [ RunTime:0.046284s ]
INFO: [ app_end ] --START--
INFO: Run Behavior\ShowPageTraceBehavior [ RunTime:0.015649s ]
INFO: [ app_end ] --END-- [ RunTime:0.015798s ]

[ 2018-10-30T18:44:10+08:00 ] 127.0.0.1 /index.php/home/index/index
ERR: Cron:cron Runat 2018-10-30 18:44:10 Use 0.178421 s

[ 2018-10-30T18:44:10+08:00 ] 127.0.0.1 /index.php/home/index/index
INFO: [ app_init ] --START--
INFO: Run Behavior\BuildLiteBehavior [ RunTime:0.000039s ]
INFO: [ app_init ] --END-- [ RunTime:0.001240s ]
INFO: [ app_begin ] --START--
INFO: Run Behavior\ReadHtmlCacheBehavior [ RunTime:0.001486s ]
SQL: SHOW COLUMNS FROM `red_indent` [ RunTime:0.1108s ]
SQL: SELECT * FROM `red_indent` WHERE `status` = 2  [ RunTime:0.0005s ]
INFO: Run Behavior\CronRunBehavior [ RunTime:0.204106s ]
INFO: [ app_begin ] --END-- [ RunTime:0.206142s ]
INFO: [ view_parse ] --START--
INFO: [ template_filter ] --START--
INFO: Run Behavior\ContentReplaceBehavior [ RunTime:0.000084s ]
INFO: [ template_filter ] --END-- [ RunTime:0.000222s ]
INFO: Run Behavior\ParseTemplateBehavior [ RunTime:0.223222s ]
INFO: [ view_parse ] --END-- [ RunTime:0.223381s ]
INFO: [ view_filter ] --START--
INFO: Run Behavior\WriteHtmlCacheBehavior [ RunTime:0.001724s ]
INFO: [ view_filter ] --END-- [ RunTime:0.001888s ]
INFO: [ app_end ] --START--
INFO: Run Behavior\ShowPageTraceBehavior [ RunTime:0.001650s ]
INFO: [ app_end ] --END-- [ RunTime:0.001803s ]

[ 2018-10-30T18:44:58+08:00 ] 127.0.0.1 /index.php/Home/Index/note
ERR: Cron:cron Runat 2018-10-30 18:44:58 Use 0.107146 s

[ 2018-10-30T18:44:58+08:00 ] 127.0.0.1 /index.php/Home/Index/note
INFO: [ app_init ] --START--
INFO: Run Behavior\BuildLiteBehavior [ RunTime:0.000039s ]
INFO: [ app_init ] --END-- [ RunTime:0.001112s ]
INFO: [ app_begin ] --START--
INFO: Run Behavior\ReadHtmlCacheBehavior [ RunTime:0.001396s ]
SQL: SHOW COLUMNS FROM `red_indent` [ RunTime:0.0680s ]
SQL: SELECT * FROM `red_indent` WHERE `status` = 2  [ RunTime:0.0016s ]
INFO: Run Behavior\CronRunBehavior [ RunTime:0.138161s ]
INFO: [ app_begin ] --END-- [ RunTime:0.139837s ]
INFO: [ view_parse ] --START--
INFO: [ template_filter ] --START--
INFO: Run Behavior\ContentReplaceBehavior [ RunTime:0.000084s ]
INFO: [ template_filter ] --END-- [ RunTime:0.000301s ]
INFO: Run Behavior\ParseTemplateBehavior [ RunTime:0.198137s ]
INFO: [ view_parse ] --END-- [ RunTime:0.198293s ]
INFO: [ view_filter ] --START--
INFO: Run Behavior\WriteHtmlCacheBehavior [ RunTime:0.001213s ]
INFO: [ view_filter ] --END-- [ RunTime:0.001347s ]
INFO: [ app_end ] --START--
INFO: Run Behavior\ShowPageTraceBehavior [ RunTime:0.001503s ]
INFO: [ app_end ] --END-- [ RunTime:0.001651s ]

[ 2018-10-30T18:57:58+08:00 ] 127.0.0.1 /index.php/home/index/jiugong
ERR: Cron:cron Runat 2018-10-30 18:57:58 Use 0.366884 s

[ 2018-10-30T18:57:58+08:00 ] 127.0.0.1 /index.php/home/index/jiugong
INFO: [ app_init ] --START--
INFO: Run Behavior\BuildLiteBehavior [ RunTime:0.000032s ]
INFO: [ app_init ] --END-- [ RunTime:0.001200s ]
INFO: [ app_begin ] --START--
INFO: Run Behavior\ReadHtmlCacheBehavior [ RunTime:0.072821s ]
SQL: SHOW COLUMNS FROM `red_indent` [ RunTime:0.1082s ]
SQL: SELECT * FROM `red_indent` WHERE `status` = 2  [ RunTime:0.0006s ]
INFO: Run Behavior\CronRunBehavior [ RunTime:0.432467s ]
INFO: [ app_begin ] --END-- [ RunTime:0.505554s ]
INFO: [ view_parse ] --START--
INFO: [ template_filter ] --START--
INFO: Run Behavior\ContentReplaceBehavior [ RunTime:0.000107s ]
INFO: [ template_filter ] --END-- [ RunTime:0.000255s ]
INFO: Run Behavior\ParseTemplateBehavior [ RunTime:0.209614s ]
INFO: [ view_parse ] --END-- [ RunTime:0.209771s ]
INFO: [ view_filter ] --START--
INFO: Run Behavior\WriteHtmlCacheBehavior [ RunTime:0.028300s ]
INFO: [ view_filter ] --END-- [ RunTime:0.028434s ]
INFO: [ app_end ] --START--
INFO: Run Behavior\ShowPageTraceBehavior [ RunTime:0.002661s ]
INFO: [ app_end ] --END-- [ RunTime:0.002795s ]

[ 2018-10-30T18:59:29+08:00 ] 127.0.0.1 /index.php/home/index/jiugong
ERR: Cron:cron Runat 2018-10-30 18:59:29 Use 0.155355 s

[ 2018-10-30T18:59:29+08:00 ] 127.0.0.1 /index.php/home/index/jiugong
INFO: [ app_init ] --START--
INFO: Run Behavior\BuildLiteBehavior [ RunTime:0.000033s ]
INFO: [ app_init ] --END-- [ RunTime:0.000932s ]
INFO: [ app_begin ] --START--
INFO: Run Behavior\ReadHtmlCacheBehavior [ RunTime:0.001403s ]
SQL: SHOW COLUMNS FROM `red_indent` [ RunTime:0.1100s ]
SQL: SELECT * FROM `red_indent` WHERE `status` = 2  [ RunTime:0.0006s ]
INFO: Run Behavior\CronRunBehavior [ RunTime:0.279322s ]
INFO: [ app_begin ] --END-- [ RunTime:0.280975s ]
INFO: [ view_parse ] --START--
INFO: [ template_filter ] --START--
INFO: Run Behavior\ContentReplaceBehavior [ RunTime:0.000133s ]
INFO: [ template_filter ] --END-- [ RunTime:0.000294s ]
INFO: Run Behavior\ParseTemplateBehavior [ RunTime:0.119479s ]
INFO: [ view_parse ] --END-- [ RunTime:0.119639s ]
INFO: [ view_filter ] --START--
INFO: Run Behavior\WriteHtmlCacheBehavior [ RunTime:0.001941s ]
INFO: [ view_filter ] --END-- [ RunTime:0.002088s ]
INFO: [ app_end ] --START--
INFO: Run Behavior\ShowPageTraceBehavior [ RunTime:0.001316s ]
INFO: [ app_end ] --END-- [ RunTime:0.001605s ]

[ 2018-10-30T19:00:48+08:00 ] 127.0.0.1 /index.php/home/index/jiugong
ERR: Cron:cron Runat 2018-10-30 19:00:48 Use 0.108802 s

[ 2018-10-30T19:00:48+08:00 ] 127.0.0.1 /index.php/home/index/jiugong
INFO: [ app_init ] --START--
INFO: Run Behavior\BuildLiteBehavior [ RunTime:0.000034s ]
INFO: [ app_init ] --END-- [ RunTime:0.001075s ]
INFO: [ app_begin ] --START--
INFO: Run Behavior\ReadHtmlCacheBehavior [ RunTime:0.002637s ]
SQL: SHOW COLUMNS FROM `red_indent` [ RunTime:0.0801s ]
SQL: SELECT * FROM `red_indent` WHERE `status` = 2  [ RunTime:0.0006s ]
INFO: Run Behavior\CronRunBehavior [ RunTime:0.134825s ]
INFO: [ app_begin ] --END-- [ RunTime:0.137853s ]
INFO: [ view_parse ] --START--
INFO: [ template_filter ] --START--
INFO: Run Behavior\ContentReplaceBehavior [ RunTime:0.000107s ]
INFO: [ template_filter ] --END-- [ RunTime:0.000253s ]
INFO: Run Behavior\ParseTemplateBehavior [ RunTime:0.018743s ]
INFO: [ view_parse ] --END-- [ RunTime:0.018904s ]
INFO: [ view_filter ] --START--
INFO: Run Behavior\WriteHtmlCacheBehavior [ RunTime:0.001331s ]
INFO: [ view_filter ] --END-- [ RunTime:0.001474s ]
INFO: [ app_end ] --START--
INFO: Run Behavior\ShowPageTraceBehavior [ RunTime:0.001610s ]
INFO: [ app_end ] --END-- [ RunTime:0.001767s ]

[ 2018-10-30T19:03:59+08:00 ] 127.0.0.1 /index.php/home/index/zhuanpan
ERR: Cron:cron Runat 2018-10-30 19:03:59 Use 0.141637 s

[ 2018-10-30T19:03:59+08:00 ] 127.0.0.1 /index.php/home/index/zhuanpan
INFO: [ app_init ] --START--
INFO: Run Behavior\BuildLiteBehavior [ RunTime:0.000038s ]
INFO: [ app_init ] --END-- [ RunTime:0.001583s ]
INFO: [ app_begin ] --START--
INFO: Run Behavior\ReadHtmlCacheBehavior [ RunTime:0.001524s ]
SQL: SHOW COLUMNS FROM `red_indent` [ RunTime:0.0983s ]
SQL: SELECT * FROM `red_indent` WHERE `status` = 2  [ RunTime:0.0010s ]
INFO: Run Behavior\CronRunBehavior [ RunTime:0.182606s ]
INFO: [ app_begin ] --END-- [ RunTime:0.184403s ]
INFO: [ view_parse ] --START--
INFO: [ template_filter ] --START--
INFO: Run Behavior\ContentReplaceBehavior [ RunTime:0.000113s ]
INFO: [ template_filter ] --END-- [ RunTime:0.000316s ]
INFO: Run Behavior\ParseTemplateBehavior [ RunTime:0.074891s ]
INFO: [ view_parse ] --END-- [ RunTime:0.075088s ]
INFO: [ view_filter ] --START--
INFO: Run Behavior\WriteHtmlCacheBehavior [ RunTime:0.004263s ]
INFO: [ view_filter ] --END-- [ RunTime:0.004709s ]
INFO: [ app_end ] --START--
INFO: Run Behavior\ShowPageTraceBehavior [ RunTime:0.001516s ]
INFO: [ app_end ] --END-- [ RunTime:0.001677s ]

[ 2018-10-30T19:04:11+08:00 ] 127.0.0.1 /index.php/home/index/zhuanpan
ERR: Cron:cron Runat 2018-10-30 19:04:11 Use 0.091111 s

[ 2018-10-30T19:04:12+08:00 ] 127.0.0.1 /index.php/home/index/zhuanpan
INFO: [ app_init ] --START--
INFO: Run Behavior\BuildLiteBehavior [ RunTime:0.000039s ]
INFO: [ app_init ] --END-- [ RunTime:0.002808s ]
INFO: [ app_begin ] --START--
INFO: Run Behavior\ReadHtmlCacheBehavior [ RunTime:0.006166s ]
SQL: SHOW COLUMNS FROM `red_indent` [ RunTime:0.0677s ]
SQL: SELECT * FROM `red_indent` WHERE `status` = 2  [ RunTime:0.0005s ]
INFO: Run Behavior\CronRunBehavior [ RunTime:0.177798s ]
INFO: [ app_begin ] --END-- [ RunTime:0.184239s ]
INFO: [ view_parse ] --START--
INFO: [ template_filter ] --START--
INFO: Run Behavior\ContentReplaceBehavior [ RunTime:0.000094s ]
INFO: [ template_filter ] --END-- [ RunTime:0.000239s ]
INFO: Run Behavior\ParseTemplateBehavior [ RunTime:0.103087s ]
INFO: [ view_parse ] --END-- [ RunTime:0.103248s ]
INFO: [ view_filter ] --START--
INFO: Run Behavior\WriteHtmlCacheBehavior [ RunTime:0.001239s ]
INFO: [ view_filter ] --END-- [ RunTime:0.001373s ]
INFO: [ app_end ] --START--
INFO: Run Behavior\ShowPageTraceBehavior [ RunTime:0.001201s ]
INFO: [ app_end ] --END-- [ RunTime:0.001336s ]

[ 2018-10-30T19:05:13+08:00 ] 127.0.0.1 /index.php/home/index/guagua
ERR: Cron:cron Runat 2018-10-30 19:05:13 Use 0.112307 s

[ 2018-10-30T19:05:13+08:00 ] 127.0.0.1 /index.php/home/index/guagua
INFO: [ app_init ] --START--
INFO: Run Behavior\BuildLiteBehavior [ RunTime:0.000033s ]
INFO: [ app_init ] --END-- [ RunTime:0.001074s ]
INFO: [ app_begin ] --START--
INFO: Run Behavior\ReadHtmlCacheBehavior [ RunTime:0.001355s ]
SQL: SHOW COLUMNS FROM `red_indent` [ RunTime:0.0745s ]
SQL: SELECT * FROM `red_indent` WHERE `status` = 2  [ RunTime:0.0156s ]
INFO: Run Behavior\CronRunBehavior [ RunTime:0.139455s ]
INFO: [ app_begin ] --END-- [ RunTime:0.141242s ]
INFO: [ view_parse ] --START--
INFO: [ template_filter ] --START--
INFO: Run Behavior\ContentReplaceBehavior [ RunTime:0.000098s ]
INFO: [ template_filter ] --END-- [ RunTime:0.000248s ]
INFO: Run Behavior\ParseTemplateBehavior [ RunTime:0.109586s ]
INFO: [ view_parse ] --END-- [ RunTime:0.109745s ]
INFO: [ view_filter ] --START--
INFO: Run Behavior\WriteHtmlCacheBehavior [ RunTime:0.001183s ]
INFO: [ view_filter ] --END-- [ RunTime:0.001317s ]
INFO: [ app_end ] --START--
INFO: Run Behavior\ShowPageTraceBehavior [ RunTime:0.001559s ]
INFO: [ app_end ] --END-- [ RunTime:0.001704s ]

[ 2018-10-30T19:05:24+08:00 ] 127.0.0.1 /index.php/home/common/image/prize/prize2.png
INFO: [ app_init ] --START--
INFO: Run Behavior\BuildLiteBehavior [ RunTime:0.000200s ]
INFO: [ app_init ] --END-- [ RunTime:0.003049s ]

[ 2018-10-30T19:05:53+08:00 ] 127.0.0.1 /index.php/home/my.html
ERR: Cron:cron Runat 2018-10-30 19:05:53 Use 0.127729 s

[ 2018-10-30T19:05:53+08:00 ] 127.0.0.1 /index.php/home/my.html
INFO: [ app_init ] --START--
INFO: Run Behavior\BuildLiteBehavior [ RunTime:0.000033s ]
INFO: [ app_init ] --END-- [ RunTime:0.003101s ]
INFO: [ app_begin ] --START--
INFO: Run Behavior\ReadHtmlCacheBehavior [ RunTime:0.002469s ]
SQL: SHOW COLUMNS FROM `red_indent` [ RunTime:0.0871s ]
SQL: SELECT * FROM `red_indent` WHERE `status` = 2  [ RunTime:0.0005s ]
INFO: Run Behavior\CronRunBehavior [ RunTime:0.167537s ]
INFO: [ app_begin ] --END-- [ RunTime:0.170773s ]
ERR: 无法加载控制器:My

[ 2018-10-30T19:06:01+08:00 ] 127.0.0.1 /index.php/home/index/guagua
INFO: [ app_init ] --START--
INFO: Run Behavior\BuildLiteBehavior [ RunTime:0.000032s ]
INFO: [ app_init ] --END-- [ RunTime:0.000921s ]
INFO: [ app_begin ] --START--
INFO: Run Behavior\ReadHtmlCacheBehavior [ RunTime:0.001168s ]
INFO: Run Behavior\CronRunBehavior [ RunTime:0.082485s ]
INFO: [ app_begin ] --END-- [ RunTime:0.083915s ]
INFO: [ view_parse ] --START--
INFO: [ template_filter ] --START--
INFO: Run Behavior\ContentReplaceBehavior [ RunTime:0.000092s ]
INFO: [ template_filter ] --END-- [ RunTime:0.000232s ]
INFO: Run Behavior\ParseTemplateBehavior [ RunTime:0.139680s ]
INFO: [ view_parse ] --END-- [ RunTime:0.139849s ]
INFO: [ view_filter ] --START--
INFO: Run Behavior\WriteHtmlCacheBehavior [ RunTime:0.001290s ]
INFO: [ view_filter ] --END-- [ RunTime:0.001589s ]
INFO: [ app_end ] --START--
INFO: Run Behavior\ShowPageTraceBehavior [ RunTime:0.001957s ]
INFO: [ app_end ] --END-- [ RunTime:0.002110s ]

[ 2018-10-30T19:08:01+08:00 ] 127.0.0.1 /index.php/home/index/jindan
ERR: Cron:cron Runat 2018-10-30 19:08:01 Use 0.136347 s

[ 2018-10-30T19:08:01+08:00 ] 127.0.0.1 /index.php/home/index/jindan
INFO: [ app_init ] --START--
INFO: Run Behavior\BuildLiteBehavior [ RunTime:0.000048s ]
INFO: [ app_init ] --END-- [ RunTime:0.003301s ]
INFO: [ app_begin ] --START--
INFO: Run Behavior\ReadHtmlCacheBehavior [ RunTime:0.001168s ]
SQL: SHOW COLUMNS FROM `red_indent` [ RunTime:0.0609s ]
SQL: SELECT * FROM `red_indent` WHERE `status` = 2  [ RunTime:0.0005s ]
INFO: Run Behavior\CronRunBehavior [ RunTime:0.163381s ]
INFO: [ app_begin ] --END-- [ RunTime:0.164802s ]
INFO: [ view_parse ] --START--
INFO: [ template_filter ] --START--
INFO: Run Behavior\ContentReplaceBehavior [ RunTime:0.000101s ]
INFO: [ template_filter ] --END-- [ RunTime:0.000251s ]
INFO: Run Behavior\ParseTemplateBehavior [ RunTime:0.045533s ]
INFO: [ view_parse ] --END-- [ RunTime:0.045691s ]
INFO: [ view_filter ] --START--
INFO: Run Behavior\WriteHtmlCacheBehavior [ RunTime:0.001488s ]
INFO: [ view_filter ] --END-- [ RunTime:0.001661s ]
INFO: [ app_end ] --START--
INFO: Run Behavior\ShowPageTraceBehavior [ RunTime:0.001292s ]
INFO: [ app_end ] --END-- [ RunTime:0.001436s ]

[ 2018-10-30T19:08:02+08:00 ] 127.0.0.1 /index.php/home/index/image/egg.png
INFO: [ app_init ] --START--
INFO: Run Behavior\BuildLiteBehavior [ RunTime:0.000033s ]
INFO: [ app_init ] --END-- [ RunTime:0.000966s ]

[ 2018-10-30T19:08:02+08:00 ] 127.0.0.1 /index.php/home/index/image/base.png
INFO: [ app_init ] --START--
INFO: Run Behavior\BuildLiteBehavior [ RunTime:0.000118s ]
INFO: [ app_init ] --END-- [ RunTime:0.001399s ]

[ 2018-10-30T19:08:10+08:00 ] 127.0.0.1 /index.php/home/index/image/egg.png
INFO: [ app_init ] --START--
INFO: Run Behavior\BuildLiteBehavior [ RunTime:0.000032s ]
INFO: [ app_init ] --END-- [ RunTime:0.000898s ]

[ 2018-10-30T19:08:10+08:00 ] 127.0.0.1 /index.php/home/index/image/base.png
INFO: [ app_init ] --START--
INFO: Run Behavior\BuildLiteBehavior [ RunTime:0.000036s ]
INFO: [ app_init ] --END-- [ RunTime:0.000905s ]

[ 2018-10-30T19:09:11+08:00 ] 127.0.0.1 /index.php/home/index/jindan
ERR: Cron:cron Runat 2018-10-30 19:09:11 Use 0.153917 s

[ 2018-10-30T19:09:11+08:00 ] 127.0.0.1 /index.php/home/index/jindan
INFO: [ app_init ] --START--
INFO: Run Behavior\BuildLiteBehavior [ RunTime:0.000034s ]
INFO: [ app_init ] --END-- [ RunTime:0.003802s ]
INFO: [ app_begin ] --START--
INFO: Run Behavior\ReadHtmlCacheBehavior [ RunTime:0.001689s ]
SQL: SHOW COLUMNS FROM `red_indent` [ RunTime:0.0875s ]
SQL: SELECT * FROM `red_indent` WHERE `status` = 2  [ RunTime:0.0019s ]
INFO: Run Behavior\CronRunBehavior [ RunTime:0.181696s ]
INFO: [ app_begin ] --END-- [ RunTime:0.183646s ]
INFO: [ view_parse ] --START--
INFO: [ template_filter ] --START--
INFO: Run Behavior\ContentReplaceBehavior [ RunTime:0.000108s ]
INFO: [ template_filter ] --END-- [ RunTime:0.000290s ]
INFO: Run Behavior\ParseTemplateBehavior [ RunTime:0.062100s ]
INFO: [ view_parse ] --END-- [ RunTime:0.062273s ]
INFO: [ view_filter ] --START--
INFO: Run Behavior\WriteHtmlCacheBehavior [ RunTime:0.010813s ]
INFO: [ view_filter ] --END-- [ RunTime:0.010960s ]
INFO: [ app_end ] --START--
INFO: Run Behavior\ShowPageTraceBehavior [ RunTime:0.001944s ]
INFO: [ app_end ] --END-- [ RunTime:0.002127s ]

[ 2018-10-30T19:09:16+08:00 ] 127.0.0.1 /index.php/home/index/image/step1.png
INFO: [ app_init ] --START--
INFO: Run Behavior\BuildLiteBehavior [ RunTime:0.000271s ]
INFO: [ app_init ] --END-- [ RunTime:0.003085s ]

[ 2018-10-30T19:09:16+08:00 ] 127.0.0.1 /index.php/home/index/image/step2.png
INFO: [ app_init ] --START--
INFO: Run Behavior\BuildLiteBehavior [ RunTime:0.000033s ]
INFO: [ app_init ] --END-- [ RunTime:0.000839s ]

[ 2018-10-30T19:09:16+08:00 ] 127.0.0.1 /index.php/home/index/image/step3.png
INFO: [ app_init ] --START--
INFO: Run Behavior\BuildLiteBehavior [ RunTime:0.000032s ]
INFO: [ app_init ] --END-- [ RunTime:0.000828s ]

[ 2018-10-30T19:11:29+08:00 ] 127.0.0.1 /index.php/home/index/jindan
ERR: Cron:cron Runat 2018-10-30 19:11:29 Use 0.149554 s

[ 2018-10-30T19:11:29+08:00 ] 127.0.0.1 /index.php/home/index/jindan
INFO: [ app_init ] --START--
INFO: Run Behavior\BuildLiteBehavior [ RunTime:0.000040s ]
INFO: [ app_init ] --END-- [ RunTime:0.002047s ]
INFO: [ app_begin ] --START--
INFO: Run Behavior\ReadHtmlCacheBehavior [ RunTime:0.001420s ]
SQL: SHOW COLUMNS FROM `red_indent` [ RunTime:0.1156s ]
SQL: SELECT * FROM `red_indent` WHERE `status` = 2  [ RunTime:0.0005s ]
INFO: Run Behavior\CronRunBehavior [ RunTime:0.187184s ]
INFO: [ app_begin ] --END-- [ RunTime:0.188898s ]
INFO: [ view_parse ] --START--
INFO: [ template_filter ] --START--
INFO: Run Behavior\ContentReplaceBehavior [ RunTime:0.000111s ]
INFO: [ template_filter ] --END-- [ RunTime:0.000255s ]
INFO: Run Behavior\ParseTemplateBehavior [ RunTime:0.067601s ]
INFO: [ view_parse ] --END-- [ RunTime:0.067755s ]
INFO: [ view_filter ] --START--
INFO: Run Behavior\WriteHtmlCacheBehavior [ RunTime:0.003540s ]
INFO: [ view_filter ] --END-- [ RunTime:0.003719s ]
INFO: [ app_end ] --START--
INFO: Run Behavior\ShowPageTraceBehavior [ RunTime:0.002278s ]
INFO: [ app_end ] --END-- [ RunTime:0.002427s ]

[ 2018-10-30T19:11:29+08:00 ] 127.0.0.1 /index.php/home/index/image/step3.png
INFO: [ app_init ] --START--
INFO: Run Behavior\BuildLiteBehavior [ RunTime:0.000034s ]
INFO: [ app_init ] --END-- [ RunTime:0.001909s ]

[ 2018-10-30T19:11:32+08:00 ] 127.0.0.1 /index.php/home/index/jindan
INFO: [ app_init ] --START--
INFO: Run Behavior\BuildLiteBehavior [ RunTime:0.000033s ]
INFO: [ app_init ] --END-- [ RunTime:0.000868s ]
INFO: [ app_begin ] --START--
INFO: Run Behavior\ReadHtmlCacheBehavior [ RunTime:0.001256s ]
INFO: Run Behavior\CronRunBehavior [ RunTime:0.022406s ]
INFO: [ app_begin ] --END-- [ RunTime:0.024714s ]
INFO: [ view_parse ] --START--
INFO: [ template_filter ] --START--
INFO: Run Behavior\ContentReplaceBehavior [ RunTime:0.000130s ]
INFO: [ template_filter ] --END-- [ RunTime:0.000421s ]
INFO: Run Behavior\ParseTemplateBehavior [ RunTime:0.050412s ]
INFO: [ view_parse ] --END-- [ RunTime:0.050634s ]
INFO: [ view_filter ] --START--
INFO: Run Behavior\WriteHtmlCacheBehavior [ RunTime:0.002141s ]
INFO: [ view_filter ] --END-- [ RunTime:0.002304s ]
INFO: [ app_end ] --START--
INFO: Run Behavior\ShowPageTraceBehavior [ RunTime:0.001903s ]
INFO: [ app_end ] --END-- [ RunTime:0.002058s ]

[ 2018-10-30T19:11:32+08:00 ] 127.0.0.1 /index.php/home/index/image/step3.png
INFO: [ app_init ] --START--
INFO: Run Behavior\BuildLiteBehavior [ RunTime:0.000039s ]
INFO: [ app_init ] --END-- [ RunTime:0.005550s ]

[ 2018-10-30T19:12:20+08:00 ] 127.0.0.1 /index.php/home/index/jindan
ERR: Cron:cron Runat 2018-10-30 19:12:20 Use 0.115182 s

[ 2018-10-30T19:12:21+08:00 ] 127.0.0.1 /index.php/home/index/jindan
INFO: [ app_init ] --START--
INFO: Run Behavior\BuildLiteBehavior [ RunTime:0.000036s ]
INFO: [ app_init ] --END-- [ RunTime:0.000917s ]
INFO: [ app_begin ] --START--
INFO: Run Behavior\ReadHtmlCacheBehavior [ RunTime:0.001359s ]
SQL: SHOW COLUMNS FROM `red_indent` [ RunTime:0.0830s ]
SQL: SELECT * FROM `red_indent` WHERE `status` = 2  [ RunTime:0.0012s ]
INFO: Run Behavior\CronRunBehavior [ RunTime:0.146149s ]
INFO: [ app_begin ] --END-- [ RunTime:0.147774s ]
INFO: [ view_parse ] --START--
INFO: [ template_filter ] --START--
INFO: Run Behavior\ContentReplaceBehavior [ RunTime:0.000218s ]
INFO: [ template_filter ] --END-- [ RunTime:0.000470s ]
INFO: Run Behavior\ParseTemplateBehavior [ RunTime:0.044225s ]
INFO: [ view_parse ] --END-- [ RunTime:0.044446s ]
INFO: [ view_filter ] --START--
INFO: Run Behavior\WriteHtmlCacheBehavior [ RunTime:0.002505s ]
INFO: [ view_filter ] --END-- [ RunTime:0.002645s ]
INFO: [ app_end ] --START--
INFO: Run Behavior\ShowPageTraceBehavior [ RunTime:0.001544s ]
INFO: [ app_end ] --END-- [ RunTime:0.001679s ]

[ 2018-10-30T19:12:21+08:00 ] 127.0.0.1 /index.php/home/index/image/step3.png
INFO: [ app_init ] --START--
INFO: Run Behavior\BuildLiteBehavior [ RunTime:0.000033s ]
INFO: [ app_init ] --END-- [ RunTime:0.001593s ]

[ 2018-10-30T19:12:27+08:00 ] 127.0.0.1 /index.php/home/index/jindan
INFO: [ app_init ] --START--
INFO: Run Behavior\BuildLiteBehavior [ RunTime:0.000034s ]
INFO: [ app_init ] --END-- [ RunTime:0.004925s ]
INFO: [ app_begin ] --START--
INFO: Run Behavior\ReadHtmlCacheBehavior [ RunTime:0.001262s ]
INFO: Run Behavior\CronRunBehavior [ RunTime:0.069534s ]
INFO: [ app_begin ] --END-- [ RunTime:0.071045s ]
INFO: [ view_parse ] --START--
INFO: [ template_filter ] --START--
INFO: Run Behavior\ContentReplaceBehavior [ RunTime:0.000925s ]
INFO: [ template_filter ] --END-- [ RunTime:0.001454s ]
INFO: Run Behavior\ParseTemplateBehavior [ RunTime:0.086933s ]
INFO: [ view_parse ] --END-- [ RunTime:0.087103s ]
INFO: [ view_filter ] --START--
INFO: Run Behavior\WriteHtmlCacheBehavior [ RunTime:0.018203s ]
INFO: [ view_filter ] --END-- [ RunTime:0.018385s ]
INFO: [ app_end ] --START--
INFO: Run Behavior\ShowPageTraceBehavior [ RunTime:0.001898s ]
INFO: [ app_end ] --END-- [ RunTime:0.002071s ]

[ 2018-10-30T19:12:27+08:00 ] 127.0.0.1 /index.php/home/index/image/step3.png
INFO: [ app_init ] --START--
INFO: Run Behavior\BuildLiteBehavior [ RunTime:0.000034s ]
INFO: [ app_init ] --END-- [ RunTime:0.000964s ]

[ 2018-10-30T19:12:30+08:00 ] 127.0.0.1 /index.php/home/index/image/step1.png
INFO: [ app_init ] --START--
INFO: Run Behavior\BuildLiteBehavior [ RunTime:0.000033s ]
INFO: [ app_init ] --END-- [ RunTime:0.000832s ]

[ 2018-10-30T19:12:30+08:00 ] 127.0.0.1 /index.php/home/index/image/step2.png
INFO: [ app_init ] --START--
INFO: Run Behavior\BuildLiteBehavior [ RunTime:0.000035s ]
INFO: [ app_init ] --END-- [ RunTime:0.001234s ]

[ 2018-10-30T19:12:30+08:00 ] 127.0.0.1 /index.php/home/index/image/step3.png
INFO: [ app_init ] --START--
INFO: Run Behavior\BuildLiteBehavior [ RunTime:0.000037s ]
INFO: [ app_init ] --END-- [ RunTime:0.001191s ]

[ 2018-10-30T19:14:42+08:00 ] 127.0.0.1 /index.php/home/index/jindan
ERR: Cron:cron Runat 2018-10-30 19:14:42 Use 0.143590 s

[ 2018-10-30T19:14:42+08:00 ] 127.0.0.1 /index.php/home/index/jindan
INFO: [ app_init ] --START--
INFO: Run Behavior\BuildLiteBehavior [ RunTime:0.000034s ]
INFO: [ app_init ] --END-- [ RunTime:0.002620s ]
INFO: [ app_begin ] --START--
INFO: Run Behavior\ReadHtmlCacheBehavior [ RunTime:0.002039s ]
SQL: SHOW COLUMNS FROM `red_indent` [ RunTime:0.0829s ]
SQL: SELECT * FROM `red_indent` WHERE `status` = 2  [ RunTime:0.0006s ]
INFO: Run Behavior\CronRunBehavior [ RunTime:0.168083s ]
INFO: [ app_begin ] --END-- [ RunTime:0.170412s ]
INFO: [ view_parse ] --START--
INFO: [ template_filter ] --START--
INFO: Run Behavior\ContentReplaceBehavior [ RunTime:0.000109s ]
INFO: [ template_filter ] --END-- [ RunTime:0.000258s ]
INFO: Run Behavior\ParseTemplateBehavior [ RunTime:0.051029s ]
INFO: [ view_parse ] --END-- [ RunTime:0.051187s ]
INFO: [ view_filter ] --START--
INFO: Run Behavior\WriteHtmlCacheBehavior [ RunTime:0.002861s ]
INFO: [ view_filter ] --END-- [ RunTime:0.003414s ]
INFO: [ app_end ] --START--
INFO: Run Behavior\ShowPageTraceBehavior [ RunTime:0.002606s ]
INFO: [ app_end ] --END-- [ RunTime:0.002760s ]

[ 2018-10-30T19:14:42+08:00 ] 127.0.0.1 /index.php/home/index/image/step3.png
INFO: [ app_init ] --START--
INFO: Run Behavior\BuildLiteBehavior [ RunTime:0.000034s ]
INFO: [ app_init ] --END-- [ RunTime:0.001117s ]

[ 2018-10-30T19:15:24+08:00 ] 127.0.0.1 /index.php/home/index/jindan
ERR: Cron:cron Runat 2018-10-30 19:15:24 Use 0.157737 s

[ 2018-10-30T19:15:24+08:00 ] 127.0.0.1 /index.php/home/index/jindan
INFO: [ app_init ] --START--
INFO: Run Behavior\BuildLiteBehavior [ RunTime:0.000033s ]
INFO: [ app_init ] --END-- [ RunTime:0.000839s ]
INFO: [ app_begin ] --START--
INFO: Run Behavior\ReadHtmlCacheBehavior [ RunTime:0.032225s ]
SQL: SHOW COLUMNS FROM `red_indent` [ RunTime:0.1244s ]
SQL: SELECT * FROM `red_indent` WHERE `status` = 2  [ RunTime:0.0005s ]
INFO: Run Behavior\CronRunBehavior [ RunTime:0.197006s ]
INFO: [ app_begin ] --END-- [ RunTime:0.229594s ]
INFO: [ view_parse ] --START--
INFO: [ template_filter ] --START--
INFO: Run Behavior\ContentReplaceBehavior [ RunTime:0.000124s ]
INFO: [ template_filter ] --END-- [ RunTime:0.000281s ]
INFO: Run Behavior\ParseTemplateBehavior [ RunTime:0.043721s ]
INFO: [ view_parse ] --END-- [ RunTime:0.043925s ]
INFO: [ view_filter ] --START--
INFO: Run Behavior\WriteHtmlCacheBehavior [ RunTime:0.001635s ]
INFO: [ view_filter ] --END-- [ RunTime:0.001831s ]
INFO: [ app_end ] --START--
INFO: Run Behavior\ShowPageTraceBehavior [ RunTime:0.001761s ]
INFO: [ app_end ] --END-- [ RunTime:0.001914s ]

[ 2018-10-30T19:15:24+08:00 ] 127.0.0.1 /index.php/home/index/image/step3.png
INFO: [ app_init ] --START--
INFO: Run Behavior\BuildLiteBehavior [ RunTime:0.000032s ]
INFO: [ app_init ] --END-- [ RunTime:0.000989s ]

[ 2018-10-30T19:15:52+08:00 ] 127.0.0.1 /index.php/home/index/jindan
ERR: Cron:cron Runat 2018-10-30 19:15:52 Use 0.090813 s

[ 2018-10-30T19:15:52+08:00 ] 127.0.0.1 /index.php/home/index/jindan
INFO: [ app_init ] --START--
INFO: Run Behavior\BuildLiteBehavior [ RunTime:0.000035s ]
INFO: [ app_init ] --END-- [ RunTime:0.000857s ]
INFO: [ app_begin ] --START--
INFO: Run Behavior\ReadHtmlCacheBehavior [ RunTime:0.001481s ]
SQL: SHOW COLUMNS FROM `red_indent` [ RunTime:0.0565s ]
SQL: SELECT * FROM `red_indent` WHERE `status` = 2  [ RunTime:0.0004s ]
INFO: Run Behavior\CronRunBehavior [ RunTime:0.124530s ]
INFO: [ app_begin ] --END-- [ RunTime:0.138070s ]
INFO: [ view_parse ] --START--
INFO: [ template_filter ] --START--
INFO: Run Behavior\ContentReplaceBehavior [ RunTime:0.000105s ]
INFO: [ template_filter ] --END-- [ RunTime:0.000256s ]
INFO: Run Behavior\ParseTemplateBehavior [ RunTime:0.044340s ]
INFO: [ view_parse ] --END-- [ RunTime:0.044493s ]
INFO: [ view_filter ] --START--
INFO: Run Behavior\WriteHtmlCacheBehavior [ RunTime:0.001140s ]
INFO: [ view_filter ] --END-- [ RunTime:0.001274s ]
INFO: [ app_end ] --START--
INFO: Run Behavior\ShowPageTraceBehavior [ RunTime:0.001225s ]
INFO: [ app_end ] --END-- [ RunTime:0.001356s ]

[ 2018-10-30T19:15:53+08:00 ] 127.0.0.1 /index.php/home/index/Public/red_bag/jindan/goldeggs/image/step3.png
INFO: [ app_init ] --START--
INFO: Run Behavior\BuildLiteBehavior [ RunTime:0.000033s ]
INFO: [ app_init ] --END-- [ RunTime:0.001088s ]

[ 2018-10-30T19:16:39+08:00 ] 127.0.0.1 /index.php/home/index/Public/red_bag/jindan/goldeggs/image/step3.png
INFO: [ app_init ] --START--
INFO: Run Behavior\BuildLiteBehavior [ RunTime:0.000032s ]
INFO: [ app_init ] --END-- [ RunTime:0.000949s ]

[ 2018-10-30T19:16:58+08:00 ] 127.0.0.1 /index.php/home/index/jindan
ERR: Cron:cron Runat 2018-10-30 19:16:58 Use 0.207860 s

[ 2018-10-30T19:16:58+08:00 ] 127.0.0.1 /index.php/home/index/jindan
INFO: [ app_init ] --START--
INFO: Run Behavior\BuildLiteBehavior [ RunTime:0.000093s ]
INFO: [ app_init ] --END-- [ RunTime:0.003079s ]
INFO: [ app_begin ] --START--
INFO: Run Behavior\ReadHtmlCacheBehavior [ RunTime:0.002265s ]
SQL: SHOW COLUMNS FROM `red_indent` [ RunTime:0.1278s ]
SQL: SELECT * FROM `red_indent` WHERE `status` = 2  [ RunTime:0.0005s ]
INFO: Run Behavior\CronRunBehavior [ RunTime:0.274196s ]
INFO: [ app_begin ] --END-- [ RunTime:0.276752s ]
INFO: [ view_parse ] --START--
INFO: [ template_filter ] --START--
INFO: Run Behavior\ContentReplaceBehavior [ RunTime:0.000147s ]
INFO: [ template_filter ] --END-- [ RunTime:0.000304s ]
INFO: Run Behavior\ParseTemplateBehavior [ RunTime:0.066293s ]
INFO: [ view_parse ] --END-- [ RunTime:0.066459s ]
INFO: [ view_filter ] --START--
INFO: Run Behavior\WriteHtmlCacheBehavior [ RunTime:0.001831s ]
INFO: [ view_filter ] --END-- [ RunTime:0.002415s ]
INFO: [ app_end ] --START--
INFO: Run Behavior\ShowPageTraceBehavior [ RunTime:0.003870s ]
INFO: [ app_end ] --END-- [ RunTime:0.004020s ]

[ 2018-10-30T19:17:02+08:00 ] 127.0.0.1 /index.php/home/image/step1.png
INFO: [ app_init ] --START--
INFO: Run Behavior\BuildLiteBehavior [ RunTime:0.000070s ]
INFO: [ app_init ] --END-- [ RunTime:0.001353s ]

[ 2018-10-30T19:17:02+08:00 ] 127.0.0.1 /index.php/home/image/step2.png
INFO: [ app_init ] --START--
INFO: Run Behavior\BuildLiteBehavior [ RunTime:0.000032s ]
INFO: [ app_init ] --END-- [ RunTime:0.000900s ]

[ 2018-10-30T19:17:06+08:00 ] 127.0.0.1 /index.php/home/image/step1.png
INFO: [ app_init ] --START--
INFO: Run Behavior\BuildLiteBehavior [ RunTime:0.000034s ]
INFO: [ app_init ] --END-- [ RunTime:0.000856s ]

[ 2018-10-30T19:17:07+08:00 ] 127.0.0.1 /index.php/home/image/step2.png
INFO: [ app_init ] --START--
INFO: Run Behavior\BuildLiteBehavior [ RunTime:0.000125s ]
INFO: [ app_init ] --END-- [ RunTime:0.001159s ]

[ 2018-10-30T19:17:36+08:00 ] 127.0.0.1 /index.php/home/index/jindan
ERR: Cron:cron Runat 2018-10-30 19:17:36 Use 0.105897 s

[ 2018-10-30T19:17:37+08:00 ] 127.0.0.1 /index.php/home/index/jindan
INFO: [ app_init ] --START--
INFO: Run Behavior\BuildLiteBehavior [ RunTime:0.000035s ]
INFO: [ app_init ] --END-- [ RunTime:0.001069s ]
INFO: [ app_begin ] --START--
INFO: Run Behavior\ReadHtmlCacheBehavior [ RunTime:0.008292s ]
SQL: SHOW COLUMNS FROM `red_indent` [ RunTime:0.0686s ]
SQL: SELECT * FROM `red_indent` WHERE `status` = 2  [ RunTime:0.0006s ]
INFO: Run Behavior\CronRunBehavior [ RunTime:0.251350s ]
INFO: [ app_begin ] --END-- [ RunTime:0.259902s ]
INFO: [ view_parse ] --START--
INFO: [ template_filter ] --START--
INFO: Run Behavior\ContentReplaceBehavior [ RunTime:0.000133s ]
INFO: [ template_filter ] --END-- [ RunTime:0.000320s ]
INFO: Run Behavior\ParseTemplateBehavior [ RunTime:0.047622s ]
INFO: [ view_parse ] --END-- [ RunTime:0.047812s ]
INFO: [ view_filter ] --START--
INFO: Run Behavior\WriteHtmlCacheBehavior [ RunTime:0.001839s ]
INFO: [ view_filter ] --END-- [ RunTime:0.002078s ]
INFO: [ app_end ] --START--
INFO: Run Behavior\ShowPageTraceBehavior [ RunTime:0.002306s ]
INFO: [ app_end ] --END-- [ RunTime:0.002539s ]

[ 2018-10-30T19:17:59+08:00 ] 127.0.0.1 /index.php/home/index/jindan
ERR: Cron:cron Runat 2018-10-30 19:17:59 Use 0.118240 s

[ 2018-10-30T19:17:59+08:00 ] 127.0.0.1 /index.php/home/index/jindan
INFO: [ app_init ] --START--
INFO: Run Behavior\BuildLiteBehavior [ RunTime:0.000036s ]
INFO: [ app_init ] --END-- [ RunTime:0.001222s ]
INFO: [ app_begin ] --START--
INFO: Run Behavior\ReadHtmlCacheBehavior [ RunTime:0.001282s ]
SQL: SHOW COLUMNS FROM `red_indent` [ RunTime:0.0858s ]
SQL: SELECT * FROM `red_indent` WHERE `status` = 2  [ RunTime:0.0005s ]
INFO: Run Behavior\CronRunBehavior [ RunTime:0.152485s ]
INFO: [ app_begin ] --END-- [ RunTime:0.154033s ]
INFO: [ view_parse ] --START--
INFO: [ template_filter ] --START--
INFO: Run Behavior\ContentReplaceBehavior [ RunTime:0.000104s ]
INFO: [ template_filter ] --END-- [ RunTime:0.000268s ]
INFO: Run Behavior\ParseTemplateBehavior [ RunTime:0.060281s ]
INFO: [ view_parse ] --END-- [ RunTime:0.060444s ]
INFO: [ view_filter ] --START--
INFO: Run Behavior\WriteHtmlCacheBehavior [ RunTime:0.001504s ]
INFO: [ view_filter ] --END-- [ RunTime:0.001644s ]
INFO: [ app_end ] --START--
INFO: Run Behavior\ShowPageTraceBehavior [ RunTime:0.001630s ]
INFO: [ app_end ] --END-- [ RunTime:0.001913s ]

[ 2018-10-30T19:19:51+08:00 ] 127.0.0.1 /index.php/home/index/jiugong
ERR: Cron:cron Runat 2018-10-30 19:19:51 Use 0.118324 s

[ 2018-10-30T19:19:51+08:00 ] 127.0.0.1 /index.php/home/index/jiugong
INFO: [ app_init ] --START--
INFO: Run Behavior\BuildLiteBehavior [ RunTime:0.000033s ]
INFO: [ app_init ] --END-- [ RunTime:0.001428s ]
INFO: [ app_begin ] --START--
INFO: Run Behavior\ReadHtmlCacheBehavior [ RunTime:0.001805s ]
SQL: SHOW COLUMNS FROM `red_indent` [ RunTime:0.0946s ]
SQL: SELECT * FROM `red_indent` WHERE `status` = 2  [ RunTime:0.0008s ]
INFO: Run Behavior\CronRunBehavior [ RunTime:0.159100s ]
INFO: [ app_begin ] --END-- [ RunTime:0.161256s ]
INFO: [ view_parse ] --START--
INFO: [ template_filter ] --START--
INFO: Run Behavior\ContentReplaceBehavior [ RunTime:0.000113s ]
INFO: [ template_filter ] --END-- [ RunTime:0.000257s ]
INFO: Run Behavior\ParseTemplateBehavior [ RunTime:0.040060s ]
INFO: [ view_parse ] --END-- [ RunTime:0.040342s ]
INFO: [ view_filter ] --START--
INFO: Run Behavior\WriteHtmlCacheBehavior [ RunTime:0.001164s ]
INFO: [ view_filter ] --END-- [ RunTime:0.001305s ]
INFO: [ app_end ] --START--
INFO: Run Behavior\ShowPageTraceBehavior [ RunTime:0.001734s ]
INFO: [ app_end ] --END-- [ RunTime:0.001874s ]

