[ 2018-11-23T09:25:56+08:00 ] 127.0.0.1 /index.php/home/wechat/jindan
INFO: [ app_init ] --START--
INFO: Run Behavior\BuildLiteBehavior [ RunTime:0.000035s ]
INFO: [ app_init ] --END-- [ RunTime:0.001235s ]
INFO: [ app_begin ] --START--
INFO: Run Behavior\ReadHtmlCacheBehavior [ RunTime:0.002580s ]
ERR: SQLSTATE[HY000] [1045] Access denied for user 'root'@'localhost' (using password: YES)

[ 2018-11-23T09:26:30+08:00 ] 127.0.0.1 /index.php/home/wxpay/bank_pay
INFO: [ app_init ] --START--
INFO: Run Behavior\BuildLiteBehavior [ RunTime:0.000034s ]
INFO: [ app_init ] --END-- [ RunTime:0.000912s ]
INFO: [ app_begin ] --START--
INFO: Run Behavior\ReadHtmlCacheBehavior [ RunTime:0.001775s ]
INFO: Run Behavior\CronRunBehavior [ RunTime:0.002507s ]
INFO: [ app_begin ] --END-- [ RunTime:0.004525s ]

[ 2018-11-23T09:32:10+08:00 ] 127.0.0.1 /index.php/home/wxpay/bank_pay
ERR: Cron:cron Runat 2018-11-23 09:32:10 Use 0.077170 s

[ 2018-11-23T09:32:10+08:00 ] 127.0.0.1 /index.php/home/wxpay/bank_pay
INFO: [ app_init ] --START--
INFO: Run Behavior\BuildLiteBehavior [ RunTime:0.000032s ]
INFO: [ app_init ] --END-- [ RunTime:0.003322s ]
INFO: [ app_begin ] --START--
INFO: Run Behavior\ReadHtmlCacheBehavior [ RunTime:0.001810s ]
SQL: SHOW COLUMNS FROM `red_indent` [ RunTime:0.0544s ]
SQL: SELECT * FROM `red_indent` WHERE `status` = 2  [ RunTime:0.0007s ]
INFO: Run Behavior\CronRunBehavior [ RunTime:0.097585s ]
INFO: [ app_begin ] --END-- [ RunTime:0.099683s ]

[ 2018-11-23T09:32:19+08:00 ] 127.0.0.1 /index.php/home/wxpay/bank_pay
INFO: [ app_init ] --START--
INFO: Run Behavior\BuildLiteBehavior [ RunTime:0.000033s ]
INFO: [ app_init ] --END-- [ RunTime:0.000944s ]
INFO: [ app_begin ] --START--
INFO: Run Behavior\ReadHtmlCacheBehavior [ RunTime:0.001314s ]
INFO: Run Behavior\CronRunBehavior [ RunTime:0.015750s ]
INFO: [ app_begin ] --END-- [ RunTime:0.017339s ]

[ 2018-11-23T09:35:25+08:00 ] 127.0.0.1 /index.php/home/wxpay/bank_pay
ERR: Cron:cron Runat 2018-11-23 09:35:25 Use 0.070830 s

[ 2018-11-23T09:35:26+08:00 ] 127.0.0.1 /index.php/home/wxpay/bank_pay
INFO: [ app_init ] --START--
INFO: Run Behavior\BuildLiteBehavior [ RunTime:0.000057s ]
INFO: [ app_init ] --END-- [ RunTime:0.001892s ]
INFO: [ app_begin ] --START--
INFO: Run Behavior\ReadHtmlCacheBehavior [ RunTime:0.003959s ]
SQL: SHOW COLUMNS FROM `red_indent` [ RunTime:0.0520s ]
SQL: SELECT * FROM `red_indent` WHERE `status` = 2  [ RunTime:0.0004s ]
INFO: Run Behavior\CronRunBehavior [ RunTime:0.092953s ]
INFO: [ app_begin ] --END-- [ RunTime:0.097182s ]

[ 2018-11-23T09:42:37+08:00 ] 127.0.0.1 /index.php/home/wxpay/bank_pay
ERR: Cron:cron Runat 2018-11-23 09:42:37 Use 0.099479 s

[ 2018-11-23T09:42:37+08:00 ] 127.0.0.1 /index.php/home/wxpay/bank_pay
INFO: [ app_init ] --START--
INFO: Run Behavior\BuildLiteBehavior [ RunTime:0.000034s ]
INFO: [ app_init ] --END-- [ RunTime:0.000935s ]
INFO: [ app_begin ] --START--
INFO: Run Behavior\ReadHtmlCacheBehavior [ RunTime:0.003832s ]
SQL: SHOW COLUMNS FROM `red_indent` [ RunTime:0.0534s ]
SQL: SELECT * FROM `red_indent` WHERE `status` = 2  [ RunTime:0.0004s ]
INFO: Run Behavior\CronRunBehavior [ RunTime:0.126661s ]
INFO: [ app_begin ] --END-- [ RunTime:0.130794s ]

[ 2018-11-23T09:42:53+08:00 ] 127.0.0.1 /index.php/home/wxpay/bank_pay
ERR: Cron:cron Runat 2018-11-23 09:42:53 Use 0.082780 s

[ 2018-11-23T09:42:53+08:00 ] 127.0.0.1 /index.php/home/wxpay/bank_pay
INFO: [ app_init ] --START--
INFO: Run Behavior\BuildLiteBehavior [ RunTime:0.000033s ]
INFO: [ app_init ] --END-- [ RunTime:0.000891s ]
INFO: [ app_begin ] --START--
INFO: Run Behavior\ReadHtmlCacheBehavior [ RunTime:0.001436s ]
SQL: SHOW COLUMNS FROM `red_indent` [ RunTime:0.0638s ]
SQL: SELECT * FROM `red_indent` WHERE `status` = 2  [ RunTime:0.0004s ]
INFO: Run Behavior\CronRunBehavior [ RunTime:0.109728s ]
INFO: [ app_begin ] --END-- [ RunTime:0.111415s ]

[ 2018-11-23T09:43:53+08:00 ] 127.0.0.1 /index.php/home/wxpay/bank_pay
ERR: Cron:cron Runat 2018-11-23 09:43:53 Use 0.075992 s

[ 2018-11-23T09:43:58+08:00 ] 127.0.0.1 /index.php/home/wxpay/bank_pay
INFO: [ app_init ] --START--
INFO: Run Behavior\BuildLiteBehavior [ RunTime:0.000035s ]
INFO: [ app_init ] --END-- [ RunTime:0.001635s ]
INFO: [ app_begin ] --START--
INFO: Run Behavior\ReadHtmlCacheBehavior [ RunTime:0.001591s ]
SQL: SHOW COLUMNS FROM `red_indent` [ RunTime:0.0542s ]
SQL: SELECT * FROM `red_indent` WHERE `status` = 2  [ RunTime:0.0006s ]
INFO: Run Behavior\CronRunBehavior [ RunTime:0.099987s ]
INFO: [ app_begin ] --END-- [ RunTime:0.101824s ]

[ 2018-11-23T09:44:21+08:00 ] 127.0.0.1 /index.php/home/wxpay/bank_pay
ERR: Cron:cron Runat 2018-11-23 09:44:21 Use 0.062614 s

[ 2018-11-23T09:44:22+08:00 ] 127.0.0.1 /index.php/home/wxpay/bank_pay
INFO: [ app_init ] --START--
INFO: Run Behavior\BuildLiteBehavior [ RunTime:0.000032s ]
INFO: [ app_init ] --END-- [ RunTime:0.001717s ]
INFO: [ app_begin ] --START--
INFO: Run Behavior\ReadHtmlCacheBehavior [ RunTime:0.001267s ]
SQL: SHOW COLUMNS FROM `red_indent` [ RunTime:0.0434s ]
SQL: SELECT * FROM `red_indent` WHERE `status` = 2  [ RunTime:0.0004s ]
INFO: Run Behavior\CronRunBehavior [ RunTime:0.085089s ]
INFO: [ app_begin ] --END-- [ RunTime:0.086603s ]

[ 2018-11-23T09:44:35+08:00 ] 127.0.0.1 /index.php/home/wxpay/bank_pay
ERR: Cron:cron Runat 2018-11-23 09:44:35 Use 0.065729 s

[ 2018-11-23T09:44:35+08:00 ] 127.0.0.1 /index.php/home/wxpay/bank_pay
INFO: [ app_init ] --START--
INFO: Run Behavior\BuildLiteBehavior [ RunTime:0.000032s ]
INFO: [ app_init ] --END-- [ RunTime:0.000896s ]
INFO: [ app_begin ] --START--
INFO: Run Behavior\ReadHtmlCacheBehavior [ RunTime:0.001290s ]
SQL: SHOW COLUMNS FROM `red_indent` [ RunTime:0.0456s ]
SQL: SELECT * FROM `red_indent` WHERE `status` = 2  [ RunTime:0.0005s ]
INFO: Run Behavior\CronRunBehavior [ RunTime:0.093457s ]
INFO: [ app_begin ] --END-- [ RunTime:0.095041s ]

[ 2018-11-23T10:05:29+08:00 ] 127.0.0.1 /index.php/home/wxpay/bank_pay
ERR: Cron:cron Runat 2018-11-23 10:05:29 Use 0.083266 s

[ 2018-11-23T10:05:29+08:00 ] 127.0.0.1 /index.php/home/wxpay/bank_pay
INFO: [ app_init ] --START--
INFO: Run Behavior\BuildLiteBehavior [ RunTime:0.000036s ]
INFO: [ app_init ] --END-- [ RunTime:0.000881s ]
INFO: [ app_begin ] --START--
INFO: Run Behavior\ReadHtmlCacheBehavior [ RunTime:0.001325s ]
SQL: SHOW COLUMNS FROM `red_indent` [ RunTime:0.0563s ]
SQL: SELECT * FROM `red_indent` WHERE `status` = 2  [ RunTime:0.0004s ]
INFO: Run Behavior\CronRunBehavior [ RunTime:0.111065s ]
INFO: [ app_begin ] --END-- [ RunTime:0.112699s ]

[ 2018-11-23T10:06:00+08:00 ] 127.0.0.1 /index.php/home/wxpay/bank_pay
ERR: Cron:cron Runat 2018-11-23 10:06:00 Use 0.075977 s

[ 2018-11-23T10:06:10+08:00 ] 127.0.0.1 /index.php/home/wxpay/bank_pay
INFO: [ app_init ] --START--
INFO: Run Behavior\BuildLiteBehavior [ RunTime:0.000034s ]
INFO: [ app_init ] --END-- [ RunTime:0.000935s ]
INFO: [ app_begin ] --START--
INFO: Run Behavior\ReadHtmlCacheBehavior [ RunTime:0.001352s ]
SQL: SHOW COLUMNS FROM `red_indent` [ RunTime:0.0563s ]
SQL: SELECT * FROM `red_indent` WHERE `status` = 2  [ RunTime:0.0004s ]
INFO: Run Behavior\CronRunBehavior [ RunTime:0.102994s ]
INFO: [ app_begin ] --END-- [ RunTime:0.104598s ]

[ 2018-11-23T10:06:41+08:00 ] 127.0.0.1 /index.php/home/wxpay/bank_pay
ERR: Cron:cron Runat 2018-11-23 10:06:41 Use 0.085617 s

[ 2018-11-23T10:06:42+08:00 ] 127.0.0.1 /index.php/home/wxpay/bank_pay
INFO: [ app_init ] --START--
INFO: Run Behavior\BuildLiteBehavior [ RunTime:0.000032s ]
INFO: [ app_init ] --END-- [ RunTime:0.000913s ]
INFO: [ app_begin ] --START--
INFO: Run Behavior\ReadHtmlCacheBehavior [ RunTime:0.001265s ]
SQL: SHOW COLUMNS FROM `red_indent` [ RunTime:0.0604s ]
SQL: SELECT * FROM `red_indent` WHERE `status` = 2  [ RunTime:0.0004s ]
INFO: Run Behavior\CronRunBehavior [ RunTime:0.110077s ]
INFO: [ app_begin ] --END-- [ RunTime:0.111586s ]

[ 2018-11-23T10:07:42+08:00 ] 127.0.0.1 /index.php/home/wxpay/bank_pay
ERR: Cron:cron Runat 2018-11-23 10:07:42 Use 0.092465 s

[ 2018-11-23T10:07:42+08:00 ] 127.0.0.1 /index.php/home/wxpay/bank_pay
INFO: [ app_init ] --START--
INFO: Run Behavior\BuildLiteBehavior [ RunTime:0.000043s ]
INFO: [ app_init ] --END-- [ RunTime:0.001177s ]
INFO: [ app_begin ] --START--
INFO: Run Behavior\ReadHtmlCacheBehavior [ RunTime:0.001285s ]
SQL: SHOW COLUMNS FROM `red_indent` [ RunTime:0.0714s ]
SQL: SELECT * FROM `red_indent` WHERE `status` = 2  [ RunTime:0.0005s ]
INFO: Run Behavior\CronRunBehavior [ RunTime:0.120949s ]
INFO: [ app_begin ] --END-- [ RunTime:0.122497s ]

[ 2018-11-23T10:10:18+08:00 ] 127.0.0.1 /index.php/home/wxpay/bank_pay
ERR: Cron:cron Runat 2018-11-23 10:10:18 Use 0.071643 s

[ 2018-11-23T10:10:19+08:00 ] 127.0.0.1 /index.php/home/wxpay/bank_pay
INFO: [ app_init ] --START--
INFO: Run Behavior\BuildLiteBehavior [ RunTime:0.000034s ]
INFO: [ app_init ] --END-- [ RunTime:0.000961s ]
INFO: [ app_begin ] --START--
INFO: Run Behavior\ReadHtmlCacheBehavior [ RunTime:0.001862s ]
SQL: SHOW COLUMNS FROM `red_indent` [ RunTime:0.0475s ]
SQL: SELECT * FROM `red_indent` WHERE `status` = 2  [ RunTime:0.0005s ]
INFO: Run Behavior\CronRunBehavior [ RunTime:0.094982s ]
INFO: [ app_begin ] --END-- [ RunTime:0.097098s ]

[ 2018-11-23T10:12:23+08:00 ] 127.0.0.1 /index.php/home/wxpay/bank_pay
ERR: Cron:cron Runat 2018-11-23 10:12:23 Use 0.071748 s

[ 2018-11-23T10:12:23+08:00 ] 127.0.0.1 /index.php/home/wxpay/bank_pay
INFO: [ app_init ] --START--
INFO: Run Behavior\BuildLiteBehavior [ RunTime:0.000034s ]
INFO: [ app_init ] --END-- [ RunTime:0.001016s ]
INFO: [ app_begin ] --START--
INFO: Run Behavior\ReadHtmlCacheBehavior [ RunTime:0.003814s ]
SQL: SHOW COLUMNS FROM `red_indent` [ RunTime:0.0496s ]
SQL: SELECT * FROM `red_indent` WHERE `status` = 2  [ RunTime:0.0006s ]
INFO: Run Behavior\CronRunBehavior [ RunTime:0.092695s ]
INFO: [ app_begin ] --END-- [ RunTime:0.097289s ]

[ 2018-11-23T10:40:14+08:00 ] 127.0.0.1 /index.php/home/weixin/weixin
INFO: [ app_init ] --START--
INFO: Run Behavior\BuildLiteBehavior [ RunTime:0.000032s ]
INFO: [ app_init ] --END-- [ RunTime:0.001206s ]
INFO: [ app_begin ] --START--
INFO: Run Behavior\ReadHtmlCacheBehavior [ RunTime:0.001577s ]
ERR: SQLSTATE[HY000] [1045] Access denied for user 'root'@'localhost' (using password: YES)

[ 2018-11-23T10:40:23+08:00 ] 127.0.0.1 /index.php/home/weixin/weixin
INFO: [ app_init ] --START--
INFO: Run Behavior\BuildLiteBehavior [ RunTime:0.000034s ]
INFO: [ app_init ] --END-- [ RunTime:0.002402s ]
INFO: [ app_begin ] --START--
INFO: Run Behavior\ReadHtmlCacheBehavior [ RunTime:0.013361s ]
INFO: Run Behavior\CronRunBehavior [ RunTime:0.002999s ]
INFO: [ app_begin ] --END-- [ RunTime:0.016614s ]
NOTIC: [8] Undefined index: signature E:\wamp\www\anti\Application\Home\Controller\WeixinController.class.php 第 65 行.
NOTIC: [8] Undefined index: timestamp E:\wamp\www\anti\Application\Home\Controller\WeixinController.class.php 第 66 行.
NOTIC: [8] Undefined index: nonce E:\wamp\www\anti\Application\Home\Controller\WeixinController.class.php 第 67 行.
INFO: [ app_end ] --START--
INFO: Run Behavior\ShowPageTraceBehavior [ RunTime:0.025142s ]
INFO: [ app_end ] --END-- [ RunTime:0.025300s ]

[ 2018-11-23T10:47:18+08:00 ] 127.0.0.1 /index.php/home/wxpay/bank_pay
ERR: Cron:cron Runat 2018-11-23 10:47:18 Use 0.072532 s

[ 2018-11-23T10:47:18+08:00 ] 127.0.0.1 /index.php/home/wxpay/bank_pay
INFO: [ app_init ] --START--
INFO: Run Behavior\BuildLiteBehavior [ RunTime:0.000034s ]
INFO: [ app_init ] --END-- [ RunTime:0.000914s ]
INFO: [ app_begin ] --START--
INFO: Run Behavior\ReadHtmlCacheBehavior [ RunTime:0.002969s ]
SQL: SHOW COLUMNS FROM `red_indent` [ RunTime:0.0539s ]
SQL: SELECT * FROM `red_indent` WHERE `status` = 2  [ RunTime:0.0005s ]
INFO: Run Behavior\CronRunBehavior [ RunTime:0.088731s ]
INFO: [ app_begin ] --END-- [ RunTime:0.092179s ]

[ 2018-11-23T10:47:37+08:00 ] 127.0.0.1 /index.php/home/wxpay/bank_pay
ERR: Cron:cron Runat 2018-11-23 10:47:37 Use 0.069566 s

[ 2018-11-23T10:47:37+08:00 ] 127.0.0.1 /index.php/home/wxpay/bank_pay
INFO: [ app_init ] --START--
INFO: Run Behavior\BuildLiteBehavior [ RunTime:0.000036s ]
INFO: [ app_init ] --END-- [ RunTime:0.002357s ]
INFO: [ app_begin ] --START--
INFO: Run Behavior\ReadHtmlCacheBehavior [ RunTime:0.001391s ]
SQL: SHOW COLUMNS FROM `red_indent` [ RunTime:0.0495s ]
SQL: SELECT * FROM `red_indent` WHERE `status` = 2  [ RunTime:0.0004s ]
INFO: Run Behavior\CronRunBehavior [ RunTime:0.097057s ]
INFO: [ app_begin ] --END-- [ RunTime:0.098700s ]

[ 2018-11-23T10:48:05+08:00 ] 127.0.0.1 /index.php/home/wxpay/bank_pay
ERR: Cron:cron Runat 2018-11-23 10:48:05 Use 0.131255 s

[ 2018-11-23T10:48:05+08:00 ] 127.0.0.1 /index.php/home/wxpay/bank_pay
INFO: [ app_init ] --START--
INFO: Run Behavior\BuildLiteBehavior [ RunTime:0.000032s ]
INFO: [ app_init ] --END-- [ RunTime:0.000942s ]
INFO: [ app_begin ] --START--
INFO: Run Behavior\ReadHtmlCacheBehavior [ RunTime:0.001266s ]
SQL: SHOW COLUMNS FROM `red_indent` [ RunTime:0.1084s ]
SQL: SELECT * FROM `red_indent` WHERE `status` = 2  [ RunTime:0.0004s ]
INFO: Run Behavior\CronRunBehavior [ RunTime:0.161185s ]
INFO: [ app_begin ] --END-- [ RunTime:0.162715s ]

[ 2018-11-23T10:48:51+08:00 ] 127.0.0.1 /index.php/home/wxpay/bank_pay
ERR: Cron:cron Runat 2018-11-23 10:48:51 Use 0.067599 s

[ 2018-11-23T10:48:51+08:00 ] 127.0.0.1 /index.php/home/wxpay/bank_pay
INFO: [ app_init ] --START--
INFO: Run Behavior\BuildLiteBehavior [ RunTime:0.000032s ]
INFO: [ app_init ] --END-- [ RunTime:0.000883s ]
INFO: [ app_begin ] --START--
INFO: Run Behavior\ReadHtmlCacheBehavior [ RunTime:0.001396s ]
SQL: SHOW COLUMNS FROM `red_indent` [ RunTime:0.0480s ]
SQL: SELECT * FROM `red_indent` WHERE `status` = 2  [ RunTime:0.0004s ]
INFO: Run Behavior\CronRunBehavior [ RunTime:0.091213s ]
INFO: [ app_begin ] --END-- [ RunTime:0.092920s ]

[ 2018-11-23T10:49:04+08:00 ] 127.0.0.1 /index.php/home/wxpay/bank_pay
ERR: Cron:cron Runat 2018-11-23 10:49:04 Use 0.077668 s

[ 2018-11-23T10:49:05+08:00 ] 127.0.0.1 /index.php/home/wxpay/bank_pay
INFO: [ app_init ] --START--
INFO: Run Behavior\BuildLiteBehavior [ RunTime:0.000034s ]
INFO: [ app_init ] --END-- [ RunTime:0.000928s ]
INFO: [ app_begin ] --START--
INFO: Run Behavior\ReadHtmlCacheBehavior [ RunTime:0.001627s ]
SQL: SHOW COLUMNS FROM `red_indent` [ RunTime:0.0568s ]
SQL: SELECT * FROM `red_indent` WHERE `status` = 2  [ RunTime:0.0006s ]
INFO: Run Behavior\CronRunBehavior [ RunTime:0.099320s ]
INFO: [ app_begin ] --END-- [ RunTime:0.101227s ]

[ 2018-11-23T10:49:25+08:00 ] 127.0.0.1 /index.php/home/wxpay/bank_pay
ERR: Cron:cron Runat 2018-11-23 10:49:25 Use 0.067603 s

[ 2018-11-23T10:49:25+08:00 ] 127.0.0.1 /index.php/home/wxpay/bank_pay
INFO: [ app_init ] --START--
INFO: Run Behavior\BuildLiteBehavior [ RunTime:0.000060s ]
INFO: [ app_init ] --END-- [ RunTime:0.001356s ]
INFO: [ app_begin ] --START--
INFO: Run Behavior\ReadHtmlCacheBehavior [ RunTime:0.001392s ]
SQL: SHOW COLUMNS FROM `red_indent` [ RunTime:0.0481s ]
SQL: SELECT * FROM `red_indent` WHERE `status` = 2  [ RunTime:0.0004s ]
INFO: Run Behavior\CronRunBehavior [ RunTime:0.089172s ]
INFO: [ app_begin ] --END-- [ RunTime:0.090836s ]

[ 2018-11-23T10:51:33+08:00 ] 127.0.0.1 /index.php/home/wxpay/bank_pay
ERR: Cron:cron Runat 2018-11-23 10:51:33 Use 0.073242 s

[ 2018-11-23T10:51:33+08:00 ] 127.0.0.1 /index.php/home/wxpay/bank_pay
INFO: [ app_init ] --START--
INFO: Run Behavior\BuildLiteBehavior [ RunTime:0.000035s ]
INFO: [ app_init ] --END-- [ RunTime:0.000906s ]
INFO: [ app_begin ] --START--
INFO: Run Behavior\ReadHtmlCacheBehavior [ RunTime:0.001364s ]
SQL: SHOW COLUMNS FROM `red_indent` [ RunTime:0.0525s ]
SQL: SELECT * FROM `red_indent` WHERE `status` = 2  [ RunTime:0.0005s ]
INFO: Run Behavior\CronRunBehavior [ RunTime:0.097140s ]
INFO: [ app_begin ] --END-- [ RunTime:0.098762s ]

[ 2018-11-23T10:54:33+08:00 ] 127.0.0.1 /index.php/home/wxpay/bank_pay
ERR: Cron:cron Runat 2018-11-23 10:54:33 Use 0.077590 s

[ 2018-11-23T10:54:34+08:00 ] 127.0.0.1 /index.php/home/wxpay/bank_pay
INFO: [ app_init ] --START--
INFO: Run Behavior\BuildLiteBehavior [ RunTime:0.000062s ]
INFO: [ app_init ] --END-- [ RunTime:0.001226s ]
INFO: [ app_begin ] --START--
INFO: Run Behavior\ReadHtmlCacheBehavior [ RunTime:0.001288s ]
SQL: SHOW COLUMNS FROM `red_indent` [ RunTime:0.0578s ]
SQL: SELECT * FROM `red_indent` WHERE `status` = 2  [ RunTime:0.0007s ]
INFO: Run Behavior\CronRunBehavior [ RunTime:0.100628s ]
INFO: [ app_begin ] --END-- [ RunTime:0.102166s ]

[ 2018-11-23T10:56:18+08:00 ] 127.0.0.1 /index.php/home/wxpay/bank_pay
ERR: Cron:cron Runat 2018-11-23 10:56:18 Use 0.078619 s

[ 2018-11-23T10:56:18+08:00 ] 127.0.0.1 /index.php/home/wxpay/bank_pay
INFO: [ app_init ] --START--
INFO: Run Behavior\BuildLiteBehavior [ RunTime:0.000037s ]
INFO: [ app_init ] --END-- [ RunTime:0.003779s ]
INFO: [ app_begin ] --START--
INFO: Run Behavior\ReadHtmlCacheBehavior [ RunTime:0.001454s ]
SQL: SHOW COLUMNS FROM `red_indent` [ RunTime:0.0495s ]
SQL: SELECT * FROM `red_indent` WHERE `status` = 2  [ RunTime:0.0006s ]
INFO: Run Behavior\CronRunBehavior [ RunTime:0.109018s ]
INFO: [ app_begin ] --END-- [ RunTime:0.110796s ]

[ 2018-11-23T10:59:47+08:00 ] 127.0.0.1 /index.php/home/wxpay/bank_pay
ERR: Cron:cron Runat 2018-11-23 10:59:47 Use 0.055557 s

[ 2018-11-23T10:59:47+08:00 ] 127.0.0.1 /index.php/home/wxpay/bank_pay
INFO: [ app_init ] --START--
INFO: Run Behavior\BuildLiteBehavior [ RunTime:0.000032s ]
INFO: [ app_init ] --END-- [ RunTime:0.000864s ]
INFO: [ app_begin ] --START--
INFO: Run Behavior\ReadHtmlCacheBehavior [ RunTime:0.001300s ]
SQL: SHOW COLUMNS FROM `red_indent` [ RunTime:0.0364s ]
SQL: SELECT * FROM `red_indent` WHERE `status` = 2  [ RunTime:0.0009s ]
INFO: Run Behavior\CronRunBehavior [ RunTime:0.073548s ]
INFO: [ app_begin ] --END-- [ RunTime:0.075119s ]

[ 2018-11-23T11:02:50+08:00 ] 127.0.0.1 /index.php/home/wxpay/bank_pay
ERR: Cron:cron Runat 2018-11-23 11:02:50 Use 0.071785 s

[ 2018-11-23T11:02:51+08:00 ] 127.0.0.1 /index.php/home/wxpay/bank_pay
INFO: [ app_init ] --START--
INFO: Run Behavior\BuildLiteBehavior [ RunTime:0.000043s ]
INFO: [ app_init ] --END-- [ RunTime:0.001393s ]
INFO: [ app_begin ] --START--
INFO: Run Behavior\ReadHtmlCacheBehavior [ RunTime:0.001318s ]
SQL: SHOW COLUMNS FROM `red_indent` [ RunTime:0.0515s ]
SQL: SELECT * FROM `red_indent` WHERE `status` = 2  [ RunTime:0.0004s ]
INFO: Run Behavior\CronRunBehavior [ RunTime:0.094544s ]
INFO: [ app_begin ] --END-- [ RunTime:0.096158s ]

[ 2018-11-23T11:03:10+08:00 ] 127.0.0.1 /index.php/home/wxpay/bank_pay
ERR: Cron:cron Runat 2018-11-23 11:03:10 Use 0.070943 s

[ 2018-11-23T11:03:10+08:00 ] 127.0.0.1 /index.php/home/wxpay/bank_pay
INFO: [ app_init ] --START--
INFO: Run Behavior\BuildLiteBehavior [ RunTime:0.000036s ]
INFO: [ app_init ] --END-- [ RunTime:0.001561s ]
INFO: [ app_begin ] --START--
INFO: Run Behavior\ReadHtmlCacheBehavior [ RunTime:0.001262s ]
SQL: SHOW COLUMNS FROM `red_indent` [ RunTime:0.0510s ]
SQL: SELECT * FROM `red_indent` WHERE `status` = 2  [ RunTime:0.0005s ]
INFO: Run Behavior\CronRunBehavior [ RunTime:0.095654s ]
INFO: [ app_begin ] --END-- [ RunTime:0.097200s ]

[ 2018-11-23T11:12:51+08:00 ] 127.0.0.1 /index.php/home/wxpay/bank_pay
ERR: Cron:cron Runat 2018-11-23 11:12:51 Use 0.071323 s

[ 2018-11-23T11:12:51+08:00 ] 127.0.0.1 /index.php/home/wxpay/bank_pay
INFO: [ app_init ] --START--
INFO: Run Behavior\BuildLiteBehavior [ RunTime:0.000072s ]
INFO: [ app_init ] --END-- [ RunTime:0.001528s ]
INFO: [ app_begin ] --START--
INFO: Run Behavior\ReadHtmlCacheBehavior [ RunTime:0.001236s ]
SQL: SHOW COLUMNS FROM `red_indent` [ RunTime:0.0522s ]
SQL: SELECT * FROM `red_indent` WHERE `status` = 2  [ RunTime:0.0005s ]
INFO: Run Behavior\CronRunBehavior [ RunTime:0.099601s ]
INFO: [ app_begin ] --END-- [ RunTime:0.101083s ]

[ 2018-11-23T11:13:06+08:00 ] 127.0.0.1 /index.php/home/wxpay/bank_pay
ERR: Cron:cron Runat 2018-11-23 11:13:06 Use 0.087315 s

[ 2018-11-23T11:13:06+08:00 ] 127.0.0.1 /index.php/home/wxpay/bank_pay
INFO: [ app_init ] --START--
INFO: Run Behavior\BuildLiteBehavior [ RunTime:0.000085s ]
INFO: [ app_init ] --END-- [ RunTime:0.002969s ]
INFO: [ app_begin ] --START--
INFO: Run Behavior\ReadHtmlCacheBehavior [ RunTime:0.001500s ]
SQL: SHOW COLUMNS FROM `red_indent` [ RunTime:0.0591s ]
SQL: SELECT * FROM `red_indent` WHERE `status` = 2  [ RunTime:0.0005s ]
INFO: Run Behavior\CronRunBehavior [ RunTime:0.109551s ]
INFO: [ app_begin ] --END-- [ RunTime:0.111311s ]

[ 2018-11-23T11:14:47+08:00 ] 127.0.0.1 /index.php/home/wxpay/bank_pay
ERR: Cron:cron Runat 2018-11-23 11:14:47 Use 0.088333 s

[ 2018-11-23T11:14:47+08:00 ] 127.0.0.1 /index.php/home/wxpay/bank_pay
INFO: [ app_init ] --START--
INFO: Run Behavior\BuildLiteBehavior [ RunTime:0.000034s ]
INFO: [ app_init ] --END-- [ RunTime:0.000914s ]
INFO: [ app_begin ] --START--
INFO: Run Behavior\ReadHtmlCacheBehavior [ RunTime:0.001450s ]
SQL: SHOW COLUMNS FROM `red_indent` [ RunTime:0.0679s ]
SQL: SELECT * FROM `red_indent` WHERE `status` = 2  [ RunTime:0.0004s ]
INFO: Run Behavior\CronRunBehavior [ RunTime:0.115598s ]
INFO: [ app_begin ] --END-- [ RunTime:0.117324s ]
NOTIC: [8] Undefined variable: return E:\wamp\www\anti\Application\Home\Controller\WxpayController.class.php 第 198 行.

[ 2018-11-23T11:42:23+08:00 ] 127.0.0.1 /index.php/home/wxpay/bank_pay
ERR: Cron:cron Runat 2018-11-23 11:42:23 Use 0.114615 s

[ 2018-11-23T11:42:23+08:00 ] 127.0.0.1 /index.php/home/wxpay/bank_pay
INFO: [ app_init ] --START--
INFO: Run Behavior\BuildLiteBehavior [ RunTime:0.000032s ]
INFO: [ app_init ] --END-- [ RunTime:0.001328s ]
INFO: [ app_begin ] --START--
INFO: Run Behavior\ReadHtmlCacheBehavior [ RunTime:0.001730s ]
SQL: SHOW COLUMNS FROM `red_indent` [ RunTime:0.0451s ]
SQL: SELECT * FROM `red_indent` WHERE `status` = 2  [ RunTime:0.0004s ]
INFO: Run Behavior\CronRunBehavior [ RunTime:0.160126s ]
INFO: [ app_begin ] --END-- [ RunTime:0.162105s ]
NOTIC: [8] Undefined variable: arr E:\wamp\www\anti\Application\Home\Controller\WxpayController.class.php 第 198 行.
NOTIC: [2] http_build_query(): Parameter 1 expected to be Array or Object.  Incorrect value given E:\wamp\www\anti\Application\Home\Controller\WxpayController.class.php 第 198 行.

[ 2018-11-23T11:42:26+08:00 ] 127.0.0.1 /index.php/home/wxpay/bank_pay
INFO: [ app_init ] --START--
INFO: Run Behavior\BuildLiteBehavior [ RunTime:0.000032s ]
INFO: [ app_init ] --END-- [ RunTime:0.000889s ]
INFO: [ app_begin ] --START--
INFO: Run Behavior\ReadHtmlCacheBehavior [ RunTime:0.001305s ]
INFO: Run Behavior\CronRunBehavior [ RunTime:0.011323s ]
INFO: [ app_begin ] --END-- [ RunTime:0.012933s ]
NOTIC: [8] Undefined variable: arr E:\wamp\www\anti\Application\Home\Controller\WxpayController.class.php 第 198 行.
NOTIC: [2] http_build_query(): Parameter 1 expected to be Array or Object.  Incorrect value given E:\wamp\www\anti\Application\Home\Controller\WxpayController.class.php 第 198 行.

[ 2018-11-23T11:42:38+08:00 ] 127.0.0.1 /index.php/home/wxpay/bank_pay
ERR: Cron:cron Runat 2018-11-23 11:42:38 Use 0.074790 s

[ 2018-11-23T11:42:38+08:00 ] 127.0.0.1 /index.php/home/wxpay/bank_pay
INFO: [ app_init ] --START--
INFO: Run Behavior\BuildLiteBehavior [ RunTime:0.000034s ]
INFO: [ app_init ] --END-- [ RunTime:0.000970s ]
INFO: [ app_begin ] --START--
INFO: Run Behavior\ReadHtmlCacheBehavior [ RunTime:0.001302s ]
SQL: SHOW COLUMNS FROM `red_indent` [ RunTime:0.0481s ]
SQL: SELECT * FROM `red_indent` WHERE `status` = 2  [ RunTime:0.0004s ]
INFO: Run Behavior\CronRunBehavior [ RunTime:0.098358s ]
INFO: [ app_begin ] --END-- [ RunTime:0.100077s ]

[ 2018-11-23T11:42:49+08:00 ] 127.0.0.1 /index.php/home/wxpay/bank_pay
ERR: Cron:cron Runat 2018-11-23 11:42:49 Use 0.079782 s

[ 2018-11-23T11:42:49+08:00 ] 127.0.0.1 /index.php/home/wxpay/bank_pay
INFO: [ app_init ] --START--
INFO: Run Behavior\BuildLiteBehavior [ RunTime:0.000033s ]
INFO: [ app_init ] --END-- [ RunTime:0.000956s ]
INFO: [ app_begin ] --START--
INFO: Run Behavior\ReadHtmlCacheBehavior [ RunTime:0.001299s ]
SQL: SHOW COLUMNS FROM `red_indent` [ RunTime:0.0597s ]
SQL: SELECT * FROM `red_indent` WHERE `status` = 2  [ RunTime:0.0005s ]
INFO: Run Behavior\CronRunBehavior [ RunTime:0.103407s ]
INFO: [ app_begin ] --END-- [ RunTime:0.104960s ]
NOTIC: [8] Undefined variable: return E:\wamp\www\anti\Application\Home\Controller\WxpayController.class.php 第 205 行.

[ 2018-11-23T13:40:07+08:00 ] 127.0.0.1 /index.php/home/wxpay/return_back
ERR: Cron:cron Runat 2018-11-23 13:40:07 Use 0.108301 s

[ 2018-11-23T13:40:07+08:00 ] 127.0.0.1 /index.php/home/wxpay/return_back
INFO: [ app_init ] --START--
INFO: Run Behavior\BuildLiteBehavior [ RunTime:0.000033s ]
INFO: [ app_init ] --END-- [ RunTime:0.001553s ]
INFO: [ app_begin ] --START--
INFO: Run Behavior\ReadHtmlCacheBehavior [ RunTime:0.001992s ]
SQL: SHOW COLUMNS FROM `red_indent` [ RunTime:0.0619s ]
SQL: SELECT * FROM `red_indent` WHERE `status` = 2  [ RunTime:0.0005s ]
INFO: Run Behavior\CronRunBehavior [ RunTime:0.194706s ]
INFO: [ app_begin ] --END-- [ RunTime:0.196950s ]
INFO: [ app_end ] --START--
INFO: Run Behavior\ShowPageTraceBehavior [ RunTime:0.017160s ]
INFO: [ app_end ] --END-- [ RunTime:0.017338s ]

[ 2018-11-23T13:47:06+08:00 ] 127.0.0.1 /index.php/home/wxpay/bank_pay
ERR: Cron:cron Runat 2018-11-23 13:47:06 Use 0.087632 s

[ 2018-11-23T13:47:06+08:00 ] 127.0.0.1 /index.php/home/wxpay/bank_pay
INFO: [ app_init ] --START--
INFO: Run Behavior\BuildLiteBehavior [ RunTime:0.000032s ]
INFO: [ app_init ] --END-- [ RunTime:0.000880s ]
INFO: [ app_begin ] --START--
INFO: Run Behavior\ReadHtmlCacheBehavior [ RunTime:0.001280s ]
SQL: SHOW COLUMNS FROM `red_indent` [ RunTime:0.0674s ]
SQL: SELECT * FROM `red_indent` WHERE `status` = 2  [ RunTime:0.0006s ]
INFO: Run Behavior\CronRunBehavior [ RunTime:0.108178s ]
INFO: [ app_begin ] --END-- [ RunTime:0.109748s ]

[ 2018-11-23T13:47:43+08:00 ] 127.0.0.1 /index.php/home/wxpay/bank_pay
ERR: Cron:cron Runat 2018-11-23 13:47:43 Use 0.097782 s

[ 2018-11-23T13:47:44+08:00 ] 127.0.0.1 /index.php/home/wxpay/bank_pay
INFO: [ app_init ] --START--
INFO: Run Behavior\BuildLiteBehavior [ RunTime:0.000031s ]
INFO: [ app_init ] --END-- [ RunTime:0.000947s ]
INFO: [ app_begin ] --START--
INFO: Run Behavior\ReadHtmlCacheBehavior [ RunTime:0.001929s ]
SQL: SHOW COLUMNS FROM `red_indent` [ RunTime:0.0644s ]
SQL: SELECT * FROM `red_indent` WHERE `status` = 2  [ RunTime:0.0005s ]
INFO: Run Behavior\CronRunBehavior [ RunTime:0.126685s ]
INFO: [ app_begin ] --END-- [ RunTime:0.128900s ]
INFO: [ app_end ] --START--
INFO: Run Behavior\ShowPageTraceBehavior [ RunTime:0.001835s ]
INFO: [ app_end ] --END-- [ RunTime:0.002024s ]

[ 2018-11-23T13:47:55+08:00 ] 127.0.0.1 /index.php/home/wxpay/bank_pay
ERR: Cron:cron Runat 2018-11-23 13:47:55 Use 0.059206 s

[ 2018-11-23T13:47:56+08:00 ] 127.0.0.1 /index.php/home/wxpay/bank_pay
INFO: [ app_init ] --START--
INFO: Run Behavior\BuildLiteBehavior [ RunTime:0.000031s ]
INFO: [ app_init ] --END-- [ RunTime:0.001004s ]
INFO: [ app_begin ] --START--
INFO: Run Behavior\ReadHtmlCacheBehavior [ RunTime:0.001330s ]
SQL: SHOW COLUMNS FROM `red_indent` [ RunTime:0.0405s ]
SQL: SELECT * FROM `red_indent` WHERE `status` = 2  [ RunTime:0.0004s ]
INFO: Run Behavior\CronRunBehavior [ RunTime:0.078678s ]
INFO: [ app_begin ] --END-- [ RunTime:0.080328s ]
INFO: [ app_end ] --START--
INFO: Run Behavior\ShowPageTraceBehavior [ RunTime:0.001775s ]
INFO: [ app_end ] --END-- [ RunTime:0.001932s ]

[ 2018-11-23T13:48:10+08:00 ] 127.0.0.1 /index.php/home/wxpay/bank_pay
ERR: Cron:cron Runat 2018-11-23 13:48:10 Use 0.061024 s

[ 2018-11-23T13:48:10+08:00 ] 127.0.0.1 /index.php/home/wxpay/bank_pay
INFO: [ app_init ] --START--
INFO: Run Behavior\BuildLiteBehavior [ RunTime:0.000049s ]
INFO: [ app_init ] --END-- [ RunTime:0.000916s ]
INFO: [ app_begin ] --START--
INFO: Run Behavior\ReadHtmlCacheBehavior [ RunTime:0.001236s ]
SQL: SHOW COLUMNS FROM `red_indent` [ RunTime:0.0427s ]
SQL: SELECT * FROM `red_indent` WHERE `status` = 2  [ RunTime:0.0005s ]
INFO: Run Behavior\CronRunBehavior [ RunTime:0.088846s ]
INFO: [ app_begin ] --END-- [ RunTime:0.090336s ]

[ 2018-11-23T13:48:38+08:00 ] 127.0.0.1 /index.php/home/wxpay/bank_pay
ERR: Cron:cron Runat 2018-11-23 13:48:38 Use 0.069098 s

[ 2018-11-23T13:48:38+08:00 ] 127.0.0.1 /index.php/home/wxpay/bank_pay
INFO: [ app_init ] --START--
INFO: Run Behavior\BuildLiteBehavior [ RunTime:0.000031s ]
INFO: [ app_init ] --END-- [ RunTime:0.000937s ]
INFO: [ app_begin ] --START--
INFO: Run Behavior\ReadHtmlCacheBehavior [ RunTime:0.001384s ]
SQL: SHOW COLUMNS FROM `red_indent` [ RunTime:0.0503s ]
SQL: SELECT * FROM `red_indent` WHERE `status` = 2  [ RunTime:0.0008s ]
INFO: Run Behavior\CronRunBehavior [ RunTime:0.108671s ]
INFO: [ app_begin ] --END-- [ RunTime:0.110397s ]

[ 2018-11-23T13:48:50+08:00 ] 127.0.0.1 /index.php/home/wxpay/bank_pay
ERR: Cron:cron Runat 2018-11-23 13:48:50 Use 0.067779 s

[ 2018-11-23T13:48:51+08:00 ] 127.0.0.1 /index.php/home/wxpay/bank_pay
INFO: [ app_init ] --START--
INFO: Run Behavior\BuildLiteBehavior [ RunTime:0.000033s ]
INFO: [ app_init ] --END-- [ RunTime:0.001645s ]
INFO: [ app_begin ] --START--
INFO: Run Behavior\ReadHtmlCacheBehavior [ RunTime:0.001508s ]
SQL: SHOW COLUMNS FROM `red_indent` [ RunTime:0.0484s ]
SQL: SELECT * FROM `red_indent` WHERE `status` = 2  [ RunTime:0.0004s ]
INFO: Run Behavior\CronRunBehavior [ RunTime:0.093823s ]
INFO: [ app_begin ] --END-- [ RunTime:0.095603s ]

[ 2018-11-23T13:55:28+08:00 ] 127.0.0.1 /index.php/home/wxpay/bank_pay
ERR: Cron:cron Runat 2018-11-23 13:55:28 Use 0.100264 s

[ 2018-11-23T13:55:28+08:00 ] 127.0.0.1 /index.php/home/wxpay/bank_pay
INFO: [ app_init ] --START--
INFO: Run Behavior\BuildLiteBehavior [ RunTime:0.000034s ]
INFO: [ app_init ] --END-- [ RunTime:0.001145s ]
INFO: [ app_begin ] --START--
INFO: Run Behavior\ReadHtmlCacheBehavior [ RunTime:0.001282s ]
SQL: SHOW COLUMNS FROM `red_indent` [ RunTime:0.0588s ]
SQL: SELECT * FROM `red_indent` WHERE `status` = 2  [ RunTime:0.0004s ]
INFO: Run Behavior\CronRunBehavior [ RunTime:0.130915s ]
INFO: [ app_begin ] --END-- [ RunTime:0.132468s ]

[ 2018-11-23T13:59:21+08:00 ] 127.0.0.1 /index.php/home/wxpay/ceshi2
ERR: Cron:cron Runat 2018-11-23 13:59:21 Use 0.048926 s

[ 2018-11-23T13:59:21+08:00 ] 127.0.0.1 /index.php/home/wxpay/ceshi2
INFO: [ app_init ] --START--
INFO: Run Behavior\BuildLiteBehavior [ RunTime:0.000034s ]
INFO: [ app_init ] --END-- [ RunTime:0.001454s ]
INFO: [ app_begin ] --START--
INFO: Run Behavior\ReadHtmlCacheBehavior [ RunTime:0.001270s ]
SQL: SHOW COLUMNS FROM `red_indent` [ RunTime:0.0304s ]
SQL: SELECT * FROM `red_indent` WHERE `status` = 2  [ RunTime:0.0005s ]
INFO: Run Behavior\CronRunBehavior [ RunTime:0.067057s ]
INFO: [ app_begin ] --END-- [ RunTime:0.068570s ]
NOTIC: [8] Undefined variable: config E:\wamp\www\anti\Application\Home\Controller\WxpayController.class.php 第 253 行.
NOTIC: [8] Undefined variable: indents E:\wamp\www\anti\Application\Home\Controller\WxpayController.class.php 第 256 行.
NOTIC: [8] Undefined variable: config E:\wamp\www\anti\Application\Home\Controller\WxpayController.class.php 第 257 行.
NOTIC: [8] Undefined variable: config E:\wamp\www\anti\Application\Home\Controller\WxpayController.class.php 第 258 行.
NOTIC: [8] Undefined variable: config E:\wamp\www\anti\Application\Home\Controller\WxpayController.class.php 第 259 行.
NOTIC: [8] Undefined variable: config E:\wamp\www\anti\Application\Home\Controller\WxpayController.class.php 第 261 行.
INFO: [ app_end ] --START--
INFO: Run Behavior\ShowPageTraceBehavior [ RunTime:0.001813s ]
INFO: [ app_end ] --END-- [ RunTime:0.001965s ]

[ 2018-11-23T14:41:03+08:00 ] 127.0.0.1 /index.php/home/wxpay/bank_pay
ERR: Cron:cron Runat 2018-11-23 14:41:03 Use 0.094737 s

[ 2018-11-23T14:41:03+08:00 ] 127.0.0.1 /index.php/home/wxpay/bank_pay
INFO: [ app_init ] --START--
INFO: Run Behavior\BuildLiteBehavior [ RunTime:0.000033s ]
INFO: [ app_init ] --END-- [ RunTime:0.001300s ]
INFO: [ app_begin ] --START--
INFO: Run Behavior\ReadHtmlCacheBehavior [ RunTime:0.001528s ]
SQL: SHOW COLUMNS FROM `red_indent` [ RunTime:0.0377s ]
SQL: SELECT * FROM `red_indent` WHERE `status` = 2  [ RunTime:0.0005s ]
INFO: Run Behavior\CronRunBehavior [ RunTime:0.136294s ]
INFO: [ app_begin ] --END-- [ RunTime:0.138076s ]

[ 2018-11-23T17:33:14+08:00 ] 127.0.0.1 /index.php/home/wechat/ceshi
ERR: Cron:cron Runat 2018-11-23 17:33:14 Use 0.300667 s

[ 2018-11-23T17:33:14+08:00 ] 127.0.0.1 /index.php/home/wechat/ceshi
INFO: [ app_init ] --START--
INFO: Run Behavior\BuildLiteBehavior [ RunTime:0.000034s ]
INFO: [ app_init ] --END-- [ RunTime:0.001654s ]
INFO: [ app_begin ] --START--
INFO: Run Behavior\ReadHtmlCacheBehavior [ RunTime:0.001753s ]
SQL: SHOW COLUMNS FROM `red_indent` [ RunTime:0.0637s ]
SQL: SELECT * FROM `red_indent` WHERE `status` = 2  [ RunTime:0.0006s ]
INFO: Run Behavior\CronRunBehavior [ RunTime:0.374387s ]
INFO: [ app_begin ] --END-- [ RunTime:0.376388s ]

[ 2018-11-23T17:33:15+08:00 ] 127.0.0.1 /index.php/Home/wechat/tishi/error_code/%E5%9C%B0%E7%90%86%E4%BD%8D%E7%BD%AE%E4%B8%8D%E6%BB%A1%E8%B6%B3%E6%B4%BB%E5%8A%A8%E8%A6%81%E6%B1%82.html
INFO: [ app_init ] --START--
INFO: Run Behavior\BuildLiteBehavior [ RunTime:0.000031s ]
INFO: [ app_init ] --END-- [ RunTime:0.001016s ]
INFO: [ app_begin ] --START--
INFO: Run Behavior\ReadHtmlCacheBehavior [ RunTime:0.001408s ]
INFO: Run Behavior\CronRunBehavior [ RunTime:0.012073s ]
INFO: [ app_begin ] --END-- [ RunTime:0.013767s ]
SQL: SHOW COLUMNS FROM `red_code` [ RunTime:0.0654s ]
SQL: SELECT `activity_id` FROM `red_code` WHERE `code_sn` = '' LIMIT 1   [ RunTime:0.0340s ]
SQL: SHOW COLUMNS FROM `red_activity` [ RunTime:0.0568s ]
SQL: SELECT `shop_id` FROM `red_activity` WHERE `id` = null LIMIT 1   [ RunTime:0.0004s ]
SQL: SHOW COLUMNS FROM `red_shop` [ RunTime:0.0485s ]
SQL: SELECT `name`,`logo` FROM `red_shop` WHERE `id` = null LIMIT 1   [ RunTime:0.0003s ]
INFO: [ view_parse ] --START--
INFO: [ template_filter ] --START--
INFO: Run Behavior\ContentReplaceBehavior [ RunTime:0.000122s ]
INFO: [ template_filter ] --END-- [ RunTime:0.000313s ]
NOTIC: [8] Use of undefined constant logo - assumed 'logo' E:\wamp\www\anti\Application\Runtime\Cache\Home\c796606de644d28d3f6fd074971082ce.php 第 11 行.
NOTIC: [8] Use of undefined constant share_success - assumed 'share_success' E:\wamp\www\anti\Application\Runtime\Cache\Home\c796606de644d28d3f6fd074971082ce.php 第 58 行.
INFO: Run Behavior\ParseTemplateBehavior [ RunTime:0.279368s ]
INFO: [ view_parse ] --END-- [ RunTime:0.279500s ]
INFO: [ view_filter ] --START--
INFO: Run Behavior\WriteHtmlCacheBehavior [ RunTime:0.034796s ]
INFO: [ view_filter ] --END-- [ RunTime:0.034947s ]
INFO: [ app_end ] --START--
INFO: Run Behavior\ShowPageTraceBehavior [ RunTime:0.002617s ]
INFO: [ app_end ] --END-- [ RunTime:0.002759s ]

[ 2018-11-23T18:02:30+08:00 ] 127.0.0.1 /index.php/Home/wechat/zhuanpan
ERR: Cron:cron Runat 2018-11-23 18:02:30 Use 0.116270 s

[ 2018-11-23T18:02:30+08:00 ] 127.0.0.1 /index.php/Home/wechat/zhuanpan
INFO: [ app_init ] --START--
INFO: Run Behavior\BuildLiteBehavior [ RunTime:0.000033s ]
INFO: [ app_init ] --END-- [ RunTime:0.001084s ]
INFO: [ app_begin ] --START--
INFO: Run Behavior\ReadHtmlCacheBehavior [ RunTime:0.001434s ]
SQL: SHOW COLUMNS FROM `red_indent` [ RunTime:0.0535s ]
SQL: SELECT * FROM `red_indent` WHERE `status` = 2  [ RunTime:0.0004s ]
INFO: Run Behavior\CronRunBehavior [ RunTime:0.130512s ]
INFO: [ app_begin ] --END-- [ RunTime:0.132194s ]
SQL: SHOW COLUMNS FROM `red_code` [ RunTime:0.0355s ]
SQL: SELECT * FROM `red_code` WHERE `code_sn` = '' LIMIT 1   [ RunTime:0.0011s ]
SQL: SHOW COLUMNS FROM `red_code_num` [ RunTime:0.0692s ]
SQL: SELECT `activity_id` FROM `red_code_num` WHERE `id` = null LIMIT 1   [ RunTime:0.0052s ]
SQL: SHOW COLUMNS FROM `red_activity` [ RunTime:0.0357s ]
SQL: SELECT * FROM `red_activity` WHERE `id` = null LIMIT 1   [ RunTime:0.0004s ]
SQL: SHOW COLUMNS FROM `red_activity_prize` [ RunTime:0.0472s ]
SQL: SELECT * FROM `red_activity_prize` WHERE `activity_id` = null  [ RunTime:0.0176s ]
NOTIC: [8] Undefined offset: 0 E:\wamp\www\anti\Application\Home\Controller\WechatController.class.php 第 542 行.
NOTIC: [8] Undefined offset: 1 E:\wamp\www\anti\Application\Home\Controller\WechatController.class.php 第 544 行.
NOTIC: [8] Undefined offset: 2 E:\wamp\www\anti\Application\Home\Controller\WechatController.class.php 第 546 行.
NOTIC: [8] Undefined offset: 3 E:\wamp\www\anti\Application\Home\Controller\WechatController.class.php 第 548 行.
NOTIC: [8] Undefined offset: 4 E:\wamp\www\anti\Application\Home\Controller\WechatController.class.php 第 550 行.
SQL: SELECT * FROM `red_activity_prize` WHERE `id` = null LIMIT 1   [ RunTime:0.0003s ]
SQL: SHOW COLUMNS FROM `red_ticket` [ RunTime:0.0452s ]
SQL: SELECT * FROM `red_ticket` WHERE `id` = null LIMIT 1   [ RunTime:0.0004s ]
INFO: [ view_parse ] --START--
INFO: [ template_filter ] --START--
INFO: Run Behavior\ContentReplaceBehavior [ RunTime:0.000138s ]
INFO: [ template_filter ] --END-- [ RunTime:0.000275s ]
NOTIC: [8] Use of undefined constant prize_type - assumed 'prize_type' E:\wamp\www\anti\Application\Runtime\Cache\Home\964c6ee635b0f6f07a8058a9dc911250.php 第 46 行.
NOTIC: [8] Use of undefined constant prize_type - assumed 'prize_type' E:\wamp\www\anti\Application\Runtime\Cache\Home\964c6ee635b0f6f07a8058a9dc911250.php 第 48 行.
SQL: SELECT * FROM `red_activity_prize` WHERE `id` = null LIMIT 1   [ RunTime:0.0004s ]
NOTIC: [8] Use of undefined constant prize_type - assumed 'prize_type' E:\wamp\www\anti\Application\Runtime\Cache\Home\964c6ee635b0f6f07a8058a9dc911250.php 第 57 行.
NOTIC: [8] Use of undefined constant prize_type - assumed 'prize_type' E:\wamp\www\anti\Application\Runtime\Cache\Home\964c6ee635b0f6f07a8058a9dc911250.php 第 59 行.
SQL: SELECT * FROM `red_activity_prize` WHERE `id` = null LIMIT 1   [ RunTime:0.0003s ]
NOTIC: [8] Use of undefined constant prize_type - assumed 'prize_type' E:\wamp\www\anti\Application\Runtime\Cache\Home\964c6ee635b0f6f07a8058a9dc911250.php 第 68 行.
NOTIC: [8] Use of undefined constant prize_type - assumed 'prize_type' E:\wamp\www\anti\Application\Runtime\Cache\Home\964c6ee635b0f6f07a8058a9dc911250.php 第 70 行.
SQL: SELECT * FROM `red_activity_prize` WHERE `id` = null LIMIT 1   [ RunTime:0.0003s ]
NOTIC: [8] Use of undefined constant prize_type - assumed 'prize_type' E:\wamp\www\anti\Application\Runtime\Cache\Home\964c6ee635b0f6f07a8058a9dc911250.php 第 79 行.
NOTIC: [8] Use of undefined constant prize_type - assumed 'prize_type' E:\wamp\www\anti\Application\Runtime\Cache\Home\964c6ee635b0f6f07a8058a9dc911250.php 第 81 行.
SQL: SELECT * FROM `red_activity_prize` WHERE `id` = null LIMIT 1   [ RunTime:0.0002s ]
NOTIC: [8] Use of undefined constant prize_type - assumed 'prize_type' E:\wamp\www\anti\Application\Runtime\Cache\Home\964c6ee635b0f6f07a8058a9dc911250.php 第 90 行.
NOTIC: [8] Use of undefined constant prize_type - assumed 'prize_type' E:\wamp\www\anti\Application\Runtime\Cache\Home\964c6ee635b0f6f07a8058a9dc911250.php 第 92 行.
SQL: SELECT * FROM `red_activity_prize` WHERE `id` = null LIMIT 1   [ RunTime:0.0002s ]
INFO: Run Behavior\ParseTemplateBehavior [ RunTime:0.061373s ]
INFO: [ view_parse ] --END-- [ RunTime:0.061510s ]
INFO: [ view_filter ] --START--
INFO: Run Behavior\WriteHtmlCacheBehavior [ RunTime:0.001223s ]
INFO: [ view_filter ] --END-- [ RunTime:0.001351s ]
INFO: [ app_end ] --START--
INFO: Run Behavior\ShowPageTraceBehavior [ RunTime:0.001318s ]
INFO: [ app_end ] --END-- [ RunTime:0.001450s ]

[ 2018-11-23T18:03:18+08:00 ] 127.0.0.1 /index.php/Home/wechat/zhuanpan
ERR: Cron:cron Runat 2018-11-23 18:03:18 Use 0.118087 s

[ 2018-11-23T18:03:19+08:00 ] 127.0.0.1 /index.php/Home/wechat/zhuanpan
INFO: [ app_init ] --START--
INFO: Run Behavior\BuildLiteBehavior [ RunTime:0.000031s ]
INFO: [ app_init ] --END-- [ RunTime:0.000907s ]
INFO: [ app_begin ] --START--
INFO: Run Behavior\ReadHtmlCacheBehavior [ RunTime:0.001951s ]
SQL: SHOW COLUMNS FROM `red_indent` [ RunTime:0.0660s ]
SQL: SELECT * FROM `red_indent` WHERE `status` = 2  [ RunTime:0.0004s ]
INFO: Run Behavior\CronRunBehavior [ RunTime:0.156761s ]
INFO: [ app_begin ] --END-- [ RunTime:0.159145s ]
SQL: SHOW COLUMNS FROM `red_code` [ RunTime:0.0690s ]
SQL: SELECT * FROM `red_code` WHERE `code_sn` = '' LIMIT 1   [ RunTime:0.0012s ]
SQL: SHOW COLUMNS FROM `red_code_num` [ RunTime:0.0401s ]
SQL: SELECT `activity_id` FROM `red_code_num` WHERE `id` = null LIMIT 1   [ RunTime:0.0003s ]
SQL: SHOW COLUMNS FROM `red_activity` [ RunTime:0.0362s ]
SQL: SELECT * FROM `red_activity` WHERE `id` = null LIMIT 1   [ RunTime:0.0004s ]
SQL: SHOW COLUMNS FROM `red_activity_prize` [ RunTime:0.0322s ]
SQL: SELECT * FROM `red_activity_prize` WHERE `activity_id` = null  [ RunTime:0.0003s ]
NOTIC: [8] Undefined offset: 0 E:\wamp\www\anti\Application\Home\Controller\WechatController.class.php 第 542 行.
NOTIC: [8] Undefined offset: 1 E:\wamp\www\anti\Application\Home\Controller\WechatController.class.php 第 544 行.
NOTIC: [8] Undefined offset: 2 E:\wamp\www\anti\Application\Home\Controller\WechatController.class.php 第 546 行.
NOTIC: [8] Undefined offset: 3 E:\wamp\www\anti\Application\Home\Controller\WechatController.class.php 第 548 行.
NOTIC: [8] Undefined offset: 4 E:\wamp\www\anti\Application\Home\Controller\WechatController.class.php 第 550 行.
SQL: SELECT * FROM `red_activity_prize` WHERE `id` = null LIMIT 1   [ RunTime:0.0002s ]
SQL: SHOW COLUMNS FROM `red_ticket` [ RunTime:0.0491s ]
SQL: SELECT * FROM `red_ticket` WHERE `id` = null LIMIT 1   [ RunTime:0.0003s ]
INFO: [ view_parse ] --START--
INFO: [ template_filter ] --START--
INFO: Run Behavior\ContentReplaceBehavior [ RunTime:0.000132s ]
INFO: [ template_filter ] --END-- [ RunTime:0.000260s ]
NOTIC: [8] Use of undefined constant prize_type - assumed 'prize_type' E:\wamp\www\anti\Application\Runtime\Cache\Home\964c6ee635b0f6f07a8058a9dc911250.php 第 46 行.
NOTIC: [8] Use of undefined constant prize_type - assumed 'prize_type' E:\wamp\www\anti\Application\Runtime\Cache\Home\964c6ee635b0f6f07a8058a9dc911250.php 第 48 行.
SQL: SELECT * FROM `red_activity_prize` WHERE `id` = null LIMIT 1   [ RunTime:0.0003s ]
NOTIC: [8] Use of undefined constant prize_type - assumed 'prize_type' E:\wamp\www\anti\Application\Runtime\Cache\Home\964c6ee635b0f6f07a8058a9dc911250.php 第 57 行.
NOTIC: [8] Use of undefined constant prize_type - assumed 'prize_type' E:\wamp\www\anti\Application\Runtime\Cache\Home\964c6ee635b0f6f07a8058a9dc911250.php 第 59 行.
SQL: SELECT * FROM `red_activity_prize` WHERE `id` = null LIMIT 1   [ RunTime:0.0002s ]
NOTIC: [8] Use of undefined constant prize_type - assumed 'prize_type' E:\wamp\www\anti\Application\Runtime\Cache\Home\964c6ee635b0f6f07a8058a9dc911250.php 第 68 行.
NOTIC: [8] Use of undefined constant prize_type - assumed 'prize_type' E:\wamp\www\anti\Application\Runtime\Cache\Home\964c6ee635b0f6f07a8058a9dc911250.php 第 70 行.
SQL: SELECT * FROM `red_activity_prize` WHERE `id` = null LIMIT 1   [ RunTime:0.0002s ]
NOTIC: [8] Use of undefined constant prize_type - assumed 'prize_type' E:\wamp\www\anti\Application\Runtime\Cache\Home\964c6ee635b0f6f07a8058a9dc911250.php 第 79 行.
NOTIC: [8] Use of undefined constant prize_type - assumed 'prize_type' E:\wamp\www\anti\Application\Runtime\Cache\Home\964c6ee635b0f6f07a8058a9dc911250.php 第 81 行.
SQL: SELECT * FROM `red_activity_prize` WHERE `id` = null LIMIT 1   [ RunTime:0.0002s ]
NOTIC: [8] Use of undefined constant prize_type - assumed 'prize_type' E:\wamp\www\anti\Application\Runtime\Cache\Home\964c6ee635b0f6f07a8058a9dc911250.php 第 90 行.
NOTIC: [8] Use of undefined constant prize_type - assumed 'prize_type' E:\wamp\www\anti\Application\Runtime\Cache\Home\964c6ee635b0f6f07a8058a9dc911250.php 第 92 行.
SQL: SELECT * FROM `red_activity_prize` WHERE `id` = null LIMIT 1   [ RunTime:0.0002s ]
INFO: Run Behavior\ParseTemplateBehavior [ RunTime:0.057420s ]
INFO: [ view_parse ] --END-- [ RunTime:0.057557s ]
INFO: [ view_filter ] --START--
INFO: Run Behavior\WriteHtmlCacheBehavior [ RunTime:0.001750s ]
INFO: [ view_filter ] --END-- [ RunTime:0.001888s ]
INFO: [ app_end ] --START--
INFO: Run Behavior\ShowPageTraceBehavior [ RunTime:0.001471s ]
INFO: [ app_end ] --END-- [ RunTime:0.001610s ]

[ 2018-11-23T18:03:40+08:00 ] 127.0.0.1 /index.php/Home/wechat/zhuanpan
ERR: Cron:cron Runat 2018-11-23 18:03:40 Use 0.085149 s

[ 2018-11-23T18:03:41+08:00 ] 127.0.0.1 /index.php/Home/wechat/zhuanpan
INFO: [ app_init ] --START--
INFO: Run Behavior\BuildLiteBehavior [ RunTime:0.000040s ]
INFO: [ app_init ] --END-- [ RunTime:0.002315s ]
INFO: [ app_begin ] --START--
INFO: Run Behavior\ReadHtmlCacheBehavior [ RunTime:0.001266s ]
SQL: SHOW COLUMNS FROM `red_indent` [ RunTime:0.0508s ]
SQL: SELECT * FROM `red_indent` WHERE `status` = 2  [ RunTime:0.0006s ]
INFO: Run Behavior\CronRunBehavior [ RunTime:0.114333s ]
INFO: [ app_begin ] --END-- [ RunTime:0.115853s ]
SQL: SHOW COLUMNS FROM `red_code` [ RunTime:0.0782s ]
SQL: SELECT * FROM `red_code` WHERE `code_sn` = '' LIMIT 1   [ RunTime:0.0010s ]
SQL: SHOW COLUMNS FROM `red_code_num` [ RunTime:0.0496s ]
SQL: SELECT `activity_id` FROM `red_code_num` WHERE `id` = null LIMIT 1   [ RunTime:0.0003s ]
SQL: SHOW COLUMNS FROM `red_activity` [ RunTime:0.0440s ]
SQL: SELECT * FROM `red_activity` WHERE `id` = null LIMIT 1   [ RunTime:0.0004s ]
SQL: SHOW COLUMNS FROM `red_activity_prize` [ RunTime:0.0427s ]
SQL: SELECT * FROM `red_activity_prize` WHERE `activity_id` = null  [ RunTime:0.0006s ]
NOTIC: [8] Undefined offset: 0 E:\wamp\www\anti\Application\Home\Controller\WechatController.class.php 第 542 行.
NOTIC: [8] Undefined offset: 1 E:\wamp\www\anti\Application\Home\Controller\WechatController.class.php 第 544 行.
NOTIC: [8] Undefined offset: 2 E:\wamp\www\anti\Application\Home\Controller\WechatController.class.php 第 546 行.
NOTIC: [8] Undefined offset: 3 E:\wamp\www\anti\Application\Home\Controller\WechatController.class.php 第 548 行.
NOTIC: [8] Undefined offset: 4 E:\wamp\www\anti\Application\Home\Controller\WechatController.class.php 第 550 行.
SQL: SELECT * FROM `red_activity_prize` WHERE `id` = null LIMIT 1   [ RunTime:0.0003s ]
SQL: SHOW COLUMNS FROM `red_ticket` [ RunTime:0.0404s ]
SQL: SELECT * FROM `red_ticket` WHERE `id` = null LIMIT 1   [ RunTime:0.0003s ]
INFO: [ view_parse ] --START--
INFO: [ template_filter ] --START--
INFO: Run Behavior\ContentReplaceBehavior [ RunTime:0.000135s ]
INFO: [ template_filter ] --END-- [ RunTime:0.000267s ]
NOTIC: [8] Use of undefined constant prize_type - assumed 'prize_type' E:\wamp\www\anti\Application\Runtime\Cache\Home\964c6ee635b0f6f07a8058a9dc911250.php 第 46 行.
NOTIC: [8] Use of undefined constant prize_type - assumed 'prize_type' E:\wamp\www\anti\Application\Runtime\Cache\Home\964c6ee635b0f6f07a8058a9dc911250.php 第 48 行.
SQL: SELECT * FROM `red_activity_prize` WHERE `id` = null LIMIT 1   [ RunTime:0.0004s ]
NOTIC: [8] Use of undefined constant prize_type - assumed 'prize_type' E:\wamp\www\anti\Application\Runtime\Cache\Home\964c6ee635b0f6f07a8058a9dc911250.php 第 57 行.
NOTIC: [8] Use of undefined constant prize_type - assumed 'prize_type' E:\wamp\www\anti\Application\Runtime\Cache\Home\964c6ee635b0f6f07a8058a9dc911250.php 第 59 行.
SQL: SELECT * FROM `red_activity_prize` WHERE `id` = null LIMIT 1   [ RunTime:0.0002s ]
NOTIC: [8] Use of undefined constant prize_type - assumed 'prize_type' E:\wamp\www\anti\Application\Runtime\Cache\Home\964c6ee635b0f6f07a8058a9dc911250.php 第 68 行.
NOTIC: [8] Use of undefined constant prize_type - assumed 'prize_type' E:\wamp\www\anti\Application\Runtime\Cache\Home\964c6ee635b0f6f07a8058a9dc911250.php 第 70 行.
SQL: SELECT * FROM `red_activity_prize` WHERE `id` = null LIMIT 1   [ RunTime:0.0002s ]
NOTIC: [8] Use of undefined constant prize_type - assumed 'prize_type' E:\wamp\www\anti\Application\Runtime\Cache\Home\964c6ee635b0f6f07a8058a9dc911250.php 第 79 行.
NOTIC: [8] Use of undefined constant prize_type - assumed 'prize_type' E:\wamp\www\anti\Application\Runtime\Cache\Home\964c6ee635b0f6f07a8058a9dc911250.php 第 81 行.
SQL: SELECT * FROM `red_activity_prize` WHERE `id` = null LIMIT 1   [ RunTime:0.0002s ]
NOTIC: [8] Use of undefined constant prize_type - assumed 'prize_type' E:\wamp\www\anti\Application\Runtime\Cache\Home\964c6ee635b0f6f07a8058a9dc911250.php 第 90 行.
NOTIC: [8] Use of undefined constant prize_type - assumed 'prize_type' E:\wamp\www\anti\Application\Runtime\Cache\Home\964c6ee635b0f6f07a8058a9dc911250.php 第 92 行.
SQL: SELECT * FROM `red_activity_prize` WHERE `id` = null LIMIT 1   [ RunTime:0.0002s ]
INFO: Run Behavior\ParseTemplateBehavior [ RunTime:0.032058s ]
INFO: [ view_parse ] --END-- [ RunTime:0.032188s ]
INFO: [ view_filter ] --START--
INFO: Run Behavior\WriteHtmlCacheBehavior [ RunTime:0.001203s ]
INFO: [ view_filter ] --END-- [ RunTime:0.001332s ]
INFO: [ app_end ] --START--
INFO: Run Behavior\ShowPageTraceBehavior [ RunTime:0.002713s ]
INFO: [ app_end ] --END-- [ RunTime:0.002893s ]

[ 2018-11-23T18:03:51+08:00 ] 127.0.0.1 /index.php/Home/wechat/zhuanpan
ERR: Cron:cron Runat 2018-11-23 18:03:51 Use 0.074122 s

[ 2018-11-23T18:03:52+08:00 ] 127.0.0.1 /index.php/Home/wechat/zhuanpan
INFO: [ app_init ] --START--
INFO: Run Behavior\BuildLiteBehavior [ RunTime:0.000036s ]
INFO: [ app_init ] --END-- [ RunTime:0.001113s ]
INFO: [ app_begin ] --START--
INFO: Run Behavior\ReadHtmlCacheBehavior [ RunTime:0.002705s ]
SQL: SHOW COLUMNS FROM `red_indent` [ RunTime:0.0471s ]
SQL: SELECT * FROM `red_indent` WHERE `status` = 2  [ RunTime:0.0005s ]
INFO: Run Behavior\CronRunBehavior [ RunTime:0.104268s ]
INFO: [ app_begin ] --END-- [ RunTime:0.107232s ]
SQL: SHOW COLUMNS FROM `red_code` [ RunTime:0.0549s ]
SQL: SELECT * FROM `red_code` WHERE `code_sn` = '' LIMIT 1   [ RunTime:0.0012s ]
SQL: SHOW COLUMNS FROM `red_code_num` [ RunTime:0.0517s ]
SQL: SELECT `activity_id` FROM `red_code_num` WHERE `id` = null LIMIT 1   [ RunTime:0.0005s ]
SQL: SHOW COLUMNS FROM `red_activity` [ RunTime:0.0819s ]
SQL: SELECT * FROM `red_activity` WHERE `id` = null LIMIT 1   [ RunTime:0.0004s ]
SQL: SHOW COLUMNS FROM `red_activity_prize` [ RunTime:0.0400s ]
SQL: SELECT * FROM `red_activity_prize` WHERE `activity_id` = null  [ RunTime:0.0005s ]
NOTIC: [8] Undefined offset: 0 E:\wamp\www\anti\Application\Home\Controller\WechatController.class.php 第 542 行.
NOTIC: [8] Undefined offset: 1 E:\wamp\www\anti\Application\Home\Controller\WechatController.class.php 第 544 行.
NOTIC: [8] Undefined offset: 2 E:\wamp\www\anti\Application\Home\Controller\WechatController.class.php 第 546 行.
NOTIC: [8] Undefined offset: 3 E:\wamp\www\anti\Application\Home\Controller\WechatController.class.php 第 548 行.
NOTIC: [8] Undefined offset: 4 E:\wamp\www\anti\Application\Home\Controller\WechatController.class.php 第 550 行.
SQL: SELECT * FROM `red_activity_prize` WHERE `id` = null LIMIT 1   [ RunTime:0.0005s ]
SQL: SHOW COLUMNS FROM `red_ticket` [ RunTime:0.0586s ]
SQL: SELECT * FROM `red_ticket` WHERE `id` = null LIMIT 1   [ RunTime:0.0007s ]
INFO: [ view_parse ] --START--
INFO: [ template_filter ] --START--
INFO: Run Behavior\ContentReplaceBehavior [ RunTime:0.000227s ]
INFO: [ template_filter ] --END-- [ RunTime:0.000403s ]
NOTIC: [8] Use of undefined constant prize_type - assumed 'prize_type' E:\wamp\www\anti\Application\Runtime\Cache\Home\964c6ee635b0f6f07a8058a9dc911250.php 第 46 行.
NOTIC: [8] Use of undefined constant prize_type - assumed 'prize_type' E:\wamp\www\anti\Application\Runtime\Cache\Home\964c6ee635b0f6f07a8058a9dc911250.php 第 48 行.
SQL: SELECT * FROM `red_activity_prize` WHERE `id` = null LIMIT 1   [ RunTime:0.0004s ]
NOTIC: [8] Use of undefined constant prize_type - assumed 'prize_type' E:\wamp\www\anti\Application\Runtime\Cache\Home\964c6ee635b0f6f07a8058a9dc911250.php 第 57 行.
NOTIC: [8] Use of undefined constant prize_type - assumed 'prize_type' E:\wamp\www\anti\Application\Runtime\Cache\Home\964c6ee635b0f6f07a8058a9dc911250.php 第 59 行.
SQL: SELECT * FROM `red_activity_prize` WHERE `id` = null LIMIT 1   [ RunTime:0.0003s ]
NOTIC: [8] Use of undefined constant prize_type - assumed 'prize_type' E:\wamp\www\anti\Application\Runtime\Cache\Home\964c6ee635b0f6f07a8058a9dc911250.php 第 68 行.
NOTIC: [8] Use of undefined constant prize_type - assumed 'prize_type' E:\wamp\www\anti\Application\Runtime\Cache\Home\964c6ee635b0f6f07a8058a9dc911250.php 第 70 行.
SQL: SELECT * FROM `red_activity_prize` WHERE `id` = null LIMIT 1   [ RunTime:0.0003s ]
NOTIC: [8] Use of undefined constant prize_type - assumed 'prize_type' E:\wamp\www\anti\Application\Runtime\Cache\Home\964c6ee635b0f6f07a8058a9dc911250.php 第 79 行.
NOTIC: [8] Use of undefined constant prize_type - assumed 'prize_type' E:\wamp\www\anti\Application\Runtime\Cache\Home\964c6ee635b0f6f07a8058a9dc911250.php 第 81 行.
SQL: SELECT * FROM `red_activity_prize` WHERE `id` = null LIMIT 1   [ RunTime:0.0002s ]
NOTIC: [8] Use of undefined constant prize_type - assumed 'prize_type' E:\wamp\www\anti\Application\Runtime\Cache\Home\964c6ee635b0f6f07a8058a9dc911250.php 第 90 行.
NOTIC: [8] Use of undefined constant prize_type - assumed 'prize_type' E:\wamp\www\anti\Application\Runtime\Cache\Home\964c6ee635b0f6f07a8058a9dc911250.php 第 92 行.
SQL: SELECT * FROM `red_activity_prize` WHERE `id` = null LIMIT 1   [ RunTime:0.0009s ]
INFO: Run Behavior\ParseTemplateBehavior [ RunTime:0.038908s ]
INFO: [ view_parse ] --END-- [ RunTime:0.039101s ]
INFO: [ view_filter ] --START--
INFO: Run Behavior\WriteHtmlCacheBehavior [ RunTime:0.001962s ]
INFO: [ view_filter ] --END-- [ RunTime:0.002106s ]
INFO: [ app_end ] --START--
INFO: Run Behavior\ShowPageTraceBehavior [ RunTime:0.002097s ]
INFO: [ app_end ] --END-- [ RunTime:0.002279s ]

[ 2018-11-23T18:04:26+08:00 ] 127.0.0.1 /index.php/Home/wechat/zhuanpan
ERR: Cron:cron Runat 2018-11-23 18:04:26 Use 0.069198 s

[ 2018-11-23T18:04:26+08:00 ] 127.0.0.1 /index.php/Home/wechat/zhuanpan
INFO: [ app_init ] --START--
INFO: Run Behavior\BuildLiteBehavior [ RunTime:0.000032s ]
INFO: [ app_init ] --END-- [ RunTime:0.000926s ]
INFO: [ app_begin ] --START--
INFO: Run Behavior\ReadHtmlCacheBehavior [ RunTime:0.001500s ]
SQL: SHOW COLUMNS FROM `red_indent` [ RunTime:0.0357s ]
SQL: SELECT * FROM `red_indent` WHERE `status` = 2  [ RunTime:0.0006s ]
INFO: Run Behavior\CronRunBehavior [ RunTime:0.108164s ]
INFO: [ app_begin ] --END-- [ RunTime:0.109940s ]
SQL: SHOW COLUMNS FROM `red_code` [ RunTime:0.0239s ]
SQL: SELECT * FROM `red_code` WHERE `code_sn` = '' LIMIT 1   [ RunTime:0.0012s ]
SQL: SHOW COLUMNS FROM `red_code_num` [ RunTime:0.0851s ]
SQL: SELECT `activity_id` FROM `red_code_num` WHERE `id` = null LIMIT 1   [ RunTime:0.0005s ]
SQL: SHOW COLUMNS FROM `red_activity` [ RunTime:0.0716s ]
SQL: SELECT * FROM `red_activity` WHERE `id` = null LIMIT 1   [ RunTime:0.0005s ]
SQL: SHOW COLUMNS FROM `red_activity_prize` [ RunTime:0.0465s ]
SQL: SELECT * FROM `red_activity_prize` WHERE `activity_id` = null  [ RunTime:0.0004s ]
NOTIC: [8] Undefined offset: 0 E:\wamp\www\anti\Application\Home\Controller\WechatController.class.php 第 542 行.
NOTIC: [8] Undefined offset: 1 E:\wamp\www\anti\Application\Home\Controller\WechatController.class.php 第 544 行.
NOTIC: [8] Undefined offset: 2 E:\wamp\www\anti\Application\Home\Controller\WechatController.class.php 第 546 行.
NOTIC: [8] Undefined offset: 3 E:\wamp\www\anti\Application\Home\Controller\WechatController.class.php 第 548 行.
NOTIC: [8] Undefined offset: 4 E:\wamp\www\anti\Application\Home\Controller\WechatController.class.php 第 550 行.
SQL: SELECT * FROM `red_activity_prize` WHERE `id` = null LIMIT 1   [ RunTime:0.0003s ]
SQL: SHOW COLUMNS FROM `red_ticket` [ RunTime:0.0819s ]
SQL: SELECT * FROM `red_ticket` WHERE `id` = null LIMIT 1   [ RunTime:0.0007s ]
INFO: [ view_parse ] --START--
INFO: [ template_filter ] --START--
INFO: Run Behavior\ContentReplaceBehavior [ RunTime:0.000145s ]
INFO: [ template_filter ] --END-- [ RunTime:0.000283s ]
NOTIC: [8] Use of undefined constant prize_type - assumed 'prize_type' E:\wamp\www\anti\Application\Runtime\Cache\Home\964c6ee635b0f6f07a8058a9dc911250.php 第 46 行.
NOTIC: [8] Use of undefined constant prize_type - assumed 'prize_type' E:\wamp\www\anti\Application\Runtime\Cache\Home\964c6ee635b0f6f07a8058a9dc911250.php 第 48 行.
SQL: SELECT * FROM `red_activity_prize` WHERE `id` = null LIMIT 1   [ RunTime:0.0003s ]
NOTIC: [8] Use of undefined constant prize_type - assumed 'prize_type' E:\wamp\www\anti\Application\Runtime\Cache\Home\964c6ee635b0f6f07a8058a9dc911250.php 第 57 行.
NOTIC: [8] Use of undefined constant prize_type - assumed 'prize_type' E:\wamp\www\anti\Application\Runtime\Cache\Home\964c6ee635b0f6f07a8058a9dc911250.php 第 59 行.
SQL: SELECT * FROM `red_activity_prize` WHERE `id` = null LIMIT 1   [ RunTime:0.0002s ]
NOTIC: [8] Use of undefined constant prize_type - assumed 'prize_type' E:\wamp\www\anti\Application\Runtime\Cache\Home\964c6ee635b0f6f07a8058a9dc911250.php 第 68 行.
NOTIC: [8] Use of undefined constant prize_type - assumed 'prize_type' E:\wamp\www\anti\Application\Runtime\Cache\Home\964c6ee635b0f6f07a8058a9dc911250.php 第 70 行.
SQL: SELECT * FROM `red_activity_prize` WHERE `id` = null LIMIT 1   [ RunTime:0.0002s ]
NOTIC: [8] Use of undefined constant prize_type - assumed 'prize_type' E:\wamp\www\anti\Application\Runtime\Cache\Home\964c6ee635b0f6f07a8058a9dc911250.php 第 79 行.
NOTIC: [8] Use of undefined constant prize_type - assumed 'prize_type' E:\wamp\www\anti\Application\Runtime\Cache\Home\964c6ee635b0f6f07a8058a9dc911250.php 第 81 行.
SQL: SELECT * FROM `red_activity_prize` WHERE `id` = null LIMIT 1   [ RunTime:0.0004s ]
NOTIC: [8] Use of undefined constant prize_type - assumed 'prize_type' E:\wamp\www\anti\Application\Runtime\Cache\Home\964c6ee635b0f6f07a8058a9dc911250.php 第 90 行.
NOTIC: [8] Use of undefined constant prize_type - assumed 'prize_type' E:\wamp\www\anti\Application\Runtime\Cache\Home\964c6ee635b0f6f07a8058a9dc911250.php 第 92 行.
SQL: SELECT * FROM `red_activity_prize` WHERE `id` = null LIMIT 1   [ RunTime:0.0003s ]
INFO: Run Behavior\ParseTemplateBehavior [ RunTime:0.039430s ]
INFO: [ view_parse ] --END-- [ RunTime:0.039586s ]
INFO: [ view_filter ] --START--
INFO: Run Behavior\WriteHtmlCacheBehavior [ RunTime:0.003906s ]
INFO: [ view_filter ] --END-- [ RunTime:0.004068s ]
INFO: [ app_end ] --START--
INFO: Run Behavior\ShowPageTraceBehavior [ RunTime:0.001763s ]
INFO: [ app_end ] --END-- [ RunTime:0.001976s ]

[ 2018-11-23T18:04:36+08:00 ] 127.0.0.1 /index.php/Home/wechat/zhuanpan
ERR: Cron:cron Runat 2018-11-23 18:04:36 Use 0.083755 s

[ 2018-11-23T18:04:36+08:00 ] 127.0.0.1 /index.php/Home/wechat/zhuanpan
INFO: [ app_init ] --START--
INFO: Run Behavior\BuildLiteBehavior [ RunTime:0.000032s ]
INFO: [ app_init ] --END-- [ RunTime:0.000977s ]
INFO: [ app_begin ] --START--
INFO: Run Behavior\ReadHtmlCacheBehavior [ RunTime:0.001178s ]
SQL: SHOW COLUMNS FROM `red_indent` [ RunTime:0.0617s ]
SQL: SELECT * FROM `red_indent` WHERE `status` = 2  [ RunTime:0.0004s ]
INFO: Run Behavior\CronRunBehavior [ RunTime:0.111871s ]
INFO: [ app_begin ] --END-- [ RunTime:0.113300s ]
SQL: SHOW COLUMNS FROM `red_code` [ RunTime:0.0442s ]
SQL: SELECT * FROM `red_code` WHERE `code_sn` = '' LIMIT 1   [ RunTime:0.0012s ]
SQL: SHOW COLUMNS FROM `red_code_num` [ RunTime:0.0355s ]
SQL: SELECT `activity_id` FROM `red_code_num` WHERE `id` = null LIMIT 1   [ RunTime:0.0005s ]
SQL: SHOW COLUMNS FROM `red_activity` [ RunTime:0.0437s ]
SQL: SELECT * FROM `red_activity` WHERE `id` = null LIMIT 1   [ RunTime:0.0005s ]
SQL: SHOW COLUMNS FROM `red_activity_prize` [ RunTime:0.0330s ]
SQL: SELECT * FROM `red_activity_prize` WHERE `activity_id` = null  [ RunTime:0.0004s ]
NOTIC: [8] Undefined offset: 0 E:\wamp\www\anti\Application\Home\Controller\WechatController.class.php 第 542 行.
NOTIC: [8] Undefined offset: 1 E:\wamp\www\anti\Application\Home\Controller\WechatController.class.php 第 544 行.
NOTIC: [8] Undefined offset: 2 E:\wamp\www\anti\Application\Home\Controller\WechatController.class.php 第 546 行.
NOTIC: [8] Undefined offset: 3 E:\wamp\www\anti\Application\Home\Controller\WechatController.class.php 第 548 行.
NOTIC: [8] Undefined offset: 4 E:\wamp\www\anti\Application\Home\Controller\WechatController.class.php 第 550 行.
SQL: SELECT * FROM `red_activity_prize` WHERE `id` = null LIMIT 1   [ RunTime:0.0004s ]
SQL: SHOW COLUMNS FROM `red_ticket` [ RunTime:0.0467s ]
SQL: SELECT * FROM `red_ticket` WHERE `id` = null LIMIT 1   [ RunTime:0.0003s ]
INFO: [ view_parse ] --START--
INFO: [ template_filter ] --START--
INFO: Run Behavior\ContentReplaceBehavior [ RunTime:0.000138s ]
INFO: [ template_filter ] --END-- [ RunTime:0.000272s ]
NOTIC: [8] Use of undefined constant prize_type - assumed 'prize_type' E:\wamp\www\anti\Application\Runtime\Cache\Home\964c6ee635b0f6f07a8058a9dc911250.php 第 46 行.
NOTIC: [8] Use of undefined constant prize_type - assumed 'prize_type' E:\wamp\www\anti\Application\Runtime\Cache\Home\964c6ee635b0f6f07a8058a9dc911250.php 第 48 行.
SQL: SELECT * FROM `red_activity_prize` WHERE `id` = null LIMIT 1   [ RunTime:0.0008s ]
NOTIC: [8] Use of undefined constant prize_type - assumed 'prize_type' E:\wamp\www\anti\Application\Runtime\Cache\Home\964c6ee635b0f6f07a8058a9dc911250.php 第 57 行.
NOTIC: [8] Use of undefined constant prize_type - assumed 'prize_type' E:\wamp\www\anti\Application\Runtime\Cache\Home\964c6ee635b0f6f07a8058a9dc911250.php 第 59 行.
SQL: SELECT * FROM `red_activity_prize` WHERE `id` = null LIMIT 1   [ RunTime:0.0006s ]
NOTIC: [8] Use of undefined constant prize_type - assumed 'prize_type' E:\wamp\www\anti\Application\Runtime\Cache\Home\964c6ee635b0f6f07a8058a9dc911250.php 第 68 行.
NOTIC: [8] Use of undefined constant prize_type - assumed 'prize_type' E:\wamp\www\anti\Application\Runtime\Cache\Home\964c6ee635b0f6f07a8058a9dc911250.php 第 70 行.
SQL: SELECT * FROM `red_activity_prize` WHERE `id` = null LIMIT 1   [ RunTime:0.0008s ]
NOTIC: [8] Use of undefined constant prize_type - assumed 'prize_type' E:\wamp\www\anti\Application\Runtime\Cache\Home\964c6ee635b0f6f07a8058a9dc911250.php 第 79 行.
NOTIC: [8] Use of undefined constant prize_type - assumed 'prize_type' E:\wamp\www\anti\Application\Runtime\Cache\Home\964c6ee635b0f6f07a8058a9dc911250.php 第 81 行.
SQL: SELECT * FROM `red_activity_prize` WHERE `id` = null LIMIT 1   [ RunTime:0.0007s ]
NOTIC: [8] Use of undefined constant prize_type - assumed 'prize_type' E:\wamp\www\anti\Application\Runtime\Cache\Home\964c6ee635b0f6f07a8058a9dc911250.php 第 90 行.
NOTIC: [8] Use of undefined constant prize_type - assumed 'prize_type' E:\wamp\www\anti\Application\Runtime\Cache\Home\964c6ee635b0f6f07a8058a9dc911250.php 第 92 行.
SQL: SELECT * FROM `red_activity_prize` WHERE `id` = null LIMIT 1   [ RunTime:0.0007s ]
INFO: Run Behavior\ParseTemplateBehavior [ RunTime:0.036012s ]
INFO: [ view_parse ] --END-- [ RunTime:0.036160s ]
INFO: [ view_filter ] --START--
INFO: Run Behavior\WriteHtmlCacheBehavior [ RunTime:0.001590s ]
INFO: [ view_filter ] --END-- [ RunTime:0.001723s ]
INFO: [ app_end ] --START--
INFO: Run Behavior\ShowPageTraceBehavior [ RunTime:0.001815s ]
INFO: [ app_end ] --END-- [ RunTime:0.001968s ]

[ 2018-11-23T18:04:51+08:00 ] 127.0.0.1 /index.php/Home/wechat/zhuanpan
ERR: Cron:cron Runat 2018-11-23 18:04:51 Use 0.118985 s

[ 2018-11-23T18:04:52+08:00 ] 127.0.0.1 /index.php/Home/wechat/zhuanpan
INFO: [ app_init ] --START--
INFO: Run Behavior\BuildLiteBehavior [ RunTime:0.000033s ]
INFO: [ app_init ] --END-- [ RunTime:0.001305s ]
INFO: [ app_begin ] --START--
INFO: Run Behavior\ReadHtmlCacheBehavior [ RunTime:0.002328s ]
SQL: SHOW COLUMNS FROM `red_indent` [ RunTime:0.0757s ]
SQL: SELECT * FROM `red_indent` WHERE `status` = 2  [ RunTime:0.0007s ]
INFO: Run Behavior\CronRunBehavior [ RunTime:0.157455s ]
INFO: [ app_begin ] --END-- [ RunTime:0.160178s ]
SQL: SHOW COLUMNS FROM `red_code` [ RunTime:0.0577s ]
SQL: SELECT * FROM `red_code` WHERE `code_sn` = '' LIMIT 1   [ RunTime:0.0011s ]
SQL: SHOW COLUMNS FROM `red_code_num` [ RunTime:0.0383s ]
SQL: SELECT `activity_id` FROM `red_code_num` WHERE `id` = null LIMIT 1   [ RunTime:0.0003s ]
SQL: SHOW COLUMNS FROM `red_activity` [ RunTime:0.0481s ]
SQL: SELECT * FROM `red_activity` WHERE `id` = null LIMIT 1   [ RunTime:0.0004s ]
SQL: SHOW COLUMNS FROM `red_activity_prize` [ RunTime:0.0532s ]
SQL: SELECT * FROM `red_activity_prize` WHERE `activity_id` = null  [ RunTime:0.0003s ]
NOTIC: [8] Undefined offset: 0 E:\wamp\www\anti\Application\Home\Controller\WechatController.class.php 第 542 行.
NOTIC: [8] Undefined offset: 1 E:\wamp\www\anti\Application\Home\Controller\WechatController.class.php 第 544 行.
NOTIC: [8] Undefined offset: 2 E:\wamp\www\anti\Application\Home\Controller\WechatController.class.php 第 546 行.
NOTIC: [8] Undefined offset: 3 E:\wamp\www\anti\Application\Home\Controller\WechatController.class.php 第 548 行.
NOTIC: [8] Undefined offset: 4 E:\wamp\www\anti\Application\Home\Controller\WechatController.class.php 第 550 行.
SQL: SELECT * FROM `red_activity_prize` WHERE `id` = null LIMIT 1   [ RunTime:0.0004s ]
SQL: SHOW COLUMNS FROM `red_ticket` [ RunTime:0.0563s ]
SQL: SELECT * FROM `red_ticket` WHERE `id` = null LIMIT 1   [ RunTime:0.0007s ]
INFO: [ view_parse ] --START--
INFO: [ template_filter ] --START--
INFO: Run Behavior\ContentReplaceBehavior [ RunTime:0.000149s ]
INFO: [ template_filter ] --END-- [ RunTime:0.000294s ]
NOTIC: [8] Use of undefined constant prize_type - assumed 'prize_type' E:\wamp\www\anti\Application\Runtime\Cache\Home\964c6ee635b0f6f07a8058a9dc911250.php 第 46 行.
NOTIC: [8] Use of undefined constant prize_type - assumed 'prize_type' E:\wamp\www\anti\Application\Runtime\Cache\Home\964c6ee635b0f6f07a8058a9dc911250.php 第 48 行.
SQL: SELECT * FROM `red_activity_prize` WHERE `id` = null LIMIT 1   [ RunTime:0.0004s ]
NOTIC: [8] Use of undefined constant prize_type - assumed 'prize_type' E:\wamp\www\anti\Application\Runtime\Cache\Home\964c6ee635b0f6f07a8058a9dc911250.php 第 57 行.
NOTIC: [8] Use of undefined constant prize_type - assumed 'prize_type' E:\wamp\www\anti\Application\Runtime\Cache\Home\964c6ee635b0f6f07a8058a9dc911250.php 第 59 行.
SQL: SELECT * FROM `red_activity_prize` WHERE `id` = null LIMIT 1   [ RunTime:0.0003s ]
NOTIC: [8] Use of undefined constant prize_type - assumed 'prize_type' E:\wamp\www\anti\Application\Runtime\Cache\Home\964c6ee635b0f6f07a8058a9dc911250.php 第 68 行.
NOTIC: [8] Use of undefined constant prize_type - assumed 'prize_type' E:\wamp\www\anti\Application\Runtime\Cache\Home\964c6ee635b0f6f07a8058a9dc911250.php 第 70 行.
SQL: SELECT * FROM `red_activity_prize` WHERE `id` = null LIMIT 1   [ RunTime:0.0003s ]
NOTIC: [8] Use of undefined constant prize_type - assumed 'prize_type' E:\wamp\www\anti\Application\Runtime\Cache\Home\964c6ee635b0f6f07a8058a9dc911250.php 第 79 行.
NOTIC: [8] Use of undefined constant prize_type - assumed 'prize_type' E:\wamp\www\anti\Application\Runtime\Cache\Home\964c6ee635b0f6f07a8058a9dc911250.php 第 81 行.
SQL: SELECT * FROM `red_activity_prize` WHERE `id` = null LIMIT 1   [ RunTime:0.0003s ]
NOTIC: [8] Use of undefined constant prize_type - assumed 'prize_type' E:\wamp\www\anti\Application\Runtime\Cache\Home\964c6ee635b0f6f07a8058a9dc911250.php 第 90 行.
NOTIC: [8] Use of undefined constant prize_type - assumed 'prize_type' E:\wamp\www\anti\Application\Runtime\Cache\Home\964c6ee635b0f6f07a8058a9dc911250.php 第 92 行.
SQL: SELECT * FROM `red_activity_prize` WHERE `id` = null LIMIT 1   [ RunTime:0.0003s ]
INFO: Run Behavior\ParseTemplateBehavior [ RunTime:0.050928s ]
INFO: [ view_parse ] --END-- [ RunTime:0.051111s ]
INFO: [ view_filter ] --START--
INFO: Run Behavior\WriteHtmlCacheBehavior [ RunTime:0.001243s ]
INFO: [ view_filter ] --END-- [ RunTime:0.001413s ]
INFO: [ app_end ] --START--
INFO: Run Behavior\ShowPageTraceBehavior [ RunTime:0.001313s ]
INFO: [ app_end ] --END-- [ RunTime:0.001512s ]

[ 2018-11-23T18:10:43+08:00 ] 127.0.0.1 /index.php/Home/wechat/jiugong
ERR: Cron:cron Runat 2018-11-23 18:10:43 Use 0.113074 s

[ 2018-11-23T18:10:43+08:00 ] 127.0.0.1 /index.php/Home/wechat/jiugong
INFO: [ app_init ] --START--
INFO: Run Behavior\BuildLiteBehavior [ RunTime:0.000034s ]
INFO: [ app_init ] --END-- [ RunTime:0.001081s ]
INFO: [ app_begin ] --START--
INFO: Run Behavior\ReadHtmlCacheBehavior [ RunTime:0.001478s ]
SQL: SHOW COLUMNS FROM `red_indent` [ RunTime:0.0576s ]
SQL: SELECT * FROM `red_indent` WHERE `status` = 2  [ RunTime:0.0005s ]
INFO: Run Behavior\CronRunBehavior [ RunTime:0.144886s ]
INFO: [ app_begin ] --END-- [ RunTime:0.146632s ]
SQL: SHOW COLUMNS FROM `red_code` [ RunTime:0.0536s ]
SQL: SELECT * FROM `red_code` WHERE `code_sn` = '' LIMIT 1   [ RunTime:0.0026s ]
SQL: SHOW COLUMNS FROM `red_code_num` [ RunTime:0.0406s ]
SQL: SELECT `activity_id` FROM `red_code_num` WHERE `id` = null LIMIT 1   [ RunTime:0.0004s ]
SQL: SHOW COLUMNS FROM `red_activity` [ RunTime:0.0688s ]
SQL: SELECT * FROM `red_activity` WHERE `id` = null LIMIT 1   [ RunTime:0.0006s ]
SQL: SHOW COLUMNS FROM `red_activity_prize` [ RunTime:0.0895s ]
SQL: SELECT * FROM `red_activity_prize` WHERE `activity_id` = null  [ RunTime:0.0006s ]
NOTIC: [8] Undefined offset: 0 E:\wamp\www\anti\Application\Home\Controller\WechatController.class.php 第 456 行.
NOTIC: [8] Undefined offset: 1 E:\wamp\www\anti\Application\Home\Controller\WechatController.class.php 第 458 行.
NOTIC: [8] Undefined offset: 2 E:\wamp\www\anti\Application\Home\Controller\WechatController.class.php 第 460 行.
NOTIC: [8] Undefined offset: 3 E:\wamp\www\anti\Application\Home\Controller\WechatController.class.php 第 462 行.
NOTIC: [8] Undefined offset: 4 E:\wamp\www\anti\Application\Home\Controller\WechatController.class.php 第 464 行.
NOTIC: [8] Undefined offset: 5 E:\wamp\www\anti\Application\Home\Controller\WechatController.class.php 第 466 行.
NOTIC: [8] Undefined offset: 6 E:\wamp\www\anti\Application\Home\Controller\WechatController.class.php 第 468 行.
SQL: SELECT * FROM `red_activity_prize` WHERE `id` = null LIMIT 1   [ RunTime:0.0005s ]
SQL: SHOW COLUMNS FROM `red_ticket` [ RunTime:0.0937s ]
SQL: SELECT * FROM `red_ticket` WHERE `id` = null LIMIT 1   [ RunTime:0.0004s ]
INFO: [ view_parse ] --START--
INFO: [ template_filter ] --START--
INFO: Run Behavior\ContentReplaceBehavior [ RunTime:0.000246s ]
INFO: [ template_filter ] --END-- [ RunTime:0.000479s ]
NOTIC: [8] Use of undefined constant prize_type - assumed 'prize_type' E:\wamp\www\anti\Application\Runtime\Cache\Home\fcd01caa56b97d2e2e7a9f727c0c98d8.php 第 70 行.
NOTIC: [8] Use of undefined constant prize_type - assumed 'prize_type' E:\wamp\www\anti\Application\Runtime\Cache\Home\fcd01caa56b97d2e2e7a9f727c0c98d8.php 第 72 行.
SQL: SELECT * FROM `red_activity_prize` WHERE `id` = null LIMIT 1   [ RunTime:0.0004s ]
NOTIC: [8] Use of undefined constant prize_type - assumed 'prize_type' E:\wamp\www\anti\Application\Runtime\Cache\Home\fcd01caa56b97d2e2e7a9f727c0c98d8.php 第 83 行.
NOTIC: [8] Use of undefined constant prize_type - assumed 'prize_type' E:\wamp\www\anti\Application\Runtime\Cache\Home\fcd01caa56b97d2e2e7a9f727c0c98d8.php 第 85 行.
SQL: SELECT * FROM `red_activity_prize` WHERE `id` = null LIMIT 1   [ RunTime:0.0003s ]
NOTIC: [8] Use of undefined constant prize_type - assumed 'prize_type' E:\wamp\www\anti\Application\Runtime\Cache\Home\fcd01caa56b97d2e2e7a9f727c0c98d8.php 第 95 行.
NOTIC: [8] Use of undefined constant prize_type - assumed 'prize_type' E:\wamp\www\anti\Application\Runtime\Cache\Home\fcd01caa56b97d2e2e7a9f727c0c98d8.php 第 97 行.
SQL: SELECT * FROM `red_activity_prize` WHERE `id` = null LIMIT 1   [ RunTime:0.0003s ]
NOTIC: [8] Use of undefined constant prize_type - assumed 'prize_type' E:\wamp\www\anti\Application\Runtime\Cache\Home\fcd01caa56b97d2e2e7a9f727c0c98d8.php 第 107 行.
NOTIC: [8] Use of undefined constant prize_type - assumed 'prize_type' E:\wamp\www\anti\Application\Runtime\Cache\Home\fcd01caa56b97d2e2e7a9f727c0c98d8.php 第 109 行.
SQL: SELECT * FROM `red_activity_prize` WHERE `id` = null LIMIT 1   [ RunTime:0.0005s ]
NOTIC: [8] Use of undefined constant prize_type - assumed 'prize_type' E:\wamp\www\anti\Application\Runtime\Cache\Home\fcd01caa56b97d2e2e7a9f727c0c98d8.php 第 122 行.
NOTIC: [8] Use of undefined constant prize_type - assumed 'prize_type' E:\wamp\www\anti\Application\Runtime\Cache\Home\fcd01caa56b97d2e2e7a9f727c0c98d8.php 第 124 行.
SQL: SELECT * FROM `red_activity_prize` WHERE `id` = null LIMIT 1   [ RunTime:0.0005s ]
NOTIC: [8] Use of undefined constant prize_type - assumed 'prize_type' E:\wamp\www\anti\Application\Runtime\Cache\Home\fcd01caa56b97d2e2e7a9f727c0c98d8.php 第 134 行.
NOTIC: [8] Use of undefined constant prize_type - assumed 'prize_type' E:\wamp\www\anti\Application\Runtime\Cache\Home\fcd01caa56b97d2e2e7a9f727c0c98d8.php 第 136 行.
SQL: SELECT * FROM `red_activity_prize` WHERE `id` = null LIMIT 1   [ RunTime:0.0005s ]
NOTIC: [8] Use of undefined constant prize_type - assumed 'prize_type' E:\wamp\www\anti\Application\Runtime\Cache\Home\fcd01caa56b97d2e2e7a9f727c0c98d8.php 第 146 行.
NOTIC: [8] Use of undefined constant prize_type - assumed 'prize_type' E:\wamp\www\anti\Application\Runtime\Cache\Home\fcd01caa56b97d2e2e7a9f727c0c98d8.php 第 148 行.
SQL: SELECT * FROM `red_activity_prize` WHERE `id` = null LIMIT 1   [ RunTime:0.0004s ]
INFO: Run Behavior\ParseTemplateBehavior [ RunTime:0.109444s ]
INFO: [ view_parse ] --END-- [ RunTime:0.109598s ]
INFO: [ view_filter ] --START--
INFO: Run Behavior\WriteHtmlCacheBehavior [ RunTime:0.001837s ]
INFO: [ view_filter ] --END-- [ RunTime:0.001991s ]
INFO: [ app_end ] --START--
INFO: Run Behavior\ShowPageTraceBehavior [ RunTime:0.002293s ]
INFO: [ app_end ] --END-- [ RunTime:0.002462s ]

[ 2018-11-23T19:07:33+08:00 ] 127.0.0.1 /index.php/home/wxpay/bank_pay
ERR: Cron:cron Runat 2018-11-23 19:07:33 Use 0.139962 s

[ 2018-11-23T19:07:34+08:00 ] 127.0.0.1 /index.php/home/wxpay/bank_pay
INFO: [ app_init ] --START--
INFO: Run Behavior\BuildLiteBehavior [ RunTime:0.000040s ]
INFO: [ app_init ] --END-- [ RunTime:0.001542s ]
INFO: [ app_begin ] --START--
INFO: Run Behavior\ReadHtmlCacheBehavior [ RunTime:0.018563s ]
SQL: SHOW COLUMNS FROM `red_indent` [ RunTime:0.0847s ]
SQL: SELECT * FROM `red_indent` WHERE `status` = 2  [ RunTime:0.0006s ]
INFO: Run Behavior\CronRunBehavior [ RunTime:0.163325s ]
INFO: [ app_begin ] --END-- [ RunTime:0.182162s ]

[ 2018-11-23T19:08:21+08:00 ] 127.0.0.1 /index.php/home/wxpay/bank_pay
ERR: Cron:cron Runat 2018-11-23 19:08:21 Use 0.079753 s

[ 2018-11-23T19:08:21+08:00 ] 127.0.0.1 /index.php/home/wxpay/bank_pay
INFO: [ app_init ] --START--
INFO: Run Behavior\BuildLiteBehavior [ RunTime:0.000033s ]
INFO: [ app_init ] --END-- [ RunTime:0.001162s ]
INFO: [ app_begin ] --START--
INFO: Run Behavior\ReadHtmlCacheBehavior [ RunTime:0.001307s ]
SQL: SHOW COLUMNS FROM `red_indent` [ RunTime:0.0425s ]
SQL: SELECT * FROM `red_indent` WHERE `status` = 2  [ RunTime:0.0006s ]
INFO: Run Behavior\CronRunBehavior [ RunTime:0.112003s ]
INFO: [ app_begin ] --END-- [ RunTime:0.113556s ]

[ 2018-11-23T19:08:32+08:00 ] 127.0.0.1 /index.php/home/wxpay/bank_pay
ERR: Cron:cron Runat 2018-11-23 19:08:32 Use 0.071697 s

[ 2018-11-23T19:08:32+08:00 ] 127.0.0.1 /index.php/home/wxpay/bank_pay
INFO: [ app_init ] --START--
INFO: Run Behavior\BuildLiteBehavior [ RunTime:0.000034s ]
INFO: [ app_init ] --END-- [ RunTime:0.001049s ]
INFO: [ app_begin ] --START--
INFO: Run Behavior\ReadHtmlCacheBehavior [ RunTime:0.001264s ]
SQL: SHOW COLUMNS FROM `red_indent` [ RunTime:0.0494s ]
SQL: SELECT * FROM `red_indent` WHERE `status` = 2  [ RunTime:0.0005s ]
INFO: Run Behavior\CronRunBehavior [ RunTime:0.091643s ]
INFO: [ app_begin ] --END-- [ RunTime:0.093175s ]
INFO: [ app_end ] --START--
INFO: Run Behavior\ShowPageTraceBehavior [ RunTime:0.036625s ]
INFO: [ app_end ] --END-- [ RunTime:0.036817s ]

[ 2018-11-23T19:13:42+08:00 ] 127.0.0.1 /index.php/Home/wxpay/return
ERR: Cron:cron Runat 2018-11-23 19:13:42 Use 0.071026 s

[ 2018-11-23T19:13:42+08:00 ] 127.0.0.1 /index.php/Home/wxpay/return
INFO: [ app_init ] --START--
INFO: Run Behavior\BuildLiteBehavior [ RunTime:0.000047s ]
INFO: [ app_init ] --END-- [ RunTime:0.001733s ]
INFO: [ app_begin ] --START--
INFO: Run Behavior\ReadHtmlCacheBehavior [ RunTime:0.003057s ]
SQL: SHOW COLUMNS FROM `red_indent` [ RunTime:0.0494s ]
SQL: SELECT * FROM `red_indent` WHERE `status` = 2  [ RunTime:0.0009s ]
INFO: Run Behavior\CronRunBehavior [ RunTime:0.093438s ]
INFO: [ app_begin ] --END-- [ RunTime:0.096771s ]

[ 2018-11-23T19:14:03+08:00 ] 127.0.0.1 /index.php/Home/wxpay/returnq
ERR: Cron:cron Runat 2018-11-23 19:14:03 Use 0.059114 s

[ 2018-11-23T19:14:03+08:00 ] 127.0.0.1 /index.php/Home/wxpay/returnq
INFO: [ app_init ] --START--
INFO: Run Behavior\BuildLiteBehavior [ RunTime:0.000031s ]
INFO: [ app_init ] --END-- [ RunTime:0.000890s ]
INFO: [ app_begin ] --START--
INFO: Run Behavior\ReadHtmlCacheBehavior [ RunTime:0.001303s ]
SQL: SHOW COLUMNS FROM `red_indent` [ RunTime:0.0411s ]
SQL: SELECT * FROM `red_indent` WHERE `status` = 2  [ RunTime:0.0004s ]
INFO: Run Behavior\CronRunBehavior [ RunTime:0.087342s ]
INFO: [ app_begin ] --END-- [ RunTime:0.088900s ]

[ 2018-11-23T19:14:36+08:00 ] 127.0.0.1 /index.php/Home/wxpay/ret
ERR: Cron:cron Runat 2018-11-23 19:14:36 Use 0.048537 s

[ 2018-11-23T19:14:36+08:00 ] 127.0.0.1 /index.php/Home/wxpay/ret
INFO: [ app_init ] --START--
INFO: Run Behavior\BuildLiteBehavior [ RunTime:0.000032s ]
INFO: [ app_init ] --END-- [ RunTime:0.001021s ]
INFO: [ app_begin ] --START--
INFO: Run Behavior\ReadHtmlCacheBehavior [ RunTime:0.001303s ]
SQL: SHOW COLUMNS FROM `red_indent` [ RunTime:0.0311s ]
SQL: SELECT * FROM `red_indent` WHERE `status` = 2  [ RunTime:0.0004s ]
INFO: Run Behavior\CronRunBehavior [ RunTime:0.069426s ]
INFO: [ app_begin ] --END-- [ RunTime:0.070995s ]

[ 2018-11-23T19:17:52+08:00 ] 127.0.0.1 /index.php/Home/wxpay/ret
ERR: Cron:cron Runat 2018-11-23 19:17:52 Use 0.093553 s

[ 2018-11-23T19:17:52+08:00 ] 127.0.0.1 /index.php/Home/wxpay/ret
INFO: [ app_init ] --START--
INFO: Run Behavior\BuildLiteBehavior [ RunTime:0.000034s ]
INFO: [ app_init ] --END-- [ RunTime:0.000891s ]
INFO: [ app_begin ] --START--
INFO: Run Behavior\ReadHtmlCacheBehavior [ RunTime:0.002110s ]
SQL: SHOW COLUMNS FROM `red_indent` [ RunTime:0.0486s ]
SQL: SELECT * FROM `red_indent` WHERE `status` = 2  [ RunTime:0.0005s ]
INFO: Run Behavior\CronRunBehavior [ RunTime:0.122917s ]
INFO: [ app_begin ] --END-- [ RunTime:0.125480s ]

[ 2018-11-23T19:18:09+08:00 ] 127.0.0.1 /index.php/Home/wxpay/ret
ERR: Cron:cron Runat 2018-11-23 19:18:09 Use 0.071456 s

[ 2018-11-23T19:18:09+08:00 ] 127.0.0.1 /index.php/Home/wxpay/ret
INFO: [ app_init ] --START--
INFO: Run Behavior\BuildLiteBehavior [ RunTime:0.000039s ]
INFO: [ app_init ] --END-- [ RunTime:0.002437s ]
INFO: [ app_begin ] --START--
INFO: Run Behavior\ReadHtmlCacheBehavior [ RunTime:0.001239s ]
SQL: SHOW COLUMNS FROM `red_indent` [ RunTime:0.0527s ]
SQL: SELECT * FROM `red_indent` WHERE `status` = 2  [ RunTime:0.0004s ]
INFO: Run Behavior\CronRunBehavior [ RunTime:0.097290s ]
INFO: [ app_begin ] --END-- [ RunTime:0.098784s ]

[ 2018-11-23T19:18:59+08:00 ] 127.0.0.1 /index.php/Home/wxpay/ret
ERR: Cron:cron Runat 2018-11-23 19:18:59 Use 0.078411 s

[ 2018-11-23T19:18:59+08:00 ] 127.0.0.1 /index.php/Home/wxpay/ret
INFO: [ app_init ] --START--
INFO: Run Behavior\BuildLiteBehavior [ RunTime:0.000032s ]
INFO: [ app_init ] --END-- [ RunTime:0.000911s ]
INFO: [ app_begin ] --START--
INFO: Run Behavior\ReadHtmlCacheBehavior [ RunTime:0.001283s ]
SQL: SHOW COLUMNS FROM `red_indent` [ RunTime:0.0584s ]
SQL: SELECT * FROM `red_indent` WHERE `status` = 2  [ RunTime:0.0005s ]
INFO: Run Behavior\CronRunBehavior [ RunTime:0.101954s ]
INFO: [ app_begin ] --END-- [ RunTime:0.103493s ]

[ 2018-11-23T19:19:02+08:00 ] 127.0.0.1 /index.php/Home/wxpay/ret
INFO: [ app_init ] --START--
INFO: Run Behavior\BuildLiteBehavior [ RunTime:0.000036s ]
INFO: [ app_init ] --END-- [ RunTime:0.001032s ]
INFO: [ app_begin ] --START--
INFO: Run Behavior\ReadHtmlCacheBehavior [ RunTime:0.001290s ]
INFO: Run Behavior\CronRunBehavior [ RunTime:0.018647s ]
INFO: [ app_begin ] --END-- [ RunTime:0.020232s ]

[ 2018-11-23T19:19:19+08:00 ] 127.0.0.1 /index.php/Home/wxpay/ret
ERR: Cron:cron Runat 2018-11-23 19:19:19 Use 0.073834 s

[ 2018-11-23T19:19:19+08:00 ] 127.0.0.1 /index.php/Home/wxpay/ret
INFO: [ app_init ] --START--
INFO: Run Behavior\BuildLiteBehavior [ RunTime:0.000033s ]
INFO: [ app_init ] --END-- [ RunTime:0.000868s ]
INFO: [ app_begin ] --START--
INFO: Run Behavior\ReadHtmlCacheBehavior [ RunTime:0.001262s ]
SQL: SHOW COLUMNS FROM `red_indent` [ RunTime:0.0508s ]
SQL: SELECT * FROM `red_indent` WHERE `status` = 2  [ RunTime:0.0005s ]
INFO: Run Behavior\CronRunBehavior [ RunTime:0.097197s ]
INFO: [ app_begin ] --END-- [ RunTime:0.098720s ]

[ 2018-11-23T19:19:34+08:00 ] 127.0.0.1 /index.php/Home/wxpay/ret
ERR: Cron:cron Runat 2018-11-23 19:19:34 Use 0.072136 s

[ 2018-11-23T19:19:34+08:00 ] 127.0.0.1 /index.php/Home/wxpay/ret
INFO: [ app_init ] --START--
INFO: Run Behavior\BuildLiteBehavior [ RunTime:0.000187s ]
INFO: [ app_init ] --END-- [ RunTime:0.001333s ]
INFO: [ app_begin ] --START--
INFO: Run Behavior\ReadHtmlCacheBehavior [ RunTime:0.001344s ]
SQL: SHOW COLUMNS FROM `red_indent` [ RunTime:0.0513s ]
SQL: SELECT * FROM `red_indent` WHERE `status` = 2  [ RunTime:0.0005s ]
INFO: Run Behavior\CronRunBehavior [ RunTime:0.097925s ]
INFO: [ app_begin ] --END-- [ RunTime:0.099516s ]

[ 2018-11-23T19:20:16+08:00 ] 127.0.0.1 /index.php/Home/wxpay/ret
ERR: Cron:cron Runat 2018-11-23 19:20:16 Use 0.074841 s

[ 2018-11-23T19:20:16+08:00 ] 127.0.0.1 /index.php/Home/wxpay/ret
INFO: [ app_init ] --START--
INFO: Run Behavior\BuildLiteBehavior [ RunTime:0.000034s ]
INFO: [ app_init ] --END-- [ RunTime:0.001939s ]
INFO: [ app_begin ] --START--
INFO: Run Behavior\ReadHtmlCacheBehavior [ RunTime:0.001451s ]
SQL: SHOW COLUMNS FROM `red_indent` [ RunTime:0.0546s ]
SQL: SELECT * FROM `red_indent` WHERE `status` = 2  [ RunTime:0.0004s ]
INFO: Run Behavior\CronRunBehavior [ RunTime:0.099841s ]
INFO: [ app_begin ] --END-- [ RunTime:0.101541s ]

[ 2018-11-23T19:20:44+08:00 ] 127.0.0.1 /index.php/Home/wxpay/ret
ERR: Cron:cron Runat 2018-11-23 19:20:44 Use 0.067148 s

[ 2018-11-23T19:20:44+08:00 ] 127.0.0.1 /index.php/Home/wxpay/ret
INFO: [ app_init ] --START--
INFO: Run Behavior\BuildLiteBehavior [ RunTime:0.000034s ]
INFO: [ app_init ] --END-- [ RunTime:0.001338s ]
INFO: [ app_begin ] --START--
INFO: Run Behavior\ReadHtmlCacheBehavior [ RunTime:0.001587s ]
SQL: SHOW COLUMNS FROM `red_indent` [ RunTime:0.0468s ]
SQL: SELECT * FROM `red_indent` WHERE `status` = 2  [ RunTime:0.0004s ]
INFO: Run Behavior\CronRunBehavior [ RunTime:0.088551s ]
INFO: [ app_begin ] --END-- [ RunTime:0.090441s ]

[ 2018-11-23T19:26:30+08:00 ] 127.0.0.1 /index.php/Home/wxpay/ret
ERR: Cron:cron Runat 2018-11-23 19:26:30 Use 0.136506 s

[ 2018-11-23T19:26:31+08:00 ] 127.0.0.1 /index.php/Home/wxpay/ret
INFO: [ app_init ] --START--
INFO: Run Behavior\BuildLiteBehavior [ RunTime:0.000033s ]
INFO: [ app_init ] --END-- [ RunTime:0.000882s ]
INFO: [ app_begin ] --START--
INFO: Run Behavior\ReadHtmlCacheBehavior [ RunTime:0.001427s ]
SQL: SHOW COLUMNS FROM `red_indent` [ RunTime:0.1035s ]
SQL: SELECT * FROM `red_indent` WHERE `status` = 2  [ RunTime:0.0004s ]
INFO: Run Behavior\CronRunBehavior [ RunTime:0.172147s ]
INFO: [ app_begin ] --END-- [ RunTime:0.175032s ]
NOTIC: [8] Undefined variable: data E:\wamp\www\anti\Application\Home\Controller\WxpayController.class.php 第 242 行.
NOTIC: [8] Undefined index: OPENCHANNEL E:\wamp\www\anti\Application\Home\Controller\WxpayController.class.php 第 242 行.
NOTIC: [8] Undefined index: 176E61E65FE7076E74A5DE495CC61611 E:\wamp\www\anti\Application\Home\Controller\WxpayController.class.php 第 242 行.
NOTIC: [8] Undefined index: 898340149000005 E:\wamp\www\anti\Application\Home\Controller\WxpayController.class.php 第 242 行.
NOTIC: [8] Undefined offset: 1 E:\wamp\www\anti\Application\Home\Controller\WxpayController.class.php 第 242 行.
NOTIC: [8] Undefined index: 2018-11-23 E:\wamp\www\anti\Application\Home\Controller\WxpayController.class.php 第 242 行.
NOTIC: [8] Undefined index: 现金:1 E:\wamp\www\anti\Application\Home\Controller\WxpayController.class.php 第 242 行.
NOTIC: [8] Undefined index: oOUAZv_hzcIDv6x3mNyCieviT5_w E:\wamp\www\anti\Application\Home\Controller\WxpayController.class.php 第 242 行.
NOTIC: [8] Undefined offset: 88880001 E:\wamp\www\anti\Application\Home\Controller\WxpayController.class.php 第 242 行.
NOTIC: [8] Undefined offset: 1 E:\wamp\www\anti\Application\Home\Controller\WxpayController.class.php 第 242 行.
NOTIC: [8] Undefined offset: 0 E:\wamp\www\anti\Application\Home\Controller\WxpayController.class.php 第 242 行.
NOTIC: [8] Undefined offset: 1 E:\wamp\www\anti\Application\Home\Controller\WxpayController.class.php 第 242 行.
NOTIC: [8] Undefined index: 4200000217201811232930312566 E:\wamp\www\anti\Application\Home\Controller\WxpayController.class.php 第 242 行.
NOTIC: [8] Undefined index: 4b01ea45-9143-4080-a836-8220e53937b6 E:\wamp\www\anti\Application\Home\Controller\WxpayController.class.php 第 242 行.
NOTIC: [8] Undefined index: 现金支付0.01元。 E:\wamp\www\anti\Application\Home\Controller\WxpayController.class.php 第 242 行.
NOTIC: [8] Undefined index: onwdU54ZLMpDOsT7wssGzBqdynvE E:\wamp\www\anti\Application\Home\Controller\WxpayController.class.php 第 242 行.
NOTIC: [8] Undefined index: rZyE E:\wamp\www\anti\Application\Home\Controller\WxpayController.class.php 第 242 行.
NOTIC: [8] Undefined index: UMS-MARKET E:\wamp\www\anti\Application\Home\Controller\WxpayController.class.php 第 242 行.
NOTIC: [8] Undefined index: 仲晶晶二维码测试2 E:\wamp\www\anti\Application\Home\Controller\WxpayController.class.php 第 242 行.
NOTIC: [8] Undefined index: 00367200202N E:\wamp\www\anti\Application\Home\Controller\WxpayController.class.php 第 242 行.
NOTIC: [8] Undefined index: 31941542971333 E:\wamp\www\anti\Application\Home\Controller\WxpayController.class.php 第 242 行.
NOTIC: [8] Undefined index: TRADE_SUCCESS E:\wamp\www\anti\Application\Home\Controller\WxpayController.class.php 第 242 行.
NOTIC: [8] Undefined index: WXPay E:\wamp\www\anti\Application\Home\Controller\WxpayController.class.php 第 242 行.

[ 2018-11-23T19:26:59+08:00 ] 127.0.0.1 /index.php/Home/wxpay/ret
ERR: Cron:cron Runat 2018-11-23 19:26:59 Use 0.102854 s

[ 2018-11-23T19:26:59+08:00 ] 127.0.0.1 /index.php/Home/wxpay/ret
INFO: [ app_init ] --START--
INFO: Run Behavior\BuildLiteBehavior [ RunTime:0.000042s ]
INFO: [ app_init ] --END-- [ RunTime:0.001248s ]
INFO: [ app_begin ] --START--
INFO: Run Behavior\ReadHtmlCacheBehavior [ RunTime:0.001294s ]
SQL: SHOW COLUMNS FROM `red_indent` [ RunTime:0.0661s ]
SQL: SELECT * FROM `red_indent` WHERE `status` = 2  [ RunTime:0.0004s ]
INFO: Run Behavior\CronRunBehavior [ RunTime:0.131696s ]
INFO: [ app_begin ] --END-- [ RunTime:0.133250s ]

[ 2018-11-23T19:27:34+08:00 ] 127.0.0.1 /index.php/Home/wxpay/ret
ERR: Cron:cron Runat 2018-11-23 19:27:34 Use 0.085106 s

[ 2018-11-23T19:27:34+08:00 ] 127.0.0.1 /index.php/Home/wxpay/ret
INFO: [ app_init ] --START--
INFO: Run Behavior\BuildLiteBehavior [ RunTime:0.000032s ]
INFO: [ app_init ] --END-- [ RunTime:0.000931s ]
INFO: [ app_begin ] --START--
INFO: Run Behavior\ReadHtmlCacheBehavior [ RunTime:0.001251s ]
SQL: SHOW COLUMNS FROM `red_indent` [ RunTime:0.0446s ]
SQL: SELECT * FROM `red_indent` WHERE `status` = 2  [ RunTime:0.0008s ]
INFO: Run Behavior\CronRunBehavior [ RunTime:0.112820s ]
INFO: [ app_begin ] --END-- [ RunTime:0.114349s ]

[ 2018-11-23T19:29:26+08:00 ] 127.0.0.1 /index.php/Home/wxpay/ret
ERR: Cron:cron Runat 2018-11-23 19:29:26 Use 0.101225 s

[ 2018-11-23T19:29:26+08:00 ] 127.0.0.1 /index.php/Home/wxpay/ret
INFO: [ app_init ] --START--
INFO: Run Behavior\BuildLiteBehavior [ RunTime:0.000032s ]
INFO: [ app_init ] --END-- [ RunTime:0.000922s ]
INFO: [ app_begin ] --START--
INFO: Run Behavior\ReadHtmlCacheBehavior [ RunTime:0.001598s ]
SQL: SHOW COLUMNS FROM `red_indent` [ RunTime:0.0807s ]
SQL: SELECT * FROM `red_indent` WHERE `status` = 2  [ RunTime:0.0007s ]
INFO: Run Behavior\CronRunBehavior [ RunTime:0.131147s ]
INFO: [ app_begin ] --END-- [ RunTime:0.133002s ]

[ 2018-11-23T19:30:04+08:00 ] 127.0.0.1 /index.php/Home/wxpay/ret
ERR: Cron:cron Runat 2018-11-23 19:30:04 Use 0.090988 s

[ 2018-11-23T19:30:04+08:00 ] 127.0.0.1 /index.php/Home/wxpay/ret
INFO: [ app_init ] --START--
INFO: Run Behavior\BuildLiteBehavior [ RunTime:0.000032s ]
INFO: [ app_init ] --END-- [ RunTime:0.001056s ]
INFO: [ app_begin ] --START--
INFO: Run Behavior\ReadHtmlCacheBehavior [ RunTime:0.002630s ]
SQL: SHOW COLUMNS FROM `red_indent` [ RunTime:0.0579s ]
SQL: SELECT * FROM `red_indent` WHERE `status` = 2  [ RunTime:0.0006s ]
INFO: Run Behavior\CronRunBehavior [ RunTime:0.114929s ]
INFO: [ app_begin ] --END-- [ RunTime:0.117831s ]

[ 2018-11-23T19:31:04+08:00 ] 127.0.0.1 /index.php/Home/wxpay/ret
ERR: Cron:cron Runat 2018-11-23 19:31:04 Use 0.063500 s

[ 2018-11-23T19:31:04+08:00 ] 127.0.0.1 /index.php/Home/wxpay/ret
INFO: [ app_init ] --START--
INFO: Run Behavior\BuildLiteBehavior [ RunTime:0.000034s ]
INFO: [ app_init ] --END-- [ RunTime:0.000928s ]
INFO: [ app_begin ] --START--
INFO: Run Behavior\ReadHtmlCacheBehavior [ RunTime:0.001505s ]
SQL: SHOW COLUMNS FROM `red_indent` [ RunTime:0.0439s ]
SQL: SELECT * FROM `red_indent` WHERE `status` = 2  [ RunTime:0.0006s ]
INFO: Run Behavior\CronRunBehavior [ RunTime:0.088426s ]
INFO: [ app_begin ] --END-- [ RunTime:0.090216s ]

[ 2018-11-23T19:31:35+08:00 ] 127.0.0.1 /index.php/Home/wxpay/ret
ERR: Cron:cron Runat 2018-11-23 19:31:35 Use 0.076668 s

[ 2018-11-23T19:31:35+08:00 ] 127.0.0.1 /index.php/Home/wxpay/ret
INFO: [ app_init ] --START--
INFO: Run Behavior\BuildLiteBehavior [ RunTime:0.000037s ]
INFO: [ app_init ] --END-- [ RunTime:0.002176s ]
INFO: [ app_begin ] --START--
INFO: Run Behavior\ReadHtmlCacheBehavior [ RunTime:0.001297s ]
SQL: SHOW COLUMNS FROM `red_indent` [ RunTime:0.0563s ]
SQL: SELECT * FROM `red_indent` WHERE `status` = 2  [ RunTime:0.0006s ]
INFO: Run Behavior\CronRunBehavior [ RunTime:0.110481s ]
INFO: [ app_begin ] --END-- [ RunTime:0.112296s ]

[ 2018-11-23T19:33:05+08:00 ] 127.0.0.1 /index.php/Home/wxpay/ret
ERR: Cron:cron Runat 2018-11-23 19:33:05 Use 0.078177 s

[ 2018-11-23T19:33:05+08:00 ] 127.0.0.1 /index.php/Home/wxpay/ret
INFO: [ app_init ] --START--
INFO: Run Behavior\BuildLiteBehavior [ RunTime:0.000035s ]
INFO: [ app_init ] --END-- [ RunTime:0.000960s ]
INFO: [ app_begin ] --START--
INFO: Run Behavior\ReadHtmlCacheBehavior [ RunTime:0.001373s ]
SQL: SHOW COLUMNS FROM `red_indent` [ RunTime:0.0538s ]
SQL: SELECT * FROM `red_indent` WHERE `status` = 2  [ RunTime:0.0010s ]
INFO: Run Behavior\CronRunBehavior [ RunTime:0.106166s ]
INFO: [ app_begin ] --END-- [ RunTime:0.107806s ]

[ 2018-11-23T19:34:57+08:00 ] 127.0.0.1 /index.php/Home/wxpay/ret
ERR: Cron:cron Runat 2018-11-23 19:34:57 Use 0.083289 s

[ 2018-11-23T19:34:57+08:00 ] 127.0.0.1 /index.php/Home/wxpay/ret
INFO: [ app_init ] --START--
INFO: Run Behavior\BuildLiteBehavior [ RunTime:0.000036s ]
INFO: [ app_init ] --END-- [ RunTime:0.002281s ]
INFO: [ app_begin ] --START--
INFO: Run Behavior\ReadHtmlCacheBehavior [ RunTime:0.001656s ]
SQL: SHOW COLUMNS FROM `red_indent` [ RunTime:0.0603s ]
SQL: SELECT * FROM `red_indent` WHERE `status` = 2  [ RunTime:0.0005s ]
INFO: Run Behavior\CronRunBehavior [ RunTime:0.108254s ]
INFO: [ app_begin ] --END-- [ RunTime:0.110269s ]

[ 2018-11-23T19:35:13+08:00 ] 127.0.0.1 /index.php/Home/wxpay/ret
ERR: Cron:cron Runat 2018-11-23 19:35:13 Use 0.100010 s

[ 2018-11-23T19:35:13+08:00 ] 127.0.0.1 /index.php/Home/wxpay/ret
INFO: [ app_init ] --START--
INFO: Run Behavior\BuildLiteBehavior [ RunTime:0.000033s ]
INFO: [ app_init ] --END-- [ RunTime:0.001737s ]
INFO: [ app_begin ] --START--
INFO: Run Behavior\ReadHtmlCacheBehavior [ RunTime:0.001274s ]
SQL: SHOW COLUMNS FROM `red_indent` [ RunTime:0.0670s ]
SQL: SELECT * FROM `red_indent` WHERE `status` = 2  [ RunTime:0.0010s ]
INFO: Run Behavior\CronRunBehavior [ RunTime:0.119671s ]
INFO: [ app_begin ] --END-- [ RunTime:0.121200s ]

[ 2018-11-23T19:36:58+08:00 ] 127.0.0.1 /index.php/Home/wxpay/ret
ERR: Cron:cron Runat 2018-11-23 19:36:58 Use 0.082696 s

[ 2018-11-23T19:36:58+08:00 ] 127.0.0.1 /index.php/Home/wxpay/ret
INFO: [ app_init ] --START--
INFO: Run Behavior\BuildLiteBehavior [ RunTime:0.000033s ]
INFO: [ app_init ] --END-- [ RunTime:0.000913s ]
INFO: [ app_begin ] --START--
INFO: Run Behavior\ReadHtmlCacheBehavior [ RunTime:0.001307s ]
SQL: SHOW COLUMNS FROM `red_indent` [ RunTime:0.0597s ]
SQL: SELECT * FROM `red_indent` WHERE `status` = 2  [ RunTime:0.0007s ]
INFO: Run Behavior\CronRunBehavior [ RunTime:0.107790s ]
INFO: [ app_begin ] --END-- [ RunTime:0.109363s ]

[ 2018-11-23T19:43:29+08:00 ] 127.0.0.1 /index.php/Home/wxpay/ret
ERR: Cron:cron Runat 2018-11-23 19:43:29 Use 0.087934 s

[ 2018-11-23T19:43:29+08:00 ] 127.0.0.1 /index.php/Home/wxpay/ret
INFO: [ app_init ] --START--
INFO: Run Behavior\BuildLiteBehavior [ RunTime:0.000032s ]
INFO: [ app_init ] --END-- [ RunTime:0.000881s ]
INFO: [ app_begin ] --START--
INFO: Run Behavior\ReadHtmlCacheBehavior [ RunTime:0.001227s ]
SQL: SHOW COLUMNS FROM `red_indent` [ RunTime:0.0602s ]
SQL: SELECT * FROM `red_indent` WHERE `status` = 2  [ RunTime:0.0006s ]
INFO: Run Behavior\CronRunBehavior [ RunTime:0.113726s ]
INFO: [ app_begin ] --END-- [ RunTime:0.117713s ]

[ 2018-11-23T19:43:37+08:00 ] 127.0.0.1 /index.php/Home/wxpay/ret
INFO: [ app_init ] --START--
INFO: Run Behavior\BuildLiteBehavior [ RunTime:0.000039s ]
INFO: [ app_init ] --END-- [ RunTime:0.004522s ]
INFO: [ app_begin ] --START--
INFO: Run Behavior\ReadHtmlCacheBehavior [ RunTime:0.001541s ]
INFO: Run Behavior\CronRunBehavior [ RunTime:0.012883s ]
INFO: [ app_begin ] --END-- [ RunTime:0.014773s ]

[ 2018-11-23T19:44:18+08:00 ] 127.0.0.1 /index.php/Home/wxpay/ret
ERR: Cron:cron Runat 2018-11-23 19:44:18 Use 0.071590 s

[ 2018-11-23T19:44:18+08:00 ] 127.0.0.1 /index.php/Home/wxpay/ret
INFO: [ app_init ] --START--
INFO: Run Behavior\BuildLiteBehavior [ RunTime:0.000033s ]
INFO: [ app_init ] --END-- [ RunTime:0.001041s ]
INFO: [ app_begin ] --START--
INFO: Run Behavior\ReadHtmlCacheBehavior [ RunTime:0.001343s ]
SQL: SHOW COLUMNS FROM `red_indent` [ RunTime:0.0507s ]
SQL: SELECT * FROM `red_indent` WHERE `status` = 2  [ RunTime:0.0007s ]
INFO: Run Behavior\CronRunBehavior [ RunTime:0.086449s ]
INFO: [ app_begin ] --END-- [ RunTime:0.088074s ]

[ 2018-11-23T19:50:22+08:00 ] 127.0.0.1 /index.php/Home/wxpay/ret
ERR: Cron:cron Runat 2018-11-23 19:50:22 Use 0.089073 s

[ 2018-11-23T19:50:22+08:00 ] 127.0.0.1 /index.php/Home/wxpay/ret
INFO: [ app_init ] --START--
INFO: Run Behavior\BuildLiteBehavior [ RunTime:0.000047s ]
INFO: [ app_init ] --END-- [ RunTime:0.000918s ]
INFO: [ app_begin ] --START--
INFO: Run Behavior\ReadHtmlCacheBehavior [ RunTime:0.001281s ]
SQL: SHOW COLUMNS FROM `red_indent` [ RunTime:0.0658s ]
SQL: SELECT * FROM `red_indent` WHERE `status` = 2  [ RunTime:0.0004s ]
INFO: Run Behavior\CronRunBehavior [ RunTime:0.120377s ]
INFO: [ app_begin ] --END-- [ RunTime:0.121911s ]

[ 2018-11-23T19:50:45+08:00 ] 127.0.0.1 /index.php/Home/wxpay/ret
ERR: Cron:cron Runat 2018-11-23 19:50:45 Use 0.073054 s

[ 2018-11-23T19:50:45+08:00 ] 127.0.0.1 /index.php/Home/wxpay/ret
INFO: [ app_init ] --START--
INFO: Run Behavior\BuildLiteBehavior [ RunTime:0.000034s ]
INFO: [ app_init ] --END-- [ RunTime:0.000889s ]
INFO: [ app_begin ] --START--
INFO: Run Behavior\ReadHtmlCacheBehavior [ RunTime:0.001512s ]
SQL: SHOW COLUMNS FROM `red_indent` [ RunTime:0.0413s ]
SQL: SELECT * FROM `red_indent` WHERE `status` = 2  [ RunTime:0.0006s ]
INFO: Run Behavior\CronRunBehavior [ RunTime:0.094460s ]
INFO: [ app_begin ] --END-- [ RunTime:0.096409s ]

