[ 2018-11-10T09:51:46+08:00 ] 127.0.0.1 /index.php/home/wechat/share
ERR: Cron:cron Runat 2018-11-10 09:51:46 Use 0.304481 s

[ 2018-11-10T09:51:48+08:00 ] 127.0.0.1 /index.php/home/wechat/share
INFO: [ app_init ] --START--
INFO: Run Behavior\BuildLiteBehavior [ RunTime:0.000067s ]
INFO: [ app_init ] --END-- [ RunTime:0.023218s ]
INFO: [ app_begin ] --START--
INFO: Run Behavior\ReadHtmlCacheBehavior [ RunTime:0.022616s ]
SQL: SHOW COLUMNS FROM `red_indent` [ RunTime:0.0841s ]
SQL: SELECT * FROM `red_indent` WHERE `status` = 2  [ RunTime:0.0005s ]
INFO: Run Behavior\CronRunBehavior [ RunTime:0.384340s ]
INFO: [ app_begin ] --END-- [ RunTime:0.407234s ]
NOTIC: [2] Missing argument 1 for JSSDK::getSignPackage(), called in E:\wamp\www\anti\Application\Home\Controller\WechatController.class.php on line 484 and defined E:\wamp\www\anti\ThinkPHP\Library\Vendor\Wx_share\jssdk.php 第 13 行.
NOTIC: [8] Use of undefined constant APPID - assumed 'APPID' E:\wamp\www\anti\ThinkPHP\Library\Vendor\Wx_share\jssdk.php 第 113 行.
NOTIC: [8] Use of undefined constant APPSECRET - assumed 'APPSECRET' E:\wamp\www\anti\ThinkPHP\Library\Vendor\Wx_share\jssdk.php 第 113 行.
NOTIC: [8] Undefined index: access_token E:\wamp\www\anti\ThinkPHP\Library\Vendor\Wx_share\jssdk.php 第 116 行.
NOTIC: [8] Undefined property: stdClass::$ticket E:\wamp\www\anti\ThinkPHP\Library\Vendor\Wx_share\jssdk.php 第 65 行.
NOTIC: [8] Undefined variable: url E:\wamp\www\anti\ThinkPHP\Library\Vendor\Wx_share\jssdk.php 第 24 行.
NOTIC: [8] Undefined variable: url E:\wamp\www\anti\ThinkPHP\Library\Vendor\Wx_share\jssdk.php 第 32 行.
INFO: [ view_parse ] --START--
INFO: [ template_filter ] --START--
INFO: Run Behavior\ContentReplaceBehavior [ RunTime:0.000133s ]
INFO: [ template_filter ] --END-- [ RunTime:0.000282s ]
NOTIC: [8] Undefined variable: put_r_id E:\wamp\www\anti\Application\Runtime\Cache\Home\0369cce68b8545c731d6e03f5ba14c75.php 第 35 行.
NOTIC: [8] Undefined variable: info E:\wamp\www\anti\Application\Runtime\Cache\Home\0369cce68b8545c731d6e03f5ba14c75.php 第 61 行.
INFO: Run Behavior\ParseTemplateBehavior [ RunTime:0.130528s ]
INFO: [ view_parse ] --END-- [ RunTime:0.130689s ]
INFO: [ view_filter ] --START--
INFO: Run Behavior\WriteHtmlCacheBehavior [ RunTime:0.033391s ]
INFO: [ view_filter ] --END-- [ RunTime:0.033526s ]
INFO: [ app_end ] --START--
INFO: Run Behavior\ShowPageTraceBehavior [ RunTime:0.035245s ]
INFO: [ app_end ] --END-- [ RunTime:0.035377s ]

[ 2018-11-10T09:52:03+08:00 ] 127.0.0.1 /index.php/home/wechat/share
ERR: Cron:cron Runat 2018-11-10 09:52:03 Use 0.101172 s

[ 2018-11-10T09:52:03+08:00 ] 127.0.0.1 /index.php/home/wechat/share
INFO: [ app_init ] --START--
INFO: Run Behavior\BuildLiteBehavior [ RunTime:0.000033s ]
INFO: [ app_init ] --END-- [ RunTime:0.000963s ]
INFO: [ app_begin ] --START--
INFO: Run Behavior\ReadHtmlCacheBehavior [ RunTime:0.001234s ]
SQL: SHOW COLUMNS FROM `red_indent` [ RunTime:0.0787s ]
SQL: SELECT * FROM `red_indent` WHERE `status` = 2  [ RunTime:0.0005s ]
INFO: Run Behavior\CronRunBehavior [ RunTime:0.144429s ]
INFO: [ app_begin ] --END-- [ RunTime:0.145924s ]
NOTIC: [2] Missing argument 1 for JSSDK::getSignPackage(), called in E:\wamp\www\anti\Application\Home\Controller\WechatController.class.php on line 484 and defined E:\wamp\www\anti\ThinkPHP\Library\Vendor\Wx_share\jssdk.php 第 13 行.
NOTIC: [8] Use of undefined constant APPID - assumed 'APPID' E:\wamp\www\anti\ThinkPHP\Library\Vendor\Wx_share\jssdk.php 第 113 行.
NOTIC: [8] Use of undefined constant APPSECRET - assumed 'APPSECRET' E:\wamp\www\anti\ThinkPHP\Library\Vendor\Wx_share\jssdk.php 第 113 行.
NOTIC: [8] Undefined index: access_token E:\wamp\www\anti\ThinkPHP\Library\Vendor\Wx_share\jssdk.php 第 116 行.
NOTIC: [8] Undefined property: stdClass::$ticket E:\wamp\www\anti\ThinkPHP\Library\Vendor\Wx_share\jssdk.php 第 65 行.
NOTIC: [8] Undefined variable: url E:\wamp\www\anti\ThinkPHP\Library\Vendor\Wx_share\jssdk.php 第 24 行.
NOTIC: [8] Undefined variable: url E:\wamp\www\anti\ThinkPHP\Library\Vendor\Wx_share\jssdk.php 第 32 行.
INFO: [ view_parse ] --START--
INFO: [ template_filter ] --START--
INFO: Run Behavior\ContentReplaceBehavior [ RunTime:0.000161s ]
INFO: [ template_filter ] --END-- [ RunTime:0.000328s ]
NOTIC: [8] Undefined variable: put_r_id E:\wamp\www\anti\Application\Runtime\Cache\Home\0369cce68b8545c731d6e03f5ba14c75.php 第 35 行.
NOTIC: [8] Undefined variable: info E:\wamp\www\anti\Application\Runtime\Cache\Home\0369cce68b8545c731d6e03f5ba14c75.php 第 61 行.
INFO: Run Behavior\ParseTemplateBehavior [ RunTime:0.024152s ]
INFO: [ view_parse ] --END-- [ RunTime:0.024292s ]
INFO: [ view_filter ] --START--
INFO: Run Behavior\WriteHtmlCacheBehavior [ RunTime:0.001443s ]
INFO: [ view_filter ] --END-- [ RunTime:0.001613s ]
INFO: [ app_end ] --START--
INFO: Run Behavior\ShowPageTraceBehavior [ RunTime:0.001619s ]
INFO: [ app_end ] --END-- [ RunTime:0.001763s ]

[ 2018-11-10T09:52:36+08:00 ] 127.0.0.1 /index.php/home/wechat/share
ERR: Cron:cron Runat 2018-11-10 09:52:36 Use 0.108510 s

[ 2018-11-10T09:52:37+08:00 ] 127.0.0.1 /index.php/home/wechat/share
INFO: [ app_init ] --START--
INFO: Run Behavior\BuildLiteBehavior [ RunTime:0.000033s ]
INFO: [ app_init ] --END-- [ RunTime:0.002763s ]
INFO: [ app_begin ] --START--
INFO: Run Behavior\ReadHtmlCacheBehavior [ RunTime:0.004721s ]
SQL: SHOW COLUMNS FROM `red_indent` [ RunTime:0.0782s ]
SQL: SELECT * FROM `red_indent` WHERE `status` = 2  [ RunTime:0.0024s ]
INFO: Run Behavior\CronRunBehavior [ RunTime:0.157100s ]
INFO: [ app_begin ] --END-- [ RunTime:0.162091s ]
NOTIC: [2] Missing argument 1 for JSSDK::getSignPackage(), called in E:\wamp\www\anti\Application\Home\Controller\WechatController.class.php on line 484 and defined E:\wamp\www\anti\ThinkPHP\Library\Vendor\Wx_share\jssdk.php 第 13 行.
NOTIC: [8] Use of undefined constant APPID - assumed 'APPID' E:\wamp\www\anti\ThinkPHP\Library\Vendor\Wx_share\jssdk.php 第 113 行.
NOTIC: [8] Use of undefined constant APPSECRET - assumed 'APPSECRET' E:\wamp\www\anti\ThinkPHP\Library\Vendor\Wx_share\jssdk.php 第 113 行.
NOTIC: [8] Undefined index: access_token E:\wamp\www\anti\ThinkPHP\Library\Vendor\Wx_share\jssdk.php 第 116 行.
NOTIC: [8] Undefined property: stdClass::$ticket E:\wamp\www\anti\ThinkPHP\Library\Vendor\Wx_share\jssdk.php 第 65 行.
NOTIC: [8] Undefined variable: url E:\wamp\www\anti\ThinkPHP\Library\Vendor\Wx_share\jssdk.php 第 24 行.
NOTIC: [8] Undefined variable: url E:\wamp\www\anti\ThinkPHP\Library\Vendor\Wx_share\jssdk.php 第 32 行.
INFO: [ view_parse ] --START--
INFO: [ template_filter ] --START--
INFO: Run Behavior\ContentReplaceBehavior [ RunTime:0.000091s ]
INFO: [ template_filter ] --END-- [ RunTime:0.000235s ]
NOTIC: [8] Undefined variable: put_r_id E:\wamp\www\anti\Application\Runtime\Cache\Home\0369cce68b8545c731d6e03f5ba14c75.php 第 35 行.
NOTIC: [8] Undefined variable: info E:\wamp\www\anti\Application\Runtime\Cache\Home\0369cce68b8545c731d6e03f5ba14c75.php 第 61 行.
INFO: Run Behavior\ParseTemplateBehavior [ RunTime:0.021854s ]
INFO: [ view_parse ] --END-- [ RunTime:0.021993s ]
INFO: [ view_filter ] --START--
INFO: Run Behavior\WriteHtmlCacheBehavior [ RunTime:0.001244s ]
INFO: [ view_filter ] --END-- [ RunTime:0.001373s ]
INFO: [ app_end ] --START--
INFO: Run Behavior\ShowPageTraceBehavior [ RunTime:0.001387s ]
INFO: [ app_end ] --END-- [ RunTime:0.001519s ]

[ 2018-11-10T09:52:50+08:00 ] 127.0.0.1 /index.php/home/wechat/share
ERR: Cron:cron Runat 2018-11-10 09:52:50 Use 0.112292 s

[ 2018-11-10T09:52:50+08:00 ] 127.0.0.1 /index.php/home/wechat/share
INFO: [ app_init ] --START--
INFO: Run Behavior\BuildLiteBehavior [ RunTime:0.000038s ]
INFO: [ app_init ] --END-- [ RunTime:0.007567s ]
INFO: [ app_begin ] --START--
INFO: Run Behavior\ReadHtmlCacheBehavior [ RunTime:0.001253s ]
SQL: SHOW COLUMNS FROM `red_indent` [ RunTime:0.0733s ]
SQL: SELECT * FROM `red_indent` WHERE `status` = 2  [ RunTime:0.0005s ]
INFO: Run Behavior\CronRunBehavior [ RunTime:0.139912s ]
INFO: [ app_begin ] --END-- [ RunTime:0.141426s ]
NOTIC: [2] Missing argument 1 for JSSDK::getSignPackage(), called in E:\wamp\www\anti\Application\Home\Controller\WechatController.class.php on line 484 and defined E:\wamp\www\anti\ThinkPHP\Library\Vendor\Wx_share\jssdk.php 第 13 行.
NOTIC: [8] Use of undefined constant APPID - assumed 'APPID' E:\wamp\www\anti\ThinkPHP\Library\Vendor\Wx_share\jssdk.php 第 113 行.
NOTIC: [8] Use of undefined constant APPSECRET - assumed 'APPSECRET' E:\wamp\www\anti\ThinkPHP\Library\Vendor\Wx_share\jssdk.php 第 113 行.
NOTIC: [8] Undefined index: access_token E:\wamp\www\anti\ThinkPHP\Library\Vendor\Wx_share\jssdk.php 第 116 行.
NOTIC: [8] Undefined property: stdClass::$ticket E:\wamp\www\anti\ThinkPHP\Library\Vendor\Wx_share\jssdk.php 第 65 行.
NOTIC: [8] Undefined variable: url E:\wamp\www\anti\ThinkPHP\Library\Vendor\Wx_share\jssdk.php 第 24 行.
NOTIC: [8] Undefined variable: url E:\wamp\www\anti\ThinkPHP\Library\Vendor\Wx_share\jssdk.php 第 32 行.
INFO: [ view_parse ] --START--
INFO: [ template_filter ] --START--
INFO: Run Behavior\ContentReplaceBehavior [ RunTime:0.000095s ]
INFO: [ template_filter ] --END-- [ RunTime:0.000236s ]
NOTIC: [8] Undefined variable: put_r_id E:\wamp\www\anti\Application\Runtime\Cache\Home\0369cce68b8545c731d6e03f5ba14c75.php 第 35 行.
NOTIC: [8] Undefined variable: info E:\wamp\www\anti\Application\Runtime\Cache\Home\0369cce68b8545c731d6e03f5ba14c75.php 第 61 行.
INFO: Run Behavior\ParseTemplateBehavior [ RunTime:0.022832s ]
INFO: [ view_parse ] --END-- [ RunTime:0.023007s ]
INFO: [ view_filter ] --START--
INFO: Run Behavior\WriteHtmlCacheBehavior [ RunTime:0.001433s ]
INFO: [ view_filter ] --END-- [ RunTime:0.001576s ]
INFO: [ app_end ] --START--
INFO: Run Behavior\ShowPageTraceBehavior [ RunTime:0.001406s ]
INFO: [ app_end ] --END-- [ RunTime:0.001624s ]

[ 2018-11-10T09:53:22+08:00 ] 127.0.0.1 /index.php/home/wechat/share
ERR: Cron:cron Runat 2018-11-10 09:53:22 Use 0.095509 s

[ 2018-11-10T09:53:23+08:00 ] 127.0.0.1 /index.php/home/wechat/share
INFO: [ app_init ] --START--
INFO: Run Behavior\BuildLiteBehavior [ RunTime:0.000049s ]
INFO: [ app_init ] --END-- [ RunTime:0.002004s ]
INFO: [ app_begin ] --START--
INFO: Run Behavior\ReadHtmlCacheBehavior [ RunTime:0.006002s ]
SQL: SHOW COLUMNS FROM `red_indent` [ RunTime:0.0703s ]
SQL: SELECT * FROM `red_indent` WHERE `status` = 2  [ RunTime:0.0005s ]
INFO: Run Behavior\CronRunBehavior [ RunTime:0.137551s ]
INFO: [ app_begin ] --END-- [ RunTime:0.143824s ]
NOTIC: [2] Missing argument 1 for JSSDK::getSignPackage(), called in E:\wamp\www\anti\Application\Home\Controller\WechatController.class.php on line 484 and defined E:\wamp\www\anti\ThinkPHP\Library\Vendor\Wx_share\jssdk.php 第 13 行.
NOTIC: [8] Use of undefined constant APPID - assumed 'APPID' E:\wamp\www\anti\ThinkPHP\Library\Vendor\Wx_share\jssdk.php 第 113 行.
NOTIC: [8] Use of undefined constant APPSECRET - assumed 'APPSECRET' E:\wamp\www\anti\ThinkPHP\Library\Vendor\Wx_share\jssdk.php 第 113 行.
NOTIC: [8] Undefined index: access_token E:\wamp\www\anti\ThinkPHP\Library\Vendor\Wx_share\jssdk.php 第 116 行.
NOTIC: [8] Undefined property: stdClass::$ticket E:\wamp\www\anti\ThinkPHP\Library\Vendor\Wx_share\jssdk.php 第 65 行.
NOTIC: [8] Undefined variable: url E:\wamp\www\anti\ThinkPHP\Library\Vendor\Wx_share\jssdk.php 第 24 行.
NOTIC: [8] Undefined variable: url E:\wamp\www\anti\ThinkPHP\Library\Vendor\Wx_share\jssdk.php 第 32 行.
INFO: [ view_parse ] --START--
INFO: [ template_filter ] --START--
INFO: Run Behavior\ContentReplaceBehavior [ RunTime:0.000196s ]
INFO: [ template_filter ] --END-- [ RunTime:0.000379s ]
NOTIC: [8] Undefined variable: put_r_id E:\wamp\www\anti\Application\Runtime\Cache\Home\0369cce68b8545c731d6e03f5ba14c75.php 第 35 行.
NOTIC: [8] Undefined variable: info E:\wamp\www\anti\Application\Runtime\Cache\Home\0369cce68b8545c731d6e03f5ba14c75.php 第 61 行.
INFO: Run Behavior\ParseTemplateBehavior [ RunTime:0.023243s ]
INFO: [ view_parse ] --END-- [ RunTime:0.023385s ]
INFO: [ view_filter ] --START--
INFO: Run Behavior\WriteHtmlCacheBehavior [ RunTime:0.001410s ]
INFO: [ view_filter ] --END-- [ RunTime:0.001544s ]
INFO: [ app_end ] --START--
INFO: Run Behavior\ShowPageTraceBehavior [ RunTime:0.001333s ]
INFO: [ app_end ] --END-- [ RunTime:0.001481s ]

[ 2018-11-10T09:54:35+08:00 ] 127.0.0.1 /index.php/home/wechat/share
ERR: Cron:cron Runat 2018-11-10 09:54:35 Use 0.114320 s

[ 2018-11-10T09:54:36+08:00 ] 127.0.0.1 /index.php/home/wechat/share
INFO: [ app_init ] --START--
INFO: Run Behavior\BuildLiteBehavior [ RunTime:0.000271s ]
INFO: [ app_init ] --END-- [ RunTime:0.002326s ]
INFO: [ app_begin ] --START--
INFO: Run Behavior\ReadHtmlCacheBehavior [ RunTime:0.002900s ]
SQL: SHOW COLUMNS FROM `red_indent` [ RunTime:0.0752s ]
SQL: SELECT * FROM `red_indent` WHERE `status` = 2  [ RunTime:0.0007s ]
INFO: Run Behavior\CronRunBehavior [ RunTime:0.147507s ]
INFO: [ app_begin ] --END-- [ RunTime:0.150806s ]
NOTIC: [2] Missing argument 1 for JSSDK::getSignPackage(), called in E:\wamp\www\anti\Application\Home\Controller\WechatController.class.php on line 484 and defined E:\wamp\www\anti\ThinkPHP\Library\Vendor\Wx_share\jssdk.php 第 13 行.
NOTIC: [8] Use of undefined constant APPID - assumed 'APPID' E:\wamp\www\anti\ThinkPHP\Library\Vendor\Wx_share\jssdk.php 第 113 行.
NOTIC: [8] Use of undefined constant APPSECRET - assumed 'APPSECRET' E:\wamp\www\anti\ThinkPHP\Library\Vendor\Wx_share\jssdk.php 第 113 行.
NOTIC: [8] Undefined index: access_token E:\wamp\www\anti\ThinkPHP\Library\Vendor\Wx_share\jssdk.php 第 116 行.
NOTIC: [8] Undefined property: stdClass::$ticket E:\wamp\www\anti\ThinkPHP\Library\Vendor\Wx_share\jssdk.php 第 65 行.
NOTIC: [8] Undefined variable: url E:\wamp\www\anti\ThinkPHP\Library\Vendor\Wx_share\jssdk.php 第 24 行.
NOTIC: [8] Undefined variable: url E:\wamp\www\anti\ThinkPHP\Library\Vendor\Wx_share\jssdk.php 第 32 行.
INFO: [ view_parse ] --START--
INFO: [ template_filter ] --START--
INFO: Run Behavior\ContentReplaceBehavior [ RunTime:0.000092s ]
INFO: [ template_filter ] --END-- [ RunTime:0.000237s ]
NOTIC: [8] Undefined variable: put_r_id E:\wamp\www\anti\Application\Runtime\Cache\Home\0369cce68b8545c731d6e03f5ba14c75.php 第 35 行.

[ 2018-11-10T09:55:04+08:00 ] 127.0.0.1 /index.php/home/wechat/share
ERR: Cron:cron Runat 2018-11-10 09:55:04 Use 0.102207 s

[ 2018-11-10T09:55:05+08:00 ] 127.0.0.1 /index.php/home/wechat/share
INFO: [ app_init ] --START--
INFO: Run Behavior\BuildLiteBehavior [ RunTime:0.000039s ]
INFO: [ app_init ] --END-- [ RunTime:0.002956s ]
INFO: [ app_begin ] --START--
INFO: Run Behavior\ReadHtmlCacheBehavior [ RunTime:0.002054s ]
SQL: SHOW COLUMNS FROM `red_indent` [ RunTime:0.0762s ]
SQL: SELECT * FROM `red_indent` WHERE `status` = 2  [ RunTime:0.0007s ]
INFO: Run Behavior\CronRunBehavior [ RunTime:0.127462s ]
INFO: [ app_begin ] --END-- [ RunTime:0.129817s ]
NOTIC: [2] Missing argument 1 for JSSDK::getSignPackage(), called in E:\wamp\www\anti\Application\Home\Controller\WechatController.class.php on line 484 and defined E:\wamp\www\anti\ThinkPHP\Library\Vendor\Wx_share\jssdk.php 第 13 行.
NOTIC: [8] Use of undefined constant APPID - assumed 'APPID' E:\wamp\www\anti\ThinkPHP\Library\Vendor\Wx_share\jssdk.php 第 113 行.
NOTIC: [8] Use of undefined constant APPSECRET - assumed 'APPSECRET' E:\wamp\www\anti\ThinkPHP\Library\Vendor\Wx_share\jssdk.php 第 113 行.
NOTIC: [8] Undefined index: access_token E:\wamp\www\anti\ThinkPHP\Library\Vendor\Wx_share\jssdk.php 第 116 行.
NOTIC: [8] Undefined property: stdClass::$ticket E:\wamp\www\anti\ThinkPHP\Library\Vendor\Wx_share\jssdk.php 第 65 行.
NOTIC: [8] Undefined variable: url E:\wamp\www\anti\ThinkPHP\Library\Vendor\Wx_share\jssdk.php 第 24 行.
NOTIC: [8] Undefined variable: url E:\wamp\www\anti\ThinkPHP\Library\Vendor\Wx_share\jssdk.php 第 32 行.

[ 2018-11-10T09:56:07+08:00 ] 127.0.0.1 /index.php/home/wechat/share
ERR: Cron:cron Runat 2018-11-10 09:56:07 Use 0.102278 s

[ 2018-11-10T09:56:07+08:00 ] 127.0.0.1 /index.php/home/wechat/share
INFO: [ app_init ] --START--
INFO: Run Behavior\BuildLiteBehavior [ RunTime:0.000033s ]
INFO: [ app_init ] --END-- [ RunTime:0.002072s ]
INFO: [ app_begin ] --START--
INFO: Run Behavior\ReadHtmlCacheBehavior [ RunTime:0.003654s ]
SQL: SHOW COLUMNS FROM `red_indent` [ RunTime:0.0661s ]
SQL: SELECT * FROM `red_indent` WHERE `status` = 2  [ RunTime:0.0004s ]
INFO: Run Behavior\CronRunBehavior [ RunTime:0.140487s ]
INFO: [ app_begin ] --END-- [ RunTime:0.144553s ]

[ 2018-11-10T10:03:59+08:00 ] 127.0.0.1 /index.php/home/wechat/share
ERR: Cron:cron Runat 2018-11-10 10:03:59 Use 0.125743 s

[ 2018-11-10T10:04:00+08:00 ] 127.0.0.1 /index.php/home/wechat/share
INFO: [ app_init ] --START--
INFO: Run Behavior\BuildLiteBehavior [ RunTime:0.000032s ]
INFO: [ app_init ] --END-- [ RunTime:0.016594s ]
INFO: [ app_begin ] --START--
INFO: Run Behavior\ReadHtmlCacheBehavior [ RunTime:0.025784s ]
SQL: SHOW COLUMNS FROM `red_indent` [ RunTime:0.0842s ]
SQL: SELECT * FROM `red_indent` WHERE `status` = 2  [ RunTime:0.0012s ]
INFO: Run Behavior\CronRunBehavior [ RunTime:0.224871s ]
INFO: [ app_begin ] --END-- [ RunTime:0.250935s ]
NOTIC: [8] Use of undefined constant APPID - assumed 'APPID' E:\wamp\www\anti\ThinkPHP\Library\Vendor\Wx_share\jssdk.php 第 113 行.
NOTIC: [8] Use of undefined constant APPSECRET - assumed 'APPSECRET' E:\wamp\www\anti\ThinkPHP\Library\Vendor\Wx_share\jssdk.php 第 113 行.
NOTIC: [8] Undefined index: access_token E:\wamp\www\anti\ThinkPHP\Library\Vendor\Wx_share\jssdk.php 第 116 行.
NOTIC: [8] Undefined property: stdClass::$ticket E:\wamp\www\anti\ThinkPHP\Library\Vendor\Wx_share\jssdk.php 第 65 行.
INFO: [ view_parse ] --START--
INFO: [ template_filter ] --START--
INFO: Run Behavior\ContentReplaceBehavior [ RunTime:0.000091s ]
INFO: [ template_filter ] --END-- [ RunTime:0.000226s ]
NOTIC: [8] Undefined variable: put_r_id E:\wamp\www\anti\Application\Runtime\Cache\Home\0369cce68b8545c731d6e03f5ba14c75.php 第 35 行.
NOTIC: [8] Undefined variable: info E:\wamp\www\anti\Application\Runtime\Cache\Home\0369cce68b8545c731d6e03f5ba14c75.php 第 61 行.
INFO: Run Behavior\ParseTemplateBehavior [ RunTime:0.086738s ]
INFO: [ view_parse ] --END-- [ RunTime:0.086875s ]
INFO: [ view_filter ] --START--
INFO: Run Behavior\WriteHtmlCacheBehavior [ RunTime:0.004254s ]
INFO: [ view_filter ] --END-- [ RunTime:0.004389s ]
INFO: [ app_end ] --START--
INFO: Run Behavior\ShowPageTraceBehavior [ RunTime:0.002705s ]
INFO: [ app_end ] --END-- [ RunTime:0.002845s ]

[ 2018-11-10T10:04:20+08:00 ] 127.0.0.1 /index.php/home/wechat/share
ERR: Cron:cron Runat 2018-11-10 10:04:20 Use 0.124135 s

[ 2018-11-10T10:04:21+08:00 ] 127.0.0.1 /index.php/home/wechat/share
INFO: [ app_init ] --START--
INFO: Run Behavior\BuildLiteBehavior [ RunTime:0.000213s ]
INFO: [ app_init ] --END-- [ RunTime:0.001994s ]
INFO: [ app_begin ] --START--
INFO: Run Behavior\ReadHtmlCacheBehavior [ RunTime:0.004591s ]
SQL: SHOW COLUMNS FROM `red_indent` [ RunTime:0.0760s ]
SQL: SELECT * FROM `red_indent` WHERE `status` = 2  [ RunTime:0.0006s ]
INFO: Run Behavior\CronRunBehavior [ RunTime:0.150806s ]
INFO: [ app_begin ] --END-- [ RunTime:0.156013s ]
NOTIC: [8] Use of undefined constant APPID - assumed 'APPID' E:\wamp\www\anti\ThinkPHP\Library\Vendor\Wx_share\jssdk.php 第 113 行.
NOTIC: [8] Use of undefined constant APPSECRET - assumed 'APPSECRET' E:\wamp\www\anti\ThinkPHP\Library\Vendor\Wx_share\jssdk.php 第 113 行.
NOTIC: [8] Undefined index: access_token E:\wamp\www\anti\ThinkPHP\Library\Vendor\Wx_share\jssdk.php 第 116 行.
NOTIC: [8] Undefined property: stdClass::$ticket E:\wamp\www\anti\ThinkPHP\Library\Vendor\Wx_share\jssdk.php 第 65 行.
INFO: [ view_parse ] --START--
INFO: [ template_filter ] --START--
INFO: Run Behavior\ContentReplaceBehavior [ RunTime:0.000091s ]
INFO: [ template_filter ] --END-- [ RunTime:0.000223s ]
NOTIC: [8] Undefined variable: put_r_id E:\wamp\www\anti\Application\Runtime\Cache\Home\0369cce68b8545c731d6e03f5ba14c75.php 第 35 行.
NOTIC: [8] Undefined variable: info E:\wamp\www\anti\Application\Runtime\Cache\Home\0369cce68b8545c731d6e03f5ba14c75.php 第 61 行.
INFO: Run Behavior\ParseTemplateBehavior [ RunTime:0.020486s ]
INFO: [ view_parse ] --END-- [ RunTime:0.020710s ]
INFO: [ view_filter ] --START--
INFO: Run Behavior\WriteHtmlCacheBehavior [ RunTime:0.001615s ]
INFO: [ view_filter ] --END-- [ RunTime:0.001778s ]
INFO: [ app_end ] --START--
INFO: Run Behavior\ShowPageTraceBehavior [ RunTime:0.001449s ]
INFO: [ app_end ] --END-- [ RunTime:0.001590s ]

[ 2018-11-10T10:04:36+08:00 ] 127.0.0.1 /index.php/home/wechat/share
ERR: Cron:cron Runat 2018-11-10 10:04:36 Use 0.066120 s

[ 2018-11-10T10:04:36+08:00 ] 127.0.0.1 /index.php/home/wechat/share
INFO: [ app_init ] --START--
INFO: Run Behavior\BuildLiteBehavior [ RunTime:0.000032s ]
INFO: [ app_init ] --END-- [ RunTime:0.005617s ]
INFO: [ app_begin ] --START--
INFO: Run Behavior\ReadHtmlCacheBehavior [ RunTime:0.001502s ]
SQL: SHOW COLUMNS FROM `red_indent` [ RunTime:0.0472s ]
SQL: SELECT * FROM `red_indent` WHERE `status` = 2  [ RunTime:0.0004s ]
INFO: Run Behavior\CronRunBehavior [ RunTime:0.086446s ]
INFO: [ app_begin ] --END-- [ RunTime:0.088577s ]
NOTIC: [8] Use of undefined constant APPID - assumed 'APPID' E:\wamp\www\anti\ThinkPHP\Library\Vendor\Wx_share\jssdk.php 第 113 行.
NOTIC: [8] Use of undefined constant APPSECRET - assumed 'APPSECRET' E:\wamp\www\anti\ThinkPHP\Library\Vendor\Wx_share\jssdk.php 第 113 行.
NOTIC: [8] Undefined index: access_token E:\wamp\www\anti\ThinkPHP\Library\Vendor\Wx_share\jssdk.php 第 116 行.
NOTIC: [8] Undefined property: stdClass::$ticket E:\wamp\www\anti\ThinkPHP\Library\Vendor\Wx_share\jssdk.php 第 65 行.
INFO: [ view_parse ] --START--
INFO: [ template_filter ] --START--
INFO: Run Behavior\ContentReplaceBehavior [ RunTime:0.000092s ]
INFO: [ template_filter ] --END-- [ RunTime:0.000241s ]
NOTIC: [8] Undefined variable: put_r_id E:\wamp\www\anti\Application\Runtime\Cache\Home\0369cce68b8545c731d6e03f5ba14c75.php 第 35 行.
NOTIC: [8] Undefined variable: info E:\wamp\www\anti\Application\Runtime\Cache\Home\0369cce68b8545c731d6e03f5ba14c75.php 第 61 行.
INFO: Run Behavior\ParseTemplateBehavior [ RunTime:0.023536s ]
INFO: [ view_parse ] --END-- [ RunTime:0.023801s ]
INFO: [ view_filter ] --START--
INFO: Run Behavior\WriteHtmlCacheBehavior [ RunTime:0.001611s ]
INFO: [ view_filter ] --END-- [ RunTime:0.001747s ]
INFO: [ app_end ] --START--
INFO: Run Behavior\ShowPageTraceBehavior [ RunTime:0.001478s ]
INFO: [ app_end ] --END-- [ RunTime:0.001608s ]

[ 2018-11-10T16:18:44+08:00 ] 127.0.0.1 /index.php/home/wechat/share
ERR: Cron:cron Runat 2018-11-10 16:18:44 Use 0.144947 s

[ 2018-11-10T16:18:46+08:00 ] 127.0.0.1 /index.php/home/wechat/share
INFO: [ app_init ] --START--
INFO: Run Behavior\BuildLiteBehavior [ RunTime:0.000034s ]
INFO: [ app_init ] --END-- [ RunTime:0.003224s ]
INFO: [ app_begin ] --START--
INFO: Run Behavior\ReadHtmlCacheBehavior [ RunTime:0.001741s ]
SQL: SHOW COLUMNS FROM `red_indent` [ RunTime:0.0511s ]
SQL: SELECT * FROM `red_indent` WHERE `status` = 2  [ RunTime:0.0217s ]
INFO: Run Behavior\CronRunBehavior [ RunTime:0.202860s ]
INFO: [ app_begin ] --END-- [ RunTime:0.204859s ]
NOTIC: [8] Use of undefined constant APPID - assumed 'APPID' E:\wamp\www\anti\ThinkPHP\Library\Vendor\Wx_share\jssdk.php 第 113 行.
NOTIC: [8] Use of undefined constant APPSECRET - assumed 'APPSECRET' E:\wamp\www\anti\ThinkPHP\Library\Vendor\Wx_share\jssdk.php 第 113 行.
NOTIC: [8] Undefined index: access_token E:\wamp\www\anti\ThinkPHP\Library\Vendor\Wx_share\jssdk.php 第 116 行.
NOTIC: [8] Undefined property: stdClass::$ticket E:\wamp\www\anti\ThinkPHP\Library\Vendor\Wx_share\jssdk.php 第 65 行.
SQL: SHOW COLUMNS FROM `red_code` [ RunTime:0.0545s ]
SQL: SELECT `activity_id` FROM `red_code` WHERE `code_sn` = '' LIMIT 1   [ RunTime:0.0195s ]
SQL: SHOW COLUMNS FROM `red_share_data` [ RunTime:0.0294s ]
SQL: SELECT * FROM `red_share_data` WHERE `activity_id` = null LIMIT 1   [ RunTime:0.0297s ]
SQL: SHOW COLUMNS FROM `red_activity` [ RunTime:0.0400s ]
SQL: SELECT `shop_id` FROM `red_activity` WHERE `id` = null LIMIT 1   [ RunTime:0.0003s ]
SQL: SHOW COLUMNS FROM `red_shop` [ RunTime:0.0555s ]
SQL: SELECT `name` FROM `red_shop` WHERE `id` = null LIMIT 1   [ RunTime:0.0003s ]
INFO: [ view_parse ] --START--
INFO: [ template_filter ] --START--
INFO: Run Behavior\ContentReplaceBehavior [ RunTime:0.000112s ]
INFO: [ template_filter ] --END-- [ RunTime:0.000267s ]

[ 2018-11-10T16:19:17+08:00 ] 127.0.0.1 /index.php/home/wechat/share
ERR: Cron:cron Runat 2018-11-10 16:19:17 Use 0.116267 s

[ 2018-11-10T16:19:17+08:00 ] 127.0.0.1 /index.php/home/wechat/share
INFO: [ app_init ] --START--
INFO: Run Behavior\BuildLiteBehavior [ RunTime:0.000032s ]
INFO: [ app_init ] --END-- [ RunTime:0.000920s ]
INFO: [ app_begin ] --START--
INFO: Run Behavior\ReadHtmlCacheBehavior [ RunTime:0.001433s ]
SQL: SHOW COLUMNS FROM `red_indent` [ RunTime:0.0725s ]
SQL: SELECT * FROM `red_indent` WHERE `status` = 2  [ RunTime:0.0004s ]
INFO: Run Behavior\CronRunBehavior [ RunTime:0.156598s ]
INFO: [ app_begin ] --END-- [ RunTime:0.158279s ]
NOTIC: [8] Use of undefined constant APPID - assumed 'APPID' E:\wamp\www\anti\ThinkPHP\Library\Vendor\Wx_share\jssdk.php 第 113 行.
NOTIC: [8] Use of undefined constant APPSECRET - assumed 'APPSECRET' E:\wamp\www\anti\ThinkPHP\Library\Vendor\Wx_share\jssdk.php 第 113 行.
NOTIC: [8] Undefined index: access_token E:\wamp\www\anti\ThinkPHP\Library\Vendor\Wx_share\jssdk.php 第 116 行.
NOTIC: [8] Undefined property: stdClass::$ticket E:\wamp\www\anti\ThinkPHP\Library\Vendor\Wx_share\jssdk.php 第 65 行.
SQL: SHOW COLUMNS FROM `red_code` [ RunTime:0.0454s ]
SQL: SELECT `activity_id` FROM `red_code` WHERE `code_sn` = '' LIMIT 1   [ RunTime:0.0017s ]
SQL: SHOW COLUMNS FROM `red_share_data` [ RunTime:0.0304s ]
SQL: SELECT * FROM `red_share_data` WHERE `activity_id` = null LIMIT 1   [ RunTime:0.0003s ]
SQL: SHOW COLUMNS FROM `red_activity` [ RunTime:0.0387s ]
SQL: SELECT `shop_id` FROM `red_activity` WHERE `id` = null LIMIT 1   [ RunTime:0.0003s ]
SQL: SHOW COLUMNS FROM `red_shop` [ RunTime:0.0387s ]
SQL: SELECT `name` FROM `red_shop` WHERE `id` = null LIMIT 1   [ RunTime:0.0003s ]
INFO: [ view_parse ] --START--
INFO: [ template_filter ] --START--
INFO: Run Behavior\ContentReplaceBehavior [ RunTime:0.000100s ]
INFO: [ template_filter ] --END-- [ RunTime:0.000259s ]

[ 2018-11-10T16:21:31+08:00 ] 127.0.0.1 /index.php/home/wechat/share
ERR: Cron:cron Runat 2018-11-10 16:21:31 Use 0.091161 s

[ 2018-11-10T16:21:32+08:00 ] 127.0.0.1 /index.php/home/wechat/share
INFO: [ app_init ] --START--
INFO: Run Behavior\BuildLiteBehavior [ RunTime:0.000033s ]
INFO: [ app_init ] --END-- [ RunTime:0.000968s ]
INFO: [ app_begin ] --START--
INFO: Run Behavior\ReadHtmlCacheBehavior [ RunTime:0.002906s ]
SQL: SHOW COLUMNS FROM `red_indent` [ RunTime:0.0637s ]
SQL: SELECT * FROM `red_indent` WHERE `status` = 2  [ RunTime:0.0005s ]
INFO: Run Behavior\CronRunBehavior [ RunTime:0.125249s ]
INFO: [ app_begin ] --END-- [ RunTime:0.128644s ]
NOTIC: [8] Use of undefined constant APPID - assumed 'APPID' E:\wamp\www\anti\ThinkPHP\Library\Vendor\Wx_share\jssdk.php 第 113 行.
NOTIC: [8] Use of undefined constant APPSECRET - assumed 'APPSECRET' E:\wamp\www\anti\ThinkPHP\Library\Vendor\Wx_share\jssdk.php 第 113 行.
NOTIC: [8] Undefined index: access_token E:\wamp\www\anti\ThinkPHP\Library\Vendor\Wx_share\jssdk.php 第 116 行.
NOTIC: [8] Undefined property: stdClass::$ticket E:\wamp\www\anti\ThinkPHP\Library\Vendor\Wx_share\jssdk.php 第 65 行.
SQL: SHOW COLUMNS FROM `red_code` [ RunTime:0.0427s ]
SQL: SELECT `activity_id` FROM `red_code` WHERE `code_sn` = '' LIMIT 1   [ RunTime:0.0004s ]
SQL: SHOW COLUMNS FROM `red_share_data` [ RunTime:0.0325s ]
SQL: SELECT * FROM `red_share_data` WHERE `activity_id` = null LIMIT 1   [ RunTime:0.0003s ]
SQL: SHOW COLUMNS FROM `red_activity` [ RunTime:0.0409s ]
SQL: SELECT `shop_id` FROM `red_activity` WHERE `id` = null LIMIT 1   [ RunTime:0.0003s ]
SQL: SHOW COLUMNS FROM `red_shop` [ RunTime:0.0433s ]
SQL: SELECT `name` FROM `red_shop` WHERE `id` = null LIMIT 1   [ RunTime:0.0002s ]
INFO: [ view_parse ] --START--
INFO: [ template_filter ] --START--
INFO: Run Behavior\ContentReplaceBehavior [ RunTime:0.000107s ]
INFO: [ template_filter ] --END-- [ RunTime:0.000241s ]

[ 2018-11-10T16:23:11+08:00 ] 127.0.0.1 /index.php/home/wechat/share
ERR: Cron:cron Runat 2018-11-10 16:23:11 Use 0.097397 s

[ 2018-11-10T16:23:12+08:00 ] 127.0.0.1 /index.php/home/wechat/share
INFO: [ app_init ] --START--
INFO: Run Behavior\BuildLiteBehavior [ RunTime:0.000035s ]
INFO: [ app_init ] --END-- [ RunTime:0.000984s ]
INFO: [ app_begin ] --START--
INFO: Run Behavior\ReadHtmlCacheBehavior [ RunTime:0.001395s ]
SQL: SHOW COLUMNS FROM `red_indent` [ RunTime:0.0720s ]
SQL: SELECT * FROM `red_indent` WHERE `status` = 2  [ RunTime:0.0006s ]
INFO: Run Behavior\CronRunBehavior [ RunTime:0.129469s ]
INFO: [ app_begin ] --END-- [ RunTime:0.131136s ]
NOTIC: [8] Use of undefined constant APPID - assumed 'APPID' E:\wamp\www\anti\ThinkPHP\Library\Vendor\Wx_share\jssdk.php 第 113 行.
NOTIC: [8] Use of undefined constant APPSECRET - assumed 'APPSECRET' E:\wamp\www\anti\ThinkPHP\Library\Vendor\Wx_share\jssdk.php 第 113 行.
NOTIC: [8] Undefined index: access_token E:\wamp\www\anti\ThinkPHP\Library\Vendor\Wx_share\jssdk.php 第 116 行.
NOTIC: [8] Undefined property: stdClass::$ticket E:\wamp\www\anti\ThinkPHP\Library\Vendor\Wx_share\jssdk.php 第 65 行.
SQL: SHOW COLUMNS FROM `red_code` [ RunTime:0.0503s ]
SQL: SELECT `activity_id` FROM `red_code` WHERE `code_sn` = '' LIMIT 1   [ RunTime:0.0004s ]
SQL: SHOW COLUMNS FROM `red_share_data` [ RunTime:0.0268s ]
SQL: SELECT * FROM `red_share_data` WHERE `activity_id` = null LIMIT 1   [ RunTime:0.0003s ]
SQL: SHOW COLUMNS FROM `red_activity` [ RunTime:0.0575s ]
SQL: SELECT `shop_id` FROM `red_activity` WHERE `id` = null LIMIT 1   [ RunTime:0.0004s ]
SQL: SHOW COLUMNS FROM `red_shop` [ RunTime:0.0372s ]
SQL: SELECT `name` FROM `red_shop` WHERE `id` = null LIMIT 1   [ RunTime:0.0003s ]
INFO: [ view_parse ] --START--
INFO: [ template_filter ] --START--
INFO: Run Behavior\ContentReplaceBehavior [ RunTime:0.000119s ]
INFO: [ template_filter ] --END-- [ RunTime:0.000289s ]

[ 2018-11-10T16:23:50+08:00 ] 127.0.0.1 /index.php/home/wechat/share
ERR: Cron:cron Runat 2018-11-10 16:23:50 Use 0.072560 s

[ 2018-11-10T16:23:50+08:00 ] 127.0.0.1 /index.php/home/wechat/share
INFO: [ app_init ] --START--
INFO: Run Behavior\BuildLiteBehavior [ RunTime:0.000032s ]
INFO: [ app_init ] --END-- [ RunTime:0.000881s ]
INFO: [ app_begin ] --START--
INFO: Run Behavior\ReadHtmlCacheBehavior [ RunTime:0.001269s ]
SQL: SHOW COLUMNS FROM `red_indent` [ RunTime:0.0481s ]
SQL: SELECT * FROM `red_indent` WHERE `status` = 2  [ RunTime:0.0004s ]
INFO: Run Behavior\CronRunBehavior [ RunTime:0.099821s ]
INFO: [ app_begin ] --END-- [ RunTime:0.101335s ]
NOTIC: [8] Use of undefined constant APPID - assumed 'APPID' E:\wamp\www\anti\ThinkPHP\Library\Vendor\Wx_share\jssdk.php 第 113 行.
NOTIC: [8] Use of undefined constant APPSECRET - assumed 'APPSECRET' E:\wamp\www\anti\ThinkPHP\Library\Vendor\Wx_share\jssdk.php 第 113 行.
NOTIC: [8] Undefined index: access_token E:\wamp\www\anti\ThinkPHP\Library\Vendor\Wx_share\jssdk.php 第 116 行.
NOTIC: [8] Undefined property: stdClass::$ticket E:\wamp\www\anti\ThinkPHP\Library\Vendor\Wx_share\jssdk.php 第 65 行.
SQL: SHOW COLUMNS FROM `red_code` [ RunTime:0.0383s ]
SQL: SELECT `activity_id` FROM `red_code` WHERE `code_sn` = '' LIMIT 1   [ RunTime:0.0004s ]
SQL: SHOW COLUMNS FROM `red_share_data` [ RunTime:0.0328s ]
SQL: SELECT * FROM `red_share_data` WHERE `activity_id` = null LIMIT 1   [ RunTime:0.0003s ]
SQL: SHOW COLUMNS FROM `red_activity` [ RunTime:0.0388s ]
SQL: SELECT `shop_id` FROM `red_activity` WHERE `id` = null LIMIT 1   [ RunTime:0.0011s ]
SQL: SHOW COLUMNS FROM `red_shop` [ RunTime:0.0374s ]
SQL: SELECT `name` FROM `red_shop` WHERE `id` = null LIMIT 1   [ RunTime:0.0003s ]
INFO: [ view_parse ] --START--
INFO: [ template_filter ] --START--
INFO: Run Behavior\ContentReplaceBehavior [ RunTime:0.000102s ]
INFO: [ template_filter ] --END-- [ RunTime:0.000266s ]

[ 2018-11-10T16:23:53+08:00 ] 127.0.0.1 /index.php/home/wechat/share
INFO: [ app_init ] --START--
INFO: Run Behavior\BuildLiteBehavior [ RunTime:0.000038s ]
INFO: [ app_init ] --END-- [ RunTime:0.001403s ]
INFO: [ app_begin ] --START--
INFO: Run Behavior\ReadHtmlCacheBehavior [ RunTime:0.001315s ]
INFO: Run Behavior\CronRunBehavior [ RunTime:0.013243s ]
INFO: [ app_begin ] --END-- [ RunTime:0.014821s ]
NOTIC: [8] Use of undefined constant APPID - assumed 'APPID' E:\wamp\www\anti\ThinkPHP\Library\Vendor\Wx_share\jssdk.php 第 113 行.
NOTIC: [8] Use of undefined constant APPSECRET - assumed 'APPSECRET' E:\wamp\www\anti\ThinkPHP\Library\Vendor\Wx_share\jssdk.php 第 113 行.
NOTIC: [8] Undefined index: access_token E:\wamp\www\anti\ThinkPHP\Library\Vendor\Wx_share\jssdk.php 第 116 行.
NOTIC: [8] Undefined property: stdClass::$ticket E:\wamp\www\anti\ThinkPHP\Library\Vendor\Wx_share\jssdk.php 第 65 行.
SQL: SHOW COLUMNS FROM `red_code` [ RunTime:0.0414s ]
SQL: SELECT `activity_id` FROM `red_code` WHERE `code_sn` = '' LIMIT 1   [ RunTime:0.0004s ]
SQL: SHOW COLUMNS FROM `red_share_data` [ RunTime:0.0344s ]
SQL: SELECT * FROM `red_share_data` WHERE `activity_id` = null LIMIT 1   [ RunTime:0.0004s ]
SQL: SHOW COLUMNS FROM `red_activity` [ RunTime:0.0641s ]
SQL: SELECT `shop_id` FROM `red_activity` WHERE `id` = null LIMIT 1   [ RunTime:0.0003s ]
SQL: SHOW COLUMNS FROM `red_shop` [ RunTime:0.0402s ]
SQL: SELECT `name` FROM `red_shop` WHERE `id` = null LIMIT 1   [ RunTime:0.0003s ]
INFO: [ view_parse ] --START--
INFO: [ template_filter ] --START--
INFO: Run Behavior\ContentReplaceBehavior [ RunTime:0.000153s ]
INFO: [ template_filter ] --END-- [ RunTime:0.000303s ]

[ 2018-11-10T16:25:10+08:00 ] 127.0.0.1 /index.php/home/wechat/share
ERR: Cron:cron Runat 2018-11-10 16:25:10 Use 0.107354 s

[ 2018-11-10T16:25:11+08:00 ] 127.0.0.1 /index.php/home/wechat/share
INFO: [ app_init ] --START--
INFO: Run Behavior\BuildLiteBehavior [ RunTime:0.000034s ]
INFO: [ app_init ] --END-- [ RunTime:0.001889s ]
INFO: [ app_begin ] --START--
INFO: Run Behavior\ReadHtmlCacheBehavior [ RunTime:0.025922s ]
SQL: SHOW COLUMNS FROM `red_indent` [ RunTime:0.0734s ]
SQL: SELECT * FROM `red_indent` WHERE `status` = 2  [ RunTime:0.0011s ]
INFO: Run Behavior\CronRunBehavior [ RunTime:0.134913s ]
INFO: [ app_begin ] --END-- [ RunTime:0.161130s ]
NOTIC: [8] Use of undefined constant APPID - assumed 'APPID' E:\wamp\www\anti\ThinkPHP\Library\Vendor\Wx_share\jssdk.php 第 113 行.
NOTIC: [8] Use of undefined constant APPSECRET - assumed 'APPSECRET' E:\wamp\www\anti\ThinkPHP\Library\Vendor\Wx_share\jssdk.php 第 113 行.
NOTIC: [8] Undefined index: access_token E:\wamp\www\anti\ThinkPHP\Library\Vendor\Wx_share\jssdk.php 第 116 行.
NOTIC: [8] Undefined property: stdClass::$ticket E:\wamp\www\anti\ThinkPHP\Library\Vendor\Wx_share\jssdk.php 第 65 行.
SQL: SHOW COLUMNS FROM `red_code` [ RunTime:0.0492s ]
SQL: SELECT `activity_id` FROM `red_code` WHERE `code_sn` = '' LIMIT 1   [ RunTime:0.0004s ]
SQL: SHOW COLUMNS FROM `red_share_data` [ RunTime:0.0782s ]
SQL: SELECT * FROM `red_share_data` WHERE `activity_id` = null LIMIT 1   [ RunTime:0.0004s ]
SQL: SHOW COLUMNS FROM `red_activity` [ RunTime:0.0446s ]
SQL: SELECT `shop_id` FROM `red_activity` WHERE `id` = null LIMIT 1   [ RunTime:0.0004s ]
SQL: SHOW COLUMNS FROM `red_shop` [ RunTime:0.0568s ]
SQL: SELECT `name` FROM `red_shop` WHERE `id` = null LIMIT 1   [ RunTime:0.0003s ]
INFO: [ view_parse ] --START--
INFO: [ template_filter ] --START--
INFO: Run Behavior\ContentReplaceBehavior [ RunTime:0.000110s ]
INFO: [ template_filter ] --END-- [ RunTime:0.000257s ]

[ 2018-11-10T16:25:28+08:00 ] 127.0.0.1 /index.php/home/wechat/share
ERR: Cron:cron Runat 2018-11-10 16:25:28 Use 0.101120 s

[ 2018-11-10T16:25:29+08:00 ] 127.0.0.1 /index.php/home/wechat/share
INFO: [ app_init ] --START--
INFO: Run Behavior\BuildLiteBehavior [ RunTime:0.000032s ]
INFO: [ app_init ] --END-- [ RunTime:0.000912s ]
INFO: [ app_begin ] --START--
INFO: Run Behavior\ReadHtmlCacheBehavior [ RunTime:0.001273s ]
SQL: SHOW COLUMNS FROM `red_indent` [ RunTime:0.0813s ]
SQL: SELECT * FROM `red_indent` WHERE `status` = 2  [ RunTime:0.0005s ]
INFO: Run Behavior\CronRunBehavior [ RunTime:0.150798s ]
INFO: [ app_begin ] --END-- [ RunTime:0.152325s ]
NOTIC: [8] Use of undefined constant APPID - assumed 'APPID' E:\wamp\www\anti\ThinkPHP\Library\Vendor\Wx_share\jssdk.php 第 113 行.
NOTIC: [8] Use of undefined constant APPSECRET - assumed 'APPSECRET' E:\wamp\www\anti\ThinkPHP\Library\Vendor\Wx_share\jssdk.php 第 113 行.
NOTIC: [8] Undefined index: access_token E:\wamp\www\anti\ThinkPHP\Library\Vendor\Wx_share\jssdk.php 第 116 行.
NOTIC: [8] Undefined property: stdClass::$ticket E:\wamp\www\anti\ThinkPHP\Library\Vendor\Wx_share\jssdk.php 第 65 行.
SQL: SHOW COLUMNS FROM `red_code` [ RunTime:0.0550s ]
SQL: SELECT `activity_id` FROM `red_code` WHERE `code_sn` = '' LIMIT 1   [ RunTime:0.0004s ]
SQL: SHOW COLUMNS FROM `red_share_data` [ RunTime:0.0378s ]
SQL: SELECT * FROM `red_share_data` WHERE `activity_id` = null LIMIT 1   [ RunTime:0.0003s ]
SQL: SHOW COLUMNS FROM `red_activity` [ RunTime:0.0398s ]
SQL: SELECT `shop_id` FROM `red_activity` WHERE `id` = null LIMIT 1   [ RunTime:0.0003s ]
SQL: SHOW COLUMNS FROM `red_shop` [ RunTime:0.0382s ]
SQL: SELECT `name` FROM `red_shop` WHERE `id` = null LIMIT 1   [ RunTime:0.0003s ]
INFO: [ view_parse ] --START--
INFO: [ template_filter ] --START--
INFO: Run Behavior\ContentReplaceBehavior [ RunTime:0.000099s ]
INFO: [ template_filter ] --END-- [ RunTime:0.000232s ]

[ 2018-11-10T16:26:04+08:00 ] 127.0.0.1 /index.php/home/wechat/share
ERR: Cron:cron Runat 2018-11-10 16:26:04 Use 0.078616 s

[ 2018-11-10T16:26:05+08:00 ] 127.0.0.1 /index.php/home/wechat/share
INFO: [ app_init ] --START--
INFO: Run Behavior\BuildLiteBehavior [ RunTime:0.000034s ]
INFO: [ app_init ] --END-- [ RunTime:0.000966s ]
INFO: [ app_begin ] --START--
INFO: Run Behavior\ReadHtmlCacheBehavior [ RunTime:0.003291s ]
SQL: SHOW COLUMNS FROM `red_indent` [ RunTime:0.0518s ]
SQL: SELECT * FROM `red_indent` WHERE `status` = 2  [ RunTime:0.0004s ]
INFO: Run Behavior\CronRunBehavior [ RunTime:0.106542s ]
INFO: [ app_begin ] --END-- [ RunTime:0.110114s ]
NOTIC: [8] Use of undefined constant APPID - assumed 'APPID' E:\wamp\www\anti\ThinkPHP\Library\Vendor\Wx_share\jssdk.php 第 113 行.
NOTIC: [8] Use of undefined constant APPSECRET - assumed 'APPSECRET' E:\wamp\www\anti\ThinkPHP\Library\Vendor\Wx_share\jssdk.php 第 113 行.
NOTIC: [8] Undefined index: access_token E:\wamp\www\anti\ThinkPHP\Library\Vendor\Wx_share\jssdk.php 第 116 行.
NOTIC: [8] Undefined property: stdClass::$ticket E:\wamp\www\anti\ThinkPHP\Library\Vendor\Wx_share\jssdk.php 第 65 行.
SQL: SHOW COLUMNS FROM `red_code` [ RunTime:0.0442s ]
SQL: SELECT `activity_id` FROM `red_code` WHERE `code_sn` = '' LIMIT 1   [ RunTime:0.0011s ]
SQL: SHOW COLUMNS FROM `red_share_data` [ RunTime:0.0307s ]
SQL: SELECT * FROM `red_share_data` WHERE `activity_id` = null LIMIT 1   [ RunTime:0.0005s ]
SQL: SHOW COLUMNS FROM `red_activity` [ RunTime:0.0337s ]
SQL: SELECT `shop_id` FROM `red_activity` WHERE `id` = null LIMIT 1   [ RunTime:0.0003s ]
SQL: SHOW COLUMNS FROM `red_shop` [ RunTime:0.0549s ]
SQL: SELECT `name` FROM `red_shop` WHERE `id` = null LIMIT 1   [ RunTime:0.0003s ]
INFO: [ view_parse ] --START--
INFO: [ template_filter ] --START--
INFO: Run Behavior\ContentReplaceBehavior [ RunTime:0.000096s ]
INFO: [ template_filter ] --END-- [ RunTime:0.000229s ]

[ 2018-11-10T16:26:21+08:00 ] 127.0.0.1 /index.php/home/wechat/share
ERR: Cron:cron Runat 2018-11-10 16:26:21 Use 0.069102 s

[ 2018-11-10T16:26:22+08:00 ] 127.0.0.1 /index.php/home/wechat/share
INFO: [ app_init ] --START--
INFO: Run Behavior\BuildLiteBehavior [ RunTime:0.000041s ]
INFO: [ app_init ] --END-- [ RunTime:0.003119s ]
INFO: [ app_begin ] --START--
INFO: Run Behavior\ReadHtmlCacheBehavior [ RunTime:0.002082s ]
SQL: SHOW COLUMNS FROM `red_indent` [ RunTime:0.0480s ]
SQL: SELECT * FROM `red_indent` WHERE `status` = 2  [ RunTime:0.0004s ]
INFO: Run Behavior\CronRunBehavior [ RunTime:0.095484s ]
INFO: [ app_begin ] --END-- [ RunTime:0.097873s ]
NOTIC: [8] Use of undefined constant APPID - assumed 'APPID' E:\wamp\www\anti\ThinkPHP\Library\Vendor\Wx_share\jssdk.php 第 113 行.
NOTIC: [8] Use of undefined constant APPSECRET - assumed 'APPSECRET' E:\wamp\www\anti\ThinkPHP\Library\Vendor\Wx_share\jssdk.php 第 113 行.
NOTIC: [8] Undefined index: access_token E:\wamp\www\anti\ThinkPHP\Library\Vendor\Wx_share\jssdk.php 第 116 行.
NOTIC: [8] Undefined property: stdClass::$ticket E:\wamp\www\anti\ThinkPHP\Library\Vendor\Wx_share\jssdk.php 第 65 行.
SQL: SHOW COLUMNS FROM `red_code` [ RunTime:0.0371s ]
SQL: SELECT `activity_id` FROM `red_code` WHERE `code_sn` = '' LIMIT 1   [ RunTime:0.0004s ]
SQL: SHOW COLUMNS FROM `red_share_data` [ RunTime:0.0370s ]
SQL: SELECT * FROM `red_share_data` WHERE `activity_id` = null LIMIT 1   [ RunTime:0.0003s ]
SQL: SHOW COLUMNS FROM `red_activity` [ RunTime:0.0385s ]
SQL: SELECT `shop_id` FROM `red_activity` WHERE `id` = null LIMIT 1   [ RunTime:0.0003s ]
SQL: SHOW COLUMNS FROM `red_shop` [ RunTime:0.0403s ]
SQL: SELECT `name` FROM `red_shop` WHERE `id` = null LIMIT 1   [ RunTime:0.0003s ]
INFO: [ view_parse ] --START--
INFO: [ template_filter ] --START--
INFO: Run Behavior\ContentReplaceBehavior [ RunTime:0.000107s ]
INFO: [ template_filter ] --END-- [ RunTime:0.000244s ]

[ 2018-11-10T16:27:35+08:00 ] 127.0.0.1 /index.php/home/wechat/share
ERR: Cron:cron Runat 2018-11-10 16:27:35 Use 0.118403 s

[ 2018-11-10T16:27:35+08:00 ] 127.0.0.1 /index.php/home/wechat/share
INFO: [ app_init ] --START--
INFO: Run Behavior\BuildLiteBehavior [ RunTime:0.000049s ]
INFO: [ app_init ] --END-- [ RunTime:0.001925s ]
INFO: [ app_begin ] --START--
INFO: Run Behavior\ReadHtmlCacheBehavior [ RunTime:0.001276s ]
SQL: SHOW COLUMNS FROM `red_indent` [ RunTime:0.0948s ]
SQL: SELECT * FROM `red_indent` WHERE `status` = 2  [ RunTime:0.0005s ]
INFO: Run Behavior\CronRunBehavior [ RunTime:0.164171s ]
INFO: [ app_begin ] --END-- [ RunTime:0.165715s ]
NOTIC: [8] Use of undefined constant APPID - assumed 'APPID' E:\wamp\www\anti\ThinkPHP\Library\Vendor\Wx_share\jssdk.php 第 113 行.
NOTIC: [8] Use of undefined constant APPSECRET - assumed 'APPSECRET' E:\wamp\www\anti\ThinkPHP\Library\Vendor\Wx_share\jssdk.php 第 113 行.
NOTIC: [8] Undefined index: access_token E:\wamp\www\anti\ThinkPHP\Library\Vendor\Wx_share\jssdk.php 第 116 行.
NOTIC: [8] Undefined property: stdClass::$ticket E:\wamp\www\anti\ThinkPHP\Library\Vendor\Wx_share\jssdk.php 第 65 行.
SQL: SHOW COLUMNS FROM `red_code` [ RunTime:0.0443s ]
SQL: SELECT `activity_id` FROM `red_code` WHERE `code_sn` = '' LIMIT 1   [ RunTime:0.0004s ]
SQL: SHOW COLUMNS FROM `red_share_data` [ RunTime:0.0366s ]
SQL: SELECT * FROM `red_share_data` WHERE `activity_id` = null LIMIT 1   [ RunTime:0.0005s ]
SQL: SHOW COLUMNS FROM `red_activity` [ RunTime:0.0360s ]
SQL: SELECT `shop_id` FROM `red_activity` WHERE `id` = null LIMIT 1   [ RunTime:0.0004s ]
SQL: SHOW COLUMNS FROM `red_shop` [ RunTime:0.0340s ]
SQL: SELECT `name` FROM `red_shop` WHERE `id` = null LIMIT 1   [ RunTime:0.0003s ]
INFO: [ view_parse ] --START--
INFO: [ template_filter ] --START--
INFO: Run Behavior\ContentReplaceBehavior [ RunTime:0.000105s ]
INFO: [ template_filter ] --END-- [ RunTime:0.000245s ]

[ 2018-11-10T16:27:52+08:00 ] 127.0.0.1 /index.php/home/wechat/share
ERR: Cron:cron Runat 2018-11-10 16:27:52 Use 0.079595 s

[ 2018-11-10T16:27:53+08:00 ] 127.0.0.1 /index.php/home/wechat/share
INFO: [ app_init ] --START--
INFO: Run Behavior\BuildLiteBehavior [ RunTime:0.000038s ]
INFO: [ app_init ] --END-- [ RunTime:0.001426s ]
INFO: [ app_begin ] --START--
INFO: Run Behavior\ReadHtmlCacheBehavior [ RunTime:0.001453s ]
SQL: SHOW COLUMNS FROM `red_indent` [ RunTime:0.0589s ]
SQL: SELECT * FROM `red_indent` WHERE `status` = 2  [ RunTime:0.0011s ]
INFO: Run Behavior\CronRunBehavior [ RunTime:0.103199s ]
INFO: [ app_begin ] --END-- [ RunTime:0.104915s ]
NOTIC: [8] Use of undefined constant APPID - assumed 'APPID' E:\wamp\www\anti\ThinkPHP\Library\Vendor\Wx_share\jssdk.php 第 113 行.
NOTIC: [8] Use of undefined constant APPSECRET - assumed 'APPSECRET' E:\wamp\www\anti\ThinkPHP\Library\Vendor\Wx_share\jssdk.php 第 113 行.
NOTIC: [8] Undefined index: access_token E:\wamp\www\anti\ThinkPHP\Library\Vendor\Wx_share\jssdk.php 第 116 行.
NOTIC: [8] Undefined property: stdClass::$ticket E:\wamp\www\anti\ThinkPHP\Library\Vendor\Wx_share\jssdk.php 第 65 行.
SQL: SHOW COLUMNS FROM `red_code` [ RunTime:0.0531s ]
SQL: SELECT `activity_id` FROM `red_code` WHERE `code_sn` = '' LIMIT 1   [ RunTime:0.0006s ]
SQL: SHOW COLUMNS FROM `red_share_data` [ RunTime:0.0424s ]
SQL: SELECT * FROM `red_share_data` WHERE `activity_id` = null LIMIT 1   [ RunTime:0.0003s ]
SQL: SHOW COLUMNS FROM `red_activity` [ RunTime:0.0435s ]
SQL: SELECT `shop_id` FROM `red_activity` WHERE `id` = null LIMIT 1   [ RunTime:0.0003s ]
SQL: SHOW COLUMNS FROM `red_shop` [ RunTime:0.0375s ]
SQL: SELECT `name` FROM `red_shop` WHERE `id` = null LIMIT 1   [ RunTime:0.0003s ]
INFO: [ view_parse ] --START--
INFO: [ template_filter ] --START--
INFO: Run Behavior\ContentReplaceBehavior [ RunTime:0.000117s ]
INFO: [ template_filter ] --END-- [ RunTime:0.000279s ]

[ 2018-11-10T16:28:06+08:00 ] 127.0.0.1 /index.php/home/wechat/share
ERR: Cron:cron Runat 2018-11-10 16:28:06 Use 0.087886 s

[ 2018-11-10T16:28:07+08:00 ] 127.0.0.1 /index.php/home/wechat/share
INFO: [ app_init ] --START--
INFO: Run Behavior\BuildLiteBehavior [ RunTime:0.000034s ]
INFO: [ app_init ] --END-- [ RunTime:0.005850s ]
INFO: [ app_begin ] --START--
INFO: Run Behavior\ReadHtmlCacheBehavior [ RunTime:0.001494s ]
SQL: SHOW COLUMNS FROM `red_indent` [ RunTime:0.0657s ]
SQL: SELECT * FROM `red_indent` WHERE `status` = 2  [ RunTime:0.0005s ]
INFO: Run Behavior\CronRunBehavior [ RunTime:0.117752s ]
INFO: [ app_begin ] --END-- [ RunTime:0.119674s ]
NOTIC: [8] Use of undefined constant APPID - assumed 'APPID' E:\wamp\www\anti\ThinkPHP\Library\Vendor\Wx_share\jssdk.php 第 113 行.
NOTIC: [8] Use of undefined constant APPSECRET - assumed 'APPSECRET' E:\wamp\www\anti\ThinkPHP\Library\Vendor\Wx_share\jssdk.php 第 113 行.
NOTIC: [8] Undefined index: access_token E:\wamp\www\anti\ThinkPHP\Library\Vendor\Wx_share\jssdk.php 第 116 行.
NOTIC: [8] Undefined property: stdClass::$ticket E:\wamp\www\anti\ThinkPHP\Library\Vendor\Wx_share\jssdk.php 第 65 行.
SQL: SHOW COLUMNS FROM `red_code` [ RunTime:0.0384s ]
SQL: SELECT `activity_id` FROM `red_code` WHERE `code_sn` = '' LIMIT 1   [ RunTime:0.0004s ]
SQL: SHOW COLUMNS FROM `red_share_data` [ RunTime:0.0281s ]
SQL: SELECT * FROM `red_share_data` WHERE `activity_id` = null LIMIT 1   [ RunTime:0.0004s ]
SQL: SHOW COLUMNS FROM `red_activity` [ RunTime:0.0476s ]
SQL: SELECT `shop_id` FROM `red_activity` WHERE `id` = null LIMIT 1   [ RunTime:0.0015s ]
SQL: SHOW COLUMNS FROM `red_shop` [ RunTime:0.0478s ]
SQL: SELECT `name` FROM `red_shop` WHERE `id` = null LIMIT 1   [ RunTime:0.0003s ]
INFO: [ view_parse ] --START--
INFO: [ template_filter ] --START--
INFO: Run Behavior\ContentReplaceBehavior [ RunTime:0.000099s ]
INFO: [ template_filter ] --END-- [ RunTime:0.000234s ]

[ 2018-11-10T16:28:20+08:00 ] 127.0.0.1 /index.php/home/wechat/share
ERR: Cron:cron Runat 2018-11-10 16:28:20 Use 0.138064 s

[ 2018-11-10T16:28:21+08:00 ] 127.0.0.1 /index.php/home/wechat/share
INFO: [ app_init ] --START--
INFO: Run Behavior\BuildLiteBehavior [ RunTime:0.000032s ]
INFO: [ app_init ] --END-- [ RunTime:0.000874s ]
INFO: [ app_begin ] --START--
INFO: Run Behavior\ReadHtmlCacheBehavior [ RunTime:0.001509s ]
SQL: SHOW COLUMNS FROM `red_indent` [ RunTime:0.0996s ]
SQL: SELECT * FROM `red_indent` WHERE `status` = 2  [ RunTime:0.0046s ]
INFO: Run Behavior\CronRunBehavior [ RunTime:0.210462s ]
INFO: [ app_begin ] --END-- [ RunTime:0.213360s ]
NOTIC: [8] Use of undefined constant APPID - assumed 'APPID' E:\wamp\www\anti\ThinkPHP\Library\Vendor\Wx_share\jssdk.php 第 113 行.
NOTIC: [8] Use of undefined constant APPSECRET - assumed 'APPSECRET' E:\wamp\www\anti\ThinkPHP\Library\Vendor\Wx_share\jssdk.php 第 113 行.
NOTIC: [8] Undefined index: access_token E:\wamp\www\anti\ThinkPHP\Library\Vendor\Wx_share\jssdk.php 第 116 行.
NOTIC: [8] Undefined property: stdClass::$ticket E:\wamp\www\anti\ThinkPHP\Library\Vendor\Wx_share\jssdk.php 第 65 行.
SQL: SHOW COLUMNS FROM `red_code` [ RunTime:0.0402s ]
SQL: SELECT `activity_id` FROM `red_code` WHERE `code_sn` = '' LIMIT 1   [ RunTime:0.0004s ]
SQL: SHOW COLUMNS FROM `red_share_data` [ RunTime:0.0337s ]
SQL: SELECT * FROM `red_share_data` WHERE `activity_id` = null LIMIT 1   [ RunTime:0.0003s ]
SQL: SHOW COLUMNS FROM `red_activity` [ RunTime:0.0361s ]
SQL: SELECT `shop_id` FROM `red_activity` WHERE `id` = null LIMIT 1   [ RunTime:0.0004s ]
SQL: SHOW COLUMNS FROM `red_shop` [ RunTime:0.0457s ]
SQL: SELECT `name` FROM `red_shop` WHERE `id` = null LIMIT 1   [ RunTime:0.0003s ]
INFO: [ view_parse ] --START--
INFO: [ template_filter ] --START--
INFO: Run Behavior\ContentReplaceBehavior [ RunTime:0.000111s ]
INFO: [ template_filter ] --END-- [ RunTime:0.000269s ]

[ 2018-11-10T16:28:33+08:00 ] 127.0.0.1 /index.php/home/wechat/share
ERR: Cron:cron Runat 2018-11-10 16:28:33 Use 0.076181 s

[ 2018-11-10T16:28:34+08:00 ] 127.0.0.1 /index.php/home/wechat/share
INFO: [ app_init ] --START--
INFO: Run Behavior\BuildLiteBehavior [ RunTime:0.000097s ]
INFO: [ app_init ] --END-- [ RunTime:0.001059s ]
INFO: [ app_begin ] --START--
INFO: Run Behavior\ReadHtmlCacheBehavior [ RunTime:0.002914s ]
SQL: SHOW COLUMNS FROM `red_indent` [ RunTime:0.0543s ]
SQL: SELECT * FROM `red_indent` WHERE `status` = 2  [ RunTime:0.0004s ]
INFO: Run Behavior\CronRunBehavior [ RunTime:0.103351s ]
INFO: [ app_begin ] --END-- [ RunTime:0.106827s ]
NOTIC: [8] Use of undefined constant APPID - assumed 'APPID' E:\wamp\www\anti\ThinkPHP\Library\Vendor\Wx_share\jssdk.php 第 113 行.
NOTIC: [8] Use of undefined constant APPSECRET - assumed 'APPSECRET' E:\wamp\www\anti\ThinkPHP\Library\Vendor\Wx_share\jssdk.php 第 113 行.
NOTIC: [8] Undefined index: access_token E:\wamp\www\anti\ThinkPHP\Library\Vendor\Wx_share\jssdk.php 第 116 行.
NOTIC: [8] Undefined property: stdClass::$ticket E:\wamp\www\anti\ThinkPHP\Library\Vendor\Wx_share\jssdk.php 第 65 行.
SQL: SHOW COLUMNS FROM `red_code` [ RunTime:0.0380s ]
SQL: SELECT `activity_id` FROM `red_code` WHERE `code_sn` = '' LIMIT 1   [ RunTime:0.0004s ]
SQL: SHOW COLUMNS FROM `red_share_data` [ RunTime:0.0384s ]
SQL: SELECT * FROM `red_share_data` WHERE `activity_id` = null LIMIT 1   [ RunTime:0.0004s ]
SQL: SHOW COLUMNS FROM `red_activity` [ RunTime:0.0419s ]
SQL: SELECT `shop_id` FROM `red_activity` WHERE `id` = null LIMIT 1   [ RunTime:0.0007s ]
SQL: SHOW COLUMNS FROM `red_shop` [ RunTime:0.0443s ]
SQL: SELECT `name` FROM `red_shop` WHERE `id` = null LIMIT 1   [ RunTime:0.0003s ]
INFO: [ view_parse ] --START--
INFO: [ template_filter ] --START--
INFO: Run Behavior\ContentReplaceBehavior [ RunTime:0.000111s ]
INFO: [ template_filter ] --END-- [ RunTime:0.000267s ]

[ 2018-11-10T16:29:09+08:00 ] 127.0.0.1 /index.php/home/wechat/share
ERR: Cron:cron Runat 2018-11-10 16:29:09 Use 0.058515 s

[ 2018-11-10T16:29:10+08:00 ] 127.0.0.1 /index.php/home/wechat/share
INFO: [ app_init ] --START--
INFO: Run Behavior\BuildLiteBehavior [ RunTime:0.000036s ]
INFO: [ app_init ] --END-- [ RunTime:0.003113s ]
INFO: [ app_begin ] --START--
INFO: Run Behavior\ReadHtmlCacheBehavior [ RunTime:0.001401s ]
SQL: SHOW COLUMNS FROM `red_indent` [ RunTime:0.0390s ]
SQL: SELECT * FROM `red_indent` WHERE `status` = 2  [ RunTime:0.0005s ]
INFO: Run Behavior\CronRunBehavior [ RunTime:0.081077s ]
INFO: [ app_begin ] --END-- [ RunTime:0.082812s ]
NOTIC: [8] Use of undefined constant APPID - assumed 'APPID' E:\wamp\www\anti\ThinkPHP\Library\Vendor\Wx_share\jssdk.php 第 113 行.
NOTIC: [8] Use of undefined constant APPSECRET - assumed 'APPSECRET' E:\wamp\www\anti\ThinkPHP\Library\Vendor\Wx_share\jssdk.php 第 113 行.
NOTIC: [8] Undefined index: access_token E:\wamp\www\anti\ThinkPHP\Library\Vendor\Wx_share\jssdk.php 第 116 行.
NOTIC: [8] Undefined property: stdClass::$ticket E:\wamp\www\anti\ThinkPHP\Library\Vendor\Wx_share\jssdk.php 第 65 行.
SQL: SHOW COLUMNS FROM `red_code` [ RunTime:0.0473s ]
SQL: SELECT `activity_id` FROM `red_code` WHERE `code_sn` = '' LIMIT 1   [ RunTime:0.0004s ]
SQL: SHOW COLUMNS FROM `red_share_data` [ RunTime:0.0363s ]
SQL: SELECT * FROM `red_share_data` WHERE `activity_id` = null LIMIT 1   [ RunTime:0.0004s ]
SQL: SHOW COLUMNS FROM `red_activity` [ RunTime:0.0816s ]
SQL: SELECT `shop_id` FROM `red_activity` WHERE `id` = null LIMIT 1   [ RunTime:0.0003s ]
SQL: SHOW COLUMNS FROM `red_shop` [ RunTime:0.0421s ]
SQL: SELECT `name` FROM `red_shop` WHERE `id` = null LIMIT 1   [ RunTime:0.0003s ]
INFO: [ view_parse ] --START--
INFO: [ template_filter ] --START--
INFO: Run Behavior\ContentReplaceBehavior [ RunTime:0.000095s ]
INFO: [ template_filter ] --END-- [ RunTime:0.000260s ]

[ 2018-11-10T16:29:40+08:00 ] 127.0.0.1 /index.php/home/wechat/share
ERR: Cron:cron Runat 2018-11-10 16:29:40 Use 0.085585 s

[ 2018-11-10T16:29:41+08:00 ] 127.0.0.1 /index.php/home/wechat/share
INFO: [ app_init ] --START--
INFO: Run Behavior\BuildLiteBehavior [ RunTime:0.000031s ]
INFO: [ app_init ] --END-- [ RunTime:0.000881s ]
INFO: [ app_begin ] --START--
INFO: Run Behavior\ReadHtmlCacheBehavior [ RunTime:0.001955s ]
SQL: SHOW COLUMNS FROM `red_indent` [ RunTime:0.0561s ]
SQL: SELECT * FROM `red_indent` WHERE `status` = 2  [ RunTime:0.0004s ]
INFO: Run Behavior\CronRunBehavior [ RunTime:0.112278s ]
INFO: [ app_begin ] --END-- [ RunTime:0.114523s ]
NOTIC: [8] Use of undefined constant APPID - assumed 'APPID' E:\wamp\www\anti\ThinkPHP\Library\Vendor\Wx_share\jssdk.php 第 113 行.
NOTIC: [8] Use of undefined constant APPSECRET - assumed 'APPSECRET' E:\wamp\www\anti\ThinkPHP\Library\Vendor\Wx_share\jssdk.php 第 113 行.
NOTIC: [8] Undefined index: access_token E:\wamp\www\anti\ThinkPHP\Library\Vendor\Wx_share\jssdk.php 第 116 行.
NOTIC: [8] Undefined property: stdClass::$ticket E:\wamp\www\anti\ThinkPHP\Library\Vendor\Wx_share\jssdk.php 第 65 行.
SQL: SHOW COLUMNS FROM `red_code` [ RunTime:0.0520s ]
SQL: SELECT `activity_id` FROM `red_code` WHERE `code_sn` = '' LIMIT 1   [ RunTime:0.0024s ]
SQL: SHOW COLUMNS FROM `red_share_data` [ RunTime:0.0380s ]
SQL: SELECT * FROM `red_share_data` WHERE `activity_id` = null LIMIT 1   [ RunTime:0.0004s ]
SQL: SHOW COLUMNS FROM `red_activity` [ RunTime:0.0416s ]
SQL: SELECT `shop_id` FROM `red_activity` WHERE `id` = null LIMIT 1   [ RunTime:0.0002s ]
SQL: SHOW COLUMNS FROM `red_shop` [ RunTime:0.0483s ]
SQL: SELECT `name` FROM `red_shop` WHERE `id` = null LIMIT 1   [ RunTime:0.0003s ]
INFO: [ view_parse ] --START--
INFO: [ template_filter ] --START--
INFO: Run Behavior\ContentReplaceBehavior [ RunTime:0.000101s ]
INFO: [ template_filter ] --END-- [ RunTime:0.000315s ]

[ 2018-11-10T16:30:00+08:00 ] 127.0.0.1 /index.php/home/wechat/share
ERR: Cron:cron Runat 2018-11-10 16:30:00 Use 0.065493 s

[ 2018-11-10T16:30:01+08:00 ] 127.0.0.1 /index.php/home/wechat/share
INFO: [ app_init ] --START--
INFO: Run Behavior\BuildLiteBehavior [ RunTime:0.000033s ]
INFO: [ app_init ] --END-- [ RunTime:0.000982s ]
INFO: [ app_begin ] --START--
INFO: Run Behavior\ReadHtmlCacheBehavior [ RunTime:0.001713s ]
SQL: SHOW COLUMNS FROM `red_indent` [ RunTime:0.0472s ]
SQL: SELECT * FROM `red_indent` WHERE `status` = 2  [ RunTime:0.0004s ]
INFO: Run Behavior\CronRunBehavior [ RunTime:0.085937s ]
INFO: [ app_begin ] --END-- [ RunTime:0.087911s ]
NOTIC: [8] Use of undefined constant APPID - assumed 'APPID' E:\wamp\www\anti\ThinkPHP\Library\Vendor\Wx_share\jssdk.php 第 113 行.
NOTIC: [8] Use of undefined constant APPSECRET - assumed 'APPSECRET' E:\wamp\www\anti\ThinkPHP\Library\Vendor\Wx_share\jssdk.php 第 113 行.
NOTIC: [8] Undefined index: access_token E:\wamp\www\anti\ThinkPHP\Library\Vendor\Wx_share\jssdk.php 第 116 行.
NOTIC: [8] Undefined property: stdClass::$ticket E:\wamp\www\anti\ThinkPHP\Library\Vendor\Wx_share\jssdk.php 第 65 行.
SQL: SHOW COLUMNS FROM `red_code` [ RunTime:0.0379s ]
SQL: SELECT `activity_id` FROM `red_code` WHERE `code_sn` = '' LIMIT 1   [ RunTime:0.0012s ]
SQL: SHOW COLUMNS FROM `red_share_data` [ RunTime:0.0312s ]
SQL: SELECT * FROM `red_share_data` WHERE `activity_id` = null LIMIT 1   [ RunTime:0.0004s ]
SQL: SHOW COLUMNS FROM `red_activity` [ RunTime:0.0422s ]
SQL: SELECT `shop_id` FROM `red_activity` WHERE `id` = null LIMIT 1   [ RunTime:0.0003s ]
SQL: SHOW COLUMNS FROM `red_shop` [ RunTime:0.0417s ]
SQL: SELECT `name` FROM `red_shop` WHERE `id` = null LIMIT 1   [ RunTime:0.0004s ]
INFO: [ view_parse ] --START--
INFO: [ template_filter ] --START--
INFO: Run Behavior\ContentReplaceBehavior [ RunTime:0.000147s ]
INFO: [ template_filter ] --END-- [ RunTime:0.000405s ]

[ 2018-11-10T16:30:28+08:00 ] 127.0.0.1 /index.php/home/wechat/share
ERR: Cron:cron Runat 2018-11-10 16:30:28 Use 0.054585 s

[ 2018-11-10T16:30:29+08:00 ] 127.0.0.1 /index.php/home/wechat/share
INFO: [ app_init ] --START--
INFO: Run Behavior\BuildLiteBehavior [ RunTime:0.000033s ]
INFO: [ app_init ] --END-- [ RunTime:0.000888s ]
INFO: [ app_begin ] --START--
INFO: Run Behavior\ReadHtmlCacheBehavior [ RunTime:0.001841s ]
SQL: SHOW COLUMNS FROM `red_indent` [ RunTime:0.0353s ]
SQL: SELECT * FROM `red_indent` WHERE `status` = 2  [ RunTime:0.0004s ]
INFO: Run Behavior\CronRunBehavior [ RunTime:0.078984s ]
INFO: [ app_begin ] --END-- [ RunTime:0.081128s ]
NOTIC: [8] Use of undefined constant APPID - assumed 'APPID' E:\wamp\www\anti\ThinkPHP\Library\Vendor\Wx_share\jssdk.php 第 113 行.
NOTIC: [8] Use of undefined constant APPSECRET - assumed 'APPSECRET' E:\wamp\www\anti\ThinkPHP\Library\Vendor\Wx_share\jssdk.php 第 113 行.
NOTIC: [8] Undefined index: access_token E:\wamp\www\anti\ThinkPHP\Library\Vendor\Wx_share\jssdk.php 第 116 行.
NOTIC: [8] Undefined property: stdClass::$ticket E:\wamp\www\anti\ThinkPHP\Library\Vendor\Wx_share\jssdk.php 第 65 行.
SQL: SHOW COLUMNS FROM `red_code` [ RunTime:0.0392s ]
SQL: SELECT `activity_id` FROM `red_code` WHERE `code_sn` = '' LIMIT 1   [ RunTime:0.0004s ]
SQL: SHOW COLUMNS FROM `red_share_data` [ RunTime:0.0370s ]
SQL: SELECT * FROM `red_share_data` WHERE `activity_id` = null LIMIT 1   [ RunTime:0.0003s ]
SQL: SHOW COLUMNS FROM `red_activity` [ RunTime:0.0437s ]
SQL: SELECT `shop_id` FROM `red_activity` WHERE `id` = null LIMIT 1   [ RunTime:0.0003s ]
SQL: SHOW COLUMNS FROM `red_shop` [ RunTime:0.0363s ]
SQL: SELECT `name` FROM `red_shop` WHERE `id` = null LIMIT 1   [ RunTime:0.0003s ]
INFO: [ view_parse ] --START--
INFO: [ template_filter ] --START--
INFO: Run Behavior\ContentReplaceBehavior [ RunTime:0.000085s ]
INFO: [ template_filter ] --END-- [ RunTime:0.000238s ]

[ 2018-11-10T16:31:12+08:00 ] 127.0.0.1 /index.php/home/wechat/share
ERR: Cron:cron Runat 2018-11-10 16:31:12 Use 0.087985 s

[ 2018-11-10T16:31:13+08:00 ] 127.0.0.1 /index.php/home/wechat/share
INFO: [ app_init ] --START--
INFO: Run Behavior\BuildLiteBehavior [ RunTime:0.000061s ]
INFO: [ app_init ] --END-- [ RunTime:0.001138s ]
INFO: [ app_begin ] --START--
INFO: Run Behavior\ReadHtmlCacheBehavior [ RunTime:0.001428s ]
SQL: SHOW COLUMNS FROM `red_indent` [ RunTime:0.0638s ]
SQL: SELECT * FROM `red_indent` WHERE `status` = 2  [ RunTime:0.0005s ]
INFO: Run Behavior\CronRunBehavior [ RunTime:0.126995s ]
INFO: [ app_begin ] --END-- [ RunTime:0.128697s ]
NOTIC: [8] Use of undefined constant APPID - assumed 'APPID' E:\wamp\www\anti\ThinkPHP\Library\Vendor\Wx_share\jssdk.php 第 113 行.
NOTIC: [8] Use of undefined constant APPSECRET - assumed 'APPSECRET' E:\wamp\www\anti\ThinkPHP\Library\Vendor\Wx_share\jssdk.php 第 113 行.
NOTIC: [8] Undefined index: access_token E:\wamp\www\anti\ThinkPHP\Library\Vendor\Wx_share\jssdk.php 第 116 行.
NOTIC: [8] Undefined property: stdClass::$ticket E:\wamp\www\anti\ThinkPHP\Library\Vendor\Wx_share\jssdk.php 第 65 行.
SQL: SHOW COLUMNS FROM `red_code` [ RunTime:0.0427s ]
SQL: SELECT `activity_id` FROM `red_code` WHERE `code_sn` = '' LIMIT 1   [ RunTime:0.0005s ]
SQL: SHOW COLUMNS FROM `red_share_data` [ RunTime:0.0325s ]
SQL: SELECT * FROM `red_share_data` WHERE `activity_id` = null LIMIT 1   [ RunTime:0.0003s ]
SQL: SHOW COLUMNS FROM `red_activity` [ RunTime:0.0408s ]
SQL: SELECT `shop_id` FROM `red_activity` WHERE `id` = null LIMIT 1   [ RunTime:0.0003s ]
SQL: SHOW COLUMNS FROM `red_shop` [ RunTime:0.0469s ]
SQL: SELECT `name` FROM `red_shop` WHERE `id` = null LIMIT 1   [ RunTime:0.0003s ]
INFO: [ view_parse ] --START--
INFO: [ template_filter ] --START--
INFO: Run Behavior\ContentReplaceBehavior [ RunTime:0.000085s ]
INFO: [ template_filter ] --END-- [ RunTime:0.000238s ]
NOTIC: [8] Undefined variable: put_r_id E:\wamp\www\anti\Application\Runtime\Cache\Home\0369cce68b8545c731d6e03f5ba14c75.php 第 36 行.
INFO: Run Behavior\ParseTemplateBehavior [ RunTime:0.016714s ]
INFO: [ view_parse ] --END-- [ RunTime:0.016857s ]
INFO: [ view_filter ] --START--
INFO: Run Behavior\WriteHtmlCacheBehavior [ RunTime:0.019398s ]
INFO: [ view_filter ] --END-- [ RunTime:0.019542s ]
INFO: [ app_end ] --START--
INFO: Run Behavior\ShowPageTraceBehavior [ RunTime:0.015149s ]
INFO: [ app_end ] --END-- [ RunTime:0.015293s ]

[ 2018-11-10T16:31:35+08:00 ] 127.0.0.1 /index.php/home/wechat/share
ERR: Cron:cron Runat 2018-11-10 16:31:35 Use 0.081581 s

[ 2018-11-10T16:31:35+08:00 ] 127.0.0.1 /index.php/home/wechat/share
INFO: [ app_init ] --START--
INFO: Run Behavior\BuildLiteBehavior [ RunTime:0.000037s ]
INFO: [ app_init ] --END-- [ RunTime:0.003744s ]
INFO: [ app_begin ] --START--
INFO: Run Behavior\ReadHtmlCacheBehavior [ RunTime:0.003777s ]
SQL: SHOW COLUMNS FROM `red_indent` [ RunTime:0.0550s ]
SQL: SELECT * FROM `red_indent` WHERE `status` = 2  [ RunTime:0.0005s ]
INFO: Run Behavior\CronRunBehavior [ RunTime:0.111687s ]
INFO: [ app_begin ] --END-- [ RunTime:0.115733s ]
NOTIC: [8] Use of undefined constant APPID - assumed 'APPID' E:\wamp\www\anti\ThinkPHP\Library\Vendor\Wx_share\jssdk.php 第 113 行.
NOTIC: [8] Use of undefined constant APPSECRET - assumed 'APPSECRET' E:\wamp\www\anti\ThinkPHP\Library\Vendor\Wx_share\jssdk.php 第 113 行.
NOTIC: [8] Undefined index: access_token E:\wamp\www\anti\ThinkPHP\Library\Vendor\Wx_share\jssdk.php 第 116 行.
NOTIC: [8] Undefined property: stdClass::$ticket E:\wamp\www\anti\ThinkPHP\Library\Vendor\Wx_share\jssdk.php 第 65 行.
SQL: SHOW COLUMNS FROM `red_code` [ RunTime:0.0380s ]
SQL: SELECT `activity_id` FROM `red_code` WHERE `code_sn` = '' LIMIT 1   [ RunTime:0.0016s ]
SQL: SHOW COLUMNS FROM `red_share_data` [ RunTime:0.0325s ]
SQL: SELECT * FROM `red_share_data` WHERE `activity_id` = null LIMIT 1   [ RunTime:0.0003s ]
SQL: SHOW COLUMNS FROM `red_activity` [ RunTime:0.0359s ]
SQL: SELECT `shop_id` FROM `red_activity` WHERE `id` = null LIMIT 1   [ RunTime:0.0003s ]
SQL: SHOW COLUMNS FROM `red_shop` [ RunTime:0.0382s ]
SQL: SELECT `name` FROM `red_shop` WHERE `id` = null LIMIT 1   [ RunTime:0.0003s ]
INFO: [ view_parse ] --START--
INFO: [ template_filter ] --START--
INFO: Run Behavior\ContentReplaceBehavior [ RunTime:0.000105s ]
INFO: [ template_filter ] --END-- [ RunTime:0.000247s ]
NOTIC: [8] Undefined variable: put_r_id E:\wamp\www\anti\Application\Runtime\Cache\Home\0369cce68b8545c731d6e03f5ba14c75.php 第 36 行.
INFO: Run Behavior\ParseTemplateBehavior [ RunTime:0.024366s ]
INFO: [ view_parse ] --END-- [ RunTime:0.024515s ]
INFO: [ view_filter ] --START--
INFO: Run Behavior\WriteHtmlCacheBehavior [ RunTime:0.001335s ]
INFO: [ view_filter ] --END-- [ RunTime:0.001470s ]
INFO: [ app_end ] --START--
INFO: Run Behavior\ShowPageTraceBehavior [ RunTime:0.001535s ]
INFO: [ app_end ] --END-- [ RunTime:0.001690s ]

[ 2018-11-10T17:48:45+08:00 ] 127.0.0.1 /index.php/home/index/index
ERR: Cron:cron Runat 2018-11-10 17:48:45 Use 0.115181 s

[ 2018-11-10T17:48:45+08:00 ] 127.0.0.1 /index.php/home/index/index
INFO: [ app_init ] --START--
INFO: Run Behavior\BuildLiteBehavior [ RunTime:0.000032s ]
INFO: [ app_init ] --END-- [ RunTime:0.001171s ]
INFO: [ app_begin ] --START--
INFO: Run Behavior\ReadHtmlCacheBehavior [ RunTime:0.001628s ]
SQL: SHOW COLUMNS FROM `red_indent` [ RunTime:0.0512s ]
SQL: SELECT * FROM `red_indent` WHERE `status` = 2  [ RunTime:0.0008s ]
INFO: Run Behavior\CronRunBehavior [ RunTime:0.193026s ]
INFO: [ app_begin ] --END-- [ RunTime:0.195127s ]
SQL: SHOW COLUMNS FROM `red_member` [ RunTime:0.0385s ]
SQL: SELECT * FROM `red_member` WHERE `id` = null LIMIT 1   [ RunTime:0.0252s ]
INFO: [ view_parse ] --START--
INFO: [ template_filter ] --START--
INFO: Run Behavior\ContentReplaceBehavior [ RunTime:0.000082s ]
INFO: [ template_filter ] --END-- [ RunTime:0.000236s ]
INFO: Run Behavior\ParseTemplateBehavior [ RunTime:0.129229s ]
INFO: [ view_parse ] --END-- [ RunTime:0.129381s ]
INFO: [ view_filter ] --START--
INFO: Run Behavior\WriteHtmlCacheBehavior [ RunTime:0.013860s ]
INFO: [ view_filter ] --END-- [ RunTime:0.014002s ]
INFO: [ app_end ] --START--
INFO: Run Behavior\ShowPageTraceBehavior [ RunTime:0.003166s ]
INFO: [ app_end ] --END-- [ RunTime:0.003302s ]

[ 2018-11-10T17:48:56+08:00 ] 127.0.0.1 /index.php/Home/Index/note
ERR: Cron:cron Runat 2018-11-10 17:48:56 Use 0.093771 s

[ 2018-11-10T17:48:56+08:00 ] 127.0.0.1 /index.php/Home/Index/note
INFO: [ app_init ] --START--
INFO: Run Behavior\BuildLiteBehavior [ RunTime:0.000035s ]
INFO: [ app_init ] --END-- [ RunTime:0.001216s ]
INFO: [ app_begin ] --START--
INFO: Run Behavior\ReadHtmlCacheBehavior [ RunTime:0.001564s ]
SQL: SHOW COLUMNS FROM `red_indent` [ RunTime:0.0556s ]
SQL: SELECT * FROM `red_indent` WHERE `status` = 2  [ RunTime:0.0004s ]
INFO: Run Behavior\CronRunBehavior [ RunTime:0.159914s ]
INFO: [ app_begin ] --END-- [ RunTime:0.161772s ]
INFO: [ view_parse ] --START--
INFO: [ template_filter ] --START--
INFO: Run Behavior\ContentReplaceBehavior [ RunTime:0.000075s ]
INFO: [ template_filter ] --END-- [ RunTime:0.000220s ]
INFO: Run Behavior\ParseTemplateBehavior [ RunTime:0.069935s ]
INFO: [ view_parse ] --END-- [ RunTime:0.070091s ]
INFO: [ view_filter ] --START--
INFO: Run Behavior\WriteHtmlCacheBehavior [ RunTime:0.001460s ]
INFO: [ view_filter ] --END-- [ RunTime:0.001596s ]
INFO: [ app_end ] --START--
INFO: Run Behavior\ShowPageTraceBehavior [ RunTime:0.001297s ]
INFO: [ app_end ] --END-- [ RunTime:0.001448s ]

[ 2018-11-10T17:49:08+08:00 ] 127.0.0.1 /index.php/Home/Index/ticket?type=2
ERR: Cron:cron Runat 2018-11-10 17:49:08 Use 0.069989 s

[ 2018-11-10T17:49:08+08:00 ] 127.0.0.1 /index.php/Home/Index/ticket?type=2
INFO: [ app_init ] --START--
INFO: Run Behavior\BuildLiteBehavior [ RunTime:0.000034s ]
INFO: [ app_init ] --END-- [ RunTime:0.001191s ]
INFO: [ app_begin ] --START--
INFO: Run Behavior\ReadHtmlCacheBehavior [ RunTime:0.001280s ]
SQL: SHOW COLUMNS FROM `red_indent` [ RunTime:0.0508s ]
SQL: SELECT * FROM `red_indent` WHERE `status` = 2  [ RunTime:0.0004s ]
INFO: Run Behavior\CronRunBehavior [ RunTime:0.095203s ]
INFO: [ app_begin ] --END-- [ RunTime:0.096783s ]
SQL: SHOW COLUMNS FROM `red_member_ticket` [ RunTime:0.0419s ]
SQL: SELECT * FROM `red_member_ticket` WHERE `ticket_type` = 2 AND `member_id` = null  [ RunTime:0.0681s ]
INFO: [ view_parse ] --START--
INFO: [ template_filter ] --START--
INFO: Run Behavior\ContentReplaceBehavior [ RunTime:0.000108s ]
INFO: [ template_filter ] --END-- [ RunTime:0.000245s ]
INFO: Run Behavior\ParseTemplateBehavior [ RunTime:0.075058s ]
INFO: [ view_parse ] --END-- [ RunTime:0.075230s ]
INFO: [ view_filter ] --START--
INFO: Run Behavior\WriteHtmlCacheBehavior [ RunTime:0.001359s ]
INFO: [ view_filter ] --END-- [ RunTime:0.001500s ]
INFO: [ app_end ] --START--
INFO: Run Behavior\ShowPageTraceBehavior [ RunTime:0.001312s ]
INFO: [ app_end ] --END-- [ RunTime:0.001452s ]

[ 2018-11-10T17:50:03+08:00 ] 127.0.0.1 /index.php/Home/Index/ticket?type=2
ERR: Cron:cron Runat 2018-11-10 17:50:03 Use 0.158112 s

[ 2018-11-10T17:50:03+08:00 ] 127.0.0.1 /index.php/Home/Index/ticket?type=2
INFO: [ app_init ] --START--
INFO: Run Behavior\BuildLiteBehavior [ RunTime:0.000034s ]
INFO: [ app_init ] --END-- [ RunTime:0.001237s ]
INFO: [ app_begin ] --START--
INFO: Run Behavior\ReadHtmlCacheBehavior [ RunTime:0.005250s ]
SQL: SHOW COLUMNS FROM `red_indent` [ RunTime:0.1378s ]
SQL: SELECT * FROM `red_indent` WHERE `status` = 2  [ RunTime:0.0005s ]
INFO: Run Behavior\CronRunBehavior [ RunTime:0.185329s ]
INFO: [ app_begin ] --END-- [ RunTime:0.190872s ]
SQL: SHOW COLUMNS FROM `red_member_ticket` [ RunTime:0.0514s ]
SQL: SELECT * FROM `red_member_ticket` WHERE `ticket_type` = 2 AND `member_id` = null  [ RunTime:0.0008s ]
INFO: [ view_parse ] --START--
INFO: [ template_filter ] --START--
INFO: Run Behavior\ContentReplaceBehavior [ RunTime:0.000114s ]
INFO: [ template_filter ] --END-- [ RunTime:0.000259s ]
INFO: Run Behavior\ParseTemplateBehavior [ RunTime:0.072880s ]
INFO: [ view_parse ] --END-- [ RunTime:0.073074s ]
INFO: [ view_filter ] --START--
INFO: Run Behavior\WriteHtmlCacheBehavior [ RunTime:0.001221s ]
INFO: [ view_filter ] --END-- [ RunTime:0.001384s ]
INFO: [ app_end ] --START--
INFO: Run Behavior\ShowPageTraceBehavior [ RunTime:0.001341s ]
INFO: [ app_end ] --END-- [ RunTime:0.001486s ]

[ 2018-11-10T17:50:15+08:00 ] 127.0.0.1 /index.php/home/index/index
ERR: Cron:cron Runat 2018-11-10 17:50:15 Use 0.073905 s

[ 2018-11-10T17:50:16+08:00 ] 127.0.0.1 /index.php/home/index/index
INFO: [ app_init ] --START--
INFO: Run Behavior\BuildLiteBehavior [ RunTime:0.000037s ]
INFO: [ app_init ] --END-- [ RunTime:0.001955s ]
INFO: [ app_begin ] --START--
INFO: Run Behavior\ReadHtmlCacheBehavior [ RunTime:0.002846s ]
SQL: SHOW COLUMNS FROM `red_indent` [ RunTime:0.0515s ]
SQL: SELECT * FROM `red_indent` WHERE `status` = 2  [ RunTime:0.0005s ]
INFO: Run Behavior\CronRunBehavior [ RunTime:0.094645s ]
INFO: [ app_begin ] --END-- [ RunTime:0.097773s ]
SQL: SHOW COLUMNS FROM `red_member` [ RunTime:0.0329s ]
SQL: SELECT * FROM `red_member` WHERE `id` = null LIMIT 1   [ RunTime:0.0004s ]
INFO: [ view_parse ] --START--
INFO: [ template_filter ] --START--
INFO: Run Behavior\ContentReplaceBehavior [ RunTime:0.000101s ]
INFO: [ template_filter ] --END-- [ RunTime:0.000250s ]
INFO: Run Behavior\ParseTemplateBehavior [ RunTime:0.055138s ]
INFO: [ view_parse ] --END-- [ RunTime:0.055327s ]
INFO: [ view_filter ] --START--
INFO: Run Behavior\WriteHtmlCacheBehavior [ RunTime:0.001239s ]
INFO: [ view_filter ] --END-- [ RunTime:0.001370s ]
INFO: [ app_end ] --START--
INFO: Run Behavior\ShowPageTraceBehavior [ RunTime:0.001243s ]
INFO: [ app_end ] --END-- [ RunTime:0.001377s ]

[ 2018-11-10T17:50:17+08:00 ] 127.0.0.1 /index.php/Home/Index/note
INFO: [ app_init ] --START--
INFO: Run Behavior\BuildLiteBehavior [ RunTime:0.000037s ]
INFO: [ app_init ] --END-- [ RunTime:0.001026s ]
INFO: [ app_begin ] --START--
INFO: Run Behavior\ReadHtmlCacheBehavior [ RunTime:0.001351s ]
INFO: Run Behavior\CronRunBehavior [ RunTime:0.013195s ]
INFO: [ app_begin ] --END-- [ RunTime:0.014924s ]
INFO: [ view_parse ] --START--
INFO: [ template_filter ] --START--
INFO: Run Behavior\ContentReplaceBehavior [ RunTime:0.000075s ]
INFO: [ template_filter ] --END-- [ RunTime:0.000214s ]
INFO: Run Behavior\ParseTemplateBehavior [ RunTime:0.043409s ]
INFO: [ view_parse ] --END-- [ RunTime:0.043561s ]
INFO: [ view_filter ] --START--
INFO: Run Behavior\WriteHtmlCacheBehavior [ RunTime:0.001185s ]
INFO: [ view_filter ] --END-- [ RunTime:0.001314s ]
INFO: [ app_end ] --START--
INFO: Run Behavior\ShowPageTraceBehavior [ RunTime:0.001296s ]
INFO: [ app_end ] --END-- [ RunTime:0.001457s ]

[ 2018-11-10T17:50:42+08:00 ] 127.0.0.1 /index.php/Home/Index/ticket_info
ERR: Cron:cron Runat 2018-11-10 17:50:42 Use 0.069112 s

[ 2018-11-10T17:50:42+08:00 ] 127.0.0.1 /index.php/Home/Index/ticket_info
INFO: [ app_init ] --START--
INFO: Run Behavior\BuildLiteBehavior [ RunTime:0.000033s ]
INFO: [ app_init ] --END-- [ RunTime:0.000907s ]
INFO: [ app_begin ] --START--
INFO: Run Behavior\ReadHtmlCacheBehavior [ RunTime:0.001159s ]
SQL: SHOW COLUMNS FROM `red_indent` [ RunTime:0.0509s ]
SQL: SELECT * FROM `red_indent` WHERE `status` = 2  [ RunTime:0.0004s ]
INFO: Run Behavior\CronRunBehavior [ RunTime:0.086997s ]
INFO: [ app_begin ] --END-- [ RunTime:0.088413s ]
INFO: [ view_parse ] --START--
INFO: [ template_filter ] --START--
INFO: Run Behavior\ContentReplaceBehavior [ RunTime:0.000080s ]
INFO: [ template_filter ] --END-- [ RunTime:0.000222s ]
INFO: Run Behavior\ParseTemplateBehavior [ RunTime:0.035759s ]
INFO: [ view_parse ] --END-- [ RunTime:0.035928s ]
INFO: [ view_filter ] --START--
INFO: Run Behavior\WriteHtmlCacheBehavior [ RunTime:0.001316s ]
INFO: [ view_filter ] --END-- [ RunTime:0.001454s ]
INFO: [ app_end ] --START--
INFO: Run Behavior\ShowPageTraceBehavior [ RunTime:0.002319s ]
INFO: [ app_end ] --END-- [ RunTime:0.002461s ]

[ 2018-11-10T17:53:30+08:00 ] 127.0.0.1 /index.php/Home/Index/note
ERR: Cron:cron Runat 2018-11-10 17:53:30 Use 0.071017 s

[ 2018-11-10T17:53:30+08:00 ] 127.0.0.1 /index.php/Home/Index/note
INFO: [ app_init ] --START--
INFO: Run Behavior\BuildLiteBehavior [ RunTime:0.000073s ]
INFO: [ app_init ] --END-- [ RunTime:0.001198s ]
INFO: [ app_begin ] --START--
INFO: Run Behavior\ReadHtmlCacheBehavior [ RunTime:0.001440s ]
SQL: SHOW COLUMNS FROM `red_indent` [ RunTime:0.0495s ]
SQL: SELECT * FROM `red_indent` WHERE `status` = 2  [ RunTime:0.0005s ]
INFO: Run Behavior\CronRunBehavior [ RunTime:0.093584s ]
INFO: [ app_begin ] --END-- [ RunTime:0.095307s ]
INFO: [ view_parse ] --START--
INFO: [ template_filter ] --START--
INFO: Run Behavior\ContentReplaceBehavior [ RunTime:0.000090s ]
INFO: [ template_filter ] --END-- [ RunTime:0.000252s ]
INFO: Run Behavior\ParseTemplateBehavior [ RunTime:0.047381s ]
INFO: [ view_parse ] --END-- [ RunTime:0.047539s ]
INFO: [ view_filter ] --START--
INFO: Run Behavior\WriteHtmlCacheBehavior [ RunTime:0.001203s ]
INFO: [ view_filter ] --END-- [ RunTime:0.001342s ]
INFO: [ app_end ] --START--
INFO: Run Behavior\ShowPageTraceBehavior [ RunTime:0.001359s ]
INFO: [ app_end ] --END-- [ RunTime:0.001522s ]

[ 2018-11-10T17:54:24+08:00 ] 127.0.0.1 /index.php/Home/Index/note
ERR: Cron:cron Runat 2018-11-10 17:54:24 Use 0.080346 s

[ 2018-11-10T17:54:24+08:00 ] 127.0.0.1 /index.php/Home/Index/note
INFO: [ app_init ] --START--
INFO: Run Behavior\BuildLiteBehavior [ RunTime:0.000033s ]
INFO: [ app_init ] --END-- [ RunTime:0.000905s ]
INFO: [ app_begin ] --START--
INFO: Run Behavior\ReadHtmlCacheBehavior [ RunTime:0.003341s ]
SQL: SHOW COLUMNS FROM `red_indent` [ RunTime:0.0547s ]
SQL: SELECT * FROM `red_indent` WHERE `status` = 2  [ RunTime:0.0005s ]
INFO: Run Behavior\CronRunBehavior [ RunTime:0.102497s ]
INFO: [ app_begin ] --END-- [ RunTime:0.106120s ]
INFO: [ view_parse ] --START--
INFO: [ template_filter ] --START--
INFO: Run Behavior\ContentReplaceBehavior [ RunTime:0.000074s ]
INFO: [ template_filter ] --END-- [ RunTime:0.000222s ]
INFO: Run Behavior\ParseTemplateBehavior [ RunTime:0.052313s ]
INFO: [ view_parse ] --END-- [ RunTime:0.052488s ]
INFO: [ view_filter ] --START--
INFO: Run Behavior\WriteHtmlCacheBehavior [ RunTime:0.001431s ]
INFO: [ view_filter ] --END-- [ RunTime:0.001568s ]
INFO: [ app_end ] --START--
INFO: Run Behavior\ShowPageTraceBehavior [ RunTime:0.013655s ]
INFO: [ app_end ] --END-- [ RunTime:0.013792s ]

[ 2018-11-10T17:55:16+08:00 ] 127.0.0.1 /index.php/Home/Index/note
ERR: Cron:cron Runat 2018-11-10 17:55:16 Use 0.097353 s

[ 2018-11-10T17:55:16+08:00 ] 127.0.0.1 /index.php/Home/Index/note
INFO: [ app_init ] --START--
INFO: Run Behavior\BuildLiteBehavior [ RunTime:0.000036s ]
INFO: [ app_init ] --END-- [ RunTime:0.000990s ]
INFO: [ app_begin ] --START--
INFO: Run Behavior\ReadHtmlCacheBehavior [ RunTime:0.001225s ]
SQL: SHOW COLUMNS FROM `red_indent` [ RunTime:0.0553s ]
SQL: SELECT * FROM `red_indent` WHERE `status` = 2  [ RunTime:0.0005s ]
INFO: Run Behavior\CronRunBehavior [ RunTime:0.123443s ]
INFO: [ app_begin ] --END-- [ RunTime:0.124925s ]
INFO: [ view_parse ] --START--
INFO: [ template_filter ] --START--
INFO: Run Behavior\ContentReplaceBehavior [ RunTime:0.000082s ]
INFO: [ template_filter ] --END-- [ RunTime:0.000352s ]
INFO: Run Behavior\ParseTemplateBehavior [ RunTime:0.040706s ]
INFO: [ view_parse ] --END-- [ RunTime:0.040898s ]
INFO: [ view_filter ] --START--
INFO: Run Behavior\WriteHtmlCacheBehavior [ RunTime:0.002480s ]
INFO: [ view_filter ] --END-- [ RunTime:0.002622s ]
INFO: [ app_end ] --START--
INFO: Run Behavior\ShowPageTraceBehavior [ RunTime:0.001446s ]
INFO: [ app_end ] --END-- [ RunTime:0.001646s ]

[ 2018-11-10T17:55:41+08:00 ] 127.0.0.1 /index.php/Home/Index/note
ERR: Cron:cron Runat 2018-11-10 17:55:41 Use 0.064323 s

[ 2018-11-10T17:55:41+08:00 ] 127.0.0.1 /index.php/Home/Index/note
INFO: [ app_init ] --START--
INFO: Run Behavior\BuildLiteBehavior [ RunTime:0.000038s ]
INFO: [ app_init ] --END-- [ RunTime:0.001102s ]
INFO: [ app_begin ] --START--
INFO: Run Behavior\ReadHtmlCacheBehavior [ RunTime:0.003720s ]
SQL: SHOW COLUMNS FROM `red_indent` [ RunTime:0.0420s ]
SQL: SELECT * FROM `red_indent` WHERE `status` = 2  [ RunTime:0.0004s ]
INFO: Run Behavior\CronRunBehavior [ RunTime:0.102764s ]
INFO: [ app_begin ] --END-- [ RunTime:0.106910s ]
INFO: [ view_parse ] --START--
INFO: [ template_filter ] --START--
INFO: Run Behavior\ContentReplaceBehavior [ RunTime:0.000077s ]
INFO: [ template_filter ] --END-- [ RunTime:0.000218s ]
INFO: Run Behavior\ParseTemplateBehavior [ RunTime:0.051058s ]
INFO: [ view_parse ] --END-- [ RunTime:0.051215s ]
INFO: [ view_filter ] --START--
INFO: Run Behavior\WriteHtmlCacheBehavior [ RunTime:0.002282s ]
INFO: [ view_filter ] --END-- [ RunTime:0.002422s ]
INFO: [ app_end ] --START--
INFO: Run Behavior\ShowPageTraceBehavior [ RunTime:0.001481s ]
INFO: [ app_end ] --END-- [ RunTime:0.001632s ]

[ 2018-11-10T17:56:43+08:00 ] 127.0.0.1 /index.php/Home/Index/ticket_info
ERR: Cron:cron Runat 2018-11-10 17:56:43 Use 0.074090 s

[ 2018-11-10T17:56:43+08:00 ] 127.0.0.1 /index.php/Home/Index/ticket_info
INFO: [ app_init ] --START--
INFO: Run Behavior\BuildLiteBehavior [ RunTime:0.000035s ]
INFO: [ app_init ] --END-- [ RunTime:0.001922s ]
INFO: [ app_begin ] --START--
INFO: Run Behavior\ReadHtmlCacheBehavior [ RunTime:0.001195s ]
SQL: SHOW COLUMNS FROM `red_indent` [ RunTime:0.0491s ]
SQL: SELECT * FROM `red_indent` WHERE `status` = 2  [ RunTime:0.0004s ]
INFO: Run Behavior\CronRunBehavior [ RunTime:0.097814s ]
INFO: [ app_begin ] --END-- [ RunTime:0.099302s ]
INFO: [ view_parse ] --START--
INFO: [ template_filter ] --START--
INFO: Run Behavior\ContentReplaceBehavior [ RunTime:0.000086s ]
INFO: [ template_filter ] --END-- [ RunTime:0.000315s ]
INFO: Run Behavior\ParseTemplateBehavior [ RunTime:0.055885s ]
INFO: [ view_parse ] --END-- [ RunTime:0.056051s ]
INFO: [ view_filter ] --START--
INFO: Run Behavior\WriteHtmlCacheBehavior [ RunTime:0.003154s ]
INFO: [ view_filter ] --END-- [ RunTime:0.003334s ]
INFO: [ app_end ] --START--
INFO: Run Behavior\ShowPageTraceBehavior [ RunTime:0.001634s ]
INFO: [ app_end ] --END-- [ RunTime:0.001779s ]

