[ 2018-10-19T08:56:57+08:00 ] 127.0.0.1 /index.php/store/login
ERR: Cron:cron Runat 2018-10-19 08:56:57 Use 0.090866 s

[ 2018-10-19T08:56:57+08:00 ] 127.0.0.1 /index.php/store/login
INFO: [ app_init ] --START--
INFO: Run Behavior\BuildLiteBehavior [ RunTime:0.000034s ]
INFO: [ app_init ] --END-- [ RunTime:0.001106s ]
INFO: [ app_begin ] --START--
INFO: Run Behavior\ReadHtmlCacheBehavior [ RunTime:0.002647s ]
SQL: SHOW COLUMNS FROM `red_indent` [ RunTime:0.0712s ]
SQL: SELECT * FROM `red_indent` WHERE `status` = 2  [ RunTime:0.0005s ]
INFO: Run Behavior\CronRunBehavior [ RunTime:0.126914s ]
INFO: [ app_begin ] --END-- [ RunTime:0.129837s ]
INFO: [ view_parse ] --START--
INFO: [ template_filter ] --START--
INFO: Run Behavior\ContentReplaceBehavior [ RunTime:0.000102s ]
INFO: [ template_filter ] --END-- [ RunTime:0.000279s ]
INFO: Run Behavior\ParseTemplateBehavior [ RunTime:0.074186s ]
INFO: [ view_parse ] --END-- [ RunTime:0.074345s ]
INFO: [ view_filter ] --START--
INFO: Run Behavior\WriteHtmlCacheBehavior [ RunTime:0.004799s ]
INFO: [ view_filter ] --END-- [ RunTime:0.004937s ]
INFO: [ app_end ] --START--
INFO: Run Behavior\ShowPageTraceBehavior [ RunTime:0.001757s ]
INFO: [ app_end ] --END-- [ RunTime:0.001896s ]

[ 2018-10-19T08:56:57+08:00 ] 127.0.0.1 /index.php/Store/login/verify.html
INFO: [ app_init ] --START--
INFO: Run Behavior\BuildLiteBehavior [ RunTime:0.000034s ]
INFO: [ app_init ] --END-- [ RunTime:0.001013s ]
INFO: [ app_begin ] --START--
INFO: Run Behavior\ReadHtmlCacheBehavior [ RunTime:0.001188s ]
INFO: Run Behavior\CronRunBehavior [ RunTime:0.019395s ]
INFO: [ app_begin ] --END-- [ RunTime:0.020872s ]
INFO: [ app_end ] --START--
INFO: Run Behavior\ShowPageTraceBehavior [ RunTime:0.001688s ]
INFO: [ app_end ] --END-- [ RunTime:0.001855s ]

[ 2018-10-19T14:04:04+08:00 ] 127.0.0.1 /index.php/Store/login/verify.html
ERR: Cron:cron Runat 2018-10-19 14:04:04 Use 0.172739 s

[ 2018-10-19T14:04:04+08:00 ] 127.0.0.1 /index.php/Store/login/verify.html
INFO: [ app_init ] --START--
INFO: Run Behavior\BuildLiteBehavior [ RunTime:0.000048s ]
INFO: [ app_init ] --END-- [ RunTime:0.001204s ]
INFO: [ app_begin ] --START--
INFO: Run Behavior\ReadHtmlCacheBehavior [ RunTime:0.004505s ]
SQL: SHOW COLUMNS FROM `red_indent` [ RunTime:0.0575s ]
SQL: SELECT * FROM `red_indent` WHERE `status` = 2  [ RunTime:0.0007s ]
INFO: Run Behavior\CronRunBehavior [ RunTime:0.215659s ]
INFO: [ app_begin ] --END-- [ RunTime:0.220488s ]
INFO: [ app_end ] --START--
INFO: Run Behavior\ShowPageTraceBehavior [ RunTime:0.029835s ]
INFO: [ app_end ] --END-- [ RunTime:0.030006s ]

