[ 2018-11-14T15:40:04+08:00 ] 127.0.0.1 /index.php/common/image/prize/prize2.png
INFO: [ app_init ] --START--
INFO: Run Behavior\BuildLiteBehavior [ RunTime:0.000034s ]
INFO: [ app_init ] --END-- [ RunTime:0.000982s ]
ERR: 无法加载模块:Common

[ 2018-11-14T15:40:12+08:00 ] 127.0.0.1 /index.php/common/image/prize/prize2.png
INFO: [ app_init ] --START--
INFO: Run Behavior\BuildLiteBehavior [ RunTime:0.000035s ]
INFO: [ app_init ] --END-- [ RunTime:0.001157s ]
ERR: 无法加载模块:Common

[ 2018-11-14T15:41:22+08:00 ] 127.0.0.1 /index.php/common/image/prize/prize2.png
INFO: [ app_init ] --START--
INFO: Run Behavior\BuildLiteBehavior [ RunTime:0.000033s ]
INFO: [ app_init ] --END-- [ RunTime:0.001864s ]
ERR: 无法加载模块:Common

[ 2018-11-14T15:43:06+08:00 ] 127.0.0.1 /index.php/common/image/prize/prize2.png
INFO: [ app_init ] --START--
INFO: Run Behavior\BuildLiteBehavior [ RunTime:0.000033s ]
INFO: [ app_init ] --END-- [ RunTime:0.001002s ]
ERR: 无法加载模块:Common

