[ 2018-05-23T11:31:08+08:00 ] 127.0.0.1 /index.php/ADMIN/login/index
INFO: [ app_init ] --START--
INFO: Run Behavior\BuildLiteBehavior [ RunTime:0.000000s ]
INFO: [ app_init ] --END-- [ RunTime:0.001000s ]
INFO: [ app_begin ] --START--
INFO: Run Behavior\ReadHtmlCacheBehavior [ RunTime:0.001000s ]
INFO: [ app_begin ] --END-- [ RunTime:0.001000s ]
ERR: 无法加载控制器:Login

[ 2018-05-23T11:31:14+08:00 ] 127.0.0.1 /index.php/admin/login/index
INFO: [ app_init ] --START--
INFO: Run Behavior\BuildLiteBehavior [ RunTime:0.000000s ]
INFO: [ app_init ] --END-- [ RunTime:0.001000s ]
INFO: [ app_begin ] --START--
INFO: Run Behavior\ReadHtmlCacheBehavior [ RunTime:0.001000s ]
INFO: [ app_begin ] --END-- [ RunTime:0.002000s ]
INFO: [ view_parse ] --START--
INFO: [ template_filter ] --START--
INFO: Run Behavior\ContentReplaceBehavior [ RunTime:0.000000s ]
INFO: [ template_filter ] --END-- [ RunTime:0.000000s ]
INFO: Run Behavior\ParseTemplateBehavior [ RunTime:0.010001s ]
INFO: [ view_parse ] --END-- [ RunTime:0.010001s ]
INFO: [ view_filter ] --START--
INFO: Run Behavior\WriteHtmlCacheBehavior [ RunTime:0.001000s ]
INFO: [ view_filter ] --END-- [ RunTime:0.001000s ]
INFO: [ app_end ] --START--
INFO: Run Behavior\ShowPageTraceBehavior [ RunTime:0.002000s ]
INFO: [ app_end ] --END-- [ RunTime:0.003000s ]

[ 2018-05-23T11:31:14+08:00 ] 127.0.0.1 /index.php/Admin/login/verify.html
INFO: [ app_init ] --START--
INFO: Run Behavior\BuildLiteBehavior [ RunTime:0.000000s ]
INFO: [ app_init ] --END-- [ RunTime:0.001000s ]
INFO: [ app_begin ] --START--
INFO: Run Behavior\ReadHtmlCacheBehavior [ RunTime:0.002000s ]
INFO: [ app_begin ] --END-- [ RunTime:0.002000s ]
INFO: [ app_end ] --START--
INFO: Run Behavior\ShowPageTraceBehavior [ RunTime:0.001000s ]
INFO: [ app_end ] --END-- [ RunTime:0.001000s ]

[ 2018-05-23T11:31:24+08:00 ] 127.0.0.1 /index.php/Admin/Login/index
INFO: [ app_init ] --START--
INFO: Run Behavior\BuildLiteBehavior [ RunTime:0.000000s ]
INFO: [ app_init ] --END-- [ RunTime:0.001000s ]
INFO: [ app_begin ] --START--
INFO: Run Behavior\ReadHtmlCacheBehavior [ RunTime:0.001000s ]
INFO: [ app_begin ] --END-- [ RunTime:0.001000s ]
SQL: SHOW COLUMNS FROM `fen_admin` [ RunTime:0.0160s ]
SQL: SELECT * FROM `fen_admin` WHERE ( username = "admin" ) LIMIT 1   [ RunTime:0.0010s ]
NOTIC: [2] Missing argument 3 for show(), called in D:\wamp\www\fenxiao\Application\Admin\Controller\LoginController.class.php on line 27 and defined D:\wamp\www\fenxiao\Application\Admin\Common\function.php 第 12 行.
NOTIC: [8] Undefined variable: data D:\wamp\www\fenxiao\Application\Admin\Common\function.php 第 16 行.

[ 2018-05-23T11:31:27+08:00 ] 127.0.0.1 /index.php/Admin/Login/verify/0.06276916940049215
INFO: [ app_init ] --START--
INFO: Run Behavior\BuildLiteBehavior [ RunTime:0.000000s ]
INFO: [ app_init ] --END-- [ RunTime:0.000000s ]
INFO: [ app_begin ] --START--
INFO: Run Behavior\ReadHtmlCacheBehavior [ RunTime:0.001000s ]
INFO: [ app_begin ] --END-- [ RunTime:0.001000s ]
INFO: [ app_end ] --START--
INFO: Run Behavior\ShowPageTraceBehavior [ RunTime:0.002000s ]
INFO: [ app_end ] --END-- [ RunTime:0.002000s ]

[ 2018-05-23T11:31:31+08:00 ] 127.0.0.1 /index.php/Admin/Login/index
INFO: [ app_init ] --START--
INFO: Run Behavior\BuildLiteBehavior [ RunTime:0.001000s ]
INFO: [ app_init ] --END-- [ RunTime:0.001000s ]
INFO: [ app_begin ] --START--
INFO: Run Behavior\ReadHtmlCacheBehavior [ RunTime:0.002000s ]
INFO: [ app_begin ] --END-- [ RunTime:0.002000s ]
SQL: SHOW COLUMNS FROM `fen_admin` [ RunTime:0.0060s ]
SQL: SELECT * FROM `fen_admin` WHERE ( username = "admin" ) LIMIT 1   [ RunTime:0.0010s ]
NOTIC: [2] Missing argument 3 for show(), called in D:\wamp\www\fenxiao\Application\Admin\Controller\LoginController.class.php on line 30 and defined D:\wamp\www\fenxiao\Application\Admin\Common\function.php 第 12 行.
NOTIC: [8] Undefined variable: data D:\wamp\www\fenxiao\Application\Admin\Common\function.php 第 16 行.

[ 2018-05-23T11:31:31+08:00 ] 127.0.0.1 /index.php/Admin/index/index
INFO: [ app_init ] --START--
INFO: Run Behavior\BuildLiteBehavior [ RunTime:0.000000s ]
INFO: [ app_init ] --END-- [ RunTime:0.001000s ]
INFO: [ app_begin ] --START--
INFO: Run Behavior\ReadHtmlCacheBehavior [ RunTime:0.001000s ]
INFO: [ app_begin ] --END-- [ RunTime:0.001000s ]
SQL: SHOW COLUMNS FROM `fen_member` [ RunTime:0.0120s ]
SQL: SELECT COUNT(*) AS tp_count FROM `fen_member` WHERE `time` BETWEEN 1527004800 AND 1527091199 LIMIT 1   [ RunTime:0.0020s ]
SQL: SHOW COLUMNS FROM `fen_indent` [ RunTime:0.0080s ]
SQL: SELECT * FROM `fen_indent`  [ RunTime:0.0010s ]
SQL: SELECT COUNT(*) AS tp_count FROM `fen_member` WHERE `time` BETWEEN 1525104000 AND 1527782399 LIMIT 1   [ RunTime:0.0000s ]
SQL: SELECT * FROM `fen_indent`  [ RunTime:0.0000s ]
INFO: [ view_parse ] --START--
INFO: [ template_filter ] --START--
INFO: Run Behavior\ContentReplaceBehavior [ RunTime:0.000000s ]
INFO: [ template_filter ] --END-- [ RunTime:0.001000s ]
NOTIC: [8] Undefined variable: area D:\wamp\www\fenxiao\Application\Runtime\Cache\Admin\b595b808c2ebeeeb0478ffc30bb4e87a.php 第 842 行.
NOTIC: [8] Undefined variable: list D:\wamp\www\fenxiao\Application\Runtime\Cache\Admin\b595b808c2ebeeeb0478ffc30bb4e87a.php 第 884 行.
NOTIC: [8] Undefined variable: page D:\wamp\www\fenxiao\Application\Runtime\Cache\Admin\b595b808c2ebeeeb0478ffc30bb4e87a.php 第 952 行.
INFO: Run Behavior\ParseTemplateBehavior [ RunTime:0.034002s ]
INFO: [ view_parse ] --END-- [ RunTime:0.036002s ]
INFO: [ view_filter ] --START--
INFO: Run Behavior\WriteHtmlCacheBehavior [ RunTime:0.001000s ]
INFO: [ view_filter ] --END-- [ RunTime:0.001000s ]
INFO: [ app_end ] --START--
INFO: Run Behavior\ShowPageTraceBehavior [ RunTime:0.002000s ]
INFO: [ app_end ] --END-- [ RunTime:0.002000s ]

[ 2018-05-23T11:31:35+08:00 ] 127.0.0.1 /index.php/Admin/product/index
INFO: [ app_init ] --START--
INFO: Run Behavior\BuildLiteBehavior [ RunTime:0.000000s ]
INFO: [ app_init ] --END-- [ RunTime:0.001000s ]
INFO: [ app_begin ] --START--
INFO: Run Behavior\ReadHtmlCacheBehavior [ RunTime:0.001000s ]
INFO: [ app_begin ] --END-- [ RunTime:0.001000s ]
SQL: SHOW COLUMNS FROM `fen_product` [ RunTime:0.0070s ]
SQL: SELECT COUNT(*) AS tp_count FROM `fen_product` WHERE `status` = 0 LIMIT 1   [ RunTime:0.0000s ]
NOTIC: [8] Undefined index: p D:\wamp\www\fenxiao\Application\Admin\Controller\ProductController.class.php 第 7 行.
SQL: SELECT * FROM `fen_product` WHERE `status` = 0 LIMIT 0,10   [ RunTime:0.0000s ]
INFO: [ view_parse ] --START--
INFO: [ template_filter ] --START--
INFO: Run Behavior\ContentReplaceBehavior [ RunTime:0.000000s ]
INFO: [ template_filter ] --END-- [ RunTime:0.001000s ]
NOTIC: [8] Use of undefined constant id - assumed 'id' D:\wamp\www\fenxiao\Application\Runtime\Cache\Admin\34e4b095905075aaede5ee9039415509.php 第 699 行.
SQL: SHOW COLUMNS FROM `fen_class` [ RunTime:0.0070s ]
SQL: SELECT `class_name` FROM `fen_class` WHERE `id` = 6 LIMIT 1   [ RunTime:0.0000s ]
SQL: SHOW COLUMNS FROM `fen_pinpai` [ RunTime:0.0080s ]
SQL: SELECT `pinpai_name` FROM `fen_pinpai` WHERE `id` = 1 LIMIT 1   [ RunTime:0.0010s ]
NOTIC: [8] Use of undefined constant id - assumed 'id' D:\wamp\www\fenxiao\Application\Runtime\Cache\Admin\34e4b095905075aaede5ee9039415509.php 第 699 行.
SQL: SELECT `class_name` FROM `fen_class` WHERE `id` = 6 LIMIT 1   [ RunTime:0.0000s ]
SQL: SELECT `pinpai_name` FROM `fen_pinpai` WHERE `id` = 1 LIMIT 1   [ RunTime:0.0000s ]
NOTIC: [8] Use of undefined constant id - assumed 'id' D:\wamp\www\fenxiao\Application\Runtime\Cache\Admin\34e4b095905075aaede5ee9039415509.php 第 699 行.
SQL: SELECT `class_name` FROM `fen_class` WHERE `id` = 6 LIMIT 1   [ RunTime:0.0010s ]
SQL: SELECT `pinpai_name` FROM `fen_pinpai` WHERE `id` = 0 LIMIT 1   [ RunTime:0.0000s ]
NOTIC: [8] Use of undefined constant id - assumed 'id' D:\wamp\www\fenxiao\Application\Runtime\Cache\Admin\34e4b095905075aaede5ee9039415509.php 第 699 行.
SQL: SELECT `class_name` FROM `fen_class` WHERE `id` = 7 LIMIT 1   [ RunTime:0.0000s ]
SQL: SELECT `pinpai_name` FROM `fen_pinpai` WHERE `id` = 0 LIMIT 1   [ RunTime:0.0000s ]
NOTIC: [8] Use of undefined constant id - assumed 'id' D:\wamp\www\fenxiao\Application\Runtime\Cache\Admin\34e4b095905075aaede5ee9039415509.php 第 699 行.
SQL: SELECT `class_name` FROM `fen_class` WHERE `id` = 7 LIMIT 1   [ RunTime:0.0000s ]
SQL: SELECT `pinpai_name` FROM `fen_pinpai` WHERE `id` = 0 LIMIT 1   [ RunTime:0.0000s ]
NOTIC: [8] Undefined variable: tree D:\wamp\www\fenxiao\Application\Runtime\Cache\Admin\34e4b095905075aaede5ee9039415509.php 第 816 行.
INFO: Run Behavior\ParseTemplateBehavior [ RunTime:0.054003s ]
INFO: [ view_parse ] --END-- [ RunTime:0.055003s ]
INFO: [ view_filter ] --START--
INFO: Run Behavior\WriteHtmlCacheBehavior [ RunTime:0.003000s ]
INFO: [ view_filter ] --END-- [ RunTime:0.003000s ]
INFO: [ app_end ] --START--
INFO: Run Behavior\ShowPageTraceBehavior [ RunTime:0.005000s ]
INFO: [ app_end ] --END-- [ RunTime:0.005000s ]

[ 2018-05-23T11:32:10+08:00 ] 127.0.0.1 /index.php/Admin/class/index
INFO: [ app_init ] --START--
INFO: Run Behavior\BuildLiteBehavior [ RunTime:0.000000s ]
INFO: [ app_init ] --END-- [ RunTime:0.000000s ]
INFO: [ app_begin ] --START--
INFO: Run Behavior\ReadHtmlCacheBehavior [ RunTime:0.001000s ]
INFO: [ app_begin ] --END-- [ RunTime:0.002000s ]
SQL: SHOW COLUMNS FROM `fen_class` [ RunTime:0.0060s ]
SQL: SELECT * FROM `fen_class`  [ RunTime:0.0010s ]
SQL: SELECT * FROM `fen_class`  [ RunTime:0.0010s ]
INFO: [ view_parse ] --START--
INFO: [ template_filter ] --START--
INFO: Run Behavior\ContentReplaceBehavior [ RunTime:0.000000s ]
INFO: [ template_filter ] --END-- [ RunTime:0.000000s ]
NOTIC: [8] Undefined variable: vo D:\wamp\www\fenxiao\Application\Runtime\Cache\Admin\d226dc04610e76ef6af5711bccd551e3.php 第 647 行.
NOTIC: [8] Use of undefined constant id - assumed 'id' D:\wamp\www\fenxiao\Application\Runtime\Cache\Admin\d226dc04610e76ef6af5711bccd551e3.php 第 676 行.
NOTIC: [8] Use of undefined constant id - assumed 'id' D:\wamp\www\fenxiao\Application\Runtime\Cache\Admin\d226dc04610e76ef6af5711bccd551e3.php 第 676 行.
NOTIC: [8] Use of undefined constant id - assumed 'id' D:\wamp\www\fenxiao\Application\Runtime\Cache\Admin\d226dc04610e76ef6af5711bccd551e3.php 第 676 行.
NOTIC: [8] Use of undefined constant id - assumed 'id' D:\wamp\www\fenxiao\Application\Runtime\Cache\Admin\d226dc04610e76ef6af5711bccd551e3.php 第 676 行.
NOTIC: [8] Use of undefined constant id - assumed 'id' D:\wamp\www\fenxiao\Application\Runtime\Cache\Admin\d226dc04610e76ef6af5711bccd551e3.php 第 676 行.
NOTIC: [8] Use of undefined constant id - assumed 'id' D:\wamp\www\fenxiao\Application\Runtime\Cache\Admin\d226dc04610e76ef6af5711bccd551e3.php 第 676 行.
NOTIC: [8] Use of undefined constant id - assumed 'id' D:\wamp\www\fenxiao\Application\Runtime\Cache\Admin\d226dc04610e76ef6af5711bccd551e3.php 第 676 行.
NOTIC: [8] Undefined variable: page D:\wamp\www\fenxiao\Application\Runtime\Cache\Admin\d226dc04610e76ef6af5711bccd551e3.php 第 697 行.
NOTIC: [8] Use of undefined constant level - assumed 'level' D:\wamp\www\fenxiao\Application\Runtime\Cache\Admin\d226dc04610e76ef6af5711bccd551e3.php 第 745 行.
NOTIC: [8] Use of undefined constant level - assumed 'level' D:\wamp\www\fenxiao\Application\Runtime\Cache\Admin\d226dc04610e76ef6af5711bccd551e3.php 第 745 行.
NOTIC: [8] Use of undefined constant level - assumed 'level' D:\wamp\www\fenxiao\Application\Runtime\Cache\Admin\d226dc04610e76ef6af5711bccd551e3.php 第 745 行.
NOTIC: [8] Use of undefined constant level - assumed 'level' D:\wamp\www\fenxiao\Application\Runtime\Cache\Admin\d226dc04610e76ef6af5711bccd551e3.php 第 745 行.
NOTIC: [8] Use of undefined constant level - assumed 'level' D:\wamp\www\fenxiao\Application\Runtime\Cache\Admin\d226dc04610e76ef6af5711bccd551e3.php 第 745 行.
NOTIC: [8] Use of undefined constant level - assumed 'level' D:\wamp\www\fenxiao\Application\Runtime\Cache\Admin\d226dc04610e76ef6af5711bccd551e3.php 第 745 行.
NOTIC: [8] Use of undefined constant level - assumed 'level' D:\wamp\www\fenxiao\Application\Runtime\Cache\Admin\d226dc04610e76ef6af5711bccd551e3.php 第 745 行.
INFO: Run Behavior\ParseTemplateBehavior [ RunTime:0.021001s ]
INFO: [ view_parse ] --END-- [ RunTime:0.021001s ]
INFO: [ view_filter ] --START--
INFO: Run Behavior\WriteHtmlCacheBehavior [ RunTime:0.001000s ]
INFO: [ view_filter ] --END-- [ RunTime:0.001000s ]
INFO: [ app_end ] --START--
INFO: Run Behavior\ShowPageTraceBehavior [ RunTime:0.001000s ]
INFO: [ app_end ] --END-- [ RunTime:0.001000s ]

[ 2018-05-23T11:32:15+08:00 ] 127.0.0.1 /index.php/Admin/Class/edit?id=7
INFO: [ app_init ] --START--
INFO: Run Behavior\BuildLiteBehavior [ RunTime:0.000000s ]
INFO: [ app_init ] --END-- [ RunTime:0.002001s ]
INFO: [ app_begin ] --START--
INFO: Run Behavior\ReadHtmlCacheBehavior [ RunTime:0.001000s ]
INFO: [ app_begin ] --END-- [ RunTime:0.001000s ]
SQL: SHOW COLUMNS FROM `fen_class` [ RunTime:0.0060s ]
SQL: SELECT * FROM `fen_class` WHERE `id` = 7 LIMIT 1   [ RunTime:0.0000s ]
SQL: SELECT * FROM `fen_class`  [ RunTime:0.0000s ]
INFO: [ view_parse ] --START--
INFO: [ template_filter ] --START--
INFO: Run Behavior\ContentReplaceBehavior [ RunTime:0.000000s ]
INFO: [ template_filter ] --END-- [ RunTime:0.000000s ]
NOTIC: [8] Use of undefined constant level - assumed 'level' D:\wamp\www\fenxiao\Application\Runtime\Cache\Admin\a82bc70103f77dad73b5673a1ac3e350.php 第 674 行.
NOTIC: [8] Use of undefined constant level - assumed 'level' D:\wamp\www\fenxiao\Application\Runtime\Cache\Admin\a82bc70103f77dad73b5673a1ac3e350.php 第 674 行.
NOTIC: [8] Use of undefined constant level - assumed 'level' D:\wamp\www\fenxiao\Application\Runtime\Cache\Admin\a82bc70103f77dad73b5673a1ac3e350.php 第 674 行.
NOTIC: [8] Use of undefined constant level - assumed 'level' D:\wamp\www\fenxiao\Application\Runtime\Cache\Admin\a82bc70103f77dad73b5673a1ac3e350.php 第 674 行.
NOTIC: [8] Use of undefined constant level - assumed 'level' D:\wamp\www\fenxiao\Application\Runtime\Cache\Admin\a82bc70103f77dad73b5673a1ac3e350.php 第 674 行.
NOTIC: [8] Use of undefined constant level - assumed 'level' D:\wamp\www\fenxiao\Application\Runtime\Cache\Admin\a82bc70103f77dad73b5673a1ac3e350.php 第 674 行.
NOTIC: [8] Use of undefined constant level - assumed 'level' D:\wamp\www\fenxiao\Application\Runtime\Cache\Admin\a82bc70103f77dad73b5673a1ac3e350.php 第 674 行.
INFO: Run Behavior\ParseTemplateBehavior [ RunTime:0.028001s ]
INFO: [ view_parse ] --END-- [ RunTime:0.028001s ]
INFO: [ view_filter ] --START--
INFO: Run Behavior\WriteHtmlCacheBehavior [ RunTime:0.001000s ]
INFO: [ view_filter ] --END-- [ RunTime:0.001000s ]
INFO: [ app_end ] --START--
INFO: Run Behavior\ShowPageTraceBehavior [ RunTime:0.001000s ]
INFO: [ app_end ] --END-- [ RunTime:0.002000s ]

[ 2018-05-23T11:32:32+08:00 ] 127.0.0.1 /index.php/Admin/Class/save
INFO: [ app_init ] --START--
INFO: Run Behavior\BuildLiteBehavior [ RunTime:0.001000s ]
INFO: [ app_init ] --END-- [ RunTime:0.002000s ]
INFO: [ app_begin ] --START--
INFO: Run Behavior\ReadHtmlCacheBehavior [ RunTime:0.001000s ]
INFO: [ app_begin ] --END-- [ RunTime:0.001000s ]
SQL: SHOW COLUMNS FROM `fen_class` [ RunTime:0.0080s ]
SQL: UPDATE `fen_class` SET `class_name`='面膜',`parentid`='1',`picture`='0' WHERE `id` = 7 [ RunTime:0.0200s ]
NOTIC: [2] Missing argument 3 for show(), called in D:\wamp\www\fenxiao\Application\Admin\Controller\ClassController.class.php on line 67 and defined D:\wamp\www\fenxiao\Application\Admin\Common\function.php 第 12 行.
NOTIC: [8] Undefined variable: data D:\wamp\www\fenxiao\Application\Admin\Common\function.php 第 16 行.

[ 2018-05-23T11:32:34+08:00 ] 127.0.0.1 /index.php/Admin/Class/index
INFO: [ app_init ] --START--
INFO: Run Behavior\BuildLiteBehavior [ RunTime:0.000000s ]
INFO: [ app_init ] --END-- [ RunTime:0.001000s ]
INFO: [ app_begin ] --START--
INFO: Run Behavior\ReadHtmlCacheBehavior [ RunTime:0.001000s ]
INFO: [ app_begin ] --END-- [ RunTime:0.001000s ]
SQL: SHOW COLUMNS FROM `fen_class` [ RunTime:0.0070s ]
SQL: SELECT * FROM `fen_class`  [ RunTime:0.0010s ]
SQL: SELECT * FROM `fen_class`  [ RunTime:0.0010s ]
INFO: [ view_parse ] --START--
INFO: [ template_filter ] --START--
INFO: Run Behavior\ContentReplaceBehavior [ RunTime:0.000000s ]
INFO: [ template_filter ] --END-- [ RunTime:0.000000s ]
NOTIC: [8] Undefined variable: vo D:\wamp\www\fenxiao\Application\Runtime\Cache\Admin\d226dc04610e76ef6af5711bccd551e3.php 第 647 行.
NOTIC: [8] Use of undefined constant id - assumed 'id' D:\wamp\www\fenxiao\Application\Runtime\Cache\Admin\d226dc04610e76ef6af5711bccd551e3.php 第 676 行.
NOTIC: [8] Use of undefined constant id - assumed 'id' D:\wamp\www\fenxiao\Application\Runtime\Cache\Admin\d226dc04610e76ef6af5711bccd551e3.php 第 676 行.
NOTIC: [8] Use of undefined constant id - assumed 'id' D:\wamp\www\fenxiao\Application\Runtime\Cache\Admin\d226dc04610e76ef6af5711bccd551e3.php 第 676 行.
NOTIC: [8] Use of undefined constant id - assumed 'id' D:\wamp\www\fenxiao\Application\Runtime\Cache\Admin\d226dc04610e76ef6af5711bccd551e3.php 第 676 行.
NOTIC: [8] Use of undefined constant id - assumed 'id' D:\wamp\www\fenxiao\Application\Runtime\Cache\Admin\d226dc04610e76ef6af5711bccd551e3.php 第 676 行.
NOTIC: [8] Use of undefined constant id - assumed 'id' D:\wamp\www\fenxiao\Application\Runtime\Cache\Admin\d226dc04610e76ef6af5711bccd551e3.php 第 676 行.
NOTIC: [8] Use of undefined constant id - assumed 'id' D:\wamp\www\fenxiao\Application\Runtime\Cache\Admin\d226dc04610e76ef6af5711bccd551e3.php 第 676 行.
NOTIC: [8] Undefined variable: page D:\wamp\www\fenxiao\Application\Runtime\Cache\Admin\d226dc04610e76ef6af5711bccd551e3.php 第 697 行.
NOTIC: [8] Use of undefined constant level - assumed 'level' D:\wamp\www\fenxiao\Application\Runtime\Cache\Admin\d226dc04610e76ef6af5711bccd551e3.php 第 745 行.
NOTIC: [8] Use of undefined constant level - assumed 'level' D:\wamp\www\fenxiao\Application\Runtime\Cache\Admin\d226dc04610e76ef6af5711bccd551e3.php 第 745 行.
NOTIC: [8] Use of undefined constant level - assumed 'level' D:\wamp\www\fenxiao\Application\Runtime\Cache\Admin\d226dc04610e76ef6af5711bccd551e3.php 第 745 行.
NOTIC: [8] Use of undefined constant level - assumed 'level' D:\wamp\www\fenxiao\Application\Runtime\Cache\Admin\d226dc04610e76ef6af5711bccd551e3.php 第 745 行.
NOTIC: [8] Use of undefined constant level - assumed 'level' D:\wamp\www\fenxiao\Application\Runtime\Cache\Admin\d226dc04610e76ef6af5711bccd551e3.php 第 745 行.
NOTIC: [8] Use of undefined constant level - assumed 'level' D:\wamp\www\fenxiao\Application\Runtime\Cache\Admin\d226dc04610e76ef6af5711bccd551e3.php 第 745 行.
NOTIC: [8] Use of undefined constant level - assumed 'level' D:\wamp\www\fenxiao\Application\Runtime\Cache\Admin\d226dc04610e76ef6af5711bccd551e3.php 第 745 行.
INFO: Run Behavior\ParseTemplateBehavior [ RunTime:0.023001s ]
INFO: [ view_parse ] --END-- [ RunTime:0.023001s ]
INFO: [ view_filter ] --START--
INFO: Run Behavior\WriteHtmlCacheBehavior [ RunTime:0.001000s ]
INFO: [ view_filter ] --END-- [ RunTime:0.001000s ]
INFO: [ app_end ] --START--
INFO: Run Behavior\ShowPageTraceBehavior [ RunTime:0.002000s ]
INFO: [ app_end ] --END-- [ RunTime:0.002000s ]

[ 2018-05-23T11:32:52+08:00 ] 127.0.0.1 /index.php/Admin/Class/add
INFO: [ app_init ] --START--
INFO: Run Behavior\BuildLiteBehavior [ RunTime:0.000000s ]
INFO: [ app_init ] --END-- [ RunTime:0.001000s ]
INFO: [ app_begin ] --START--
INFO: Run Behavior\ReadHtmlCacheBehavior [ RunTime:0.002001s ]
INFO: [ app_begin ] --END-- [ RunTime:0.002001s ]
SQL: SHOW COLUMNS FROM `fen_class` [ RunTime:0.0060s ]
SQL: INSERT INTO `fen_class` (`class_name`,`parentid`,`picture`) VALUES ('保健品','2','0') [ RunTime:0.0060s ]
NOTIC: [2] Missing argument 3 for show(), called in D:\wamp\www\fenxiao\Application\Admin\Controller\ClassController.class.php on line 30 and defined D:\wamp\www\fenxiao\Application\Admin\Common\function.php 第 12 行.
NOTIC: [8] Undefined variable: data D:\wamp\www\fenxiao\Application\Admin\Common\function.php 第 16 行.

[ 2018-05-23T11:32:53+08:00 ] 127.0.0.1 /index.php/Admin/Class/index
INFO: [ app_init ] --START--
INFO: Run Behavior\BuildLiteBehavior [ RunTime:0.000000s ]
INFO: [ app_init ] --END-- [ RunTime:0.000000s ]
INFO: [ app_begin ] --START--
INFO: Run Behavior\ReadHtmlCacheBehavior [ RunTime:0.001000s ]
INFO: [ app_begin ] --END-- [ RunTime:0.001000s ]
SQL: SHOW COLUMNS FROM `fen_class` [ RunTime:0.0070s ]
SQL: SELECT * FROM `fen_class`  [ RunTime:0.0000s ]
SQL: SELECT * FROM `fen_class`  [ RunTime:0.0010s ]
INFO: [ view_parse ] --START--
INFO: [ template_filter ] --START--
INFO: Run Behavior\ContentReplaceBehavior [ RunTime:0.000000s ]
INFO: [ template_filter ] --END-- [ RunTime:0.000000s ]
NOTIC: [8] Undefined variable: vo D:\wamp\www\fenxiao\Application\Runtime\Cache\Admin\d226dc04610e76ef6af5711bccd551e3.php 第 647 行.
NOTIC: [8] Use of undefined constant id - assumed 'id' D:\wamp\www\fenxiao\Application\Runtime\Cache\Admin\d226dc04610e76ef6af5711bccd551e3.php 第 676 行.
NOTIC: [8] Use of undefined constant id - assumed 'id' D:\wamp\www\fenxiao\Application\Runtime\Cache\Admin\d226dc04610e76ef6af5711bccd551e3.php 第 676 行.
NOTIC: [8] Use of undefined constant id - assumed 'id' D:\wamp\www\fenxiao\Application\Runtime\Cache\Admin\d226dc04610e76ef6af5711bccd551e3.php 第 676 行.
NOTIC: [8] Use of undefined constant id - assumed 'id' D:\wamp\www\fenxiao\Application\Runtime\Cache\Admin\d226dc04610e76ef6af5711bccd551e3.php 第 676 行.
NOTIC: [8] Use of undefined constant id - assumed 'id' D:\wamp\www\fenxiao\Application\Runtime\Cache\Admin\d226dc04610e76ef6af5711bccd551e3.php 第 676 行.
NOTIC: [8] Use of undefined constant id - assumed 'id' D:\wamp\www\fenxiao\Application\Runtime\Cache\Admin\d226dc04610e76ef6af5711bccd551e3.php 第 676 行.
NOTIC: [8] Use of undefined constant id - assumed 'id' D:\wamp\www\fenxiao\Application\Runtime\Cache\Admin\d226dc04610e76ef6af5711bccd551e3.php 第 676 行.
NOTIC: [8] Use of undefined constant id - assumed 'id' D:\wamp\www\fenxiao\Application\Runtime\Cache\Admin\d226dc04610e76ef6af5711bccd551e3.php 第 676 行.
NOTIC: [8] Undefined variable: page D:\wamp\www\fenxiao\Application\Runtime\Cache\Admin\d226dc04610e76ef6af5711bccd551e3.php 第 697 行.
NOTIC: [8] Use of undefined constant level - assumed 'level' D:\wamp\www\fenxiao\Application\Runtime\Cache\Admin\d226dc04610e76ef6af5711bccd551e3.php 第 745 行.
NOTIC: [8] Use of undefined constant level - assumed 'level' D:\wamp\www\fenxiao\Application\Runtime\Cache\Admin\d226dc04610e76ef6af5711bccd551e3.php 第 745 行.
NOTIC: [8] Use of undefined constant level - assumed 'level' D:\wamp\www\fenxiao\Application\Runtime\Cache\Admin\d226dc04610e76ef6af5711bccd551e3.php 第 745 行.
NOTIC: [8] Use of undefined constant level - assumed 'level' D:\wamp\www\fenxiao\Application\Runtime\Cache\Admin\d226dc04610e76ef6af5711bccd551e3.php 第 745 行.
NOTIC: [8] Use of undefined constant level - assumed 'level' D:\wamp\www\fenxiao\Application\Runtime\Cache\Admin\d226dc04610e76ef6af5711bccd551e3.php 第 745 行.
NOTIC: [8] Use of undefined constant level - assumed 'level' D:\wamp\www\fenxiao\Application\Runtime\Cache\Admin\d226dc04610e76ef6af5711bccd551e3.php 第 745 行.
NOTIC: [8] Use of undefined constant level - assumed 'level' D:\wamp\www\fenxiao\Application\Runtime\Cache\Admin\d226dc04610e76ef6af5711bccd551e3.php 第 745 行.
NOTIC: [8] Use of undefined constant level - assumed 'level' D:\wamp\www\fenxiao\Application\Runtime\Cache\Admin\d226dc04610e76ef6af5711bccd551e3.php 第 745 行.
INFO: Run Behavior\ParseTemplateBehavior [ RunTime:0.022002s ]
INFO: [ view_parse ] --END-- [ RunTime:0.023002s ]
INFO: [ view_filter ] --START--
INFO: Run Behavior\WriteHtmlCacheBehavior [ RunTime:0.001000s ]
INFO: [ view_filter ] --END-- [ RunTime:0.001000s ]
INFO: [ app_end ] --START--
INFO: Run Behavior\ShowPageTraceBehavior [ RunTime:0.002000s ]
INFO: [ app_end ] --END-- [ RunTime:0.002000s ]

[ 2018-05-23T11:33:22+08:00 ] 127.0.0.1 /index.php/Admin/Class/add
INFO: [ app_init ] --START--
INFO: Run Behavior\BuildLiteBehavior [ RunTime:0.000000s ]
INFO: [ app_init ] --END-- [ RunTime:0.001000s ]
INFO: [ app_begin ] --START--
INFO: Run Behavior\ReadHtmlCacheBehavior [ RunTime:0.001000s ]
INFO: [ app_begin ] --END-- [ RunTime:0.001000s ]
SQL: SHOW COLUMNS FROM `fen_class` [ RunTime:0.0070s ]
SQL: INSERT INTO `fen_class` (`class_name`,`parentid`,`picture`) VALUES ('减肥药','3','0') [ RunTime:0.0030s ]
NOTIC: [2] Missing argument 3 for show(), called in D:\wamp\www\fenxiao\Application\Admin\Controller\ClassController.class.php on line 30 and defined D:\wamp\www\fenxiao\Application\Admin\Common\function.php 第 12 行.
NOTIC: [8] Undefined variable: data D:\wamp\www\fenxiao\Application\Admin\Common\function.php 第 16 行.

[ 2018-05-23T11:33:23+08:00 ] 127.0.0.1 /index.php/Admin/Class/index
INFO: [ app_init ] --START--
INFO: Run Behavior\BuildLiteBehavior [ RunTime:0.000000s ]
INFO: [ app_init ] --END-- [ RunTime:0.001000s ]
INFO: [ app_begin ] --START--
INFO: Run Behavior\ReadHtmlCacheBehavior [ RunTime:0.001000s ]
INFO: [ app_begin ] --END-- [ RunTime:0.001000s ]
SQL: SHOW COLUMNS FROM `fen_class` [ RunTime:0.0060s ]
SQL: SELECT * FROM `fen_class`  [ RunTime:0.0010s ]
SQL: SELECT * FROM `fen_class`  [ RunTime:0.0000s ]
INFO: [ view_parse ] --START--
INFO: [ template_filter ] --START--
INFO: Run Behavior\ContentReplaceBehavior [ RunTime:0.001000s ]
INFO: [ template_filter ] --END-- [ RunTime:0.001000s ]
NOTIC: [8] Undefined variable: vo D:\wamp\www\fenxiao\Application\Runtime\Cache\Admin\d226dc04610e76ef6af5711bccd551e3.php 第 647 行.
NOTIC: [8] Use of undefined constant id - assumed 'id' D:\wamp\www\fenxiao\Application\Runtime\Cache\Admin\d226dc04610e76ef6af5711bccd551e3.php 第 676 行.
NOTIC: [8] Use of undefined constant id - assumed 'id' D:\wamp\www\fenxiao\Application\Runtime\Cache\Admin\d226dc04610e76ef6af5711bccd551e3.php 第 676 行.
NOTIC: [8] Use of undefined constant id - assumed 'id' D:\wamp\www\fenxiao\Application\Runtime\Cache\Admin\d226dc04610e76ef6af5711bccd551e3.php 第 676 行.
NOTIC: [8] Use of undefined constant id - assumed 'id' D:\wamp\www\fenxiao\Application\Runtime\Cache\Admin\d226dc04610e76ef6af5711bccd551e3.php 第 676 行.
NOTIC: [8] Use of undefined constant id - assumed 'id' D:\wamp\www\fenxiao\Application\Runtime\Cache\Admin\d226dc04610e76ef6af5711bccd551e3.php 第 676 行.
NOTIC: [8] Use of undefined constant id - assumed 'id' D:\wamp\www\fenxiao\Application\Runtime\Cache\Admin\d226dc04610e76ef6af5711bccd551e3.php 第 676 行.
NOTIC: [8] Use of undefined constant id - assumed 'id' D:\wamp\www\fenxiao\Application\Runtime\Cache\Admin\d226dc04610e76ef6af5711bccd551e3.php 第 676 行.
NOTIC: [8] Use of undefined constant id - assumed 'id' D:\wamp\www\fenxiao\Application\Runtime\Cache\Admin\d226dc04610e76ef6af5711bccd551e3.php 第 676 行.
NOTIC: [8] Use of undefined constant id - assumed 'id' D:\wamp\www\fenxiao\Application\Runtime\Cache\Admin\d226dc04610e76ef6af5711bccd551e3.php 第 676 行.
NOTIC: [8] Undefined variable: page D:\wamp\www\fenxiao\Application\Runtime\Cache\Admin\d226dc04610e76ef6af5711bccd551e3.php 第 697 行.
NOTIC: [8] Use of undefined constant level - assumed 'level' D:\wamp\www\fenxiao\Application\Runtime\Cache\Admin\d226dc04610e76ef6af5711bccd551e3.php 第 745 行.
NOTIC: [8] Use of undefined constant level - assumed 'level' D:\wamp\www\fenxiao\Application\Runtime\Cache\Admin\d226dc04610e76ef6af5711bccd551e3.php 第 745 行.
NOTIC: [8] Use of undefined constant level - assumed 'level' D:\wamp\www\fenxiao\Application\Runtime\Cache\Admin\d226dc04610e76ef6af5711bccd551e3.php 第 745 行.
NOTIC: [8] Use of undefined constant level - assumed 'level' D:\wamp\www\fenxiao\Application\Runtime\Cache\Admin\d226dc04610e76ef6af5711bccd551e3.php 第 745 行.
NOTIC: [8] Use of undefined constant level - assumed 'level' D:\wamp\www\fenxiao\Application\Runtime\Cache\Admin\d226dc04610e76ef6af5711bccd551e3.php 第 745 行.
NOTIC: [8] Use of undefined constant level - assumed 'level' D:\wamp\www\fenxiao\Application\Runtime\Cache\Admin\d226dc04610e76ef6af5711bccd551e3.php 第 745 行.
NOTIC: [8] Use of undefined constant level - assumed 'level' D:\wamp\www\fenxiao\Application\Runtime\Cache\Admin\d226dc04610e76ef6af5711bccd551e3.php 第 745 行.
NOTIC: [8] Use of undefined constant level - assumed 'level' D:\wamp\www\fenxiao\Application\Runtime\Cache\Admin\d226dc04610e76ef6af5711bccd551e3.php 第 745 行.
NOTIC: [8] Use of undefined constant level - assumed 'level' D:\wamp\www\fenxiao\Application\Runtime\Cache\Admin\d226dc04610e76ef6af5711bccd551e3.php 第 745 行.
INFO: Run Behavior\ParseTemplateBehavior [ RunTime:0.021001s ]
INFO: [ view_parse ] --END-- [ RunTime:0.021001s ]
INFO: [ view_filter ] --START--
INFO: Run Behavior\WriteHtmlCacheBehavior [ RunTime:0.001000s ]
INFO: [ view_filter ] --END-- [ RunTime:0.001000s ]
INFO: [ app_end ] --START--
INFO: Run Behavior\ShowPageTraceBehavior [ RunTime:0.002000s ]
INFO: [ app_end ] --END-- [ RunTime:0.002000s ]

[ 2018-05-23T11:33:28+08:00 ] 127.0.0.1 /index.php/Admin/product/index
INFO: [ app_init ] --START--
INFO: Run Behavior\BuildLiteBehavior [ RunTime:0.000000s ]
INFO: [ app_init ] --END-- [ RunTime:0.001000s ]
INFO: [ app_begin ] --START--
INFO: Run Behavior\ReadHtmlCacheBehavior [ RunTime:0.001000s ]
INFO: [ app_begin ] --END-- [ RunTime:0.001000s ]
SQL: SHOW COLUMNS FROM `fen_product` [ RunTime:0.0070s ]
SQL: SELECT COUNT(*) AS tp_count FROM `fen_product` WHERE `status` = 0 LIMIT 1   [ RunTime:0.0010s ]
NOTIC: [8] Undefined index: p D:\wamp\www\fenxiao\Application\Admin\Controller\ProductController.class.php 第 7 行.
SQL: SELECT * FROM `fen_product` WHERE `status` = 0 LIMIT 0,10   [ RunTime:0.0010s ]
INFO: [ view_parse ] --START--
INFO: [ template_filter ] --START--
INFO: Run Behavior\ContentReplaceBehavior [ RunTime:0.000000s ]
INFO: [ template_filter ] --END-- [ RunTime:0.000000s ]
NOTIC: [8] Use of undefined constant id - assumed 'id' D:\wamp\www\fenxiao\Application\Runtime\Cache\Admin\34e4b095905075aaede5ee9039415509.php 第 699 行.
SQL: SHOW COLUMNS FROM `fen_class` [ RunTime:0.0060s ]
SQL: SELECT `class_name` FROM `fen_class` WHERE `id` = 6 LIMIT 1   [ RunTime:0.0010s ]
SQL: SHOW COLUMNS FROM `fen_pinpai` [ RunTime:0.0070s ]
SQL: SELECT `pinpai_name` FROM `fen_pinpai` WHERE `id` = 1 LIMIT 1   [ RunTime:0.0000s ]
NOTIC: [8] Use of undefined constant id - assumed 'id' D:\wamp\www\fenxiao\Application\Runtime\Cache\Admin\34e4b095905075aaede5ee9039415509.php 第 699 行.
SQL: SELECT `class_name` FROM `fen_class` WHERE `id` = 6 LIMIT 1   [ RunTime:0.0000s ]
SQL: SELECT `pinpai_name` FROM `fen_pinpai` WHERE `id` = 1 LIMIT 1   [ RunTime:0.0000s ]
NOTIC: [8] Use of undefined constant id - assumed 'id' D:\wamp\www\fenxiao\Application\Runtime\Cache\Admin\34e4b095905075aaede5ee9039415509.php 第 699 行.
SQL: SELECT `class_name` FROM `fen_class` WHERE `id` = 6 LIMIT 1   [ RunTime:0.0010s ]
SQL: SELECT `pinpai_name` FROM `fen_pinpai` WHERE `id` = 0 LIMIT 1   [ RunTime:0.0010s ]
NOTIC: [8] Use of undefined constant id - assumed 'id' D:\wamp\www\fenxiao\Application\Runtime\Cache\Admin\34e4b095905075aaede5ee9039415509.php 第 699 行.
SQL: SELECT `class_name` FROM `fen_class` WHERE `id` = 7 LIMIT 1   [ RunTime:0.0010s ]
SQL: SELECT `pinpai_name` FROM `fen_pinpai` WHERE `id` = 0 LIMIT 1   [ RunTime:0.0000s ]
NOTIC: [8] Use of undefined constant id - assumed 'id' D:\wamp\www\fenxiao\Application\Runtime\Cache\Admin\34e4b095905075aaede5ee9039415509.php 第 699 行.
SQL: SELECT `class_name` FROM `fen_class` WHERE `id` = 7 LIMIT 1   [ RunTime:0.0000s ]
SQL: SELECT `pinpai_name` FROM `fen_pinpai` WHERE `id` = 0 LIMIT 1   [ RunTime:0.0010s ]
NOTIC: [8] Undefined variable: tree D:\wamp\www\fenxiao\Application\Runtime\Cache\Admin\34e4b095905075aaede5ee9039415509.php 第 816 行.
INFO: Run Behavior\ParseTemplateBehavior [ RunTime:0.052003s ]
INFO: [ view_parse ] --END-- [ RunTime:0.052003s ]
INFO: [ view_filter ] --START--
INFO: Run Behavior\WriteHtmlCacheBehavior [ RunTime:0.002000s ]
INFO: [ view_filter ] --END-- [ RunTime:0.002000s ]
INFO: [ app_end ] --START--
INFO: Run Behavior\ShowPageTraceBehavior [ RunTime:0.001000s ]
INFO: [ app_end ] --END-- [ RunTime:0.001000s ]

[ 2018-05-23T11:33:35+08:00 ] 127.0.0.1 /index.php/Admin/Product/edit?id=7
INFO: [ app_init ] --START--
INFO: Run Behavior\BuildLiteBehavior [ RunTime:0.000000s ]
INFO: [ app_init ] --END-- [ RunTime:0.000000s ]
INFO: [ app_begin ] --START--
INFO: Run Behavior\ReadHtmlCacheBehavior [ RunTime:0.001000s ]
INFO: [ app_begin ] --END-- [ RunTime:0.001000s ]
SQL: SHOW COLUMNS FROM `fen_class` [ RunTime:0.0060s ]
SQL: SELECT * FROM `fen_class`  [ RunTime:0.0000s ]
SQL: SHOW COLUMNS FROM `fen_pinpai` [ RunTime:0.0070s ]
SQL: SELECT * FROM `fen_pinpai`  [ RunTime:0.0000s ]
SQL: SHOW COLUMNS FROM `fen_product` [ RunTime:0.0080s ]
SQL: SELECT * FROM `fen_product` WHERE `id` = 7 LIMIT 1   [ RunTime:0.0010s ]
INFO: [ view_parse ] --START--
INFO: [ template_filter ] --START--
INFO: Run Behavior\ContentReplaceBehavior [ RunTime:0.000000s ]
INFO: [ template_filter ] --END-- [ RunTime:0.000000s ]
NOTIC: [8] Undefined variable: data D:\wamp\www\fenxiao\Application\Runtime\Cache\Admin\b3c4eeadefc336ccc37682b1e72f6690.php 第 674 行.
NOTIC: [8] Undefined variable: data D:\wamp\www\fenxiao\Application\Runtime\Cache\Admin\b3c4eeadefc336ccc37682b1e72f6690.php 第 674 行.
NOTIC: [8] Undefined variable: data D:\wamp\www\fenxiao\Application\Runtime\Cache\Admin\b3c4eeadefc336ccc37682b1e72f6690.php 第 674 行.
NOTIC: [8] Undefined variable: data D:\wamp\www\fenxiao\Application\Runtime\Cache\Admin\b3c4eeadefc336ccc37682b1e72f6690.php 第 674 行.
NOTIC: [8] Undefined variable: data D:\wamp\www\fenxiao\Application\Runtime\Cache\Admin\b3c4eeadefc336ccc37682b1e72f6690.php 第 674 行.
NOTIC: [8] Undefined variable: data D:\wamp\www\fenxiao\Application\Runtime\Cache\Admin\b3c4eeadefc336ccc37682b1e72f6690.php 第 674 行.
NOTIC: [8] Undefined variable: data D:\wamp\www\fenxiao\Application\Runtime\Cache\Admin\b3c4eeadefc336ccc37682b1e72f6690.php 第 674 行.
NOTIC: [8] Undefined variable: data D:\wamp\www\fenxiao\Application\Runtime\Cache\Admin\b3c4eeadefc336ccc37682b1e72f6690.php 第 674 行.
NOTIC: [8] Undefined variable: data D:\wamp\www\fenxiao\Application\Runtime\Cache\Admin\b3c4eeadefc336ccc37682b1e72f6690.php 第 674 行.
NOTIC: [8] Undefined variable: data D:\wamp\www\fenxiao\Application\Runtime\Cache\Admin\b3c4eeadefc336ccc37682b1e72f6690.php 第 685 行.
INFO: Run Behavior\ParseTemplateBehavior [ RunTime:0.024002s ]
INFO: [ view_parse ] --END-- [ RunTime:0.025002s ]
INFO: [ view_filter ] --START--
INFO: Run Behavior\WriteHtmlCacheBehavior [ RunTime:0.002000s ]
INFO: [ view_filter ] --END-- [ RunTime:0.002000s ]
INFO: [ app_end ] --START--
INFO: Run Behavior\ShowPageTraceBehavior [ RunTime:0.003000s ]
INFO: [ app_end ] --END-- [ RunTime:0.003000s ]

[ 2018-05-23T11:33:43+08:00 ] 127.0.0.1 /index.php/Admin/Product/a?id=8
INFO: [ app_init ] --START--
INFO: Run Behavior\BuildLiteBehavior [ RunTime:0.000000s ]
INFO: [ app_init ] --END-- [ RunTime:0.001000s ]
INFO: [ app_begin ] --START--
INFO: Run Behavior\ReadHtmlCacheBehavior [ RunTime:0.001000s ]
INFO: [ app_begin ] --END-- [ RunTime:0.001000s ]
SQL: SHOW COLUMNS FROM `fen_class` [ RunTime:0.0080s ]
SQL: SELECT * FROM `fen_class` WHERE `id` = 8 LIMIT 1   [ RunTime:0.0010s ]
SQL: SHOW COLUMNS FROM `fen_pinpai` [ RunTime:0.0080s ]
SQL: SELECT * FROM `fen_pinpai` WHERE `class_id` = 2  [ RunTime:0.0010s ]
INFO: [ app_end ] --START--
INFO: Run Behavior\ShowPageTraceBehavior [ RunTime:0.001000s ]
INFO: [ app_end ] --END-- [ RunTime:0.001000s ]

[ 2018-05-23T11:33:52+08:00 ] 127.0.0.1 /index.php/Admin/Product/save
INFO: [ app_init ] --START--
INFO: Run Behavior\BuildLiteBehavior [ RunTime:0.000000s ]
INFO: [ app_init ] --END-- [ RunTime:0.001000s ]
INFO: [ app_begin ] --START--
INFO: Run Behavior\ReadHtmlCacheBehavior [ RunTime:0.001000s ]
INFO: [ app_begin ] --END-- [ RunTime:0.001000s ]
SQL: SHOW COLUMNS FROM `fen_product` [ RunTime:0.0070s ]
SQL: UPDATE `fen_product` SET `name`='维生素',`class_id`='8',`pinpai_id`='0',`num`='20',`price`='200.00',`size`='C',`comment`='&lt;p&gt;补充人体维生素&lt;/p&gt;',`picture`='/Public/Uploads/2018-02-27/5a9503661640d.jpg',`picture2`='',`picture3`='',`picture4`='',`picture5`='',`status`='0' WHERE `id` = 7 [ RunTime:0.0050s ]
NOTIC: [2] Missing argument 3 for show(), called in D:\wamp\www\fenxiao\Application\Admin\Controller\ProductController.class.php on line 105 and defined D:\wamp\www\fenxiao\Application\Admin\Common\function.php 第 12 行.
NOTIC: [8] Undefined variable: data D:\wamp\www\fenxiao\Application\Admin\Common\function.php 第 16 行.

[ 2018-05-23T11:33:53+08:00 ] 127.0.0.1 /index.php/Admin/Product/index
INFO: [ app_init ] --START--
INFO: Run Behavior\BuildLiteBehavior [ RunTime:0.000000s ]
INFO: [ app_init ] --END-- [ RunTime:0.001000s ]
INFO: [ app_begin ] --START--
INFO: Run Behavior\ReadHtmlCacheBehavior [ RunTime:0.001000s ]
INFO: [ app_begin ] --END-- [ RunTime:0.002000s ]
SQL: SHOW COLUMNS FROM `fen_product` [ RunTime:0.0070s ]
SQL: SELECT COUNT(*) AS tp_count FROM `fen_product` WHERE `status` = 0 LIMIT 1   [ RunTime:0.0010s ]
NOTIC: [8] Undefined index: p D:\wamp\www\fenxiao\Application\Admin\Controller\ProductController.class.php 第 7 行.
SQL: SELECT * FROM `fen_product` WHERE `status` = 0 LIMIT 0,10   [ RunTime:0.0000s ]
INFO: [ view_parse ] --START--
INFO: [ template_filter ] --START--
INFO: Run Behavior\ContentReplaceBehavior [ RunTime:0.000000s ]
INFO: [ template_filter ] --END-- [ RunTime:0.000000s ]
NOTIC: [8] Use of undefined constant id - assumed 'id' D:\wamp\www\fenxiao\Application\Runtime\Cache\Admin\34e4b095905075aaede5ee9039415509.php 第 699 行.
SQL: SHOW COLUMNS FROM `fen_class` [ RunTime:0.0070s ]
SQL: SELECT `class_name` FROM `fen_class` WHERE `id` = 6 LIMIT 1   [ RunTime:0.0010s ]
SQL: SHOW COLUMNS FROM `fen_pinpai` [ RunTime:0.0100s ]
SQL: SELECT `pinpai_name` FROM `fen_pinpai` WHERE `id` = 1 LIMIT 1   [ RunTime:0.0010s ]
NOTIC: [8] Use of undefined constant id - assumed 'id' D:\wamp\www\fenxiao\Application\Runtime\Cache\Admin\34e4b095905075aaede5ee9039415509.php 第 699 行.
SQL: SELECT `class_name` FROM `fen_class` WHERE `id` = 6 LIMIT 1   [ RunTime:0.0000s ]
SQL: SELECT `pinpai_name` FROM `fen_pinpai` WHERE `id` = 1 LIMIT 1   [ RunTime:0.0000s ]
NOTIC: [8] Use of undefined constant id - assumed 'id' D:\wamp\www\fenxiao\Application\Runtime\Cache\Admin\34e4b095905075aaede5ee9039415509.php 第 699 行.
SQL: SELECT `class_name` FROM `fen_class` WHERE `id` = 6 LIMIT 1   [ RunTime:0.0020s ]
SQL: SELECT `pinpai_name` FROM `fen_pinpai` WHERE `id` = 0 LIMIT 1   [ RunTime:0.0010s ]
NOTIC: [8] Use of undefined constant id - assumed 'id' D:\wamp\www\fenxiao\Application\Runtime\Cache\Admin\34e4b095905075aaede5ee9039415509.php 第 699 行.
SQL: SELECT `class_name` FROM `fen_class` WHERE `id` = 7 LIMIT 1   [ RunTime:0.0000s ]
SQL: SELECT `pinpai_name` FROM `fen_pinpai` WHERE `id` = 0 LIMIT 1   [ RunTime:0.0000s ]
NOTIC: [8] Use of undefined constant id - assumed 'id' D:\wamp\www\fenxiao\Application\Runtime\Cache\Admin\34e4b095905075aaede5ee9039415509.php 第 699 行.
SQL: SELECT `class_name` FROM `fen_class` WHERE `id` = 8 LIMIT 1   [ RunTime:0.0010s ]
SQL: SELECT `pinpai_name` FROM `fen_pinpai` WHERE `id` = 0 LIMIT 1   [ RunTime:0.0000s ]
NOTIC: [8] Undefined variable: tree D:\wamp\www\fenxiao\Application\Runtime\Cache\Admin\34e4b095905075aaede5ee9039415509.php 第 816 行.
INFO: Run Behavior\ParseTemplateBehavior [ RunTime:0.085005s ]
INFO: [ view_parse ] --END-- [ RunTime:0.085005s ]
INFO: [ view_filter ] --START--
INFO: Run Behavior\WriteHtmlCacheBehavior [ RunTime:0.002000s ]
INFO: [ view_filter ] --END-- [ RunTime:0.002000s ]
INFO: [ app_end ] --START--
INFO: Run Behavior\ShowPageTraceBehavior [ RunTime:0.001000s ]
INFO: [ app_end ] --END-- [ RunTime:0.001000s ]

