[ 2018-05-28T11:59:21+08:00 ] 127.0.0.1 /index.php/admin/login/index
INFO: [ app_init ] --START--
INFO: Run Behavior\BuildLiteBehavior [ RunTime:0.000000s ]
INFO: [ app_init ] --END-- [ RunTime:0.001000s ]
INFO: [ app_begin ] --START--
INFO: Run Behavior\ReadHtmlCacheBehavior [ RunTime:0.001001s ]
INFO: [ app_begin ] --END-- [ RunTime:0.001001s ]
INFO: [ view_parse ] --START--
INFO: [ template_filter ] --START--
INFO: Run Behavior\ContentReplaceBehavior [ RunTime:0.000000s ]
INFO: [ template_filter ] --END-- [ RunTime:0.000000s ]
INFO: Run Behavior\ParseTemplateBehavior [ RunTime:0.014001s ]
INFO: [ view_parse ] --END-- [ RunTime:0.014001s ]
INFO: [ view_filter ] --START--
INFO: Run Behavior\WriteHtmlCacheBehavior [ RunTime:0.001000s ]
INFO: [ view_filter ] --END-- [ RunTime:0.001000s ]
INFO: [ app_end ] --START--
INFO: Run Behavior\ShowPageTraceBehavior [ RunTime:0.001000s ]
INFO: [ app_end ] --END-- [ RunTime:0.001000s ]

[ 2018-05-28T11:59:23+08:00 ] 127.0.0.1 /index.php/Admin/login/verify.html
INFO: [ app_init ] --START--
INFO: Run Behavior\BuildLiteBehavior [ RunTime:0.000000s ]
INFO: [ app_init ] --END-- [ RunTime:0.000000s ]
INFO: [ app_begin ] --START--
INFO: Run Behavior\ReadHtmlCacheBehavior [ RunTime:0.001000s ]
INFO: [ app_begin ] --END-- [ RunTime:0.001000s ]
INFO: [ app_end ] --START--
INFO: Run Behavior\ShowPageTraceBehavior [ RunTime:0.001000s ]
INFO: [ app_end ] --END-- [ RunTime:0.001000s ]

[ 2018-05-28T11:59:34+08:00 ] 127.0.0.1 /index.php/Admin/Login/index
INFO: [ app_init ] --START--
INFO: Run Behavior\BuildLiteBehavior [ RunTime:0.000000s ]
INFO: [ app_init ] --END-- [ RunTime:0.000000s ]
INFO: [ app_begin ] --START--
INFO: Run Behavior\ReadHtmlCacheBehavior [ RunTime:0.000000s ]
INFO: [ app_begin ] --END-- [ RunTime:0.000000s ]
SQL: SHOW COLUMNS FROM `fen_admin` [ RunTime:0.0060s ]
SQL: SELECT * FROM `fen_admin` WHERE ( username = "admin" ) LIMIT 1   [ RunTime:0.0010s ]
NOTIC: [2] Missing argument 3 for show(), called in D:\wamp\www\fenxiao\Application\Admin\Controller\LoginController.class.php on line 27 and defined D:\wamp\www\fenxiao\Application\Admin\Common\function.php 第 12 行.
NOTIC: [8] Undefined variable: data D:\wamp\www\fenxiao\Application\Admin\Common\function.php 第 16 行.

[ 2018-05-28T11:59:39+08:00 ] 127.0.0.1 /index.php/Admin/Login/index
INFO: [ app_init ] --START--
INFO: Run Behavior\BuildLiteBehavior [ RunTime:0.000000s ]
INFO: [ app_init ] --END-- [ RunTime:0.001000s ]
INFO: [ app_begin ] --START--
INFO: Run Behavior\ReadHtmlCacheBehavior [ RunTime:0.001000s ]
INFO: [ app_begin ] --END-- [ RunTime:0.001000s ]
SQL: SHOW COLUMNS FROM `fen_admin` [ RunTime:0.0060s ]
NOTIC: [2] Missing argument 3 for show(), called in D:\wamp\www\fenxiao\Application\Admin\Controller\LoginController.class.php on line 15 and defined D:\wamp\www\fenxiao\Application\Admin\Common\function.php 第 12 行.
NOTIC: [8] Undefined variable: data D:\wamp\www\fenxiao\Application\Admin\Common\function.php 第 16 行.

[ 2018-05-28T11:59:41+08:00 ] 127.0.0.1 /index.php/Admin/Login/verify/0.281471082958209
INFO: [ app_init ] --START--
INFO: Run Behavior\BuildLiteBehavior [ RunTime:0.000000s ]
INFO: [ app_init ] --END-- [ RunTime:0.000000s ]
INFO: [ app_begin ] --START--
INFO: Run Behavior\ReadHtmlCacheBehavior [ RunTime:0.001000s ]
INFO: [ app_begin ] --END-- [ RunTime:0.001000s ]
INFO: [ app_end ] --START--
INFO: Run Behavior\ShowPageTraceBehavior [ RunTime:0.001000s ]
INFO: [ app_end ] --END-- [ RunTime:0.001000s ]

[ 2018-05-28T11:59:46+08:00 ] 127.0.0.1 /index.php/Admin/Login/index
INFO: [ app_init ] --START--
INFO: Run Behavior\BuildLiteBehavior [ RunTime:0.000000s ]
INFO: [ app_init ] --END-- [ RunTime:0.001001s ]
INFO: [ app_begin ] --START--
INFO: Run Behavior\ReadHtmlCacheBehavior [ RunTime:0.001000s ]
INFO: [ app_begin ] --END-- [ RunTime:0.001000s ]
SQL: SHOW COLUMNS FROM `fen_admin` [ RunTime:0.0060s ]
SQL: SELECT * FROM `fen_admin` WHERE ( username = "admin" ) LIMIT 1   [ RunTime:0.0010s ]
NOTIC: [2] Missing argument 3 for show(), called in D:\wamp\www\fenxiao\Application\Admin\Controller\LoginController.class.php on line 30 and defined D:\wamp\www\fenxiao\Application\Admin\Common\function.php 第 12 行.
NOTIC: [8] Undefined variable: data D:\wamp\www\fenxiao\Application\Admin\Common\function.php 第 16 行.

[ 2018-05-28T11:59:46+08:00 ] 127.0.0.1 /index.php/Admin/index/index
INFO: [ app_init ] --START--
INFO: Run Behavior\BuildLiteBehavior [ RunTime:0.000000s ]
INFO: [ app_init ] --END-- [ RunTime:0.001000s ]
INFO: [ app_begin ] --START--
INFO: Run Behavior\ReadHtmlCacheBehavior [ RunTime:0.001000s ]
INFO: [ app_begin ] --END-- [ RunTime:0.001000s ]
SQL: SHOW COLUMNS FROM `fen_member` [ RunTime:0.0070s ]
SQL: SELECT COUNT(*) AS tp_count FROM `fen_member` WHERE `time` BETWEEN 1527436800 AND 1527523199 LIMIT 1   [ RunTime:0.0000s ]
SQL: SHOW COLUMNS FROM `fen_indent` [ RunTime:0.0090s ]
SQL: SELECT * FROM `fen_indent`  [ RunTime:0.0000s ]
SQL: SELECT COUNT(*) AS tp_count FROM `fen_member` WHERE `time` BETWEEN 1525104000 AND 1527782399 LIMIT 1   [ RunTime:0.0000s ]
SQL: SELECT * FROM `fen_indent`  [ RunTime:0.0010s ]
INFO: [ view_parse ] --START--
INFO: [ template_filter ] --START--
INFO: Run Behavior\ContentReplaceBehavior [ RunTime:0.001000s ]
INFO: [ template_filter ] --END-- [ RunTime:0.001000s ]
NOTIC: [8] Undefined variable: area D:\wamp\www\fenxiao\Application\Runtime\Cache\Admin\b595b808c2ebeeeb0478ffc30bb4e87a.php 第 842 行.
NOTIC: [8] Undefined variable: list D:\wamp\www\fenxiao\Application\Runtime\Cache\Admin\b595b808c2ebeeeb0478ffc30bb4e87a.php 第 884 行.
NOTIC: [8] Undefined variable: page D:\wamp\www\fenxiao\Application\Runtime\Cache\Admin\b595b808c2ebeeeb0478ffc30bb4e87a.php 第 952 行.
INFO: Run Behavior\ParseTemplateBehavior [ RunTime:0.031002s ]
INFO: [ view_parse ] --END-- [ RunTime:0.031002s ]
INFO: [ view_filter ] --START--
INFO: Run Behavior\WriteHtmlCacheBehavior [ RunTime:0.001000s ]
INFO: [ view_filter ] --END-- [ RunTime:0.001000s ]
INFO: [ app_end ] --START--
INFO: Run Behavior\ShowPageTraceBehavior [ RunTime:0.001000s ]
INFO: [ app_end ] --END-- [ RunTime:0.001000s ]

[ 2018-05-28T11:59:52+08:00 ] 127.0.0.1 /index.php/Admin/member/ticheng
INFO: [ app_init ] --START--
INFO: Run Behavior\BuildLiteBehavior [ RunTime:0.000000s ]
INFO: [ app_init ] --END-- [ RunTime:0.001000s ]
INFO: [ app_begin ] --START--
INFO: Run Behavior\ReadHtmlCacheBehavior [ RunTime:0.002000s ]
INFO: [ app_begin ] --END-- [ RunTime:0.003000s ]
INFO: [ view_parse ] --START--
INFO: [ template_filter ] --START--
INFO: Run Behavior\ContentReplaceBehavior [ RunTime:0.000000s ]
INFO: [ template_filter ] --END-- [ RunTime:0.001000s ]
NOTIC: [8] Undefined variable: list D:\wamp\www\fenxiao\Application\Runtime\Cache\Admin\aadb14d0b5992b5d6fffd8dee714ff2a.php 第 691 行.
NOTIC: [8] Undefined variable: page D:\wamp\www\fenxiao\Application\Runtime\Cache\Admin\aadb14d0b5992b5d6fffd8dee714ff2a.php 第 708 行.
NOTIC: [8] Undefined variable: tree D:\wamp\www\fenxiao\Application\Runtime\Cache\Admin\aadb14d0b5992b5d6fffd8dee714ff2a.php 第 775 行.
INFO: Run Behavior\ParseTemplateBehavior [ RunTime:0.044003s ]
INFO: [ view_parse ] --END-- [ RunTime:0.044003s ]
INFO: [ view_filter ] --START--
INFO: Run Behavior\WriteHtmlCacheBehavior [ RunTime:0.000000s ]
INFO: [ view_filter ] --END-- [ RunTime:0.000000s ]
INFO: [ app_end ] --START--
INFO: Run Behavior\ShowPageTraceBehavior [ RunTime:0.001000s ]
INFO: [ app_end ] --END-- [ RunTime:0.005000s ]

[ 2018-05-28T11:59:54+08:00 ] 127.0.0.1 /index.php/Admin/tixian/index
INFO: [ app_init ] --START--
INFO: Run Behavior\BuildLiteBehavior [ RunTime:0.000000s ]
INFO: [ app_init ] --END-- [ RunTime:0.001000s ]
INFO: [ app_begin ] --START--
INFO: Run Behavior\ReadHtmlCacheBehavior [ RunTime:0.001000s ]
INFO: [ app_begin ] --END-- [ RunTime:0.001000s ]
SQL: SHOW COLUMNS FROM `fen_finances` [ RunTime:0.0070s ]
NOTIC: [8] Undefined variable: offset D:\wamp\www\fenxiao\Application\Admin\Controller\TixianController.class.php 第 11 行.
NOTIC: [8] Undefined variable: pageSize D:\wamp\www\fenxiao\Application\Admin\Controller\TixianController.class.php 第 11 行.
SQL: SHOW COLUMNS FROM `fen_finances` [ RunTime:0.0060s ]
SQL: SELECT COUNT(*) AS tp_count FROM fen_finances fin,fen_member_data data WHERE ( fin.userid=data.member_id and fin.roletype=1 and fin.moneytype=1 and fin.status=0 ) ORDER BY fin.id desc LIMIT 1   [ RunTime:0.0040s ]
NOTIC: [8] Undefined index: p D:\wamp\www\fenxiao\Application\Admin\Controller\TixianController.class.php 第 13 行.
SQL: SHOW COLUMNS FROM `fen_finances` [ RunTime:0.0070s ]
SQL: SELECT fin.money,fin.id,fin.userid,fin.status,fin.time,data.name,data.weixin,data.phone,data.alipay,data.bankcard,data.bank_address,data.bank_man FROM fen_finances fin,fen_member_data data WHERE ( fin.userid=data.member_id and fin.roletype=1 and fin.moneytype=1 and fin.status=0 ) ORDER BY fin.id desc LIMIT 0,10   [ RunTime:0.0030s ]
INFO: [ view_parse ] --START--
INFO: [ template_filter ] --START--
INFO: Run Behavior\ContentReplaceBehavior [ RunTime:0.001000s ]
INFO: [ template_filter ] --END-- [ RunTime:0.001000s ]
NOTIC: [8] Use of undefined constant id - assumed 'id' D:\wamp\www\fenxiao\Application\Runtime\Cache\Admin\dcd254693432de1f8e5a1736ebc5a19b.php 第 688 行.
NOTIC: [8] Use of undefined constant id - assumed 'id' D:\wamp\www\fenxiao\Application\Runtime\Cache\Admin\dcd254693432de1f8e5a1736ebc5a19b.php 第 688 行.
NOTIC: [8] Use of undefined constant id - assumed 'id' D:\wamp\www\fenxiao\Application\Runtime\Cache\Admin\dcd254693432de1f8e5a1736ebc5a19b.php 第 688 行.
SQL: SHOW COLUMNS FROM `fen_member_data` [ RunTime:0.0060s ]
SQL: SELECT `name` FROM `fen_member_data` WHERE `member_id` = 1 LIMIT 1   [ RunTime:0.0010s ]
SQL: SELECT `name` FROM `fen_member_data` WHERE `member_id` = 1 LIMIT 1   [ RunTime:0.0000s ]
SQL: SELECT `name` FROM `fen_member_data` WHERE `member_id` = 12 LIMIT 1   [ RunTime:0.0000s ]
INFO: Run Behavior\ParseTemplateBehavior [ RunTime:0.032001s ]
INFO: [ view_parse ] --END-- [ RunTime:0.032001s ]
INFO: [ view_filter ] --START--
INFO: Run Behavior\WriteHtmlCacheBehavior [ RunTime:0.000000s ]
INFO: [ view_filter ] --END-- [ RunTime:0.000000s ]
INFO: [ app_end ] --START--
INFO: Run Behavior\ShowPageTraceBehavior [ RunTime:0.001001s ]
INFO: [ app_end ] --END-- [ RunTime:0.001001s ]

[ 2018-05-28T13:34:15+08:00 ] 127.0.0.1 /index.php/Admin/tixian/index
INFO: [ app_init ] --START--
INFO: Run Behavior\BuildLiteBehavior [ RunTime:0.000000s ]
INFO: [ app_init ] --END-- [ RunTime:0.001000s ]
INFO: [ app_begin ] --START--
INFO: Run Behavior\ReadHtmlCacheBehavior [ RunTime:0.001000s ]
INFO: [ app_begin ] --END-- [ RunTime:0.002000s ]
SQL: SHOW COLUMNS FROM `fen_finances` [ RunTime:0.0060s ]
NOTIC: [8] Undefined variable: offset D:\wamp\www\fenxiao\Application\Admin\Controller\TixianController.class.php 第 11 行.
NOTIC: [8] Undefined variable: pageSize D:\wamp\www\fenxiao\Application\Admin\Controller\TixianController.class.php 第 11 行.
SQL: SHOW COLUMNS FROM `fen_finances` [ RunTime:0.0090s ]
SQL: SELECT COUNT(*) AS tp_count FROM fen_finances fin,fen_member_data data WHERE ( fin.userid=data.member_id and fin.roletype=1 and fin.moneytype=1 and fin.status=0 ) ORDER BY fin.id desc LIMIT 1   [ RunTime:0.0010s ]
NOTIC: [8] Undefined index: p D:\wamp\www\fenxiao\Application\Admin\Controller\TixianController.class.php 第 13 行.
SQL: SHOW COLUMNS FROM `fen_finances` [ RunTime:0.0070s ]
SQL: SELECT fin.money,fin.id,fin.userid,fin.status,fin.time,data.name,data.weixin,data.phone,data.alipay,data.bankcard,data.bank_address,data.bank_man FROM fen_finances fin,fen_member_data data WHERE ( fin.userid=data.member_id and fin.roletype=1 and fin.moneytype=1 and fin.status=0 ) ORDER BY fin.id desc LIMIT 0,10   [ RunTime:0.0020s ]
INFO: [ view_parse ] --START--
INFO: [ template_filter ] --START--
INFO: Run Behavior\ContentReplaceBehavior [ RunTime:0.000000s ]
INFO: [ template_filter ] --END-- [ RunTime:0.000000s ]
NOTIC: [8] Use of undefined constant id - assumed 'id' D:\wamp\www\fenxiao\Application\Runtime\Cache\Admin\dcd254693432de1f8e5a1736ebc5a19b.php 第 688 行.
NOTIC: [8] Use of undefined constant id - assumed 'id' D:\wamp\www\fenxiao\Application\Runtime\Cache\Admin\dcd254693432de1f8e5a1736ebc5a19b.php 第 688 行.
NOTIC: [8] Use of undefined constant id - assumed 'id' D:\wamp\www\fenxiao\Application\Runtime\Cache\Admin\dcd254693432de1f8e5a1736ebc5a19b.php 第 688 行.
SQL: SHOW COLUMNS FROM `fen_member_data` [ RunTime:0.0070s ]
SQL: SELECT `name` FROM `fen_member_data` WHERE `member_id` = 1 LIMIT 1   [ RunTime:0.0010s ]
SQL: SELECT `name` FROM `fen_member_data` WHERE `member_id` = 1 LIMIT 1   [ RunTime:0.0000s ]
SQL: SELECT `name` FROM `fen_member_data` WHERE `member_id` = 12 LIMIT 1   [ RunTime:0.0000s ]
INFO: Run Behavior\ParseTemplateBehavior [ RunTime:0.034002s ]
INFO: [ view_parse ] --END-- [ RunTime:0.035002s ]
INFO: [ view_filter ] --START--
INFO: Run Behavior\WriteHtmlCacheBehavior [ RunTime:0.001000s ]
INFO: [ view_filter ] --END-- [ RunTime:0.001000s ]
INFO: [ app_end ] --START--
INFO: Run Behavior\ShowPageTraceBehavior [ RunTime:0.001000s ]
INFO: [ app_end ] --END-- [ RunTime:0.001000s ]

[ 2018-05-28T13:36:49+08:00 ] 127.0.0.1 /index.php/Admin/tixian/index
INFO: [ app_init ] --START--
INFO: Run Behavior\BuildLiteBehavior [ RunTime:0.000000s ]
INFO: [ app_init ] --END-- [ RunTime:0.001000s ]
INFO: [ app_begin ] --START--
INFO: Run Behavior\ReadHtmlCacheBehavior [ RunTime:0.001000s ]
INFO: [ app_begin ] --END-- [ RunTime:0.002000s ]
SQL: SHOW COLUMNS FROM `fen_finances` [ RunTime:0.0060s ]
NOTIC: [8] Undefined variable: offset D:\wamp\www\fenxiao\Application\Admin\Controller\TixianController.class.php 第 11 行.
NOTIC: [8] Undefined variable: pageSize D:\wamp\www\fenxiao\Application\Admin\Controller\TixianController.class.php 第 11 行.
SQL: SHOW COLUMNS FROM `fen_finances` [ RunTime:0.0070s ]
SQL: SELECT COUNT(*) AS tp_count FROM fen_finances fin,fen_member_data data WHERE ( fin.userid=data.member_id and fin.roletype=1 and fin.moneytype=1 and fin.status=0 ) ORDER BY fin.id desc LIMIT 1   [ RunTime:0.0010s ]
NOTIC: [8] Undefined index: p D:\wamp\www\fenxiao\Application\Admin\Controller\TixianController.class.php 第 13 行.
SQL: SHOW COLUMNS FROM `fen_finances` [ RunTime:0.0070s ]
SQL: SELECT fin.money,fin.id,fin.userid,fin.status,fin.time,data.name,data.weixin,data.phone,data.alipay,data.bankcard,data.bank_address,data.bank_man FROM fen_finances fin,fen_member_data data WHERE ( fin.userid=data.member_id and fin.roletype=1 and fin.moneytype=1 and fin.status=0 ) ORDER BY fin.id desc LIMIT 0,10   [ RunTime:0.0020s ]
INFO: [ view_parse ] --START--
INFO: [ template_filter ] --START--
INFO: Run Behavior\ContentReplaceBehavior [ RunTime:0.000000s ]
INFO: [ template_filter ] --END-- [ RunTime:0.000000s ]
NOTIC: [8] Use of undefined constant id - assumed 'id' D:\wamp\www\fenxiao\Application\Runtime\Cache\Admin\dcd254693432de1f8e5a1736ebc5a19b.php 第 688 行.
NOTIC: [8] Use of undefined constant id - assumed 'id' D:\wamp\www\fenxiao\Application\Runtime\Cache\Admin\dcd254693432de1f8e5a1736ebc5a19b.php 第 688 行.
NOTIC: [8] Use of undefined constant id - assumed 'id' D:\wamp\www\fenxiao\Application\Runtime\Cache\Admin\dcd254693432de1f8e5a1736ebc5a19b.php 第 688 行.
SQL: SHOW COLUMNS FROM `fen_member_data` [ RunTime:0.0070s ]
SQL: SELECT `name` FROM `fen_member_data` WHERE `member_id` = 1 LIMIT 1   [ RunTime:0.0010s ]
SQL: SELECT `name` FROM `fen_member_data` WHERE `member_id` = 1 LIMIT 1   [ RunTime:0.0000s ]
SQL: SELECT `name` FROM `fen_member_data` WHERE `member_id` = 12 LIMIT 1   [ RunTime:0.0010s ]
INFO: Run Behavior\ParseTemplateBehavior [ RunTime:0.034002s ]
INFO: [ view_parse ] --END-- [ RunTime:0.034002s ]
INFO: [ view_filter ] --START--
INFO: Run Behavior\WriteHtmlCacheBehavior [ RunTime:0.001000s ]
INFO: [ view_filter ] --END-- [ RunTime:0.002000s ]
INFO: [ app_end ] --START--
INFO: Run Behavior\ShowPageTraceBehavior [ RunTime:0.002000s ]
INFO: [ app_end ] --END-- [ RunTime:0.002000s ]

[ 2018-05-28T13:40:39+08:00 ] 127.0.0.1 /index.php/Admin/tixian/index
INFO: [ app_init ] --START--
INFO: Run Behavior\BuildLiteBehavior [ RunTime:0.000000s ]
INFO: [ app_init ] --END-- [ RunTime:0.001000s ]
INFO: [ app_begin ] --START--
INFO: Run Behavior\ReadHtmlCacheBehavior [ RunTime:0.001000s ]
INFO: [ app_begin ] --END-- [ RunTime:0.001000s ]
SQL: SHOW COLUMNS FROM `fen_finances` [ RunTime:0.0060s ]
NOTIC: [8] Undefined variable: offset D:\wamp\www\fenxiao\Application\Admin\Controller\TixianController.class.php 第 11 行.
NOTIC: [8] Undefined variable: pageSize D:\wamp\www\fenxiao\Application\Admin\Controller\TixianController.class.php 第 11 行.
SQL: SHOW COLUMNS FROM `fen_finances` [ RunTime:0.0060s ]
SQL: SELECT COUNT(*) AS tp_count FROM fen_finances fin,fen_member_data data WHERE ( fin.userid=data.member_id and fin.roletype=1 and fin.moneytype=1 and fin.status=0 ) ORDER BY fin.id desc LIMIT 1   [ RunTime:0.0000s ]
NOTIC: [8] Undefined index: p D:\wamp\www\fenxiao\Application\Admin\Controller\TixianController.class.php 第 13 行.
SQL: SHOW COLUMNS FROM `fen_finances` [ RunTime:0.0070s ]
SQL: SELECT fin.money,fin.id,fin.userid,fin.status,fin.time,data.name,data.weixin,data.phone,data.alipay,data.bankcard,data.bank_address,data.bank_man FROM fen_finances fin,fen_member_data data WHERE ( fin.userid=data.member_id and fin.roletype=1 and fin.moneytype=1 and fin.status=0 ) ORDER BY fin.id desc LIMIT 0,10   [ RunTime:0.0010s ]
INFO: [ view_parse ] --START--
INFO: [ template_filter ] --START--
INFO: Run Behavior\ContentReplaceBehavior [ RunTime:0.001000s ]
INFO: [ template_filter ] --END-- [ RunTime:0.001000s ]
NOTIC: [8] Use of undefined constant id - assumed 'id' D:\wamp\www\fenxiao\Application\Runtime\Cache\Admin\dcd254693432de1f8e5a1736ebc5a19b.php 第 688 行.
NOTIC: [8] Use of undefined constant id - assumed 'id' D:\wamp\www\fenxiao\Application\Runtime\Cache\Admin\dcd254693432de1f8e5a1736ebc5a19b.php 第 688 行.
NOTIC: [8] Use of undefined constant id - assumed 'id' D:\wamp\www\fenxiao\Application\Runtime\Cache\Admin\dcd254693432de1f8e5a1736ebc5a19b.php 第 688 行.
SQL: SHOW COLUMNS FROM `fen_member_data` [ RunTime:0.0060s ]
SQL: SELECT `name` FROM `fen_member_data` WHERE `member_id` = 1 LIMIT 1   [ RunTime:0.0000s ]
SQL: SELECT `name` FROM `fen_member_data` WHERE `member_id` = 1 LIMIT 1   [ RunTime:0.0000s ]
SQL: SELECT `name` FROM `fen_member_data` WHERE `member_id` = 12 LIMIT 1   [ RunTime:0.0000s ]
INFO: Run Behavior\ParseTemplateBehavior [ RunTime:0.032002s ]
INFO: [ view_parse ] --END-- [ RunTime:0.032002s ]
INFO: [ view_filter ] --START--
INFO: Run Behavior\WriteHtmlCacheBehavior [ RunTime:0.001000s ]
INFO: [ view_filter ] --END-- [ RunTime:0.002000s ]
INFO: [ app_end ] --START--
INFO: Run Behavior\ShowPageTraceBehavior [ RunTime:0.002000s ]
INFO: [ app_end ] --END-- [ RunTime:0.002000s ]

[ 2018-05-28T13:47:20+08:00 ] 127.0.0.1 /index.php/Admin/tixian/index
INFO: [ app_init ] --START--
INFO: Run Behavior\BuildLiteBehavior [ RunTime:0.000000s ]
INFO: [ app_init ] --END-- [ RunTime:0.001000s ]
INFO: [ app_begin ] --START--
INFO: Run Behavior\ReadHtmlCacheBehavior [ RunTime:0.001000s ]
INFO: [ app_begin ] --END-- [ RunTime:0.001000s ]
SQL: SHOW COLUMNS FROM `fen_finances` [ RunTime:0.0100s ]
NOTIC: [8] Undefined variable: offset D:\wamp\www\fenxiao\Application\Admin\Controller\TixianController.class.php 第 11 行.
NOTIC: [8] Undefined variable: pageSize D:\wamp\www\fenxiao\Application\Admin\Controller\TixianController.class.php 第 11 行.
SQL: SHOW COLUMNS FROM `fen_finances` [ RunTime:0.0070s ]
SQL: SELECT COUNT(*) AS tp_count FROM fen_finances fin,fen_member_data data WHERE ( fin.userid=data.member_id and fin.roletype=1 and fin.moneytype=1 and fin.status=0 ) ORDER BY fin.id desc LIMIT 1   [ RunTime:0.0010s ]
NOTIC: [8] Undefined index: p D:\wamp\www\fenxiao\Application\Admin\Controller\TixianController.class.php 第 13 行.
SQL: SHOW COLUMNS FROM `fen_finances` [ RunTime:0.0070s ]
SQL: SELECT fin.money,fin.id,fin.userid,fin.status,fin.time,data.name,data.weixin,data.phone,data.alipay,data.bankcard,data.bank_address,data.bank_man FROM fen_finances fin,fen_member_data data WHERE ( fin.userid=data.member_id and fin.roletype=1 and fin.moneytype=1 and fin.status=0 ) ORDER BY fin.id desc LIMIT 0,10   [ RunTime:0.0010s ]
INFO: [ view_parse ] --START--
INFO: [ template_filter ] --START--
INFO: Run Behavior\ContentReplaceBehavior [ RunTime:0.000000s ]
INFO: [ template_filter ] --END-- [ RunTime:0.000000s ]
NOTIC: [8] Use of undefined constant id - assumed 'id' D:\wamp\www\fenxiao\Application\Runtime\Cache\Admin\dcd254693432de1f8e5a1736ebc5a19b.php 第 688 行.
NOTIC: [8] Use of undefined constant id - assumed 'id' D:\wamp\www\fenxiao\Application\Runtime\Cache\Admin\dcd254693432de1f8e5a1736ebc5a19b.php 第 688 行.
NOTIC: [8] Use of undefined constant id - assumed 'id' D:\wamp\www\fenxiao\Application\Runtime\Cache\Admin\dcd254693432de1f8e5a1736ebc5a19b.php 第 688 行.
SQL: SHOW COLUMNS FROM `fen_member_data` [ RunTime:0.0080s ]
SQL: SELECT `name` FROM `fen_member_data` WHERE `member_id` = 1 LIMIT 1   [ RunTime:0.0010s ]
SQL: SELECT `name` FROM `fen_member_data` WHERE `member_id` = 1 LIMIT 1   [ RunTime:0.0000s ]
SQL: SELECT `name` FROM `fen_member_data` WHERE `member_id` = 12 LIMIT 1   [ RunTime:0.0000s ]
INFO: Run Behavior\ParseTemplateBehavior [ RunTime:0.035002s ]
INFO: [ view_parse ] --END-- [ RunTime:0.035002s ]
INFO: [ view_filter ] --START--
INFO: Run Behavior\WriteHtmlCacheBehavior [ RunTime:0.001000s ]
INFO: [ view_filter ] --END-- [ RunTime:0.002000s ]
INFO: [ app_end ] --START--
INFO: Run Behavior\ShowPageTraceBehavior [ RunTime:0.005000s ]
INFO: [ app_end ] --END-- [ RunTime:0.006000s ]

[ 2018-05-28T13:56:31+08:00 ] 127.0.0.1 /index.php/Admin/tixian/index
INFO: [ app_init ] --START--
INFO: Run Behavior\BuildLiteBehavior [ RunTime:0.000000s ]
INFO: [ app_init ] --END-- [ RunTime:0.004000s ]
INFO: [ app_begin ] --START--
INFO: Run Behavior\ReadHtmlCacheBehavior [ RunTime:0.001000s ]
INFO: [ app_begin ] --END-- [ RunTime:0.002001s ]
SQL: SHOW COLUMNS FROM `fen_finances` [ RunTime:0.0070s ]
NOTIC: [8] Undefined variable: offset D:\wamp\www\fenxiao\Application\Admin\Controller\TixianController.class.php 第 11 行.
NOTIC: [8] Undefined variable: pageSize D:\wamp\www\fenxiao\Application\Admin\Controller\TixianController.class.php 第 11 行.
SQL: SHOW COLUMNS FROM `fen_finances` [ RunTime:0.0060s ]
SQL: SELECT COUNT(*) AS tp_count FROM fen_finances fin,fen_member_data data WHERE ( fin.userid=data.member_id and fin.roletype=1 and fin.moneytype=1 and fin.status=0 ) ORDER BY fin.id desc LIMIT 1   [ RunTime:0.0000s ]
NOTIC: [8] Undefined index: p D:\wamp\www\fenxiao\Application\Admin\Controller\TixianController.class.php 第 13 行.
SQL: SHOW COLUMNS FROM `fen_finances` [ RunTime:0.0100s ]
SQL: SELECT fin.money,fin.id,fin.userid,fin.status,fin.time,data.name,data.weixin,data.phone,data.alipay,data.bankcard,data.bank_address,data.bank_man FROM fen_finances fin,fen_member_data data WHERE ( fin.userid=data.member_id and fin.roletype=1 and fin.moneytype=1 and fin.status=0 ) ORDER BY fin.id desc LIMIT 0,10   [ RunTime:0.0010s ]
INFO: [ view_parse ] --START--
INFO: [ template_filter ] --START--
INFO: Run Behavior\ContentReplaceBehavior [ RunTime:0.000000s ]
INFO: [ template_filter ] --END-- [ RunTime:0.000000s ]
NOTIC: [8] Use of undefined constant id - assumed 'id' D:\wamp\www\fenxiao\Application\Runtime\Cache\Admin\dcd254693432de1f8e5a1736ebc5a19b.php 第 688 行.
NOTIC: [8] Use of undefined constant id - assumed 'id' D:\wamp\www\fenxiao\Application\Runtime\Cache\Admin\dcd254693432de1f8e5a1736ebc5a19b.php 第 688 行.
NOTIC: [8] Use of undefined constant id - assumed 'id' D:\wamp\www\fenxiao\Application\Runtime\Cache\Admin\dcd254693432de1f8e5a1736ebc5a19b.php 第 688 行.
SQL: SHOW COLUMNS FROM `fen_member_data` [ RunTime:0.0120s ]
SQL: SELECT `name` FROM `fen_member_data` WHERE `member_id` = 1 LIMIT 1   [ RunTime:0.0010s ]
SQL: SELECT `name` FROM `fen_member_data` WHERE `member_id` = 1 LIMIT 1   [ RunTime:0.0010s ]
SQL: SELECT `name` FROM `fen_member_data` WHERE `member_id` = 12 LIMIT 1   [ RunTime:0.0010s ]
INFO: Run Behavior\ParseTemplateBehavior [ RunTime:0.037002s ]
INFO: [ view_parse ] --END-- [ RunTime:0.038002s ]
INFO: [ view_filter ] --START--
INFO: Run Behavior\WriteHtmlCacheBehavior [ RunTime:0.002001s ]
INFO: [ view_filter ] --END-- [ RunTime:0.002001s ]
INFO: [ app_end ] --START--
INFO: Run Behavior\ShowPageTraceBehavior [ RunTime:0.002000s ]
INFO: [ app_end ] --END-- [ RunTime:0.002000s ]

[ 2018-05-28T16:05:27+08:00 ] 127.0.0.1 /index.php/Admin/tixian/index
INFO: [ app_init ] --START--
INFO: Run Behavior\BuildLiteBehavior [ RunTime:0.000000s ]
INFO: [ app_init ] --END-- [ RunTime:0.001000s ]
INFO: [ app_begin ] --START--
INFO: Run Behavior\ReadHtmlCacheBehavior [ RunTime:0.001000s ]
INFO: [ app_begin ] --END-- [ RunTime:0.001000s ]
SQL: SHOW COLUMNS FROM `fen_finances` [ RunTime:0.0070s ]
NOTIC: [8] Undefined variable: offset D:\wamp\www\fenxiao\Application\Admin\Controller\TixianController.class.php 第 11 行.
NOTIC: [8] Undefined variable: pageSize D:\wamp\www\fenxiao\Application\Admin\Controller\TixianController.class.php 第 11 行.
SQL: SHOW COLUMNS FROM `fen_finances` [ RunTime:0.0070s ]
SQL: SELECT COUNT(*) AS tp_count FROM fen_finances fin,fen_member_data data WHERE ( fin.userid=data.member_id and fin.roletype=1 and fin.moneytype=1 and fin.status=0 ) ORDER BY fin.id desc LIMIT 1   [ RunTime:0.0010s ]
NOTIC: [8] Undefined index: p D:\wamp\www\fenxiao\Application\Admin\Controller\TixianController.class.php 第 13 行.
SQL: SHOW COLUMNS FROM `fen_finances` [ RunTime:0.0060s ]
SQL: SELECT fin.money,fin.id,fin.userid,fin.status,fin.time,data.name,data.weixin,data.phone,data.alipay,data.bankcard,data.bank_address,data.bank_man FROM fen_finances fin,fen_member_data data WHERE ( fin.userid=data.member_id and fin.roletype=1 and fin.moneytype=1 and fin.status=0 ) ORDER BY fin.id desc LIMIT 0,10   [ RunTime:0.0010s ]
INFO: [ view_parse ] --START--
INFO: [ template_filter ] --START--
INFO: Run Behavior\ContentReplaceBehavior [ RunTime:0.001000s ]
INFO: [ template_filter ] --END-- [ RunTime:0.001000s ]
NOTIC: [8] Use of undefined constant id - assumed 'id' D:\wamp\www\fenxiao\Application\Runtime\Cache\Admin\dcd254693432de1f8e5a1736ebc5a19b.php 第 688 行.
NOTIC: [8] Use of undefined constant id - assumed 'id' D:\wamp\www\fenxiao\Application\Runtime\Cache\Admin\dcd254693432de1f8e5a1736ebc5a19b.php 第 688 行.
NOTIC: [8] Use of undefined constant id - assumed 'id' D:\wamp\www\fenxiao\Application\Runtime\Cache\Admin\dcd254693432de1f8e5a1736ebc5a19b.php 第 688 行.
SQL: SHOW COLUMNS FROM `fen_member_data` [ RunTime:0.0070s ]
SQL: SELECT `name` FROM `fen_member_data` WHERE `member_id` = 1 LIMIT 1   [ RunTime:0.0010s ]
SQL: SELECT `name` FROM `fen_member_data` WHERE `member_id` = 1 LIMIT 1   [ RunTime:0.0010s ]
SQL: SELECT `name` FROM `fen_member_data` WHERE `member_id` = 12 LIMIT 1   [ RunTime:0.0010s ]
INFO: Run Behavior\ParseTemplateBehavior [ RunTime:0.038002s ]
INFO: [ view_parse ] --END-- [ RunTime:0.038002s ]
INFO: [ view_filter ] --START--
INFO: Run Behavior\WriteHtmlCacheBehavior [ RunTime:0.001000s ]
INFO: [ view_filter ] --END-- [ RunTime:0.001000s ]
INFO: [ app_end ] --START--
INFO: Run Behavior\ShowPageTraceBehavior [ RunTime:0.001000s ]
INFO: [ app_end ] --END-- [ RunTime:0.002000s ]

[ 2018-05-28T18:42:04+08:00 ] 127.0.0.1 /index.php/Admin/user/trans
INFO: [ app_init ] --START--
INFO: Run Behavior\BuildLiteBehavior [ RunTime:0.000000s ]
INFO: [ app_init ] --END-- [ RunTime:0.003000s ]
INFO: [ app_begin ] --START--
INFO: Run Behavior\ReadHtmlCacheBehavior [ RunTime:0.015001s ]
INFO: [ app_begin ] --END-- [ RunTime:0.015001s ]
SQL: SHOW COLUMNS FROM `fen_trans` [ RunTime:0.0080s ]
SQL: SELECT * FROM `fen_trans`  [ RunTime:0.0020s ]
INFO: [ view_parse ] --START--
INFO: [ template_filter ] --START--
INFO: Run Behavior\ContentReplaceBehavior [ RunTime:0.000000s ]
INFO: [ template_filter ] --END-- [ RunTime:0.001001s ]
NOTIC: [8] Undefined variable: vo D:\wamp\www\fenxiao\Application\Runtime\Cache\Admin\90820d67ff2993175b4aa58ddf7f50d4.php 第 647 行.
NOTIC: [8] Undefined index: parentid D:\wamp\www\fenxiao\Application\Runtime\Cache\Admin\90820d67ff2993175b4aa58ddf7f50d4.php 第 673 行.
NOTIC: [8] Undefined index: parentid D:\wamp\www\fenxiao\Application\Runtime\Cache\Admin\90820d67ff2993175b4aa58ddf7f50d4.php 第 673 行.
NOTIC: [8] Undefined index: parentid D:\wamp\www\fenxiao\Application\Runtime\Cache\Admin\90820d67ff2993175b4aa58ddf7f50d4.php 第 673 行.
NOTIC: [8] Undefined index: parentid D:\wamp\www\fenxiao\Application\Runtime\Cache\Admin\90820d67ff2993175b4aa58ddf7f50d4.php 第 673 行.
NOTIC: [8] Undefined index: parentid D:\wamp\www\fenxiao\Application\Runtime\Cache\Admin\90820d67ff2993175b4aa58ddf7f50d4.php 第 673 行.
NOTIC: [8] Undefined index: parentid D:\wamp\www\fenxiao\Application\Runtime\Cache\Admin\90820d67ff2993175b4aa58ddf7f50d4.php 第 673 行.
NOTIC: [8] Undefined variable: page D:\wamp\www\fenxiao\Application\Runtime\Cache\Admin\90820d67ff2993175b4aa58ddf7f50d4.php 第 686 行.
INFO: Run Behavior\ParseTemplateBehavior [ RunTime:0.027002s ]
INFO: [ view_parse ] --END-- [ RunTime:0.028002s ]
INFO: [ view_filter ] --START--
INFO: Run Behavior\WriteHtmlCacheBehavior [ RunTime:0.001000s ]
INFO: [ view_filter ] --END-- [ RunTime:0.002000s ]
INFO: [ app_end ] --START--
INFO: Run Behavior\ShowPageTraceBehavior [ RunTime:0.007000s ]
INFO: [ app_end ] --END-- [ RunTime:0.007000s ]

[ 2018-05-28T18:42:09+08:00 ] 127.0.0.1 /index.php/Admin/member/indent_4
INFO: [ app_init ] --START--
INFO: Run Behavior\BuildLiteBehavior [ RunTime:0.000000s ]
INFO: [ app_init ] --END-- [ RunTime:0.001000s ]
INFO: [ app_begin ] --START--
INFO: Run Behavior\ReadHtmlCacheBehavior [ RunTime:0.001000s ]
INFO: [ app_begin ] --END-- [ RunTime:0.001000s ]
NOTIC: [8] Undefined index: search D:\wamp\www\fenxiao\Application\Admin\Controller\MemberController.class.php 第 437 行.
SQL: SHOW COLUMNS FROM `fen_indent` [ RunTime:0.0090s ]
SQL: SELECT COUNT(*) AS tp_count FROM `fen_indent` WHERE `status` = 4 LIMIT 1   [ RunTime:0.0000s ]
NOTIC: [8] Undefined index: p D:\wamp\www\fenxiao\Application\Admin\Controller\MemberController.class.php 第 444 行.
SQL: SELECT * FROM `fen_indent` WHERE `status` = 4 ORDER BY id desc LIMIT 0,10   [ RunTime:0.0000s ]
INFO: [ view_parse ] --START--
INFO: [ template_filter ] --START--
INFO: Run Behavior\ContentReplaceBehavior [ RunTime:0.000000s ]
INFO: [ template_filter ] --END-- [ RunTime:0.000000s ]
NOTIC: [8] Undefined variable: tree D:\wamp\www\fenxiao\Application\Runtime\Cache\Admin\c6592d8bc52eaf60762b5c7291707495.php 第 777 行.
INFO: Run Behavior\ParseTemplateBehavior [ RunTime:0.021001s ]
INFO: [ view_parse ] --END-- [ RunTime:0.021001s ]
INFO: [ view_filter ] --START--
INFO: Run Behavior\WriteHtmlCacheBehavior [ RunTime:0.001000s ]
INFO: [ view_filter ] --END-- [ RunTime:0.001000s ]
INFO: [ app_end ] --START--
INFO: Run Behavior\ShowPageTraceBehavior [ RunTime:0.001000s ]
INFO: [ app_end ] --END-- [ RunTime:0.001000s ]

[ 2018-05-28T18:42:22+08:00 ] 127.0.0.1 /index.php/Admin/member/ticheng
INFO: [ app_init ] --START--
INFO: Run Behavior\BuildLiteBehavior [ RunTime:0.000000s ]
INFO: [ app_init ] --END-- [ RunTime:0.001000s ]
INFO: [ app_begin ] --START--
INFO: Run Behavior\ReadHtmlCacheBehavior [ RunTime:0.001000s ]
INFO: [ app_begin ] --END-- [ RunTime:0.001000s ]
INFO: [ view_parse ] --START--
INFO: [ template_filter ] --START--
INFO: Run Behavior\ContentReplaceBehavior [ RunTime:0.001000s ]
INFO: [ template_filter ] --END-- [ RunTime:0.001000s ]
NOTIC: [8] Undefined variable: list D:\wamp\www\fenxiao\Application\Runtime\Cache\Admin\aadb14d0b5992b5d6fffd8dee714ff2a.php 第 691 行.
NOTIC: [8] Undefined variable: page D:\wamp\www\fenxiao\Application\Runtime\Cache\Admin\aadb14d0b5992b5d6fffd8dee714ff2a.php 第 708 行.
NOTIC: [8] Undefined variable: tree D:\wamp\www\fenxiao\Application\Runtime\Cache\Admin\aadb14d0b5992b5d6fffd8dee714ff2a.php 第 775 行.
INFO: Run Behavior\ParseTemplateBehavior [ RunTime:0.021001s ]
INFO: [ view_parse ] --END-- [ RunTime:0.021001s ]
INFO: [ view_filter ] --START--
INFO: Run Behavior\WriteHtmlCacheBehavior [ RunTime:0.001000s ]
INFO: [ view_filter ] --END-- [ RunTime:0.001000s ]
INFO: [ app_end ] --START--
INFO: Run Behavior\ShowPageTraceBehavior [ RunTime:0.001000s ]
INFO: [ app_end ] --END-- [ RunTime:0.001000s ]

[ 2018-05-28T18:42:30+08:00 ] 127.0.0.1 /index.php/Admin/member/index
INFO: [ app_init ] --START--
INFO: Run Behavior\BuildLiteBehavior [ RunTime:0.000000s ]
INFO: [ app_init ] --END-- [ RunTime:0.001000s ]
INFO: [ app_begin ] --START--
INFO: Run Behavior\ReadHtmlCacheBehavior [ RunTime:0.001000s ]
INFO: [ app_begin ] --END-- [ RunTime:0.003000s ]
SQL: SHOW COLUMNS FROM `fen_member` [ RunTime:0.0070s ]
SQL: SELECT COUNT(*) AS tp_count FROM `fen_member` WHERE `level` = 1 LIMIT 1   [ RunTime:0.0010s ]
NOTIC: [8] Undefined index: p D:\wamp\www\fenxiao\Application\Admin\Controller\MemberController.class.php 第 12 行.
SQL: SELECT * FROM `fen_member` WHERE `level` = 1 ORDER BY id desc LIMIT 0,20   [ RunTime:0.0000s ]
INFO: [ view_parse ] --START--
INFO: [ template_filter ] --START--
INFO: Run Behavior\ContentReplaceBehavior [ RunTime:0.000000s ]
INFO: [ template_filter ] --END-- [ RunTime:0.000000s ]
NOTIC: [8] Undefined variable: vo D:\wamp\www\fenxiao\Application\Runtime\Cache\Admin\cd4483014f2e11fff8848d4b0b1995b7.php 第 651 行.
NOTIC: [8] Use of undefined constant id - assumed 'id' D:\wamp\www\fenxiao\Application\Runtime\Cache\Admin\cd4483014f2e11fff8848d4b0b1995b7.php 第 693 行.
SQL: SELECT `username` FROM `fen_member` WHERE `id` = 11 LIMIT 1   [ RunTime:0.0010s ]
SQL: SELECT `level` FROM `fen_member` WHERE `id` = 11 LIMIT 1   [ RunTime:0.0000s ]
SQL: SHOW COLUMNS FROM `fen_member_data` [ RunTime:0.0060s ]
SQL: SELECT `name` FROM `fen_member_data` WHERE `member_id` = 15 LIMIT 1   [ RunTime:0.0000s ]
SQL: SELECT `sex` FROM `fen_member_data` WHERE `member_id` = 15 LIMIT 1   [ RunTime:0.0000s ]
SQL: SELECT `phone` FROM `fen_member_data` WHERE `member_id` = 15 LIMIT 1   [ RunTime:0.0000s ]
NOTIC: [8] Use of undefined constant id - assumed 'id' D:\wamp\www\fenxiao\Application\Runtime\Cache\Admin\cd4483014f2e11fff8848d4b0b1995b7.php 第 693 行.
SQL: SELECT `username` FROM `fen_member` WHERE `id` = 10 LIMIT 1   [ RunTime:0.0000s ]
SQL: SELECT `level` FROM `fen_member` WHERE `id` = 10 LIMIT 1   [ RunTime:0.0000s ]
SQL: SELECT `name` FROM `fen_member_data` WHERE `member_id` = 14 LIMIT 1   [ RunTime:0.0000s ]
SQL: SELECT `sex` FROM `fen_member_data` WHERE `member_id` = 14 LIMIT 1   [ RunTime:0.0000s ]
SQL: SELECT `phone` FROM `fen_member_data` WHERE `member_id` = 14 LIMIT 1   [ RunTime:0.0000s ]
NOTIC: [8] Use of undefined constant id - assumed 'id' D:\wamp\www\fenxiao\Application\Runtime\Cache\Admin\cd4483014f2e11fff8848d4b0b1995b7.php 第 693 行.
SQL: SELECT `username` FROM `fen_member` WHERE `id` = 1 LIMIT 1   [ RunTime:0.0010s ]
SQL: SELECT `level` FROM `fen_member` WHERE `id` = 1 LIMIT 1   [ RunTime:0.0000s ]
SQL: SELECT `name` FROM `fen_member_data` WHERE `member_id` = 11 LIMIT 1   [ RunTime:0.0000s ]
SQL: SELECT `sex` FROM `fen_member_data` WHERE `member_id` = 11 LIMIT 1   [ RunTime:0.0000s ]
SQL: SELECT `phone` FROM `fen_member_data` WHERE `member_id` = 11 LIMIT 1   [ RunTime:0.0000s ]
NOTIC: [8] Use of undefined constant id - assumed 'id' D:\wamp\www\fenxiao\Application\Runtime\Cache\Admin\cd4483014f2e11fff8848d4b0b1995b7.php 第 693 行.
SQL: SELECT `username` FROM `fen_member` WHERE `id` = 1 LIMIT 1   [ RunTime:0.0010s ]
SQL: SELECT `level` FROM `fen_member` WHERE `id` = 1 LIMIT 1   [ RunTime:0.0010s ]
SQL: SELECT `name` FROM `fen_member_data` WHERE `member_id` = 10 LIMIT 1   [ RunTime:0.0010s ]
SQL: SELECT `sex` FROM `fen_member_data` WHERE `member_id` = 10 LIMIT 1   [ RunTime:0.0010s ]
SQL: SELECT `phone` FROM `fen_member_data` WHERE `member_id` = 10 LIMIT 1   [ RunTime:0.0000s ]
NOTIC: [8] Use of undefined constant id - assumed 'id' D:\wamp\www\fenxiao\Application\Runtime\Cache\Admin\cd4483014f2e11fff8848d4b0b1995b7.php 第 693 行.
SQL: SELECT `username` FROM `fen_member` WHERE `id` = 4 LIMIT 1   [ RunTime:0.0000s ]
SQL: SELECT `level` FROM `fen_member` WHERE `id` = 4 LIMIT 1   [ RunTime:0.0000s ]
SQL: SELECT `name` FROM `fen_member_data` WHERE `member_id` = 6 LIMIT 1   [ RunTime:0.0000s ]
SQL: SELECT `sex` FROM `fen_member_data` WHERE `member_id` = 6 LIMIT 1   [ RunTime:0.0000s ]
SQL: SELECT `phone` FROM `fen_member_data` WHERE `member_id` = 6 LIMIT 1   [ RunTime:0.0000s ]
NOTIC: [8] Use of undefined constant id - assumed 'id' D:\wamp\www\fenxiao\Application\Runtime\Cache\Admin\cd4483014f2e11fff8848d4b0b1995b7.php 第 693 行.
SQL: SELECT `username` FROM `fen_member` WHERE `id` = 6 LIMIT 1   [ RunTime:0.0000s ]
SQL: SELECT `level` FROM `fen_member` WHERE `id` = 6 LIMIT 1   [ RunTime:0.0000s ]
SQL: SELECT `name` FROM `fen_member_data` WHERE `member_id` = 5 LIMIT 1   [ RunTime:0.0000s ]
SQL: SELECT `sex` FROM `fen_member_data` WHERE `member_id` = 5 LIMIT 1   [ RunTime:0.0000s ]
SQL: SELECT `phone` FROM `fen_member_data` WHERE `member_id` = 5 LIMIT 1   [ RunTime:0.0000s ]
NOTIC: [8] Undefined variable: tree D:\wamp\www\fenxiao\Application\Runtime\Cache\Admin\cd4483014f2e11fff8848d4b0b1995b7.php 第 873 行.
NOTIC: [8] Undefined variable: tree D:\wamp\www\fenxiao\Application\Runtime\Cache\Admin\cd4483014f2e11fff8848d4b0b1995b7.php 第 873 行.
NOTIC: [8] Undefined variable: tree D:\wamp\www\fenxiao\Application\Runtime\Cache\Admin\cd4483014f2e11fff8848d4b0b1995b7.php 第 873 行.
NOTIC: [8] Undefined variable: tree D:\wamp\www\fenxiao\Application\Runtime\Cache\Admin\cd4483014f2e11fff8848d4b0b1995b7.php 第 873 行.
NOTIC: [8] Undefined variable: tree D:\wamp\www\fenxiao\Application\Runtime\Cache\Admin\cd4483014f2e11fff8848d4b0b1995b7.php 第 873 行.
NOTIC: [8] Undefined variable: tree D:\wamp\www\fenxiao\Application\Runtime\Cache\Admin\cd4483014f2e11fff8848d4b0b1995b7.php 第 873 行.
INFO: Run Behavior\ParseTemplateBehavior [ RunTime:0.069004s ]
INFO: [ view_parse ] --END-- [ RunTime:0.069004s ]
INFO: [ view_filter ] --START--
INFO: Run Behavior\WriteHtmlCacheBehavior [ RunTime:0.001000s ]
INFO: [ view_filter ] --END-- [ RunTime:0.001000s ]
INFO: [ app_end ] --START--
INFO: Run Behavior\ShowPageTraceBehavior [ RunTime:0.002000s ]
INFO: [ app_end ] --END-- [ RunTime:0.002000s ]

