[ 2018-05-18T09:56:24+08:00 ] 127.0.0.1 /index.php/admin/login/index
INFO: [ app_init ] --START--
INFO: Run Behavior\BuildLiteBehavior [ RunTime:0.000000s ]
INFO: [ app_init ] --END-- [ RunTime:0.000000s ]
INFO: [ app_begin ] --START--
INFO: Run Behavior\ReadHtmlCacheBehavior [ RunTime:0.001000s ]
INFO: [ app_begin ] --END-- [ RunTime:0.001000s ]
INFO: [ view_parse ] --START--
INFO: [ template_filter ] --START--
INFO: Run Behavior\ContentReplaceBehavior [ RunTime:0.000000s ]
INFO: [ template_filter ] --END-- [ RunTime:0.000000s ]
INFO: Run Behavior\ParseTemplateBehavior [ RunTime:0.012001s ]
INFO: [ view_parse ] --END-- [ RunTime:0.012001s ]
INFO: [ view_filter ] --START--
INFO: Run Behavior\WriteHtmlCacheBehavior [ RunTime:0.001000s ]
INFO: [ view_filter ] --END-- [ RunTime:0.001000s ]
INFO: [ app_end ] --START--
INFO: Run Behavior\ShowPageTraceBehavior [ RunTime:0.001000s ]
INFO: [ app_end ] --END-- [ RunTime:0.001000s ]

[ 2018-05-18T09:56:24+08:00 ] 127.0.0.1 /index.php/Admin/login/verify.html
INFO: [ app_init ] --START--
INFO: Run Behavior\BuildLiteBehavior [ RunTime:0.000000s ]
INFO: [ app_init ] --END-- [ RunTime:0.001000s ]
INFO: [ app_begin ] --START--
INFO: Run Behavior\ReadHtmlCacheBehavior [ RunTime:0.001000s ]
INFO: [ app_begin ] --END-- [ RunTime:0.002000s ]
INFO: [ app_end ] --START--
INFO: Run Behavior\ShowPageTraceBehavior [ RunTime:0.002000s ]
INFO: [ app_end ] --END-- [ RunTime:0.002000s ]

[ 2018-05-18T09:56:50+08:00 ] 127.0.0.1 /index.php/Admin/Login/index
INFO: [ app_init ] --START--
INFO: Run Behavior\BuildLiteBehavior [ RunTime:0.000000s ]
INFO: [ app_init ] --END-- [ RunTime:0.001000s ]
INFO: [ app_begin ] --START--
INFO: Run Behavior\ReadHtmlCacheBehavior [ RunTime:0.001000s ]
INFO: [ app_begin ] --END-- [ RunTime:0.001000s ]
SQL: SHOW COLUMNS FROM `fen_admin` [ RunTime:0.0050s ]
SQL: SELECT * FROM `fen_admin` WHERE ( username = "admin" ) LIMIT 1   [ RunTime:0.0000s ]
NOTIC: [2] Missing argument 3 for show(), called in D:\wamp\www\fenxiao\Application\Admin\Controller\LoginController.class.php on line 27 and defined D:\wamp\www\fenxiao\Application\Admin\Common\function.php 第 12 行.
NOTIC: [8] Undefined variable: data D:\wamp\www\fenxiao\Application\Admin\Common\function.php 第 16 行.

[ 2018-05-18T09:56:55+08:00 ] 127.0.0.1 /index.php/Admin/Login/verify/0.13403965459496736
INFO: [ app_init ] --START--
INFO: Run Behavior\BuildLiteBehavior [ RunTime:0.000000s ]
INFO: [ app_init ] --END-- [ RunTime:0.001000s ]
INFO: [ app_begin ] --START--
INFO: Run Behavior\ReadHtmlCacheBehavior [ RunTime:0.003000s ]
INFO: [ app_begin ] --END-- [ RunTime:0.003000s ]
INFO: [ app_end ] --START--
INFO: Run Behavior\ShowPageTraceBehavior [ RunTime:0.001000s ]
INFO: [ app_end ] --END-- [ RunTime:0.002001s ]

[ 2018-05-18T09:56:59+08:00 ] 127.0.0.1 /index.php/Admin/Login/index
INFO: [ app_init ] --START--
INFO: Run Behavior\BuildLiteBehavior [ RunTime:0.000000s ]
INFO: [ app_init ] --END-- [ RunTime:0.001000s ]
INFO: [ app_begin ] --START--
INFO: Run Behavior\ReadHtmlCacheBehavior [ RunTime:0.002000s ]
INFO: [ app_begin ] --END-- [ RunTime:0.002000s ]
SQL: SHOW COLUMNS FROM `fen_admin` [ RunTime:0.0060s ]
SQL: SELECT * FROM `fen_admin` WHERE ( username = "admin" ) LIMIT 1   [ RunTime:0.0010s ]
NOTIC: [2] Missing argument 3 for show(), called in D:\wamp\www\fenxiao\Application\Admin\Controller\LoginController.class.php on line 30 and defined D:\wamp\www\fenxiao\Application\Admin\Common\function.php 第 12 行.
NOTIC: [8] Undefined variable: data D:\wamp\www\fenxiao\Application\Admin\Common\function.php 第 16 行.

[ 2018-05-18T09:56:59+08:00 ] 127.0.0.1 /index.php/Admin/index/index
INFO: [ app_init ] --START--
INFO: Run Behavior\BuildLiteBehavior [ RunTime:0.001000s ]
INFO: [ app_init ] --END-- [ RunTime:0.002000s ]
INFO: [ app_begin ] --START--
INFO: Run Behavior\ReadHtmlCacheBehavior [ RunTime:0.001000s ]
INFO: [ app_begin ] --END-- [ RunTime:0.001000s ]
SQL: SHOW COLUMNS FROM `fen_member` [ RunTime:0.0060s ]
SQL: SELECT COUNT(*) AS tp_count FROM `fen_member` WHERE `time` BETWEEN 1526572800 AND 1526659199 LIMIT 1   [ RunTime:0.0020s ]
SQL: SHOW COLUMNS FROM `fen_indent` [ RunTime:0.0070s ]
SQL: SELECT * FROM `fen_indent` WHERE `time` BETWEEN 1526572800 AND 1526659199  [ RunTime:0.0010s ]
SQL: SELECT COUNT(*) AS tp_count FROM `fen_member` WHERE `time` BETWEEN 1525104000 AND 1527782399 LIMIT 1   [ RunTime:0.0010s ]
SQL: SELECT * FROM `fen_indent` WHERE `time` BETWEEN 1525104000 AND 1527782399  [ RunTime:0.0010s ]
INFO: [ view_parse ] --START--
INFO: [ template_filter ] --START--
INFO: Run Behavior\ContentReplaceBehavior [ RunTime:0.001000s ]
INFO: [ template_filter ] --END-- [ RunTime:0.001000s ]
NOTIC: [8] Undefined variable: area D:\wamp\www\fenxiao\Application\Runtime\Cache\Admin\b595b808c2ebeeeb0478ffc30bb4e87a.php 第 816 行.
NOTIC: [8] Undefined variable: list D:\wamp\www\fenxiao\Application\Runtime\Cache\Admin\b595b808c2ebeeeb0478ffc30bb4e87a.php 第 858 行.
NOTIC: [8] Undefined variable: page D:\wamp\www\fenxiao\Application\Runtime\Cache\Admin\b595b808c2ebeeeb0478ffc30bb4e87a.php 第 926 行.
INFO: Run Behavior\ParseTemplateBehavior [ RunTime:0.032002s ]
INFO: [ view_parse ] --END-- [ RunTime:0.032002s ]
INFO: [ view_filter ] --START--
INFO: Run Behavior\WriteHtmlCacheBehavior [ RunTime:0.001000s ]
INFO: [ view_filter ] --END-- [ RunTime:0.001000s ]
INFO: [ app_end ] --START--
INFO: Run Behavior\ShowPageTraceBehavior [ RunTime:0.003000s ]
INFO: [ app_end ] --END-- [ RunTime:0.003000s ]

[ 2018-05-18T09:57:04+08:00 ] 127.0.0.1 /index.php/Admin/product/index
INFO: [ app_init ] --START--
INFO: Run Behavior\BuildLiteBehavior [ RunTime:0.000000s ]
INFO: [ app_init ] --END-- [ RunTime:0.001001s ]
INFO: [ app_begin ] --START--
INFO: Run Behavior\ReadHtmlCacheBehavior [ RunTime:0.002000s ]
INFO: [ app_begin ] --END-- [ RunTime:0.002000s ]
SQL: SHOW COLUMNS FROM `fen_product` [ RunTime:0.0090s ]
SQL: SELECT COUNT(*) AS tp_count FROM `fen_product` WHERE `status` = 0 LIMIT 1   [ RunTime:0.0000s ]
NOTIC: [8] Undefined index: p D:\wamp\www\fenxiao\Application\Admin\Controller\ProductController.class.php 第 7 行.
SQL: SELECT * FROM `fen_product` WHERE `status` = 0 LIMIT 0,10   [ RunTime:0.0010s ]
INFO: [ view_parse ] --START--
INFO: [ template_filter ] --START--
INFO: Run Behavior\ContentReplaceBehavior [ RunTime:0.000000s ]
INFO: [ template_filter ] --END-- [ RunTime:0.001001s ]
NOTIC: [8] Use of undefined constant id - assumed 'id' D:\wamp\www\fenxiao\Application\Runtime\Cache\Admin\34e4b095905075aaede5ee9039415509.php 第 673 行.
SQL: SHOW COLUMNS FROM `fen_class` [ RunTime:0.0070s ]
SQL: SELECT `class_name` FROM `fen_class` WHERE `id` = 6 LIMIT 1   [ RunTime:0.0010s ]
SQL: SHOW COLUMNS FROM `fen_pinpai` [ RunTime:0.0070s ]
SQL: SELECT `pinpai_name` FROM `fen_pinpai` WHERE `id` = 1 LIMIT 1   [ RunTime:0.0010s ]
NOTIC: [8] Use of undefined constant id - assumed 'id' D:\wamp\www\fenxiao\Application\Runtime\Cache\Admin\34e4b095905075aaede5ee9039415509.php 第 673 行.
SQL: SELECT `class_name` FROM `fen_class` WHERE `id` = 6 LIMIT 1   [ RunTime:0.0010s ]
SQL: SELECT `pinpai_name` FROM `fen_pinpai` WHERE `id` = 1 LIMIT 1   [ RunTime:0.0000s ]
NOTIC: [8] Use of undefined constant id - assumed 'id' D:\wamp\www\fenxiao\Application\Runtime\Cache\Admin\34e4b095905075aaede5ee9039415509.php 第 673 行.
SQL: SELECT `class_name` FROM `fen_class` WHERE `id` = 6 LIMIT 1   [ RunTime:0.0010s ]
SQL: SELECT `pinpai_name` FROM `fen_pinpai` WHERE `id` = 0 LIMIT 1   [ RunTime:0.0010s ]
NOTIC: [8] Use of undefined constant id - assumed 'id' D:\wamp\www\fenxiao\Application\Runtime\Cache\Admin\34e4b095905075aaede5ee9039415509.php 第 673 行.
SQL: SELECT `class_name` FROM `fen_class` WHERE `id` = 7 LIMIT 1   [ RunTime:0.0010s ]
SQL: SELECT `pinpai_name` FROM `fen_pinpai` WHERE `id` = 0 LIMIT 1   [ RunTime:0.0010s ]
NOTIC: [8] Use of undefined constant id - assumed 'id' D:\wamp\www\fenxiao\Application\Runtime\Cache\Admin\34e4b095905075aaede5ee9039415509.php 第 673 行.
SQL: SELECT `class_name` FROM `fen_class` WHERE `id` = 7 LIMIT 1   [ RunTime:0.0010s ]
SQL: SELECT `pinpai_name` FROM `fen_pinpai` WHERE `id` = 0 LIMIT 1   [ RunTime:0.0000s ]
NOTIC: [8] Undefined variable: tree D:\wamp\www\fenxiao\Application\Runtime\Cache\Admin\34e4b095905075aaede5ee9039415509.php 第 790 行.
INFO: Run Behavior\ParseTemplateBehavior [ RunTime:0.058004s ]
INFO: [ view_parse ] --END-- [ RunTime:0.059004s ]
INFO: [ view_filter ] --START--
INFO: Run Behavior\WriteHtmlCacheBehavior [ RunTime:0.002000s ]
INFO: [ view_filter ] --END-- [ RunTime:0.002000s ]
INFO: [ app_end ] --START--
INFO: Run Behavior\ShowPageTraceBehavior [ RunTime:0.001000s ]
INFO: [ app_end ] --END-- [ RunTime:0.002000s ]

[ 2018-05-18T09:57:08+08:00 ] 127.0.0.1 /index.php/Admin/Product/tuijian
INFO: [ app_init ] --START--
INFO: Run Behavior\BuildLiteBehavior [ RunTime:0.000000s ]
INFO: [ app_init ] --END-- [ RunTime:0.001000s ]
INFO: [ app_begin ] --START--
INFO: Run Behavior\ReadHtmlCacheBehavior [ RunTime:0.001000s ]
INFO: [ app_begin ] --END-- [ RunTime:0.002000s ]
SQL: SHOW COLUMNS FROM `fen_product` [ RunTime:0.0050s ]
SQL: SELECT * FROM `fen_product` WHERE `id` = 2 LIMIT 1   [ RunTime:0.0010s ]
SQL: UPDATE `fen_product` SET `tuijian`='1' WHERE `id` = 2 [ RunTime:0.0140s ]
NOTIC: [2] Missing argument 3 for show(), called in D:\wamp\www\fenxiao\Application\Admin\Controller\ProductController.class.php on line 126 and defined D:\wamp\www\fenxiao\Application\Admin\Common\function.php 第 12 行.
NOTIC: [8] Undefined variable: data D:\wamp\www\fenxiao\Application\Admin\Common\function.php 第 16 行.

[ 2018-05-18T09:57:09+08:00 ] 127.0.0.1 /index.php/Admin/Product/index
INFO: [ app_init ] --START--
INFO: Run Behavior\BuildLiteBehavior [ RunTime:0.000000s ]
INFO: [ app_init ] --END-- [ RunTime:0.001000s ]
INFO: [ app_begin ] --START--
INFO: Run Behavior\ReadHtmlCacheBehavior [ RunTime:0.001000s ]
INFO: [ app_begin ] --END-- [ RunTime:0.001000s ]
SQL: SHOW COLUMNS FROM `fen_product` [ RunTime:0.0070s ]
SQL: SELECT COUNT(*) AS tp_count FROM `fen_product` WHERE `status` = 0 LIMIT 1   [ RunTime:0.0000s ]
NOTIC: [8] Undefined index: p D:\wamp\www\fenxiao\Application\Admin\Controller\ProductController.class.php 第 7 行.
SQL: SELECT * FROM `fen_product` WHERE `status` = 0 LIMIT 0,10   [ RunTime:0.0000s ]
INFO: [ view_parse ] --START--
INFO: [ template_filter ] --START--
INFO: Run Behavior\ContentReplaceBehavior [ RunTime:0.000000s ]
INFO: [ template_filter ] --END-- [ RunTime:0.000000s ]
NOTIC: [8] Use of undefined constant id - assumed 'id' D:\wamp\www\fenxiao\Application\Runtime\Cache\Admin\34e4b095905075aaede5ee9039415509.php 第 673 行.
SQL: SHOW COLUMNS FROM `fen_class` [ RunTime:0.0060s ]
SQL: SELECT `class_name` FROM `fen_class` WHERE `id` = 6 LIMIT 1   [ RunTime:0.0000s ]
SQL: SHOW COLUMNS FROM `fen_pinpai` [ RunTime:0.0070s ]
SQL: SELECT `pinpai_name` FROM `fen_pinpai` WHERE `id` = 1 LIMIT 1   [ RunTime:0.0010s ]
NOTIC: [8] Use of undefined constant id - assumed 'id' D:\wamp\www\fenxiao\Application\Runtime\Cache\Admin\34e4b095905075aaede5ee9039415509.php 第 673 行.
SQL: SELECT `class_name` FROM `fen_class` WHERE `id` = 6 LIMIT 1   [ RunTime:0.0010s ]
SQL: SELECT `pinpai_name` FROM `fen_pinpai` WHERE `id` = 1 LIMIT 1   [ RunTime:0.0000s ]
NOTIC: [8] Use of undefined constant id - assumed 'id' D:\wamp\www\fenxiao\Application\Runtime\Cache\Admin\34e4b095905075aaede5ee9039415509.php 第 673 行.
SQL: SELECT `class_name` FROM `fen_class` WHERE `id` = 6 LIMIT 1   [ RunTime:0.0000s ]
SQL: SELECT `pinpai_name` FROM `fen_pinpai` WHERE `id` = 0 LIMIT 1   [ RunTime:0.0000s ]
NOTIC: [8] Use of undefined constant id - assumed 'id' D:\wamp\www\fenxiao\Application\Runtime\Cache\Admin\34e4b095905075aaede5ee9039415509.php 第 673 行.
SQL: SELECT `class_name` FROM `fen_class` WHERE `id` = 7 LIMIT 1   [ RunTime:0.0000s ]
SQL: SELECT `pinpai_name` FROM `fen_pinpai` WHERE `id` = 0 LIMIT 1   [ RunTime:0.0010s ]
NOTIC: [8] Use of undefined constant id - assumed 'id' D:\wamp\www\fenxiao\Application\Runtime\Cache\Admin\34e4b095905075aaede5ee9039415509.php 第 673 行.
SQL: SELECT `class_name` FROM `fen_class` WHERE `id` = 7 LIMIT 1   [ RunTime:0.0010s ]
SQL: SELECT `pinpai_name` FROM `fen_pinpai` WHERE `id` = 0 LIMIT 1   [ RunTime:0.0000s ]
NOTIC: [8] Undefined variable: tree D:\wamp\www\fenxiao\Application\Runtime\Cache\Admin\34e4b095905075aaede5ee9039415509.php 第 790 行.
INFO: Run Behavior\ParseTemplateBehavior [ RunTime:0.046003s ]
INFO: [ view_parse ] --END-- [ RunTime:0.046003s ]
INFO: [ view_filter ] --START--
INFO: Run Behavior\WriteHtmlCacheBehavior [ RunTime:0.001000s ]
INFO: [ view_filter ] --END-- [ RunTime:0.001000s ]
INFO: [ app_end ] --START--
INFO: Run Behavior\ShowPageTraceBehavior [ RunTime:0.001000s ]
INFO: [ app_end ] --END-- [ RunTime:0.002000s ]

[ 2018-05-18T10:08:56+08:00 ] 127.0.0.1 /index.php/Admin/Product/tuijian
INFO: [ app_init ] --START--
INFO: Run Behavior\BuildLiteBehavior [ RunTime:0.000000s ]
INFO: [ app_init ] --END-- [ RunTime:0.001000s ]
INFO: [ app_begin ] --START--
INFO: Run Behavior\ReadHtmlCacheBehavior [ RunTime:0.001000s ]
INFO: [ app_begin ] --END-- [ RunTime:0.001000s ]
SQL: SHOW COLUMNS FROM `fen_product` [ RunTime:0.0070s ]
SQL: SELECT * FROM `fen_product` WHERE `id` = 3 LIMIT 1   [ RunTime:0.0000s ]
SQL: UPDATE `fen_product` SET `tuijian`='1' WHERE `id` = 3 [ RunTime:0.0030s ]
NOTIC: [2] Missing argument 3 for show(), called in D:\wamp\www\fenxiao\Application\Admin\Controller\ProductController.class.php on line 126 and defined D:\wamp\www\fenxiao\Application\Admin\Common\function.php 第 12 行.
NOTIC: [8] Undefined variable: data D:\wamp\www\fenxiao\Application\Admin\Common\function.php 第 16 行.

[ 2018-05-18T10:08:57+08:00 ] 127.0.0.1 /index.php/Admin/Product/index
INFO: [ app_init ] --START--
INFO: Run Behavior\BuildLiteBehavior [ RunTime:0.000000s ]
INFO: [ app_init ] --END-- [ RunTime:0.000000s ]
INFO: [ app_begin ] --START--
INFO: Run Behavior\ReadHtmlCacheBehavior [ RunTime:0.001000s ]
INFO: [ app_begin ] --END-- [ RunTime:0.001000s ]
SQL: SHOW COLUMNS FROM `fen_product` [ RunTime:0.0070s ]
SQL: SELECT COUNT(*) AS tp_count FROM `fen_product` WHERE `status` = 0 LIMIT 1   [ RunTime:0.0000s ]
NOTIC: [8] Undefined index: p D:\wamp\www\fenxiao\Application\Admin\Controller\ProductController.class.php 第 7 行.
SQL: SELECT * FROM `fen_product` WHERE `status` = 0 LIMIT 0,10   [ RunTime:0.0000s ]
INFO: [ view_parse ] --START--
INFO: [ template_filter ] --START--
INFO: Run Behavior\ContentReplaceBehavior [ RunTime:0.001000s ]
INFO: [ template_filter ] --END-- [ RunTime:0.001000s ]
NOTIC: [8] Use of undefined constant id - assumed 'id' D:\wamp\www\fenxiao\Application\Runtime\Cache\Admin\34e4b095905075aaede5ee9039415509.php 第 673 行.
SQL: SHOW COLUMNS FROM `fen_class` [ RunTime:0.0070s ]
SQL: SELECT `class_name` FROM `fen_class` WHERE `id` = 6 LIMIT 1   [ RunTime:0.0000s ]
SQL: SHOW COLUMNS FROM `fen_pinpai` [ RunTime:0.0060s ]
SQL: SELECT `pinpai_name` FROM `fen_pinpai` WHERE `id` = 1 LIMIT 1   [ RunTime:0.0010s ]
NOTIC: [8] Use of undefined constant id - assumed 'id' D:\wamp\www\fenxiao\Application\Runtime\Cache\Admin\34e4b095905075aaede5ee9039415509.php 第 673 行.
SQL: SELECT `class_name` FROM `fen_class` WHERE `id` = 6 LIMIT 1   [ RunTime:0.0010s ]
SQL: SELECT `pinpai_name` FROM `fen_pinpai` WHERE `id` = 1 LIMIT 1   [ RunTime:0.0010s ]
NOTIC: [8] Use of undefined constant id - assumed 'id' D:\wamp\www\fenxiao\Application\Runtime\Cache\Admin\34e4b095905075aaede5ee9039415509.php 第 673 行.
SQL: SELECT `class_name` FROM `fen_class` WHERE `id` = 6 LIMIT 1   [ RunTime:0.0000s ]
SQL: SELECT `pinpai_name` FROM `fen_pinpai` WHERE `id` = 0 LIMIT 1   [ RunTime:0.0010s ]
NOTIC: [8] Use of undefined constant id - assumed 'id' D:\wamp\www\fenxiao\Application\Runtime\Cache\Admin\34e4b095905075aaede5ee9039415509.php 第 673 行.
SQL: SELECT `class_name` FROM `fen_class` WHERE `id` = 7 LIMIT 1   [ RunTime:0.0010s ]
SQL: SELECT `pinpai_name` FROM `fen_pinpai` WHERE `id` = 0 LIMIT 1   [ RunTime:0.0010s ]
NOTIC: [8] Use of undefined constant id - assumed 'id' D:\wamp\www\fenxiao\Application\Runtime\Cache\Admin\34e4b095905075aaede5ee9039415509.php 第 673 行.
SQL: SELECT `class_name` FROM `fen_class` WHERE `id` = 7 LIMIT 1   [ RunTime:0.0000s ]
SQL: SELECT `pinpai_name` FROM `fen_pinpai` WHERE `id` = 0 LIMIT 1   [ RunTime:0.0000s ]
NOTIC: [8] Undefined variable: tree D:\wamp\www\fenxiao\Application\Runtime\Cache\Admin\34e4b095905075aaede5ee9039415509.php 第 790 行.
INFO: Run Behavior\ParseTemplateBehavior [ RunTime:0.048003s ]
INFO: [ view_parse ] --END-- [ RunTime:0.049003s ]
INFO: [ view_filter ] --START--
INFO: Run Behavior\WriteHtmlCacheBehavior [ RunTime:0.002000s ]
INFO: [ view_filter ] --END-- [ RunTime:0.002000s ]
INFO: [ app_end ] --START--
INFO: Run Behavior\ShowPageTraceBehavior [ RunTime:0.001000s ]
INFO: [ app_end ] --END-- [ RunTime:0.002000s ]

[ 2018-05-18T15:54:36+08:00 ] 127.0.0.1 /index.php/Admin/member/indent_finish
INFO: [ app_init ] --START--
INFO: Run Behavior\BuildLiteBehavior [ RunTime:0.000000s ]
INFO: [ app_init ] --END-- [ RunTime:0.001001s ]
INFO: [ app_begin ] --START--
INFO: Run Behavior\ReadHtmlCacheBehavior [ RunTime:0.001000s ]
INFO: [ app_begin ] --END-- [ RunTime:0.001000s ]
SQL: SHOW COLUMNS FROM `fen_indent` [ RunTime:0.0070s ]
SQL: SELECT COUNT(*) AS tp_count FROM `fen_indent` WHERE `status` = 3 LIMIT 1   [ RunTime:0.0010s ]
NOTIC: [8] Undefined index: p D:\wamp\www\fenxiao\Application\Admin\Controller\MemberController.class.php 第 426 行.
SQL: SELECT * FROM `fen_indent` WHERE `status` = 3 LIMIT 0,10   [ RunTime:0.0000s ]
INFO: [ view_parse ] --START--
INFO: [ template_filter ] --START--
INFO: Run Behavior\ContentReplaceBehavior [ RunTime:0.000000s ]
INFO: [ template_filter ] --END-- [ RunTime:0.001000s ]
NOTIC: [8] Use of undefined constant id - assumed 'id' D:\wamp\www\fenxiao\Application\Runtime\Cache\Admin\b52cb559d0bf6cf4e8b88c0421ef51a8.php 第 668 行.
SQL: SHOW COLUMNS FROM `fen_member_data` [ RunTime:0.0060s ]
SQL: SELECT `name` FROM `fen_member_data` WHERE `member_id` = 1 LIMIT 1   [ RunTime:0.0000s ]
SQL: SHOW COLUMNS FROM `fen_address` [ RunTime:0.0060s ]
SQL: SELECT `location`,`address` FROM `fen_address` WHERE `id` = 1 LIMIT 1   [ RunTime:0.0010s ]
SQL: SELECT `phone` FROM `fen_address` WHERE `id` = 1 LIMIT 1   [ RunTime:0.0000s ]
SQL: SHOW COLUMNS FROM `fen_member` [ RunTime:0.0070s ]
SQL: SELECT `username` FROM `fen_member` WHERE `id` = 1 LIMIT 1   [ RunTime:0.0000s ]
SQL: SELECT `name` FROM `fen_member_data` WHERE `member_id` = 1 LIMIT 1   [ RunTime:0.0000s ]
SQL: SELECT `phone` FROM `fen_member_data` WHERE `member_id` = 1 LIMIT 1   [ RunTime:0.0000s ]
NOTIC: [8] Undefined index: fahuo_time D:\wamp\www\fenxiao\Application\Runtime\Cache\Admin\b52cb559d0bf6cf4e8b88c0421ef51a8.php 第 678 行.
NOTIC: [8] Undefined variable: tree D:\wamp\www\fenxiao\Application\Runtime\Cache\Admin\b52cb559d0bf6cf4e8b88c0421ef51a8.php 第 757 行.
INFO: Run Behavior\ParseTemplateBehavior [ RunTime:0.061004s ]
INFO: [ view_parse ] --END-- [ RunTime:0.061004s ]
INFO: [ view_filter ] --START--
INFO: Run Behavior\WriteHtmlCacheBehavior [ RunTime:0.001000s ]
INFO: [ view_filter ] --END-- [ RunTime:0.002000s ]
INFO: [ app_end ] --START--
INFO: Run Behavior\ShowPageTraceBehavior [ RunTime:0.001000s ]
INFO: [ app_end ] --END-- [ RunTime:0.001000s ]

[ 2018-05-18T15:54:39+08:00 ] 127.0.0.1 /index.php/Admin/member/indent
INFO: [ app_init ] --START--
INFO: Run Behavior\BuildLiteBehavior [ RunTime:0.000000s ]
INFO: [ app_init ] --END-- [ RunTime:0.001000s ]
INFO: [ app_begin ] --START--
INFO: Run Behavior\ReadHtmlCacheBehavior [ RunTime:0.001000s ]
INFO: [ app_begin ] --END-- [ RunTime:0.001000s ]
SQL: SHOW COLUMNS FROM `fen_indent` [ RunTime:0.0060s ]
SQL: SELECT COUNT(*) AS tp_count FROM `fen_indent` WHERE `status` = 1 LIMIT 1   [ RunTime:0.0010s ]
NOTIC: [8] Undefined index: p D:\wamp\www\fenxiao\Application\Admin\Controller\MemberController.class.php 第 355 行.
SQL: SELECT * FROM `fen_indent` WHERE `status` = 1 LIMIT 0,10   [ RunTime:0.0020s ]
INFO: [ view_parse ] --START--
INFO: [ template_filter ] --START--
INFO: Run Behavior\ContentReplaceBehavior [ RunTime:0.000000s ]
INFO: [ template_filter ] --END-- [ RunTime:0.000000s ]
NOTIC: [8] Use of undefined constant id - assumed 'id' D:\wamp\www\fenxiao\Application\Runtime\Cache\Admin\95116dd4e157075e9fe2df0f93f67174.php 第 667 行.
SQL: SHOW COLUMNS FROM `fen_member_data` [ RunTime:0.0070s ]
SQL: SELECT `name` FROM `fen_member_data` WHERE `member_id` = 1 LIMIT 1   [ RunTime:0.0000s ]
SQL: SHOW COLUMNS FROM `fen_address` [ RunTime:0.0070s ]
SQL: SELECT `location`,`address` FROM `fen_address` WHERE `id` = 3 LIMIT 1   [ RunTime:0.0010s ]
SQL: SELECT `phone` FROM `fen_address` WHERE `id` = 3 LIMIT 1   [ RunTime:0.0010s ]
SQL: SHOW COLUMNS FROM `fen_member` [ RunTime:0.0080s ]
SQL: SELECT `username` FROM `fen_member` WHERE `id` = -1 LIMIT 1   [ RunTime:0.0020s ]
SQL: SELECT `name` FROM `fen_member_data` WHERE `member_id` = -1 LIMIT 1   [ RunTime:0.0000s ]
SQL: SELECT `phone` FROM `fen_member_data` WHERE `member_id` = -1 LIMIT 1   [ RunTime:0.0010s ]
NOTIC: [8] Use of undefined constant id - assumed 'id' D:\wamp\www\fenxiao\Application\Runtime\Cache\Admin\95116dd4e157075e9fe2df0f93f67174.php 第 667 行.
SQL: SELECT `name` FROM `fen_member_data` WHERE `member_id` = 1 LIMIT 1   [ RunTime:0.0010s ]
SQL: SELECT `location`,`address` FROM `fen_address` WHERE `id` = 1 LIMIT 1   [ RunTime:0.0010s ]
SQL: SELECT `phone` FROM `fen_address` WHERE `id` = 1 LIMIT 1   [ RunTime:0.0010s ]
SQL: SELECT `username` FROM `fen_member` WHERE `id` = 2 LIMIT 1   [ RunTime:0.0010s ]
SQL: SELECT `name` FROM `fen_member_data` WHERE `member_id` = 2 LIMIT 1   [ RunTime:0.0000s ]
SQL: SELECT `phone` FROM `fen_member_data` WHERE `member_id` = 2 LIMIT 1   [ RunTime:0.0000s ]
NOTIC: [8] Use of undefined constant id - assumed 'id' D:\wamp\www\fenxiao\Application\Runtime\Cache\Admin\95116dd4e157075e9fe2df0f93f67174.php 第 667 行.
SQL: SELECT `name` FROM `fen_member_data` WHERE `member_id` = 1 LIMIT 1   [ RunTime:0.0000s ]
SQL: SELECT `location`,`address` FROM `fen_address` WHERE `id` = 1 LIMIT 1   [ RunTime:0.0000s ]
SQL: SELECT `phone` FROM `fen_address` WHERE `id` = 1 LIMIT 1   [ RunTime:0.0010s ]
SQL: SELECT `username` FROM `fen_member` WHERE `id` = 2 LIMIT 1   [ RunTime:0.0000s ]
SQL: SELECT `name` FROM `fen_member_data` WHERE `member_id` = 2 LIMIT 1   [ RunTime:0.0000s ]
SQL: SELECT `phone` FROM `fen_member_data` WHERE `member_id` = 2 LIMIT 1   [ RunTime:0.0010s ]
NOTIC: [8] Use of undefined constant id - assumed 'id' D:\wamp\www\fenxiao\Application\Runtime\Cache\Admin\95116dd4e157075e9fe2df0f93f67174.php 第 667 行.
SQL: SELECT `name` FROM `fen_member_data` WHERE `member_id` = 5 LIMIT 1   [ RunTime:0.0010s ]
SQL: SELECT `location`,`address` FROM `fen_address` WHERE `id` = 6 LIMIT 1   [ RunTime:0.0000s ]
SQL: SELECT `phone` FROM `fen_address` WHERE `id` = 6 LIMIT 1   [ RunTime:0.0000s ]
SQL: SELECT `username` FROM `fen_member` WHERE `id` = 4 LIMIT 1   [ RunTime:0.0000s ]
SQL: SELECT `name` FROM `fen_member_data` WHERE `member_id` = 4 LIMIT 1   [ RunTime:0.0000s ]
SQL: SELECT `phone` FROM `fen_member_data` WHERE `member_id` = 4 LIMIT 1   [ RunTime:0.0010s ]
NOTIC: [8] Use of undefined constant id - assumed 'id' D:\wamp\www\fenxiao\Application\Runtime\Cache\Admin\95116dd4e157075e9fe2df0f93f67174.php 第 667 行.
SQL: SELECT `name` FROM `fen_member_data` WHERE `member_id` = 5 LIMIT 1   [ RunTime:0.0000s ]
SQL: SELECT `location`,`address` FROM `fen_address` WHERE `id` = 6 LIMIT 1   [ RunTime:0.0000s ]
SQL: SELECT `phone` FROM `fen_address` WHERE `id` = 6 LIMIT 1   [ RunTime:0.0000s ]
SQL: SELECT `username` FROM `fen_member` WHERE `id` = 4 LIMIT 1   [ RunTime:0.0000s ]
SQL: SELECT `name` FROM `fen_member_data` WHERE `member_id` = 4 LIMIT 1   [ RunTime:0.0000s ]
SQL: SELECT `phone` FROM `fen_member_data` WHERE `member_id` = 4 LIMIT 1   [ RunTime:0.0000s ]
NOTIC: [8] Use of undefined constant id - assumed 'id' D:\wamp\www\fenxiao\Application\Runtime\Cache\Admin\95116dd4e157075e9fe2df0f93f67174.php 第 667 行.
SQL: SELECT `name` FROM `fen_member_data` WHERE `member_id` = 5 LIMIT 1   [ RunTime:0.0000s ]
SQL: SELECT `location`,`address` FROM `fen_address` WHERE `id` = 6 LIMIT 1   [ RunTime:0.0000s ]
SQL: SELECT `phone` FROM `fen_address` WHERE `id` = 6 LIMIT 1   [ RunTime:0.0000s ]
SQL: SELECT `username` FROM `fen_member` WHERE `id` = 4 LIMIT 1   [ RunTime:0.0010s ]
SQL: SELECT `name` FROM `fen_member_data` WHERE `member_id` = 4 LIMIT 1   [ RunTime:0.0000s ]
SQL: SELECT `phone` FROM `fen_member_data` WHERE `member_id` = 4 LIMIT 1   [ RunTime:0.0010s ]
NOTIC: [8] Undefined variable: tree D:\wamp\www\fenxiao\Application\Runtime\Cache\Admin\95116dd4e157075e9fe2df0f93f67174.php 第 774 行.
INFO: Run Behavior\ParseTemplateBehavior [ RunTime:0.083004s ]
INFO: [ view_parse ] --END-- [ RunTime:0.083004s ]
INFO: [ view_filter ] --START--
INFO: Run Behavior\WriteHtmlCacheBehavior [ RunTime:0.001000s ]
INFO: [ view_filter ] --END-- [ RunTime:0.001000s ]
INFO: [ app_end ] --START--
INFO: Run Behavior\ShowPageTraceBehavior [ RunTime:0.001000s ]
INFO: [ app_end ] --END-- [ RunTime:0.001000s ]

[ 2018-05-18T16:00:51+08:00 ] 127.0.0.1 /index.php/Admin/member/indent_finish
INFO: [ app_init ] --START--
INFO: Run Behavior\BuildLiteBehavior [ RunTime:0.000000s ]
INFO: [ app_init ] --END-- [ RunTime:0.001000s ]
INFO: [ app_begin ] --START--
INFO: Run Behavior\ReadHtmlCacheBehavior [ RunTime:0.001000s ]
INFO: [ app_begin ] --END-- [ RunTime:0.001000s ]
SQL: SHOW COLUMNS FROM `fen_indent` [ RunTime:0.0060s ]
SQL: SELECT COUNT(*) AS tp_count FROM `fen_indent` WHERE `status` = 3 LIMIT 1   [ RunTime:0.0000s ]
NOTIC: [8] Undefined index: p D:\wamp\www\fenxiao\Application\Admin\Controller\MemberController.class.php 第 452 行.
SQL: SELECT * FROM `fen_indent` WHERE `status` = 3 LIMIT 0,10   [ RunTime:0.0000s ]
INFO: [ view_parse ] --START--
INFO: [ template_filter ] --START--
INFO: Run Behavior\ContentReplaceBehavior [ RunTime:0.000000s ]
INFO: [ template_filter ] --END-- [ RunTime:0.001000s ]
NOTIC: [8] Use of undefined constant id - assumed 'id' D:\wamp\www\fenxiao\Application\Runtime\Cache\Admin\b52cb559d0bf6cf4e8b88c0421ef51a8.php 第 668 行.
SQL: SHOW COLUMNS FROM `fen_member_data` [ RunTime:0.0060s ]
SQL: SELECT `name` FROM `fen_member_data` WHERE `member_id` = 1 LIMIT 1   [ RunTime:0.0010s ]
SQL: SHOW COLUMNS FROM `fen_address` [ RunTime:0.0070s ]
SQL: SELECT `location`,`address` FROM `fen_address` WHERE `id` = 1 LIMIT 1   [ RunTime:0.0000s ]
SQL: SELECT `phone` FROM `fen_address` WHERE `id` = 1 LIMIT 1   [ RunTime:0.0000s ]
SQL: SHOW COLUMNS FROM `fen_member` [ RunTime:0.0060s ]
SQL: SELECT `username` FROM `fen_member` WHERE `id` = 1 LIMIT 1   [ RunTime:0.0000s ]
SQL: SELECT `name` FROM `fen_member_data` WHERE `member_id` = 1 LIMIT 1   [ RunTime:0.0000s ]
SQL: SELECT `phone` FROM `fen_member_data` WHERE `member_id` = 1 LIMIT 1   [ RunTime:0.0000s ]
NOTIC: [8] Undefined index: fahuo_time D:\wamp\www\fenxiao\Application\Runtime\Cache\Admin\b52cb559d0bf6cf4e8b88c0421ef51a8.php 第 678 行.
NOTIC: [8] Undefined variable: tree D:\wamp\www\fenxiao\Application\Runtime\Cache\Admin\b52cb559d0bf6cf4e8b88c0421ef51a8.php 第 757 行.
INFO: Run Behavior\ParseTemplateBehavior [ RunTime:0.049003s ]
INFO: [ view_parse ] --END-- [ RunTime:0.050003s ]
INFO: [ view_filter ] --START--
INFO: Run Behavior\WriteHtmlCacheBehavior [ RunTime:0.001000s ]
INFO: [ view_filter ] --END-- [ RunTime:0.001000s ]
INFO: [ app_end ] --START--
INFO: Run Behavior\ShowPageTraceBehavior [ RunTime:0.001000s ]
INFO: [ app_end ] --END-- [ RunTime:0.002000s ]

[ 2018-05-18T16:06:12+08:00 ] 127.0.0.1 /index.php/Admin/member/indent
INFO: [ app_init ] --START--
INFO: Run Behavior\BuildLiteBehavior [ RunTime:0.000000s ]
INFO: [ app_init ] --END-- [ RunTime:0.001000s ]
INFO: [ app_begin ] --START--
INFO: Run Behavior\ReadHtmlCacheBehavior [ RunTime:0.001000s ]
INFO: [ app_begin ] --END-- [ RunTime:0.002000s ]
SQL: SHOW COLUMNS FROM `fen_indent` [ RunTime:0.0060s ]
SQL: SELECT COUNT(*) AS tp_count FROM `fen_indent` WHERE `status` = 1 LIMIT 1   [ RunTime:0.0010s ]
NOTIC: [8] Undefined index: p D:\wamp\www\fenxiao\Application\Admin\Controller\MemberController.class.php 第 354 行.
SQL: SELECT * FROM `fen_indent` WHERE `status` = 1 LIMIT 0,10   [ RunTime:0.0010s ]
INFO: [ view_parse ] --START--
INFO: [ template_filter ] --START--
INFO: Run Behavior\ContentReplaceBehavior [ RunTime:0.000000s ]
INFO: [ template_filter ] --END-- [ RunTime:0.001000s ]
NOTIC: [8] Use of undefined constant id - assumed 'id' D:\wamp\www\fenxiao\Application\Runtime\Cache\Admin\95116dd4e157075e9fe2df0f93f67174.php 第 667 行.
SQL: SHOW COLUMNS FROM `fen_member_data` [ RunTime:0.0060s ]
SQL: SELECT `name` FROM `fen_member_data` WHERE `member_id` = 1 LIMIT 1   [ RunTime:0.0010s ]
SQL: SHOW COLUMNS FROM `fen_address` [ RunTime:0.0060s ]
SQL: SELECT `location`,`address` FROM `fen_address` WHERE `id` = 3 LIMIT 1   [ RunTime:0.0000s ]
SQL: SELECT `phone` FROM `fen_address` WHERE `id` = 3 LIMIT 1   [ RunTime:0.0000s ]
SQL: SHOW COLUMNS FROM `fen_member` [ RunTime:0.0070s ]
SQL: SELECT `username` FROM `fen_member` WHERE `id` = -1 LIMIT 1   [ RunTime:0.0010s ]
SQL: SELECT `name` FROM `fen_member_data` WHERE `member_id` = -1 LIMIT 1   [ RunTime:0.0010s ]
SQL: SELECT `phone` FROM `fen_member_data` WHERE `member_id` = -1 LIMIT 1   [ RunTime:0.0010s ]
NOTIC: [8] Use of undefined constant id - assumed 'id' D:\wamp\www\fenxiao\Application\Runtime\Cache\Admin\95116dd4e157075e9fe2df0f93f67174.php 第 667 行.
SQL: SELECT `name` FROM `fen_member_data` WHERE `member_id` = 1 LIMIT 1   [ RunTime:0.0000s ]
SQL: SELECT `location`,`address` FROM `fen_address` WHERE `id` = 1 LIMIT 1   [ RunTime:0.0000s ]
SQL: SELECT `phone` FROM `fen_address` WHERE `id` = 1 LIMIT 1   [ RunTime:0.0010s ]
SQL: SELECT `username` FROM `fen_member` WHERE `id` = 2 LIMIT 1   [ RunTime:0.0010s ]
SQL: SELECT `name` FROM `fen_member_data` WHERE `member_id` = 2 LIMIT 1   [ RunTime:0.0000s ]
SQL: SELECT `phone` FROM `fen_member_data` WHERE `member_id` = 2 LIMIT 1   [ RunTime:0.0000s ]
NOTIC: [8] Use of undefined constant id - assumed 'id' D:\wamp\www\fenxiao\Application\Runtime\Cache\Admin\95116dd4e157075e9fe2df0f93f67174.php 第 667 行.
SQL: SELECT `name` FROM `fen_member_data` WHERE `member_id` = 1 LIMIT 1   [ RunTime:0.0000s ]
SQL: SELECT `location`,`address` FROM `fen_address` WHERE `id` = 1 LIMIT 1   [ RunTime:0.0000s ]
SQL: SELECT `phone` FROM `fen_address` WHERE `id` = 1 LIMIT 1   [ RunTime:0.0010s ]
SQL: SELECT `username` FROM `fen_member` WHERE `id` = 2 LIMIT 1   [ RunTime:0.0010s ]
SQL: SELECT `name` FROM `fen_member_data` WHERE `member_id` = 2 LIMIT 1   [ RunTime:0.0000s ]
SQL: SELECT `phone` FROM `fen_member_data` WHERE `member_id` = 2 LIMIT 1   [ RunTime:0.0000s ]
NOTIC: [8] Use of undefined constant id - assumed 'id' D:\wamp\www\fenxiao\Application\Runtime\Cache\Admin\95116dd4e157075e9fe2df0f93f67174.php 第 667 行.
SQL: SELECT `name` FROM `fen_member_data` WHERE `member_id` = 5 LIMIT 1   [ RunTime:0.0000s ]
SQL: SELECT `location`,`address` FROM `fen_address` WHERE `id` = 6 LIMIT 1   [ RunTime:0.0000s ]
SQL: SELECT `phone` FROM `fen_address` WHERE `id` = 6 LIMIT 1   [ RunTime:0.0000s ]
SQL: SELECT `username` FROM `fen_member` WHERE `id` = 4 LIMIT 1   [ RunTime:0.0000s ]
SQL: SELECT `name` FROM `fen_member_data` WHERE `member_id` = 4 LIMIT 1   [ RunTime:0.0000s ]
SQL: SELECT `phone` FROM `fen_member_data` WHERE `member_id` = 4 LIMIT 1   [ RunTime:0.0000s ]
NOTIC: [8] Use of undefined constant id - assumed 'id' D:\wamp\www\fenxiao\Application\Runtime\Cache\Admin\95116dd4e157075e9fe2df0f93f67174.php 第 667 行.
SQL: SELECT `name` FROM `fen_member_data` WHERE `member_id` = 5 LIMIT 1   [ RunTime:0.0000s ]
SQL: SELECT `location`,`address` FROM `fen_address` WHERE `id` = 6 LIMIT 1   [ RunTime:0.0000s ]
SQL: SELECT `phone` FROM `fen_address` WHERE `id` = 6 LIMIT 1   [ RunTime:0.0000s ]
SQL: SELECT `username` FROM `fen_member` WHERE `id` = 4 LIMIT 1   [ RunTime:0.0000s ]
SQL: SELECT `name` FROM `fen_member_data` WHERE `member_id` = 4 LIMIT 1   [ RunTime:0.0000s ]
SQL: SELECT `phone` FROM `fen_member_data` WHERE `member_id` = 4 LIMIT 1   [ RunTime:0.0010s ]
NOTIC: [8] Use of undefined constant id - assumed 'id' D:\wamp\www\fenxiao\Application\Runtime\Cache\Admin\95116dd4e157075e9fe2df0f93f67174.php 第 667 行.
SQL: SELECT `name` FROM `fen_member_data` WHERE `member_id` = 5 LIMIT 1   [ RunTime:0.0010s ]
SQL: SELECT `location`,`address` FROM `fen_address` WHERE `id` = 6 LIMIT 1   [ RunTime:0.0000s ]
SQL: SELECT `phone` FROM `fen_address` WHERE `id` = 6 LIMIT 1   [ RunTime:0.0000s ]
SQL: SELECT `username` FROM `fen_member` WHERE `id` = 4 LIMIT 1   [ RunTime:0.0000s ]
SQL: SELECT `name` FROM `fen_member_data` WHERE `member_id` = 4 LIMIT 1   [ RunTime:0.0000s ]
SQL: SELECT `phone` FROM `fen_member_data` WHERE `member_id` = 4 LIMIT 1   [ RunTime:0.0010s ]
NOTIC: [8] Undefined variable: tree D:\wamp\www\fenxiao\Application\Runtime\Cache\Admin\95116dd4e157075e9fe2df0f93f67174.php 第 774 行.
INFO: Run Behavior\ParseTemplateBehavior [ RunTime:0.078005s ]
INFO: [ view_parse ] --END-- [ RunTime:0.079005s ]
INFO: [ view_filter ] --START--
INFO: Run Behavior\WriteHtmlCacheBehavior [ RunTime:0.001000s ]
INFO: [ view_filter ] --END-- [ RunTime:0.001000s ]
INFO: [ app_end ] --START--
INFO: Run Behavior\ShowPageTraceBehavior [ RunTime:0.001000s ]
INFO: [ app_end ] --END-- [ RunTime:0.001000s ]

[ 2018-05-18T16:13:59+08:00 ] 127.0.0.1 /index.php/Admin/tixian/index
INFO: [ app_init ] --START--
INFO: Run Behavior\BuildLiteBehavior [ RunTime:0.000000s ]
INFO: [ app_init ] --END-- [ RunTime:0.001000s ]
INFO: [ app_begin ] --START--
INFO: Run Behavior\ReadHtmlCacheBehavior [ RunTime:0.001000s ]
INFO: [ app_begin ] --END-- [ RunTime:0.001000s ]
SQL: SHOW COLUMNS FROM `fen_finances` [ RunTime:0.0070s ]
NOTIC: [8] Undefined variable: offset D:\wamp\www\fenxiao\Application\Admin\Controller\TixianController.class.php 第 11 行.
NOTIC: [8] Undefined variable: pageSize D:\wamp\www\fenxiao\Application\Admin\Controller\TixianController.class.php 第 11 行.
SQL: SHOW COLUMNS FROM `fen_finances` [ RunTime:0.0060s ]
SQL: SELECT COUNT(*) AS tp_count FROM fen_finances fin,fen_member_data data WHERE ( fin.userid=data.member_id and fin.roletype=1 and fin.moneytype=1 and fin.status=0 ) ORDER BY fin.id desc LIMIT 1   [ RunTime:0.0040s ]
NOTIC: [8] Undefined index: p D:\wamp\www\fenxiao\Application\Admin\Controller\TixianController.class.php 第 13 行.
SQL: SHOW COLUMNS FROM `fen_finances` [ RunTime:0.0060s ]
SQL: SELECT fin.money,fin.id,fin.userid,fin.status,fin.time,data.name,data.weixin,data.phone,data.alipay,data.bankcard,data.bank_address,data.bank_man FROM fen_finances fin,fen_member_data data WHERE ( fin.userid=data.member_id and fin.roletype=1 and fin.moneytype=1 and fin.status=0 ) ORDER BY fin.id desc LIMIT 0,10   [ RunTime:0.0020s ]
INFO: [ view_parse ] --START--
INFO: [ template_filter ] --START--
INFO: Run Behavior\ContentReplaceBehavior [ RunTime:0.000000s ]
INFO: [ template_filter ] --END-- [ RunTime:0.000000s ]
NOTIC: [8] Use of undefined constant id - assumed 'id' D:\wamp\www\fenxiao\Application\Runtime\Cache\Admin\dcd254693432de1f8e5a1736ebc5a19b.php 第 662 行.
NOTIC: [8] Use of undefined constant id - assumed 'id' D:\wamp\www\fenxiao\Application\Runtime\Cache\Admin\dcd254693432de1f8e5a1736ebc5a19b.php 第 662 行.
NOTIC: [8] Use of undefined constant id - assumed 'id' D:\wamp\www\fenxiao\Application\Runtime\Cache\Admin\dcd254693432de1f8e5a1736ebc5a19b.php 第 662 行.
SQL: SHOW COLUMNS FROM `fen_member_data` [ RunTime:0.0080s ]
SQL: SELECT `name` FROM `fen_member_data` WHERE `member_id` = 1 LIMIT 1   [ RunTime:0.0010s ]
SQL: SELECT `name` FROM `fen_member_data` WHERE `member_id` = 1 LIMIT 1   [ RunTime:0.0000s ]
SQL: SELECT `name` FROM `fen_member_data` WHERE `member_id` = 12 LIMIT 1   [ RunTime:0.0010s ]
INFO: Run Behavior\ParseTemplateBehavior [ RunTime:0.037002s ]
INFO: [ view_parse ] --END-- [ RunTime:0.037002s ]
INFO: [ view_filter ] --START--
INFO: Run Behavior\WriteHtmlCacheBehavior [ RunTime:0.001000s ]
INFO: [ view_filter ] --END-- [ RunTime:0.001000s ]
INFO: [ app_end ] --START--
INFO: Run Behavior\ShowPageTraceBehavior [ RunTime:0.002000s ]
INFO: [ app_end ] --END-- [ RunTime:0.002000s ]

[ 2018-05-18T16:14:02+08:00 ] 127.0.0.1 /index.php/Admin/member/indent
INFO: [ app_init ] --START--
INFO: Run Behavior\BuildLiteBehavior [ RunTime:0.000000s ]
INFO: [ app_init ] --END-- [ RunTime:0.001000s ]
INFO: [ app_begin ] --START--
INFO: Run Behavior\ReadHtmlCacheBehavior [ RunTime:0.001000s ]
INFO: [ app_begin ] --END-- [ RunTime:0.001000s ]
SQL: SHOW COLUMNS FROM `fen_indent` [ RunTime:0.0060s ]
SQL: SELECT COUNT(*) AS tp_count FROM `fen_indent` WHERE `status` = 1 LIMIT 1   [ RunTime:0.0010s ]
NOTIC: [8] Undefined index: p D:\wamp\www\fenxiao\Application\Admin\Controller\MemberController.class.php 第 354 行.
SQL: SELECT * FROM `fen_indent` WHERE `status` = 1 LIMIT 0,10   [ RunTime:0.0010s ]
INFO: [ view_parse ] --START--
INFO: [ template_filter ] --START--
INFO: Run Behavior\ContentReplaceBehavior [ RunTime:0.000000s ]
INFO: [ template_filter ] --END-- [ RunTime:0.001000s ]
NOTIC: [8] Use of undefined constant id - assumed 'id' D:\wamp\www\fenxiao\Application\Runtime\Cache\Admin\95116dd4e157075e9fe2df0f93f67174.php 第 659 行.
SQL: SHOW COLUMNS FROM `fen_address` [ RunTime:0.0070s ]
SQL: SELECT `name` FROM `fen_address` WHERE `id` = 3 LIMIT 1   [ RunTime:0.0000s ]
SQL: SELECT `phone` FROM `fen_address` WHERE `id` = 3 LIMIT 1   [ RunTime:0.0000s ]
SQL: SELECT `location`,`address` FROM `fen_address` WHERE `id` = 3 LIMIT 1   [ RunTime:0.0000s ]
SQL: SHOW COLUMNS FROM `fen_member` [ RunTime:0.0070s ]
SQL: SELECT `username` FROM `fen_member` WHERE `id` = -1 LIMIT 1   [ RunTime:0.0000s ]
SQL: SHOW COLUMNS FROM `fen_member_data` [ RunTime:0.0070s ]
SQL: SELECT `name` FROM `fen_member_data` WHERE `member_id` = -1 LIMIT 1   [ RunTime:0.0000s ]
SQL: SELECT `phone` FROM `fen_member_data` WHERE `member_id` = -1 LIMIT 1   [ RunTime:0.0000s ]
NOTIC: [8] Use of undefined constant id - assumed 'id' D:\wamp\www\fenxiao\Application\Runtime\Cache\Admin\95116dd4e157075e9fe2df0f93f67174.php 第 659 行.
SQL: SELECT `name` FROM `fen_address` WHERE `id` = 1 LIMIT 1   [ RunTime:0.0000s ]
SQL: SELECT `phone` FROM `fen_address` WHERE `id` = 1 LIMIT 1   [ RunTime:0.0000s ]
SQL: SELECT `location`,`address` FROM `fen_address` WHERE `id` = 1 LIMIT 1   [ RunTime:0.0000s ]
SQL: SELECT `username` FROM `fen_member` WHERE `id` = 2 LIMIT 1   [ RunTime:0.0010s ]
SQL: SELECT `name` FROM `fen_member_data` WHERE `member_id` = 2 LIMIT 1   [ RunTime:0.0000s ]
SQL: SELECT `phone` FROM `fen_member_data` WHERE `member_id` = 2 LIMIT 1   [ RunTime:0.0000s ]
NOTIC: [8] Use of undefined constant id - assumed 'id' D:\wamp\www\fenxiao\Application\Runtime\Cache\Admin\95116dd4e157075e9fe2df0f93f67174.php 第 659 行.
SQL: SELECT `name` FROM `fen_address` WHERE `id` = 1 LIMIT 1   [ RunTime:0.0000s ]
SQL: SELECT `phone` FROM `fen_address` WHERE `id` = 1 LIMIT 1   [ RunTime:0.0000s ]
SQL: SELECT `location`,`address` FROM `fen_address` WHERE `id` = 1 LIMIT 1   [ RunTime:0.0000s ]
SQL: SELECT `username` FROM `fen_member` WHERE `id` = 2 LIMIT 1   [ RunTime:0.0000s ]
SQL: SELECT `name` FROM `fen_member_data` WHERE `member_id` = 2 LIMIT 1   [ RunTime:0.0000s ]
SQL: SELECT `phone` FROM `fen_member_data` WHERE `member_id` = 2 LIMIT 1   [ RunTime:0.0000s ]
NOTIC: [8] Use of undefined constant id - assumed 'id' D:\wamp\www\fenxiao\Application\Runtime\Cache\Admin\95116dd4e157075e9fe2df0f93f67174.php 第 659 行.
SQL: SELECT `name` FROM `fen_address` WHERE `id` = 6 LIMIT 1   [ RunTime:0.0000s ]
SQL: SELECT `phone` FROM `fen_address` WHERE `id` = 6 LIMIT 1   [ RunTime:0.0000s ]
SQL: SELECT `location`,`address` FROM `fen_address` WHERE `id` = 6 LIMIT 1   [ RunTime:0.0000s ]
SQL: SELECT `username` FROM `fen_member` WHERE `id` = 4 LIMIT 1   [ RunTime:0.0000s ]
SQL: SELECT `name` FROM `fen_member_data` WHERE `member_id` = 4 LIMIT 1   [ RunTime:0.0000s ]
SQL: SELECT `phone` FROM `fen_member_data` WHERE `member_id` = 4 LIMIT 1   [ RunTime:0.0000s ]
NOTIC: [8] Use of undefined constant id - assumed 'id' D:\wamp\www\fenxiao\Application\Runtime\Cache\Admin\95116dd4e157075e9fe2df0f93f67174.php 第 659 行.
SQL: SELECT `name` FROM `fen_address` WHERE `id` = 6 LIMIT 1   [ RunTime:0.0000s ]
SQL: SELECT `phone` FROM `fen_address` WHERE `id` = 6 LIMIT 1   [ RunTime:0.0010s ]
SQL: SELECT `location`,`address` FROM `fen_address` WHERE `id` = 6 LIMIT 1   [ RunTime:0.0010s ]
SQL: SELECT `username` FROM `fen_member` WHERE `id` = 4 LIMIT 1   [ RunTime:0.0010s ]
SQL: SELECT `name` FROM `fen_member_data` WHERE `member_id` = 4 LIMIT 1   [ RunTime:0.0010s ]
SQL: SELECT `phone` FROM `fen_member_data` WHERE `member_id` = 4 LIMIT 1   [ RunTime:0.0010s ]
NOTIC: [8] Use of undefined constant id - assumed 'id' D:\wamp\www\fenxiao\Application\Runtime\Cache\Admin\95116dd4e157075e9fe2df0f93f67174.php 第 659 行.
SQL: SELECT `name` FROM `fen_address` WHERE `id` = 6 LIMIT 1   [ RunTime:0.0010s ]
SQL: SELECT `phone` FROM `fen_address` WHERE `id` = 6 LIMIT 1   [ RunTime:0.0010s ]
SQL: SELECT `location`,`address` FROM `fen_address` WHERE `id` = 6 LIMIT 1   [ RunTime:0.0010s ]
SQL: SELECT `username` FROM `fen_member` WHERE `id` = 4 LIMIT 1   [ RunTime:0.0010s ]
SQL: SELECT `name` FROM `fen_member_data` WHERE `member_id` = 4 LIMIT 1   [ RunTime:0.0010s ]
SQL: SELECT `phone` FROM `fen_member_data` WHERE `member_id` = 4 LIMIT 1   [ RunTime:0.0010s ]
NOTIC: [8] Undefined variable: tree D:\wamp\www\fenxiao\Application\Runtime\Cache\Admin\95116dd4e157075e9fe2df0f93f67174.php 第 766 行.
INFO: Run Behavior\ParseTemplateBehavior [ RunTime:0.081005s ]
INFO: [ view_parse ] --END-- [ RunTime:0.081005s ]
INFO: [ view_filter ] --START--
INFO: Run Behavior\WriteHtmlCacheBehavior [ RunTime:0.001000s ]
INFO: [ view_filter ] --END-- [ RunTime:0.001000s ]
INFO: [ app_end ] --START--
INFO: Run Behavior\ShowPageTraceBehavior [ RunTime:0.001000s ]
INFO: [ app_end ] --END-- [ RunTime:0.001000s ]

[ 2018-05-18T16:14:15+08:00 ] 127.0.0.1 /index.php/Admin/Member/indent_list?CACHE=10
INFO: [ app_init ] --START--
INFO: Run Behavior\BuildLiteBehavior [ RunTime:0.000000s ]
INFO: [ app_init ] --END-- [ RunTime:0.001000s ]
INFO: [ app_begin ] --START--
INFO: Run Behavior\ReadHtmlCacheBehavior [ RunTime:0.001000s ]
INFO: [ app_begin ] --END-- [ RunTime:0.002000s ]
SQL: SHOW COLUMNS FROM `fen_cache` [ RunTime:0.0070s ]
SQL: SELECT * FROM `fen_cache` WHERE `id` IN ('10')  [ RunTime:0.0000s ]
INFO: [ view_parse ] --START--
INFO: [ template_filter ] --START--
INFO: Run Behavior\ContentReplaceBehavior [ RunTime:0.000000s ]
INFO: [ template_filter ] --END-- [ RunTime:0.001000s ]
NOTIC: [8] Use of undefined constant id - assumed 'id' D:\wamp\www\fenxiao\Application\Runtime\Cache\Admin\10ec42fc8128e219352bb8701ab9b0d6.php 第 642 行.
NOTIC: [8] Undefined variable: tree D:\wamp\www\fenxiao\Application\Runtime\Cache\Admin\10ec42fc8128e219352bb8701ab9b0d6.php 第 720 行.
INFO: Run Behavior\ParseTemplateBehavior [ RunTime:0.019002s ]
INFO: [ view_parse ] --END-- [ RunTime:0.019002s ]
INFO: [ view_filter ] --START--
INFO: Run Behavior\WriteHtmlCacheBehavior [ RunTime:0.000000s ]
INFO: [ view_filter ] --END-- [ RunTime:0.001000s ]
INFO: [ app_end ] --START--
INFO: Run Behavior\ShowPageTraceBehavior [ RunTime:0.001000s ]
INFO: [ app_end ] --END-- [ RunTime:0.002000s ]

[ 2018-05-18T16:18:04+08:00 ] 127.0.0.1 /index.php/Admin/member/indent
INFO: [ app_init ] --START--
INFO: Run Behavior\BuildLiteBehavior [ RunTime:0.000000s ]
INFO: [ app_init ] --END-- [ RunTime:0.004001s ]
INFO: [ app_begin ] --START--
INFO: Run Behavior\ReadHtmlCacheBehavior [ RunTime:0.001000s ]
INFO: [ app_begin ] --END-- [ RunTime:0.001000s ]
SQL: SHOW COLUMNS FROM `fen_indent` [ RunTime:0.0070s ]
SQL: SELECT COUNT(*) AS tp_count FROM `fen_indent` WHERE `status` = 1 LIMIT 1   [ RunTime:0.0010s ]
NOTIC: [8] Undefined index: p D:\wamp\www\fenxiao\Application\Admin\Controller\MemberController.class.php 第 354 行.
SQL: SELECT * FROM `fen_indent` WHERE `status` = 1 ORDER BY id desc LIMIT 0,10   [ RunTime:0.0010s ]
INFO: [ view_parse ] --START--
INFO: [ template_filter ] --START--
INFO: Run Behavior\ContentReplaceBehavior [ RunTime:0.000000s ]
INFO: [ template_filter ] --END-- [ RunTime:0.000000s ]
NOTIC: [8] Use of undefined constant id - assumed 'id' D:\wamp\www\fenxiao\Application\Runtime\Cache\Admin\95116dd4e157075e9fe2df0f93f67174.php 第 659 行.
SQL: SHOW COLUMNS FROM `fen_address` [ RunTime:0.0070s ]
SQL: SELECT `name` FROM `fen_address` WHERE `id` = 6 LIMIT 1   [ RunTime:0.0000s ]
SQL: SELECT `phone` FROM `fen_address` WHERE `id` = 6 LIMIT 1   [ RunTime:0.0000s ]
SQL: SELECT `location`,`address` FROM `fen_address` WHERE `id` = 6 LIMIT 1   [ RunTime:0.0010s ]
SQL: SHOW COLUMNS FROM `fen_member` [ RunTime:0.0070s ]
SQL: SELECT `username` FROM `fen_member` WHERE `id` = 4 LIMIT 1   [ RunTime:0.0000s ]
SQL: SHOW COLUMNS FROM `fen_member_data` [ RunTime:0.0070s ]
SQL: SELECT `name` FROM `fen_member_data` WHERE `member_id` = 4 LIMIT 1   [ RunTime:0.0010s ]
SQL: SELECT `phone` FROM `fen_member_data` WHERE `member_id` = 4 LIMIT 1   [ RunTime:0.0010s ]
NOTIC: [8] Use of undefined constant id - assumed 'id' D:\wamp\www\fenxiao\Application\Runtime\Cache\Admin\95116dd4e157075e9fe2df0f93f67174.php 第 659 行.
SQL: SELECT `name` FROM `fen_address` WHERE `id` = 6 LIMIT 1   [ RunTime:0.0010s ]
SQL: SELECT `phone` FROM `fen_address` WHERE `id` = 6 LIMIT 1   [ RunTime:0.0010s ]
SQL: SELECT `location`,`address` FROM `fen_address` WHERE `id` = 6 LIMIT 1   [ RunTime:0.0010s ]
SQL: SELECT `username` FROM `fen_member` WHERE `id` = 4 LIMIT 1   [ RunTime:0.0000s ]
SQL: SELECT `name` FROM `fen_member_data` WHERE `member_id` = 4 LIMIT 1   [ RunTime:0.0000s ]
SQL: SELECT `phone` FROM `fen_member_data` WHERE `member_id` = 4 LIMIT 1   [ RunTime:0.0000s ]
NOTIC: [8] Use of undefined constant id - assumed 'id' D:\wamp\www\fenxiao\Application\Runtime\Cache\Admin\95116dd4e157075e9fe2df0f93f67174.php 第 659 行.
SQL: SELECT `name` FROM `fen_address` WHERE `id` = 6 LIMIT 1   [ RunTime:0.0000s ]
SQL: SELECT `phone` FROM `fen_address` WHERE `id` = 6 LIMIT 1   [ RunTime:0.0000s ]
SQL: SELECT `location`,`address` FROM `fen_address` WHERE `id` = 6 LIMIT 1   [ RunTime:0.0000s ]
SQL: SELECT `username` FROM `fen_member` WHERE `id` = 4 LIMIT 1   [ RunTime:0.0010s ]
SQL: SELECT `name` FROM `fen_member_data` WHERE `member_id` = 4 LIMIT 1   [ RunTime:0.0010s ]
SQL: SELECT `phone` FROM `fen_member_data` WHERE `member_id` = 4 LIMIT 1   [ RunTime:0.0010s ]
NOTIC: [8] Use of undefined constant id - assumed 'id' D:\wamp\www\fenxiao\Application\Runtime\Cache\Admin\95116dd4e157075e9fe2df0f93f67174.php 第 659 行.
SQL: SELECT `name` FROM `fen_address` WHERE `id` = 1 LIMIT 1   [ RunTime:0.0010s ]
SQL: SELECT `phone` FROM `fen_address` WHERE `id` = 1 LIMIT 1   [ RunTime:0.0010s ]
SQL: SELECT `location`,`address` FROM `fen_address` WHERE `id` = 1 LIMIT 1   [ RunTime:0.0010s ]
SQL: SELECT `username` FROM `fen_member` WHERE `id` = 2 LIMIT 1   [ RunTime:0.0010s ]
SQL: SELECT `name` FROM `fen_member_data` WHERE `member_id` = 2 LIMIT 1   [ RunTime:0.0010s ]
SQL: SELECT `phone` FROM `fen_member_data` WHERE `member_id` = 2 LIMIT 1   [ RunTime:0.0010s ]
NOTIC: [8] Use of undefined constant id - assumed 'id' D:\wamp\www\fenxiao\Application\Runtime\Cache\Admin\95116dd4e157075e9fe2df0f93f67174.php 第 659 行.
SQL: SELECT `name` FROM `fen_address` WHERE `id` = 1 LIMIT 1   [ RunTime:0.0010s ]
SQL: SELECT `phone` FROM `fen_address` WHERE `id` = 1 LIMIT 1   [ RunTime:0.0010s ]
SQL: SELECT `location`,`address` FROM `fen_address` WHERE `id` = 1 LIMIT 1   [ RunTime:0.0010s ]
SQL: SELECT `username` FROM `fen_member` WHERE `id` = 2 LIMIT 1   [ RunTime:0.0010s ]
SQL: SELECT `name` FROM `fen_member_data` WHERE `member_id` = 2 LIMIT 1   [ RunTime:0.0010s ]
SQL: SELECT `phone` FROM `fen_member_data` WHERE `member_id` = 2 LIMIT 1   [ RunTime:0.0010s ]
NOTIC: [8] Use of undefined constant id - assumed 'id' D:\wamp\www\fenxiao\Application\Runtime\Cache\Admin\95116dd4e157075e9fe2df0f93f67174.php 第 659 行.
SQL: SELECT `name` FROM `fen_address` WHERE `id` = 3 LIMIT 1   [ RunTime:0.0010s ]
SQL: SELECT `phone` FROM `fen_address` WHERE `id` = 3 LIMIT 1   [ RunTime:0.0010s ]
SQL: SELECT `location`,`address` FROM `fen_address` WHERE `id` = 3 LIMIT 1   [ RunTime:0.0010s ]
SQL: SELECT `username` FROM `fen_member` WHERE `id` = -1 LIMIT 1   [ RunTime:0.0010s ]
SQL: SELECT `name` FROM `fen_member_data` WHERE `member_id` = -1 LIMIT 1   [ RunTime:0.0010s ]
SQL: SELECT `phone` FROM `fen_member_data` WHERE `member_id` = -1 LIMIT 1   [ RunTime:0.0010s ]
NOTIC: [8] Undefined variable: tree D:\wamp\www\fenxiao\Application\Runtime\Cache\Admin\95116dd4e157075e9fe2df0f93f67174.php 第 766 行.
INFO: Run Behavior\ParseTemplateBehavior [ RunTime:0.088005s ]
INFO: [ view_parse ] --END-- [ RunTime:0.088005s ]
INFO: [ view_filter ] --START--
INFO: Run Behavior\WriteHtmlCacheBehavior [ RunTime:0.014001s ]
INFO: [ view_filter ] --END-- [ RunTime:0.014001s ]
INFO: [ app_end ] --START--
INFO: Run Behavior\ShowPageTraceBehavior [ RunTime:0.002000s ]
INFO: [ app_end ] --END-- [ RunTime:0.002000s ]

[ 2018-05-18T16:43:58+08:00 ] 127.0.0.1 /index.php/Admin/tixian/index
INFO: [ app_init ] --START--
INFO: Run Behavior\BuildLiteBehavior [ RunTime:0.000000s ]
INFO: [ app_init ] --END-- [ RunTime:0.001000s ]
INFO: [ app_begin ] --START--
INFO: Run Behavior\ReadHtmlCacheBehavior [ RunTime:0.001001s ]
INFO: [ app_begin ] --END-- [ RunTime:0.001001s ]
SQL: SHOW COLUMNS FROM `fen_finances` [ RunTime:0.0060s ]
NOTIC: [8] Undefined variable: offset D:\wamp\www\fenxiao\Application\Admin\Controller\TixianController.class.php 第 11 行.
NOTIC: [8] Undefined variable: pageSize D:\wamp\www\fenxiao\Application\Admin\Controller\TixianController.class.php 第 11 行.
SQL: SHOW COLUMNS FROM `fen_finances` [ RunTime:0.0070s ]
SQL: SELECT COUNT(*) AS tp_count FROM fen_finances fin,fen_member_data data WHERE ( fin.userid=data.member_id and fin.roletype=1 and fin.moneytype=1 and fin.status=0 ) ORDER BY fin.id desc LIMIT 1   [ RunTime:0.0010s ]
NOTIC: [8] Undefined index: p D:\wamp\www\fenxiao\Application\Admin\Controller\TixianController.class.php 第 13 行.
SQL: SHOW COLUMNS FROM `fen_finances` [ RunTime:0.0070s ]
SQL: SELECT fin.money,fin.id,fin.userid,fin.status,fin.time,data.name,data.weixin,data.phone,data.alipay,data.bankcard,data.bank_address,data.bank_man FROM fen_finances fin,fen_member_data data WHERE ( fin.userid=data.member_id and fin.roletype=1 and fin.moneytype=1 and fin.status=0 ) ORDER BY fin.id desc LIMIT 0,10   [ RunTime:0.0010s ]
INFO: [ view_parse ] --START--
INFO: [ template_filter ] --START--
INFO: Run Behavior\ContentReplaceBehavior [ RunTime:0.000000s ]
INFO: [ template_filter ] --END-- [ RunTime:0.000000s ]
NOTIC: [8] Use of undefined constant id - assumed 'id' D:\wamp\www\fenxiao\Application\Runtime\Cache\Admin\dcd254693432de1f8e5a1736ebc5a19b.php 第 662 行.
NOTIC: [8] Use of undefined constant id - assumed 'id' D:\wamp\www\fenxiao\Application\Runtime\Cache\Admin\dcd254693432de1f8e5a1736ebc5a19b.php 第 662 行.
NOTIC: [8] Use of undefined constant id - assumed 'id' D:\wamp\www\fenxiao\Application\Runtime\Cache\Admin\dcd254693432de1f8e5a1736ebc5a19b.php 第 662 行.
SQL: SHOW COLUMNS FROM `fen_member_data` [ RunTime:0.0060s ]
SQL: SELECT `name` FROM `fen_member_data` WHERE `member_id` = 1 LIMIT 1   [ RunTime:0.0000s ]
SQL: SELECT `name` FROM `fen_member_data` WHERE `member_id` = 1 LIMIT 1   [ RunTime:0.0000s ]
SQL: SELECT `name` FROM `fen_member_data` WHERE `member_id` = 12 LIMIT 1   [ RunTime:0.0000s ]
INFO: Run Behavior\ParseTemplateBehavior [ RunTime:0.031002s ]
INFO: [ view_parse ] --END-- [ RunTime:0.031002s ]
INFO: [ view_filter ] --START--
INFO: Run Behavior\WriteHtmlCacheBehavior [ RunTime:0.001000s ]
INFO: [ view_filter ] --END-- [ RunTime:0.001000s ]
INFO: [ app_end ] --START--
INFO: Run Behavior\ShowPageTraceBehavior [ RunTime:0.001000s ]
INFO: [ app_end ] --END-- [ RunTime:0.001000s ]

[ 2018-05-18T16:44:02+08:00 ] 127.0.0.1 /index.php/Admin/member/indent
INFO: [ app_init ] --START--
INFO: Run Behavior\BuildLiteBehavior [ RunTime:0.000000s ]
INFO: [ app_init ] --END-- [ RunTime:0.001000s ]
INFO: [ app_begin ] --START--
INFO: Run Behavior\ReadHtmlCacheBehavior [ RunTime:0.001001s ]
INFO: [ app_begin ] --END-- [ RunTime:0.001001s ]
SQL: SHOW COLUMNS FROM `fen_indent` [ RunTime:0.0070s ]
SQL: SELECT COUNT(*) AS tp_count FROM `fen_indent` WHERE `status` = 1 LIMIT 1   [ RunTime:0.0010s ]
NOTIC: [8] Undefined index: p D:\wamp\www\fenxiao\Application\Admin\Controller\MemberController.class.php 第 354 行.
SQL: SELECT * FROM `fen_indent` WHERE `status` = 1 ORDER BY id desc LIMIT 0,10   [ RunTime:0.0000s ]
INFO: [ view_parse ] --START--
INFO: [ template_filter ] --START--
INFO: Run Behavior\ContentReplaceBehavior [ RunTime:0.001000s ]
INFO: [ template_filter ] --END-- [ RunTime:0.001000s ]
NOTIC: [8] Use of undefined constant id - assumed 'id' D:\wamp\www\fenxiao\Application\Runtime\Cache\Admin\95116dd4e157075e9fe2df0f93f67174.php 第 659 行.
SQL: SHOW COLUMNS FROM `fen_address` [ RunTime:0.0060s ]
SQL: SELECT `name` FROM `fen_address` WHERE `id` = 6 LIMIT 1   [ RunTime:0.0000s ]
SQL: SELECT `phone` FROM `fen_address` WHERE `id` = 6 LIMIT 1   [ RunTime:0.0000s ]
SQL: SELECT `location`,`address` FROM `fen_address` WHERE `id` = 6 LIMIT 1   [ RunTime:0.0010s ]
NOTIC: [8] Use of undefined constant id - assumed 'id' D:\wamp\www\fenxiao\Application\Runtime\Cache\Admin\95116dd4e157075e9fe2df0f93f67174.php 第 659 行.
SQL: SELECT `name` FROM `fen_address` WHERE `id` = 6 LIMIT 1   [ RunTime:0.0010s ]
SQL: SELECT `phone` FROM `fen_address` WHERE `id` = 6 LIMIT 1   [ RunTime:0.0000s ]
SQL: SELECT `location`,`address` FROM `fen_address` WHERE `id` = 6 LIMIT 1   [ RunTime:0.0000s ]
NOTIC: [8] Use of undefined constant id - assumed 'id' D:\wamp\www\fenxiao\Application\Runtime\Cache\Admin\95116dd4e157075e9fe2df0f93f67174.php 第 659 行.
SQL: SELECT `name` FROM `fen_address` WHERE `id` = 6 LIMIT 1   [ RunTime:0.0000s ]
SQL: SELECT `phone` FROM `fen_address` WHERE `id` = 6 LIMIT 1   [ RunTime:0.0000s ]
SQL: SELECT `location`,`address` FROM `fen_address` WHERE `id` = 6 LIMIT 1   [ RunTime:0.0010s ]
NOTIC: [8] Use of undefined constant id - assumed 'id' D:\wamp\www\fenxiao\Application\Runtime\Cache\Admin\95116dd4e157075e9fe2df0f93f67174.php 第 659 行.
SQL: SELECT `name` FROM `fen_address` WHERE `id` = 1 LIMIT 1   [ RunTime:0.0000s ]
SQL: SELECT `phone` FROM `fen_address` WHERE `id` = 1 LIMIT 1   [ RunTime:0.0000s ]
SQL: SELECT `location`,`address` FROM `fen_address` WHERE `id` = 1 LIMIT 1   [ RunTime:0.0000s ]
NOTIC: [8] Use of undefined constant id - assumed 'id' D:\wamp\www\fenxiao\Application\Runtime\Cache\Admin\95116dd4e157075e9fe2df0f93f67174.php 第 659 行.
SQL: SELECT `name` FROM `fen_address` WHERE `id` = 1 LIMIT 1   [ RunTime:0.0000s ]
SQL: SELECT `phone` FROM `fen_address` WHERE `id` = 1 LIMIT 1   [ RunTime:0.0000s ]
SQL: SELECT `location`,`address` FROM `fen_address` WHERE `id` = 1 LIMIT 1   [ RunTime:0.0010s ]
NOTIC: [8] Use of undefined constant id - assumed 'id' D:\wamp\www\fenxiao\Application\Runtime\Cache\Admin\95116dd4e157075e9fe2df0f93f67174.php 第 659 行.
SQL: SELECT `name` FROM `fen_address` WHERE `id` = 3 LIMIT 1   [ RunTime:0.0010s ]
SQL: SELECT `phone` FROM `fen_address` WHERE `id` = 3 LIMIT 1   [ RunTime:0.0010s ]
SQL: SELECT `location`,`address` FROM `fen_address` WHERE `id` = 3 LIMIT 1   [ RunTime:0.0000s ]
NOTIC: [8] Undefined variable: tree D:\wamp\www\fenxiao\Application\Runtime\Cache\Admin\95116dd4e157075e9fe2df0f93f67174.php 第 764 行.
INFO: Run Behavior\ParseTemplateBehavior [ RunTime:0.044002s ]
INFO: [ view_parse ] --END-- [ RunTime:0.044002s ]
INFO: [ view_filter ] --START--
INFO: Run Behavior\WriteHtmlCacheBehavior [ RunTime:0.001000s ]
INFO: [ view_filter ] --END-- [ RunTime:0.001000s ]
INFO: [ app_end ] --START--
INFO: Run Behavior\ShowPageTraceBehavior [ RunTime:0.001000s ]
INFO: [ app_end ] --END-- [ RunTime:0.001000s ]

[ 2018-05-18T16:46:02+08:00 ] 127.0.0.1 /index.php/Admin/member/indent
INFO: [ app_init ] --START--
INFO: Run Behavior\BuildLiteBehavior [ RunTime:0.000000s ]
INFO: [ app_init ] --END-- [ RunTime:0.002000s ]
INFO: [ app_begin ] --START--
INFO: Run Behavior\ReadHtmlCacheBehavior [ RunTime:0.001000s ]
INFO: [ app_begin ] --END-- [ RunTime:0.001000s ]
SQL: SHOW COLUMNS FROM `fen_indent` [ RunTime:0.0060s ]
SQL: SELECT COUNT(*) AS tp_count FROM `fen_indent` WHERE `status` = 1 LIMIT 1   [ RunTime:0.0000s ]
NOTIC: [8] Undefined index: p D:\wamp\www\fenxiao\Application\Admin\Controller\MemberController.class.php 第 354 行.
SQL: SELECT * FROM `fen_indent` WHERE `status` = 1 ORDER BY id desc LIMIT 0,10   [ RunTime:0.0010s ]
INFO: [ view_parse ] --START--
INFO: [ template_filter ] --START--
INFO: Run Behavior\ContentReplaceBehavior [ RunTime:0.000000s ]
INFO: [ template_filter ] --END-- [ RunTime:0.001000s ]
NOTIC: [8] Use of undefined constant id - assumed 'id' D:\wamp\www\fenxiao\Application\Runtime\Cache\Admin\95116dd4e157075e9fe2df0f93f67174.php 第 659 行.
SQL: SHOW COLUMNS FROM `fen_address` [ RunTime:0.0060s ]
SQL: SELECT `name` FROM `fen_address` WHERE `id` = 6 LIMIT 1   [ RunTime:0.0010s ]
SQL: SELECT `phone` FROM `fen_address` WHERE `id` = 6 LIMIT 1   [ RunTime:0.0010s ]
SQL: SELECT `location`,`address` FROM `fen_address` WHERE `id` = 6 LIMIT 1   [ RunTime:0.0010s ]
NOTIC: [8] Use of undefined constant id - assumed 'id' D:\wamp\www\fenxiao\Application\Runtime\Cache\Admin\95116dd4e157075e9fe2df0f93f67174.php 第 659 行.
SQL: SELECT `name` FROM `fen_address` WHERE `id` = 6 LIMIT 1   [ RunTime:0.0000s ]
SQL: SELECT `phone` FROM `fen_address` WHERE `id` = 6 LIMIT 1   [ RunTime:0.0000s ]
SQL: SELECT `location`,`address` FROM `fen_address` WHERE `id` = 6 LIMIT 1   [ RunTime:0.0000s ]
NOTIC: [8] Use of undefined constant id - assumed 'id' D:\wamp\www\fenxiao\Application\Runtime\Cache\Admin\95116dd4e157075e9fe2df0f93f67174.php 第 659 行.
SQL: SELECT `name` FROM `fen_address` WHERE `id` = 6 LIMIT 1   [ RunTime:0.0010s ]
SQL: SELECT `phone` FROM `fen_address` WHERE `id` = 6 LIMIT 1   [ RunTime:0.0010s ]
SQL: SELECT `location`,`address` FROM `fen_address` WHERE `id` = 6 LIMIT 1   [ RunTime:0.0000s ]
NOTIC: [8] Use of undefined constant id - assumed 'id' D:\wamp\www\fenxiao\Application\Runtime\Cache\Admin\95116dd4e157075e9fe2df0f93f67174.php 第 659 行.
SQL: SELECT `name` FROM `fen_address` WHERE `id` = 1 LIMIT 1   [ RunTime:0.0000s ]
SQL: SELECT `phone` FROM `fen_address` WHERE `id` = 1 LIMIT 1   [ RunTime:0.0000s ]
SQL: SELECT `location`,`address` FROM `fen_address` WHERE `id` = 1 LIMIT 1   [ RunTime:0.0000s ]
NOTIC: [8] Use of undefined constant id - assumed 'id' D:\wamp\www\fenxiao\Application\Runtime\Cache\Admin\95116dd4e157075e9fe2df0f93f67174.php 第 659 行.
SQL: SELECT `name` FROM `fen_address` WHERE `id` = 1 LIMIT 1   [ RunTime:0.0000s ]
SQL: SELECT `phone` FROM `fen_address` WHERE `id` = 1 LIMIT 1   [ RunTime:0.0000s ]
SQL: SELECT `location`,`address` FROM `fen_address` WHERE `id` = 1 LIMIT 1   [ RunTime:0.0010s ]
NOTIC: [8] Use of undefined constant id - assumed 'id' D:\wamp\www\fenxiao\Application\Runtime\Cache\Admin\95116dd4e157075e9fe2df0f93f67174.php 第 659 行.
SQL: SELECT `name` FROM `fen_address` WHERE `id` = 3 LIMIT 1   [ RunTime:0.0010s ]
SQL: SELECT `phone` FROM `fen_address` WHERE `id` = 3 LIMIT 1   [ RunTime:0.0000s ]
SQL: SELECT `location`,`address` FROM `fen_address` WHERE `id` = 3 LIMIT 1   [ RunTime:0.0010s ]
NOTIC: [8] Undefined variable: tree D:\wamp\www\fenxiao\Application\Runtime\Cache\Admin\95116dd4e157075e9fe2df0f93f67174.php 第 765 行.
INFO: Run Behavior\ParseTemplateBehavior [ RunTime:0.054003s ]
INFO: [ view_parse ] --END-- [ RunTime:0.054003s ]
INFO: [ view_filter ] --START--
INFO: Run Behavior\WriteHtmlCacheBehavior [ RunTime:0.002001s ]
INFO: [ view_filter ] --END-- [ RunTime:0.002001s ]
INFO: [ app_end ] --START--
INFO: Run Behavior\ShowPageTraceBehavior [ RunTime:0.004000s ]
INFO: [ app_end ] --END-- [ RunTime:0.004000s ]

[ 2018-05-18T16:47:03+08:00 ] 127.0.0.1 /index.php/Admin/member/indent
INFO: [ app_init ] --START--
INFO: Run Behavior\BuildLiteBehavior [ RunTime:0.000000s ]
INFO: [ app_init ] --END-- [ RunTime:0.001000s ]
INFO: [ app_begin ] --START--
INFO: Run Behavior\ReadHtmlCacheBehavior [ RunTime:0.001000s ]
INFO: [ app_begin ] --END-- [ RunTime:0.001000s ]
SQL: SHOW COLUMNS FROM `fen_indent` [ RunTime:0.0070s ]
SQL: SELECT COUNT(*) AS tp_count FROM `fen_indent` WHERE `status` = 1 LIMIT 1   [ RunTime:0.0010s ]
NOTIC: [8] Undefined index: p D:\wamp\www\fenxiao\Application\Admin\Controller\MemberController.class.php 第 354 行.
SQL: SELECT * FROM `fen_indent` WHERE `status` = 1 ORDER BY id desc LIMIT 0,10   [ RunTime:0.0010s ]
INFO: [ view_parse ] --START--
INFO: [ template_filter ] --START--
INFO: Run Behavior\ContentReplaceBehavior [ RunTime:0.001000s ]
INFO: [ template_filter ] --END-- [ RunTime:0.001000s ]
NOTIC: [8] Use of undefined constant id - assumed 'id' D:\wamp\www\fenxiao\Application\Runtime\Cache\Admin\95116dd4e157075e9fe2df0f93f67174.php 第 657 行.
SQL: SHOW COLUMNS FROM `fen_address` [ RunTime:0.0100s ]
SQL: SELECT `name` FROM `fen_address` WHERE `id` = 6 LIMIT 1   [ RunTime:0.0010s ]
SQL: SELECT `phone` FROM `fen_address` WHERE `id` = 6 LIMIT 1   [ RunTime:0.0000s ]
SQL: SELECT `location`,`address` FROM `fen_address` WHERE `id` = 6 LIMIT 1   [ RunTime:0.0010s ]
NOTIC: [8] Use of undefined constant id - assumed 'id' D:\wamp\www\fenxiao\Application\Runtime\Cache\Admin\95116dd4e157075e9fe2df0f93f67174.php 第 657 行.
SQL: SELECT `name` FROM `fen_address` WHERE `id` = 6 LIMIT 1   [ RunTime:0.0010s ]
SQL: SELECT `phone` FROM `fen_address` WHERE `id` = 6 LIMIT 1   [ RunTime:0.0000s ]
SQL: SELECT `location`,`address` FROM `fen_address` WHERE `id` = 6 LIMIT 1   [ RunTime:0.0010s ]
NOTIC: [8] Use of undefined constant id - assumed 'id' D:\wamp\www\fenxiao\Application\Runtime\Cache\Admin\95116dd4e157075e9fe2df0f93f67174.php 第 657 行.
SQL: SELECT `name` FROM `fen_address` WHERE `id` = 6 LIMIT 1   [ RunTime:0.0010s ]
SQL: SELECT `phone` FROM `fen_address` WHERE `id` = 6 LIMIT 1   [ RunTime:0.0010s ]
SQL: SELECT `location`,`address` FROM `fen_address` WHERE `id` = 6 LIMIT 1   [ RunTime:0.0010s ]
NOTIC: [8] Use of undefined constant id - assumed 'id' D:\wamp\www\fenxiao\Application\Runtime\Cache\Admin\95116dd4e157075e9fe2df0f93f67174.php 第 657 行.
SQL: SELECT `name` FROM `fen_address` WHERE `id` = 1 LIMIT 1   [ RunTime:0.0000s ]
SQL: SELECT `phone` FROM `fen_address` WHERE `id` = 1 LIMIT 1   [ RunTime:0.0000s ]
SQL: SELECT `location`,`address` FROM `fen_address` WHERE `id` = 1 LIMIT 1   [ RunTime:0.0000s ]
NOTIC: [8] Use of undefined constant id - assumed 'id' D:\wamp\www\fenxiao\Application\Runtime\Cache\Admin\95116dd4e157075e9fe2df0f93f67174.php 第 657 行.
SQL: SELECT `name` FROM `fen_address` WHERE `id` = 1 LIMIT 1   [ RunTime:0.0010s ]
SQL: SELECT `phone` FROM `fen_address` WHERE `id` = 1 LIMIT 1   [ RunTime:0.0010s ]
SQL: SELECT `location`,`address` FROM `fen_address` WHERE `id` = 1 LIMIT 1   [ RunTime:0.0010s ]
NOTIC: [8] Use of undefined constant id - assumed 'id' D:\wamp\www\fenxiao\Application\Runtime\Cache\Admin\95116dd4e157075e9fe2df0f93f67174.php 第 657 行.
SQL: SELECT `name` FROM `fen_address` WHERE `id` = 3 LIMIT 1   [ RunTime:0.0000s ]
SQL: SELECT `phone` FROM `fen_address` WHERE `id` = 3 LIMIT 1   [ RunTime:0.0040s ]
SQL: SELECT `location`,`address` FROM `fen_address` WHERE `id` = 3 LIMIT 1   [ RunTime:0.0010s ]
NOTIC: [8] Undefined variable: tree D:\wamp\www\fenxiao\Application\Runtime\Cache\Admin\95116dd4e157075e9fe2df0f93f67174.php 第 761 行.
INFO: Run Behavior\ParseTemplateBehavior [ RunTime:0.060004s ]
INFO: [ view_parse ] --END-- [ RunTime:0.062004s ]
INFO: [ view_filter ] --START--
INFO: Run Behavior\WriteHtmlCacheBehavior [ RunTime:0.001000s ]
INFO: [ view_filter ] --END-- [ RunTime:0.002000s ]
INFO: [ app_end ] --START--
INFO: Run Behavior\ShowPageTraceBehavior [ RunTime:0.006000s ]
INFO: [ app_end ] --END-- [ RunTime:0.006000s ]

[ 2018-05-18T16:50:45+08:00 ] 127.0.0.1 /index.php/Admin/member/indent
INFO: [ app_init ] --START--
INFO: Run Behavior\BuildLiteBehavior [ RunTime:0.000000s ]
INFO: [ app_init ] --END-- [ RunTime:0.001000s ]
INFO: [ app_begin ] --START--
INFO: Run Behavior\ReadHtmlCacheBehavior [ RunTime:0.001000s ]
INFO: [ app_begin ] --END-- [ RunTime:0.001000s ]
SQL: SHOW COLUMNS FROM `fen_indent` [ RunTime:0.0060s ]
SQL: SELECT COUNT(*) AS tp_count FROM `fen_indent` WHERE `status` = 1 LIMIT 1   [ RunTime:0.0000s ]
NOTIC: [8] Undefined index: p D:\wamp\www\fenxiao\Application\Admin\Controller\MemberController.class.php 第 354 行.
SQL: SELECT * FROM `fen_indent` WHERE `status` = 1 ORDER BY id desc LIMIT 0,10   [ RunTime:0.0000s ]
INFO: [ view_parse ] --START--
INFO: [ template_filter ] --START--
INFO: Run Behavior\ContentReplaceBehavior [ RunTime:0.000000s ]
INFO: [ template_filter ] --END-- [ RunTime:0.000000s ]
NOTIC: [8] Use of undefined constant id - assumed 'id' D:\wamp\www\fenxiao\Application\Runtime\Cache\Admin\95116dd4e157075e9fe2df0f93f67174.php 第 657 行.
SQL: SHOW COLUMNS FROM `fen_address` [ RunTime:0.0060s ]
SQL: SELECT `name` FROM `fen_address` WHERE `id` = 6 LIMIT 1   [ RunTime:0.0000s ]
SQL: SELECT `phone` FROM `fen_address` WHERE `id` = 6 LIMIT 1   [ RunTime:0.0000s ]
SQL: SELECT `location`,`address` FROM `fen_address` WHERE `id` = 6 LIMIT 1   [ RunTime:0.0000s ]
NOTIC: [8] Use of undefined constant id - assumed 'id' D:\wamp\www\fenxiao\Application\Runtime\Cache\Admin\95116dd4e157075e9fe2df0f93f67174.php 第 657 行.
SQL: SELECT `name` FROM `fen_address` WHERE `id` = 6 LIMIT 1   [ RunTime:0.0010s ]
SQL: SELECT `phone` FROM `fen_address` WHERE `id` = 6 LIMIT 1   [ RunTime:0.0010s ]
SQL: SELECT `location`,`address` FROM `fen_address` WHERE `id` = 6 LIMIT 1   [ RunTime:0.0000s ]
NOTIC: [8] Use of undefined constant id - assumed 'id' D:\wamp\www\fenxiao\Application\Runtime\Cache\Admin\95116dd4e157075e9fe2df0f93f67174.php 第 657 行.
SQL: SELECT `name` FROM `fen_address` WHERE `id` = 6 LIMIT 1   [ RunTime:0.0010s ]
SQL: SELECT `phone` FROM `fen_address` WHERE `id` = 6 LIMIT 1   [ RunTime:0.0010s ]
SQL: SELECT `location`,`address` FROM `fen_address` WHERE `id` = 6 LIMIT 1   [ RunTime:0.0000s ]
NOTIC: [8] Use of undefined constant id - assumed 'id' D:\wamp\www\fenxiao\Application\Runtime\Cache\Admin\95116dd4e157075e9fe2df0f93f67174.php 第 657 行.
SQL: SELECT `name` FROM `fen_address` WHERE `id` = 1 LIMIT 1   [ RunTime:0.0010s ]
SQL: SELECT `phone` FROM `fen_address` WHERE `id` = 1 LIMIT 1   [ RunTime:0.0000s ]
SQL: SELECT `location`,`address` FROM `fen_address` WHERE `id` = 1 LIMIT 1   [ RunTime:0.0000s ]
NOTIC: [8] Use of undefined constant id - assumed 'id' D:\wamp\www\fenxiao\Application\Runtime\Cache\Admin\95116dd4e157075e9fe2df0f93f67174.php 第 657 行.
SQL: SELECT `name` FROM `fen_address` WHERE `id` = 1 LIMIT 1   [ RunTime:0.0000s ]
SQL: SELECT `phone` FROM `fen_address` WHERE `id` = 1 LIMIT 1   [ RunTime:0.0010s ]
SQL: SELECT `location`,`address` FROM `fen_address` WHERE `id` = 1 LIMIT 1   [ RunTime:0.0000s ]
NOTIC: [8] Use of undefined constant id - assumed 'id' D:\wamp\www\fenxiao\Application\Runtime\Cache\Admin\95116dd4e157075e9fe2df0f93f67174.php 第 657 行.
SQL: SELECT `name` FROM `fen_address` WHERE `id` = 3 LIMIT 1   [ RunTime:0.0000s ]
SQL: SELECT `phone` FROM `fen_address` WHERE `id` = 3 LIMIT 1   [ RunTime:0.0000s ]
SQL: SELECT `location`,`address` FROM `fen_address` WHERE `id` = 3 LIMIT 1   [ RunTime:0.0000s ]
NOTIC: [8] Undefined variable: tree D:\wamp\www\fenxiao\Application\Runtime\Cache\Admin\95116dd4e157075e9fe2df0f93f67174.php 第 761 行.
INFO: Run Behavior\ParseTemplateBehavior [ RunTime:0.045002s ]
INFO: [ view_parse ] --END-- [ RunTime:0.045002s ]
INFO: [ view_filter ] --START--
INFO: Run Behavior\WriteHtmlCacheBehavior [ RunTime:0.002000s ]
INFO: [ view_filter ] --END-- [ RunTime:0.002000s ]
INFO: [ app_end ] --START--
INFO: Run Behavior\ShowPageTraceBehavior [ RunTime:0.002001s ]
INFO: [ app_end ] --END-- [ RunTime:0.002001s ]

[ 2018-05-18T16:52:34+08:00 ] 127.0.0.1 /index.php/Admin/Member/indent_list?CACHE=18
INFO: [ app_init ] --START--
INFO: Run Behavior\BuildLiteBehavior [ RunTime:0.000000s ]
INFO: [ app_init ] --END-- [ RunTime:0.001000s ]
INFO: [ app_begin ] --START--
INFO: Run Behavior\ReadHtmlCacheBehavior [ RunTime:0.002000s ]
INFO: [ app_begin ] --END-- [ RunTime:0.002000s ]
SQL: SHOW COLUMNS FROM `fen_cache` [ RunTime:0.0060s ]
SQL: SELECT * FROM `fen_cache` WHERE `id` IN ('18')  [ RunTime:0.0000s ]
INFO: [ view_parse ] --START--
INFO: [ template_filter ] --START--
INFO: Run Behavior\ContentReplaceBehavior [ RunTime:0.000000s ]
INFO: [ template_filter ] --END-- [ RunTime:0.000000s ]
NOTIC: [8] Use of undefined constant id - assumed 'id' D:\wamp\www\fenxiao\Application\Runtime\Cache\Admin\10ec42fc8128e219352bb8701ab9b0d6.php 第 642 行.
NOTIC: [8] Undefined variable: tree D:\wamp\www\fenxiao\Application\Runtime\Cache\Admin\10ec42fc8128e219352bb8701ab9b0d6.php 第 720 行.
INFO: Run Behavior\ParseTemplateBehavior [ RunTime:0.019002s ]
INFO: [ view_parse ] --END-- [ RunTime:0.020002s ]
INFO: [ view_filter ] --START--
INFO: Run Behavior\WriteHtmlCacheBehavior [ RunTime:0.001000s ]
INFO: [ view_filter ] --END-- [ RunTime:0.001000s ]
INFO: [ app_end ] --START--
INFO: Run Behavior\ShowPageTraceBehavior [ RunTime:0.002000s ]
INFO: [ app_end ] --END-- [ RunTime:0.002000s ]

[ 2018-05-18T16:53:01+08:00 ] 127.0.0.1 /index.php/Admin/Member/indent_list?CACHE=18
INFO: [ app_init ] --START--
INFO: Run Behavior\BuildLiteBehavior [ RunTime:0.000000s ]
INFO: [ app_init ] --END-- [ RunTime:0.001000s ]
INFO: [ app_begin ] --START--
INFO: Run Behavior\ReadHtmlCacheBehavior [ RunTime:0.003000s ]
INFO: [ app_begin ] --END-- [ RunTime:0.003000s ]
SQL: SHOW COLUMNS FROM `fen_cache` [ RunTime:0.0060s ]
SQL: SELECT * FROM `fen_cache` WHERE `id` IN ('18')  [ RunTime:0.0010s ]
INFO: [ view_parse ] --START--
INFO: [ template_filter ] --START--
INFO: Run Behavior\ContentReplaceBehavior [ RunTime:0.001000s ]
INFO: [ template_filter ] --END-- [ RunTime:0.001000s ]
NOTIC: [8] Use of undefined constant id - assumed 'id' D:\wamp\www\fenxiao\Application\Runtime\Cache\Admin\10ec42fc8128e219352bb8701ab9b0d6.php 第 642 行.
NOTIC: [8] Undefined variable: tree D:\wamp\www\fenxiao\Application\Runtime\Cache\Admin\10ec42fc8128e219352bb8701ab9b0d6.php 第 720 行.
INFO: Run Behavior\ParseTemplateBehavior [ RunTime:0.019001s ]
INFO: [ view_parse ] --END-- [ RunTime:0.019001s ]
INFO: [ view_filter ] --START--
INFO: Run Behavior\WriteHtmlCacheBehavior [ RunTime:0.001000s ]
INFO: [ view_filter ] --END-- [ RunTime:0.002000s ]
INFO: [ app_end ] --START--
INFO: Run Behavior\ShowPageTraceBehavior [ RunTime:0.002000s ]
INFO: [ app_end ] --END-- [ RunTime:0.002000s ]

[ 2018-05-18T16:53:55+08:00 ] 127.0.0.1 /index.php/Admin/member/indent
INFO: [ app_init ] --START--
INFO: Run Behavior\BuildLiteBehavior [ RunTime:0.000000s ]
INFO: [ app_init ] --END-- [ RunTime:0.001000s ]
INFO: [ app_begin ] --START--
INFO: Run Behavior\ReadHtmlCacheBehavior [ RunTime:0.001000s ]
INFO: [ app_begin ] --END-- [ RunTime:0.002000s ]
SQL: SHOW COLUMNS FROM `fen_indent` [ RunTime:0.0070s ]
SQL: SELECT COUNT(*) AS tp_count FROM `fen_indent` WHERE `status` = 1 LIMIT 1   [ RunTime:0.0000s ]
NOTIC: [8] Undefined index: p D:\wamp\www\fenxiao\Application\Admin\Controller\MemberController.class.php 第 354 行.
SQL: SELECT * FROM `fen_indent` WHERE `status` = 1 ORDER BY id desc LIMIT 0,10   [ RunTime:0.0010s ]
INFO: [ view_parse ] --START--
INFO: [ template_filter ] --START--
INFO: Run Behavior\ContentReplaceBehavior [ RunTime:0.000000s ]
INFO: [ template_filter ] --END-- [ RunTime:0.000000s ]
NOTIC: [8] Use of undefined constant id - assumed 'id' D:\wamp\www\fenxiao\Application\Runtime\Cache\Admin\95116dd4e157075e9fe2df0f93f67174.php 第 657 行.
SQL: SHOW COLUMNS FROM `fen_address` [ RunTime:0.0070s ]
SQL: SELECT `name` FROM `fen_address` WHERE `id` = 6 LIMIT 1   [ RunTime:0.0010s ]
SQL: SELECT `phone` FROM `fen_address` WHERE `id` = 6 LIMIT 1   [ RunTime:0.0000s ]
SQL: SELECT `location`,`address` FROM `fen_address` WHERE `id` = 6 LIMIT 1   [ RunTime:0.0000s ]
NOTIC: [8] Use of undefined constant id - assumed 'id' D:\wamp\www\fenxiao\Application\Runtime\Cache\Admin\95116dd4e157075e9fe2df0f93f67174.php 第 657 行.
SQL: SELECT `name` FROM `fen_address` WHERE `id` = 6 LIMIT 1   [ RunTime:0.0010s ]
SQL: SELECT `phone` FROM `fen_address` WHERE `id` = 6 LIMIT 1   [ RunTime:0.0020s ]
SQL: SELECT `location`,`address` FROM `fen_address` WHERE `id` = 6 LIMIT 1   [ RunTime:0.0000s ]
NOTIC: [8] Use of undefined constant id - assumed 'id' D:\wamp\www\fenxiao\Application\Runtime\Cache\Admin\95116dd4e157075e9fe2df0f93f67174.php 第 657 行.
SQL: SELECT `name` FROM `fen_address` WHERE `id` = 6 LIMIT 1   [ RunTime:0.0000s ]
SQL: SELECT `phone` FROM `fen_address` WHERE `id` = 6 LIMIT 1   [ RunTime:0.0000s ]
SQL: SELECT `location`,`address` FROM `fen_address` WHERE `id` = 6 LIMIT 1   [ RunTime:0.0000s ]
NOTIC: [8] Use of undefined constant id - assumed 'id' D:\wamp\www\fenxiao\Application\Runtime\Cache\Admin\95116dd4e157075e9fe2df0f93f67174.php 第 657 行.
SQL: SELECT `name` FROM `fen_address` WHERE `id` = 1 LIMIT 1   [ RunTime:0.0010s ]
SQL: SELECT `phone` FROM `fen_address` WHERE `id` = 1 LIMIT 1   [ RunTime:0.0000s ]
SQL: SELECT `location`,`address` FROM `fen_address` WHERE `id` = 1 LIMIT 1   [ RunTime:0.0000s ]
NOTIC: [8] Use of undefined constant id - assumed 'id' D:\wamp\www\fenxiao\Application\Runtime\Cache\Admin\95116dd4e157075e9fe2df0f93f67174.php 第 657 行.
SQL: SELECT `name` FROM `fen_address` WHERE `id` = 1 LIMIT 1   [ RunTime:0.0010s ]
SQL: SELECT `phone` FROM `fen_address` WHERE `id` = 1 LIMIT 1   [ RunTime:0.0010s ]
SQL: SELECT `location`,`address` FROM `fen_address` WHERE `id` = 1 LIMIT 1   [ RunTime:0.0010s ]
NOTIC: [8] Use of undefined constant id - assumed 'id' D:\wamp\www\fenxiao\Application\Runtime\Cache\Admin\95116dd4e157075e9fe2df0f93f67174.php 第 657 行.
SQL: SELECT `name` FROM `fen_address` WHERE `id` = 3 LIMIT 1   [ RunTime:0.0000s ]
SQL: SELECT `phone` FROM `fen_address` WHERE `id` = 3 LIMIT 1   [ RunTime:0.0000s ]
SQL: SELECT `location`,`address` FROM `fen_address` WHERE `id` = 3 LIMIT 1   [ RunTime:0.0000s ]
NOTIC: [8] Undefined variable: tree D:\wamp\www\fenxiao\Application\Runtime\Cache\Admin\95116dd4e157075e9fe2df0f93f67174.php 第 761 行.
INFO: Run Behavior\ParseTemplateBehavior [ RunTime:0.054003s ]
INFO: [ view_parse ] --END-- [ RunTime:0.054003s ]
INFO: [ view_filter ] --START--
INFO: Run Behavior\WriteHtmlCacheBehavior [ RunTime:0.001000s ]
INFO: [ view_filter ] --END-- [ RunTime:0.001000s ]
INFO: [ app_end ] --START--
INFO: Run Behavior\ShowPageTraceBehavior [ RunTime:0.001000s ]
INFO: [ app_end ] --END-- [ RunTime:0.001000s ]

[ 2018-05-18T16:55:07+08:00 ] 127.0.0.1 /index.php/Admin/Member/indent_list?CACHE=18
INFO: [ app_init ] --START--
INFO: Run Behavior\BuildLiteBehavior [ RunTime:0.001000s ]
INFO: [ app_init ] --END-- [ RunTime:0.001000s ]
INFO: [ app_begin ] --START--
INFO: Run Behavior\ReadHtmlCacheBehavior [ RunTime:0.001000s ]
INFO: [ app_begin ] --END-- [ RunTime:0.001000s ]
SQL: SHOW COLUMNS FROM `fen_cache` [ RunTime:0.0060s ]
SQL: SELECT * FROM `fen_cache` WHERE `id` IN ('18')  [ RunTime:0.0000s ]
INFO: [ view_parse ] --START--
INFO: [ template_filter ] --START--
INFO: Run Behavior\ContentReplaceBehavior [ RunTime:0.000000s ]
INFO: [ template_filter ] --END-- [ RunTime:0.000000s ]
NOTIC: [8] Use of undefined constant id - assumed 'id' D:\wamp\www\fenxiao\Application\Runtime\Cache\Admin\10ec42fc8128e219352bb8701ab9b0d6.php 第 642 行.
NOTIC: [8] Undefined variable: tree D:\wamp\www\fenxiao\Application\Runtime\Cache\Admin\10ec42fc8128e219352bb8701ab9b0d6.php 第 720 行.
INFO: Run Behavior\ParseTemplateBehavior [ RunTime:0.020001s ]
INFO: [ view_parse ] --END-- [ RunTime:0.020001s ]
INFO: [ view_filter ] --START--
INFO: Run Behavior\WriteHtmlCacheBehavior [ RunTime:0.001000s ]
INFO: [ view_filter ] --END-- [ RunTime:0.001000s ]
INFO: [ app_end ] --START--
INFO: Run Behavior\ShowPageTraceBehavior [ RunTime:0.002000s ]
INFO: [ app_end ] --END-- [ RunTime:0.002000s ]

[ 2018-05-18T16:55:30+08:00 ] 127.0.0.1 /index.php/Admin/member/indent
INFO: [ app_init ] --START--
INFO: Run Behavior\BuildLiteBehavior [ RunTime:0.000000s ]
INFO: [ app_init ] --END-- [ RunTime:0.001000s ]
INFO: [ app_begin ] --START--
INFO: Run Behavior\ReadHtmlCacheBehavior [ RunTime:0.001000s ]
INFO: [ app_begin ] --END-- [ RunTime:0.002000s ]
SQL: SHOW COLUMNS FROM `fen_indent` [ RunTime:0.0080s ]
SQL: SELECT COUNT(*) AS tp_count FROM `fen_indent` WHERE `status` = 1 LIMIT 1   [ RunTime:0.0010s ]
NOTIC: [8] Undefined index: p D:\wamp\www\fenxiao\Application\Admin\Controller\MemberController.class.php 第 354 行.
SQL: SELECT * FROM `fen_indent` WHERE `status` = 1 ORDER BY id desc LIMIT 0,10   [ RunTime:0.0000s ]
INFO: [ view_parse ] --START--
INFO: [ template_filter ] --START--
INFO: Run Behavior\ContentReplaceBehavior [ RunTime:0.001000s ]
INFO: [ template_filter ] --END-- [ RunTime:0.001000s ]
NOTIC: [8] Use of undefined constant id - assumed 'id' D:\wamp\www\fenxiao\Application\Runtime\Cache\Admin\95116dd4e157075e9fe2df0f93f67174.php 第 657 行.
SQL: SHOW COLUMNS FROM `fen_address` [ RunTime:0.0070s ]
SQL: SELECT `name` FROM `fen_address` WHERE `id` = 6 LIMIT 1   [ RunTime:0.0010s ]
SQL: SELECT `phone` FROM `fen_address` WHERE `id` = 6 LIMIT 1   [ RunTime:0.0010s ]
SQL: SELECT `location`,`address` FROM `fen_address` WHERE `id` = 6 LIMIT 1   [ RunTime:0.0010s ]
NOTIC: [8] Use of undefined constant id - assumed 'id' D:\wamp\www\fenxiao\Application\Runtime\Cache\Admin\95116dd4e157075e9fe2df0f93f67174.php 第 657 行.
SQL: SELECT `name` FROM `fen_address` WHERE `id` = 6 LIMIT 1   [ RunTime:0.0000s ]
SQL: SELECT `phone` FROM `fen_address` WHERE `id` = 6 LIMIT 1   [ RunTime:0.0000s ]
SQL: SELECT `location`,`address` FROM `fen_address` WHERE `id` = 6 LIMIT 1   [ RunTime:0.0000s ]
NOTIC: [8] Use of undefined constant id - assumed 'id' D:\wamp\www\fenxiao\Application\Runtime\Cache\Admin\95116dd4e157075e9fe2df0f93f67174.php 第 657 行.
SQL: SELECT `name` FROM `fen_address` WHERE `id` = 6 LIMIT 1   [ RunTime:0.0000s ]
SQL: SELECT `phone` FROM `fen_address` WHERE `id` = 6 LIMIT 1   [ RunTime:0.0010s ]
SQL: SELECT `location`,`address` FROM `fen_address` WHERE `id` = 6 LIMIT 1   [ RunTime:0.0000s ]
NOTIC: [8] Use of undefined constant id - assumed 'id' D:\wamp\www\fenxiao\Application\Runtime\Cache\Admin\95116dd4e157075e9fe2df0f93f67174.php 第 657 行.
SQL: SELECT `name` FROM `fen_address` WHERE `id` = 1 LIMIT 1   [ RunTime:0.0000s ]
SQL: SELECT `phone` FROM `fen_address` WHERE `id` = 1 LIMIT 1   [ RunTime:0.0000s ]
SQL: SELECT `location`,`address` FROM `fen_address` WHERE `id` = 1 LIMIT 1   [ RunTime:0.0000s ]
NOTIC: [8] Use of undefined constant id - assumed 'id' D:\wamp\www\fenxiao\Application\Runtime\Cache\Admin\95116dd4e157075e9fe2df0f93f67174.php 第 657 行.
SQL: SELECT `name` FROM `fen_address` WHERE `id` = 1 LIMIT 1   [ RunTime:0.0000s ]
SQL: SELECT `phone` FROM `fen_address` WHERE `id` = 1 LIMIT 1   [ RunTime:0.0010s ]
SQL: SELECT `location`,`address` FROM `fen_address` WHERE `id` = 1 LIMIT 1   [ RunTime:0.0010s ]
NOTIC: [8] Use of undefined constant id - assumed 'id' D:\wamp\www\fenxiao\Application\Runtime\Cache\Admin\95116dd4e157075e9fe2df0f93f67174.php 第 657 行.
SQL: SELECT `name` FROM `fen_address` WHERE `id` = 3 LIMIT 1   [ RunTime:0.0000s ]
SQL: SELECT `phone` FROM `fen_address` WHERE `id` = 3 LIMIT 1   [ RunTime:0.0010s ]
SQL: SELECT `location`,`address` FROM `fen_address` WHERE `id` = 3 LIMIT 1   [ RunTime:0.0010s ]
NOTIC: [8] Undefined variable: tree D:\wamp\www\fenxiao\Application\Runtime\Cache\Admin\95116dd4e157075e9fe2df0f93f67174.php 第 761 行.
INFO: Run Behavior\ParseTemplateBehavior [ RunTime:0.047003s ]
INFO: [ view_parse ] --END-- [ RunTime:0.047003s ]
INFO: [ view_filter ] --START--
INFO: Run Behavior\WriteHtmlCacheBehavior [ RunTime:0.001000s ]
INFO: [ view_filter ] --END-- [ RunTime:0.001000s ]
INFO: [ app_end ] --START--
INFO: Run Behavior\ShowPageTraceBehavior [ RunTime:0.002000s ]
INFO: [ app_end ] --END-- [ RunTime:0.002000s ]

