[ 2018-01-27T20:13:17+08:00 ] 127.0.0.1 /index.php/admin/login/index
INFO: [ app_init ] --START--
INFO: Run Behavior\BuildLiteBehavior [ RunTime:0.000036s ]
INFO: [ app_init ] --END-- [ RunTime:0.029295s ]
INFO: [ app_begin ] --START--
INFO: Run Behavior\ReadHtmlCacheBehavior [ RunTime:0.002854s ]
INFO: [ app_begin ] --END-- [ RunTime:0.003121s ]
INFO: [ view_parse ] --START--
INFO: [ template_filter ] --START--
INFO: Run Behavior\ContentReplaceBehavior [ RunTime:0.012384s ]
INFO: [ template_filter ] --END-- [ RunTime:0.012526s ]
INFO: Run Behavior\ParseTemplateBehavior [ RunTime:0.033004s ]
INFO: [ view_parse ] --END-- [ RunTime:0.033164s ]
INFO: [ view_filter ] --START--
INFO: Run Behavior\WriteHtmlCacheBehavior [ RunTime:0.001395s ]
INFO: [ view_filter ] --END-- [ RunTime:0.001521s ]
INFO: [ app_end ] --START--
INFO: Run Behavior\ShowPageTraceBehavior [ RunTime:0.001751s ]
INFO: [ app_end ] --END-- [ RunTime:0.001882s ]

[ 2018-01-27T20:13:18+08:00 ] 127.0.0.1 /index.php/Admin/login/verify.html
INFO: [ app_init ] --START--
INFO: Run Behavior\BuildLiteBehavior [ RunTime:0.000033s ]
INFO: [ app_init ] --END-- [ RunTime:0.001001s ]
INFO: [ app_begin ] --START--
INFO: Run Behavior\ReadHtmlCacheBehavior [ RunTime:0.001752s ]
INFO: [ app_begin ] --END-- [ RunTime:0.001911s ]
INFO: [ app_end ] --START--
INFO: Run Behavior\ShowPageTraceBehavior [ RunTime:0.001991s ]
INFO: [ app_end ] --END-- [ RunTime:0.002149s ]

[ 2018-01-27T20:14:48+08:00 ] 127.0.0.1 /index.php/admin/login/index
INFO: [ app_init ] --START--
INFO: Run Behavior\BuildLiteBehavior [ RunTime:0.000033s ]
INFO: [ app_init ] --END-- [ RunTime:0.001009s ]
INFO: [ app_begin ] --START--
INFO: Run Behavior\ReadHtmlCacheBehavior [ RunTime:0.001302s ]
INFO: [ app_begin ] --END-- [ RunTime:0.001465s ]
INFO: [ view_parse ] --START--
INFO: [ template_filter ] --START--
INFO: Run Behavior\ContentReplaceBehavior [ RunTime:0.000124s ]
INFO: [ template_filter ] --END-- [ RunTime:0.000255s ]
INFO: Run Behavior\ParseTemplateBehavior [ RunTime:0.011833s ]
INFO: [ view_parse ] --END-- [ RunTime:0.011968s ]
INFO: [ view_filter ] --START--
INFO: Run Behavior\WriteHtmlCacheBehavior [ RunTime:0.000716s ]
INFO: [ view_filter ] --END-- [ RunTime:0.000838s ]
INFO: [ app_end ] --START--
INFO: Run Behavior\ShowPageTraceBehavior [ RunTime:0.000967s ]
INFO: [ app_end ] --END-- [ RunTime:0.001093s ]

[ 2018-01-27T20:14:49+08:00 ] 127.0.0.1 /index.php/Admin/login/verify.html
INFO: [ app_init ] --START--
INFO: Run Behavior\BuildLiteBehavior [ RunTime:0.000034s ]
INFO: [ app_init ] --END-- [ RunTime:0.001151s ]
INFO: [ app_begin ] --START--
INFO: Run Behavior\ReadHtmlCacheBehavior [ RunTime:0.001996s ]
INFO: [ app_begin ] --END-- [ RunTime:0.002159s ]
INFO: [ app_end ] --START--
INFO: Run Behavior\ShowPageTraceBehavior [ RunTime:0.003341s ]
INFO: [ app_end ] --END-- [ RunTime:0.003518s ]

[ 2018-01-27T20:20:20+08:00 ] 127.0.0.1 /index.php/Admin/Login/sign
INFO: [ app_init ] --START--
INFO: Run Behavior\BuildLiteBehavior [ RunTime:0.000033s ]
INFO: [ app_init ] --END-- [ RunTime:0.001658s ]
INFO: [ app_begin ] --START--
INFO: Run Behavior\ReadHtmlCacheBehavior [ RunTime:0.008137s ]
INFO: [ app_begin ] --END-- [ RunTime:0.008412s ]
INFO: [ view_parse ] --START--
INFO: [ template_filter ] --START--
INFO: Run Behavior\ContentReplaceBehavior [ RunTime:0.000157s ]
INFO: [ template_filter ] --END-- [ RunTime:0.000404s ]
INFO: Run Behavior\ParseTemplateBehavior [ RunTime:0.038459s ]
INFO: [ view_parse ] --END-- [ RunTime:0.038636s ]
INFO: [ view_filter ] --START--
INFO: Run Behavior\WriteHtmlCacheBehavior [ RunTime:0.002880s ]
INFO: [ view_filter ] --END-- [ RunTime:0.003005s ]
INFO: [ app_end ] --START--
INFO: Run Behavior\ShowPageTraceBehavior [ RunTime:0.003323s ]
INFO: [ app_end ] --END-- [ RunTime:0.003454s ]

[ 2018-01-27T20:20:20+08:00 ] 127.0.0.1 /index.php/Admin/login/verify.html
INFO: [ app_init ] --START--
INFO: Run Behavior\BuildLiteBehavior [ RunTime:0.000176s ]
INFO: [ app_init ] --END-- [ RunTime:0.002797s ]
INFO: [ app_begin ] --START--
INFO: Run Behavior\ReadHtmlCacheBehavior [ RunTime:0.020627s ]
INFO: [ app_begin ] --END-- [ RunTime:0.020784s ]
INFO: [ app_end ] --START--
INFO: Run Behavior\ShowPageTraceBehavior [ RunTime:0.006410s ]
INFO: [ app_end ] --END-- [ RunTime:0.006600s ]

[ 2018-01-27T20:22:28+08:00 ] 127.0.0.1 /index.php/Admin/Login/sign
INFO: [ app_init ] --START--
INFO: Run Behavior\BuildLiteBehavior [ RunTime:0.000038s ]
INFO: [ app_init ] --END-- [ RunTime:0.002242s ]
INFO: [ app_begin ] --START--
INFO: Run Behavior\ReadHtmlCacheBehavior [ RunTime:0.001929s ]
INFO: [ app_begin ] --END-- [ RunTime:0.002115s ]
INFO: [ view_parse ] --START--
INFO: [ template_filter ] --START--
INFO: Run Behavior\ContentReplaceBehavior [ RunTime:0.000129s ]
INFO: [ template_filter ] --END-- [ RunTime:0.000262s ]
INFO: Run Behavior\ParseTemplateBehavior [ RunTime:0.021598s ]
INFO: [ view_parse ] --END-- [ RunTime:0.021748s ]
INFO: [ view_filter ] --START--
INFO: Run Behavior\WriteHtmlCacheBehavior [ RunTime:0.001681s ]
INFO: [ view_filter ] --END-- [ RunTime:0.001810s ]
INFO: [ app_end ] --START--
INFO: Run Behavior\ShowPageTraceBehavior [ RunTime:0.001892s ]
INFO: [ app_end ] --END-- [ RunTime:0.002023s ]

[ 2018-01-27T20:22:28+08:00 ] 127.0.0.1 /index.php/Admin/login/verify.html
INFO: [ app_init ] --START--
INFO: Run Behavior\BuildLiteBehavior [ RunTime:0.000035s ]
INFO: [ app_init ] --END-- [ RunTime:0.001366s ]
INFO: [ app_begin ] --START--
INFO: Run Behavior\ReadHtmlCacheBehavior [ RunTime:0.011822s ]
INFO: [ app_begin ] --END-- [ RunTime:0.012000s ]
INFO: [ app_end ] --START--
INFO: Run Behavior\ShowPageTraceBehavior [ RunTime:0.002613s ]
INFO: [ app_end ] --END-- [ RunTime:0.002769s ]

[ 2018-01-27T20:23:49+08:00 ] 127.0.0.1 /index.php/Admin/Login/sign
INFO: [ app_init ] --START--
INFO: Run Behavior\BuildLiteBehavior [ RunTime:0.000033s ]
INFO: [ app_init ] --END-- [ RunTime:0.001257s ]
INFO: [ app_begin ] --START--
INFO: Run Behavior\ReadHtmlCacheBehavior [ RunTime:0.001852s ]
INFO: [ app_begin ] --END-- [ RunTime:0.002024s ]
INFO: [ view_parse ] --START--
INFO: [ template_filter ] --START--
INFO: Run Behavior\ContentReplaceBehavior [ RunTime:0.000219s ]
INFO: [ template_filter ] --END-- [ RunTime:0.001221s ]
INFO: Run Behavior\ParseTemplateBehavior [ RunTime:0.017792s ]
INFO: [ view_parse ] --END-- [ RunTime:0.017931s ]
INFO: [ view_filter ] --START--
INFO: Run Behavior\WriteHtmlCacheBehavior [ RunTime:0.001637s ]
INFO: [ view_filter ] --END-- [ RunTime:0.001764s ]
INFO: [ app_end ] --START--
INFO: Run Behavior\ShowPageTraceBehavior [ RunTime:0.002274s ]
INFO: [ app_end ] --END-- [ RunTime:0.002413s ]

[ 2018-01-27T20:23:49+08:00 ] 127.0.0.1 /index.php/Admin/login/verify.html
INFO: [ app_init ] --START--
INFO: Run Behavior\BuildLiteBehavior [ RunTime:0.000035s ]
INFO: [ app_init ] --END-- [ RunTime:0.001333s ]
INFO: [ app_begin ] --START--
INFO: Run Behavior\ReadHtmlCacheBehavior [ RunTime:0.001882s ]
INFO: [ app_begin ] --END-- [ RunTime:0.002052s ]
INFO: [ app_end ] --START--
INFO: Run Behavior\ShowPageTraceBehavior [ RunTime:0.002786s ]
INFO: [ app_end ] --END-- [ RunTime:0.002964s ]

[ 2018-01-27T20:26:08+08:00 ] 127.0.0.1 /index.php/Admin/Login/sign
INFO: [ app_init ] --START--
INFO: Run Behavior\BuildLiteBehavior [ RunTime:0.000036s ]
INFO: [ app_init ] --END-- [ RunTime:0.001761s ]
INFO: [ app_begin ] --START--
INFO: Run Behavior\ReadHtmlCacheBehavior [ RunTime:0.002968s ]
INFO: [ app_begin ] --END-- [ RunTime:0.003322s ]
INFO: [ view_parse ] --START--
INFO: [ template_filter ] --START--
INFO: Run Behavior\ContentReplaceBehavior [ RunTime:0.000121s ]
INFO: [ template_filter ] --END-- [ RunTime:0.000256s ]
INFO: Run Behavior\ParseTemplateBehavior [ RunTime:0.025369s ]
INFO: [ view_parse ] --END-- [ RunTime:0.025523s ]
INFO: [ view_filter ] --START--
INFO: Run Behavior\WriteHtmlCacheBehavior [ RunTime:0.002273s ]
INFO: [ view_filter ] --END-- [ RunTime:0.002451s ]
INFO: [ app_end ] --START--
INFO: Run Behavior\ShowPageTraceBehavior [ RunTime:0.002651s ]
INFO: [ app_end ] --END-- [ RunTime:0.002791s ]

[ 2018-01-27T20:26:08+08:00 ] 127.0.0.1 /index.php/Admin/login/verify.html
INFO: [ app_init ] --START--
INFO: Run Behavior\BuildLiteBehavior [ RunTime:0.000034s ]
INFO: [ app_init ] --END-- [ RunTime:0.001989s ]
INFO: [ app_begin ] --START--
INFO: Run Behavior\ReadHtmlCacheBehavior [ RunTime:0.012668s ]
INFO: [ app_begin ] --END-- [ RunTime:0.012857s ]
INFO: [ app_end ] --START--
INFO: Run Behavior\ShowPageTraceBehavior [ RunTime:0.003860s ]
INFO: [ app_end ] --END-- [ RunTime:0.004047s ]

[ 2018-01-27T20:26:26+08:00 ] 127.0.0.1 /index.php/Admin/Login/sign
INFO: [ app_init ] --START--
INFO: Run Behavior\BuildLiteBehavior [ RunTime:0.000032s ]
INFO: [ app_init ] --END-- [ RunTime:0.001071s ]
INFO: [ app_begin ] --START--
INFO: Run Behavior\ReadHtmlCacheBehavior [ RunTime:0.001959s ]
INFO: [ app_begin ] --END-- [ RunTime:0.002095s ]
SQL: SHOW COLUMNS FROM `fang_user` [ RunTime:0.0110s ]
SQL: SELECT * FROM `fang_user` WHERE `name` = 'dawei' LIMIT 1   [ RunTime:0.0004s ]
SQL: INSERT INTO `fang_user` (`name`,`true_name`,`password`,`email`,`phone`,`role`,`status`,`time`) VALUES ('dawei','','e10adc3949ba59abbe56e057f20f883e','','13930183794','1','0','1517055986') [ RunTime:0.0612s ]
NOTIC: [2] Missing argument 3 for show(), called in E:\wamp\www\lanjing\Application\Admin\Controller\LoginController.class.php on line 52 and defined E:\wamp\www\lanjing\Application\Admin\Common\function.php 第 3 行.
NOTIC: [8] Undefined variable: data E:\wamp\www\lanjing\Application\Admin\Common\function.php 第 7 行.

[ 2018-01-27T20:26:28+08:00 ] 127.0.0.1 /index.php/Admin/Login/index
INFO: [ app_init ] --START--
INFO: Run Behavior\BuildLiteBehavior [ RunTime:0.000037s ]
INFO: [ app_init ] --END-- [ RunTime:0.001161s ]
INFO: [ app_begin ] --START--
INFO: Run Behavior\ReadHtmlCacheBehavior [ RunTime:0.001841s ]
INFO: [ app_begin ] --END-- [ RunTime:0.001996s ]
INFO: [ view_parse ] --START--
INFO: [ template_filter ] --START--
INFO: Run Behavior\ContentReplaceBehavior [ RunTime:0.000125s ]
INFO: [ template_filter ] --END-- [ RunTime:0.000271s ]
INFO: Run Behavior\ParseTemplateBehavior [ RunTime:0.015353s ]
INFO: [ view_parse ] --END-- [ RunTime:0.015493s ]
INFO: [ view_filter ] --START--
INFO: Run Behavior\WriteHtmlCacheBehavior [ RunTime:0.001626s ]
INFO: [ view_filter ] --END-- [ RunTime:0.001754s ]
INFO: [ app_end ] --START--
INFO: Run Behavior\ShowPageTraceBehavior [ RunTime:0.001813s ]
INFO: [ app_end ] --END-- [ RunTime:0.001941s ]

[ 2018-01-27T20:26:28+08:00 ] 127.0.0.1 /index.php/Admin/login/verify.html
INFO: [ app_init ] --START--
INFO: Run Behavior\BuildLiteBehavior [ RunTime:0.000034s ]
INFO: [ app_init ] --END-- [ RunTime:0.001325s ]
INFO: [ app_begin ] --START--
INFO: Run Behavior\ReadHtmlCacheBehavior [ RunTime:0.002505s ]
INFO: [ app_begin ] --END-- [ RunTime:0.002677s ]
INFO: [ app_end ] --START--
INFO: Run Behavior\ShowPageTraceBehavior [ RunTime:0.003764s ]
INFO: [ app_end ] --END-- [ RunTime:0.003933s ]

[ 2018-01-27T20:26:37+08:00 ] 127.0.0.1 /index.php/Admin/Login/index
INFO: [ app_init ] --START--
INFO: Run Behavior\BuildLiteBehavior [ RunTime:0.000036s ]
INFO: [ app_init ] --END-- [ RunTime:0.002680s ]
INFO: [ app_begin ] --START--
INFO: Run Behavior\ReadHtmlCacheBehavior [ RunTime:0.001711s ]
INFO: [ app_begin ] --END-- [ RunTime:0.001867s ]
SQL: SHOW COLUMNS FROM `fang_user` [ RunTime:0.0102s ]
SQL: SELECT * FROM `fang_user` WHERE ( name = "dawei" ) LIMIT 1   [ RunTime:0.0003s ]
NOTIC: [2] Missing argument 3 for show(), called in E:\wamp\www\lanjing\Application\Admin\Controller\LoginController.class.php on line 30 and defined E:\wamp\www\lanjing\Application\Admin\Common\function.php 第 3 行.
NOTIC: [8] Undefined variable: data E:\wamp\www\lanjing\Application\Admin\Common\function.php 第 7 行.

[ 2018-01-27T20:26:37+08:00 ] 127.0.0.1 /index.php/Admin/index/index
INFO: [ app_init ] --START--
INFO: Run Behavior\BuildLiteBehavior [ RunTime:0.000032s ]
INFO: [ app_init ] --END-- [ RunTime:0.001026s ]
INFO: [ app_begin ] --START--
INFO: Run Behavior\ReadHtmlCacheBehavior [ RunTime:0.002746s ]
INFO: [ app_begin ] --END-- [ RunTime:0.002931s ]
INFO: [ view_parse ] --START--
INFO: [ template_filter ] --START--
INFO: Run Behavior\ContentReplaceBehavior [ RunTime:0.000250s ]
INFO: [ template_filter ] --END-- [ RunTime:0.000392s ]
NOTIC: [8] Undefined variable: area E:\wamp\www\lanjing\Application\Runtime\Cache\Admin\b595b808c2ebeeeb0478ffc30bb4e87a.php 第 1263 行.
NOTIC: [8] Undefined variable: list E:\wamp\www\lanjing\Application\Runtime\Cache\Admin\b595b808c2ebeeeb0478ffc30bb4e87a.php 第 1312 行.
NOTIC: [8] Undefined variable: page E:\wamp\www\lanjing\Application\Runtime\Cache\Admin\b595b808c2ebeeeb0478ffc30bb4e87a.php 第 1341 行.
INFO: Run Behavior\ParseTemplateBehavior [ RunTime:0.071694s ]
INFO: [ view_parse ] --END-- [ RunTime:0.071836s ]
INFO: [ view_filter ] --START--
INFO: Run Behavior\WriteHtmlCacheBehavior [ RunTime:0.001831s ]
INFO: [ view_filter ] --END-- [ RunTime:0.001969s ]
INFO: [ app_end ] --START--
INFO: Run Behavior\ShowPageTraceBehavior [ RunTime:0.001811s ]
INFO: [ app_end ] --END-- [ RunTime:0.001940s ]

[ 2018-01-27T20:41:37+08:00 ] 127.0.0.1 /index.php/Admin/Login/index
INFO: [ app_init ] --START--
INFO: Run Behavior\BuildLiteBehavior [ RunTime:0.000034s ]
INFO: [ app_init ] --END-- [ RunTime:0.001308s ]
INFO: [ app_begin ] --START--
INFO: Run Behavior\ReadHtmlCacheBehavior [ RunTime:0.002422s ]
INFO: [ app_begin ] --END-- [ RunTime:0.002576s ]
INFO: [ view_parse ] --START--
INFO: [ template_filter ] --START--
INFO: Run Behavior\ContentReplaceBehavior [ RunTime:0.000128s ]
INFO: [ template_filter ] --END-- [ RunTime:0.000268s ]
INFO: Run Behavior\ParseTemplateBehavior [ RunTime:0.028338s ]
INFO: [ view_parse ] --END-- [ RunTime:0.028980s ]
INFO: [ view_filter ] --START--
INFO: Run Behavior\WriteHtmlCacheBehavior [ RunTime:0.002283s ]
INFO: [ view_filter ] --END-- [ RunTime:0.002413s ]
INFO: [ app_end ] --START--
INFO: Run Behavior\ShowPageTraceBehavior [ RunTime:0.002447s ]
INFO: [ app_end ] --END-- [ RunTime:0.002588s ]

[ 2018-01-27T20:41:38+08:00 ] 127.0.0.1 /index.php/Admin/Login/sign
INFO: [ app_init ] --START--
INFO: Run Behavior\BuildLiteBehavior [ RunTime:0.000035s ]
INFO: [ app_init ] --END-- [ RunTime:0.003368s ]
INFO: [ app_begin ] --START--
INFO: Run Behavior\ReadHtmlCacheBehavior [ RunTime:0.002727s ]
INFO: [ app_begin ] --END-- [ RunTime:0.002906s ]
INFO: [ view_parse ] --START--
INFO: [ template_filter ] --START--
INFO: Run Behavior\ContentReplaceBehavior [ RunTime:0.000117s ]
INFO: [ template_filter ] --END-- [ RunTime:0.000248s ]
INFO: Run Behavior\ParseTemplateBehavior [ RunTime:0.018183s ]
INFO: [ view_parse ] --END-- [ RunTime:0.018357s ]
INFO: [ view_filter ] --START--
INFO: Run Behavior\WriteHtmlCacheBehavior [ RunTime:0.001700s ]
INFO: [ view_filter ] --END-- [ RunTime:0.001825s ]
INFO: [ app_end ] --START--
INFO: Run Behavior\ShowPageTraceBehavior [ RunTime:0.001913s ]
INFO: [ app_end ] --END-- [ RunTime:0.002064s ]

[ 2018-01-27T20:41:39+08:00 ] 127.0.0.1 /index.php/Admin/login/verify.html
INFO: [ app_init ] --START--
INFO: Run Behavior\BuildLiteBehavior [ RunTime:0.000032s ]
INFO: [ app_init ] --END-- [ RunTime:0.005352s ]
INFO: [ app_begin ] --START--
INFO: Run Behavior\ReadHtmlCacheBehavior [ RunTime:0.003321s ]
INFO: [ app_begin ] --END-- [ RunTime:0.004359s ]
INFO: [ app_end ] --START--
INFO: Run Behavior\ShowPageTraceBehavior [ RunTime:0.003335s ]
INFO: [ app_end ] --END-- [ RunTime:0.003532s ]

[ 2018-01-27T20:41:56+08:00 ] 127.0.0.1 /index.php/Admin/Login/verify/0.9588493665235553
INFO: [ app_init ] --START--
INFO: Run Behavior\BuildLiteBehavior [ RunTime:0.000031s ]
INFO: [ app_init ] --END-- [ RunTime:0.000971s ]
INFO: [ app_begin ] --START--
INFO: Run Behavior\ReadHtmlCacheBehavior [ RunTime:0.001563s ]
INFO: [ app_begin ] --END-- [ RunTime:0.001715s ]
INFO: [ app_end ] --START--
INFO: Run Behavior\ShowPageTraceBehavior [ RunTime:0.001965s ]
INFO: [ app_end ] --END-- [ RunTime:0.002121s ]

[ 2018-01-27T20:42:00+08:00 ] 127.0.0.1 /index.php/Admin/Login/sign
INFO: [ app_init ] --START--
INFO: Run Behavior\BuildLiteBehavior [ RunTime:0.000037s ]
INFO: [ app_init ] --END-- [ RunTime:0.001611s ]
INFO: [ app_begin ] --START--
INFO: Run Behavior\ReadHtmlCacheBehavior [ RunTime:0.001545s ]
INFO: [ app_begin ] --END-- [ RunTime:0.001683s ]
SQL: SHOW COLUMNS FROM `lan_user` [ RunTime:0.0122s ]
SQL: SELECT * FROM `lan_user` WHERE `name` = 'admin' LIMIT 1   [ RunTime:0.0005s ]
SQL: INSERT INTO `lan_user` (`name`,`true_name`,`password`,`email`,`phone`,`role`,`status`,`time`) VALUES ('admin','','e10adc3949ba59abbe56e057f20f883e','','13930183794','1','0','1517056920') [ RunTime:0.0706s ]
NOTIC: [2] Missing argument 3 for show(), called in E:\wamp\www\lanjing\Application\Admin\Controller\LoginController.class.php on line 52 and defined E:\wamp\www\lanjing\Application\Admin\Common\function.php 第 3 行.
NOTIC: [8] Undefined variable: data E:\wamp\www\lanjing\Application\Admin\Common\function.php 第 7 行.

[ 2018-01-27T20:42:01+08:00 ] 127.0.0.1 /index.php/Admin/Login/index
INFO: [ app_init ] --START--
INFO: Run Behavior\BuildLiteBehavior [ RunTime:0.000051s ]
INFO: [ app_init ] --END-- [ RunTime:0.001413s ]
INFO: [ app_begin ] --START--
INFO: Run Behavior\ReadHtmlCacheBehavior [ RunTime:0.002126s ]
INFO: [ app_begin ] --END-- [ RunTime:0.002278s ]
INFO: [ view_parse ] --START--
INFO: [ template_filter ] --START--
INFO: Run Behavior\ContentReplaceBehavior [ RunTime:0.000178s ]
INFO: [ template_filter ] --END-- [ RunTime:0.000338s ]
INFO: Run Behavior\ParseTemplateBehavior [ RunTime:0.019007s ]
INFO: [ view_parse ] --END-- [ RunTime:0.019191s ]
INFO: [ view_filter ] --START--
INFO: Run Behavior\WriteHtmlCacheBehavior [ RunTime:0.001377s ]
INFO: [ view_filter ] --END-- [ RunTime:0.001531s ]
INFO: [ app_end ] --START--
INFO: Run Behavior\ShowPageTraceBehavior [ RunTime:0.002688s ]
INFO: [ app_end ] --END-- [ RunTime:0.002820s ]

[ 2018-01-27T20:42:01+08:00 ] 127.0.0.1 /index.php/Admin/login/verify.html
INFO: [ app_init ] --START--
INFO: Run Behavior\BuildLiteBehavior [ RunTime:0.000033s ]
INFO: [ app_init ] --END-- [ RunTime:0.001060s ]
INFO: [ app_begin ] --START--
INFO: Run Behavior\ReadHtmlCacheBehavior [ RunTime:0.001684s ]
INFO: [ app_begin ] --END-- [ RunTime:0.001845s ]
INFO: [ app_end ] --START--
INFO: Run Behavior\ShowPageTraceBehavior [ RunTime:0.004364s ]
INFO: [ app_end ] --END-- [ RunTime:0.004511s ]

[ 2018-01-27T20:42:11+08:00 ] 127.0.0.1 /index.php/Admin/Login/index
INFO: [ app_init ] --START--
INFO: Run Behavior\BuildLiteBehavior [ RunTime:0.000049s ]
INFO: [ app_init ] --END-- [ RunTime:0.001237s ]
INFO: [ app_begin ] --START--
INFO: Run Behavior\ReadHtmlCacheBehavior [ RunTime:0.001545s ]
INFO: [ app_begin ] --END-- [ RunTime:0.001678s ]
SQL: SHOW COLUMNS FROM `lan_user` [ RunTime:0.0114s ]
SQL: SELECT * FROM `lan_user` WHERE ( name = "admin" ) LIMIT 1   [ RunTime:0.0005s ]
NOTIC: [2] Missing argument 3 for show(), called in E:\wamp\www\lanjing\Application\Admin\Controller\LoginController.class.php on line 30 and defined E:\wamp\www\lanjing\Application\Admin\Common\function.php 第 3 行.
NOTIC: [8] Undefined variable: data E:\wamp\www\lanjing\Application\Admin\Common\function.php 第 7 行.

[ 2018-01-27T20:42:11+08:00 ] 127.0.0.1 /index.php/Admin/index/index
INFO: [ app_init ] --START--
INFO: Run Behavior\BuildLiteBehavior [ RunTime:0.000033s ]
INFO: [ app_init ] --END-- [ RunTime:0.001131s ]
INFO: [ app_begin ] --START--
INFO: Run Behavior\ReadHtmlCacheBehavior [ RunTime:0.001573s ]
INFO: [ app_begin ] --END-- [ RunTime:0.001730s ]
INFO: [ view_parse ] --START--
INFO: [ template_filter ] --START--
INFO: Run Behavior\ContentReplaceBehavior [ RunTime:0.000368s ]
INFO: [ template_filter ] --END-- [ RunTime:0.000531s ]
NOTIC: [8] Undefined variable: area E:\wamp\www\lanjing\Application\Runtime\Cache\Admin\b595b808c2ebeeeb0478ffc30bb4e87a.php 第 1263 行.
NOTIC: [8] Undefined variable: list E:\wamp\www\lanjing\Application\Runtime\Cache\Admin\b595b808c2ebeeeb0478ffc30bb4e87a.php 第 1312 行.
NOTIC: [8] Undefined variable: page E:\wamp\www\lanjing\Application\Runtime\Cache\Admin\b595b808c2ebeeeb0478ffc30bb4e87a.php 第 1341 行.
INFO: Run Behavior\ParseTemplateBehavior [ RunTime:0.039055s ]
INFO: [ view_parse ] --END-- [ RunTime:0.039186s ]
INFO: [ view_filter ] --START--
INFO: Run Behavior\WriteHtmlCacheBehavior [ RunTime:0.001268s ]
INFO: [ view_filter ] --END-- [ RunTime:0.001415s ]
INFO: [ app_end ] --START--
INFO: Run Behavior\ShowPageTraceBehavior [ RunTime:0.001560s ]
INFO: [ app_end ] --END-- [ RunTime:0.001690s ]

[ 2018-01-27T20:42:26+08:00 ] 127.0.0.1 /index.php/Admin/area/index
INFO: [ app_init ] --START--
INFO: Run Behavior\BuildLiteBehavior [ RunTime:0.000035s ]
INFO: [ app_init ] --END-- [ RunTime:0.000985s ]
INFO: [ app_begin ] --START--
INFO: Run Behavior\ReadHtmlCacheBehavior [ RunTime:0.002269s ]
INFO: [ app_begin ] --END-- [ RunTime:0.002429s ]
ERR: 1146:Table 'lanjing.lan_area' doesn't exist
 [ SQL语句 ] : SHOW COLUMNS FROM `lan_area`
ERR: 1146:Table 'lanjing.lan_area' doesn't exist
 [ SQL语句 ] : SHOW COLUMNS FROM `lan_area`

[ 2018-01-27T20:52:46+08:00 ] 127.0.0.1 /index.php/Admin/menu/index
INFO: [ app_init ] --START--
INFO: Run Behavior\BuildLiteBehavior [ RunTime:0.000034s ]
INFO: [ app_init ] --END-- [ RunTime:0.001119s ]
INFO: [ app_begin ] --START--
INFO: Run Behavior\ReadHtmlCacheBehavior [ RunTime:0.001564s ]
INFO: [ app_begin ] --END-- [ RunTime:0.001712s ]
SQL: SHOW COLUMNS FROM `lan_menu` [ RunTime:0.0131s ]
SQL: SELECT * FROM `lan_menu`  [ RunTime:0.0005s ]
ERR: Think\Model:classtree方法不存在！

[ 2018-01-27T20:53:41+08:00 ] 127.0.0.1 /index.php/Admin/menu/index
INFO: [ app_init ] --START--
INFO: Run Behavior\BuildLiteBehavior [ RunTime:0.000034s ]
INFO: [ app_init ] --END-- [ RunTime:0.001176s ]
INFO: [ app_begin ] --START--
INFO: Run Behavior\ReadHtmlCacheBehavior [ RunTime:0.001795s ]
INFO: [ app_begin ] --END-- [ RunTime:0.002029s ]
SQL: SHOW COLUMNS FROM `lan_menu` [ RunTime:0.0115s ]
SQL: SELECT * FROM `lan_menu`  [ RunTime:0.0003s ]
SQL: SHOW COLUMNS FROM `lan_menu` [ RunTime:0.0114s ]
ERR: Think\Model:menutree方法不存在！

[ 2018-01-27T20:54:33+08:00 ] 127.0.0.1 /index.php/Admin/menu/index
INFO: [ app_init ] --START--
INFO: Run Behavior\BuildLiteBehavior [ RunTime:0.000033s ]
INFO: [ app_init ] --END-- [ RunTime:0.002084s ]
INFO: [ app_begin ] --START--
INFO: Run Behavior\ReadHtmlCacheBehavior [ RunTime:0.001474s ]
INFO: [ app_begin ] --END-- [ RunTime:0.001678s ]
SQL: SHOW COLUMNS FROM `lan_menu` [ RunTime:0.0120s ]
SQL: SELECT * FROM `lan_menu`  [ RunTime:0.0005s ]
SQL: SHOW COLUMNS FROM `lan_menu` [ RunTime:0.0140s ]
ERR: Think\Model:menutree方法不存在！

[ 2018-01-27T20:54:35+08:00 ] 127.0.0.1 /index.php/Admin/menu/index
INFO: [ app_init ] --START--
INFO: Run Behavior\BuildLiteBehavior [ RunTime:0.000038s ]
INFO: [ app_init ] --END-- [ RunTime:0.001405s ]
INFO: [ app_begin ] --START--
INFO: Run Behavior\ReadHtmlCacheBehavior [ RunTime:0.001597s ]
INFO: [ app_begin ] --END-- [ RunTime:0.001742s ]
SQL: SHOW COLUMNS FROM `lan_menu` [ RunTime:0.0122s ]
SQL: SELECT * FROM `lan_menu`  [ RunTime:0.0003s ]
SQL: SHOW COLUMNS FROM `lan_menu` [ RunTime:0.0125s ]
ERR: Think\Model:menutree方法不存在！

[ 2018-01-27T20:54:35+08:00 ] 127.0.0.1 /index.php/Admin/menu/index
INFO: [ app_init ] --START--
INFO: Run Behavior\BuildLiteBehavior [ RunTime:0.000032s ]
INFO: [ app_init ] --END-- [ RunTime:0.000966s ]
INFO: [ app_begin ] --START--
INFO: Run Behavior\ReadHtmlCacheBehavior [ RunTime:0.002148s ]
INFO: [ app_begin ] --END-- [ RunTime:0.002304s ]
SQL: SHOW COLUMNS FROM `lan_menu` [ RunTime:0.0346s ]
SQL: SELECT * FROM `lan_menu`  [ RunTime:0.0002s ]
SQL: SHOW COLUMNS FROM `lan_menu` [ RunTime:0.0135s ]
ERR: Think\Model:menutree方法不存在！

[ 2018-01-27T20:56:30+08:00 ] 127.0.0.1 /index.php/Admin/menu/index
INFO: [ app_init ] --START--
INFO: Run Behavior\BuildLiteBehavior [ RunTime:0.000035s ]
INFO: [ app_init ] --END-- [ RunTime:0.002091s ]
INFO: [ app_begin ] --START--
INFO: Run Behavior\ReadHtmlCacheBehavior [ RunTime:0.002002s ]
INFO: [ app_begin ] --END-- [ RunTime:0.002150s ]
SQL: SHOW COLUMNS FROM `lan_menu` [ RunTime:0.0131s ]
SQL: SELECT * FROM `lan_menu`  [ RunTime:0.0002s ]
SQL: SHOW COLUMNS FROM `lan_menu` [ RunTime:0.0110s ]
ERR: Think\Model:menutree方法不存在！

[ 2018-01-27T20:56:30+08:00 ] 127.0.0.1 /index.php/Admin/menu/index
INFO: [ app_init ] --START--
INFO: Run Behavior\BuildLiteBehavior [ RunTime:0.000031s ]
INFO: [ app_init ] --END-- [ RunTime:0.000966s ]
INFO: [ app_begin ] --START--
INFO: Run Behavior\ReadHtmlCacheBehavior [ RunTime:0.004684s ]
INFO: [ app_begin ] --END-- [ RunTime:0.004857s ]
SQL: SHOW COLUMNS FROM `lan_menu` [ RunTime:0.0124s ]
SQL: SELECT * FROM `lan_menu`  [ RunTime:0.0002s ]
SQL: SHOW COLUMNS FROM `lan_menu` [ RunTime:0.0118s ]
ERR: Think\Model:menutree方法不存在！

[ 2018-01-27T20:56:31+08:00 ] 127.0.0.1 /index.php/Admin/menu/index
INFO: [ app_init ] --START--
INFO: Run Behavior\BuildLiteBehavior [ RunTime:0.000050s ]
INFO: [ app_init ] --END-- [ RunTime:0.001182s ]
INFO: [ app_begin ] --START--
INFO: Run Behavior\ReadHtmlCacheBehavior [ RunTime:0.001898s ]
INFO: [ app_begin ] --END-- [ RunTime:0.002046s ]
SQL: SHOW COLUMNS FROM `lan_menu` [ RunTime:0.0115s ]
SQL: SELECT * FROM `lan_menu`  [ RunTime:0.0003s ]
SQL: SHOW COLUMNS FROM `lan_menu` [ RunTime:0.0106s ]
ERR: Think\Model:menutree方法不存在！

[ 2018-01-27T20:56:31+08:00 ] 127.0.0.1 /index.php/Admin/menu/index
INFO: [ app_init ] --START--
INFO: Run Behavior\BuildLiteBehavior [ RunTime:0.000032s ]
INFO: [ app_init ] --END-- [ RunTime:0.002395s ]
INFO: [ app_begin ] --START--
INFO: Run Behavior\ReadHtmlCacheBehavior [ RunTime:0.001734s ]
INFO: [ app_begin ] --END-- [ RunTime:0.001884s ]
SQL: SHOW COLUMNS FROM `lan_menu` [ RunTime:0.0104s ]
SQL: SELECT * FROM `lan_menu`  [ RunTime:0.0003s ]
SQL: SHOW COLUMNS FROM `lan_menu` [ RunTime:0.0125s ]
ERR: Think\Model:menutree方法不存在！

[ 2018-01-27T20:56:31+08:00 ] 127.0.0.1 /index.php/Admin/menu/index
INFO: [ app_init ] --START--
INFO: Run Behavior\BuildLiteBehavior [ RunTime:0.000034s ]
INFO: [ app_init ] --END-- [ RunTime:0.001088s ]
INFO: [ app_begin ] --START--
INFO: Run Behavior\ReadHtmlCacheBehavior [ RunTime:0.001914s ]
INFO: [ app_begin ] --END-- [ RunTime:0.002070s ]
SQL: SHOW COLUMNS FROM `lan_menu` [ RunTime:0.0415s ]
SQL: SELECT * FROM `lan_menu`  [ RunTime:0.0004s ]
SQL: SHOW COLUMNS FROM `lan_menu` [ RunTime:0.0106s ]
ERR: Think\Model:menutree方法不存在！

[ 2018-01-27T20:56:31+08:00 ] 127.0.0.1 /index.php/Admin/menu/index
INFO: [ app_init ] --START--
INFO: Run Behavior\BuildLiteBehavior [ RunTime:0.000036s ]
INFO: [ app_init ] --END-- [ RunTime:0.001254s ]
INFO: [ app_begin ] --START--
INFO: Run Behavior\ReadHtmlCacheBehavior [ RunTime:0.001815s ]
INFO: [ app_begin ] --END-- [ RunTime:0.001960s ]
SQL: SHOW COLUMNS FROM `lan_menu` [ RunTime:0.0116s ]
SQL: SELECT * FROM `lan_menu`  [ RunTime:0.0003s ]
SQL: SHOW COLUMNS FROM `lan_menu` [ RunTime:0.0101s ]
ERR: Think\Model:menutree方法不存在！

[ 2018-01-27T20:57:51+08:00 ] 127.0.0.1 /index.php/Admin/menu/index
INFO: [ app_init ] --START--
INFO: Run Behavior\BuildLiteBehavior [ RunTime:0.000033s ]
INFO: [ app_init ] --END-- [ RunTime:0.001110s ]
INFO: [ app_begin ] --START--
INFO: Run Behavior\ReadHtmlCacheBehavior [ RunTime:0.002726s ]
INFO: [ app_begin ] --END-- [ RunTime:0.002876s ]
SQL: SHOW COLUMNS FROM `lan_menu` [ RunTime:0.0131s ]
SQL: SELECT * FROM `lan_menu`  [ RunTime:0.0004s ]
SQL: SELECT * FROM `lan_menu`  [ RunTime:0.0002s ]
INFO: [ view_parse ] --START--
INFO: [ template_filter ] --START--
INFO: Run Behavior\ContentReplaceBehavior [ RunTime:0.000294s ]
INFO: [ template_filter ] --END-- [ RunTime:0.000430s ]
NOTIC: [8] Undefined variable: vo E:\wamp\www\lanjing\Application\Runtime\Cache\Admin\b956215329b6f9aca22277599a4efdfc.php 第 1604 行.
NOTIC: [8] Undefined variable: page E:\wamp\www\lanjing\Application\Runtime\Cache\Admin\b956215329b6f9aca22277599a4efdfc.php 第 1648 行.
INFO: Run Behavior\ParseTemplateBehavior [ RunTime:0.037509s ]
INFO: [ view_parse ] --END-- [ RunTime:0.037648s ]
INFO: [ view_filter ] --START--
INFO: Run Behavior\WriteHtmlCacheBehavior [ RunTime:0.003253s ]
INFO: [ view_filter ] --END-- [ RunTime:0.003384s ]
INFO: [ app_end ] --START--
INFO: Run Behavior\ShowPageTraceBehavior [ RunTime:0.002044s ]
INFO: [ app_end ] --END-- [ RunTime:0.002195s ]

[ 2018-01-27T21:01:54+08:00 ] 127.0.0.1 /index.php/Admin/menu/index
INFO: [ app_init ] --START--
INFO: Run Behavior\BuildLiteBehavior [ RunTime:0.000033s ]
INFO: [ app_init ] --END-- [ RunTime:0.001164s ]
INFO: [ app_begin ] --START--
INFO: Run Behavior\ReadHtmlCacheBehavior [ RunTime:0.009624s ]
INFO: [ app_begin ] --END-- [ RunTime:0.009774s ]
SQL: SHOW COLUMNS FROM `lan_menu` [ RunTime:0.0147s ]
SQL: SELECT * FROM `lan_menu`  [ RunTime:0.0003s ]
SQL: SELECT * FROM `lan_menu`  [ RunTime:0.0002s ]
INFO: [ view_parse ] --START--
INFO: [ template_filter ] --START--
INFO: Run Behavior\ContentReplaceBehavior [ RunTime:0.000293s ]
INFO: [ template_filter ] --END-- [ RunTime:0.000436s ]
NOTIC: [8] Undefined variable: vo E:\wamp\www\lanjing\Application\Runtime\Cache\Admin\b956215329b6f9aca22277599a4efdfc.php 第 1604 行.
NOTIC: [8] Undefined variable: page E:\wamp\www\lanjing\Application\Runtime\Cache\Admin\b956215329b6f9aca22277599a4efdfc.php 第 1648 行.
INFO: Run Behavior\ParseTemplateBehavior [ RunTime:0.042879s ]
INFO: [ view_parse ] --END-- [ RunTime:0.043059s ]
INFO: [ view_filter ] --START--
INFO: Run Behavior\WriteHtmlCacheBehavior [ RunTime:0.001801s ]
INFO: [ view_filter ] --END-- [ RunTime:0.001932s ]
INFO: [ app_end ] --START--
INFO: Run Behavior\ShowPageTraceBehavior [ RunTime:0.001937s ]
INFO: [ app_end ] --END-- [ RunTime:0.002069s ]

[ 2018-01-27T21:01:57+08:00 ] 127.0.0.1 /index.php/Admin/Menu/add
INFO: [ app_init ] --START--
INFO: Run Behavior\BuildLiteBehavior [ RunTime:0.000033s ]
INFO: [ app_init ] --END-- [ RunTime:0.002042s ]
INFO: [ app_begin ] --START--
INFO: Run Behavior\ReadHtmlCacheBehavior [ RunTime:0.001987s ]
INFO: [ app_begin ] --END-- [ RunTime:0.002120s ]
SQL: SHOW COLUMNS FROM `lan_menu` [ RunTime:0.0191s ]
NOTIC: [2] Missing argument 3 for show(), called in E:\wamp\www\lanjing\Application\Admin\Controller\MenuController.class.php on line 23 and defined E:\wamp\www\lanjing\Application\Admin\Common\function.php 第 3 行.
NOTIC: [8] Undefined variable: data E:\wamp\www\lanjing\Application\Admin\Common\function.php 第 7 行.

[ 2018-01-27T21:02:08+08:00 ] 127.0.0.1 /index.php/Admin/Menu/add
INFO: [ app_init ] --START--
INFO: Run Behavior\BuildLiteBehavior [ RunTime:0.000032s ]
INFO: [ app_init ] --END-- [ RunTime:0.001072s ]
INFO: [ app_begin ] --START--
INFO: Run Behavior\ReadHtmlCacheBehavior [ RunTime:0.001913s ]
INFO: [ app_begin ] --END-- [ RunTime:0.002052s ]
SQL: SHOW COLUMNS FROM `lan_menu` [ RunTime:0.0105s ]
NOTIC: [2] Missing argument 3 for show(), called in E:\wamp\www\lanjing\Application\Admin\Controller\MenuController.class.php on line 23 and defined E:\wamp\www\lanjing\Application\Admin\Common\function.php 第 3 行.
NOTIC: [8] Undefined variable: data E:\wamp\www\lanjing\Application\Admin\Common\function.php 第 7 行.

[ 2018-01-27T21:02:41+08:00 ] 127.0.0.1 /index.php/Admin/menu/index
INFO: [ app_init ] --START--
INFO: Run Behavior\BuildLiteBehavior [ RunTime:0.000035s ]
INFO: [ app_init ] --END-- [ RunTime:0.001271s ]
INFO: [ app_begin ] --START--
INFO: Run Behavior\ReadHtmlCacheBehavior [ RunTime:0.002265s ]
INFO: [ app_begin ] --END-- [ RunTime:0.002421s ]
SQL: SHOW COLUMNS FROM `lan_menu` [ RunTime:0.0107s ]
SQL: SELECT * FROM `lan_menu`  [ RunTime:0.0003s ]
SQL: SELECT * FROM `lan_menu`  [ RunTime:0.0002s ]
INFO: [ view_parse ] --START--
INFO: [ template_filter ] --START--
INFO: Run Behavior\ContentReplaceBehavior [ RunTime:0.000377s ]
INFO: [ template_filter ] --END-- [ RunTime:0.000540s ]
NOTIC: [8] Undefined variable: vo E:\wamp\www\lanjing\Application\Runtime\Cache\Admin\b956215329b6f9aca22277599a4efdfc.php 第 1604 行.
NOTIC: [8] Undefined variable: page E:\wamp\www\lanjing\Application\Runtime\Cache\Admin\b956215329b6f9aca22277599a4efdfc.php 第 1648 行.
INFO: Run Behavior\ParseTemplateBehavior [ RunTime:0.038034s ]
INFO: [ view_parse ] --END-- [ RunTime:0.038174s ]
INFO: [ view_filter ] --START--
INFO: Run Behavior\WriteHtmlCacheBehavior [ RunTime:0.001641s ]
INFO: [ view_filter ] --END-- [ RunTime:0.001767s ]
INFO: [ app_end ] --START--
INFO: Run Behavior\ShowPageTraceBehavior [ RunTime:0.002867s ]
INFO: [ app_end ] --END-- [ RunTime:0.003006s ]

[ 2018-01-27T21:03:45+08:00 ] 127.0.0.1 /index.php/Admin/Menu/add
INFO: [ app_init ] --START--
INFO: Run Behavior\BuildLiteBehavior [ RunTime:0.000033s ]
INFO: [ app_init ] --END-- [ RunTime:0.001197s ]
INFO: [ app_begin ] --START--
INFO: Run Behavior\ReadHtmlCacheBehavior [ RunTime:0.002093s ]
INFO: [ app_begin ] --END-- [ RunTime:0.002311s ]
SQL: SHOW COLUMNS FROM `lan_menu` [ RunTime:0.0116s ]
SQL: INSERT INTO `lan_menu` (`name`) VALUES ('首页') [ RunTime:0.0667s ]
NOTIC: [2] Missing argument 3 for show(), called in E:\wamp\www\lanjing\Application\Admin\Controller\MenuController.class.php on line 27 and defined E:\wamp\www\lanjing\Application\Admin\Common\function.php 第 3 行.
NOTIC: [8] Undefined variable: data E:\wamp\www\lanjing\Application\Admin\Common\function.php 第 7 行.

[ 2018-01-27T21:03:46+08:00 ] 127.0.0.1 /index.php/Admin/Menu/index
INFO: [ app_init ] --START--
INFO: Run Behavior\BuildLiteBehavior [ RunTime:0.000033s ]
INFO: [ app_init ] --END-- [ RunTime:0.001201s ]
INFO: [ app_begin ] --START--
INFO: Run Behavior\ReadHtmlCacheBehavior [ RunTime:0.002118s ]
INFO: [ app_begin ] --END-- [ RunTime:0.002276s ]
SQL: SHOW COLUMNS FROM `lan_menu` [ RunTime:0.0111s ]
SQL: SELECT * FROM `lan_menu`  [ RunTime:0.0003s ]
SQL: SELECT * FROM `lan_menu`  [ RunTime:0.0002s ]
NOTIC: [8] Undefined index: parentid E:\wamp\www\lanjing\Application\Admin\Model\MenuModel.class.php 第 17 行.
NOTIC: [8] Undefined index: parentid E:\wamp\www\lanjing\Application\Admin\Model\MenuModel.class.php 第 17 行.
INFO: [ view_parse ] --START--
INFO: [ template_filter ] --START--
INFO: Run Behavior\ContentReplaceBehavior [ RunTime:0.000297s ]
INFO: [ template_filter ] --END-- [ RunTime:0.000434s ]
NOTIC: [8] Undefined variable: vo E:\wamp\www\lanjing\Application\Runtime\Cache\Admin\b956215329b6f9aca22277599a4efdfc.php 第 1604 行.
NOTIC: [8] Use of undefined constant id - assumed 'id' E:\wamp\www\lanjing\Application\Runtime\Cache\Admin\b956215329b6f9aca22277599a4efdfc.php 第 1632 行.
NOTIC: [8] Undefined index: parentid E:\wamp\www\lanjing\Application\Runtime\Cache\Admin\b956215329b6f9aca22277599a4efdfc.php 第 1635 行.
NOTIC: [8] Undefined variable: page E:\wamp\www\lanjing\Application\Runtime\Cache\Admin\b956215329b6f9aca22277599a4efdfc.php 第 1648 行.
NOTIC: [8] Use of undefined constant level - assumed 'level' E:\wamp\www\lanjing\Application\Runtime\Cache\Admin\b956215329b6f9aca22277599a4efdfc.php 第 1696 行.
NOTIC: [8] Undefined index: area_name E:\wamp\www\lanjing\Application\Runtime\Cache\Admin\b956215329b6f9aca22277599a4efdfc.php 第 1729 行.
NOTIC: [8] Undefined index: parentid E:\wamp\www\lanjing\Application\Runtime\Cache\Admin\b956215329b6f9aca22277599a4efdfc.php 第 1737 行.
NOTIC: [8] Use of undefined constant level - assumed 'level' E:\wamp\www\lanjing\Application\Runtime\Cache\Admin\b956215329b6f9aca22277599a4efdfc.php 第 1737 行.
NOTIC: [8] Undefined index: area_name E:\wamp\www\lanjing\Application\Runtime\Cache\Admin\b956215329b6f9aca22277599a4efdfc.php 第 1737 行.
INFO: Run Behavior\ParseTemplateBehavior [ RunTime:0.038547s ]
INFO: [ view_parse ] --END-- [ RunTime:0.038700s ]
INFO: [ view_filter ] --START--
INFO: Run Behavior\WriteHtmlCacheBehavior [ RunTime:0.001803s ]
INFO: [ view_filter ] --END-- [ RunTime:0.001930s ]
INFO: [ app_end ] --START--
INFO: Run Behavior\ShowPageTraceBehavior [ RunTime:0.002060s ]
INFO: [ app_end ] --END-- [ RunTime:0.002198s ]

[ 2018-01-27T21:04:48+08:00 ] 127.0.0.1 /index.php/Admin/Menu/del
INFO: [ app_init ] --START--
INFO: Run Behavior\BuildLiteBehavior [ RunTime:0.000033s ]
INFO: [ app_init ] --END-- [ RunTime:0.002948s ]
INFO: [ app_begin ] --START--
INFO: Run Behavior\ReadHtmlCacheBehavior [ RunTime:0.001526s ]
INFO: [ app_begin ] --END-- [ RunTime:0.001665s ]
ERR: 非法操作:del

[ 2018-01-27T21:06:17+08:00 ] 127.0.0.1 /index.php/Admin/Menu/index
INFO: [ app_init ] --START--
INFO: Run Behavior\BuildLiteBehavior [ RunTime:0.000032s ]
INFO: [ app_init ] --END-- [ RunTime:0.001383s ]
INFO: [ app_begin ] --START--
INFO: Run Behavior\ReadHtmlCacheBehavior [ RunTime:0.004790s ]
INFO: [ app_begin ] --END-- [ RunTime:0.004966s ]
SQL: SHOW COLUMNS FROM `lan_menu` [ RunTime:0.0112s ]
SQL: SELECT * FROM `lan_menu`  [ RunTime:0.0003s ]
SQL: SELECT * FROM `lan_menu`  [ RunTime:0.0006s ]
NOTIC: [8] Undefined index: parentid E:\wamp\www\lanjing\Application\Admin\Model\MenuModel.class.php 第 17 行.
NOTIC: [8] Undefined index: parentid E:\wamp\www\lanjing\Application\Admin\Model\MenuModel.class.php 第 17 行.
INFO: [ view_parse ] --START--
INFO: [ template_filter ] --START--
INFO: Run Behavior\ContentReplaceBehavior [ RunTime:0.000308s ]
INFO: [ template_filter ] --END-- [ RunTime:0.000446s ]
NOTIC: [8] Undefined variable: vo E:\wamp\www\lanjing\Application\Runtime\Cache\Admin\b956215329b6f9aca22277599a4efdfc.php 第 1604 行.
NOTIC: [8] Use of undefined constant id - assumed 'id' E:\wamp\www\lanjing\Application\Runtime\Cache\Admin\b956215329b6f9aca22277599a4efdfc.php 第 1632 行.
NOTIC: [8] Undefined index: parentid E:\wamp\www\lanjing\Application\Runtime\Cache\Admin\b956215329b6f9aca22277599a4efdfc.php 第 1635 行.
NOTIC: [8] Undefined variable: page E:\wamp\www\lanjing\Application\Runtime\Cache\Admin\b956215329b6f9aca22277599a4efdfc.php 第 1648 行.
NOTIC: [8] Use of undefined constant level - assumed 'level' E:\wamp\www\lanjing\Application\Runtime\Cache\Admin\b956215329b6f9aca22277599a4efdfc.php 第 1696 行.
NOTIC: [8] Undefined index: area_name E:\wamp\www\lanjing\Application\Runtime\Cache\Admin\b956215329b6f9aca22277599a4efdfc.php 第 1729 行.
NOTIC: [8] Undefined index: parentid E:\wamp\www\lanjing\Application\Runtime\Cache\Admin\b956215329b6f9aca22277599a4efdfc.php 第 1737 行.
NOTIC: [8] Use of undefined constant level - assumed 'level' E:\wamp\www\lanjing\Application\Runtime\Cache\Admin\b956215329b6f9aca22277599a4efdfc.php 第 1737 行.
NOTIC: [8] Undefined index: area_name E:\wamp\www\lanjing\Application\Runtime\Cache\Admin\b956215329b6f9aca22277599a4efdfc.php 第 1737 行.
INFO: Run Behavior\ParseTemplateBehavior [ RunTime:0.039509s ]
INFO: [ view_parse ] --END-- [ RunTime:0.039705s ]
INFO: [ view_filter ] --START--
INFO: Run Behavior\WriteHtmlCacheBehavior [ RunTime:0.001291s ]
INFO: [ view_filter ] --END-- [ RunTime:0.001419s ]
INFO: [ app_end ] --START--
INFO: Run Behavior\ShowPageTraceBehavior [ RunTime:0.001702s ]
INFO: [ app_end ] --END-- [ RunTime:0.001835s ]

[ 2018-01-27T21:06:19+08:00 ] 127.0.0.1 /index.php/Admin/Menu/del
INFO: [ app_init ] --START--
INFO: Run Behavior\BuildLiteBehavior [ RunTime:0.000032s ]
INFO: [ app_init ] --END-- [ RunTime:0.001078s ]
INFO: [ app_begin ] --START--
INFO: Run Behavior\ReadHtmlCacheBehavior [ RunTime:0.001473s ]
INFO: [ app_begin ] --END-- [ RunTime:0.001608s ]
SQL: SHOW COLUMNS FROM `lan_menu` [ RunTime:0.0110s ]
SQL: DELETE FROM `lan_menu` WHERE `id` = 1 [ RunTime:0.0750s ]
NOTIC: [2] Missing argument 3 for show(), called in E:\wamp\www\lanjing\Application\Admin\Controller\MenuController.class.php on line 74 and defined E:\wamp\www\lanjing\Application\Admin\Common\function.php 第 3 行.
NOTIC: [8] Undefined variable: data E:\wamp\www\lanjing\Application\Admin\Common\function.php 第 7 行.

[ 2018-01-27T21:06:20+08:00 ] 127.0.0.1 /index.php/Admin/Menu/index
INFO: [ app_init ] --START--
INFO: Run Behavior\BuildLiteBehavior [ RunTime:0.000031s ]
INFO: [ app_init ] --END-- [ RunTime:0.001047s ]
INFO: [ app_begin ] --START--
INFO: Run Behavior\ReadHtmlCacheBehavior [ RunTime:0.002207s ]
INFO: [ app_begin ] --END-- [ RunTime:0.002362s ]
SQL: SHOW COLUMNS FROM `lan_menu` [ RunTime:0.0115s ]
SQL: SELECT * FROM `lan_menu`  [ RunTime:0.0003s ]
SQL: SELECT * FROM `lan_menu`  [ RunTime:0.0004s ]
INFO: [ view_parse ] --START--
INFO: [ template_filter ] --START--
INFO: Run Behavior\ContentReplaceBehavior [ RunTime:0.000289s ]
INFO: [ template_filter ] --END-- [ RunTime:0.000432s ]
NOTIC: [8] Undefined variable: vo E:\wamp\www\lanjing\Application\Runtime\Cache\Admin\b956215329b6f9aca22277599a4efdfc.php 第 1604 行.
NOTIC: [8] Undefined variable: page E:\wamp\www\lanjing\Application\Runtime\Cache\Admin\b956215329b6f9aca22277599a4efdfc.php 第 1648 行.
INFO: Run Behavior\ParseTemplateBehavior [ RunTime:0.033417s ]
INFO: [ view_parse ] --END-- [ RunTime:0.033609s ]
INFO: [ view_filter ] --START--
INFO: Run Behavior\WriteHtmlCacheBehavior [ RunTime:0.001409s ]
INFO: [ view_filter ] --END-- [ RunTime:0.001548s ]
INFO: [ app_end ] --START--
INFO: Run Behavior\ShowPageTraceBehavior [ RunTime:0.001364s ]
INFO: [ app_end ] --END-- [ RunTime:0.001492s ]

