[ 2018-05-19T08:46:54+08:00 ] 127.0.0.1 /index.php/admin/index/index
INFO: [ app_init ] --START--
INFO: Run Behavior\BuildLiteBehavior [ RunTime:0.000000s ]
INFO: [ app_init ] --END-- [ RunTime:0.001000s ]
INFO: [ app_begin ] --START--
INFO: Run Behavior\ReadHtmlCacheBehavior [ RunTime:0.003000s ]
INFO: [ app_begin ] --END-- [ RunTime:0.003000s ]

[ 2018-05-19T08:46:54+08:00 ] 127.0.0.1 /index.php/Admin/login/index.html
INFO: [ app_init ] --START--
INFO: Run Behavior\BuildLiteBehavior [ RunTime:0.000000s ]
INFO: [ app_init ] --END-- [ RunTime:0.000000s ]
INFO: [ app_begin ] --START--
INFO: Run Behavior\ReadHtmlCacheBehavior [ RunTime:0.001000s ]
INFO: [ app_begin ] --END-- [ RunTime:0.001000s ]
INFO: [ view_parse ] --START--
INFO: [ template_filter ] --START--
INFO: Run Behavior\ContentReplaceBehavior [ RunTime:0.001000s ]
INFO: [ template_filter ] --END-- [ RunTime:0.001000s ]
INFO: Run Behavior\ParseTemplateBehavior [ RunTime:0.009001s ]
INFO: [ view_parse ] --END-- [ RunTime:0.009001s ]
INFO: [ view_filter ] --START--
INFO: Run Behavior\WriteHtmlCacheBehavior [ RunTime:0.001000s ]
INFO: [ view_filter ] --END-- [ RunTime:0.001000s ]
INFO: [ app_end ] --START--
INFO: Run Behavior\ShowPageTraceBehavior [ RunTime:0.001000s ]
INFO: [ app_end ] --END-- [ RunTime:0.001000s ]

[ 2018-05-19T08:46:56+08:00 ] 127.0.0.1 /index.php/Admin/login/verify.html
INFO: [ app_init ] --START--
INFO: Run Behavior\BuildLiteBehavior [ RunTime:0.000000s ]
INFO: [ app_init ] --END-- [ RunTime:0.001000s ]
INFO: [ app_begin ] --START--
INFO: Run Behavior\ReadHtmlCacheBehavior [ RunTime:0.001000s ]
INFO: [ app_begin ] --END-- [ RunTime:0.001000s ]
INFO: [ app_end ] --START--
INFO: Run Behavior\ShowPageTraceBehavior [ RunTime:0.004000s ]
INFO: [ app_end ] --END-- [ RunTime:0.005000s ]

[ 2018-05-19T08:47:06+08:00 ] 127.0.0.1 /index.php/Admin/Login/index
INFO: [ app_init ] --START--
INFO: Run Behavior\BuildLiteBehavior [ RunTime:0.000000s ]
INFO: [ app_init ] --END-- [ RunTime:0.001000s ]
INFO: [ app_begin ] --START--
INFO: Run Behavior\ReadHtmlCacheBehavior [ RunTime:0.001000s ]
INFO: [ app_begin ] --END-- [ RunTime:0.001000s ]
SQL: SHOW COLUMNS FROM `fen_admin` [ RunTime:0.0080s ]
SQL: SELECT * FROM `fen_admin` WHERE ( username = "admin" ) LIMIT 1   [ RunTime:0.0010s ]
NOTIC: [2] Missing argument 3 for show(), called in D:\wamp\www\fenxiao\Application\Admin\Controller\LoginController.class.php on line 30 and defined D:\wamp\www\fenxiao\Application\Admin\Common\function.php 第 12 行.
NOTIC: [8] Undefined variable: data D:\wamp\www\fenxiao\Application\Admin\Common\function.php 第 16 行.

[ 2018-05-19T08:47:06+08:00 ] 127.0.0.1 /index.php/Admin/index/index
INFO: [ app_init ] --START--
INFO: Run Behavior\BuildLiteBehavior [ RunTime:0.000000s ]
INFO: [ app_init ] --END-- [ RunTime:0.002001s ]
INFO: [ app_begin ] --START--
INFO: Run Behavior\ReadHtmlCacheBehavior [ RunTime:0.002000s ]
INFO: [ app_begin ] --END-- [ RunTime:0.002000s ]
SQL: SHOW COLUMNS FROM `fen_member` [ RunTime:0.0080s ]
SQL: SELECT COUNT(*) AS tp_count FROM `fen_member` WHERE `time` BETWEEN 1526659200 AND 1526745599 LIMIT 1   [ RunTime:0.0010s ]
SQL: SHOW COLUMNS FROM `fen_indent` [ RunTime:0.0080s ]
SQL: SELECT * FROM `fen_indent`  [ RunTime:0.0010s ]
SQL: SELECT COUNT(*) AS tp_count FROM `fen_member` WHERE `time` BETWEEN 1525104000 AND 1527782399 LIMIT 1   [ RunTime:0.0010s ]
SQL: SELECT * FROM `fen_indent`  [ RunTime:0.0010s ]
INFO: [ view_parse ] --START--
INFO: [ template_filter ] --START--
INFO: Run Behavior\ContentReplaceBehavior [ RunTime:0.000000s ]
INFO: [ template_filter ] --END-- [ RunTime:0.001000s ]
NOTIC: [8] Undefined variable: area D:\wamp\www\fenxiao\Application\Runtime\Cache\Admin\b595b808c2ebeeeb0478ffc30bb4e87a.php 第 816 行.
NOTIC: [8] Undefined variable: list D:\wamp\www\fenxiao\Application\Runtime\Cache\Admin\b595b808c2ebeeeb0478ffc30bb4e87a.php 第 858 行.
NOTIC: [8] Undefined variable: page D:\wamp\www\fenxiao\Application\Runtime\Cache\Admin\b595b808c2ebeeeb0478ffc30bb4e87a.php 第 926 行.
INFO: Run Behavior\ParseTemplateBehavior [ RunTime:0.042003s ]
INFO: [ view_parse ] --END-- [ RunTime:0.042003s ]
INFO: [ view_filter ] --START--
INFO: Run Behavior\WriteHtmlCacheBehavior [ RunTime:0.001000s ]
INFO: [ view_filter ] --END-- [ RunTime:0.001000s ]
INFO: [ app_end ] --START--
INFO: Run Behavior\ShowPageTraceBehavior [ RunTime:0.006000s ]
INFO: [ app_end ] --END-- [ RunTime:0.006000s ]

[ 2018-05-19T08:47:22+08:00 ] 127.0.0.1 /index.php/Admin/product/index
INFO: [ app_init ] --START--
INFO: Run Behavior\BuildLiteBehavior [ RunTime:0.000000s ]
INFO: [ app_init ] --END-- [ RunTime:0.001000s ]
INFO: [ app_begin ] --START--
INFO: Run Behavior\ReadHtmlCacheBehavior [ RunTime:0.001000s ]
INFO: [ app_begin ] --END-- [ RunTime:0.001000s ]
SQL: SHOW COLUMNS FROM `fen_product` [ RunTime:0.0050s ]
SQL: SELECT COUNT(*) AS tp_count FROM `fen_product` WHERE `status` = 0 LIMIT 1   [ RunTime:0.0010s ]
NOTIC: [8] Undefined index: p D:\wamp\www\fenxiao\Application\Admin\Controller\ProductController.class.php 第 7 行.
SQL: SELECT * FROM `fen_product` WHERE `status` = 0 LIMIT 0,10   [ RunTime:0.0010s ]
INFO: [ view_parse ] --START--
INFO: [ template_filter ] --START--
INFO: Run Behavior\ContentReplaceBehavior [ RunTime:0.000000s ]
INFO: [ template_filter ] --END-- [ RunTime:0.000000s ]
NOTIC: [8] Use of undefined constant id - assumed 'id' D:\wamp\www\fenxiao\Application\Runtime\Cache\Admin\34e4b095905075aaede5ee9039415509.php 第 673 行.
SQL: SHOW COLUMNS FROM `fen_class` [ RunTime:0.0050s ]
SQL: SELECT `class_name` FROM `fen_class` WHERE `id` = 6 LIMIT 1   [ RunTime:0.0000s ]
SQL: SHOW COLUMNS FROM `fen_pinpai` [ RunTime:0.0080s ]
SQL: SELECT `pinpai_name` FROM `fen_pinpai` WHERE `id` = 1 LIMIT 1   [ RunTime:0.0000s ]
NOTIC: [8] Use of undefined constant id - assumed 'id' D:\wamp\www\fenxiao\Application\Runtime\Cache\Admin\34e4b095905075aaede5ee9039415509.php 第 673 行.
SQL: SELECT `class_name` FROM `fen_class` WHERE `id` = 6 LIMIT 1   [ RunTime:0.0000s ]
SQL: SELECT `pinpai_name` FROM `fen_pinpai` WHERE `id` = 1 LIMIT 1   [ RunTime:0.0000s ]
NOTIC: [8] Use of undefined constant id - assumed 'id' D:\wamp\www\fenxiao\Application\Runtime\Cache\Admin\34e4b095905075aaede5ee9039415509.php 第 673 行.
SQL: SELECT `class_name` FROM `fen_class` WHERE `id` = 6 LIMIT 1   [ RunTime:0.0010s ]
SQL: SELECT `pinpai_name` FROM `fen_pinpai` WHERE `id` = 0 LIMIT 1   [ RunTime:0.0010s ]
NOTIC: [8] Use of undefined constant id - assumed 'id' D:\wamp\www\fenxiao\Application\Runtime\Cache\Admin\34e4b095905075aaede5ee9039415509.php 第 673 行.
SQL: SELECT `class_name` FROM `fen_class` WHERE `id` = 7 LIMIT 1   [ RunTime:0.0010s ]
SQL: SELECT `pinpai_name` FROM `fen_pinpai` WHERE `id` = 0 LIMIT 1   [ RunTime:0.0010s ]
NOTIC: [8] Use of undefined constant id - assumed 'id' D:\wamp\www\fenxiao\Application\Runtime\Cache\Admin\34e4b095905075aaede5ee9039415509.php 第 673 行.
SQL: SELECT `class_name` FROM `fen_class` WHERE `id` = 7 LIMIT 1   [ RunTime:0.0010s ]
SQL: SELECT `pinpai_name` FROM `fen_pinpai` WHERE `id` = 0 LIMIT 1   [ RunTime:0.0010s ]
NOTIC: [8] Undefined variable: tree D:\wamp\www\fenxiao\Application\Runtime\Cache\Admin\34e4b095905075aaede5ee9039415509.php 第 790 行.
INFO: Run Behavior\ParseTemplateBehavior [ RunTime:0.052003s ]
INFO: [ view_parse ] --END-- [ RunTime:0.052003s ]
INFO: [ view_filter ] --START--
INFO: Run Behavior\WriteHtmlCacheBehavior [ RunTime:0.001000s ]
INFO: [ view_filter ] --END-- [ RunTime:0.001000s ]
INFO: [ app_end ] --START--
INFO: Run Behavior\ShowPageTraceBehavior [ RunTime:0.001000s ]
INFO: [ app_end ] --END-- [ RunTime:0.002000s ]

[ 2018-05-19T08:47:32+08:00 ] 127.0.0.1 /index.php/Admin/member/indent
INFO: [ app_init ] --START--
INFO: Run Behavior\BuildLiteBehavior [ RunTime:0.000000s ]
INFO: [ app_init ] --END-- [ RunTime:0.000000s ]
INFO: [ app_begin ] --START--
INFO: Run Behavior\ReadHtmlCacheBehavior [ RunTime:0.001000s ]
INFO: [ app_begin ] --END-- [ RunTime:0.001000s ]
SQL: SHOW COLUMNS FROM `fen_indent` [ RunTime:0.0050s ]
SQL: SELECT COUNT(*) AS tp_count FROM `fen_indent` WHERE `status` = 1 LIMIT 1   [ RunTime:0.0000s ]
NOTIC: [8] Undefined index: p D:\wamp\www\fenxiao\Application\Admin\Controller\MemberController.class.php 第 354 行.
SQL: SELECT * FROM `fen_indent` WHERE `status` = 1 ORDER BY id desc LIMIT 0,10   [ RunTime:0.0010s ]
INFO: [ view_parse ] --START--
INFO: [ template_filter ] --START--
INFO: Run Behavior\ContentReplaceBehavior [ RunTime:0.000000s ]
INFO: [ template_filter ] --END-- [ RunTime:0.000000s ]
NOTIC: [8] Use of undefined constant id - assumed 'id' D:\wamp\www\fenxiao\Application\Runtime\Cache\Admin\95116dd4e157075e9fe2df0f93f67174.php 第 657 行.
SQL: SHOW COLUMNS FROM `fen_address` [ RunTime:0.0090s ]
SQL: SELECT `name` FROM `fen_address` WHERE `id` = 6 LIMIT 1   [ RunTime:0.0000s ]
SQL: SELECT `phone` FROM `fen_address` WHERE `id` = 6 LIMIT 1   [ RunTime:0.0000s ]
SQL: SELECT `location`,`address` FROM `fen_address` WHERE `id` = 6 LIMIT 1   [ RunTime:0.0000s ]
NOTIC: [8] Use of undefined constant id - assumed 'id' D:\wamp\www\fenxiao\Application\Runtime\Cache\Admin\95116dd4e157075e9fe2df0f93f67174.php 第 657 行.
SQL: SELECT `name` FROM `fen_address` WHERE `id` = 6 LIMIT 1   [ RunTime:0.0000s ]
SQL: SELECT `phone` FROM `fen_address` WHERE `id` = 6 LIMIT 1   [ RunTime:0.0010s ]
SQL: SELECT `location`,`address` FROM `fen_address` WHERE `id` = 6 LIMIT 1   [ RunTime:0.0000s ]
NOTIC: [8] Use of undefined constant id - assumed 'id' D:\wamp\www\fenxiao\Application\Runtime\Cache\Admin\95116dd4e157075e9fe2df0f93f67174.php 第 657 行.
SQL: SELECT `name` FROM `fen_address` WHERE `id` = 6 LIMIT 1   [ RunTime:0.0000s ]
SQL: SELECT `phone` FROM `fen_address` WHERE `id` = 6 LIMIT 1   [ RunTime:0.0000s ]
SQL: SELECT `location`,`address` FROM `fen_address` WHERE `id` = 6 LIMIT 1   [ RunTime:0.0000s ]
NOTIC: [8] Use of undefined constant id - assumed 'id' D:\wamp\www\fenxiao\Application\Runtime\Cache\Admin\95116dd4e157075e9fe2df0f93f67174.php 第 657 行.
SQL: SELECT `name` FROM `fen_address` WHERE `id` = 1 LIMIT 1   [ RunTime:0.0000s ]
SQL: SELECT `phone` FROM `fen_address` WHERE `id` = 1 LIMIT 1   [ RunTime:0.0010s ]
SQL: SELECT `location`,`address` FROM `fen_address` WHERE `id` = 1 LIMIT 1   [ RunTime:0.0000s ]
NOTIC: [8] Use of undefined constant id - assumed 'id' D:\wamp\www\fenxiao\Application\Runtime\Cache\Admin\95116dd4e157075e9fe2df0f93f67174.php 第 657 行.
SQL: SELECT `name` FROM `fen_address` WHERE `id` = 1 LIMIT 1   [ RunTime:0.0000s ]
SQL: SELECT `phone` FROM `fen_address` WHERE `id` = 1 LIMIT 1   [ RunTime:0.0000s ]
SQL: SELECT `location`,`address` FROM `fen_address` WHERE `id` = 1 LIMIT 1   [ RunTime:0.0010s ]
NOTIC: [8] Use of undefined constant id - assumed 'id' D:\wamp\www\fenxiao\Application\Runtime\Cache\Admin\95116dd4e157075e9fe2df0f93f67174.php 第 657 行.
SQL: SELECT `name` FROM `fen_address` WHERE `id` = 3 LIMIT 1   [ RunTime:0.0000s ]
SQL: SELECT `phone` FROM `fen_address` WHERE `id` = 3 LIMIT 1   [ RunTime:0.0000s ]
SQL: SELECT `location`,`address` FROM `fen_address` WHERE `id` = 3 LIMIT 1   [ RunTime:0.0000s ]
NOTIC: [8] Undefined variable: tree D:\wamp\www\fenxiao\Application\Runtime\Cache\Admin\95116dd4e157075e9fe2df0f93f67174.php 第 761 行.
INFO: Run Behavior\ParseTemplateBehavior [ RunTime:0.046003s ]
INFO: [ view_parse ] --END-- [ RunTime:0.046003s ]
INFO: [ view_filter ] --START--
INFO: Run Behavior\WriteHtmlCacheBehavior [ RunTime:0.001000s ]
INFO: [ view_filter ] --END-- [ RunTime:0.001000s ]
INFO: [ app_end ] --START--
INFO: Run Behavior\ShowPageTraceBehavior [ RunTime:0.001000s ]
INFO: [ app_end ] --END-- [ RunTime:0.001000s ]

[ 2018-05-19T09:12:28+08:00 ] 127.0.0.1 /index.php/Admin/member/indent
INFO: [ app_init ] --START--
INFO: Run Behavior\BuildLiteBehavior [ RunTime:0.000000s ]
INFO: [ app_init ] --END-- [ RunTime:0.001000s ]
INFO: [ app_begin ] --START--
INFO: Run Behavior\ReadHtmlCacheBehavior [ RunTime:0.001000s ]
INFO: [ app_begin ] --END-- [ RunTime:0.001000s ]
SQL: SHOW COLUMNS FROM `fen_indent` [ RunTime:0.0060s ]
SQL: SELECT COUNT(*) AS tp_count FROM `fen_indent` WHERE `status` = 1 LIMIT 1   [ RunTime:0.0000s ]
NOTIC: [8] Undefined index: p D:\wamp\www\fenxiao\Application\Admin\Controller\MemberController.class.php 第 354 行.
SQL: SELECT * FROM `fen_indent` WHERE `status` = 1 ORDER BY id desc LIMIT 0,10   [ RunTime:0.0010s ]
INFO: [ view_parse ] --START--
INFO: [ template_filter ] --START--
INFO: Run Behavior\ContentReplaceBehavior [ RunTime:0.000000s ]
INFO: [ template_filter ] --END-- [ RunTime:0.000000s ]
NOTIC: [8] Use of undefined constant id - assumed 'id' D:\wamp\www\fenxiao\Application\Runtime\Cache\Admin\95116dd4e157075e9fe2df0f93f67174.php 第 675 行.
SQL: SHOW COLUMNS FROM `fen_address` [ RunTime:0.0050s ]
SQL: SELECT `name` FROM `fen_address` WHERE `id` = 6 LIMIT 1   [ RunTime:0.0000s ]
SQL: SELECT `phone` FROM `fen_address` WHERE `id` = 6 LIMIT 1   [ RunTime:0.0000s ]
SQL: SELECT `location`,`address` FROM `fen_address` WHERE `id` = 6 LIMIT 1   [ RunTime:0.0010s ]
NOTIC: [8] Use of undefined constant id - assumed 'id' D:\wamp\www\fenxiao\Application\Runtime\Cache\Admin\95116dd4e157075e9fe2df0f93f67174.php 第 675 行.
SQL: SELECT `name` FROM `fen_address` WHERE `id` = 6 LIMIT 1   [ RunTime:0.0010s ]
SQL: SELECT `phone` FROM `fen_address` WHERE `id` = 6 LIMIT 1   [ RunTime:0.0010s ]
SQL: SELECT `location`,`address` FROM `fen_address` WHERE `id` = 6 LIMIT 1   [ RunTime:0.0010s ]
NOTIC: [8] Use of undefined constant id - assumed 'id' D:\wamp\www\fenxiao\Application\Runtime\Cache\Admin\95116dd4e157075e9fe2df0f93f67174.php 第 675 行.
SQL: SELECT `name` FROM `fen_address` WHERE `id` = 6 LIMIT 1   [ RunTime:0.0010s ]
SQL: SELECT `phone` FROM `fen_address` WHERE `id` = 6 LIMIT 1   [ RunTime:0.0000s ]
SQL: SELECT `location`,`address` FROM `fen_address` WHERE `id` = 6 LIMIT 1   [ RunTime:0.0000s ]
NOTIC: [8] Use of undefined constant id - assumed 'id' D:\wamp\www\fenxiao\Application\Runtime\Cache\Admin\95116dd4e157075e9fe2df0f93f67174.php 第 675 行.
SQL: SELECT `name` FROM `fen_address` WHERE `id` = 1 LIMIT 1   [ RunTime:0.0000s ]
SQL: SELECT `phone` FROM `fen_address` WHERE `id` = 1 LIMIT 1   [ RunTime:0.0010s ]
SQL: SELECT `location`,`address` FROM `fen_address` WHERE `id` = 1 LIMIT 1   [ RunTime:0.0010s ]
NOTIC: [8] Use of undefined constant id - assumed 'id' D:\wamp\www\fenxiao\Application\Runtime\Cache\Admin\95116dd4e157075e9fe2df0f93f67174.php 第 675 行.
SQL: SELECT `name` FROM `fen_address` WHERE `id` = 1 LIMIT 1   [ RunTime:0.0010s ]
SQL: SELECT `phone` FROM `fen_address` WHERE `id` = 1 LIMIT 1   [ RunTime:0.0000s ]
SQL: SELECT `location`,`address` FROM `fen_address` WHERE `id` = 1 LIMIT 1   [ RunTime:0.0000s ]
NOTIC: [8] Use of undefined constant id - assumed 'id' D:\wamp\www\fenxiao\Application\Runtime\Cache\Admin\95116dd4e157075e9fe2df0f93f67174.php 第 675 行.
SQL: SELECT `name` FROM `fen_address` WHERE `id` = 3 LIMIT 1   [ RunTime:0.0010s ]
SQL: SELECT `phone` FROM `fen_address` WHERE `id` = 3 LIMIT 1   [ RunTime:0.0010s ]
SQL: SELECT `location`,`address` FROM `fen_address` WHERE `id` = 3 LIMIT 1   [ RunTime:0.0000s ]
NOTIC: [8] Undefined variable: tree D:\wamp\www\fenxiao\Application\Runtime\Cache\Admin\95116dd4e157075e9fe2df0f93f67174.php 第 779 行.
INFO: Run Behavior\ParseTemplateBehavior [ RunTime:0.043002s ]
INFO: [ view_parse ] --END-- [ RunTime:0.043002s ]
INFO: [ view_filter ] --START--
INFO: Run Behavior\WriteHtmlCacheBehavior [ RunTime:0.001000s ]
INFO: [ view_filter ] --END-- [ RunTime:0.001000s ]
INFO: [ app_end ] --START--
INFO: Run Behavior\ShowPageTraceBehavior [ RunTime:0.002000s ]
INFO: [ app_end ] --END-- [ RunTime:0.002000s ]

[ 2018-05-19T09:12:36+08:00 ] 127.0.0.1 /index.php/Admin/member/indent_2
INFO: [ app_init ] --START--
INFO: Run Behavior\BuildLiteBehavior [ RunTime:0.000000s ]
INFO: [ app_init ] --END-- [ RunTime:0.001000s ]
INFO: [ app_begin ] --START--
INFO: Run Behavior\ReadHtmlCacheBehavior [ RunTime:0.001000s ]
INFO: [ app_begin ] --END-- [ RunTime:0.001000s ]
SQL: SHOW COLUMNS FROM `fen_indent` [ RunTime:0.0050s ]
SQL: SELECT COUNT(*) AS tp_count FROM `fen_indent` WHERE `status` = 2 LIMIT 1   [ RunTime:0.0000s ]
NOTIC: [8] Undefined index: p D:\wamp\www\fenxiao\Application\Admin\Controller\MemberController.class.php 第 375 行.
SQL: SELECT * FROM `fen_indent` WHERE `status` = 2 ORDER BY id desc LIMIT 0,10   [ RunTime:0.0010s ]
INFO: [ view_parse ] --START--
INFO: [ template_filter ] --START--
INFO: Run Behavior\ContentReplaceBehavior [ RunTime:0.001001s ]
INFO: [ template_filter ] --END-- [ RunTime:0.001001s ]
NOTIC: [8] Undefined variable: tree D:\wamp\www\fenxiao\Application\Runtime\Cache\Admin\3892bcbbe6bb7b3cde2cbe1372250b62.php 第 785 行.
INFO: Run Behavior\ParseTemplateBehavior [ RunTime:0.021001s ]
INFO: [ view_parse ] --END-- [ RunTime:0.021001s ]
INFO: [ view_filter ] --START--
INFO: Run Behavior\WriteHtmlCacheBehavior [ RunTime:0.001000s ]
INFO: [ view_filter ] --END-- [ RunTime:0.001000s ]
INFO: [ app_end ] --START--
INFO: Run Behavior\ShowPageTraceBehavior [ RunTime:0.001000s ]
INFO: [ app_end ] --END-- [ RunTime:0.001000s ]

[ 2018-05-19T09:12:39+08:00 ] 127.0.0.1 /index.php/Admin/member/indent_3
INFO: [ app_init ] --START--
INFO: Run Behavior\BuildLiteBehavior [ RunTime:0.001000s ]
INFO: [ app_init ] --END-- [ RunTime:0.001000s ]
INFO: [ app_begin ] --START--
INFO: Run Behavior\ReadHtmlCacheBehavior [ RunTime:0.001000s ]
INFO: [ app_begin ] --END-- [ RunTime:0.002000s ]
SQL: SHOW COLUMNS FROM `fen_indent` [ RunTime:0.0080s ]
SQL: SELECT COUNT(*) AS tp_count FROM `fen_indent` WHERE `status` = 3 LIMIT 1   [ RunTime:0.0010s ]
NOTIC: [8] Undefined index: p D:\wamp\www\fenxiao\Application\Admin\Controller\MemberController.class.php 第 398 行.
SQL: SELECT * FROM `fen_indent` WHERE `status` = 3 ORDER BY id desc LIMIT 0,10   [ RunTime:0.0010s ]
INFO: [ view_parse ] --START--
INFO: [ template_filter ] --START--
INFO: Run Behavior\ContentReplaceBehavior [ RunTime:0.000000s ]
INFO: [ template_filter ] --END-- [ RunTime:0.000000s ]
NOTIC: [8] Use of undefined constant id - assumed 'id' D:\wamp\www\fenxiao\Application\Runtime\Cache\Admin\46429af4c87d43c988679daa87509873.php 第 677 行.
SQL: SHOW COLUMNS FROM `fen_address` [ RunTime:0.0050s ]
SQL: SELECT `name` FROM `fen_address` WHERE `id` = 1 LIMIT 1   [ RunTime:0.0000s ]
SQL: SELECT `phone` FROM `fen_address` WHERE `id` = 1 LIMIT 1   [ RunTime:0.0000s ]
SQL: SELECT `location`,`address` FROM `fen_address` WHERE `id` = 1 LIMIT 1   [ RunTime:0.0000s ]
NOTIC: [8] Undefined variable: tree D:\wamp\www\fenxiao\Application\Runtime\Cache\Admin\46429af4c87d43c988679daa87509873.php 第 764 行.
INFO: Run Behavior\ParseTemplateBehavior [ RunTime:0.027001s ]
INFO: [ view_parse ] --END-- [ RunTime:0.028001s ]
INFO: [ view_filter ] --START--
INFO: Run Behavior\WriteHtmlCacheBehavior [ RunTime:0.001000s ]
INFO: [ view_filter ] --END-- [ RunTime:0.001000s ]
INFO: [ app_end ] --START--
INFO: Run Behavior\ShowPageTraceBehavior [ RunTime:0.001000s ]
INFO: [ app_end ] --END-- [ RunTime:0.001000s ]

[ 2018-05-19T09:12:46+08:00 ] 127.0.0.1 /index.php/Admin/member/indent_4
INFO: [ app_init ] --START--
INFO: Run Behavior\BuildLiteBehavior [ RunTime:0.000000s ]
INFO: [ app_init ] --END-- [ RunTime:0.001000s ]
INFO: [ app_begin ] --START--
INFO: Run Behavior\ReadHtmlCacheBehavior [ RunTime:0.001000s ]
INFO: [ app_begin ] --END-- [ RunTime:0.001000s ]
SQL: SHOW COLUMNS FROM `fen_indent` [ RunTime:0.0050s ]
SQL: SELECT COUNT(*) AS tp_count FROM `fen_indent` WHERE `status` = 4 LIMIT 1   [ RunTime:0.0010s ]
NOTIC: [8] Undefined index: p D:\wamp\www\fenxiao\Application\Admin\Controller\MemberController.class.php 第 421 行.
SQL: SELECT * FROM `fen_indent` WHERE `status` = 4 ORDER BY id desc LIMIT 0,10   [ RunTime:0.0010s ]
INFO: [ view_parse ] --START--
INFO: [ template_filter ] --START--
INFO: Run Behavior\ContentReplaceBehavior [ RunTime:0.001000s ]
INFO: [ template_filter ] --END-- [ RunTime:0.001000s ]
NOTIC: [8] Undefined variable: tree D:\wamp\www\fenxiao\Application\Runtime\Cache\Admin\c6592d8bc52eaf60762b5c7291707495.php 第 765 行.
INFO: Run Behavior\ParseTemplateBehavior [ RunTime:0.019001s ]
INFO: [ view_parse ] --END-- [ RunTime:0.019001s ]
INFO: [ view_filter ] --START--
INFO: Run Behavior\WriteHtmlCacheBehavior [ RunTime:0.001000s ]
INFO: [ view_filter ] --END-- [ RunTime:0.001000s ]
INFO: [ app_end ] --START--
INFO: Run Behavior\ShowPageTraceBehavior [ RunTime:0.001001s ]
INFO: [ app_end ] --END-- [ RunTime:0.001001s ]

[ 2018-05-19T09:12:49+08:00 ] 127.0.0.1 /index.php/Admin/member/indent
INFO: [ app_init ] --START--
INFO: Run Behavior\BuildLiteBehavior [ RunTime:0.000000s ]
INFO: [ app_init ] --END-- [ RunTime:0.001000s ]
INFO: [ app_begin ] --START--
INFO: Run Behavior\ReadHtmlCacheBehavior [ RunTime:0.003000s ]
INFO: [ app_begin ] --END-- [ RunTime:0.003000s ]
SQL: SHOW COLUMNS FROM `fen_indent` [ RunTime:0.0070s ]
SQL: SELECT COUNT(*) AS tp_count FROM `fen_indent` WHERE `status` = 1 LIMIT 1   [ RunTime:0.0010s ]
NOTIC: [8] Undefined index: p D:\wamp\www\fenxiao\Application\Admin\Controller\MemberController.class.php 第 354 行.
SQL: SELECT * FROM `fen_indent` WHERE `status` = 1 ORDER BY id desc LIMIT 0,10   [ RunTime:0.0010s ]
INFO: [ view_parse ] --START--
INFO: [ template_filter ] --START--
INFO: Run Behavior\ContentReplaceBehavior [ RunTime:0.001000s ]
INFO: [ template_filter ] --END-- [ RunTime:0.001000s ]
NOTIC: [8] Use of undefined constant id - assumed 'id' D:\wamp\www\fenxiao\Application\Runtime\Cache\Admin\95116dd4e157075e9fe2df0f93f67174.php 第 675 行.
SQL: SHOW COLUMNS FROM `fen_address` [ RunTime:0.0060s ]
SQL: SELECT `name` FROM `fen_address` WHERE `id` = 6 LIMIT 1   [ RunTime:0.0010s ]
SQL: SELECT `phone` FROM `fen_address` WHERE `id` = 6 LIMIT 1   [ RunTime:0.0000s ]
SQL: SELECT `location`,`address` FROM `fen_address` WHERE `id` = 6 LIMIT 1   [ RunTime:0.0000s ]
NOTIC: [8] Use of undefined constant id - assumed 'id' D:\wamp\www\fenxiao\Application\Runtime\Cache\Admin\95116dd4e157075e9fe2df0f93f67174.php 第 675 行.
SQL: SELECT `name` FROM `fen_address` WHERE `id` = 6 LIMIT 1   [ RunTime:0.0000s ]
SQL: SELECT `phone` FROM `fen_address` WHERE `id` = 6 LIMIT 1   [ RunTime:0.0010s ]
SQL: SELECT `location`,`address` FROM `fen_address` WHERE `id` = 6 LIMIT 1   [ RunTime:0.0010s ]
NOTIC: [8] Use of undefined constant id - assumed 'id' D:\wamp\www\fenxiao\Application\Runtime\Cache\Admin\95116dd4e157075e9fe2df0f93f67174.php 第 675 行.
SQL: SELECT `name` FROM `fen_address` WHERE `id` = 6 LIMIT 1   [ RunTime:0.0000s ]
SQL: SELECT `phone` FROM `fen_address` WHERE `id` = 6 LIMIT 1   [ RunTime:0.0000s ]
SQL: SELECT `location`,`address` FROM `fen_address` WHERE `id` = 6 LIMIT 1   [ RunTime:0.0000s ]
NOTIC: [8] Use of undefined constant id - assumed 'id' D:\wamp\www\fenxiao\Application\Runtime\Cache\Admin\95116dd4e157075e9fe2df0f93f67174.php 第 675 行.
SQL: SELECT `name` FROM `fen_address` WHERE `id` = 1 LIMIT 1   [ RunTime:0.0000s ]
SQL: SELECT `phone` FROM `fen_address` WHERE `id` = 1 LIMIT 1   [ RunTime:0.0000s ]
SQL: SELECT `location`,`address` FROM `fen_address` WHERE `id` = 1 LIMIT 1   [ RunTime:0.0000s ]
NOTIC: [8] Use of undefined constant id - assumed 'id' D:\wamp\www\fenxiao\Application\Runtime\Cache\Admin\95116dd4e157075e9fe2df0f93f67174.php 第 675 行.
SQL: SELECT `name` FROM `fen_address` WHERE `id` = 1 LIMIT 1   [ RunTime:0.0010s ]
SQL: SELECT `phone` FROM `fen_address` WHERE `id` = 1 LIMIT 1   [ RunTime:0.0010s ]
SQL: SELECT `location`,`address` FROM `fen_address` WHERE `id` = 1 LIMIT 1   [ RunTime:0.0010s ]
NOTIC: [8] Use of undefined constant id - assumed 'id' D:\wamp\www\fenxiao\Application\Runtime\Cache\Admin\95116dd4e157075e9fe2df0f93f67174.php 第 675 行.
SQL: SELECT `name` FROM `fen_address` WHERE `id` = 3 LIMIT 1   [ RunTime:0.0000s ]
SQL: SELECT `phone` FROM `fen_address` WHERE `id` = 3 LIMIT 1   [ RunTime:0.0000s ]
SQL: SELECT `location`,`address` FROM `fen_address` WHERE `id` = 3 LIMIT 1   [ RunTime:0.0000s ]
NOTIC: [8] Undefined variable: tree D:\wamp\www\fenxiao\Application\Runtime\Cache\Admin\95116dd4e157075e9fe2df0f93f67174.php 第 779 行.
INFO: Run Behavior\ParseTemplateBehavior [ RunTime:0.049003s ]
INFO: [ view_parse ] --END-- [ RunTime:0.049003s ]
INFO: [ view_filter ] --START--
INFO: Run Behavior\WriteHtmlCacheBehavior [ RunTime:0.001000s ]
INFO: [ view_filter ] --END-- [ RunTime:0.001000s ]
INFO: [ app_end ] --START--
INFO: Run Behavior\ShowPageTraceBehavior [ RunTime:0.002001s ]
INFO: [ app_end ] --END-- [ RunTime:0.002001s ]

[ 2018-05-19T09:14:29+08:00 ] 127.0.0.1 /index.php/Admin/member/indent
INFO: [ app_init ] --START--
INFO: Run Behavior\BuildLiteBehavior [ RunTime:0.001001s ]
INFO: [ app_init ] --END-- [ RunTime:0.002001s ]
INFO: [ app_begin ] --START--
INFO: Run Behavior\ReadHtmlCacheBehavior [ RunTime:0.001000s ]
INFO: [ app_begin ] --END-- [ RunTime:0.001000s ]
SQL: SHOW COLUMNS FROM `fen_indent` [ RunTime:0.0060s ]
SQL: SELECT COUNT(*) AS tp_count FROM `fen_indent` WHERE `status` = 1 LIMIT 1   [ RunTime:0.0010s ]
NOTIC: [8] Undefined index: p D:\wamp\www\fenxiao\Application\Admin\Controller\MemberController.class.php 第 354 行.
SQL: SELECT * FROM `fen_indent` WHERE `status` = 1 ORDER BY id desc LIMIT 0,10   [ RunTime:0.0000s ]
INFO: [ view_parse ] --START--
INFO: [ template_filter ] --START--
INFO: Run Behavior\ContentReplaceBehavior [ RunTime:0.000000s ]
INFO: [ template_filter ] --END-- [ RunTime:0.001000s ]
NOTIC: [8] Use of undefined constant id - assumed 'id' D:\wamp\www\fenxiao\Application\Runtime\Cache\Admin\95116dd4e157075e9fe2df0f93f67174.php 第 675 行.
SQL: SHOW COLUMNS FROM `fen_address` [ RunTime:0.0070s ]
SQL: SELECT `name` FROM `fen_address` WHERE `id` = 6 LIMIT 1   [ RunTime:0.0010s ]
SQL: SELECT `phone` FROM `fen_address` WHERE `id` = 6 LIMIT 1   [ RunTime:0.0010s ]
SQL: SELECT `location`,`address` FROM `fen_address` WHERE `id` = 6 LIMIT 1   [ RunTime:0.0010s ]
NOTIC: [8] Use of undefined constant id - assumed 'id' D:\wamp\www\fenxiao\Application\Runtime\Cache\Admin\95116dd4e157075e9fe2df0f93f67174.php 第 675 行.
SQL: SELECT `name` FROM `fen_address` WHERE `id` = 6 LIMIT 1   [ RunTime:0.0010s ]
SQL: SELECT `phone` FROM `fen_address` WHERE `id` = 6 LIMIT 1   [ RunTime:0.0010s ]
SQL: SELECT `location`,`address` FROM `fen_address` WHERE `id` = 6 LIMIT 1   [ RunTime:0.0000s ]
NOTIC: [8] Use of undefined constant id - assumed 'id' D:\wamp\www\fenxiao\Application\Runtime\Cache\Admin\95116dd4e157075e9fe2df0f93f67174.php 第 675 行.
SQL: SELECT `name` FROM `fen_address` WHERE `id` = 6 LIMIT 1   [ RunTime:0.0000s ]
SQL: SELECT `phone` FROM `fen_address` WHERE `id` = 6 LIMIT 1   [ RunTime:0.0010s ]
SQL: SELECT `location`,`address` FROM `fen_address` WHERE `id` = 6 LIMIT 1   [ RunTime:0.0010s ]
NOTIC: [8] Use of undefined constant id - assumed 'id' D:\wamp\www\fenxiao\Application\Runtime\Cache\Admin\95116dd4e157075e9fe2df0f93f67174.php 第 675 行.
SQL: SELECT `name` FROM `fen_address` WHERE `id` = 1 LIMIT 1   [ RunTime:0.0010s ]
SQL: SELECT `phone` FROM `fen_address` WHERE `id` = 1 LIMIT 1   [ RunTime:0.0000s ]
SQL: SELECT `location`,`address` FROM `fen_address` WHERE `id` = 1 LIMIT 1   [ RunTime:0.0000s ]
NOTIC: [8] Use of undefined constant id - assumed 'id' D:\wamp\www\fenxiao\Application\Runtime\Cache\Admin\95116dd4e157075e9fe2df0f93f67174.php 第 675 行.
SQL: SELECT `name` FROM `fen_address` WHERE `id` = 1 LIMIT 1   [ RunTime:0.0010s ]
SQL: SELECT `phone` FROM `fen_address` WHERE `id` = 1 LIMIT 1   [ RunTime:0.0010s ]
SQL: SELECT `location`,`address` FROM `fen_address` WHERE `id` = 1 LIMIT 1   [ RunTime:0.0010s ]
NOTIC: [8] Use of undefined constant id - assumed 'id' D:\wamp\www\fenxiao\Application\Runtime\Cache\Admin\95116dd4e157075e9fe2df0f93f67174.php 第 675 行.
SQL: SELECT `name` FROM `fen_address` WHERE `id` = 3 LIMIT 1   [ RunTime:0.0000s ]
SQL: SELECT `phone` FROM `fen_address` WHERE `id` = 3 LIMIT 1   [ RunTime:0.0000s ]
SQL: SELECT `location`,`address` FROM `fen_address` WHERE `id` = 3 LIMIT 1   [ RunTime:0.0000s ]
NOTIC: [8] Undefined variable: tree D:\wamp\www\fenxiao\Application\Runtime\Cache\Admin\95116dd4e157075e9fe2df0f93f67174.php 第 779 行.
INFO: Run Behavior\ParseTemplateBehavior [ RunTime:0.049003s ]
INFO: [ view_parse ] --END-- [ RunTime:0.049003s ]
INFO: [ view_filter ] --START--
INFO: Run Behavior\WriteHtmlCacheBehavior [ RunTime:0.001000s ]
INFO: [ view_filter ] --END-- [ RunTime:0.001000s ]
INFO: [ app_end ] --START--
INFO: Run Behavior\ShowPageTraceBehavior [ RunTime:0.006001s ]
INFO: [ app_end ] --END-- [ RunTime:0.006001s ]

[ 2018-05-19T09:14:45+08:00 ] 127.0.0.1 /index.php/Admin/member/zong_index
INFO: [ app_init ] --START--
INFO: Run Behavior\BuildLiteBehavior [ RunTime:0.000000s ]
INFO: [ app_init ] --END-- [ RunTime:0.001000s ]
INFO: [ app_begin ] --START--
INFO: Run Behavior\ReadHtmlCacheBehavior [ RunTime:0.001000s ]
INFO: [ app_begin ] --END-- [ RunTime:0.001000s ]
SQL: SHOW COLUMNS FROM `fen_member` [ RunTime:0.0050s ]
SQL: SELECT COUNT(*) AS tp_count FROM `fen_member` WHERE ( `level` = 3 OR `level` = 4 OR `level` = 5 ) LIMIT 1   [ RunTime:0.0010s ]
NOTIC: [8] Undefined index: p D:\wamp\www\fenxiao\Application\Admin\Controller\MemberController.class.php 第 76 行.
SQL: SELECT * FROM `fen_member` WHERE ( `level` = 3 OR `level` = 4 OR `level` = 5 ) ORDER BY id desc LIMIT 0,20   [ RunTime:0.0000s ]
INFO: [ view_parse ] --START--
INFO: [ template_filter ] --START--
INFO: Run Behavior\ContentReplaceBehavior [ RunTime:0.000000s ]
INFO: [ template_filter ] --END-- [ RunTime:0.000000s ]
NOTIC: [8] Undefined variable: vo D:\wamp\www\fenxiao\Application\Runtime\Cache\Admin\6fb5f108f3a226cc14f8c89c25ec80ee.php 第 635 行.
NOTIC: [8] Use of undefined constant id - assumed 'id' D:\wamp\www\fenxiao\Application\Runtime\Cache\Admin\6fb5f108f3a226cc14f8c89c25ec80ee.php 第 679 行.
SQL: SELECT `level` FROM `fen_member` WHERE `id` = 8 LIMIT 1   [ RunTime:0.0000s ]
SQL: SELECT `username` FROM `fen_member` WHERE `id` = 1 LIMIT 1   [ RunTime:0.0000s ]
SQL: SELECT `level` FROM `fen_member` WHERE `id` = 1 LIMIT 1   [ RunTime:0.0000s ]
SQL: SHOW COLUMNS FROM `fen_member_data` [ RunTime:0.0080s ]
SQL: SELECT `name` FROM `fen_member_data` WHERE `member_id` = 8 LIMIT 1   [ RunTime:0.0010s ]
SQL: SELECT `sex` FROM `fen_member_data` WHERE `member_id` = 8 LIMIT 1   [ RunTime:0.0000s ]
SQL: SELECT `phone` FROM `fen_member_data` WHERE `member_id` = 8 LIMIT 1   [ RunTime:0.0000s ]
SQL: SHOW COLUMNS FROM `fen_member_product` [ RunTime:0.0080s ]
SQL: SELECT * FROM `fen_member_product` WHERE `member_id` = 8 LIMIT 1   [ RunTime:0.0010s ]
NOTIC: [8] Use of undefined constant id - assumed 'id' D:\wamp\www\fenxiao\Application\Runtime\Cache\Admin\6fb5f108f3a226cc14f8c89c25ec80ee.php 第 679 行.
SQL: SELECT `level` FROM `fen_member` WHERE `id` = 2 LIMIT 1   [ RunTime:0.0010s ]
SQL: SELECT `username` FROM `fen_member` WHERE `id` = 0 LIMIT 1   [ RunTime:0.0000s ]
SQL: SELECT `level` FROM `fen_member` WHERE `id` = 0 LIMIT 1   [ RunTime:0.0000s ]
SQL: SELECT `name` FROM `fen_member_data` WHERE `member_id` = 2 LIMIT 1   [ RunTime:0.0000s ]
SQL: SELECT `sex` FROM `fen_member_data` WHERE `member_id` = 2 LIMIT 1   [ RunTime:0.0000s ]
SQL: SELECT `phone` FROM `fen_member_data` WHERE `member_id` = 2 LIMIT 1   [ RunTime:0.0000s ]
SQL: SELECT * FROM `fen_member_product` WHERE `member_id` = 2 LIMIT 1   [ RunTime:0.0000s ]
SQL: SELECT COUNT(*) AS tp_count FROM `fen_member` WHERE `refe_id` = 8 AND `level` = 2 LIMIT 1   [ RunTime:0.0000s ]
SQL: SELECT COUNT(*) AS tp_count FROM `fen_member` WHERE `refe_id` = 8 AND `level` = 1 LIMIT 1   [ RunTime:0.0010s ]
NOTIC: [8] Undefined index: daili_zong D:\wamp\www\fenxiao\Application\Runtime\Cache\Admin\6fb5f108f3a226cc14f8c89c25ec80ee.php 第 888 行.
NOTIC: [8] Undefined index: vip_zong D:\wamp\www\fenxiao\Application\Runtime\Cache\Admin\6fb5f108f3a226cc14f8c89c25ec80ee.php 第 894 行.
SQL: SELECT COUNT(*) AS tp_count FROM `fen_member` WHERE `refe_id` = 2 AND `level` = 2 LIMIT 1   [ RunTime:0.0010s ]
SQL: SELECT COUNT(*) AS tp_count FROM `fen_member` WHERE `refe_id` = 2 AND `level` = 1 LIMIT 1   [ RunTime:0.0010s ]
NOTIC: [8] Undefined index: daili_zong D:\wamp\www\fenxiao\Application\Runtime\Cache\Admin\6fb5f108f3a226cc14f8c89c25ec80ee.php 第 888 行.
NOTIC: [8] Undefined index: vip_zong D:\wamp\www\fenxiao\Application\Runtime\Cache\Admin\6fb5f108f3a226cc14f8c89c25ec80ee.php 第 894 行.
INFO: Run Behavior\ParseTemplateBehavior [ RunTime:0.062003s ]
INFO: [ view_parse ] --END-- [ RunTime:0.062003s ]
INFO: [ view_filter ] --START--
INFO: Run Behavior\WriteHtmlCacheBehavior [ RunTime:0.001000s ]
INFO: [ view_filter ] --END-- [ RunTime:0.001000s ]
INFO: [ app_end ] --START--
INFO: Run Behavior\ShowPageTraceBehavior [ RunTime:0.001000s ]
INFO: [ app_end ] --END-- [ RunTime:0.001000s ]

[ 2018-05-19T09:15:37+08:00 ] 127.0.0.1 /index.php/Admin/class/index
INFO: [ app_init ] --START--
INFO: Run Behavior\BuildLiteBehavior [ RunTime:0.000000s ]
INFO: [ app_init ] --END-- [ RunTime:0.001000s ]
INFO: [ app_begin ] --START--
INFO: Run Behavior\ReadHtmlCacheBehavior [ RunTime:0.002000s ]
INFO: [ app_begin ] --END-- [ RunTime:0.002000s ]
SQL: SHOW COLUMNS FROM `fen_class` [ RunTime:0.0050s ]
SQL: SELECT * FROM `fen_class`  [ RunTime:0.0010s ]
SQL: SELECT * FROM `fen_class`  [ RunTime:0.0000s ]
INFO: [ view_parse ] --START--
INFO: [ template_filter ] --START--
INFO: Run Behavior\ContentReplaceBehavior [ RunTime:0.001000s ]
INFO: [ template_filter ] --END-- [ RunTime:0.001000s ]
NOTIC: [8] Undefined variable: vo D:\wamp\www\fenxiao\Application\Runtime\Cache\Admin\d226dc04610e76ef6af5711bccd551e3.php 第 639 行.
NOTIC: [8] Use of undefined constant id - assumed 'id' D:\wamp\www\fenxiao\Application\Runtime\Cache\Admin\d226dc04610e76ef6af5711bccd551e3.php 第 668 行.
NOTIC: [8] Use of undefined constant id - assumed 'id' D:\wamp\www\fenxiao\Application\Runtime\Cache\Admin\d226dc04610e76ef6af5711bccd551e3.php 第 668 行.
NOTIC: [8] Use of undefined constant id - assumed 'id' D:\wamp\www\fenxiao\Application\Runtime\Cache\Admin\d226dc04610e76ef6af5711bccd551e3.php 第 668 行.
NOTIC: [8] Use of undefined constant id - assumed 'id' D:\wamp\www\fenxiao\Application\Runtime\Cache\Admin\d226dc04610e76ef6af5711bccd551e3.php 第 668 行.
NOTIC: [8] Use of undefined constant id - assumed 'id' D:\wamp\www\fenxiao\Application\Runtime\Cache\Admin\d226dc04610e76ef6af5711bccd551e3.php 第 668 行.
NOTIC: [8] Use of undefined constant id - assumed 'id' D:\wamp\www\fenxiao\Application\Runtime\Cache\Admin\d226dc04610e76ef6af5711bccd551e3.php 第 668 行.
NOTIC: [8] Use of undefined constant id - assumed 'id' D:\wamp\www\fenxiao\Application\Runtime\Cache\Admin\d226dc04610e76ef6af5711bccd551e3.php 第 668 行.
NOTIC: [8] Undefined variable: page D:\wamp\www\fenxiao\Application\Runtime\Cache\Admin\d226dc04610e76ef6af5711bccd551e3.php 第 689 行.
NOTIC: [8] Use of undefined constant level - assumed 'level' D:\wamp\www\fenxiao\Application\Runtime\Cache\Admin\d226dc04610e76ef6af5711bccd551e3.php 第 737 行.
NOTIC: [8] Use of undefined constant level - assumed 'level' D:\wamp\www\fenxiao\Application\Runtime\Cache\Admin\d226dc04610e76ef6af5711bccd551e3.php 第 737 行.
NOTIC: [8] Use of undefined constant level - assumed 'level' D:\wamp\www\fenxiao\Application\Runtime\Cache\Admin\d226dc04610e76ef6af5711bccd551e3.php 第 737 行.
NOTIC: [8] Use of undefined constant level - assumed 'level' D:\wamp\www\fenxiao\Application\Runtime\Cache\Admin\d226dc04610e76ef6af5711bccd551e3.php 第 737 行.
NOTIC: [8] Use of undefined constant level - assumed 'level' D:\wamp\www\fenxiao\Application\Runtime\Cache\Admin\d226dc04610e76ef6af5711bccd551e3.php 第 737 行.
NOTIC: [8] Use of undefined constant level - assumed 'level' D:\wamp\www\fenxiao\Application\Runtime\Cache\Admin\d226dc04610e76ef6af5711bccd551e3.php 第 737 行.
NOTIC: [8] Use of undefined constant level - assumed 'level' D:\wamp\www\fenxiao\Application\Runtime\Cache\Admin\d226dc04610e76ef6af5711bccd551e3.php 第 737 行.
INFO: Run Behavior\ParseTemplateBehavior [ RunTime:0.020001s ]
INFO: [ view_parse ] --END-- [ RunTime:0.021001s ]
INFO: [ view_filter ] --START--
INFO: Run Behavior\WriteHtmlCacheBehavior [ RunTime:0.001000s ]
INFO: [ view_filter ] --END-- [ RunTime:0.001000s ]
INFO: [ app_end ] --START--
INFO: Run Behavior\ShowPageTraceBehavior [ RunTime:0.001000s ]
INFO: [ app_end ] --END-- [ RunTime:0.002000s ]

[ 2018-05-19T09:15:39+08:00 ] 127.0.0.1 /index.php/Admin/index/index
INFO: [ app_init ] --START--
INFO: Run Behavior\BuildLiteBehavior [ RunTime:0.000000s ]
INFO: [ app_init ] --END-- [ RunTime:0.000000s ]
INFO: [ app_begin ] --START--
INFO: Run Behavior\ReadHtmlCacheBehavior [ RunTime:0.002000s ]
INFO: [ app_begin ] --END-- [ RunTime:0.003000s ]
SQL: SHOW COLUMNS FROM `fen_member` [ RunTime:0.0050s ]
SQL: SELECT COUNT(*) AS tp_count FROM `fen_member` WHERE `time` BETWEEN 1526659200 AND 1526745599 LIMIT 1   [ RunTime:0.0010s ]
SQL: SHOW COLUMNS FROM `fen_indent` [ RunTime:0.0070s ]
SQL: SELECT * FROM `fen_indent`  [ RunTime:0.0010s ]
SQL: SELECT COUNT(*) AS tp_count FROM `fen_member` WHERE `time` BETWEEN 1525104000 AND 1527782399 LIMIT 1   [ RunTime:0.0000s ]
SQL: SELECT * FROM `fen_indent`  [ RunTime:0.0000s ]
INFO: [ view_parse ] --START--
INFO: [ template_filter ] --START--
INFO: Run Behavior\ContentReplaceBehavior [ RunTime:0.000000s ]
INFO: [ template_filter ] --END-- [ RunTime:0.000000s ]
NOTIC: [8] Undefined variable: area D:\wamp\www\fenxiao\Application\Runtime\Cache\Admin\b595b808c2ebeeeb0478ffc30bb4e87a.php 第 834 行.
NOTIC: [8] Undefined variable: list D:\wamp\www\fenxiao\Application\Runtime\Cache\Admin\b595b808c2ebeeeb0478ffc30bb4e87a.php 第 876 行.
NOTIC: [8] Undefined variable: page D:\wamp\www\fenxiao\Application\Runtime\Cache\Admin\b595b808c2ebeeeb0478ffc30bb4e87a.php 第 944 行.
INFO: Run Behavior\ParseTemplateBehavior [ RunTime:0.022001s ]
INFO: [ view_parse ] --END-- [ RunTime:0.023001s ]
INFO: [ view_filter ] --START--
INFO: Run Behavior\WriteHtmlCacheBehavior [ RunTime:0.002000s ]
INFO: [ view_filter ] --END-- [ RunTime:0.002000s ]
INFO: [ app_end ] --START--
INFO: Run Behavior\ShowPageTraceBehavior [ RunTime:0.002000s ]
INFO: [ app_end ] --END-- [ RunTime:0.002000s ]

[ 2018-05-19T09:15:41+08:00 ] 127.0.0.1 /index.php/Admin/member/index
INFO: [ app_init ] --START--
INFO: Run Behavior\BuildLiteBehavior [ RunTime:0.000000s ]
INFO: [ app_init ] --END-- [ RunTime:0.001000s ]
INFO: [ app_begin ] --START--
INFO: Run Behavior\ReadHtmlCacheBehavior [ RunTime:0.001000s ]
INFO: [ app_begin ] --END-- [ RunTime:0.001000s ]
SQL: SHOW COLUMNS FROM `fen_member` [ RunTime:0.0060s ]
SQL: SELECT COUNT(*) AS tp_count FROM `fen_member` WHERE `level` = 0 LIMIT 1   [ RunTime:0.0000s ]
NOTIC: [8] Undefined index: p D:\wamp\www\fenxiao\Application\Admin\Controller\MemberController.class.php 第 12 行.
SQL: SELECT * FROM `fen_member` WHERE `level` = 0 ORDER BY id desc LIMIT 0,20   [ RunTime:0.0000s ]
INFO: [ view_parse ] --START--
INFO: [ template_filter ] --START--
INFO: Run Behavior\ContentReplaceBehavior [ RunTime:0.000000s ]
INFO: [ template_filter ] --END-- [ RunTime:0.000000s ]
NOTIC: [8] Undefined variable: vo D:\wamp\www\fenxiao\Application\Runtime\Cache\Admin\cd4483014f2e11fff8848d4b0b1995b7.php 第 643 行.
NOTIC: [8] Use of undefined constant id - assumed 'id' D:\wamp\www\fenxiao\Application\Runtime\Cache\Admin\cd4483014f2e11fff8848d4b0b1995b7.php 第 685 行.
SQL: SELECT `username` FROM `fen_member` WHERE `id` = 0 LIMIT 1   [ RunTime:0.0000s ]
SQL: SELECT `level` FROM `fen_member` WHERE `id` = 0 LIMIT 1   [ RunTime:0.0000s ]
SQL: SHOW COLUMNS FROM `fen_member_data` [ RunTime:0.0050s ]
SQL: SELECT `name` FROM `fen_member_data` WHERE `member_id` = 17 LIMIT 1   [ RunTime:0.0010s ]
SQL: SELECT `sex` FROM `fen_member_data` WHERE `member_id` = 17 LIMIT 1   [ RunTime:0.0010s ]
SQL: SELECT `phone` FROM `fen_member_data` WHERE `member_id` = 17 LIMIT 1   [ RunTime:0.0000s ]
NOTIC: [8] Use of undefined constant id - assumed 'id' D:\wamp\www\fenxiao\Application\Runtime\Cache\Admin\cd4483014f2e11fff8848d4b0b1995b7.php 第 685 行.
SQL: SELECT `username` FROM `fen_member` WHERE `id` = 0 LIMIT 1   [ RunTime:0.0000s ]
SQL: SELECT `level` FROM `fen_member` WHERE `id` = 0 LIMIT 1   [ RunTime:0.0000s ]
SQL: SELECT `name` FROM `fen_member_data` WHERE `member_id` = 16 LIMIT 1   [ RunTime:0.0000s ]
SQL: SELECT `sex` FROM `fen_member_data` WHERE `member_id` = 16 LIMIT 1   [ RunTime:0.0010s ]
SQL: SELECT `phone` FROM `fen_member_data` WHERE `member_id` = 16 LIMIT 1   [ RunTime:0.0010s ]
NOTIC: [8] Use of undefined constant id - assumed 'id' D:\wamp\www\fenxiao\Application\Runtime\Cache\Admin\cd4483014f2e11fff8848d4b0b1995b7.php 第 685 行.
SQL: SELECT `username` FROM `fen_member` WHERE `id` = 1 LIMIT 1   [ RunTime:0.0010s ]
SQL: SELECT `level` FROM `fen_member` WHERE `id` = 1 LIMIT 1   [ RunTime:0.0010s ]
SQL: SELECT `name` FROM `fen_member_data` WHERE `member_id` = 9 LIMIT 1   [ RunTime:0.0000s ]
SQL: SELECT `sex` FROM `fen_member_data` WHERE `member_id` = 9 LIMIT 1   [ RunTime:0.0000s ]
SQL: SELECT `phone` FROM `fen_member_data` WHERE `member_id` = 9 LIMIT 1   [ RunTime:0.0000s ]
NOTIC: [8] Use of undefined constant id - assumed 'id' D:\wamp\www\fenxiao\Application\Runtime\Cache\Admin\cd4483014f2e11fff8848d4b0b1995b7.php 第 685 行.
SQL: SELECT `username` FROM `fen_member` WHERE `id` = 0 LIMIT 1   [ RunTime:0.0000s ]
SQL: SELECT `level` FROM `fen_member` WHERE `id` = 0 LIMIT 1   [ RunTime:0.0000s ]
SQL: SELECT `name` FROM `fen_member_data` WHERE `member_id` = 7 LIMIT 1   [ RunTime:0.0010s ]
SQL: SELECT `sex` FROM `fen_member_data` WHERE `member_id` = 7 LIMIT 1   [ RunTime:0.0010s ]
SQL: SELECT `phone` FROM `fen_member_data` WHERE `member_id` = 7 LIMIT 1   [ RunTime:0.0010s ]
NOTIC: [8] Use of undefined constant id - assumed 'id' D:\wamp\www\fenxiao\Application\Runtime\Cache\Admin\cd4483014f2e11fff8848d4b0b1995b7.php 第 685 行.
SQL: SELECT `username` FROM `fen_member` WHERE `id` = 0 LIMIT 1   [ RunTime:0.0010s ]
SQL: SELECT `level` FROM `fen_member` WHERE `id` = 0 LIMIT 1   [ RunTime:0.0000s ]
SQL: SELECT `name` FROM `fen_member_data` WHERE `member_id` = 1 LIMIT 1   [ RunTime:0.0000s ]
SQL: SELECT `sex` FROM `fen_member_data` WHERE `member_id` = 1 LIMIT 1   [ RunTime:0.0000s ]
SQL: SELECT `phone` FROM `fen_member_data` WHERE `member_id` = 1 LIMIT 1   [ RunTime:0.0000s ]
NOTIC: [8] Undefined variable: tree D:\wamp\www\fenxiao\Application\Runtime\Cache\Admin\cd4483014f2e11fff8848d4b0b1995b7.php 第 869 行.
NOTIC: [8] Undefined variable: tree D:\wamp\www\fenxiao\Application\Runtime\Cache\Admin\cd4483014f2e11fff8848d4b0b1995b7.php 第 869 行.
NOTIC: [8] Undefined variable: tree D:\wamp\www\fenxiao\Application\Runtime\Cache\Admin\cd4483014f2e11fff8848d4b0b1995b7.php 第 869 行.
NOTIC: [8] Undefined variable: tree D:\wamp\www\fenxiao\Application\Runtime\Cache\Admin\cd4483014f2e11fff8848d4b0b1995b7.php 第 869 行.
NOTIC: [8] Undefined variable: tree D:\wamp\www\fenxiao\Application\Runtime\Cache\Admin\cd4483014f2e11fff8848d4b0b1995b7.php 第 869 行.
INFO: Run Behavior\ParseTemplateBehavior [ RunTime:0.058003s ]
INFO: [ view_parse ] --END-- [ RunTime:0.058003s ]
INFO: [ view_filter ] --START--
INFO: Run Behavior\WriteHtmlCacheBehavior [ RunTime:0.001000s ]
INFO: [ view_filter ] --END-- [ RunTime:0.001000s ]
INFO: [ app_end ] --START--
INFO: Run Behavior\ShowPageTraceBehavior [ RunTime:0.002000s ]
INFO: [ app_end ] --END-- [ RunTime:0.002000s ]

[ 2018-05-19T10:05:01+08:00 ] 127.0.0.1 /index.php/Admin/Member/jie
INFO: [ app_init ] --START--
INFO: Run Behavior\BuildLiteBehavior [ RunTime:0.000000s ]
INFO: [ app_init ] --END-- [ RunTime:0.001000s ]
INFO: [ app_begin ] --START--
INFO: Run Behavior\ReadHtmlCacheBehavior [ RunTime:0.001001s ]
INFO: [ app_begin ] --END-- [ RunTime:0.001001s ]
SQL: SHOW COLUMNS FROM `fen_member` [ RunTime:0.0060s ]
SQL: UPDATE `fen_member` SET `status`='0' WHERE `id` = 1 [ RunTime:0.0040s ]
NOTIC: [2] Missing argument 3 for show(), called in D:\wamp\www\fenxiao\Application\Admin\Controller\MemberController.class.php on line 221 and defined D:\wamp\www\fenxiao\Application\Admin\Common\function.php 第 12 行.
NOTIC: [8] Undefined variable: data D:\wamp\www\fenxiao\Application\Admin\Common\function.php 第 16 行.

[ 2018-05-19T10:05:02+08:00 ] 127.0.0.1 /index.php/Admin/Member/index
INFO: [ app_init ] --START--
INFO: Run Behavior\BuildLiteBehavior [ RunTime:0.000000s ]
INFO: [ app_init ] --END-- [ RunTime:0.001000s ]
INFO: [ app_begin ] --START--
INFO: Run Behavior\ReadHtmlCacheBehavior [ RunTime:0.001000s ]
INFO: [ app_begin ] --END-- [ RunTime:0.002000s ]
SQL: SHOW COLUMNS FROM `fen_member` [ RunTime:0.0050s ]
SQL: SELECT COUNT(*) AS tp_count FROM `fen_member` WHERE `level` = 0 LIMIT 1   [ RunTime:0.0000s ]
NOTIC: [8] Undefined index: p D:\wamp\www\fenxiao\Application\Admin\Controller\MemberController.class.php 第 12 行.
SQL: SELECT * FROM `fen_member` WHERE `level` = 0 ORDER BY id desc LIMIT 0,20   [ RunTime:0.0010s ]
INFO: [ view_parse ] --START--
INFO: [ template_filter ] --START--
INFO: Run Behavior\ContentReplaceBehavior [ RunTime:0.000000s ]
INFO: [ template_filter ] --END-- [ RunTime:0.001000s ]
NOTIC: [8] Undefined variable: vo D:\wamp\www\fenxiao\Application\Runtime\Cache\Admin\cd4483014f2e11fff8848d4b0b1995b7.php 第 643 行.
NOTIC: [8] Use of undefined constant id - assumed 'id' D:\wamp\www\fenxiao\Application\Runtime\Cache\Admin\cd4483014f2e11fff8848d4b0b1995b7.php 第 685 行.
SQL: SELECT `username` FROM `fen_member` WHERE `id` = 0 LIMIT 1   [ RunTime:0.0010s ]
SQL: SELECT `level` FROM `fen_member` WHERE `id` = 0 LIMIT 1   [ RunTime:0.0010s ]
SQL: SHOW COLUMNS FROM `fen_member_data` [ RunTime:0.0060s ]
SQL: SELECT `name` FROM `fen_member_data` WHERE `member_id` = 17 LIMIT 1   [ RunTime:0.0010s ]
SQL: SELECT `sex` FROM `fen_member_data` WHERE `member_id` = 17 LIMIT 1   [ RunTime:0.0000s ]
SQL: SELECT `phone` FROM `fen_member_data` WHERE `member_id` = 17 LIMIT 1   [ RunTime:0.0010s ]
NOTIC: [8] Use of undefined constant id - assumed 'id' D:\wamp\www\fenxiao\Application\Runtime\Cache\Admin\cd4483014f2e11fff8848d4b0b1995b7.php 第 685 行.
SQL: SELECT `username` FROM `fen_member` WHERE `id` = 0 LIMIT 1   [ RunTime:0.0010s ]
SQL: SELECT `level` FROM `fen_member` WHERE `id` = 0 LIMIT 1   [ RunTime:0.0010s ]
SQL: SELECT `name` FROM `fen_member_data` WHERE `member_id` = 16 LIMIT 1   [ RunTime:0.0010s ]
SQL: SELECT `sex` FROM `fen_member_data` WHERE `member_id` = 16 LIMIT 1   [ RunTime:0.0000s ]
SQL: SELECT `phone` FROM `fen_member_data` WHERE `member_id` = 16 LIMIT 1   [ RunTime:0.0000s ]
NOTIC: [8] Use of undefined constant id - assumed 'id' D:\wamp\www\fenxiao\Application\Runtime\Cache\Admin\cd4483014f2e11fff8848d4b0b1995b7.php 第 685 行.
SQL: SELECT `username` FROM `fen_member` WHERE `id` = 1 LIMIT 1   [ RunTime:0.0000s ]
SQL: SELECT `level` FROM `fen_member` WHERE `id` = 1 LIMIT 1   [ RunTime:0.0000s ]
SQL: SELECT `name` FROM `fen_member_data` WHERE `member_id` = 9 LIMIT 1   [ RunTime:0.0000s ]
SQL: SELECT `sex` FROM `fen_member_data` WHERE `member_id` = 9 LIMIT 1   [ RunTime:0.0000s ]
SQL: SELECT `phone` FROM `fen_member_data` WHERE `member_id` = 9 LIMIT 1   [ RunTime:0.0000s ]
NOTIC: [8] Use of undefined constant id - assumed 'id' D:\wamp\www\fenxiao\Application\Runtime\Cache\Admin\cd4483014f2e11fff8848d4b0b1995b7.php 第 685 行.
SQL: SELECT `username` FROM `fen_member` WHERE `id` = 0 LIMIT 1   [ RunTime:0.0000s ]
SQL: SELECT `level` FROM `fen_member` WHERE `id` = 0 LIMIT 1   [ RunTime:0.0000s ]
SQL: SELECT `name` FROM `fen_member_data` WHERE `member_id` = 7 LIMIT 1   [ RunTime:0.0000s ]
SQL: SELECT `sex` FROM `fen_member_data` WHERE `member_id` = 7 LIMIT 1   [ RunTime:0.0000s ]
SQL: SELECT `phone` FROM `fen_member_data` WHERE `member_id` = 7 LIMIT 1   [ RunTime:0.0000s ]
NOTIC: [8] Use of undefined constant id - assumed 'id' D:\wamp\www\fenxiao\Application\Runtime\Cache\Admin\cd4483014f2e11fff8848d4b0b1995b7.php 第 685 行.
SQL: SELECT `username` FROM `fen_member` WHERE `id` = 0 LIMIT 1   [ RunTime:0.0000s ]
SQL: SELECT `level` FROM `fen_member` WHERE `id` = 0 LIMIT 1   [ RunTime:0.0000s ]
SQL: SELECT `name` FROM `fen_member_data` WHERE `member_id` = 1 LIMIT 1   [ RunTime:0.0000s ]
SQL: SELECT `sex` FROM `fen_member_data` WHERE `member_id` = 1 LIMIT 1   [ RunTime:0.0010s ]
SQL: SELECT `phone` FROM `fen_member_data` WHERE `member_id` = 1 LIMIT 1   [ RunTime:0.0010s ]
NOTIC: [8] Undefined variable: tree D:\wamp\www\fenxiao\Application\Runtime\Cache\Admin\cd4483014f2e11fff8848d4b0b1995b7.php 第 869 行.
NOTIC: [8] Undefined variable: tree D:\wamp\www\fenxiao\Application\Runtime\Cache\Admin\cd4483014f2e11fff8848d4b0b1995b7.php 第 869 行.
NOTIC: [8] Undefined variable: tree D:\wamp\www\fenxiao\Application\Runtime\Cache\Admin\cd4483014f2e11fff8848d4b0b1995b7.php 第 869 行.
NOTIC: [8] Undefined variable: tree D:\wamp\www\fenxiao\Application\Runtime\Cache\Admin\cd4483014f2e11fff8848d4b0b1995b7.php 第 869 行.
NOTIC: [8] Undefined variable: tree D:\wamp\www\fenxiao\Application\Runtime\Cache\Admin\cd4483014f2e11fff8848d4b0b1995b7.php 第 869 行.
INFO: Run Behavior\ParseTemplateBehavior [ RunTime:0.060004s ]
INFO: [ view_parse ] --END-- [ RunTime:0.060004s ]
INFO: [ view_filter ] --START--
INFO: Run Behavior\WriteHtmlCacheBehavior [ RunTime:0.001000s ]
INFO: [ view_filter ] --END-- [ RunTime:0.001000s ]
INFO: [ app_end ] --START--
INFO: Run Behavior\ShowPageTraceBehavior [ RunTime:0.004000s ]
INFO: [ app_end ] --END-- [ RunTime:0.004000s ]

[ 2018-05-19T10:54:03+08:00 ] 127.0.0.1 /index.php/Admin/member/vip_index
INFO: [ app_init ] --START--
INFO: Run Behavior\BuildLiteBehavior [ RunTime:0.000000s ]
INFO: [ app_init ] --END-- [ RunTime:0.001000s ]
INFO: [ app_begin ] --START--
INFO: Run Behavior\ReadHtmlCacheBehavior [ RunTime:0.001000s ]
INFO: [ app_begin ] --END-- [ RunTime:0.002000s ]
SQL: SHOW COLUMNS FROM `fen_member` [ RunTime:0.0100s ]
SQL: SELECT COUNT(*) AS tp_count FROM `fen_member` WHERE `level` = 1 LIMIT 1   [ RunTime:0.0010s ]
NOTIC: [8] Undefined index: p D:\wamp\www\fenxiao\Application\Admin\Controller\MemberController.class.php 第 30 行.
SQL: SELECT * FROM `fen_member` WHERE `level` = 1 ORDER BY id desc LIMIT 0,20   [ RunTime:0.0000s ]
INFO: [ view_parse ] --START--
INFO: [ template_filter ] --START--
INFO: Run Behavior\ContentReplaceBehavior [ RunTime:0.000000s ]
INFO: [ template_filter ] --END-- [ RunTime:0.000000s ]
NOTIC: [8] Undefined variable: vo D:\wamp\www\fenxiao\Application\Runtime\Cache\Admin\6ea7a0a1d02c4f8c43d608118ef245f9.php 第 635 行.
NOTIC: [8] Use of undefined constant id - assumed 'id' D:\wamp\www\fenxiao\Application\Runtime\Cache\Admin\6ea7a0a1d02c4f8c43d608118ef245f9.php 第 677 行.
SQL: SELECT `username` FROM `fen_member` WHERE `id` = 11 LIMIT 1   [ RunTime:0.0010s ]
SQL: SELECT `level` FROM `fen_member` WHERE `id` = 11 LIMIT 1   [ RunTime:0.0010s ]
SQL: SHOW COLUMNS FROM `fen_member_data` [ RunTime:0.0060s ]
SQL: SELECT `name` FROM `fen_member_data` WHERE `member_id` = 15 LIMIT 1   [ RunTime:0.0010s ]
SQL: SELECT `sex` FROM `fen_member_data` WHERE `member_id` = 15 LIMIT 1   [ RunTime:0.0010s ]
SQL: SELECT `phone` FROM `fen_member_data` WHERE `member_id` = 15 LIMIT 1   [ RunTime:0.0000s ]
NOTIC: [8] Undefined index: vip_zong D:\wamp\www\fenxiao\Application\Runtime\Cache\Admin\6ea7a0a1d02c4f8c43d608118ef245f9.php 第 685 行.
NOTIC: [8] Use of undefined constant id - assumed 'id' D:\wamp\www\fenxiao\Application\Runtime\Cache\Admin\6ea7a0a1d02c4f8c43d608118ef245f9.php 第 677 行.
SQL: SELECT `username` FROM `fen_member` WHERE `id` = 10 LIMIT 1   [ RunTime:0.0000s ]
SQL: SELECT `level` FROM `fen_member` WHERE `id` = 10 LIMIT 1   [ RunTime:0.0000s ]
SQL: SELECT `name` FROM `fen_member_data` WHERE `member_id` = 14 LIMIT 1   [ RunTime:0.0000s ]
SQL: SELECT `sex` FROM `fen_member_data` WHERE `member_id` = 14 LIMIT 1   [ RunTime:0.0010s ]
SQL: SELECT `phone` FROM `fen_member_data` WHERE `member_id` = 14 LIMIT 1   [ RunTime:0.0000s ]
NOTIC: [8] Undefined index: vip_zong D:\wamp\www\fenxiao\Application\Runtime\Cache\Admin\6ea7a0a1d02c4f8c43d608118ef245f9.php 第 685 行.
NOTIC: [8] Use of undefined constant id - assumed 'id' D:\wamp\www\fenxiao\Application\Runtime\Cache\Admin\6ea7a0a1d02c4f8c43d608118ef245f9.php 第 677 行.
SQL: SELECT `username` FROM `fen_member` WHERE `id` = 1 LIMIT 1   [ RunTime:0.0000s ]
SQL: SELECT `level` FROM `fen_member` WHERE `id` = 1 LIMIT 1   [ RunTime:0.0000s ]
SQL: SELECT `name` FROM `fen_member_data` WHERE `member_id` = 11 LIMIT 1   [ RunTime:0.0000s ]
SQL: SELECT `sex` FROM `fen_member_data` WHERE `member_id` = 11 LIMIT 1   [ RunTime:0.0010s ]
SQL: SELECT `phone` FROM `fen_member_data` WHERE `member_id` = 11 LIMIT 1   [ RunTime:0.0000s ]
NOTIC: [8] Undefined index: vip_zong D:\wamp\www\fenxiao\Application\Runtime\Cache\Admin\6ea7a0a1d02c4f8c43d608118ef245f9.php 第 685 行.
NOTIC: [8] Use of undefined constant id - assumed 'id' D:\wamp\www\fenxiao\Application\Runtime\Cache\Admin\6ea7a0a1d02c4f8c43d608118ef245f9.php 第 677 行.
SQL: SELECT `username` FROM `fen_member` WHERE `id` = 1 LIMIT 1   [ RunTime:0.0000s ]
SQL: SELECT `level` FROM `fen_member` WHERE `id` = 1 LIMIT 1   [ RunTime:0.0000s ]
SQL: SELECT `name` FROM `fen_member_data` WHERE `member_id` = 10 LIMIT 1   [ RunTime:0.0000s ]
SQL: SELECT `sex` FROM `fen_member_data` WHERE `member_id` = 10 LIMIT 1   [ RunTime:0.0010s ]
SQL: SELECT `phone` FROM `fen_member_data` WHERE `member_id` = 10 LIMIT 1   [ RunTime:0.0000s ]
NOTIC: [8] Undefined index: vip_zong D:\wamp\www\fenxiao\Application\Runtime\Cache\Admin\6ea7a0a1d02c4f8c43d608118ef245f9.php 第 685 行.
NOTIC: [8] Use of undefined constant id - assumed 'id' D:\wamp\www\fenxiao\Application\Runtime\Cache\Admin\6ea7a0a1d02c4f8c43d608118ef245f9.php 第 677 行.
SQL: SELECT `username` FROM `fen_member` WHERE `id` = 4 LIMIT 1   [ RunTime:0.0010s ]
SQL: SELECT `level` FROM `fen_member` WHERE `id` = 4 LIMIT 1   [ RunTime:0.0000s ]
SQL: SELECT `name` FROM `fen_member_data` WHERE `member_id` = 6 LIMIT 1   [ RunTime:0.0000s ]
SQL: SELECT `sex` FROM `fen_member_data` WHERE `member_id` = 6 LIMIT 1   [ RunTime:0.0000s ]
SQL: SELECT `phone` FROM `fen_member_data` WHERE `member_id` = 6 LIMIT 1   [ RunTime:0.0010s ]
NOTIC: [8] Undefined index: vip_zong D:\wamp\www\fenxiao\Application\Runtime\Cache\Admin\6ea7a0a1d02c4f8c43d608118ef245f9.php 第 685 行.
NOTIC: [8] Use of undefined constant id - assumed 'id' D:\wamp\www\fenxiao\Application\Runtime\Cache\Admin\6ea7a0a1d02c4f8c43d608118ef245f9.php 第 677 行.
SQL: SELECT `username` FROM `fen_member` WHERE `id` = 6 LIMIT 1   [ RunTime:0.0010s ]
SQL: SELECT `level` FROM `fen_member` WHERE `id` = 6 LIMIT 1   [ RunTime:0.0000s ]
SQL: SELECT `name` FROM `fen_member_data` WHERE `member_id` = 5 LIMIT 1   [ RunTime:0.0000s ]
SQL: SELECT `sex` FROM `fen_member_data` WHERE `member_id` = 5 LIMIT 1   [ RunTime:0.0000s ]
SQL: SELECT `phone` FROM `fen_member_data` WHERE `member_id` = 5 LIMIT 1   [ RunTime:0.0010s ]
NOTIC: [8] Undefined index: vip_zong D:\wamp\www\fenxiao\Application\Runtime\Cache\Admin\6ea7a0a1d02c4f8c43d608118ef245f9.php 第 685 行.
INFO: Run Behavior\ParseTemplateBehavior [ RunTime:0.063004s ]
INFO: [ view_parse ] --END-- [ RunTime:0.063004s ]
INFO: [ view_filter ] --START--
INFO: Run Behavior\WriteHtmlCacheBehavior [ RunTime:0.001000s ]
INFO: [ view_filter ] --END-- [ RunTime:0.001000s ]
INFO: [ app_end ] --START--
INFO: Run Behavior\ShowPageTraceBehavior [ RunTime:0.002000s ]
INFO: [ app_end ] --END-- [ RunTime:0.002000s ]

[ 2018-05-19T16:24:10+08:00 ] 127.0.0.1 /index.php/Admin/member/index
INFO: [ app_init ] --START--
INFO: Run Behavior\BuildLiteBehavior [ RunTime:0.000000s ]
INFO: [ app_init ] --END-- [ RunTime:0.001000s ]
INFO: [ app_begin ] --START--
INFO: Run Behavior\ReadHtmlCacheBehavior [ RunTime:0.002001s ]
INFO: [ app_begin ] --END-- [ RunTime:0.002001s ]
SQL: SHOW COLUMNS FROM `fen_member` [ RunTime:0.0060s ]
SQL: SELECT COUNT(*) AS tp_count FROM `fen_member` WHERE `level` = 0 LIMIT 1   [ RunTime:0.0000s ]
NOTIC: [8] Undefined index: p D:\wamp\www\fenxiao\Application\Admin\Controller\MemberController.class.php 第 12 行.
SQL: SELECT * FROM `fen_member` WHERE `level` = 0 ORDER BY id desc LIMIT 0,20   [ RunTime:0.0010s ]
INFO: [ view_parse ] --START--
INFO: [ template_filter ] --START--
INFO: Run Behavior\ContentReplaceBehavior [ RunTime:0.000000s ]
INFO: [ template_filter ] --END-- [ RunTime:0.000000s ]
NOTIC: [8] Undefined variable: vo D:\wamp\www\fenxiao\Application\Runtime\Cache\Admin\cd4483014f2e11fff8848d4b0b1995b7.php 第 643 行.
NOTIC: [8] Use of undefined constant id - assumed 'id' D:\wamp\www\fenxiao\Application\Runtime\Cache\Admin\cd4483014f2e11fff8848d4b0b1995b7.php 第 685 行.
SQL: SELECT `username` FROM `fen_member` WHERE `id` = 0 LIMIT 1   [ RunTime:0.0010s ]
SQL: SELECT `level` FROM `fen_member` WHERE `id` = 0 LIMIT 1   [ RunTime:0.0010s ]
SQL: SHOW COLUMNS FROM `fen_member_data` [ RunTime:0.0070s ]
SQL: SELECT `name` FROM `fen_member_data` WHERE `member_id` = 17 LIMIT 1   [ RunTime:0.0000s ]
SQL: SELECT `sex` FROM `fen_member_data` WHERE `member_id` = 17 LIMIT 1   [ RunTime:0.0030s ]
SQL: SELECT `phone` FROM `fen_member_data` WHERE `member_id` = 17 LIMIT 1   [ RunTime:0.0010s ]
NOTIC: [8] Use of undefined constant id - assumed 'id' D:\wamp\www\fenxiao\Application\Runtime\Cache\Admin\cd4483014f2e11fff8848d4b0b1995b7.php 第 685 行.
SQL: SELECT `username` FROM `fen_member` WHERE `id` = 0 LIMIT 1   [ RunTime:0.0000s ]
SQL: SELECT `level` FROM `fen_member` WHERE `id` = 0 LIMIT 1   [ RunTime:0.0000s ]
SQL: SELECT `name` FROM `fen_member_data` WHERE `member_id` = 16 LIMIT 1   [ RunTime:0.0000s ]
SQL: SELECT `sex` FROM `fen_member_data` WHERE `member_id` = 16 LIMIT 1   [ RunTime:0.0000s ]
SQL: SELECT `phone` FROM `fen_member_data` WHERE `member_id` = 16 LIMIT 1   [ RunTime:0.0000s ]
NOTIC: [8] Use of undefined constant id - assumed 'id' D:\wamp\www\fenxiao\Application\Runtime\Cache\Admin\cd4483014f2e11fff8848d4b0b1995b7.php 第 685 行.
SQL: SELECT `username` FROM `fen_member` WHERE `id` = 1 LIMIT 1   [ RunTime:0.0010s ]
SQL: SELECT `level` FROM `fen_member` WHERE `id` = 1 LIMIT 1   [ RunTime:0.0010s ]
SQL: SELECT `name` FROM `fen_member_data` WHERE `member_id` = 9 LIMIT 1   [ RunTime:0.0000s ]
SQL: SELECT `sex` FROM `fen_member_data` WHERE `member_id` = 9 LIMIT 1   [ RunTime:0.0010s ]
SQL: SELECT `phone` FROM `fen_member_data` WHERE `member_id` = 9 LIMIT 1   [ RunTime:0.0010s ]
NOTIC: [8] Use of undefined constant id - assumed 'id' D:\wamp\www\fenxiao\Application\Runtime\Cache\Admin\cd4483014f2e11fff8848d4b0b1995b7.php 第 685 行.
SQL: SELECT `username` FROM `fen_member` WHERE `id` = 0 LIMIT 1   [ RunTime:0.0000s ]
SQL: SELECT `level` FROM `fen_member` WHERE `id` = 0 LIMIT 1   [ RunTime:0.0000s ]
SQL: SELECT `name` FROM `fen_member_data` WHERE `member_id` = 7 LIMIT 1   [ RunTime:0.0000s ]
SQL: SELECT `sex` FROM `fen_member_data` WHERE `member_id` = 7 LIMIT 1   [ RunTime:0.0000s ]
SQL: SELECT `phone` FROM `fen_member_data` WHERE `member_id` = 7 LIMIT 1   [ RunTime:0.0000s ]
NOTIC: [8] Use of undefined constant id - assumed 'id' D:\wamp\www\fenxiao\Application\Runtime\Cache\Admin\cd4483014f2e11fff8848d4b0b1995b7.php 第 685 行.
SQL: SELECT `username` FROM `fen_member` WHERE `id` = 0 LIMIT 1   [ RunTime:0.0010s ]
SQL: SELECT `level` FROM `fen_member` WHERE `id` = 0 LIMIT 1   [ RunTime:0.0010s ]
SQL: SELECT `name` FROM `fen_member_data` WHERE `member_id` = 1 LIMIT 1   [ RunTime:0.0010s ]
SQL: SELECT `sex` FROM `fen_member_data` WHERE `member_id` = 1 LIMIT 1   [ RunTime:0.0010s ]
SQL: SELECT `phone` FROM `fen_member_data` WHERE `member_id` = 1 LIMIT 1   [ RunTime:0.0000s ]
NOTIC: [8] Undefined variable: tree D:\wamp\www\fenxiao\Application\Runtime\Cache\Admin\cd4483014f2e11fff8848d4b0b1995b7.php 第 869 行.
NOTIC: [8] Undefined variable: tree D:\wamp\www\fenxiao\Application\Runtime\Cache\Admin\cd4483014f2e11fff8848d4b0b1995b7.php 第 869 行.
NOTIC: [8] Undefined variable: tree D:\wamp\www\fenxiao\Application\Runtime\Cache\Admin\cd4483014f2e11fff8848d4b0b1995b7.php 第 869 行.
NOTIC: [8] Undefined variable: tree D:\wamp\www\fenxiao\Application\Runtime\Cache\Admin\cd4483014f2e11fff8848d4b0b1995b7.php 第 869 行.
NOTIC: [8] Undefined variable: tree D:\wamp\www\fenxiao\Application\Runtime\Cache\Admin\cd4483014f2e11fff8848d4b0b1995b7.php 第 869 行.
INFO: Run Behavior\ParseTemplateBehavior [ RunTime:0.080004s ]
INFO: [ view_parse ] --END-- [ RunTime:0.080004s ]
INFO: [ view_filter ] --START--
INFO: Run Behavior\WriteHtmlCacheBehavior [ RunTime:0.001000s ]
INFO: [ view_filter ] --END-- [ RunTime:0.001000s ]
INFO: [ app_end ] --START--
INFO: Run Behavior\ShowPageTraceBehavior [ RunTime:0.003000s ]
INFO: [ app_end ] --END-- [ RunTime:0.003000s ]

[ 2018-05-19T16:24:12+08:00 ] 127.0.0.1 /index.php/Admin/member/vip_index
INFO: [ app_init ] --START--
INFO: Run Behavior\BuildLiteBehavior [ RunTime:0.000000s ]
INFO: [ app_init ] --END-- [ RunTime:0.001000s ]
INFO: [ app_begin ] --START--
INFO: Run Behavior\ReadHtmlCacheBehavior [ RunTime:0.001000s ]
INFO: [ app_begin ] --END-- [ RunTime:0.001000s ]
SQL: SHOW COLUMNS FROM `fen_member` [ RunTime:0.0070s ]
SQL: SELECT COUNT(*) AS tp_count FROM `fen_member` WHERE `level` = 1 LIMIT 1   [ RunTime:0.0010s ]
NOTIC: [8] Undefined index: p D:\wamp\www\fenxiao\Application\Admin\Controller\MemberController.class.php 第 30 行.
SQL: SELECT * FROM `fen_member` WHERE `level` = 1 ORDER BY id desc LIMIT 0,20   [ RunTime:0.0000s ]
INFO: [ view_parse ] --START--
INFO: [ template_filter ] --START--
INFO: Run Behavior\ContentReplaceBehavior [ RunTime:0.000000s ]
INFO: [ template_filter ] --END-- [ RunTime:0.000000s ]
NOTIC: [8] Undefined variable: vo D:\wamp\www\fenxiao\Application\Runtime\Cache\Admin\6ea7a0a1d02c4f8c43d608118ef245f9.php 第 635 行.
NOTIC: [8] Use of undefined constant id - assumed 'id' D:\wamp\www\fenxiao\Application\Runtime\Cache\Admin\6ea7a0a1d02c4f8c43d608118ef245f9.php 第 677 行.
SQL: SELECT `username` FROM `fen_member` WHERE `id` = 11 LIMIT 1   [ RunTime:0.0010s ]
SQL: SELECT `level` FROM `fen_member` WHERE `id` = 11 LIMIT 1   [ RunTime:0.0000s ]
SQL: SHOW COLUMNS FROM `fen_member_data` [ RunTime:0.0070s ]
SQL: SELECT `name` FROM `fen_member_data` WHERE `member_id` = 15 LIMIT 1   [ RunTime:0.0000s ]
SQL: SELECT `sex` FROM `fen_member_data` WHERE `member_id` = 15 LIMIT 1   [ RunTime:0.0010s ]
SQL: SELECT `phone` FROM `fen_member_data` WHERE `member_id` = 15 LIMIT 1   [ RunTime:0.0010s ]
NOTIC: [8] Undefined index: vip_zong D:\wamp\www\fenxiao\Application\Runtime\Cache\Admin\6ea7a0a1d02c4f8c43d608118ef245f9.php 第 685 行.
NOTIC: [8] Use of undefined constant id - assumed 'id' D:\wamp\www\fenxiao\Application\Runtime\Cache\Admin\6ea7a0a1d02c4f8c43d608118ef245f9.php 第 677 行.
SQL: SELECT `username` FROM `fen_member` WHERE `id` = 10 LIMIT 1   [ RunTime:0.0000s ]
SQL: SELECT `level` FROM `fen_member` WHERE `id` = 10 LIMIT 1   [ RunTime:0.0000s ]
SQL: SELECT `name` FROM `fen_member_data` WHERE `member_id` = 14 LIMIT 1   [ RunTime:0.0000s ]
SQL: SELECT `sex` FROM `fen_member_data` WHERE `member_id` = 14 LIMIT 1   [ RunTime:0.0000s ]
SQL: SELECT `phone` FROM `fen_member_data` WHERE `member_id` = 14 LIMIT 1   [ RunTime:0.0000s ]
NOTIC: [8] Undefined index: vip_zong D:\wamp\www\fenxiao\Application\Runtime\Cache\Admin\6ea7a0a1d02c4f8c43d608118ef245f9.php 第 685 行.
NOTIC: [8] Use of undefined constant id - assumed 'id' D:\wamp\www\fenxiao\Application\Runtime\Cache\Admin\6ea7a0a1d02c4f8c43d608118ef245f9.php 第 677 行.
SQL: SELECT `username` FROM `fen_member` WHERE `id` = 1 LIMIT 1   [ RunTime:0.0000s ]
SQL: SELECT `level` FROM `fen_member` WHERE `id` = 1 LIMIT 1   [ RunTime:0.0010s ]
SQL: SELECT `name` FROM `fen_member_data` WHERE `member_id` = 11 LIMIT 1   [ RunTime:0.0010s ]
SQL: SELECT `sex` FROM `fen_member_data` WHERE `member_id` = 11 LIMIT 1   [ RunTime:0.0000s ]
SQL: SELECT `phone` FROM `fen_member_data` WHERE `member_id` = 11 LIMIT 1   [ RunTime:0.0010s ]
NOTIC: [8] Undefined index: vip_zong D:\wamp\www\fenxiao\Application\Runtime\Cache\Admin\6ea7a0a1d02c4f8c43d608118ef245f9.php 第 685 行.
NOTIC: [8] Use of undefined constant id - assumed 'id' D:\wamp\www\fenxiao\Application\Runtime\Cache\Admin\6ea7a0a1d02c4f8c43d608118ef245f9.php 第 677 行.
SQL: SELECT `username` FROM `fen_member` WHERE `id` = 1 LIMIT 1   [ RunTime:0.0010s ]
SQL: SELECT `level` FROM `fen_member` WHERE `id` = 1 LIMIT 1   [ RunTime:0.0000s ]
SQL: SELECT `name` FROM `fen_member_data` WHERE `member_id` = 10 LIMIT 1   [ RunTime:0.0000s ]
SQL: SELECT `sex` FROM `fen_member_data` WHERE `member_id` = 10 LIMIT 1   [ RunTime:0.0000s ]
SQL: SELECT `phone` FROM `fen_member_data` WHERE `member_id` = 10 LIMIT 1   [ RunTime:0.0000s ]
NOTIC: [8] Undefined index: vip_zong D:\wamp\www\fenxiao\Application\Runtime\Cache\Admin\6ea7a0a1d02c4f8c43d608118ef245f9.php 第 685 行.
NOTIC: [8] Use of undefined constant id - assumed 'id' D:\wamp\www\fenxiao\Application\Runtime\Cache\Admin\6ea7a0a1d02c4f8c43d608118ef245f9.php 第 677 行.
SQL: SELECT `username` FROM `fen_member` WHERE `id` = 4 LIMIT 1   [ RunTime:0.0010s ]
SQL: SELECT `level` FROM `fen_member` WHERE `id` = 4 LIMIT 1   [ RunTime:0.0010s ]
SQL: SELECT `name` FROM `fen_member_data` WHERE `member_id` = 6 LIMIT 1   [ RunTime:0.0030s ]
SQL: SELECT `sex` FROM `fen_member_data` WHERE `member_id` = 6 LIMIT 1   [ RunTime:0.0000s ]
SQL: SELECT `phone` FROM `fen_member_data` WHERE `member_id` = 6 LIMIT 1   [ RunTime:0.0000s ]
NOTIC: [8] Undefined index: vip_zong D:\wamp\www\fenxiao\Application\Runtime\Cache\Admin\6ea7a0a1d02c4f8c43d608118ef245f9.php 第 685 行.
NOTIC: [8] Use of undefined constant id - assumed 'id' D:\wamp\www\fenxiao\Application\Runtime\Cache\Admin\6ea7a0a1d02c4f8c43d608118ef245f9.php 第 677 行.
SQL: SELECT `username` FROM `fen_member` WHERE `id` = 6 LIMIT 1   [ RunTime:0.0010s ]
SQL: SELECT `level` FROM `fen_member` WHERE `id` = 6 LIMIT 1   [ RunTime:0.0010s ]
SQL: SELECT `name` FROM `fen_member_data` WHERE `member_id` = 5 LIMIT 1   [ RunTime:0.0000s ]
SQL: SELECT `sex` FROM `fen_member_data` WHERE `member_id` = 5 LIMIT 1   [ RunTime:0.0000s ]
SQL: SELECT `phone` FROM `fen_member_data` WHERE `member_id` = 5 LIMIT 1   [ RunTime:0.0000s ]
NOTIC: [8] Undefined index: vip_zong D:\wamp\www\fenxiao\Application\Runtime\Cache\Admin\6ea7a0a1d02c4f8c43d608118ef245f9.php 第 685 行.
INFO: Run Behavior\ParseTemplateBehavior [ RunTime:0.078004s ]
INFO: [ view_parse ] --END-- [ RunTime:0.078004s ]
INFO: [ view_filter ] --START--
INFO: Run Behavior\WriteHtmlCacheBehavior [ RunTime:0.001000s ]
INFO: [ view_filter ] --END-- [ RunTime:0.001000s ]
INFO: [ app_end ] --START--
INFO: Run Behavior\ShowPageTraceBehavior [ RunTime:0.002000s ]
INFO: [ app_end ] --END-- [ RunTime:0.002000s ]

