[ 2018-06-11T09:44:21+08:00 ] 127.0.0.1 /index.php/admin/login/index
ERR: Cron:cron Runat 2018-06-11 09:44:21 Use 0.021001 s

[ 2018-06-11T09:44:21+08:00 ] 127.0.0.1 /index.php/admin/login/index
INFO: [ app_init ] --START--
INFO: Run Behavior\BuildLiteBehavior [ RunTime:0.000000s ]
INFO: [ app_init ] --END-- [ RunTime:0.001000s ]
INFO: [ app_begin ] --START--
INFO: Run Behavior\ReadHtmlCacheBehavior [ RunTime:0.001000s ]
SQL: SHOW COLUMNS FROM `fen_indent` [ RunTime:0.0070s ]
SQL: SELECT * FROM `fen_indent` WHERE `status` = 2  [ RunTime:0.0000s ]
INFO: Run Behavior\CronRunBehavior [ RunTime:0.027001s ]
INFO: [ app_begin ] --END-- [ RunTime:0.028001s ]
INFO: [ view_parse ] --START--
INFO: [ template_filter ] --START--
INFO: Run Behavior\ContentReplaceBehavior [ RunTime:0.000000s ]
INFO: [ template_filter ] --END-- [ RunTime:0.000000s ]
INFO: Run Behavior\ParseTemplateBehavior [ RunTime:0.010000s ]
INFO: [ view_parse ] --END-- [ RunTime:0.011000s ]
INFO: [ view_filter ] --START--
INFO: Run Behavior\WriteHtmlCacheBehavior [ RunTime:0.001000s ]
INFO: [ view_filter ] --END-- [ RunTime:0.001000s ]
INFO: [ app_end ] --START--
INFO: Run Behavior\ShowPageTraceBehavior [ RunTime:0.001000s ]
INFO: [ app_end ] --END-- [ RunTime:0.001000s ]

[ 2018-06-11T09:44:23+08:00 ] 127.0.0.1 /index.php/Admin/login/verify.html
INFO: [ app_init ] --START--
INFO: Run Behavior\BuildLiteBehavior [ RunTime:0.000000s ]
INFO: [ app_init ] --END-- [ RunTime:0.001000s ]
INFO: [ app_begin ] --START--
INFO: Run Behavior\ReadHtmlCacheBehavior [ RunTime:0.001000s ]
INFO: Run Behavior\CronRunBehavior [ RunTime:0.003001s ]
INFO: [ app_begin ] --END-- [ RunTime:0.004001s ]
INFO: [ app_end ] --START--
INFO: Run Behavior\ShowPageTraceBehavior [ RunTime:0.001000s ]
INFO: [ app_end ] --END-- [ RunTime:0.001000s ]

[ 2018-06-11T09:44:28+08:00 ] 127.0.0.1 /index.php/Admin/Login/index
INFO: [ app_init ] --START--
INFO: Run Behavior\BuildLiteBehavior [ RunTime:0.000000s ]
INFO: [ app_init ] --END-- [ RunTime:0.001000s ]
INFO: [ app_begin ] --START--
INFO: Run Behavior\ReadHtmlCacheBehavior [ RunTime:0.001000s ]
INFO: Run Behavior\CronRunBehavior [ RunTime:0.002000s ]
INFO: [ app_begin ] --END-- [ RunTime:0.004000s ]
SQL: SHOW COLUMNS FROM `fen_admin` [ RunTime:0.0100s ]
SQL: SELECT * FROM `fen_admin` WHERE ( username = "admin1" ) LIMIT 1   [ RunTime:0.0010s ]
NOTIC: [2] Missing argument 3 for show(), called in D:\wamp\www\fenxiao\Application\Admin\Controller\LoginController.class.php on line 30 and defined D:\wamp\www\fenxiao\Application\Admin\Common\function.php 第 12 行.
NOTIC: [8] Undefined variable: data D:\wamp\www\fenxiao\Application\Admin\Common\function.php 第 16 行.

[ 2018-06-11T09:44:28+08:00 ] 127.0.0.1 /index.php/Admin/index/index
INFO: [ app_init ] --START--
INFO: Run Behavior\BuildLiteBehavior [ RunTime:0.000000s ]
INFO: [ app_init ] --END-- [ RunTime:0.003000s ]
INFO: [ app_begin ] --START--
INFO: Run Behavior\ReadHtmlCacheBehavior [ RunTime:0.002000s ]
INFO: Run Behavior\CronRunBehavior [ RunTime:0.007000s ]
INFO: [ app_begin ] --END-- [ RunTime:0.009000s ]
SQL: SHOW COLUMNS FROM `fen_member` [ RunTime:0.0090s ]
SQL: SELECT COUNT(*) AS tp_count FROM `fen_member` WHERE `time` BETWEEN 1528646400 AND 1528732799 LIMIT 1   [ RunTime:0.0010s ]
NOTIC: [8] Undefined variable: zong D:\wamp\www\fenxiao\Application\Admin\Controller\IndexController.class.php 第 19 行.
SQL: SELECT COUNT(*) AS tp_count FROM `fen_member` WHERE `time` BETWEEN 1527782400 AND 1530374399 LIMIT 1   [ RunTime:0.0010s ]
INFO: [ view_parse ] --START--
INFO: [ template_filter ] --START--
INFO: Run Behavior\ContentReplaceBehavior [ RunTime:0.001000s ]
INFO: [ template_filter ] --END-- [ RunTime:0.001000s ]
NOTIC: [8] Undefined variable: area D:\wamp\www\fenxiao\Application\Runtime\Cache\Admin\b595b808c2ebeeeb0478ffc30bb4e87a.php 第 835 行.
NOTIC: [8] Undefined variable: list D:\wamp\www\fenxiao\Application\Runtime\Cache\Admin\b595b808c2ebeeeb0478ffc30bb4e87a.php 第 877 行.
NOTIC: [8] Undefined index: month_money D:\wamp\www\fenxiao\Application\Runtime\Cache\Admin\b595b808c2ebeeeb0478ffc30bb4e87a.php 第 939 行.
NOTIC: [8] Undefined variable: page D:\wamp\www\fenxiao\Application\Runtime\Cache\Admin\b595b808c2ebeeeb0478ffc30bb4e87a.php 第 945 行.
INFO: Run Behavior\ParseTemplateBehavior [ RunTime:0.037002s ]
INFO: [ view_parse ] --END-- [ RunTime:0.037002s ]
INFO: [ view_filter ] --START--
INFO: Run Behavior\WriteHtmlCacheBehavior [ RunTime:0.001000s ]
INFO: [ view_filter ] --END-- [ RunTime:0.001000s ]
INFO: [ app_end ] --START--
INFO: Run Behavior\ShowPageTraceBehavior [ RunTime:0.002000s ]
INFO: [ app_end ] --END-- [ RunTime:0.003000s ]

[ 2018-06-11T09:44:33+08:00 ] 127.0.0.1 /index.php/Admin/product/index
ERR: Cron:cron Runat 2018-06-11 09:44:33 Use 0.038002 s

[ 2018-06-11T09:44:34+08:00 ] 127.0.0.1 /index.php/Admin/product/index
INFO: [ app_init ] --START--
INFO: Run Behavior\BuildLiteBehavior [ RunTime:0.000000s ]
INFO: [ app_init ] --END-- [ RunTime:0.001001s ]
INFO: [ app_begin ] --START--
INFO: Run Behavior\ReadHtmlCacheBehavior [ RunTime:0.001000s ]
SQL: SHOW COLUMNS FROM `fen_indent` [ RunTime:0.0070s ]
SQL: SELECT * FROM `fen_indent` WHERE `status` = 2  [ RunTime:0.0010s ]
INFO: Run Behavior\CronRunBehavior [ RunTime:0.043002s ]
INFO: [ app_begin ] --END-- [ RunTime:0.045002s ]
SQL: SHOW COLUMNS FROM `fen_product` [ RunTime:0.0130s ]
SQL: SELECT COUNT(*) AS tp_count FROM `fen_product` WHERE `status` = 0 LIMIT 1   [ RunTime:0.0010s ]
NOTIC: [8] Undefined index: p D:\wamp\www\fenxiao\Application\Admin\Controller\ProductController.class.php 第 7 行.
SQL: SELECT * FROM `fen_product` WHERE `status` = 0 LIMIT 0,10   [ RunTime:0.0000s ]
INFO: [ view_parse ] --START--
INFO: [ template_filter ] --START--
INFO: Run Behavior\ContentReplaceBehavior [ RunTime:0.001000s ]
INFO: [ template_filter ] --END-- [ RunTime:0.001000s ]
NOTIC: [8] Use of undefined constant id - assumed 'id' D:\wamp\www\fenxiao\Application\Runtime\Cache\Admin\34e4b095905075aaede5ee9039415509.php 第 706 行.
SQL: SHOW COLUMNS FROM `fen_class` [ RunTime:0.0060s ]
SQL: SELECT `class_name` FROM `fen_class` WHERE `id` = 6 LIMIT 1   [ RunTime:0.0010s ]
SQL: SHOW COLUMNS FROM `fen_pinpai` [ RunTime:0.0100s ]
SQL: SELECT `pinpai_name` FROM `fen_pinpai` WHERE `id` = 1 LIMIT 1   [ RunTime:0.0000s ]
NOTIC: [8] Use of undefined constant id - assumed 'id' D:\wamp\www\fenxiao\Application\Runtime\Cache\Admin\34e4b095905075aaede5ee9039415509.php 第 706 行.
SQL: SELECT `class_name` FROM `fen_class` WHERE `id` = 6 LIMIT 1   [ RunTime:0.0000s ]
SQL: SELECT `pinpai_name` FROM `fen_pinpai` WHERE `id` = 1 LIMIT 1   [ RunTime:0.0000s ]
NOTIC: [8] Use of undefined constant id - assumed 'id' D:\wamp\www\fenxiao\Application\Runtime\Cache\Admin\34e4b095905075aaede5ee9039415509.php 第 706 行.
SQL: SELECT `class_name` FROM `fen_class` WHERE `id` = 6 LIMIT 1   [ RunTime:0.0010s ]
SQL: SELECT `pinpai_name` FROM `fen_pinpai` WHERE `id` = 0 LIMIT 1   [ RunTime:0.0010s ]
NOTIC: [8] Use of undefined constant id - assumed 'id' D:\wamp\www\fenxiao\Application\Runtime\Cache\Admin\34e4b095905075aaede5ee9039415509.php 第 706 行.
SQL: SELECT `class_name` FROM `fen_class` WHERE `id` = 7 LIMIT 1   [ RunTime:0.0000s ]
SQL: SELECT `pinpai_name` FROM `fen_pinpai` WHERE `id` = 0 LIMIT 1   [ RunTime:0.0010s ]
NOTIC: [8] Use of undefined constant id - assumed 'id' D:\wamp\www\fenxiao\Application\Runtime\Cache\Admin\34e4b095905075aaede5ee9039415509.php 第 706 行.
SQL: SELECT `class_name` FROM `fen_class` WHERE `id` = 8 LIMIT 1   [ RunTime:0.0010s ]
SQL: SELECT `pinpai_name` FROM `fen_pinpai` WHERE `id` = 0 LIMIT 1   [ RunTime:0.0010s ]
INFO: Run Behavior\ParseTemplateBehavior [ RunTime:0.062003s ]
INFO: [ view_parse ] --END-- [ RunTime:0.062003s ]
INFO: [ view_filter ] --START--
INFO: Run Behavior\WriteHtmlCacheBehavior [ RunTime:0.001000s ]
INFO: [ view_filter ] --END-- [ RunTime:0.001000s ]
INFO: [ app_end ] --START--
INFO: Run Behavior\ShowPageTraceBehavior [ RunTime:0.001000s ]
INFO: [ app_end ] --END-- [ RunTime:0.001000s ]

[ 2018-06-11T09:44:40+08:00 ] 127.0.0.1 /index.php/Admin/Product/edit?id=2
INFO: [ app_init ] --START--
INFO: Run Behavior\BuildLiteBehavior [ RunTime:0.001000s ]
INFO: [ app_init ] --END-- [ RunTime:0.001000s ]
INFO: [ app_begin ] --START--
INFO: Run Behavior\ReadHtmlCacheBehavior [ RunTime:0.001000s ]
INFO: Run Behavior\CronRunBehavior [ RunTime:0.003001s ]
INFO: [ app_begin ] --END-- [ RunTime:0.004001s ]
SQL: SHOW COLUMNS FROM `fen_class` [ RunTime:0.0180s ]
SQL: SELECT * FROM `fen_class`  [ RunTime:0.0010s ]
SQL: SHOW COLUMNS FROM `fen_pinpai` [ RunTime:0.0110s ]
SQL: SELECT * FROM `fen_pinpai`  [ RunTime:0.0010s ]
SQL: SHOW COLUMNS FROM `fen_product` [ RunTime:0.0090s ]
SQL: SELECT * FROM `fen_product` WHERE `id` = 2 LIMIT 1   [ RunTime:0.0030s ]
INFO: [ view_parse ] --START--
INFO: [ template_filter ] --START--
INFO: Run Behavior\ContentReplaceBehavior [ RunTime:0.001000s ]
INFO: [ template_filter ] --END-- [ RunTime:0.001000s ]
NOTIC: [8] Undefined variable: data D:\wamp\www\fenxiao\Application\Runtime\Cache\Admin\b3c4eeadefc336ccc37682b1e72f6690.php 第 681 行.
NOTIC: [8] Undefined variable: data D:\wamp\www\fenxiao\Application\Runtime\Cache\Admin\b3c4eeadefc336ccc37682b1e72f6690.php 第 681 行.
NOTIC: [8] Undefined variable: data D:\wamp\www\fenxiao\Application\Runtime\Cache\Admin\b3c4eeadefc336ccc37682b1e72f6690.php 第 681 行.
NOTIC: [8] Undefined variable: data D:\wamp\www\fenxiao\Application\Runtime\Cache\Admin\b3c4eeadefc336ccc37682b1e72f6690.php 第 681 行.
NOTIC: [8] Undefined variable: data D:\wamp\www\fenxiao\Application\Runtime\Cache\Admin\b3c4eeadefc336ccc37682b1e72f6690.php 第 681 行.
NOTIC: [8] Undefined variable: data D:\wamp\www\fenxiao\Application\Runtime\Cache\Admin\b3c4eeadefc336ccc37682b1e72f6690.php 第 681 行.
NOTIC: [8] Undefined variable: data D:\wamp\www\fenxiao\Application\Runtime\Cache\Admin\b3c4eeadefc336ccc37682b1e72f6690.php 第 681 行.
NOTIC: [8] Undefined variable: data D:\wamp\www\fenxiao\Application\Runtime\Cache\Admin\b3c4eeadefc336ccc37682b1e72f6690.php 第 681 行.
NOTIC: [8] Undefined variable: data D:\wamp\www\fenxiao\Application\Runtime\Cache\Admin\b3c4eeadefc336ccc37682b1e72f6690.php 第 681 行.
NOTIC: [8] Undefined variable: data D:\wamp\www\fenxiao\Application\Runtime\Cache\Admin\b3c4eeadefc336ccc37682b1e72f6690.php 第 692 行.
INFO: Run Behavior\ParseTemplateBehavior [ RunTime:0.027001s ]
INFO: [ view_parse ] --END-- [ RunTime:0.027001s ]
INFO: [ view_filter ] --START--
INFO: Run Behavior\WriteHtmlCacheBehavior [ RunTime:0.001000s ]
INFO: [ view_filter ] --END-- [ RunTime:0.001000s ]
INFO: [ app_end ] --START--
INFO: Run Behavior\ShowPageTraceBehavior [ RunTime:0.001000s ]
INFO: [ app_end ] --END-- [ RunTime:0.002000s ]

[ 2018-06-11T09:44:54+08:00 ] 127.0.0.1 /index.php/Admin/Product/save
ERR: Cron:cron Runat 2018-06-11 09:44:54 Use 0.021002 s

[ 2018-06-11T09:44:54+08:00 ] 127.0.0.1 /index.php/Admin/Product/save
INFO: [ app_init ] --START--
INFO: Run Behavior\BuildLiteBehavior [ RunTime:0.001000s ]
INFO: [ app_init ] --END-- [ RunTime:0.001000s ]
INFO: [ app_begin ] --START--
INFO: Run Behavior\ReadHtmlCacheBehavior [ RunTime:0.001000s ]
SQL: SHOW COLUMNS FROM `fen_indent` [ RunTime:0.0070s ]
SQL: SELECT * FROM `fen_indent` WHERE `status` = 2  [ RunTime:0.0000s ]
INFO: Run Behavior\CronRunBehavior [ RunTime:0.027002s ]
INFO: [ app_begin ] --END-- [ RunTime:0.028002s ]
SQL: SHOW COLUMNS FROM `fen_product` [ RunTime:0.0060s ]
SQL: UPDATE `fen_product` SET `name`='维生素',`class_id`='0',`pinpai_id`='0',`num`='20',`price`='69.90',`size`='B组',`comment`='&lt;p&gt;补充人体维生素&lt;/p&gt;',`picture`='/Public/Uploads/2018-02-27/5a9503661640d.jpg',`picture2`='',`picture3`='',`picture4`='',`picture5`='',`status`='0' WHERE `id` = 2 [ RunTime:0.0090s ]
NOTIC: [2] Missing argument 3 for show(), called in D:\wamp\www\fenxiao\Application\Admin\Controller\ProductController.class.php on line 105 and defined D:\wamp\www\fenxiao\Application\Admin\Common\function.php 第 12 行.
NOTIC: [8] Undefined variable: data D:\wamp\www\fenxiao\Application\Admin\Common\function.php 第 16 行.

[ 2018-06-11T09:44:55+08:00 ] 127.0.0.1 /index.php/Admin/Product/index
INFO: [ app_init ] --START--
INFO: Run Behavior\BuildLiteBehavior [ RunTime:0.000000s ]
INFO: [ app_init ] --END-- [ RunTime:0.001000s ]
INFO: [ app_begin ] --START--
INFO: Run Behavior\ReadHtmlCacheBehavior [ RunTime:0.001000s ]
INFO: Run Behavior\CronRunBehavior [ RunTime:0.005001s ]
INFO: [ app_begin ] --END-- [ RunTime:0.006001s ]
SQL: SHOW COLUMNS FROM `fen_product` [ RunTime:0.0060s ]
SQL: SELECT COUNT(*) AS tp_count FROM `fen_product` WHERE `status` = 0 LIMIT 1   [ RunTime:0.0010s ]
NOTIC: [8] Undefined index: p D:\wamp\www\fenxiao\Application\Admin\Controller\ProductController.class.php 第 7 行.
SQL: SELECT * FROM `fen_product` WHERE `status` = 0 LIMIT 0,10   [ RunTime:0.0010s ]
INFO: [ view_parse ] --START--
INFO: [ template_filter ] --START--
INFO: Run Behavior\ContentReplaceBehavior [ RunTime:0.000000s ]
INFO: [ template_filter ] --END-- [ RunTime:0.000000s ]
NOTIC: [8] Use of undefined constant id - assumed 'id' D:\wamp\www\fenxiao\Application\Runtime\Cache\Admin\34e4b095905075aaede5ee9039415509.php 第 706 行.
SQL: SHOW COLUMNS FROM `fen_class` [ RunTime:0.0060s ]
SQL: SELECT `class_name` FROM `fen_class` WHERE `id` = 0 LIMIT 1   [ RunTime:0.0000s ]
SQL: SHOW COLUMNS FROM `fen_pinpai` [ RunTime:0.0060s ]
SQL: SELECT `pinpai_name` FROM `fen_pinpai` WHERE `id` = 0 LIMIT 1   [ RunTime:0.0000s ]
NOTIC: [8] Use of undefined constant id - assumed 'id' D:\wamp\www\fenxiao\Application\Runtime\Cache\Admin\34e4b095905075aaede5ee9039415509.php 第 706 行.
SQL: SELECT `class_name` FROM `fen_class` WHERE `id` = 6 LIMIT 1   [ RunTime:0.0000s ]
SQL: SELECT `pinpai_name` FROM `fen_pinpai` WHERE `id` = 1 LIMIT 1   [ RunTime:0.0000s ]
NOTIC: [8] Use of undefined constant id - assumed 'id' D:\wamp\www\fenxiao\Application\Runtime\Cache\Admin\34e4b095905075aaede5ee9039415509.php 第 706 行.
SQL: SELECT `class_name` FROM `fen_class` WHERE `id` = 6 LIMIT 1   [ RunTime:0.0000s ]
SQL: SELECT `pinpai_name` FROM `fen_pinpai` WHERE `id` = 0 LIMIT 1   [ RunTime:0.0000s ]
NOTIC: [8] Use of undefined constant id - assumed 'id' D:\wamp\www\fenxiao\Application\Runtime\Cache\Admin\34e4b095905075aaede5ee9039415509.php 第 706 行.
SQL: SELECT `class_name` FROM `fen_class` WHERE `id` = 7 LIMIT 1   [ RunTime:0.0000s ]
SQL: SELECT `pinpai_name` FROM `fen_pinpai` WHERE `id` = 0 LIMIT 1   [ RunTime:0.0000s ]
NOTIC: [8] Use of undefined constant id - assumed 'id' D:\wamp\www\fenxiao\Application\Runtime\Cache\Admin\34e4b095905075aaede5ee9039415509.php 第 706 行.
SQL: SELECT `class_name` FROM `fen_class` WHERE `id` = 8 LIMIT 1   [ RunTime:0.0000s ]
SQL: SELECT `pinpai_name` FROM `fen_pinpai` WHERE `id` = 0 LIMIT 1   [ RunTime:0.0010s ]
INFO: Run Behavior\ParseTemplateBehavior [ RunTime:0.046002s ]
INFO: [ view_parse ] --END-- [ RunTime:0.046002s ]
INFO: [ view_filter ] --START--
INFO: Run Behavior\WriteHtmlCacheBehavior [ RunTime:0.001000s ]
INFO: [ view_filter ] --END-- [ RunTime:0.001000s ]
INFO: [ app_end ] --START--
INFO: Run Behavior\ShowPageTraceBehavior [ RunTime:0.001000s ]
INFO: [ app_end ] --END-- [ RunTime:0.001000s ]

