[ 2018-03-21T13:32:34+08:00 ] 127.0.0.1 /index.php/admin/login/index
INFO: [ app_init ] --START--
INFO: Run Behavior\BuildLiteBehavior [ RunTime:0.001000s ]
INFO: [ app_init ] --END-- [ RunTime:0.001000s ]
INFO: [ app_begin ] --START--
INFO: Run Behavior\ReadHtmlCacheBehavior [ RunTime:0.002000s ]
INFO: [ app_begin ] --END-- [ RunTime:0.002000s ]
INFO: [ view_parse ] --START--
INFO: [ template_filter ] --START--
INFO: Run Behavior\ContentReplaceBehavior [ RunTime:0.000000s ]
INFO: [ template_filter ] --END-- [ RunTime:0.001000s ]
INFO: Run Behavior\ParseTemplateBehavior [ RunTime:0.014000s ]
INFO: [ view_parse ] --END-- [ RunTime:0.015000s ]
INFO: [ view_filter ] --START--
INFO: Run Behavior\WriteHtmlCacheBehavior [ RunTime:0.001000s ]
INFO: [ view_filter ] --END-- [ RunTime:0.001000s ]
INFO: [ app_end ] --START--
INFO: Run Behavior\ShowPageTraceBehavior [ RunTime:0.001000s ]
INFO: [ app_end ] --END-- [ RunTime:0.002001s ]

[ 2018-03-21T13:32:35+08:00 ] 127.0.0.1 /index.php/Admin/login/verify.html
INFO: [ app_init ] --START--
INFO: Run Behavior\BuildLiteBehavior [ RunTime:0.000000s ]
INFO: [ app_init ] --END-- [ RunTime:0.001000s ]
INFO: [ app_begin ] --START--
INFO: Run Behavior\ReadHtmlCacheBehavior [ RunTime:0.002000s ]
INFO: [ app_begin ] --END-- [ RunTime:0.002000s ]
INFO: [ app_end ] --START--
INFO: Run Behavior\ShowPageTraceBehavior [ RunTime:0.003001s ]
INFO: [ app_end ] --END-- [ RunTime:0.003001s ]

[ 2018-03-21T13:32:47+08:00 ] 127.0.0.1 /index.php/Admin/Login/verify/0.6597323501113481
INFO: [ app_init ] --START--
INFO: Run Behavior\BuildLiteBehavior [ RunTime:0.000000s ]
INFO: [ app_init ] --END-- [ RunTime:0.000000s ]
INFO: [ app_begin ] --START--
INFO: Run Behavior\ReadHtmlCacheBehavior [ RunTime:0.001000s ]
INFO: [ app_begin ] --END-- [ RunTime:0.002000s ]
INFO: [ app_end ] --START--
INFO: Run Behavior\ShowPageTraceBehavior [ RunTime:0.001000s ]
INFO: [ app_end ] --END-- [ RunTime:0.001000s ]

[ 2018-03-21T13:32:52+08:00 ] 127.0.0.1 /index.php/Admin/Login/index
INFO: [ app_init ] --START--
INFO: Run Behavior\BuildLiteBehavior [ RunTime:0.000000s ]
INFO: [ app_init ] --END-- [ RunTime:0.001000s ]
INFO: [ app_begin ] --START--
INFO: Run Behavior\ReadHtmlCacheBehavior [ RunTime:0.002000s ]
INFO: [ app_begin ] --END-- [ RunTime:0.002000s ]
SQL: SHOW COLUMNS FROM `fen_admin` [ RunTime:0.0100s ]
SQL: SELECT * FROM `fen_admin` WHERE ( username = "admin" ) LIMIT 1   [ RunTime:0.0010s ]
NOTIC: [2] Missing argument 3 for show(), called in D:\wamp\www\fenxiao\Application\Admin\Controller\LoginController.class.php on line 30 and defined D:\wamp\www\fenxiao\Application\Admin\Common\function.php 第 12 行.
NOTIC: [8] Undefined variable: data D:\wamp\www\fenxiao\Application\Admin\Common\function.php 第 16 行.

[ 2018-03-21T13:32:52+08:00 ] 127.0.0.1 /index.php/Admin/index/index
INFO: [ app_init ] --START--
INFO: Run Behavior\BuildLiteBehavior [ RunTime:0.000000s ]
INFO: [ app_init ] --END-- [ RunTime:0.000000s ]
INFO: [ app_begin ] --START--
INFO: Run Behavior\ReadHtmlCacheBehavior [ RunTime:0.001000s ]
INFO: [ app_begin ] --END-- [ RunTime:0.001000s ]
SQL: SHOW COLUMNS FROM `fen_member` [ RunTime:0.0080s ]
SQL: SELECT COUNT(*) AS tp_count FROM `fen_member` WHERE `time` BETWEEN 1521561600 AND 1521647999 LIMIT 1   [ RunTime:0.0040s ]
SQL: SHOW COLUMNS FROM `fen_indent` [ RunTime:0.0070s ]
SQL: SELECT * FROM `fen_indent` WHERE `time` BETWEEN 1521561600 AND 1521647999  [ RunTime:0.0000s ]
SQL: SELECT COUNT(*) AS tp_count FROM `fen_member` WHERE `time` BETWEEN 1519833600 AND 1522511999 LIMIT 1   [ RunTime:0.0010s ]
SQL: SELECT * FROM `fen_indent` WHERE `time` BETWEEN 1519833600 AND 1522511999  [ RunTime:0.0010s ]
INFO: [ view_parse ] --START--
INFO: [ template_filter ] --START--
INFO: Run Behavior\ContentReplaceBehavior [ RunTime:0.001000s ]
INFO: [ template_filter ] --END-- [ RunTime:0.001000s ]
NOTIC: [8] Undefined variable: area D:\wamp\www\fenxiao\Application\Runtime\Cache\Admin\b595b808c2ebeeeb0478ffc30bb4e87a.php 第 1170 行.
NOTIC: [8] Undefined variable: list D:\wamp\www\fenxiao\Application\Runtime\Cache\Admin\b595b808c2ebeeeb0478ffc30bb4e87a.php 第 1212 行.
NOTIC: [8] Undefined variable: page D:\wamp\www\fenxiao\Application\Runtime\Cache\Admin\b595b808c2ebeeeb0478ffc30bb4e87a.php 第 1280 行.
INFO: Run Behavior\ParseTemplateBehavior [ RunTime:0.034002s ]
INFO: [ view_parse ] --END-- [ RunTime:0.034002s ]
INFO: [ view_filter ] --START--
INFO: Run Behavior\WriteHtmlCacheBehavior [ RunTime:0.001000s ]
INFO: [ view_filter ] --END-- [ RunTime:0.001000s ]
INFO: [ app_end ] --START--
INFO: Run Behavior\ShowPageTraceBehavior [ RunTime:0.001000s ]
INFO: [ app_end ] --END-- [ RunTime:0.002000s ]

[ 2018-03-21T13:32:55+08:00 ] 127.0.0.1 /index.php/Admin/member/index
INFO: [ app_init ] --START--
INFO: Run Behavior\BuildLiteBehavior [ RunTime:0.000000s ]
INFO: [ app_init ] --END-- [ RunTime:0.002000s ]
INFO: [ app_begin ] --START--
INFO: Run Behavior\ReadHtmlCacheBehavior [ RunTime:0.001000s ]
INFO: [ app_begin ] --END-- [ RunTime:0.001000s ]
SQL: SHOW COLUMNS FROM `fen_member` [ RunTime:0.0060s ]
SQL: SELECT COUNT(*) AS tp_count FROM `fen_member` WHERE `level` = 0 LIMIT 1   [ RunTime:0.0000s ]
NOTIC: [8] Undefined index: p D:\wamp\www\fenxiao\Application\Admin\Controller\MemberController.class.php 第 12 行.
SQL: SELECT * FROM `fen_member` WHERE `level` = 0 LIMIT 0,20   [ RunTime:0.0010s ]
INFO: [ view_parse ] --START--
INFO: [ template_filter ] --START--
INFO: Run Behavior\ContentReplaceBehavior [ RunTime:0.001001s ]
INFO: [ template_filter ] --END-- [ RunTime:0.001001s ]
NOTIC: [8] Undefined variable: vo D:\wamp\www\fenxiao\Application\Runtime\Cache\Admin\cd4483014f2e11fff8848d4b0b1995b7.php 第 979 行.
NOTIC: [8] Use of undefined constant id - assumed 'id' D:\wamp\www\fenxiao\Application\Runtime\Cache\Admin\cd4483014f2e11fff8848d4b0b1995b7.php 第 1021 行.
SQL: SELECT `username` FROM `fen_member` WHERE `id` = 0 LIMIT 1   [ RunTime:0.0010s ]
SQL: SELECT `level` FROM `fen_member` WHERE `id` = 0 LIMIT 1   [ RunTime:0.0010s ]
SQL: SHOW COLUMNS FROM `fen_member_data` [ RunTime:0.0070s ]
SQL: SELECT `name` FROM `fen_member_data` WHERE `member_id` = 1 LIMIT 1   [ RunTime:0.0010s ]
SQL: SELECT `sex` FROM `fen_member_data` WHERE `member_id` = 1 LIMIT 1   [ RunTime:0.0010s ]
SQL: SELECT `phone` FROM `fen_member_data` WHERE `member_id` = 1 LIMIT 1   [ RunTime:0.0000s ]
NOTIC: [8] Use of undefined constant id - assumed 'id' D:\wamp\www\fenxiao\Application\Runtime\Cache\Admin\cd4483014f2e11fff8848d4b0b1995b7.php 第 1021 行.
SQL: SELECT `username` FROM `fen_member` WHERE `id` = 0 LIMIT 1   [ RunTime:0.0000s ]
SQL: SELECT `level` FROM `fen_member` WHERE `id` = 0 LIMIT 1   [ RunTime:0.0000s ]
SQL: SELECT `name` FROM `fen_member_data` WHERE `member_id` = 7 LIMIT 1   [ RunTime:0.0010s ]
SQL: SELECT `sex` FROM `fen_member_data` WHERE `member_id` = 7 LIMIT 1   [ RunTime:0.0010s ]
SQL: SELECT `phone` FROM `fen_member_data` WHERE `member_id` = 7 LIMIT 1   [ RunTime:0.0000s ]
NOTIC: [8] Use of undefined constant id - assumed 'id' D:\wamp\www\fenxiao\Application\Runtime\Cache\Admin\cd4483014f2e11fff8848d4b0b1995b7.php 第 1021 行.
SQL: SELECT `username` FROM `fen_member` WHERE `id` = 1 LIMIT 1   [ RunTime:0.0000s ]
SQL: SELECT `level` FROM `fen_member` WHERE `id` = 1 LIMIT 1   [ RunTime:0.0000s ]
SQL: SELECT `name` FROM `fen_member_data` WHERE `member_id` = 9 LIMIT 1   [ RunTime:0.0010s ]
SQL: SELECT `sex` FROM `fen_member_data` WHERE `member_id` = 9 LIMIT 1   [ RunTime:0.0000s ]
SQL: SELECT `phone` FROM `fen_member_data` WHERE `member_id` = 9 LIMIT 1   [ RunTime:0.0010s ]
NOTIC: [8] Use of undefined constant id - assumed 'id' D:\wamp\www\fenxiao\Application\Runtime\Cache\Admin\cd4483014f2e11fff8848d4b0b1995b7.php 第 1021 行.
SQL: SELECT `username` FROM `fen_member` WHERE `id` = 0 LIMIT 1   [ RunTime:0.0010s ]
SQL: SELECT `level` FROM `fen_member` WHERE `id` = 0 LIMIT 1   [ RunTime:0.0000s ]
SQL: SELECT `name` FROM `fen_member_data` WHERE `member_id` = 16 LIMIT 1   [ RunTime:0.0000s ]
SQL: SELECT `sex` FROM `fen_member_data` WHERE `member_id` = 16 LIMIT 1   [ RunTime:0.0000s ]
SQL: SELECT `phone` FROM `fen_member_data` WHERE `member_id` = 16 LIMIT 1   [ RunTime:0.0010s ]
NOTIC: [8] Use of undefined constant id - assumed 'id' D:\wamp\www\fenxiao\Application\Runtime\Cache\Admin\cd4483014f2e11fff8848d4b0b1995b7.php 第 1021 行.
SQL: SELECT `username` FROM `fen_member` WHERE `id` = 0 LIMIT 1   [ RunTime:0.0000s ]
SQL: SELECT `level` FROM `fen_member` WHERE `id` = 0 LIMIT 1   [ RunTime:0.0000s ]
SQL: SELECT `name` FROM `fen_member_data` WHERE `member_id` = 17 LIMIT 1   [ RunTime:0.0010s ]
SQL: SELECT `sex` FROM `fen_member_data` WHERE `member_id` = 17 LIMIT 1   [ RunTime:0.0010s ]
SQL: SELECT `phone` FROM `fen_member_data` WHERE `member_id` = 17 LIMIT 1   [ RunTime:0.0000s ]
NOTIC: [8] Undefined variable: tree D:\wamp\www\fenxiao\Application\Runtime\Cache\Admin\cd4483014f2e11fff8848d4b0b1995b7.php 第 1205 行.
NOTIC: [8] Undefined variable: tree D:\wamp\www\fenxiao\Application\Runtime\Cache\Admin\cd4483014f2e11fff8848d4b0b1995b7.php 第 1205 行.
NOTIC: [8] Undefined variable: tree D:\wamp\www\fenxiao\Application\Runtime\Cache\Admin\cd4483014f2e11fff8848d4b0b1995b7.php 第 1205 行.
NOTIC: [8] Undefined variable: tree D:\wamp\www\fenxiao\Application\Runtime\Cache\Admin\cd4483014f2e11fff8848d4b0b1995b7.php 第 1205 行.
NOTIC: [8] Undefined variable: tree D:\wamp\www\fenxiao\Application\Runtime\Cache\Admin\cd4483014f2e11fff8848d4b0b1995b7.php 第 1205 行.
INFO: Run Behavior\ParseTemplateBehavior [ RunTime:0.059004s ]
INFO: [ view_parse ] --END-- [ RunTime:0.059004s ]
INFO: [ view_filter ] --START--
INFO: Run Behavior\WriteHtmlCacheBehavior [ RunTime:0.001000s ]
INFO: [ view_filter ] --END-- [ RunTime:0.001000s ]
INFO: [ app_end ] --START--
INFO: Run Behavior\ShowPageTraceBehavior [ RunTime:0.001000s ]
INFO: [ app_end ] --END-- [ RunTime:0.001000s ]

[ 2018-03-21T13:33:01+08:00 ] 127.0.0.1 /index.php/Admin/member/vip_index
INFO: [ app_init ] --START--
INFO: Run Behavior\BuildLiteBehavior [ RunTime:0.000000s ]
INFO: [ app_init ] --END-- [ RunTime:0.000000s ]
INFO: [ app_begin ] --START--
INFO: Run Behavior\ReadHtmlCacheBehavior [ RunTime:0.001000s ]
INFO: [ app_begin ] --END-- [ RunTime:0.001000s ]
SQL: SHOW COLUMNS FROM `fen_member` [ RunTime:0.0070s ]
SQL: SELECT COUNT(*) AS tp_count FROM `fen_member` WHERE `level` = 1 LIMIT 1   [ RunTime:0.0000s ]
NOTIC: [8] Undefined index: p D:\wamp\www\fenxiao\Application\Admin\Controller\MemberController.class.php 第 30 行.
SQL: SELECT * FROM `fen_member` WHERE `level` = 1 LIMIT 0,20   [ RunTime:0.0000s ]
INFO: [ view_parse ] --START--
INFO: [ template_filter ] --START--
INFO: Run Behavior\ContentReplaceBehavior [ RunTime:0.000000s ]
INFO: [ template_filter ] --END-- [ RunTime:0.000000s ]
NOTIC: [8] Undefined variable: vo D:\wamp\www\fenxiao\Application\Runtime\Cache\Admin\6ea7a0a1d02c4f8c43d608118ef245f9.php 第 971 行.
NOTIC: [8] Use of undefined constant id - assumed 'id' D:\wamp\www\fenxiao\Application\Runtime\Cache\Admin\6ea7a0a1d02c4f8c43d608118ef245f9.php 第 1012 行.
SQL: SELECT `username` FROM `fen_member` WHERE `id` = 6 LIMIT 1   [ RunTime:0.0010s ]
SQL: SELECT `level` FROM `fen_member` WHERE `id` = 6 LIMIT 1   [ RunTime:0.0000s ]
SQL: SHOW COLUMNS FROM `fen_member_data` [ RunTime:0.0060s ]
SQL: SELECT `name` FROM `fen_member_data` WHERE `member_id` = 5 LIMIT 1   [ RunTime:0.0000s ]
SQL: SELECT `sex` FROM `fen_member_data` WHERE `member_id` = 5 LIMIT 1   [ RunTime:0.0010s ]
SQL: SELECT `phone` FROM `fen_member_data` WHERE `member_id` = 5 LIMIT 1   [ RunTime:0.0000s ]
NOTIC: [8] Use of undefined constant id - assumed 'id' D:\wamp\www\fenxiao\Application\Runtime\Cache\Admin\6ea7a0a1d02c4f8c43d608118ef245f9.php 第 1012 行.
SQL: SELECT `username` FROM `fen_member` WHERE `id` = 4 LIMIT 1   [ RunTime:0.0010s ]
SQL: SELECT `level` FROM `fen_member` WHERE `id` = 4 LIMIT 1   [ RunTime:0.0010s ]
SQL: SELECT `name` FROM `fen_member_data` WHERE `member_id` = 6 LIMIT 1   [ RunTime:0.0000s ]
SQL: SELECT `sex` FROM `fen_member_data` WHERE `member_id` = 6 LIMIT 1   [ RunTime:0.0000s ]
SQL: SELECT `phone` FROM `fen_member_data` WHERE `member_id` = 6 LIMIT 1   [ RunTime:0.0000s ]
NOTIC: [8] Use of undefined constant id - assumed 'id' D:\wamp\www\fenxiao\Application\Runtime\Cache\Admin\6ea7a0a1d02c4f8c43d608118ef245f9.php 第 1012 行.
SQL: SELECT `username` FROM `fen_member` WHERE `id` = 1 LIMIT 1   [ RunTime:0.0010s ]
SQL: SELECT `level` FROM `fen_member` WHERE `id` = 1 LIMIT 1   [ RunTime:0.0010s ]
SQL: SELECT `name` FROM `fen_member_data` WHERE `member_id` = 10 LIMIT 1   [ RunTime:0.0000s ]
SQL: SELECT `sex` FROM `fen_member_data` WHERE `member_id` = 10 LIMIT 1   [ RunTime:0.0000s ]
SQL: SELECT `phone` FROM `fen_member_data` WHERE `member_id` = 10 LIMIT 1   [ RunTime:0.0010s ]
NOTIC: [8] Use of undefined constant id - assumed 'id' D:\wamp\www\fenxiao\Application\Runtime\Cache\Admin\6ea7a0a1d02c4f8c43d608118ef245f9.php 第 1012 行.
SQL: SELECT `username` FROM `fen_member` WHERE `id` = 1 LIMIT 1   [ RunTime:0.0010s ]
SQL: SELECT `level` FROM `fen_member` WHERE `id` = 1 LIMIT 1   [ RunTime:0.0000s ]
SQL: SELECT `name` FROM `fen_member_data` WHERE `member_id` = 11 LIMIT 1   [ RunTime:0.0000s ]
SQL: SELECT `sex` FROM `fen_member_data` WHERE `member_id` = 11 LIMIT 1   [ RunTime:0.0010s ]
SQL: SELECT `phone` FROM `fen_member_data` WHERE `member_id` = 11 LIMIT 1   [ RunTime:0.0000s ]
NOTIC: [8] Use of undefined constant id - assumed 'id' D:\wamp\www\fenxiao\Application\Runtime\Cache\Admin\6ea7a0a1d02c4f8c43d608118ef245f9.php 第 1012 行.
SQL: SELECT `username` FROM `fen_member` WHERE `id` = 10 LIMIT 1   [ RunTime:0.0000s ]
SQL: SELECT `level` FROM `fen_member` WHERE `id` = 10 LIMIT 1   [ RunTime:0.0010s ]
SQL: SELECT `name` FROM `fen_member_data` WHERE `member_id` = 14 LIMIT 1   [ RunTime:0.0010s ]
SQL: SELECT `sex` FROM `fen_member_data` WHERE `member_id` = 14 LIMIT 1   [ RunTime:0.0010s ]
SQL: SELECT `phone` FROM `fen_member_data` WHERE `member_id` = 14 LIMIT 1   [ RunTime:0.0010s ]
NOTIC: [8] Use of undefined constant id - assumed 'id' D:\wamp\www\fenxiao\Application\Runtime\Cache\Admin\6ea7a0a1d02c4f8c43d608118ef245f9.php 第 1012 行.
SQL: SELECT `username` FROM `fen_member` WHERE `id` = 11 LIMIT 1   [ RunTime:0.0000s ]
SQL: SELECT `level` FROM `fen_member` WHERE `id` = 11 LIMIT 1   [ RunTime:0.0000s ]
SQL: SELECT `name` FROM `fen_member_data` WHERE `member_id` = 15 LIMIT 1   [ RunTime:0.0000s ]
SQL: SELECT `sex` FROM `fen_member_data` WHERE `member_id` = 15 LIMIT 1   [ RunTime:0.0000s ]
SQL: SELECT `phone` FROM `fen_member_data` WHERE `member_id` = 15 LIMIT 1   [ RunTime:0.0010s ]
INFO: Run Behavior\ParseTemplateBehavior [ RunTime:0.061003s ]
INFO: [ view_parse ] --END-- [ RunTime:0.061003s ]
INFO: [ view_filter ] --START--
INFO: Run Behavior\WriteHtmlCacheBehavior [ RunTime:0.001000s ]
INFO: [ view_filter ] --END-- [ RunTime:0.001000s ]
INFO: [ app_end ] --START--
INFO: Run Behavior\ShowPageTraceBehavior [ RunTime:0.001001s ]
INFO: [ app_end ] --END-- [ RunTime:0.001001s ]

[ 2018-03-21T13:34:45+08:00 ] 127.0.0.1 /index.php/Admin/member/vip_index
INFO: [ app_init ] --START--
INFO: Run Behavior\BuildLiteBehavior [ RunTime:0.000000s ]
INFO: [ app_init ] --END-- [ RunTime:0.001000s ]
INFO: [ app_begin ] --START--
INFO: Run Behavior\ReadHtmlCacheBehavior [ RunTime:0.001000s ]
INFO: [ app_begin ] --END-- [ RunTime:0.002000s ]
SQL: SHOW COLUMNS FROM `fen_member` [ RunTime:0.0050s ]
SQL: SELECT COUNT(*) AS tp_count FROM `fen_member` WHERE `level` = 1 LIMIT 1   [ RunTime:0.0010s ]
NOTIC: [8] Undefined index: p D:\wamp\www\fenxiao\Application\Admin\Controller\MemberController.class.php 第 30 行.
SQL: SELECT * FROM `fen_member` WHERE `level` = 1 LIMIT 0,20   [ RunTime:0.0000s ]
INFO: [ view_parse ] --START--
INFO: [ template_filter ] --START--
INFO: Run Behavior\ContentReplaceBehavior [ RunTime:0.001000s ]
INFO: [ template_filter ] --END-- [ RunTime:0.001000s ]
NOTIC: [8] Undefined variable: vo D:\wamp\www\fenxiao\Application\Runtime\Cache\Admin\6ea7a0a1d02c4f8c43d608118ef245f9.php 第 971 行.
NOTIC: [8] Use of undefined constant id - assumed 'id' D:\wamp\www\fenxiao\Application\Runtime\Cache\Admin\6ea7a0a1d02c4f8c43d608118ef245f9.php 第 1013 行.
SQL: SELECT `username` FROM `fen_member` WHERE `id` = 6 LIMIT 1   [ RunTime:0.0000s ]
SQL: SELECT `level` FROM `fen_member` WHERE `id` = 6 LIMIT 1   [ RunTime:0.0000s ]
SQL: SHOW COLUMNS FROM `fen_member_data` [ RunTime:0.0060s ]
SQL: SELECT `name` FROM `fen_member_data` WHERE `member_id` = 5 LIMIT 1   [ RunTime:0.0010s ]
SQL: SELECT `sex` FROM `fen_member_data` WHERE `member_id` = 5 LIMIT 1   [ RunTime:0.0000s ]
SQL: SELECT `phone` FROM `fen_member_data` WHERE `member_id` = 5 LIMIT 1   [ RunTime:0.0000s ]

[ 2018-03-21T13:35:00+08:00 ] 127.0.0.1 /index.php/Admin/member/vip_index
INFO: [ app_init ] --START--
INFO: Run Behavior\BuildLiteBehavior [ RunTime:0.000000s ]
INFO: [ app_init ] --END-- [ RunTime:0.000000s ]
INFO: [ app_begin ] --START--
INFO: Run Behavior\ReadHtmlCacheBehavior [ RunTime:0.001000s ]
INFO: [ app_begin ] --END-- [ RunTime:0.002000s ]
SQL: SHOW COLUMNS FROM `fen_member` [ RunTime:0.0070s ]
SQL: SELECT COUNT(*) AS tp_count FROM `fen_member` WHERE `level` = 1 LIMIT 1   [ RunTime:0.0010s ]
NOTIC: [8] Undefined index: p D:\wamp\www\fenxiao\Application\Admin\Controller\MemberController.class.php 第 30 行.
SQL: SELECT * FROM `fen_member` WHERE `level` = 1 LIMIT 0,20   [ RunTime:0.0010s ]
INFO: [ view_parse ] --START--
INFO: [ template_filter ] --START--
INFO: Run Behavior\ContentReplaceBehavior [ RunTime:0.000000s ]
INFO: [ template_filter ] --END-- [ RunTime:0.001000s ]
NOTIC: [8] Undefined variable: vo D:\wamp\www\fenxiao\Application\Runtime\Cache\Admin\6ea7a0a1d02c4f8c43d608118ef245f9.php 第 971 行.
NOTIC: [8] Use of undefined constant id - assumed 'id' D:\wamp\www\fenxiao\Application\Runtime\Cache\Admin\6ea7a0a1d02c4f8c43d608118ef245f9.php 第 1013 行.
SQL: SELECT `username` FROM `fen_member` WHERE `id` = 6 LIMIT 1   [ RunTime:0.0010s ]
SQL: SELECT `level` FROM `fen_member` WHERE `id` = 6 LIMIT 1   [ RunTime:0.0010s ]
SQL: SHOW COLUMNS FROM `fen_member_data` [ RunTime:0.0080s ]
SQL: SELECT `name` FROM `fen_member_data` WHERE `member_id` = 5 LIMIT 1   [ RunTime:0.0000s ]
SQL: SELECT `sex` FROM `fen_member_data` WHERE `member_id` = 5 LIMIT 1   [ RunTime:0.0000s ]
SQL: SELECT `phone` FROM `fen_member_data` WHERE `member_id` = 5 LIMIT 1   [ RunTime:0.0010s ]
NOTIC: [8] Use of undefined constant id - assumed 'id' D:\wamp\www\fenxiao\Application\Runtime\Cache\Admin\6ea7a0a1d02c4f8c43d608118ef245f9.php 第 1013 行.
SQL: SELECT `username` FROM `fen_member` WHERE `id` = 4 LIMIT 1   [ RunTime:0.0000s ]
SQL: SELECT `level` FROM `fen_member` WHERE `id` = 4 LIMIT 1   [ RunTime:0.0000s ]
SQL: SELECT `name` FROM `fen_member_data` WHERE `member_id` = 6 LIMIT 1   [ RunTime:0.0000s ]
SQL: SELECT `sex` FROM `fen_member_data` WHERE `member_id` = 6 LIMIT 1   [ RunTime:0.0010s ]
SQL: SELECT `phone` FROM `fen_member_data` WHERE `member_id` = 6 LIMIT 1   [ RunTime:0.0010s ]
NOTIC: [8] Use of undefined constant id - assumed 'id' D:\wamp\www\fenxiao\Application\Runtime\Cache\Admin\6ea7a0a1d02c4f8c43d608118ef245f9.php 第 1013 行.
SQL: SELECT `username` FROM `fen_member` WHERE `id` = 1 LIMIT 1   [ RunTime:0.0000s ]
SQL: SELECT `level` FROM `fen_member` WHERE `id` = 1 LIMIT 1   [ RunTime:0.0000s ]
SQL: SELECT `name` FROM `fen_member_data` WHERE `member_id` = 10 LIMIT 1   [ RunTime:0.0000s ]
SQL: SELECT `sex` FROM `fen_member_data` WHERE `member_id` = 10 LIMIT 1   [ RunTime:0.0010s ]
SQL: SELECT `phone` FROM `fen_member_data` WHERE `member_id` = 10 LIMIT 1   [ RunTime:0.0010s ]
NOTIC: [8] Use of undefined constant id - assumed 'id' D:\wamp\www\fenxiao\Application\Runtime\Cache\Admin\6ea7a0a1d02c4f8c43d608118ef245f9.php 第 1013 行.
SQL: SELECT `username` FROM `fen_member` WHERE `id` = 1 LIMIT 1   [ RunTime:0.0000s ]
SQL: SELECT `level` FROM `fen_member` WHERE `id` = 1 LIMIT 1   [ RunTime:0.0000s ]
SQL: SELECT `name` FROM `fen_member_data` WHERE `member_id` = 11 LIMIT 1   [ RunTime:0.0000s ]
SQL: SELECT `sex` FROM `fen_member_data` WHERE `member_id` = 11 LIMIT 1   [ RunTime:0.0000s ]
SQL: SELECT `phone` FROM `fen_member_data` WHERE `member_id` = 11 LIMIT 1   [ RunTime:0.0000s ]
NOTIC: [8] Use of undefined constant id - assumed 'id' D:\wamp\www\fenxiao\Application\Runtime\Cache\Admin\6ea7a0a1d02c4f8c43d608118ef245f9.php 第 1013 行.
SQL: SELECT `username` FROM `fen_member` WHERE `id` = 10 LIMIT 1   [ RunTime:0.0010s ]
SQL: SELECT `level` FROM `fen_member` WHERE `id` = 10 LIMIT 1   [ RunTime:0.0000s ]
SQL: SELECT `name` FROM `fen_member_data` WHERE `member_id` = 14 LIMIT 1   [ RunTime:0.0010s ]
SQL: SELECT `sex` FROM `fen_member_data` WHERE `member_id` = 14 LIMIT 1   [ RunTime:0.0010s ]
SQL: SELECT `phone` FROM `fen_member_data` WHERE `member_id` = 14 LIMIT 1   [ RunTime:0.0010s ]
NOTIC: [8] Use of undefined constant id - assumed 'id' D:\wamp\www\fenxiao\Application\Runtime\Cache\Admin\6ea7a0a1d02c4f8c43d608118ef245f9.php 第 1013 行.
SQL: SELECT `username` FROM `fen_member` WHERE `id` = 11 LIMIT 1   [ RunTime:0.0000s ]
SQL: SELECT `level` FROM `fen_member` WHERE `id` = 11 LIMIT 1   [ RunTime:0.0000s ]
SQL: SELECT `name` FROM `fen_member_data` WHERE `member_id` = 15 LIMIT 1   [ RunTime:0.0000s ]
SQL: SELECT `sex` FROM `fen_member_data` WHERE `member_id` = 15 LIMIT 1   [ RunTime:0.0000s ]
SQL: SELECT `phone` FROM `fen_member_data` WHERE `member_id` = 15 LIMIT 1   [ RunTime:0.0000s ]
INFO: Run Behavior\ParseTemplateBehavior [ RunTime:0.069004s ]
INFO: [ view_parse ] --END-- [ RunTime:0.069004s ]
INFO: [ view_filter ] --START--
INFO: Run Behavior\WriteHtmlCacheBehavior [ RunTime:0.001000s ]
INFO: [ view_filter ] --END-- [ RunTime:0.001000s ]
INFO: [ app_end ] --START--
INFO: Run Behavior\ShowPageTraceBehavior [ RunTime:0.002000s ]
INFO: [ app_end ] --END-- [ RunTime:0.002000s ]

[ 2018-03-21T13:35:21+08:00 ] 127.0.0.1 /index.php/Admin/member/vip_index
INFO: [ app_init ] --START--
INFO: Run Behavior\BuildLiteBehavior [ RunTime:0.000000s ]
INFO: [ app_init ] --END-- [ RunTime:0.001000s ]
INFO: [ app_begin ] --START--
INFO: Run Behavior\ReadHtmlCacheBehavior [ RunTime:0.016000s ]
INFO: [ app_begin ] --END-- [ RunTime:0.016000s ]
SQL: SHOW COLUMNS FROM `fen_member` [ RunTime:0.0090s ]
SQL: SELECT COUNT(*) AS tp_count FROM `fen_member` WHERE `level` = 1 LIMIT 1   [ RunTime:0.0040s ]
NOTIC: [8] Undefined index: p D:\wamp\www\fenxiao\Application\Admin\Controller\MemberController.class.php 第 30 行.
SQL: SELECT * FROM `fen_member` WHERE `level` = 1 LIMIT 0,20   [ RunTime:0.0010s ]
INFO: [ view_parse ] --START--
INFO: [ template_filter ] --START--
INFO: Run Behavior\ContentReplaceBehavior [ RunTime:0.000000s ]
INFO: [ template_filter ] --END-- [ RunTime:0.000000s ]
NOTIC: [8] Undefined variable: vo D:\wamp\www\fenxiao\Application\Runtime\Cache\Admin\6ea7a0a1d02c4f8c43d608118ef245f9.php 第 971 行.
NOTIC: [8] Use of undefined constant id - assumed 'id' D:\wamp\www\fenxiao\Application\Runtime\Cache\Admin\6ea7a0a1d02c4f8c43d608118ef245f9.php 第 1013 行.
SQL: SELECT `username` FROM `fen_member` WHERE `id` = 6 LIMIT 1   [ RunTime:0.0010s ]
SQL: SELECT `level` FROM `fen_member` WHERE `id` = 6 LIMIT 1   [ RunTime:0.0010s ]
SQL: SHOW COLUMNS FROM `fen_member_data` [ RunTime:0.0080s ]
SQL: SELECT `name` FROM `fen_member_data` WHERE `member_id` = 5 LIMIT 1   [ RunTime:0.0020s ]
SQL: SELECT `sex` FROM `fen_member_data` WHERE `member_id` = 5 LIMIT 1   [ RunTime:0.0010s ]
SQL: SELECT `phone` FROM `fen_member_data` WHERE `member_id` = 5 LIMIT 1   [ RunTime:0.0010s ]
NOTIC: [8] Use of undefined constant id - assumed 'id' D:\wamp\www\fenxiao\Application\Runtime\Cache\Admin\6ea7a0a1d02c4f8c43d608118ef245f9.php 第 1013 行.
SQL: SELECT `username` FROM `fen_member` WHERE `id` = 4 LIMIT 1   [ RunTime:0.0000s ]
SQL: SELECT `level` FROM `fen_member` WHERE `id` = 4 LIMIT 1   [ RunTime:0.0000s ]
SQL: SELECT `name` FROM `fen_member_data` WHERE `member_id` = 6 LIMIT 1   [ RunTime:0.0010s ]
SQL: SELECT `sex` FROM `fen_member_data` WHERE `member_id` = 6 LIMIT 1   [ RunTime:0.0010s ]
SQL: SELECT `phone` FROM `fen_member_data` WHERE `member_id` = 6 LIMIT 1   [ RunTime:0.0010s ]
NOTIC: [8] Use of undefined constant id - assumed 'id' D:\wamp\www\fenxiao\Application\Runtime\Cache\Admin\6ea7a0a1d02c4f8c43d608118ef245f9.php 第 1013 行.
SQL: SELECT `username` FROM `fen_member` WHERE `id` = 1 LIMIT 1   [ RunTime:0.0010s ]
SQL: SELECT `level` FROM `fen_member` WHERE `id` = 1 LIMIT 1   [ RunTime:0.0010s ]
SQL: SELECT `name` FROM `fen_member_data` WHERE `member_id` = 10 LIMIT 1   [ RunTime:0.0020s ]
SQL: SELECT `sex` FROM `fen_member_data` WHERE `member_id` = 10 LIMIT 1   [ RunTime:0.0000s ]
SQL: SELECT `phone` FROM `fen_member_data` WHERE `member_id` = 10 LIMIT 1   [ RunTime:0.0000s ]
NOTIC: [8] Use of undefined constant id - assumed 'id' D:\wamp\www\fenxiao\Application\Runtime\Cache\Admin\6ea7a0a1d02c4f8c43d608118ef245f9.php 第 1013 行.
SQL: SELECT `username` FROM `fen_member` WHERE `id` = 1 LIMIT 1   [ RunTime:0.0000s ]
SQL: SELECT `level` FROM `fen_member` WHERE `id` = 1 LIMIT 1   [ RunTime:0.0000s ]
SQL: SELECT `name` FROM `fen_member_data` WHERE `member_id` = 11 LIMIT 1   [ RunTime:0.0000s ]
SQL: SELECT `sex` FROM `fen_member_data` WHERE `member_id` = 11 LIMIT 1   [ RunTime:0.0000s ]
SQL: SELECT `phone` FROM `fen_member_data` WHERE `member_id` = 11 LIMIT 1   [ RunTime:0.0000s ]
NOTIC: [8] Use of undefined constant id - assumed 'id' D:\wamp\www\fenxiao\Application\Runtime\Cache\Admin\6ea7a0a1d02c4f8c43d608118ef245f9.php 第 1013 行.
SQL: SELECT `username` FROM `fen_member` WHERE `id` = 10 LIMIT 1   [ RunTime:0.0000s ]
SQL: SELECT `level` FROM `fen_member` WHERE `id` = 10 LIMIT 1   [ RunTime:0.0000s ]
SQL: SELECT `name` FROM `fen_member_data` WHERE `member_id` = 14 LIMIT 1   [ RunTime:0.0000s ]
SQL: SELECT `sex` FROM `fen_member_data` WHERE `member_id` = 14 LIMIT 1   [ RunTime:0.0000s ]
SQL: SELECT `phone` FROM `fen_member_data` WHERE `member_id` = 14 LIMIT 1   [ RunTime:0.0010s ]
NOTIC: [8] Use of undefined constant id - assumed 'id' D:\wamp\www\fenxiao\Application\Runtime\Cache\Admin\6ea7a0a1d02c4f8c43d608118ef245f9.php 第 1013 行.
SQL: SELECT `username` FROM `fen_member` WHERE `id` = 11 LIMIT 1   [ RunTime:0.0000s ]
SQL: SELECT `level` FROM `fen_member` WHERE `id` = 11 LIMIT 1   [ RunTime:0.0000s ]
SQL: SELECT `name` FROM `fen_member_data` WHERE `member_id` = 15 LIMIT 1   [ RunTime:0.0000s ]
SQL: SELECT `sex` FROM `fen_member_data` WHERE `member_id` = 15 LIMIT 1   [ RunTime:0.0010s ]
SQL: SELECT `phone` FROM `fen_member_data` WHERE `member_id` = 15 LIMIT 1   [ RunTime:0.0010s ]
INFO: Run Behavior\ParseTemplateBehavior [ RunTime:0.091005s ]
INFO: [ view_parse ] --END-- [ RunTime:0.091005s ]
INFO: [ view_filter ] --START--
INFO: Run Behavior\WriteHtmlCacheBehavior [ RunTime:0.002000s ]
INFO: [ view_filter ] --END-- [ RunTime:0.002000s ]
INFO: [ app_end ] --START--
INFO: Run Behavior\ShowPageTraceBehavior [ RunTime:0.001000s ]
INFO: [ app_end ] --END-- [ RunTime:0.001000s ]

[ 2018-03-21T13:36:25+08:00 ] 127.0.0.1 /index.php/Admin/member/vip_index
INFO: [ app_init ] --START--
INFO: Run Behavior\BuildLiteBehavior [ RunTime:0.000000s ]
INFO: [ app_init ] --END-- [ RunTime:0.001001s ]
INFO: [ app_begin ] --START--
INFO: Run Behavior\ReadHtmlCacheBehavior [ RunTime:0.001000s ]
INFO: [ app_begin ] --END-- [ RunTime:0.002000s ]
SQL: SHOW COLUMNS FROM `fen_member` [ RunTime:0.0050s ]
SQL: SELECT COUNT(*) AS tp_count FROM `fen_member` WHERE `level` = 1 LIMIT 1   [ RunTime:0.0010s ]
NOTIC: [8] Undefined index: p D:\wamp\www\fenxiao\Application\Admin\Controller\MemberController.class.php 第 30 行.
SQL: SELECT * FROM `fen_member` WHERE `level` = 1 LIMIT 0,20   [ RunTime:0.0010s ]
INFO: [ view_parse ] --START--
INFO: [ template_filter ] --START--
INFO: Run Behavior\ContentReplaceBehavior [ RunTime:0.000000s ]
INFO: [ template_filter ] --END-- [ RunTime:0.000000s ]
NOTIC: [8] Undefined variable: vo D:\wamp\www\fenxiao\Application\Runtime\Cache\Admin\6ea7a0a1d02c4f8c43d608118ef245f9.php 第 971 行.
NOTIC: [8] Use of undefined constant id - assumed 'id' D:\wamp\www\fenxiao\Application\Runtime\Cache\Admin\6ea7a0a1d02c4f8c43d608118ef245f9.php 第 1013 行.
SQL: SELECT `username` FROM `fen_member` WHERE `id` = 6 LIMIT 1   [ RunTime:0.0010s ]
SQL: SELECT `level` FROM `fen_member` WHERE `id` = 6 LIMIT 1   [ RunTime:0.0010s ]
SQL: SHOW COLUMNS FROM `fen_member_data` [ RunTime:0.0060s ]
SQL: SELECT `name` FROM `fen_member_data` WHERE `member_id` = 5 LIMIT 1   [ RunTime:0.0010s ]
SQL: SELECT `sex` FROM `fen_member_data` WHERE `member_id` = 5 LIMIT 1   [ RunTime:0.0010s ]
SQL: SELECT `phone` FROM `fen_member_data` WHERE `member_id` = 5 LIMIT 1   [ RunTime:0.0000s ]
NOTIC: [8] Use of undefined constant id - assumed 'id' D:\wamp\www\fenxiao\Application\Runtime\Cache\Admin\6ea7a0a1d02c4f8c43d608118ef245f9.php 第 1013 行.
SQL: SELECT `username` FROM `fen_member` WHERE `id` = 4 LIMIT 1   [ RunTime:0.0000s ]
SQL: SELECT `level` FROM `fen_member` WHERE `id` = 4 LIMIT 1   [ RunTime:0.0010s ]
SQL: SELECT `name` FROM `fen_member_data` WHERE `member_id` = 6 LIMIT 1   [ RunTime:0.0030s ]
SQL: SELECT `sex` FROM `fen_member_data` WHERE `member_id` = 6 LIMIT 1   [ RunTime:0.0000s ]
SQL: SELECT `phone` FROM `fen_member_data` WHERE `member_id` = 6 LIMIT 1   [ RunTime:0.0040s ]
NOTIC: [8] Use of undefined constant id - assumed 'id' D:\wamp\www\fenxiao\Application\Runtime\Cache\Admin\6ea7a0a1d02c4f8c43d608118ef245f9.php 第 1013 行.
SQL: SELECT `username` FROM `fen_member` WHERE `id` = 1 LIMIT 1   [ RunTime:0.0020s ]
SQL: SELECT `level` FROM `fen_member` WHERE `id` = 1 LIMIT 1   [ RunTime:0.0000s ]
SQL: SELECT `name` FROM `fen_member_data` WHERE `member_id` = 10 LIMIT 1   [ RunTime:0.0000s ]
SQL: SELECT `sex` FROM `fen_member_data` WHERE `member_id` = 10 LIMIT 1   [ RunTime:0.0040s ]
SQL: SELECT `phone` FROM `fen_member_data` WHERE `member_id` = 10 LIMIT 1   [ RunTime:0.0010s ]
NOTIC: [8] Use of undefined constant id - assumed 'id' D:\wamp\www\fenxiao\Application\Runtime\Cache\Admin\6ea7a0a1d02c4f8c43d608118ef245f9.php 第 1013 行.
SQL: SELECT `username` FROM `fen_member` WHERE `id` = 1 LIMIT 1   [ RunTime:0.0000s ]
SQL: SELECT `level` FROM `fen_member` WHERE `id` = 1 LIMIT 1   [ RunTime:0.0010s ]
SQL: SELECT `name` FROM `fen_member_data` WHERE `member_id` = 11 LIMIT 1   [ RunTime:0.0000s ]
SQL: SELECT `sex` FROM `fen_member_data` WHERE `member_id` = 11 LIMIT 1   [ RunTime:0.0000s ]
SQL: SELECT `phone` FROM `fen_member_data` WHERE `member_id` = 11 LIMIT 1   [ RunTime:0.0000s ]
NOTIC: [8] Use of undefined constant id - assumed 'id' D:\wamp\www\fenxiao\Application\Runtime\Cache\Admin\6ea7a0a1d02c4f8c43d608118ef245f9.php 第 1013 行.
SQL: SELECT `username` FROM `fen_member` WHERE `id` = 10 LIMIT 1   [ RunTime:0.0000s ]
SQL: SELECT `level` FROM `fen_member` WHERE `id` = 10 LIMIT 1   [ RunTime:0.0000s ]
SQL: SELECT `name` FROM `fen_member_data` WHERE `member_id` = 14 LIMIT 1   [ RunTime:0.0010s ]
SQL: SELECT `sex` FROM `fen_member_data` WHERE `member_id` = 14 LIMIT 1   [ RunTime:0.0010s ]
SQL: SELECT `phone` FROM `fen_member_data` WHERE `member_id` = 14 LIMIT 1   [ RunTime:0.0010s ]
NOTIC: [8] Use of undefined constant id - assumed 'id' D:\wamp\www\fenxiao\Application\Runtime\Cache\Admin\6ea7a0a1d02c4f8c43d608118ef245f9.php 第 1013 行.
SQL: SELECT `username` FROM `fen_member` WHERE `id` = 11 LIMIT 1   [ RunTime:0.0010s ]
SQL: SELECT `level` FROM `fen_member` WHERE `id` = 11 LIMIT 1   [ RunTime:0.0010s ]
SQL: SELECT `name` FROM `fen_member_data` WHERE `member_id` = 15 LIMIT 1   [ RunTime:0.0010s ]
SQL: SELECT `sex` FROM `fen_member_data` WHERE `member_id` = 15 LIMIT 1   [ RunTime:0.0010s ]
SQL: SELECT `phone` FROM `fen_member_data` WHERE `member_id` = 15 LIMIT 1   [ RunTime:0.0000s ]
INFO: Run Behavior\ParseTemplateBehavior [ RunTime:0.089005s ]
INFO: [ view_parse ] --END-- [ RunTime:0.090005s ]
INFO: [ view_filter ] --START--
INFO: Run Behavior\WriteHtmlCacheBehavior [ RunTime:0.001000s ]
INFO: [ view_filter ] --END-- [ RunTime:0.001000s ]
INFO: [ app_end ] --START--
INFO: Run Behavior\ShowPageTraceBehavior [ RunTime:0.001000s ]
INFO: [ app_end ] --END-- [ RunTime:0.001000s ]

[ 2018-03-21T13:37:49+08:00 ] 127.0.0.1 /index.php/Admin/member/daili_index
INFO: [ app_init ] --START--
INFO: Run Behavior\BuildLiteBehavior [ RunTime:0.000000s ]
INFO: [ app_init ] --END-- [ RunTime:0.001000s ]
INFO: [ app_begin ] --START--
INFO: Run Behavior\ReadHtmlCacheBehavior [ RunTime:0.001000s ]
INFO: [ app_begin ] --END-- [ RunTime:0.001000s ]
SQL: SHOW COLUMNS FROM `fen_member` [ RunTime:0.0050s ]
NOTIC: [8] Undefined variable: data D:\wamp\www\fenxiao\Application\Admin\Controller\MemberController.class.php 第 79 行.
SQL: SELECT COUNT(*) AS tp_count FROM `fen_member` LIMIT 1   [ RunTime:0.0010s ]
NOTIC: [8] Undefined index: p D:\wamp\www\fenxiao\Application\Admin\Controller\MemberController.class.php 第 80 行.
SQL: SELECT * FROM `fen_member` WHERE `level` = 2 LIMIT 0,20   [ RunTime:0.0010s ]
INFO: [ view_parse ] --START--
INFO: [ template_filter ] --START--
INFO: Run Behavior\ContentReplaceBehavior [ RunTime:0.001000s ]
INFO: [ template_filter ] --END-- [ RunTime:0.001000s ]
NOTIC: [8] Undefined variable: vo D:\wamp\www\fenxiao\Application\Runtime\Cache\Admin\b558c9b0e3a35e65c85cd770463590ad.php 第 971 行.
NOTIC: [8] Use of undefined constant id - assumed 'id' D:\wamp\www\fenxiao\Application\Runtime\Cache\Admin\b558c9b0e3a35e65c85cd770463590ad.php 第 1013 行.
SQL: SELECT `username` FROM `fen_member` WHERE `id` = 2 LIMIT 1   [ RunTime:0.0000s ]
SQL: SELECT `level` FROM `fen_member` WHERE `id` = 2 LIMIT 1   [ RunTime:0.0000s ]
SQL: SHOW COLUMNS FROM `fen_member_data` [ RunTime:0.0060s ]
SQL: SELECT `name` FROM `fen_member_data` WHERE `member_id` = 3 LIMIT 1   [ RunTime:0.0010s ]
SQL: SELECT `sex` FROM `fen_member_data` WHERE `member_id` = 3 LIMIT 1   [ RunTime:0.0000s ]
SQL: SELECT `phone` FROM `fen_member_data` WHERE `member_id` = 3 LIMIT 1   [ RunTime:0.0000s ]
SQL: SHOW COLUMNS FROM `fen_member_product` [ RunTime:0.0060s ]
SQL: SELECT * FROM `fen_member_product` WHERE `member_id` = 3 LIMIT 1   [ RunTime:0.0020s ]
NOTIC: [8] Use of undefined constant id - assumed 'id' D:\wamp\www\fenxiao\Application\Runtime\Cache\Admin\b558c9b0e3a35e65c85cd770463590ad.php 第 1013 行.
SQL: SELECT `username` FROM `fen_member` WHERE `id` = 3 LIMIT 1   [ RunTime:0.0010s ]
SQL: SELECT `level` FROM `fen_member` WHERE `id` = 3 LIMIT 1   [ RunTime:0.0010s ]
SQL: SELECT `name` FROM `fen_member_data` WHERE `member_id` = 4 LIMIT 1   [ RunTime:0.0000s ]
SQL: SELECT `sex` FROM `fen_member_data` WHERE `member_id` = 4 LIMIT 1   [ RunTime:0.0010s ]
SQL: SELECT `phone` FROM `fen_member_data` WHERE `member_id` = 4 LIMIT 1   [ RunTime:0.0010s ]
SQL: SELECT * FROM `fen_member_product` WHERE `member_id` = 4 LIMIT 1   [ RunTime:0.0010s ]
NOTIC: [8] Use of undefined constant id - assumed 'id' D:\wamp\www\fenxiao\Application\Runtime\Cache\Admin\b558c9b0e3a35e65c85cd770463590ad.php 第 1013 行.
SQL: SELECT `username` FROM `fen_member` WHERE `id` = 3 LIMIT 1   [ RunTime:0.0010s ]
SQL: SELECT `level` FROM `fen_member` WHERE `id` = 3 LIMIT 1   [ RunTime:0.0000s ]
SQL: SELECT `name` FROM `fen_member_data` WHERE `member_id` = 12 LIMIT 1   [ RunTime:0.0000s ]
SQL: SELECT `sex` FROM `fen_member_data` WHERE `member_id` = 12 LIMIT 1   [ RunTime:0.0000s ]
SQL: SELECT `phone` FROM `fen_member_data` WHERE `member_id` = 12 LIMIT 1   [ RunTime:0.0000s ]
SQL: SELECT * FROM `fen_member_product` WHERE `member_id` = 12 LIMIT 1   [ RunTime:0.0010s ]
NOTIC: [8] Use of undefined constant id - assumed 'id' D:\wamp\www\fenxiao\Application\Runtime\Cache\Admin\b558c9b0e3a35e65c85cd770463590ad.php 第 1013 行.
SQL: SELECT `username` FROM `fen_member` WHERE `id` = 12 LIMIT 1   [ RunTime:0.0000s ]
SQL: SELECT `level` FROM `fen_member` WHERE `id` = 12 LIMIT 1   [ RunTime:0.0000s ]
SQL: SELECT `name` FROM `fen_member_data` WHERE `member_id` = 13 LIMIT 1   [ RunTime:0.0000s ]
SQL: SELECT `sex` FROM `fen_member_data` WHERE `member_id` = 13 LIMIT 1   [ RunTime:0.0000s ]
SQL: SELECT `phone` FROM `fen_member_data` WHERE `member_id` = 13 LIMIT 1   [ RunTime:0.0000s ]
SQL: SELECT * FROM `fen_member_product` WHERE `member_id` = 13 LIMIT 1   [ RunTime:0.0000s ]
SQL: SELECT COUNT(*) AS tp_count FROM `fen_member` WHERE `refe_id` = 3 AND `level` = 2 LIMIT 1   [ RunTime:0.0000s ]
SQL: SELECT COUNT(*) AS tp_count FROM `fen_member` WHERE `refe_id` = 3 AND `level` = 1 LIMIT 1   [ RunTime:0.0000s ]
SQL: SELECT COUNT(*) AS tp_count FROM `fen_member` WHERE `refe_id` = 4 AND `level` = 2 LIMIT 1   [ RunTime:0.0000s ]
SQL: SELECT COUNT(*) AS tp_count FROM `fen_member` WHERE `refe_id` = 4 AND `level` = 1 LIMIT 1   [ RunTime:0.0010s ]
SQL: SELECT COUNT(*) AS tp_count FROM `fen_member` WHERE `refe_id` = 12 AND `level` = 2 LIMIT 1   [ RunTime:0.0010s ]
SQL: SELECT COUNT(*) AS tp_count FROM `fen_member` WHERE `refe_id` = 12 AND `level` = 1 LIMIT 1   [ RunTime:0.0010s ]
SQL: SELECT COUNT(*) AS tp_count FROM `fen_member` WHERE `refe_id` = 13 AND `level` = 2 LIMIT 1   [ RunTime:0.0000s ]
SQL: SELECT COUNT(*) AS tp_count FROM `fen_member` WHERE `refe_id` = 13 AND `level` = 1 LIMIT 1   [ RunTime:0.0000s ]
INFO: Run Behavior\ParseTemplateBehavior [ RunTime:0.074005s ]
INFO: [ view_parse ] --END-- [ RunTime:0.074005s ]
INFO: [ view_filter ] --START--
INFO: Run Behavior\WriteHtmlCacheBehavior [ RunTime:0.001000s ]
INFO: [ view_filter ] --END-- [ RunTime:0.002000s ]
INFO: [ app_end ] --START--
INFO: Run Behavior\ShowPageTraceBehavior [ RunTime:0.002000s ]
INFO: [ app_end ] --END-- [ RunTime:0.002000s ]

[ 2018-03-21T13:39:25+08:00 ] 127.0.0.1 /index.php/Admin/member/daili_index
INFO: [ app_init ] --START--
INFO: Run Behavior\BuildLiteBehavior [ RunTime:0.000000s ]
INFO: [ app_init ] --END-- [ RunTime:0.001000s ]
INFO: [ app_begin ] --START--
INFO: Run Behavior\ReadHtmlCacheBehavior [ RunTime:0.002000s ]
INFO: [ app_begin ] --END-- [ RunTime:0.002000s ]
SQL: SHOW COLUMNS FROM `fen_member` [ RunTime:0.0110s ]
NOTIC: [8] Undefined variable: data D:\wamp\www\fenxiao\Application\Admin\Controller\MemberController.class.php 第 79 行.
SQL: SELECT COUNT(*) AS tp_count FROM `fen_member` LIMIT 1   [ RunTime:0.0000s ]
NOTIC: [8] Undefined index: p D:\wamp\www\fenxiao\Application\Admin\Controller\MemberController.class.php 第 80 行.
SQL: SELECT * FROM `fen_member` WHERE `level` = 2 LIMIT 0,20   [ RunTime:0.0000s ]
INFO: [ view_parse ] --START--
INFO: [ template_filter ] --START--
INFO: Run Behavior\ContentReplaceBehavior [ RunTime:0.000000s ]
INFO: [ template_filter ] --END-- [ RunTime:0.001000s ]
NOTIC: [8] Undefined variable: vo D:\wamp\www\fenxiao\Application\Runtime\Cache\Admin\b558c9b0e3a35e65c85cd770463590ad.php 第 971 行.
NOTIC: [8] Use of undefined constant id - assumed 'id' D:\wamp\www\fenxiao\Application\Runtime\Cache\Admin\b558c9b0e3a35e65c85cd770463590ad.php 第 1013 行.
SQL: SELECT `username` FROM `fen_member` WHERE `id` = 2 LIMIT 1   [ RunTime:0.0010s ]
SQL: SELECT `level` FROM `fen_member` WHERE `id` = 2 LIMIT 1   [ RunTime:0.0010s ]
SQL: SHOW COLUMNS FROM `fen_member_data` [ RunTime:0.0180s ]
SQL: SELECT `name` FROM `fen_member_data` WHERE `member_id` = 3 LIMIT 1   [ RunTime:0.0050s ]
SQL: SELECT `sex` FROM `fen_member_data` WHERE `member_id` = 3 LIMIT 1   [ RunTime:0.0010s ]
SQL: SELECT `phone` FROM `fen_member_data` WHERE `member_id` = 3 LIMIT 1   [ RunTime:0.0010s ]
SQL: SHOW COLUMNS FROM `fen_member_product` [ RunTime:0.0090s ]
SQL: SELECT * FROM `fen_member_product` WHERE `member_id` = 3 LIMIT 1   [ RunTime:0.0010s ]
NOTIC: [8] Use of undefined constant id - assumed 'id' D:\wamp\www\fenxiao\Application\Runtime\Cache\Admin\b558c9b0e3a35e65c85cd770463590ad.php 第 1013 行.
SQL: SELECT `username` FROM `fen_member` WHERE `id` = 3 LIMIT 1   [ RunTime:0.0010s ]
SQL: SELECT `level` FROM `fen_member` WHERE `id` = 3 LIMIT 1   [ RunTime:0.0010s ]
SQL: SELECT `name` FROM `fen_member_data` WHERE `member_id` = 4 LIMIT 1   [ RunTime:0.0010s ]
SQL: SELECT `sex` FROM `fen_member_data` WHERE `member_id` = 4 LIMIT 1   [ RunTime:0.0010s ]
SQL: SELECT `phone` FROM `fen_member_data` WHERE `member_id` = 4 LIMIT 1   [ RunTime:0.0010s ]
SQL: SELECT * FROM `fen_member_product` WHERE `member_id` = 4 LIMIT 1   [ RunTime:0.0000s ]
NOTIC: [8] Use of undefined constant id - assumed 'id' D:\wamp\www\fenxiao\Application\Runtime\Cache\Admin\b558c9b0e3a35e65c85cd770463590ad.php 第 1013 行.
SQL: SELECT `username` FROM `fen_member` WHERE `id` = 3 LIMIT 1   [ RunTime:0.0010s ]
SQL: SELECT `level` FROM `fen_member` WHERE `id` = 3 LIMIT 1   [ RunTime:0.0010s ]
SQL: SELECT `name` FROM `fen_member_data` WHERE `member_id` = 12 LIMIT 1   [ RunTime:0.0010s ]
SQL: SELECT `sex` FROM `fen_member_data` WHERE `member_id` = 12 LIMIT 1   [ RunTime:0.0010s ]
SQL: SELECT `phone` FROM `fen_member_data` WHERE `member_id` = 12 LIMIT 1   [ RunTime:0.0010s ]
SQL: SELECT * FROM `fen_member_product` WHERE `member_id` = 12 LIMIT 1   [ RunTime:0.0010s ]
NOTIC: [8] Use of undefined constant id - assumed 'id' D:\wamp\www\fenxiao\Application\Runtime\Cache\Admin\b558c9b0e3a35e65c85cd770463590ad.php 第 1013 行.
SQL: SELECT `username` FROM `fen_member` WHERE `id` = 12 LIMIT 1   [ RunTime:0.0010s ]
SQL: SELECT `level` FROM `fen_member` WHERE `id` = 12 LIMIT 1   [ RunTime:0.0020s ]
SQL: SELECT `name` FROM `fen_member_data` WHERE `member_id` = 13 LIMIT 1   [ RunTime:0.0010s ]
SQL: SELECT `sex` FROM `fen_member_data` WHERE `member_id` = 13 LIMIT 1   [ RunTime:0.0010s ]
SQL: SELECT `phone` FROM `fen_member_data` WHERE `member_id` = 13 LIMIT 1   [ RunTime:0.0010s ]
SQL: SELECT * FROM `fen_member_product` WHERE `member_id` = 13 LIMIT 1   [ RunTime:0.0000s ]
SQL: SELECT COUNT(*) AS tp_count FROM `fen_member` WHERE `refe_id` = 3 AND `level` = 2 LIMIT 1   [ RunTime:0.0010s ]
SQL: SELECT COUNT(*) AS tp_count FROM `fen_member` WHERE `refe_id` = 3 AND `level` = 1 LIMIT 1   [ RunTime:0.0000s ]
SQL: SELECT COUNT(*) AS tp_count FROM `fen_member` WHERE `refe_id` = 4 AND `level` = 2 LIMIT 1   [ RunTime:0.0010s ]
SQL: SELECT COUNT(*) AS tp_count FROM `fen_member` WHERE `refe_id` = 4 AND `level` = 1 LIMIT 1   [ RunTime:0.0010s ]
SQL: SELECT COUNT(*) AS tp_count FROM `fen_member` WHERE `refe_id` = 12 AND `level` = 2 LIMIT 1   [ RunTime:0.0010s ]
SQL: SELECT COUNT(*) AS tp_count FROM `fen_member` WHERE `refe_id` = 12 AND `level` = 1 LIMIT 1   [ RunTime:0.0010s ]
SQL: SELECT COUNT(*) AS tp_count FROM `fen_member` WHERE `refe_id` = 13 AND `level` = 2 LIMIT 1   [ RunTime:0.0010s ]
SQL: SELECT COUNT(*) AS tp_count FROM `fen_member` WHERE `refe_id` = 13 AND `level` = 1 LIMIT 1   [ RunTime:0.0010s ]
INFO: Run Behavior\ParseTemplateBehavior [ RunTime:0.124007s ]
INFO: [ view_parse ] --END-- [ RunTime:0.124007s ]
INFO: [ view_filter ] --START--
INFO: Run Behavior\WriteHtmlCacheBehavior [ RunTime:0.001000s ]
INFO: [ view_filter ] --END-- [ RunTime:0.001000s ]
INFO: [ app_end ] --START--
INFO: Run Behavior\ShowPageTraceBehavior [ RunTime:0.001000s ]
INFO: [ app_end ] --END-- [ RunTime:0.002000s ]

[ 2018-03-21T13:39:27+08:00 ] 127.0.0.1 /index.php/Admin/Member/get_member_value
INFO: [ app_init ] --START--
INFO: Run Behavior\BuildLiteBehavior [ RunTime:0.000000s ]
INFO: [ app_init ] --END-- [ RunTime:0.001000s ]
INFO: [ app_begin ] --START--
INFO: Run Behavior\ReadHtmlCacheBehavior [ RunTime:0.001000s ]
INFO: [ app_begin ] --END-- [ RunTime:0.002000s ]
SQL: SHOW COLUMNS FROM `fen_member` [ RunTime:0.0160s ]
SQL: SELECT * FROM `fen_member` WHERE `refe_id` = 3  [ RunTime:0.0010s ]
SQL: SELECT * FROM `fen_member` WHERE `refe_id` = 4  [ RunTime:0.0000s ]
SQL: SELECT * FROM `fen_member` WHERE `refe_id` = 6  [ RunTime:0.0000s ]
SQL: SELECT * FROM `fen_member` WHERE `refe_id` = 5  [ RunTime:0.0000s ]
SQL: SELECT * FROM `fen_member` WHERE `refe_id` = 12  [ RunTime:0.0000s ]
SQL: SELECT * FROM `fen_member` WHERE `refe_id` = 13  [ RunTime:0.0000s ]
INFO: [ app_end ] --START--
INFO: Run Behavior\ShowPageTraceBehavior [ RunTime:0.003000s ]
INFO: [ app_end ] --END-- [ RunTime:0.003000s ]

[ 2018-03-21T13:39:31+08:00 ] 127.0.0.1 /index.php/Admin/Member/get_member_value
INFO: [ app_init ] --START--
INFO: Run Behavior\BuildLiteBehavior [ RunTime:0.001000s ]
INFO: [ app_init ] --END-- [ RunTime:0.001000s ]
INFO: [ app_begin ] --START--
INFO: Run Behavior\ReadHtmlCacheBehavior [ RunTime:0.001000s ]
INFO: [ app_begin ] --END-- [ RunTime:0.002000s ]
SQL: SHOW COLUMNS FROM `fen_member` [ RunTime:0.0120s ]
SQL: SELECT * FROM `fen_member` WHERE `refe_id` = 4  [ RunTime:0.0020s ]
SQL: SELECT * FROM `fen_member` WHERE `refe_id` = 6  [ RunTime:0.0010s ]
SQL: SELECT * FROM `fen_member` WHERE `refe_id` = 5  [ RunTime:0.0040s ]
INFO: [ app_end ] --START--
INFO: Run Behavior\ShowPageTraceBehavior [ RunTime:0.003000s ]
INFO: [ app_end ] --END-- [ RunTime:0.003000s ]

[ 2018-03-21T13:39:35+08:00 ] 127.0.0.1 /index.php/Admin/Member/get_member_value
INFO: [ app_init ] --START--
INFO: Run Behavior\BuildLiteBehavior [ RunTime:0.000000s ]
INFO: [ app_init ] --END-- [ RunTime:0.002000s ]
INFO: [ app_begin ] --START--
INFO: Run Behavior\ReadHtmlCacheBehavior [ RunTime:0.002001s ]
INFO: [ app_begin ] --END-- [ RunTime:0.002001s ]
SQL: SHOW COLUMNS FROM `fen_member` [ RunTime:0.0110s ]
SQL: SELECT * FROM `fen_member` WHERE `refe_id` = 3  [ RunTime:0.0000s ]
SQL: SELECT * FROM `fen_member` WHERE `refe_id` = 4  [ RunTime:0.0010s ]
SQL: SELECT * FROM `fen_member` WHERE `refe_id` = 6  [ RunTime:0.0030s ]
SQL: SELECT * FROM `fen_member` WHERE `refe_id` = 5  [ RunTime:0.0010s ]
SQL: SELECT * FROM `fen_member` WHERE `refe_id` = 12  [ RunTime:0.0000s ]
SQL: SELECT * FROM `fen_member` WHERE `refe_id` = 13  [ RunTime:0.0020s ]
INFO: [ app_end ] --START--
INFO: Run Behavior\ShowPageTraceBehavior [ RunTime:0.002000s ]
INFO: [ app_end ] --END-- [ RunTime:0.003000s ]

[ 2018-03-21T13:40:08+08:00 ] 127.0.0.1 /index.php/Admin/member/daili_index
INFO: [ app_init ] --START--
INFO: Run Behavior\BuildLiteBehavior [ RunTime:0.000000s ]
INFO: [ app_init ] --END-- [ RunTime:0.001000s ]
INFO: [ app_begin ] --START--
INFO: Run Behavior\ReadHtmlCacheBehavior [ RunTime:0.002000s ]
INFO: [ app_begin ] --END-- [ RunTime:0.002000s ]
SQL: SHOW COLUMNS FROM `fen_member` [ RunTime:0.0090s ]
NOTIC: [8] Undefined variable: data D:\wamp\www\fenxiao\Application\Admin\Controller\MemberController.class.php 第 79 行.
SQL: SELECT COUNT(*) AS tp_count FROM `fen_member` LIMIT 1   [ RunTime:0.0000s ]
NOTIC: [8] Undefined index: p D:\wamp\www\fenxiao\Application\Admin\Controller\MemberController.class.php 第 80 行.
SQL: SELECT * FROM `fen_member` WHERE `level` = 2 LIMIT 0,20   [ RunTime:0.0010s ]
INFO: [ view_parse ] --START--
INFO: [ template_filter ] --START--
INFO: Run Behavior\ContentReplaceBehavior [ RunTime:0.000000s ]
INFO: [ template_filter ] --END-- [ RunTime:0.001000s ]
NOTIC: [8] Undefined variable: vo D:\wamp\www\fenxiao\Application\Runtime\Cache\Admin\b558c9b0e3a35e65c85cd770463590ad.php 第 971 行.
NOTIC: [8] Use of undefined constant id - assumed 'id' D:\wamp\www\fenxiao\Application\Runtime\Cache\Admin\b558c9b0e3a35e65c85cd770463590ad.php 第 1013 行.
SQL: SELECT `username` FROM `fen_member` WHERE `id` = 2 LIMIT 1   [ RunTime:0.0010s ]
SQL: SELECT `level` FROM `fen_member` WHERE `id` = 2 LIMIT 1   [ RunTime:0.0010s ]
SQL: SHOW COLUMNS FROM `fen_member_data` [ RunTime:0.0070s ]
SQL: SELECT `name` FROM `fen_member_data` WHERE `member_id` = 3 LIMIT 1   [ RunTime:0.0010s ]
SQL: SELECT `sex` FROM `fen_member_data` WHERE `member_id` = 3 LIMIT 1   [ RunTime:0.0030s ]
SQL: SELECT `phone` FROM `fen_member_data` WHERE `member_id` = 3 LIMIT 1   [ RunTime:0.0020s ]
SQL: SHOW COLUMNS FROM `fen_member_product` [ RunTime:0.0100s ]
SQL: SELECT * FROM `fen_member_product` WHERE `member_id` = 3 LIMIT 1   [ RunTime:0.0040s ]
NOTIC: [8] Use of undefined constant id - assumed 'id' D:\wamp\www\fenxiao\Application\Runtime\Cache\Admin\b558c9b0e3a35e65c85cd770463590ad.php 第 1013 行.
SQL: SELECT `username` FROM `fen_member` WHERE `id` = 3 LIMIT 1   [ RunTime:0.0010s ]
SQL: SELECT `level` FROM `fen_member` WHERE `id` = 3 LIMIT 1   [ RunTime:0.0000s ]
SQL: SELECT `name` FROM `fen_member_data` WHERE `member_id` = 4 LIMIT 1   [ RunTime:0.0000s ]
SQL: SELECT `sex` FROM `fen_member_data` WHERE `member_id` = 4 LIMIT 1   [ RunTime:0.0000s ]
SQL: SELECT `phone` FROM `fen_member_data` WHERE `member_id` = 4 LIMIT 1   [ RunTime:0.0000s ]
SQL: SELECT * FROM `fen_member_product` WHERE `member_id` = 4 LIMIT 1   [ RunTime:0.0020s ]
NOTIC: [8] Use of undefined constant id - assumed 'id' D:\wamp\www\fenxiao\Application\Runtime\Cache\Admin\b558c9b0e3a35e65c85cd770463590ad.php 第 1013 行.
SQL: SELECT `username` FROM `fen_member` WHERE `id` = 3 LIMIT 1   [ RunTime:0.0010s ]
SQL: SELECT `level` FROM `fen_member` WHERE `id` = 3 LIMIT 1   [ RunTime:0.0010s ]
SQL: SELECT `name` FROM `fen_member_data` WHERE `member_id` = 12 LIMIT 1   [ RunTime:0.0010s ]
SQL: SELECT `sex` FROM `fen_member_data` WHERE `member_id` = 12 LIMIT 1   [ RunTime:0.0010s ]
SQL: SELECT `phone` FROM `fen_member_data` WHERE `member_id` = 12 LIMIT 1   [ RunTime:0.0010s ]
SQL: SELECT * FROM `fen_member_product` WHERE `member_id` = 12 LIMIT 1   [ RunTime:0.0010s ]
NOTIC: [8] Use of undefined constant id - assumed 'id' D:\wamp\www\fenxiao\Application\Runtime\Cache\Admin\b558c9b0e3a35e65c85cd770463590ad.php 第 1013 行.
SQL: SELECT `username` FROM `fen_member` WHERE `id` = 12 LIMIT 1   [ RunTime:0.0000s ]
SQL: SELECT `level` FROM `fen_member` WHERE `id` = 12 LIMIT 1   [ RunTime:0.0000s ]
SQL: SELECT `name` FROM `fen_member_data` WHERE `member_id` = 13 LIMIT 1   [ RunTime:0.0030s ]
SQL: SELECT `sex` FROM `fen_member_data` WHERE `member_id` = 13 LIMIT 1   [ RunTime:0.0010s ]
SQL: SELECT `phone` FROM `fen_member_data` WHERE `member_id` = 13 LIMIT 1   [ RunTime:0.0010s ]
SQL: SELECT * FROM `fen_member_product` WHERE `member_id` = 13 LIMIT 1   [ RunTime:0.0010s ]
SQL: SELECT COUNT(*) AS tp_count FROM `fen_member` WHERE `refe_id` = 3 AND `level` = 2 LIMIT 1   [ RunTime:0.0010s ]
SQL: SELECT COUNT(*) AS tp_count FROM `fen_member` WHERE `refe_id` = 3 AND `level` = 1 LIMIT 1   [ RunTime:0.0020s ]
SQL: SELECT COUNT(*) AS tp_count FROM `fen_member` WHERE `refe_id` = 4 AND `level` = 2 LIMIT 1   [ RunTime:0.0010s ]
SQL: SELECT COUNT(*) AS tp_count FROM `fen_member` WHERE `refe_id` = 4 AND `level` = 1 LIMIT 1   [ RunTime:0.0030s ]
SQL: SELECT COUNT(*) AS tp_count FROM `fen_member` WHERE `refe_id` = 12 AND `level` = 2 LIMIT 1   [ RunTime:0.0010s ]
SQL: SELECT COUNT(*) AS tp_count FROM `fen_member` WHERE `refe_id` = 12 AND `level` = 1 LIMIT 1   [ RunTime:0.0010s ]
SQL: SELECT COUNT(*) AS tp_count FROM `fen_member` WHERE `refe_id` = 13 AND `level` = 2 LIMIT 1   [ RunTime:0.0010s ]
SQL: SELECT COUNT(*) AS tp_count FROM `fen_member` WHERE `refe_id` = 13 AND `level` = 1 LIMIT 1   [ RunTime:0.0000s ]
INFO: Run Behavior\ParseTemplateBehavior [ RunTime:0.138008s ]
INFO: [ view_parse ] --END-- [ RunTime:0.138008s ]
INFO: [ view_filter ] --START--
INFO: Run Behavior\WriteHtmlCacheBehavior [ RunTime:0.002000s ]
INFO: [ view_filter ] --END-- [ RunTime:0.002000s ]
INFO: [ app_end ] --START--
INFO: Run Behavior\ShowPageTraceBehavior [ RunTime:0.002000s ]
INFO: [ app_end ] --END-- [ RunTime:0.002000s ]

[ 2018-03-21T13:40:10+08:00 ] 127.0.0.1 /index.php/Admin/Member/get_member_value
INFO: [ app_init ] --START--
INFO: Run Behavior\BuildLiteBehavior [ RunTime:0.000000s ]
INFO: [ app_init ] --END-- [ RunTime:0.001000s ]
INFO: [ app_begin ] --START--
INFO: Run Behavior\ReadHtmlCacheBehavior [ RunTime:0.002000s ]
INFO: [ app_begin ] --END-- [ RunTime:0.003000s ]
SQL: SHOW COLUMNS FROM `fen_member` [ RunTime:0.0130s ]
SQL: SELECT * FROM `fen_member` WHERE `refe_id` = 3  [ RunTime:0.0000s ]
SQL: SELECT * FROM `fen_member` WHERE `refe_id` = 4  [ RunTime:0.0020s ]
SQL: SELECT * FROM `fen_member` WHERE `refe_id` = 6  [ RunTime:0.0010s ]
SQL: SELECT * FROM `fen_member` WHERE `refe_id` = 5  [ RunTime:0.0010s ]
SQL: SELECT * FROM `fen_member` WHERE `refe_id` = 12  [ RunTime:0.0020s ]
SQL: SELECT * FROM `fen_member` WHERE `refe_id` = 13  [ RunTime:0.0010s ]
INFO: [ app_end ] --START--
INFO: Run Behavior\ShowPageTraceBehavior [ RunTime:0.001000s ]
INFO: [ app_end ] --END-- [ RunTime:0.002000s ]

[ 2018-03-21T13:40:17+08:00 ] 127.0.0.1 /index.php/Admin/member/daili_index
INFO: [ app_init ] --START--
INFO: Run Behavior\BuildLiteBehavior [ RunTime:0.000000s ]
INFO: [ app_init ] --END-- [ RunTime:0.001000s ]
INFO: [ app_begin ] --START--
INFO: Run Behavior\ReadHtmlCacheBehavior [ RunTime:0.001000s ]
INFO: [ app_begin ] --END-- [ RunTime:0.001000s ]
SQL: SHOW COLUMNS FROM `fen_member` [ RunTime:0.0070s ]
NOTIC: [8] Undefined variable: data D:\wamp\www\fenxiao\Application\Admin\Controller\MemberController.class.php 第 79 行.
SQL: SELECT COUNT(*) AS tp_count FROM `fen_member` LIMIT 1   [ RunTime:0.0000s ]
NOTIC: [8] Undefined index: p D:\wamp\www\fenxiao\Application\Admin\Controller\MemberController.class.php 第 80 行.
SQL: SELECT * FROM `fen_member` WHERE `level` = 2 LIMIT 0,20   [ RunTime:0.0000s ]
INFO: [ view_parse ] --START--
INFO: [ template_filter ] --START--
INFO: Run Behavior\ContentReplaceBehavior [ RunTime:0.001000s ]
INFO: [ template_filter ] --END-- [ RunTime:0.001000s ]
NOTIC: [8] Undefined variable: vo D:\wamp\www\fenxiao\Application\Runtime\Cache\Admin\b558c9b0e3a35e65c85cd770463590ad.php 第 971 行.
NOTIC: [8] Use of undefined constant id - assumed 'id' D:\wamp\www\fenxiao\Application\Runtime\Cache\Admin\b558c9b0e3a35e65c85cd770463590ad.php 第 1013 行.
SQL: SELECT `username` FROM `fen_member` WHERE `id` = 2 LIMIT 1   [ RunTime:0.0020s ]
SQL: SELECT `level` FROM `fen_member` WHERE `id` = 2 LIMIT 1   [ RunTime:0.0010s ]
SQL: SHOW COLUMNS FROM `fen_member_data` [ RunTime:0.0060s ]
SQL: SELECT `name` FROM `fen_member_data` WHERE `member_id` = 3 LIMIT 1   [ RunTime:0.0010s ]
SQL: SELECT `sex` FROM `fen_member_data` WHERE `member_id` = 3 LIMIT 1   [ RunTime:0.0010s ]
SQL: SELECT `phone` FROM `fen_member_data` WHERE `member_id` = 3 LIMIT 1   [ RunTime:0.0010s ]
SQL: SHOW COLUMNS FROM `fen_member_product` [ RunTime:0.0060s ]
SQL: SELECT * FROM `fen_member_product` WHERE `member_id` = 3 LIMIT 1   [ RunTime:0.0000s ]
NOTIC: [8] Use of undefined constant id - assumed 'id' D:\wamp\www\fenxiao\Application\Runtime\Cache\Admin\b558c9b0e3a35e65c85cd770463590ad.php 第 1013 行.
SQL: SELECT `username` FROM `fen_member` WHERE `id` = 3 LIMIT 1   [ RunTime:0.0000s ]
SQL: SELECT `level` FROM `fen_member` WHERE `id` = 3 LIMIT 1   [ RunTime:0.0000s ]
SQL: SELECT `name` FROM `fen_member_data` WHERE `member_id` = 4 LIMIT 1   [ RunTime:0.0000s ]
SQL: SELECT `sex` FROM `fen_member_data` WHERE `member_id` = 4 LIMIT 1   [ RunTime:0.0010s ]
SQL: SELECT `phone` FROM `fen_member_data` WHERE `member_id` = 4 LIMIT 1   [ RunTime:0.0000s ]
SQL: SELECT * FROM `fen_member_product` WHERE `member_id` = 4 LIMIT 1   [ RunTime:0.0000s ]
NOTIC: [8] Use of undefined constant id - assumed 'id' D:\wamp\www\fenxiao\Application\Runtime\Cache\Admin\b558c9b0e3a35e65c85cd770463590ad.php 第 1013 行.
SQL: SELECT `username` FROM `fen_member` WHERE `id` = 3 LIMIT 1   [ RunTime:0.0000s ]
SQL: SELECT `level` FROM `fen_member` WHERE `id` = 3 LIMIT 1   [ RunTime:0.0000s ]
SQL: SELECT `name` FROM `fen_member_data` WHERE `member_id` = 12 LIMIT 1   [ RunTime:0.0030s ]
SQL: SELECT `sex` FROM `fen_member_data` WHERE `member_id` = 12 LIMIT 1   [ RunTime:0.0000s ]
SQL: SELECT `phone` FROM `fen_member_data` WHERE `member_id` = 12 LIMIT 1   [ RunTime:0.0000s ]
SQL: SELECT * FROM `fen_member_product` WHERE `member_id` = 12 LIMIT 1   [ RunTime:0.0000s ]
NOTIC: [8] Use of undefined constant id - assumed 'id' D:\wamp\www\fenxiao\Application\Runtime\Cache\Admin\b558c9b0e3a35e65c85cd770463590ad.php 第 1013 行.
SQL: SELECT `username` FROM `fen_member` WHERE `id` = 12 LIMIT 1   [ RunTime:0.0000s ]
SQL: SELECT `level` FROM `fen_member` WHERE `id` = 12 LIMIT 1   [ RunTime:0.0000s ]
SQL: SELECT `name` FROM `fen_member_data` WHERE `member_id` = 13 LIMIT 1   [ RunTime:0.0000s ]
SQL: SELECT `sex` FROM `fen_member_data` WHERE `member_id` = 13 LIMIT 1   [ RunTime:0.0010s ]
SQL: SELECT `phone` FROM `fen_member_data` WHERE `member_id` = 13 LIMIT 1   [ RunTime:0.0000s ]
SQL: SELECT * FROM `fen_member_product` WHERE `member_id` = 13 LIMIT 1   [ RunTime:0.0000s ]
SQL: SELECT COUNT(*) AS tp_count FROM `fen_member` WHERE `refe_id` = 3 AND `level` = 2 LIMIT 1   [ RunTime:0.0000s ]
SQL: SELECT COUNT(*) AS tp_count FROM `fen_member` WHERE `refe_id` = 3 AND `level` = 1 LIMIT 1   [ RunTime:0.0000s ]
SQL: SELECT COUNT(*) AS tp_count FROM `fen_member` WHERE `refe_id` = 4 AND `level` = 2 LIMIT 1   [ RunTime:0.0000s ]
SQL: SELECT COUNT(*) AS tp_count FROM `fen_member` WHERE `refe_id` = 4 AND `level` = 1 LIMIT 1   [ RunTime:0.0010s ]
SQL: SELECT COUNT(*) AS tp_count FROM `fen_member` WHERE `refe_id` = 12 AND `level` = 2 LIMIT 1   [ RunTime:0.0010s ]
SQL: SELECT COUNT(*) AS tp_count FROM `fen_member` WHERE `refe_id` = 12 AND `level` = 1 LIMIT 1   [ RunTime:0.0000s ]
SQL: SELECT COUNT(*) AS tp_count FROM `fen_member` WHERE `refe_id` = 13 AND `level` = 2 LIMIT 1   [ RunTime:0.0000s ]
SQL: SELECT COUNT(*) AS tp_count FROM `fen_member` WHERE `refe_id` = 13 AND `level` = 1 LIMIT 1   [ RunTime:0.0000s ]
INFO: Run Behavior\ParseTemplateBehavior [ RunTime:0.077005s ]
INFO: [ view_parse ] --END-- [ RunTime:0.077005s ]
INFO: [ view_filter ] --START--
INFO: Run Behavior\WriteHtmlCacheBehavior [ RunTime:0.001000s ]
INFO: [ view_filter ] --END-- [ RunTime:0.001000s ]
INFO: [ app_end ] --START--
INFO: Run Behavior\ShowPageTraceBehavior [ RunTime:0.001000s ]
INFO: [ app_end ] --END-- [ RunTime:0.001000s ]

[ 2018-03-21T13:40:19+08:00 ] 127.0.0.1 /index.php/Admin/Member/get_member_value
INFO: [ app_init ] --START--
INFO: Run Behavior\BuildLiteBehavior [ RunTime:0.000000s ]
INFO: [ app_init ] --END-- [ RunTime:0.001000s ]
INFO: [ app_begin ] --START--
INFO: Run Behavior\ReadHtmlCacheBehavior [ RunTime:0.001000s ]
INFO: [ app_begin ] --END-- [ RunTime:0.001000s ]
SQL: SHOW COLUMNS FROM `fen_member` [ RunTime:0.0090s ]
SQL: SELECT * FROM `fen_member` WHERE `refe_id` = 4  [ RunTime:0.0010s ]
SQL: SELECT * FROM `fen_member` WHERE `refe_id` = 6  [ RunTime:0.0000s ]
SQL: SELECT * FROM `fen_member` WHERE `refe_id` = 5  [ RunTime:0.0010s ]
INFO: [ app_end ] --START--
INFO: Run Behavior\ShowPageTraceBehavior [ RunTime:0.005001s ]
INFO: [ app_end ] --END-- [ RunTime:0.005001s ]

[ 2018-03-21T13:40:21+08:00 ] 127.0.0.1 /index.php/Admin/Member/get_member_value
INFO: [ app_init ] --START--
INFO: Run Behavior\BuildLiteBehavior [ RunTime:0.001000s ]
INFO: [ app_init ] --END-- [ RunTime:0.004000s ]
INFO: [ app_begin ] --START--
INFO: Run Behavior\ReadHtmlCacheBehavior [ RunTime:0.003000s ]
INFO: [ app_begin ] --END-- [ RunTime:0.004000s ]
SQL: SHOW COLUMNS FROM `fen_member` [ RunTime:0.0100s ]
SQL: SELECT * FROM `fen_member` WHERE `refe_id` = 3  [ RunTime:0.0010s ]
SQL: SELECT * FROM `fen_member` WHERE `refe_id` = 4  [ RunTime:0.0020s ]
SQL: SELECT * FROM `fen_member` WHERE `refe_id` = 6  [ RunTime:0.0010s ]
SQL: SELECT * FROM `fen_member` WHERE `refe_id` = 5  [ RunTime:0.0020s ]
SQL: SELECT * FROM `fen_member` WHERE `refe_id` = 12  [ RunTime:0.0010s ]
SQL: SELECT * FROM `fen_member` WHERE `refe_id` = 13  [ RunTime:0.0000s ]
INFO: [ app_end ] --START--
INFO: Run Behavior\ShowPageTraceBehavior [ RunTime:0.001000s ]
INFO: [ app_end ] --END-- [ RunTime:0.001000s ]

[ 2018-03-21T13:40:25+08:00 ] 127.0.0.1 /index.php/Admin/Member/get_member_value
INFO: [ app_init ] --START--
INFO: Run Behavior\BuildLiteBehavior [ RunTime:0.000000s ]
INFO: [ app_init ] --END-- [ RunTime:0.001000s ]
INFO: [ app_begin ] --START--
INFO: Run Behavior\ReadHtmlCacheBehavior [ RunTime:0.002000s ]
INFO: [ app_begin ] --END-- [ RunTime:0.003000s ]
SQL: SHOW COLUMNS FROM `fen_member` [ RunTime:0.0090s ]
SQL: SELECT * FROM `fen_member` WHERE `refe_id` = 3  [ RunTime:0.0010s ]
SQL: SELECT * FROM `fen_member` WHERE `refe_id` = 4  [ RunTime:0.0030s ]
SQL: SELECT * FROM `fen_member` WHERE `refe_id` = 6  [ RunTime:0.0000s ]
SQL: SELECT * FROM `fen_member` WHERE `refe_id` = 5  [ RunTime:0.0010s ]
SQL: SELECT * FROM `fen_member` WHERE `refe_id` = 12  [ RunTime:0.0020s ]
SQL: SELECT * FROM `fen_member` WHERE `refe_id` = 13  [ RunTime:0.0000s ]
INFO: [ app_end ] --START--
INFO: Run Behavior\ShowPageTraceBehavior [ RunTime:0.001000s ]
INFO: [ app_end ] --END-- [ RunTime:0.001000s ]

[ 2018-03-21T13:42:12+08:00 ] 127.0.0.1 /index.php/Admin/member/daili_index
INFO: [ app_init ] --START--
INFO: Run Behavior\BuildLiteBehavior [ RunTime:0.000000s ]
INFO: [ app_init ] --END-- [ RunTime:0.004000s ]
INFO: [ app_begin ] --START--
INFO: Run Behavior\ReadHtmlCacheBehavior [ RunTime:0.002000s ]
INFO: [ app_begin ] --END-- [ RunTime:0.002000s ]
SQL: SHOW COLUMNS FROM `fen_member` [ RunTime:0.0070s ]
NOTIC: [8] Undefined variable: data D:\wamp\www\fenxiao\Application\Admin\Controller\MemberController.class.php 第 79 行.
SQL: SELECT COUNT(*) AS tp_count FROM `fen_member` LIMIT 1   [ RunTime:0.0000s ]
NOTIC: [8] Undefined index: p D:\wamp\www\fenxiao\Application\Admin\Controller\MemberController.class.php 第 80 行.
SQL: SELECT * FROM `fen_member` WHERE `level` = 2 LIMIT 0,20   [ RunTime:0.0010s ]
INFO: [ view_parse ] --START--
INFO: [ template_filter ] --START--
INFO: Run Behavior\ContentReplaceBehavior [ RunTime:0.000000s ]
INFO: [ template_filter ] --END-- [ RunTime:0.000000s ]
NOTIC: [8] Undefined variable: vo D:\wamp\www\fenxiao\Application\Runtime\Cache\Admin\b558c9b0e3a35e65c85cd770463590ad.php 第 971 行.
NOTIC: [8] Use of undefined constant id - assumed 'id' D:\wamp\www\fenxiao\Application\Runtime\Cache\Admin\b558c9b0e3a35e65c85cd770463590ad.php 第 1013 行.
SQL: SELECT `username` FROM `fen_member` WHERE `id` = 2 LIMIT 1   [ RunTime:0.0010s ]
SQL: SELECT `level` FROM `fen_member` WHERE `id` = 2 LIMIT 1   [ RunTime:0.0010s ]
SQL: SHOW COLUMNS FROM `fen_member_data` [ RunTime:0.0090s ]
SQL: SELECT `name` FROM `fen_member_data` WHERE `member_id` = 3 LIMIT 1   [ RunTime:0.0010s ]
SQL: SELECT `sex` FROM `fen_member_data` WHERE `member_id` = 3 LIMIT 1   [ RunTime:0.0000s ]
SQL: SELECT `phone` FROM `fen_member_data` WHERE `member_id` = 3 LIMIT 1   [ RunTime:0.0000s ]
SQL: SHOW COLUMNS FROM `fen_member_product` [ RunTime:0.0080s ]
SQL: SELECT * FROM `fen_member_product` WHERE `member_id` = 3 LIMIT 1   [ RunTime:0.0080s ]
NOTIC: [8] Use of undefined constant id - assumed 'id' D:\wamp\www\fenxiao\Application\Runtime\Cache\Admin\b558c9b0e3a35e65c85cd770463590ad.php 第 1013 行.
SQL: SELECT `username` FROM `fen_member` WHERE `id` = 3 LIMIT 1   [ RunTime:0.0080s ]
SQL: SELECT `level` FROM `fen_member` WHERE `id` = 3 LIMIT 1   [ RunTime:0.0010s ]
SQL: SELECT `name` FROM `fen_member_data` WHERE `member_id` = 4 LIMIT 1   [ RunTime:0.0010s ]
SQL: SELECT `sex` FROM `fen_member_data` WHERE `member_id` = 4 LIMIT 1   [ RunTime:0.0000s ]
SQL: SELECT `phone` FROM `fen_member_data` WHERE `member_id` = 4 LIMIT 1   [ RunTime:0.0000s ]
SQL: SELECT * FROM `fen_member_product` WHERE `member_id` = 4 LIMIT 1   [ RunTime:0.0010s ]
NOTIC: [8] Use of undefined constant id - assumed 'id' D:\wamp\www\fenxiao\Application\Runtime\Cache\Admin\b558c9b0e3a35e65c85cd770463590ad.php 第 1013 行.
SQL: SELECT `username` FROM `fen_member` WHERE `id` = 3 LIMIT 1   [ RunTime:0.0000s ]
SQL: SELECT `level` FROM `fen_member` WHERE `id` = 3 LIMIT 1   [ RunTime:0.0000s ]
SQL: SELECT `name` FROM `fen_member_data` WHERE `member_id` = 12 LIMIT 1   [ RunTime:0.0000s ]
SQL: SELECT `sex` FROM `fen_member_data` WHERE `member_id` = 12 LIMIT 1   [ RunTime:0.0010s ]
SQL: SELECT `phone` FROM `fen_member_data` WHERE `member_id` = 12 LIMIT 1   [ RunTime:0.0010s ]
SQL: SELECT * FROM `fen_member_product` WHERE `member_id` = 12 LIMIT 1   [ RunTime:0.0010s ]
NOTIC: [8] Use of undefined constant id - assumed 'id' D:\wamp\www\fenxiao\Application\Runtime\Cache\Admin\b558c9b0e3a35e65c85cd770463590ad.php 第 1013 行.
SQL: SELECT `username` FROM `fen_member` WHERE `id` = 12 LIMIT 1   [ RunTime:0.0000s ]
SQL: SELECT `level` FROM `fen_member` WHERE `id` = 12 LIMIT 1   [ RunTime:0.0000s ]
SQL: SELECT `name` FROM `fen_member_data` WHERE `member_id` = 13 LIMIT 1   [ RunTime:0.0000s ]
SQL: SELECT `sex` FROM `fen_member_data` WHERE `member_id` = 13 LIMIT 1   [ RunTime:0.0000s ]
SQL: SELECT `phone` FROM `fen_member_data` WHERE `member_id` = 13 LIMIT 1   [ RunTime:0.0010s ]
SQL: SELECT * FROM `fen_member_product` WHERE `member_id` = 13 LIMIT 1   [ RunTime:0.0020s ]
SQL: SELECT COUNT(*) AS tp_count FROM `fen_member` WHERE `refe_id` = 3 AND `level` = 2 LIMIT 1   [ RunTime:0.0000s ]
SQL: SELECT COUNT(*) AS tp_count FROM `fen_member` WHERE `refe_id` = 3 AND `level` = 1 LIMIT 1   [ RunTime:0.0010s ]
SQL: SELECT COUNT(*) AS tp_count FROM `fen_member` WHERE `refe_id` = 4 AND `level` = 2 LIMIT 1   [ RunTime:0.0000s ]
SQL: SELECT COUNT(*) AS tp_count FROM `fen_member` WHERE `refe_id` = 4 AND `level` = 1 LIMIT 1   [ RunTime:0.0010s ]
SQL: SELECT COUNT(*) AS tp_count FROM `fen_member` WHERE `refe_id` = 12 AND `level` = 2 LIMIT 1   [ RunTime:0.0010s ]
SQL: SELECT COUNT(*) AS tp_count FROM `fen_member` WHERE `refe_id` = 12 AND `level` = 1 LIMIT 1   [ RunTime:0.0000s ]
SQL: SELECT COUNT(*) AS tp_count FROM `fen_member` WHERE `refe_id` = 13 AND `level` = 2 LIMIT 1   [ RunTime:0.0010s ]
SQL: SELECT COUNT(*) AS tp_count FROM `fen_member` WHERE `refe_id` = 13 AND `level` = 1 LIMIT 1   [ RunTime:0.0000s ]
INFO: Run Behavior\ParseTemplateBehavior [ RunTime:0.123007s ]
INFO: [ view_parse ] --END-- [ RunTime:0.123007s ]
INFO: [ view_filter ] --START--
INFO: Run Behavior\WriteHtmlCacheBehavior [ RunTime:0.002001s ]
INFO: [ view_filter ] --END-- [ RunTime:0.002001s ]
INFO: [ app_end ] --START--
INFO: Run Behavior\ShowPageTraceBehavior [ RunTime:0.002000s ]
INFO: [ app_end ] --END-- [ RunTime:0.002000s ]

[ 2018-03-21T13:43:52+08:00 ] 127.0.0.1 /index.php/Admin/member/zong_index
INFO: [ app_init ] --START--
INFO: Run Behavior\BuildLiteBehavior [ RunTime:0.000000s ]
INFO: [ app_init ] --END-- [ RunTime:0.001000s ]
INFO: [ app_begin ] --START--
INFO: Run Behavior\ReadHtmlCacheBehavior [ RunTime:0.001000s ]
INFO: [ app_begin ] --END-- [ RunTime:0.001000s ]
SQL: SHOW COLUMNS FROM `fen_member` [ RunTime:0.0060s ]
SQL: SELECT COUNT(*) AS tp_count FROM `fen_member` WHERE ( `level` = 3 OR `level` = 4 OR `level` = 5 ) LIMIT 1   [ RunTime:0.0010s ]
NOTIC: [8] Undefined index: p D:\wamp\www\fenxiao\Application\Admin\Controller\MemberController.class.php 第 108 行.
SQL: SELECT * FROM `fen_member` WHERE ( `level` = 3 OR `level` = 4 OR `level` = 5 ) LIMIT 0,20   [ RunTime:0.0010s ]
INFO: [ view_parse ] --START--
INFO: [ template_filter ] --START--
INFO: Run Behavior\ContentReplaceBehavior [ RunTime:0.000000s ]
INFO: [ template_filter ] --END-- [ RunTime:0.000000s ]
NOTIC: [8] Undefined variable: vo D:\wamp\www\fenxiao\Application\Runtime\Cache\Admin\6fb5f108f3a226cc14f8c89c25ec80ee.php 第 971 行.
NOTIC: [8] Use of undefined constant id - assumed 'id' D:\wamp\www\fenxiao\Application\Runtime\Cache\Admin\6fb5f108f3a226cc14f8c89c25ec80ee.php 第 1015 行.
SQL: SELECT `level` FROM `fen_member` WHERE `id` = 2 LIMIT 1   [ RunTime:0.0000s ]
SQL: SELECT `username` FROM `fen_member` WHERE `id` = 0 LIMIT 1   [ RunTime:0.0000s ]
SQL: SELECT `level` FROM `fen_member` WHERE `id` = 0 LIMIT 1   [ RunTime:0.0000s ]
SQL: SHOW COLUMNS FROM `fen_member_data` [ RunTime:0.0070s ]
SQL: SELECT `name` FROM `fen_member_data` WHERE `member_id` = 2 LIMIT 1   [ RunTime:0.0010s ]
SQL: SELECT `sex` FROM `fen_member_data` WHERE `member_id` = 2 LIMIT 1   [ RunTime:0.0010s ]
SQL: SELECT `phone` FROM `fen_member_data` WHERE `member_id` = 2 LIMIT 1   [ RunTime:0.0000s ]
SQL: SHOW COLUMNS FROM `fen_member_product` [ RunTime:0.0060s ]
SQL: SELECT * FROM `fen_member_product` WHERE `member_id` = 2 LIMIT 1   [ RunTime:0.0010s ]
NOTIC: [8] Use of undefined constant id - assumed 'id' D:\wamp\www\fenxiao\Application\Runtime\Cache\Admin\6fb5f108f3a226cc14f8c89c25ec80ee.php 第 1015 行.
SQL: SELECT `level` FROM `fen_member` WHERE `id` = 8 LIMIT 1   [ RunTime:0.0010s ]
SQL: SELECT `username` FROM `fen_member` WHERE `id` = 1 LIMIT 1   [ RunTime:0.0000s ]
SQL: SELECT `level` FROM `fen_member` WHERE `id` = 1 LIMIT 1   [ RunTime:0.0000s ]
SQL: SELECT `name` FROM `fen_member_data` WHERE `member_id` = 8 LIMIT 1   [ RunTime:0.0000s ]
SQL: SELECT `sex` FROM `fen_member_data` WHERE `member_id` = 8 LIMIT 1   [ RunTime:0.0000s ]
SQL: SELECT `phone` FROM `fen_member_data` WHERE `member_id` = 8 LIMIT 1   [ RunTime:0.0010s ]
SQL: SELECT * FROM `fen_member_product` WHERE `member_id` = 8 LIMIT 1   [ RunTime:0.0010s ]
SQL: SELECT COUNT(*) AS tp_count FROM `fen_member` WHERE `refe_id` = 2 AND `level` = 2 LIMIT 1   [ RunTime:0.0000s ]
SQL: SELECT COUNT(*) AS tp_count FROM `fen_member` WHERE `refe_id` = 2 AND `level` = 1 LIMIT 1   [ RunTime:0.0010s ]
SQL: SELECT COUNT(*) AS tp_count FROM `fen_member` WHERE `refe_id` = 8 AND `level` = 2 LIMIT 1   [ RunTime:0.0010s ]
SQL: SELECT COUNT(*) AS tp_count FROM `fen_member` WHERE `refe_id` = 8 AND `level` = 1 LIMIT 1   [ RunTime:0.0010s ]
INFO: Run Behavior\ParseTemplateBehavior [ RunTime:0.063003s ]
INFO: [ view_parse ] --END-- [ RunTime:0.063003s ]
INFO: [ view_filter ] --START--
INFO: Run Behavior\WriteHtmlCacheBehavior [ RunTime:0.001000s ]
INFO: [ view_filter ] --END-- [ RunTime:0.001000s ]
INFO: [ app_end ] --START--
INFO: Run Behavior\ShowPageTraceBehavior [ RunTime:0.002000s ]
INFO: [ app_end ] --END-- [ RunTime:0.002000s ]

[ 2018-03-21T13:44:14+08:00 ] 127.0.0.1 /index.php/Admin/member/vip_index
INFO: [ app_init ] --START--
INFO: Run Behavior\BuildLiteBehavior [ RunTime:0.000000s ]
INFO: [ app_init ] --END-- [ RunTime:0.001000s ]
INFO: [ app_begin ] --START--
INFO: Run Behavior\ReadHtmlCacheBehavior [ RunTime:0.001000s ]
INFO: [ app_begin ] --END-- [ RunTime:0.002000s ]
SQL: SHOW COLUMNS FROM `fen_member` [ RunTime:0.0060s ]
SQL: SELECT COUNT(*) AS tp_count FROM `fen_member` WHERE `level` = 1 LIMIT 1   [ RunTime:0.0010s ]
NOTIC: [8] Undefined index: p D:\wamp\www\fenxiao\Application\Admin\Controller\MemberController.class.php 第 30 行.
SQL: SELECT * FROM `fen_member` WHERE `level` = 1 LIMIT 0,20   [ RunTime:0.0010s ]
INFO: [ view_parse ] --START--
INFO: [ template_filter ] --START--
INFO: Run Behavior\ContentReplaceBehavior [ RunTime:0.000000s ]
INFO: [ template_filter ] --END-- [ RunTime:0.000000s ]
NOTIC: [8] Undefined variable: vo D:\wamp\www\fenxiao\Application\Runtime\Cache\Admin\6ea7a0a1d02c4f8c43d608118ef245f9.php 第 971 行.
NOTIC: [8] Use of undefined constant id - assumed 'id' D:\wamp\www\fenxiao\Application\Runtime\Cache\Admin\6ea7a0a1d02c4f8c43d608118ef245f9.php 第 1013 行.
SQL: SELECT `username` FROM `fen_member` WHERE `id` = 6 LIMIT 1   [ RunTime:0.0010s ]
SQL: SELECT `level` FROM `fen_member` WHERE `id` = 6 LIMIT 1   [ RunTime:0.0010s ]
SQL: SHOW COLUMNS FROM `fen_member_data` [ RunTime:0.0070s ]
SQL: SELECT `name` FROM `fen_member_data` WHERE `member_id` = 5 LIMIT 1   [ RunTime:0.0000s ]
SQL: SELECT `sex` FROM `fen_member_data` WHERE `member_id` = 5 LIMIT 1   [ RunTime:0.0000s ]
SQL: SELECT `phone` FROM `fen_member_data` WHERE `member_id` = 5 LIMIT 1   [ RunTime:0.0000s ]
NOTIC: [8] Use of undefined constant id - assumed 'id' D:\wamp\www\fenxiao\Application\Runtime\Cache\Admin\6ea7a0a1d02c4f8c43d608118ef245f9.php 第 1013 行.
SQL: SELECT `username` FROM `fen_member` WHERE `id` = 4 LIMIT 1   [ RunTime:0.0000s ]
SQL: SELECT `level` FROM `fen_member` WHERE `id` = 4 LIMIT 1   [ RunTime:0.0000s ]
SQL: SELECT `name` FROM `fen_member_data` WHERE `member_id` = 6 LIMIT 1   [ RunTime:0.0010s ]
SQL: SELECT `sex` FROM `fen_member_data` WHERE `member_id` = 6 LIMIT 1   [ RunTime:0.0000s ]
SQL: SELECT `phone` FROM `fen_member_data` WHERE `member_id` = 6 LIMIT 1   [ RunTime:0.0000s ]
NOTIC: [8] Use of undefined constant id - assumed 'id' D:\wamp\www\fenxiao\Application\Runtime\Cache\Admin\6ea7a0a1d02c4f8c43d608118ef245f9.php 第 1013 行.
SQL: SELECT `username` FROM `fen_member` WHERE `id` = 1 LIMIT 1   [ RunTime:0.0010s ]
SQL: SELECT `level` FROM `fen_member` WHERE `id` = 1 LIMIT 1   [ RunTime:0.0000s ]
SQL: SELECT `name` FROM `fen_member_data` WHERE `member_id` = 10 LIMIT 1   [ RunTime:0.0000s ]
SQL: SELECT `sex` FROM `fen_member_data` WHERE `member_id` = 10 LIMIT 1   [ RunTime:0.0000s ]
SQL: SELECT `phone` FROM `fen_member_data` WHERE `member_id` = 10 LIMIT 1   [ RunTime:0.0010s ]
NOTIC: [8] Use of undefined constant id - assumed 'id' D:\wamp\www\fenxiao\Application\Runtime\Cache\Admin\6ea7a0a1d02c4f8c43d608118ef245f9.php 第 1013 行.
SQL: SELECT `username` FROM `fen_member` WHERE `id` = 1 LIMIT 1   [ RunTime:0.0000s ]
SQL: SELECT `level` FROM `fen_member` WHERE `id` = 1 LIMIT 1   [ RunTime:0.0000s ]
SQL: SELECT `name` FROM `fen_member_data` WHERE `member_id` = 11 LIMIT 1   [ RunTime:0.0000s ]
SQL: SELECT `sex` FROM `fen_member_data` WHERE `member_id` = 11 LIMIT 1   [ RunTime:0.0000s ]
SQL: SELECT `phone` FROM `fen_member_data` WHERE `member_id` = 11 LIMIT 1   [ RunTime:0.0010s ]
NOTIC: [8] Use of undefined constant id - assumed 'id' D:\wamp\www\fenxiao\Application\Runtime\Cache\Admin\6ea7a0a1d02c4f8c43d608118ef245f9.php 第 1013 行.
SQL: SELECT `username` FROM `fen_member` WHERE `id` = 10 LIMIT 1   [ RunTime:0.0000s ]
SQL: SELECT `level` FROM `fen_member` WHERE `id` = 10 LIMIT 1   [ RunTime:0.0000s ]
SQL: SELECT `name` FROM `fen_member_data` WHERE `member_id` = 14 LIMIT 1   [ RunTime:0.0000s ]
SQL: SELECT `sex` FROM `fen_member_data` WHERE `member_id` = 14 LIMIT 1   [ RunTime:0.0010s ]
SQL: SELECT `phone` FROM `fen_member_data` WHERE `member_id` = 14 LIMIT 1   [ RunTime:0.0000s ]
NOTIC: [8] Use of undefined constant id - assumed 'id' D:\wamp\www\fenxiao\Application\Runtime\Cache\Admin\6ea7a0a1d02c4f8c43d608118ef245f9.php 第 1013 行.
SQL: SELECT `username` FROM `fen_member` WHERE `id` = 11 LIMIT 1   [ RunTime:0.0000s ]
SQL: SELECT `level` FROM `fen_member` WHERE `id` = 11 LIMIT 1   [ RunTime:0.0000s ]
SQL: SELECT `name` FROM `fen_member_data` WHERE `member_id` = 15 LIMIT 1   [ RunTime:0.0010s ]
SQL: SELECT `sex` FROM `fen_member_data` WHERE `member_id` = 15 LIMIT 1   [ RunTime:0.0000s ]
SQL: SELECT `phone` FROM `fen_member_data` WHERE `member_id` = 15 LIMIT 1   [ RunTime:0.0000s ]
INFO: Run Behavior\ParseTemplateBehavior [ RunTime:0.058003s ]
INFO: [ view_parse ] --END-- [ RunTime:0.058003s ]
INFO: [ view_filter ] --START--
INFO: Run Behavior\WriteHtmlCacheBehavior [ RunTime:0.001000s ]
INFO: [ view_filter ] --END-- [ RunTime:0.002000s ]
INFO: [ app_end ] --START--
INFO: Run Behavior\ShowPageTraceBehavior [ RunTime:0.002001s ]
INFO: [ app_end ] --END-- [ RunTime:0.002001s ]

[ 2018-03-21T13:44:39+08:00 ] 127.0.0.1 /index.php/Admin/member/indent
INFO: [ app_init ] --START--
INFO: Run Behavior\BuildLiteBehavior [ RunTime:0.000000s ]
INFO: [ app_init ] --END-- [ RunTime:0.001000s ]
INFO: [ app_begin ] --START--
INFO: Run Behavior\ReadHtmlCacheBehavior [ RunTime:0.001000s ]
INFO: [ app_begin ] --END-- [ RunTime:0.001000s ]
SQL: SHOW COLUMNS FROM `fen_indent` [ RunTime:0.0070s ]
SQL: SELECT COUNT(*) AS tp_count FROM `fen_indent` WHERE `status` = 1 LIMIT 1   [ RunTime:0.0010s ]
NOTIC: [8] Undefined index: p D:\wamp\www\fenxiao\Application\Admin\Controller\MemberController.class.php 第 383 行.
SQL: SELECT * FROM `fen_indent` WHERE `status` = 1 LIMIT 0,10   [ RunTime:0.0010s ]
INFO: [ view_parse ] --START--
INFO: [ template_filter ] --START--
INFO: Run Behavior\ContentReplaceBehavior [ RunTime:0.001000s ]
INFO: [ template_filter ] --END-- [ RunTime:0.001000s ]
NOTIC: [8] Use of undefined constant id - assumed 'id' D:\wamp\www\fenxiao\Application\Runtime\Cache\Admin\95116dd4e157075e9fe2df0f93f67174.php 第 1021 行.
SQL: SHOW COLUMNS FROM `fen_member_data` [ RunTime:0.0060s ]
SQL: SELECT `name` FROM `fen_member_data` WHERE `member_id` = 1 LIMIT 1   [ RunTime:0.0000s ]
SQL: SHOW COLUMNS FROM `fen_address` [ RunTime:0.0060s ]
SQL: SELECT `location`,`address` FROM `fen_address` WHERE `id` = 4 LIMIT 1   [ RunTime:0.0010s ]
SQL: SELECT `phone` FROM `fen_address` WHERE `id` = 4 LIMIT 1   [ RunTime:0.0000s ]
SQL: SHOW COLUMNS FROM `fen_member` [ RunTime:0.0060s ]
SQL: SELECT `username` FROM `fen_member` WHERE `id` = 1 LIMIT 1   [ RunTime:0.0000s ]
SQL: SELECT `name` FROM `fen_member_data` WHERE `member_id` = 1 LIMIT 1   [ RunTime:0.0000s ]
SQL: SELECT `phone` FROM `fen_member_data` WHERE `member_id` = 1 LIMIT 1   [ RunTime:0.0000s ]
NOTIC: [8] Use of undefined constant id - assumed 'id' D:\wamp\www\fenxiao\Application\Runtime\Cache\Admin\95116dd4e157075e9fe2df0f93f67174.php 第 1021 行.
SQL: SELECT `name` FROM `fen_member_data` WHERE `member_id` = 1 LIMIT 1   [ RunTime:0.0010s ]
SQL: SELECT `location`,`address` FROM `fen_address` WHERE `id` = 3 LIMIT 1   [ RunTime:0.0000s ]
SQL: SELECT `phone` FROM `fen_address` WHERE `id` = 3 LIMIT 1   [ RunTime:0.0010s ]
SQL: SELECT `username` FROM `fen_member` WHERE `id` = -1 LIMIT 1   [ RunTime:0.0050s ]
SQL: SELECT `name` FROM `fen_member_data` WHERE `member_id` = -1 LIMIT 1   [ RunTime:0.0000s ]
SQL: SELECT `phone` FROM `fen_member_data` WHERE `member_id` = -1 LIMIT 1   [ RunTime:0.0000s ]
NOTIC: [8] Use of undefined constant id - assumed 'id' D:\wamp\www\fenxiao\Application\Runtime\Cache\Admin\95116dd4e157075e9fe2df0f93f67174.php 第 1021 行.
SQL: SELECT `name` FROM `fen_member_data` WHERE `member_id` = 1 LIMIT 1   [ RunTime:0.0000s ]
SQL: SELECT `location`,`address` FROM `fen_address` WHERE `id` = 1 LIMIT 1   [ RunTime:0.0000s ]
SQL: SELECT `phone` FROM `fen_address` WHERE `id` = 1 LIMIT 1   [ RunTime:0.0010s ]
SQL: SELECT `username` FROM `fen_member` WHERE `id` = 2 LIMIT 1   [ RunTime:0.0000s ]
SQL: SELECT `name` FROM `fen_member_data` WHERE `member_id` = 2 LIMIT 1   [ RunTime:0.0000s ]
SQL: SELECT `phone` FROM `fen_member_data` WHERE `member_id` = 2 LIMIT 1   [ RunTime:0.0000s ]
NOTIC: [8] Use of undefined constant id - assumed 'id' D:\wamp\www\fenxiao\Application\Runtime\Cache\Admin\95116dd4e157075e9fe2df0f93f67174.php 第 1021 行.
SQL: SELECT `name` FROM `fen_member_data` WHERE `member_id` = 1 LIMIT 1   [ RunTime:0.0010s ]
SQL: SELECT `location`,`address` FROM `fen_address` WHERE `id` = 1 LIMIT 1   [ RunTime:0.0010s ]
SQL: SELECT `phone` FROM `fen_address` WHERE `id` = 1 LIMIT 1   [ RunTime:0.0000s ]
SQL: SELECT `username` FROM `fen_member` WHERE `id` = 2 LIMIT 1   [ RunTime:0.0010s ]
SQL: SELECT `name` FROM `fen_member_data` WHERE `member_id` = 2 LIMIT 1   [ RunTime:0.0000s ]
SQL: SELECT `phone` FROM `fen_member_data` WHERE `member_id` = 2 LIMIT 1   [ RunTime:0.0000s ]
NOTIC: [8] Use of undefined constant id - assumed 'id' D:\wamp\www\fenxiao\Application\Runtime\Cache\Admin\95116dd4e157075e9fe2df0f93f67174.php 第 1021 行.
SQL: SELECT `name` FROM `fen_member_data` WHERE `member_id` = 5 LIMIT 1   [ RunTime:0.0000s ]
SQL: SELECT `location`,`address` FROM `fen_address` WHERE `id` = 6 LIMIT 1   [ RunTime:0.0000s ]
SQL: SELECT `phone` FROM `fen_address` WHERE `id` = 6 LIMIT 1   [ RunTime:0.0010s ]
SQL: SELECT `username` FROM `fen_member` WHERE `id` = 4 LIMIT 1   [ RunTime:0.0000s ]
SQL: SELECT `name` FROM `fen_member_data` WHERE `member_id` = 4 LIMIT 1   [ RunTime:0.0000s ]
SQL: SELECT `phone` FROM `fen_member_data` WHERE `member_id` = 4 LIMIT 1   [ RunTime:0.0000s ]
NOTIC: [8] Use of undefined constant id - assumed 'id' D:\wamp\www\fenxiao\Application\Runtime\Cache\Admin\95116dd4e157075e9fe2df0f93f67174.php 第 1021 行.
SQL: SELECT `name` FROM `fen_member_data` WHERE `member_id` = 5 LIMIT 1   [ RunTime:0.0000s ]
SQL: SELECT `location`,`address` FROM `fen_address` WHERE `id` = 6 LIMIT 1   [ RunTime:0.0000s ]
SQL: SELECT `phone` FROM `fen_address` WHERE `id` = 6 LIMIT 1   [ RunTime:0.0000s ]
SQL: SELECT `username` FROM `fen_member` WHERE `id` = 4 LIMIT 1   [ RunTime:0.0000s ]
SQL: SELECT `name` FROM `fen_member_data` WHERE `member_id` = 4 LIMIT 1   [ RunTime:0.0000s ]
SQL: SELECT `phone` FROM `fen_member_data` WHERE `member_id` = 4 LIMIT 1   [ RunTime:0.0010s ]
NOTIC: [8] Use of undefined constant id - assumed 'id' D:\wamp\www\fenxiao\Application\Runtime\Cache\Admin\95116dd4e157075e9fe2df0f93f67174.php 第 1021 行.
SQL: SELECT `name` FROM `fen_member_data` WHERE `member_id` = 5 LIMIT 1   [ RunTime:0.0000s ]
SQL: SELECT `location`,`address` FROM `fen_address` WHERE `id` = 6 LIMIT 1   [ RunTime:0.0000s ]
SQL: SELECT `phone` FROM `fen_address` WHERE `id` = 6 LIMIT 1   [ RunTime:0.0000s ]
SQL: SELECT `username` FROM `fen_member` WHERE `id` = 4 LIMIT 1   [ RunTime:0.0010s ]
SQL: SELECT `name` FROM `fen_member_data` WHERE `member_id` = 4 LIMIT 1   [ RunTime:0.0000s ]
SQL: SELECT `phone` FROM `fen_member_data` WHERE `member_id` = 4 LIMIT 1   [ RunTime:0.0000s ]
NOTIC: [8] Undefined variable: tree D:\wamp\www\fenxiao\Application\Runtime\Cache\Admin\95116dd4e157075e9fe2df0f93f67174.php 第 1128 行.
INFO: Run Behavior\ParseTemplateBehavior [ RunTime:0.086004s ]
INFO: [ view_parse ] --END-- [ RunTime:0.086004s ]
INFO: [ view_filter ] --START--
INFO: Run Behavior\WriteHtmlCacheBehavior [ RunTime:0.001001s ]
INFO: [ view_filter ] --END-- [ RunTime:0.002001s ]
INFO: [ app_end ] --START--
INFO: Run Behavior\ShowPageTraceBehavior [ RunTime:0.002000s ]
INFO: [ app_end ] --END-- [ RunTime:0.003000s ]

[ 2018-03-21T13:45:23+08:00 ] 127.0.0.1 /index.php/Admin/index/index
INFO: [ app_init ] --START--
INFO: Run Behavior\BuildLiteBehavior [ RunTime:0.000000s ]
INFO: [ app_init ] --END-- [ RunTime:0.001000s ]
INFO: [ app_begin ] --START--
INFO: Run Behavior\ReadHtmlCacheBehavior [ RunTime:0.001001s ]
INFO: [ app_begin ] --END-- [ RunTime:0.001001s ]
SQL: SHOW COLUMNS FROM `fen_member` [ RunTime:0.0060s ]
SQL: SELECT COUNT(*) AS tp_count FROM `fen_member` WHERE `time` BETWEEN 1521561600 AND 1521647999 LIMIT 1   [ RunTime:0.0010s ]
SQL: SHOW COLUMNS FROM `fen_indent` [ RunTime:0.0070s ]
SQL: SELECT * FROM `fen_indent` WHERE `time` BETWEEN 1521561600 AND 1521647999  [ RunTime:0.0000s ]
SQL: SELECT COUNT(*) AS tp_count FROM `fen_member` WHERE `time` BETWEEN 1519833600 AND 1522511999 LIMIT 1   [ RunTime:0.0000s ]
SQL: SELECT * FROM `fen_indent` WHERE `time` BETWEEN 1519833600 AND 1522511999  [ RunTime:0.0000s ]
INFO: [ view_parse ] --START--
INFO: [ template_filter ] --START--
INFO: Run Behavior\ContentReplaceBehavior [ RunTime:0.000000s ]
INFO: [ template_filter ] --END-- [ RunTime:0.000000s ]
NOTIC: [8] Undefined variable: area D:\wamp\www\fenxiao\Application\Runtime\Cache\Admin\b595b808c2ebeeeb0478ffc30bb4e87a.php 第 1170 行.
NOTIC: [8] Undefined variable: list D:\wamp\www\fenxiao\Application\Runtime\Cache\Admin\b595b808c2ebeeeb0478ffc30bb4e87a.php 第 1212 行.
NOTIC: [8] Undefined variable: page D:\wamp\www\fenxiao\Application\Runtime\Cache\Admin\b595b808c2ebeeeb0478ffc30bb4e87a.php 第 1280 行.
INFO: Run Behavior\ParseTemplateBehavior [ RunTime:0.025001s ]
INFO: [ view_parse ] --END-- [ RunTime:0.025001s ]
INFO: [ view_filter ] --START--
INFO: Run Behavior\WriteHtmlCacheBehavior [ RunTime:0.001000s ]
INFO: [ view_filter ] --END-- [ RunTime:0.001000s ]
INFO: [ app_end ] --START--
INFO: Run Behavior\ShowPageTraceBehavior [ RunTime:0.002000s ]
INFO: [ app_end ] --END-- [ RunTime:0.002000s ]

[ 2018-03-21T13:45:46+08:00 ] 127.0.0.1 /index.php/Admin/member/daili_sub
INFO: [ app_init ] --START--
INFO: Run Behavior\BuildLiteBehavior [ RunTime:0.000000s ]
INFO: [ app_init ] --END-- [ RunTime:0.000000s ]
INFO: [ app_begin ] --START--
INFO: Run Behavior\ReadHtmlCacheBehavior [ RunTime:0.002000s ]
INFO: [ app_begin ] --END-- [ RunTime:0.005000s ]
SQL: SHOW COLUMNS FROM `fen_finances` [ RunTime:0.0070s ]
SQL: SELECT * FROM `fen_finances` WHERE `roletype` = 1 AND `moneytype` = 4 AND `status` = 0  [ RunTime:0.0000s ]
INFO: [ view_parse ] --START--
INFO: [ template_filter ] --START--
INFO: Run Behavior\ContentReplaceBehavior [ RunTime:0.000000s ]
INFO: [ template_filter ] --END-- [ RunTime:0.001000s ]
NOTIC: [8] Use of undefined constant id - assumed 'id' D:\wamp\www\fenxiao\Application\Runtime\Cache\Admin\403ecbf9af05c10c831f2e026da056de.php 第 998 行.
NOTIC: [8] Undefined variable: page D:\wamp\www\fenxiao\Application\Runtime\Cache\Admin\403ecbf9af05c10c831f2e026da056de.php 第 1017 行.
NOTIC: [8] Undefined variable: tree D:\wamp\www\fenxiao\Application\Runtime\Cache\Admin\403ecbf9af05c10c831f2e026da056de.php 第 1156 行.
INFO: Run Behavior\ParseTemplateBehavior [ RunTime:0.030002s ]
INFO: [ view_parse ] --END-- [ RunTime:0.030002s ]
INFO: [ view_filter ] --START--
INFO: Run Behavior\WriteHtmlCacheBehavior [ RunTime:0.001000s ]
INFO: [ view_filter ] --END-- [ RunTime:0.001000s ]
INFO: [ app_end ] --START--
INFO: Run Behavior\ShowPageTraceBehavior [ RunTime:0.002000s ]
INFO: [ app_end ] --END-- [ RunTime:0.002000s ]

[ 2018-03-21T13:45:48+08:00 ] 127.0.0.1 /index.php/Admin/Member/ind_s?MEM=1
INFO: [ app_init ] --START--
INFO: Run Behavior\BuildLiteBehavior [ RunTime:0.000000s ]
INFO: [ app_init ] --END-- [ RunTime:0.001000s ]
INFO: [ app_begin ] --START--
INFO: Run Behavior\ReadHtmlCacheBehavior [ RunTime:0.001000s ]
INFO: [ app_begin ] --END-- [ RunTime:0.001000s ]
SQL: SHOW COLUMNS FROM `fen_indent` [ RunTime:0.0060s ]
SQL: SELECT * FROM `fen_indent` WHERE `member_id` = 1 AND `status` <> 0 ORDER BY id desc  [ RunTime:0.0010s ]
INFO: [ view_parse ] --START--
INFO: [ template_filter ] --START--
INFO: Run Behavior\ContentReplaceBehavior [ RunTime:0.000000s ]
INFO: [ template_filter ] --END-- [ RunTime:0.000000s ]
NOTIC: [8] Use of undefined constant id - assumed 'id' D:\wamp\www\fenxiao\Application\Runtime\Cache\Admin\5941be72976353ef124340271d05f15c.php 第 1022 行.
SQL: SHOW COLUMNS FROM `fen_member_data` [ RunTime:0.0060s ]
SQL: SELECT `name` FROM `fen_member_data` WHERE `member_id` = 1 LIMIT 1   [ RunTime:0.0010s ]
SQL: SHOW COLUMNS FROM `fen_address` [ RunTime:0.0070s ]
SQL: SELECT `location`,`address` FROM `fen_address` WHERE `id` = 1 LIMIT 1   [ RunTime:0.0010s ]
SQL: SELECT `phone` FROM `fen_address` WHERE `id` = 1 LIMIT 1   [ RunTime:0.0000s ]
SQL: SHOW COLUMNS FROM `fen_member` [ RunTime:0.0060s ]
SQL: SELECT `username` FROM `fen_member` WHERE `id` = 2 LIMIT 1   [ RunTime:0.0010s ]
SQL: SELECT `name` FROM `fen_member_data` WHERE `member_id` = 2 LIMIT 1   [ RunTime:0.0010s ]
SQL: SELECT `phone` FROM `fen_member_data` WHERE `member_id` = 2 LIMIT 1   [ RunTime:0.0000s ]
NOTIC: [8] Use of undefined constant id - assumed 'id' D:\wamp\www\fenxiao\Application\Runtime\Cache\Admin\5941be72976353ef124340271d05f15c.php 第 1022 行.
SQL: SELECT `name` FROM `fen_member_data` WHERE `member_id` = 1 LIMIT 1   [ RunTime:0.0000s ]
SQL: SELECT `location`,`address` FROM `fen_address` WHERE `id` = 1 LIMIT 1   [ RunTime:0.0000s ]
SQL: SELECT `phone` FROM `fen_address` WHERE `id` = 1 LIMIT 1   [ RunTime:0.0000s ]
SQL: SELECT `username` FROM `fen_member` WHERE `id` = 2 LIMIT 1   [ RunTime:0.0000s ]
SQL: SELECT `name` FROM `fen_member_data` WHERE `member_id` = 2 LIMIT 1   [ RunTime:0.0000s ]
SQL: SELECT `phone` FROM `fen_member_data` WHERE `member_id` = 2 LIMIT 1   [ RunTime:0.0000s ]
NOTIC: [8] Use of undefined constant id - assumed 'id' D:\wamp\www\fenxiao\Application\Runtime\Cache\Admin\5941be72976353ef124340271d05f15c.php 第 1022 行.
SQL: SELECT `name` FROM `fen_member_data` WHERE `member_id` = 1 LIMIT 1   [ RunTime:0.0000s ]
SQL: SELECT `location`,`address` FROM `fen_address` WHERE `id` = 3 LIMIT 1   [ RunTime:0.0000s ]
SQL: SELECT `phone` FROM `fen_address` WHERE `id` = 3 LIMIT 1   [ RunTime:0.0000s ]
SQL: SELECT `username` FROM `fen_member` WHERE `id` = -1 LIMIT 1   [ RunTime:0.0000s ]
SQL: SELECT `name` FROM `fen_member_data` WHERE `member_id` = -1 LIMIT 1   [ RunTime:0.0000s ]
SQL: SELECT `phone` FROM `fen_member_data` WHERE `member_id` = -1 LIMIT 1   [ RunTime:0.0020s ]
NOTIC: [8] Use of undefined constant id - assumed 'id' D:\wamp\www\fenxiao\Application\Runtime\Cache\Admin\5941be72976353ef124340271d05f15c.php 第 1022 行.
SQL: SELECT `name` FROM `fen_member_data` WHERE `member_id` = 1 LIMIT 1   [ RunTime:0.0010s ]
SQL: SELECT `location`,`address` FROM `fen_address` WHERE `id` = 4 LIMIT 1   [ RunTime:0.0000s ]
SQL: SELECT `phone` FROM `fen_address` WHERE `id` = 4 LIMIT 1   [ RunTime:0.0000s ]
SQL: SELECT `username` FROM `fen_member` WHERE `id` = 1 LIMIT 1   [ RunTime:0.0000s ]
SQL: SELECT `name` FROM `fen_member_data` WHERE `member_id` = 1 LIMIT 1   [ RunTime:0.0000s ]
SQL: SELECT `phone` FROM `fen_member_data` WHERE `member_id` = 1 LIMIT 1   [ RunTime:0.0000s ]
NOTIC: [8] Use of undefined constant id - assumed 'id' D:\wamp\www\fenxiao\Application\Runtime\Cache\Admin\5941be72976353ef124340271d05f15c.php 第 1022 行.
SQL: SELECT `name` FROM `fen_member_data` WHERE `member_id` = 1 LIMIT 1   [ RunTime:0.0000s ]
SQL: SELECT `location`,`address` FROM `fen_address` WHERE `id` = 1 LIMIT 1   [ RunTime:0.0000s ]
SQL: SELECT `phone` FROM `fen_address` WHERE `id` = 1 LIMIT 1   [ RunTime:0.0010s ]
SQL: SELECT `username` FROM `fen_member` WHERE `id` = 1 LIMIT 1   [ RunTime:0.0010s ]
SQL: SELECT `name` FROM `fen_member_data` WHERE `member_id` = 1 LIMIT 1   [ RunTime:0.0000s ]
SQL: SELECT `phone` FROM `fen_member_data` WHERE `member_id` = 1 LIMIT 1   [ RunTime:0.0000s ]
NOTIC: [8] Undefined variable: page D:\wamp\www\fenxiao\Application\Runtime\Cache\Admin\5941be72976353ef124340271d05f15c.php 第 1043 行.
NOTIC: [8] Undefined variable: tree D:\wamp\www\fenxiao\Application\Runtime\Cache\Admin\5941be72976353ef124340271d05f15c.php 第 1129 行.
INFO: Run Behavior\ParseTemplateBehavior [ RunTime:0.083005s ]
INFO: [ view_parse ] --END-- [ RunTime:0.083005s ]
INFO: [ view_filter ] --START--
INFO: Run Behavior\WriteHtmlCacheBehavior [ RunTime:0.001000s ]
INFO: [ view_filter ] --END-- [ RunTime:0.001000s ]
INFO: [ app_end ] --START--
INFO: Run Behavior\ShowPageTraceBehavior [ RunTime:0.006000s ]
INFO: [ app_end ] --END-- [ RunTime:0.006000s ]

