[ 2018-10-17T10:46:24+08:00 ] 127.0.0.1 /index.php/admin/login
ERR: Cron:cron Runat 2018-10-17 10:46:24 Use 1.012505 s

[ 2018-10-17T10:46:25+08:00 ] 127.0.0.1 /index.php/admin/login
INFO: [ app_init ] --START--
INFO: Run Behavior\BuildLiteBehavior [ RunTime:0.000032s ]
INFO: [ app_init ] --END-- [ RunTime:0.000913s ]
INFO: [ app_begin ] --START--
INFO: Run Behavior\ReadHtmlCacheBehavior [ RunTime:0.018619s ]
SQL: SHOW COLUMNS FROM `red_indent` [ RunTime:0.1477s ]
SQL: SELECT * FROM `red_indent` WHERE `status` = 2  [ RunTime:0.0010s ]
INFO: Run Behavior\CronRunBehavior [ RunTime:1.186377s ]
INFO: [ app_begin ] --END-- [ RunTime:1.205254s ]
INFO: [ view_parse ] --START--
INFO: [ template_filter ] --START--
INFO: Run Behavior\ContentReplaceBehavior [ RunTime:0.000095s ]
INFO: [ template_filter ] --END-- [ RunTime:0.012019s ]
INFO: Run Behavior\ParseTemplateBehavior [ RunTime:0.138814s ]
INFO: [ view_parse ] --END-- [ RunTime:0.138959s ]
INFO: [ view_filter ] --START--
INFO: Run Behavior\WriteHtmlCacheBehavior [ RunTime:0.014804s ]
INFO: [ view_filter ] --END-- [ RunTime:0.014936s ]
INFO: [ app_end ] --START--
INFO: Run Behavior\ShowPageTraceBehavior [ RunTime:0.038127s ]
INFO: [ app_end ] --END-- [ RunTime:0.038289s ]

[ 2018-10-17T10:46:26+08:00 ] 127.0.0.1 /index.php/Admin/login/verify.html
INFO: [ app_init ] --START--
INFO: Run Behavior\BuildLiteBehavior [ RunTime:0.000032s ]
INFO: [ app_init ] --END-- [ RunTime:0.000937s ]
INFO: [ app_begin ] --START--
INFO: Run Behavior\ReadHtmlCacheBehavior [ RunTime:0.002456s ]
INFO: Run Behavior\CronRunBehavior [ RunTime:0.013540s ]
INFO: [ app_begin ] --END-- [ RunTime:0.016327s ]
INFO: [ app_end ] --START--
INFO: Run Behavior\ShowPageTraceBehavior [ RunTime:0.001526s ]
INFO: [ app_end ] --END-- [ RunTime:0.001709s ]

[ 2018-10-17T10:46:29+08:00 ] 127.0.0.1 /index.php/Admin/Login/verify/0.9828395517749189
INFO: [ app_init ] --START--
INFO: Run Behavior\BuildLiteBehavior [ RunTime:0.000034s ]
INFO: [ app_init ] --END-- [ RunTime:0.001132s ]
INFO: [ app_begin ] --START--
INFO: Run Behavior\ReadHtmlCacheBehavior [ RunTime:0.001372s ]
INFO: Run Behavior\CronRunBehavior [ RunTime:0.007932s ]
INFO: [ app_begin ] --END-- [ RunTime:0.009569s ]
INFO: [ app_end ] --START--
INFO: Run Behavior\ShowPageTraceBehavior [ RunTime:0.002312s ]
INFO: [ app_end ] --END-- [ RunTime:0.002473s ]

[ 2018-10-17T10:46:34+08:00 ] 127.0.0.1 /index.php/Admin/Login/index
ERR: Cron:cron Runat 2018-10-17 10:46:34 Use 0.095944 s

[ 2018-10-17T10:46:35+08:00 ] 127.0.0.1 /index.php/Admin/Login/index
INFO: [ app_init ] --START--
INFO: Run Behavior\BuildLiteBehavior [ RunTime:0.000032s ]
INFO: [ app_init ] --END-- [ RunTime:0.000890s ]
INFO: [ app_begin ] --START--
INFO: Run Behavior\ReadHtmlCacheBehavior [ RunTime:0.001314s ]
SQL: SHOW COLUMNS FROM `red_indent` [ RunTime:0.0149s ]
SQL: SELECT * FROM `red_indent` WHERE `status` = 2  [ RunTime:0.0084s ]
INFO: Run Behavior\CronRunBehavior [ RunTime:0.105526s ]
INFO: [ app_begin ] --END-- [ RunTime:0.107936s ]
SQL: SHOW COLUMNS FROM `red_admin` [ RunTime:0.0465s ]
SQL: SELECT * FROM `red_admin` WHERE ( username = "admin" ) LIMIT 1   [ RunTime:0.0440s ]
NOTIC: [2] Missing argument 3 for show(), called in E:\wamp\www\anti\Application\Admin\Controller\LoginController.class.php on line 26 and defined E:\wamp\www\anti\Application\Common\Common\function.php 第 12 行.
NOTIC: [8] Undefined variable: data E:\wamp\www\anti\Application\Common\Common\function.php 第 16 行.

[ 2018-10-17T10:46:42+08:00 ] 127.0.0.1 /index.php/Admin/Login/verify/0.5844835617982798
INFO: [ app_init ] --START--
INFO: Run Behavior\BuildLiteBehavior [ RunTime:0.000038s ]
INFO: [ app_init ] --END-- [ RunTime:0.001160s ]
INFO: [ app_begin ] --START--
INFO: Run Behavior\ReadHtmlCacheBehavior [ RunTime:0.001880s ]
INFO: Run Behavior\CronRunBehavior [ RunTime:0.005363s ]
INFO: [ app_begin ] --END-- [ RunTime:0.011631s ]
INFO: [ app_end ] --START--
INFO: Run Behavior\ShowPageTraceBehavior [ RunTime:0.001524s ]
INFO: [ app_end ] --END-- [ RunTime:0.001682s ]

[ 2018-10-17T10:46:46+08:00 ] 127.0.0.1 /index.php/Admin/Login/verify/0.7875364789701069
ERR: Cron:cron Runat 2018-10-17 10:46:46 Use 0.051423 s

[ 2018-10-17T10:46:46+08:00 ] 127.0.0.1 /index.php/Admin/Login/verify/0.7875364789701069
INFO: [ app_init ] --START--
INFO: Run Behavior\BuildLiteBehavior [ RunTime:0.000032s ]
INFO: [ app_init ] --END-- [ RunTime:0.001010s ]
INFO: [ app_begin ] --START--
INFO: Run Behavior\ReadHtmlCacheBehavior [ RunTime:0.002209s ]
SQL: SHOW COLUMNS FROM `red_indent` [ RunTime:0.0129s ]
SQL: SELECT * FROM `red_indent` WHERE `status` = 2  [ RunTime:0.0005s ]
INFO: Run Behavior\CronRunBehavior [ RunTime:0.059714s ]
INFO: [ app_begin ] --END-- [ RunTime:0.062187s ]
INFO: [ app_end ] --START--
INFO: Run Behavior\ShowPageTraceBehavior [ RunTime:0.001502s ]
INFO: [ app_end ] --END-- [ RunTime:0.001661s ]

[ 2018-10-17T10:46:51+08:00 ] 127.0.0.1 /index.php/Admin/Login/index
INFO: [ app_init ] --START--
INFO: Run Behavior\BuildLiteBehavior [ RunTime:0.000032s ]
INFO: [ app_init ] --END-- [ RunTime:0.001045s ]
INFO: [ app_begin ] --START--
INFO: Run Behavior\ReadHtmlCacheBehavior [ RunTime:0.001274s ]
INFO: Run Behavior\CronRunBehavior [ RunTime:0.006605s ]
INFO: [ app_begin ] --END-- [ RunTime:0.008090s ]
SQL: SHOW COLUMNS FROM `red_admin` [ RunTime:0.0143s ]
SQL: SELECT * FROM `red_admin` WHERE ( username = "admin1" ) LIMIT 1   [ RunTime:0.0007s ]
NOTIC: [2] Missing argument 3 for show(), called in E:\wamp\www\anti\Application\Admin\Controller\LoginController.class.php on line 26 and defined E:\wamp\www\anti\Application\Common\Common\function.php 第 12 行.
NOTIC: [8] Undefined variable: data E:\wamp\www\anti\Application\Common\Common\function.php 第 16 行.

[ 2018-10-17T10:52:29+08:00 ] 127.0.0.1 /index.php/Admin/Login/verify/0.7651396458002035
ERR: Cron:cron Runat 2018-10-17 10:52:29 Use 0.091466 s

[ 2018-10-17T10:52:29+08:00 ] 127.0.0.1 /index.php/Admin/Login/verify/0.7651396458002035
INFO: [ app_init ] --START--
INFO: Run Behavior\BuildLiteBehavior [ RunTime:0.000033s ]
INFO: [ app_init ] --END-- [ RunTime:0.000924s ]
INFO: [ app_begin ] --START--
INFO: Run Behavior\ReadHtmlCacheBehavior [ RunTime:0.001731s ]
SQL: SHOW COLUMNS FROM `red_indent` [ RunTime:0.0267s ]
SQL: SELECT * FROM `red_indent` WHERE `status` = 2  [ RunTime:0.0005s ]
INFO: Run Behavior\CronRunBehavior [ RunTime:0.105750s ]
INFO: [ app_begin ] --END-- [ RunTime:0.107777s ]
INFO: [ app_end ] --START--
INFO: Run Behavior\ShowPageTraceBehavior [ RunTime:0.001586s ]
INFO: [ app_end ] --END-- [ RunTime:0.001742s ]

[ 2018-10-17T10:52:33+08:00 ] 127.0.0.1 /index.php/Admin/Login/index
INFO: [ app_init ] --START--
INFO: Run Behavior\BuildLiteBehavior [ RunTime:0.000033s ]
INFO: [ app_init ] --END-- [ RunTime:0.000986s ]
INFO: [ app_begin ] --START--
INFO: Run Behavior\ReadHtmlCacheBehavior [ RunTime:0.002485s ]
INFO: Run Behavior\CronRunBehavior [ RunTime:0.004350s ]
INFO: [ app_begin ] --END-- [ RunTime:0.007045s ]
SQL: SHOW COLUMNS FROM `red_admin` [ RunTime:0.0124s ]
SQL: SELECT * FROM `red_admin` WHERE ( username = "admin1" ) LIMIT 1   [ RunTime:0.0004s ]
NOTIC: [2] Missing argument 3 for show(), called in E:\wamp\www\anti\Application\Admin\Controller\LoginController.class.php on line 27 and defined E:\wamp\www\anti\Application\Common\Common\function.php 第 12 行.
NOTIC: [8] Undefined variable: data E:\wamp\www\anti\Application\Common\Common\function.php 第 16 行.

[ 2018-10-17T10:52:41+08:00 ] 127.0.0.1 /index.php/Admin/Login/verify/0.2262935932536625
ERR: Cron:cron Runat 2018-10-17 10:52:41 Use 0.068014 s

[ 2018-10-17T10:52:41+08:00 ] 127.0.0.1 /index.php/Admin/Login/verify/0.2262935932536625
INFO: [ app_init ] --START--
INFO: Run Behavior\BuildLiteBehavior [ RunTime:0.000032s ]
INFO: [ app_init ] --END-- [ RunTime:0.000888s ]
INFO: [ app_begin ] --START--
INFO: Run Behavior\ReadHtmlCacheBehavior [ RunTime:0.001303s ]
SQL: SHOW COLUMNS FROM `red_indent` [ RunTime:0.0150s ]
SQL: SELECT * FROM `red_indent` WHERE `status` = 2  [ RunTime:0.0004s ]
INFO: Run Behavior\CronRunBehavior [ RunTime:0.078919s ]
INFO: [ app_begin ] --END-- [ RunTime:0.080505s ]
INFO: [ app_end ] --START--
INFO: Run Behavior\ShowPageTraceBehavior [ RunTime:0.001415s ]
INFO: [ app_end ] --END-- [ RunTime:0.001565s ]

[ 2018-10-17T10:52:43+08:00 ] 127.0.0.1 /index.php/Admin/Login/verify/0.577424779478583
INFO: [ app_init ] --START--
INFO: Run Behavior\BuildLiteBehavior [ RunTime:0.000031s ]
INFO: [ app_init ] --END-- [ RunTime:0.001039s ]
INFO: [ app_begin ] --START--
INFO: Run Behavior\ReadHtmlCacheBehavior [ RunTime:0.001169s ]
INFO: Run Behavior\CronRunBehavior [ RunTime:0.007497s ]
INFO: [ app_begin ] --END-- [ RunTime:0.008940s ]
INFO: [ app_end ] --START--
INFO: Run Behavior\ShowPageTraceBehavior [ RunTime:0.002146s ]
INFO: [ app_end ] --END-- [ RunTime:0.002346s ]

[ 2018-10-17T10:52:45+08:00 ] 127.0.0.1 /index.php/Admin/Login/verify/0.697861527429902
INFO: [ app_init ] --START--
INFO: Run Behavior\BuildLiteBehavior [ RunTime:0.000032s ]
INFO: [ app_init ] --END-- [ RunTime:0.001006s ]
INFO: [ app_begin ] --START--
INFO: Run Behavior\ReadHtmlCacheBehavior [ RunTime:0.001313s ]
INFO: Run Behavior\CronRunBehavior [ RunTime:0.005797s ]
INFO: [ app_begin ] --END-- [ RunTime:0.007391s ]
INFO: [ app_end ] --START--
INFO: Run Behavior\ShowPageTraceBehavior [ RunTime:0.001454s ]
INFO: [ app_end ] --END-- [ RunTime:0.001615s ]

[ 2018-10-17T10:52:48+08:00 ] 127.0.0.1 /index.php/Admin/Login/verify/0.24355097186337393
INFO: [ app_init ] --START--
INFO: Run Behavior\BuildLiteBehavior [ RunTime:0.000032s ]
INFO: [ app_init ] --END-- [ RunTime:0.001029s ]
INFO: [ app_begin ] --START--
INFO: Run Behavior\ReadHtmlCacheBehavior [ RunTime:0.001298s ]
INFO: Run Behavior\CronRunBehavior [ RunTime:0.005941s ]
INFO: [ app_begin ] --END-- [ RunTime:0.007555s ]
INFO: [ app_end ] --START--
INFO: Run Behavior\ShowPageTraceBehavior [ RunTime:0.002580s ]
INFO: [ app_end ] --END-- [ RunTime:0.002806s ]

[ 2018-10-17T10:52:52+08:00 ] 127.0.0.1 /index.php/Admin/Login/index
ERR: Cron:cron Runat 2018-10-17 10:52:52 Use 0.039890 s

[ 2018-10-17T10:52:52+08:00 ] 127.0.0.1 /index.php/Admin/Login/index
INFO: [ app_init ] --START--
INFO: Run Behavior\BuildLiteBehavior [ RunTime:0.000031s ]
INFO: [ app_init ] --END-- [ RunTime:0.001025s ]
INFO: [ app_begin ] --START--
INFO: Run Behavior\ReadHtmlCacheBehavior [ RunTime:0.001240s ]
SQL: SHOW COLUMNS FROM `red_indent` [ RunTime:0.0140s ]
SQL: SELECT * FROM `red_indent` WHERE `status` = 2  [ RunTime:0.0009s ]
INFO: Run Behavior\CronRunBehavior [ RunTime:0.049277s ]
INFO: [ app_begin ] --END-- [ RunTime:0.050727s ]
SQL: SHOW COLUMNS FROM `red_admin` [ RunTime:0.0158s ]
SQL: SELECT * FROM `red_admin` WHERE ( username = "admin1" ) LIMIT 1   [ RunTime:0.0003s ]
NOTIC: [2] Missing argument 3 for show(), called in E:\wamp\www\anti\Application\Admin\Controller\LoginController.class.php on line 27 and defined E:\wamp\www\anti\Application\Common\Common\function.php 第 12 行.
NOTIC: [8] Undefined variable: data E:\wamp\www\anti\Application\Common\Common\function.php 第 16 行.

[ 2018-10-17T10:52:57+08:00 ] 127.0.0.1 /index.php/Admin/Login/verify/0.26486656341022985
INFO: [ app_init ] --START--
INFO: Run Behavior\BuildLiteBehavior [ RunTime:0.000037s ]
INFO: [ app_init ] --END-- [ RunTime:0.001061s ]
INFO: [ app_begin ] --START--
INFO: Run Behavior\ReadHtmlCacheBehavior [ RunTime:0.001380s ]
INFO: Run Behavior\CronRunBehavior [ RunTime:0.005905s ]
INFO: [ app_begin ] --END-- [ RunTime:0.007561s ]
INFO: [ app_end ] --START--
INFO: Run Behavior\ShowPageTraceBehavior [ RunTime:0.001454s ]
INFO: [ app_end ] --END-- [ RunTime:0.001602s ]

[ 2018-10-17T10:53:03+08:00 ] 127.0.0.1 /index.php/Admin/Login/index
ERR: Cron:cron Runat 2018-10-17 10:53:03 Use 0.030374 s

[ 2018-10-17T10:53:03+08:00 ] 127.0.0.1 /index.php/Admin/Login/index
INFO: [ app_init ] --START--
INFO: Run Behavior\BuildLiteBehavior [ RunTime:0.000032s ]
INFO: [ app_init ] --END-- [ RunTime:0.001053s ]
INFO: [ app_begin ] --START--
INFO: Run Behavior\ReadHtmlCacheBehavior [ RunTime:0.001243s ]
SQL: SHOW COLUMNS FROM `red_indent` [ RunTime:0.0139s ]
SQL: SELECT * FROM `red_indent` WHERE `status` = 2  [ RunTime:0.0005s ]
INFO: Run Behavior\CronRunBehavior [ RunTime:0.046408s ]
INFO: [ app_begin ] --END-- [ RunTime:0.047882s ]
SQL: SHOW COLUMNS FROM `red_admin` [ RunTime:0.0143s ]
SQL: SELECT * FROM `red_admin` WHERE ( username = "admin1" ) LIMIT 1   [ RunTime:0.0004s ]
NOTIC: [2] Missing argument 3 for show(), called in E:\wamp\www\anti\Application\Admin\Controller\LoginController.class.php on line 27 and defined E:\wamp\www\anti\Application\Common\Common\function.php 第 12 行.
NOTIC: [8] Undefined variable: data E:\wamp\www\anti\Application\Common\Common\function.php 第 16 行.

[ 2018-10-17T10:53:29+08:00 ] 127.0.0.1 /index.php/Admin/Login/verify/0.336309410664408
ERR: Cron:cron Runat 2018-10-17 10:53:29 Use 0.081644 s

[ 2018-10-17T10:53:29+08:00 ] 127.0.0.1 /index.php/Admin/Login/verify/0.336309410664408
INFO: [ app_init ] --START--
INFO: Run Behavior\BuildLiteBehavior [ RunTime:0.000030s ]
INFO: [ app_init ] --END-- [ RunTime:0.000952s ]
INFO: [ app_begin ] --START--
INFO: Run Behavior\ReadHtmlCacheBehavior [ RunTime:0.001302s ]
SQL: SHOW COLUMNS FROM `red_indent` [ RunTime:0.0168s ]
SQL: SELECT * FROM `red_indent` WHERE `status` = 2  [ RunTime:0.0005s ]
INFO: Run Behavior\CronRunBehavior [ RunTime:0.093061s ]
INFO: [ app_begin ] --END-- [ RunTime:0.094608s ]
INFO: [ app_end ] --START--
INFO: Run Behavior\ShowPageTraceBehavior [ RunTime:0.001775s ]
INFO: [ app_end ] --END-- [ RunTime:0.001986s ]

[ 2018-10-17T10:53:31+08:00 ] 127.0.0.1 /index.php/Admin/Login/verify/0.5249916889360657
INFO: [ app_init ] --START--
INFO: Run Behavior\BuildLiteBehavior [ RunTime:0.000030s ]
INFO: [ app_init ] --END-- [ RunTime:0.000941s ]
INFO: [ app_begin ] --START--
INFO: Run Behavior\ReadHtmlCacheBehavior [ RunTime:0.001281s ]
INFO: Run Behavior\CronRunBehavior [ RunTime:0.006613s ]
INFO: [ app_begin ] --END-- [ RunTime:0.008160s ]
INFO: [ app_end ] --START--
INFO: Run Behavior\ShowPageTraceBehavior [ RunTime:0.002800s ]
INFO: [ app_end ] --END-- [ RunTime:0.002949s ]

[ 2018-10-17T10:53:32+08:00 ] 127.0.0.1 /index.php/Admin/Login/verify/0.705836209805432
INFO: [ app_init ] --START--
INFO: Run Behavior\BuildLiteBehavior [ RunTime:0.000031s ]
INFO: [ app_init ] --END-- [ RunTime:0.001043s ]
INFO: [ app_begin ] --START--
INFO: Run Behavior\ReadHtmlCacheBehavior [ RunTime:0.001283s ]
INFO: Run Behavior\CronRunBehavior [ RunTime:0.005615s ]
INFO: [ app_begin ] --END-- [ RunTime:0.007202s ]
INFO: [ app_end ] --START--
INFO: Run Behavior\ShowPageTraceBehavior [ RunTime:0.001533s ]
INFO: [ app_end ] --END-- [ RunTime:0.001680s ]

[ 2018-10-17T10:53:37+08:00 ] 127.0.0.1 /index.php/Admin/Login/index
INFO: [ app_init ] --START--
INFO: Run Behavior\BuildLiteBehavior [ RunTime:0.000031s ]
INFO: [ app_init ] --END-- [ RunTime:0.001000s ]
INFO: [ app_begin ] --START--
INFO: Run Behavior\ReadHtmlCacheBehavior [ RunTime:0.001346s ]
INFO: Run Behavior\CronRunBehavior [ RunTime:0.006867s ]
INFO: [ app_begin ] --END-- [ RunTime:0.008464s ]
SQL: SHOW COLUMNS FROM `red_admin` [ RunTime:0.0133s ]
SQL: SELECT * FROM `red_admin` WHERE ( username = "admin" ) LIMIT 1   [ RunTime:0.0003s ]
NOTIC: [2] Missing argument 3 for show(), called in E:\wamp\www\anti\Application\Admin\Controller\LoginController.class.php on line 27 and defined E:\wamp\www\anti\Application\Common\Common\function.php 第 12 行.
NOTIC: [8] Undefined variable: data E:\wamp\www\anti\Application\Common\Common\function.php 第 16 行.

[ 2018-10-17T10:53:42+08:00 ] 127.0.0.1 /index.php/Admin/Login/verify/0.5286774121064997
ERR: Cron:cron Runat 2018-10-17 10:53:42 Use 0.041540 s

[ 2018-10-17T10:53:42+08:00 ] 127.0.0.1 /index.php/Admin/Login/verify/0.5286774121064997
INFO: [ app_init ] --START--
INFO: Run Behavior\BuildLiteBehavior [ RunTime:0.000031s ]
INFO: [ app_init ] --END-- [ RunTime:0.001037s ]
INFO: [ app_begin ] --START--
INFO: Run Behavior\ReadHtmlCacheBehavior [ RunTime:0.001410s ]
SQL: SHOW COLUMNS FROM `red_indent` [ RunTime:0.0144s ]
SQL: SELECT * FROM `red_indent` WHERE `status` = 2  [ RunTime:0.0004s ]
INFO: Run Behavior\CronRunBehavior [ RunTime:0.050908s ]
INFO: [ app_begin ] --END-- [ RunTime:0.052613s ]
INFO: [ app_end ] --START--
INFO: Run Behavior\ShowPageTraceBehavior [ RunTime:0.001460s ]
INFO: [ app_end ] --END-- [ RunTime:0.001609s ]

[ 2018-10-17T10:53:47+08:00 ] 127.0.0.1 /index.php/Admin/Login/index
INFO: [ app_init ] --START--
INFO: Run Behavior\BuildLiteBehavior [ RunTime:0.000032s ]
INFO: [ app_init ] --END-- [ RunTime:0.000943s ]
INFO: [ app_begin ] --START--
INFO: Run Behavior\ReadHtmlCacheBehavior [ RunTime:0.018428s ]
INFO: Run Behavior\CronRunBehavior [ RunTime:0.008788s ]
INFO: [ app_begin ] --END-- [ RunTime:0.027433s ]
SQL: SHOW COLUMNS FROM `red_admin` [ RunTime:0.0176s ]
SQL: SELECT * FROM `red_admin` WHERE ( username = "admin" ) LIMIT 1   [ RunTime:0.0004s ]
NOTIC: [2] Missing argument 3 for show(), called in E:\wamp\www\anti\Application\Admin\Controller\LoginController.class.php on line 27 and defined E:\wamp\www\anti\Application\Common\Common\function.php 第 12 行.
NOTIC: [8] Undefined variable: data E:\wamp\www\anti\Application\Common\Common\function.php 第 16 行.

[ 2018-10-17T10:54:17+08:00 ] 127.0.0.1 /index.php/Admin/Login/verify/0.24387483825577294
ERR: Cron:cron Runat 2018-10-17 10:54:17 Use 0.047382 s

[ 2018-10-17T10:54:17+08:00 ] 127.0.0.1 /index.php/Admin/Login/verify/0.24387483825577294
INFO: [ app_init ] --START--
INFO: Run Behavior\BuildLiteBehavior [ RunTime:0.000032s ]
INFO: [ app_init ] --END-- [ RunTime:0.000990s ]
INFO: [ app_begin ] --START--
INFO: Run Behavior\ReadHtmlCacheBehavior [ RunTime:0.001545s ]
SQL: SHOW COLUMNS FROM `red_indent` [ RunTime:0.0305s ]
SQL: SELECT * FROM `red_indent` WHERE `status` = 2  [ RunTime:0.0005s ]
INFO: Run Behavior\CronRunBehavior [ RunTime:0.057625s ]
INFO: [ app_begin ] --END-- [ RunTime:0.059460s ]
INFO: [ app_end ] --START--
INFO: Run Behavior\ShowPageTraceBehavior [ RunTime:0.001428s ]
INFO: [ app_end ] --END-- [ RunTime:0.001585s ]

[ 2018-10-17T10:54:21+08:00 ] 127.0.0.1 /index.php/Admin/Login/index
INFO: [ app_init ] --START--
INFO: Run Behavior\BuildLiteBehavior [ RunTime:0.000031s ]
INFO: [ app_init ] --END-- [ RunTime:0.001022s ]
INFO: [ app_begin ] --START--
INFO: Run Behavior\ReadHtmlCacheBehavior [ RunTime:0.001237s ]
INFO: Run Behavior\CronRunBehavior [ RunTime:0.008171s ]
INFO: [ app_begin ] --END-- [ RunTime:0.009611s ]
SQL: SHOW COLUMNS FROM `red_admin` [ RunTime:0.0125s ]
SQL: SELECT * FROM `red_admin` WHERE ( username = "admin" ) LIMIT 1   [ RunTime:0.0004s ]
NOTIC: [2] Missing argument 3 for show(), called in E:\wamp\www\anti\Application\Admin\Controller\LoginController.class.php on line 27 and defined E:\wamp\www\anti\Application\Common\Common\function.php 第 12 行.
NOTIC: [8] Undefined variable: data E:\wamp\www\anti\Application\Common\Common\function.php 第 16 行.

[ 2018-10-17T10:54:29+08:00 ] 127.0.0.1 /index.php/Admin/Login/verify/0.7511070310465657
ERR: Cron:cron Runat 2018-10-17 10:54:29 Use 0.033878 s

[ 2018-10-17T10:54:29+08:00 ] 127.0.0.1 /index.php/Admin/Login/verify/0.7511070310465657
INFO: [ app_init ] --START--
INFO: Run Behavior\BuildLiteBehavior [ RunTime:0.000032s ]
INFO: [ app_init ] --END-- [ RunTime:0.001139s ]
INFO: [ app_begin ] --START--
INFO: Run Behavior\ReadHtmlCacheBehavior [ RunTime:0.001559s ]
SQL: SHOW COLUMNS FROM `red_indent` [ RunTime:0.0153s ]
SQL: SELECT * FROM `red_indent` WHERE `status` = 2  [ RunTime:0.0004s ]
INFO: Run Behavior\CronRunBehavior [ RunTime:0.044398s ]
INFO: [ app_begin ] --END-- [ RunTime:0.046305s ]
INFO: [ app_end ] --START--
INFO: Run Behavior\ShowPageTraceBehavior [ RunTime:0.001431s ]
INFO: [ app_end ] --END-- [ RunTime:0.001588s ]

[ 2018-10-17T10:54:33+08:00 ] 127.0.0.1 /index.php/Admin/Login/index
INFO: [ app_init ] --START--
INFO: Run Behavior\BuildLiteBehavior [ RunTime:0.000031s ]
INFO: [ app_init ] --END-- [ RunTime:0.000929s ]
INFO: [ app_begin ] --START--
INFO: Run Behavior\ReadHtmlCacheBehavior [ RunTime:0.001242s ]
INFO: Run Behavior\CronRunBehavior [ RunTime:0.005515s ]
INFO: [ app_begin ] --END-- [ RunTime:0.006994s ]
SQL: SHOW COLUMNS FROM `red_admin` [ RunTime:0.0135s ]
SQL: SELECT * FROM `red_admin` WHERE ( username = "admin" ) LIMIT 1   [ RunTime:0.0016s ]
NOTIC: [2] Missing argument 3 for show(), called in E:\wamp\www\anti\Application\Admin\Controller\LoginController.class.php on line 27 and defined E:\wamp\www\anti\Application\Common\Common\function.php 第 12 行.
NOTIC: [8] Undefined variable: data E:\wamp\www\anti\Application\Common\Common\function.php 第 16 行.

[ 2018-10-17T11:00:34+08:00 ] 127.0.0.1 /index.php/Admin/Login/verify/0.8213058314208077
ERR: Cron:cron Runat 2018-10-17 11:00:34 Use 0.055239 s

[ 2018-10-17T11:00:34+08:00 ] 127.0.0.1 /index.php/Admin/Login/verify/0.8213058314208077
INFO: [ app_init ] --START--
INFO: Run Behavior\BuildLiteBehavior [ RunTime:0.000036s ]
INFO: [ app_init ] --END-- [ RunTime:0.019333s ]
INFO: [ app_begin ] --START--
INFO: Run Behavior\ReadHtmlCacheBehavior [ RunTime:0.001421s ]
SQL: SHOW COLUMNS FROM `red_indent` [ RunTime:0.0141s ]
SQL: SELECT * FROM `red_indent` WHERE `status` = 2  [ RunTime:0.0005s ]
INFO: Run Behavior\CronRunBehavior [ RunTime:0.066379s ]
INFO: [ app_begin ] --END-- [ RunTime:0.068088s ]
INFO: [ app_end ] --START--
INFO: Run Behavior\ShowPageTraceBehavior [ RunTime:0.001549s ]
INFO: [ app_end ] --END-- [ RunTime:0.001706s ]

[ 2018-10-17T11:00:40+08:00 ] 127.0.0.1 /index.php/Admin/Login/index
INFO: [ app_init ] --START--
INFO: Run Behavior\BuildLiteBehavior [ RunTime:0.000032s ]
INFO: [ app_init ] --END-- [ RunTime:0.001055s ]
INFO: [ app_begin ] --START--
INFO: Run Behavior\ReadHtmlCacheBehavior [ RunTime:0.001297s ]
INFO: Run Behavior\CronRunBehavior [ RunTime:0.007099s ]
INFO: [ app_begin ] --END-- [ RunTime:0.008652s ]
SQL: SHOW COLUMNS FROM `red_admin` [ RunTime:0.0136s ]
SQL: SELECT * FROM `red_admin` WHERE ( username = "admin" ) LIMIT 1   [ RunTime:0.0003s ]
NOTIC: [2] Missing argument 3 for show(), called in E:\wamp\www\anti\Application\Admin\Controller\LoginController.class.php on line 27 and defined E:\wamp\www\anti\Application\Common\Common\function.php 第 12 行.
NOTIC: [8] Undefined variable: data E:\wamp\www\anti\Application\Common\Common\function.php 第 16 行.

[ 2018-10-17T11:02:42+08:00 ] 127.0.0.1 /index.php/Admin/Login/verify/0.8416092636651114
ERR: Cron:cron Runat 2018-10-17 11:02:42 Use 0.038505 s

[ 2018-10-17T11:02:42+08:00 ] 127.0.0.1 /index.php/Admin/Login/verify/0.8416092636651114
INFO: [ app_init ] --START--
INFO: Run Behavior\BuildLiteBehavior [ RunTime:0.000033s ]
INFO: [ app_init ] --END-- [ RunTime:0.001230s ]
INFO: [ app_begin ] --START--
INFO: Run Behavior\ReadHtmlCacheBehavior [ RunTime:0.001448s ]
SQL: SHOW COLUMNS FROM `red_indent` [ RunTime:0.0207s ]
SQL: SELECT * FROM `red_indent` WHERE `status` = 2  [ RunTime:0.0005s ]
INFO: Run Behavior\CronRunBehavior [ RunTime:0.049579s ]
INFO: [ app_begin ] --END-- [ RunTime:0.051335s ]
INFO: [ app_end ] --START--
INFO: Run Behavior\ShowPageTraceBehavior [ RunTime:0.001939s ]
INFO: [ app_end ] --END-- [ RunTime:0.002095s ]

[ 2018-10-17T11:02:45+08:00 ] 127.0.0.1 /index.php/Admin/Login/index
INFO: [ app_init ] --START--
INFO: Run Behavior\BuildLiteBehavior [ RunTime:0.000034s ]
INFO: [ app_init ] --END-- [ RunTime:0.000952s ]
INFO: [ app_begin ] --START--
INFO: Run Behavior\ReadHtmlCacheBehavior [ RunTime:0.001242s ]
INFO: Run Behavior\CronRunBehavior [ RunTime:0.006349s ]
INFO: [ app_begin ] --END-- [ RunTime:0.007839s ]
SQL: SHOW COLUMNS FROM `red_admin` [ RunTime:0.0132s ]
SQL: SELECT * FROM `red_admin` WHERE ( username = "admin" ) LIMIT 1   [ RunTime:0.0003s ]
NOTIC: [2] Missing argument 3 for show(), called in E:\wamp\www\anti\Application\Admin\Controller\LoginController.class.php on line 27 and defined E:\wamp\www\anti\Application\Common\Common\function.php 第 12 行.
NOTIC: [8] Undefined variable: data E:\wamp\www\anti\Application\Common\Common\function.php 第 16 行.

[ 2018-10-17T11:03:35+08:00 ] 127.0.0.1 /index.php/Admin/Login/verify/0.471538594775178
ERR: Cron:cron Runat 2018-10-17 11:03:35 Use 0.042330 s

[ 2018-10-17T11:03:35+08:00 ] 127.0.0.1 /index.php/Admin/Login/verify/0.471538594775178
INFO: [ app_init ] --START--
INFO: Run Behavior\BuildLiteBehavior [ RunTime:0.000033s ]
INFO: [ app_init ] --END-- [ RunTime:0.000914s ]
INFO: [ app_begin ] --START--
INFO: Run Behavior\ReadHtmlCacheBehavior [ RunTime:0.006511s ]
SQL: SHOW COLUMNS FROM `red_indent` [ RunTime:0.0170s ]
SQL: SELECT * FROM `red_indent` WHERE `status` = 2  [ RunTime:0.0006s ]
INFO: Run Behavior\CronRunBehavior [ RunTime:0.096006s ]
INFO: [ app_begin ] --END-- [ RunTime:0.102780s ]
INFO: [ app_end ] --START--
INFO: Run Behavior\ShowPageTraceBehavior [ RunTime:0.008395s ]
INFO: [ app_end ] --END-- [ RunTime:0.008565s ]

[ 2018-10-17T11:03:40+08:00 ] 127.0.0.1 /index.php/Admin/Login/index
INFO: [ app_init ] --START--
INFO: Run Behavior\BuildLiteBehavior [ RunTime:0.000031s ]
INFO: [ app_init ] --END-- [ RunTime:0.000897s ]
INFO: [ app_begin ] --START--
INFO: Run Behavior\ReadHtmlCacheBehavior [ RunTime:0.001233s ]
INFO: Run Behavior\CronRunBehavior [ RunTime:0.043832s ]
INFO: [ app_begin ] --END-- [ RunTime:0.045318s ]
SQL: SHOW COLUMNS FROM `red_admin` [ RunTime:0.0179s ]
SQL: SELECT * FROM `red_admin` WHERE ( username = "admin" ) LIMIT 1   [ RunTime:0.0004s ]

[ 2018-10-17T11:04:06+08:00 ] 127.0.0.1 /index.php/admin/login
ERR: Cron:cron Runat 2018-10-17 11:04:06 Use 0.079382 s

[ 2018-10-17T11:04:06+08:00 ] 127.0.0.1 /index.php/admin/login
INFO: [ app_init ] --START--
INFO: Run Behavior\BuildLiteBehavior [ RunTime:0.000059s ]
INFO: [ app_init ] --END-- [ RunTime:0.002591s ]
INFO: [ app_begin ] --START--
INFO: Run Behavior\ReadHtmlCacheBehavior [ RunTime:0.010113s ]
SQL: SHOW COLUMNS FROM `red_indent` [ RunTime:0.0459s ]
SQL: SELECT * FROM `red_indent` WHERE `status` = 2  [ RunTime:0.0005s ]
INFO: Run Behavior\CronRunBehavior [ RunTime:0.104327s ]
INFO: [ app_begin ] --END-- [ RunTime:0.114716s ]
INFO: [ view_parse ] --START--
INFO: [ template_filter ] --START--
INFO: Run Behavior\ContentReplaceBehavior [ RunTime:0.000091s ]
INFO: [ template_filter ] --END-- [ RunTime:0.000244s ]
INFO: Run Behavior\ParseTemplateBehavior [ RunTime:0.034642s ]
INFO: [ view_parse ] --END-- [ RunTime:0.034795s ]
INFO: [ view_filter ] --START--
INFO: Run Behavior\WriteHtmlCacheBehavior [ RunTime:0.001213s ]
INFO: [ view_filter ] --END-- [ RunTime:0.001468s ]
INFO: [ app_end ] --START--
INFO: Run Behavior\ShowPageTraceBehavior [ RunTime:0.003110s ]
INFO: [ app_end ] --END-- [ RunTime:0.003276s ]

[ 2018-10-17T11:04:06+08:00 ] 127.0.0.1 /index.php/Admin/login/verify.html
INFO: [ app_init ] --START--
INFO: Run Behavior\BuildLiteBehavior [ RunTime:0.000034s ]
INFO: [ app_init ] --END-- [ RunTime:0.001053s ]
INFO: [ app_begin ] --START--
INFO: Run Behavior\ReadHtmlCacheBehavior [ RunTime:0.001309s ]
INFO: Run Behavior\CronRunBehavior [ RunTime:0.008722s ]
INFO: [ app_begin ] --END-- [ RunTime:0.010289s ]
INFO: [ app_end ] --START--
INFO: Run Behavior\ShowPageTraceBehavior [ RunTime:0.001833s ]
INFO: [ app_end ] --END-- [ RunTime:0.001991s ]

[ 2018-10-17T11:04:13+08:00 ] 127.0.0.1 /index.php/Admin/Login/index
INFO: [ app_init ] --START--
INFO: Run Behavior\BuildLiteBehavior [ RunTime:0.000032s ]
INFO: [ app_init ] --END-- [ RunTime:0.000923s ]
INFO: [ app_begin ] --START--
INFO: Run Behavior\ReadHtmlCacheBehavior [ RunTime:0.001139s ]
INFO: Run Behavior\CronRunBehavior [ RunTime:0.006673s ]
INFO: [ app_begin ] --END-- [ RunTime:0.008086s ]
SQL: SHOW COLUMNS FROM `red_admin` [ RunTime:0.0139s ]
SQL: SELECT * FROM `red_admin` WHERE ( username = "admin" ) LIMIT 1   [ RunTime:0.0004s ]
NOTIC: [2] Missing argument 3 for show(), called in E:\wamp\www\anti\Application\Admin\Controller\LoginController.class.php on line 30 and defined E:\wamp\www\anti\Application\Common\Common\function.php 第 12 行.
NOTIC: [8] Undefined variable: data E:\wamp\www\anti\Application\Common\Common\function.php 第 16 行.

[ 2018-10-17T11:04:14+08:00 ] 127.0.0.1 /index.php/Admin/index/index
INFO: [ app_init ] --START--
INFO: Run Behavior\BuildLiteBehavior [ RunTime:0.000034s ]
INFO: [ app_init ] --END-- [ RunTime:0.001063s ]
INFO: [ app_begin ] --START--
INFO: Run Behavior\ReadHtmlCacheBehavior [ RunTime:0.001703s ]
INFO: Run Behavior\CronRunBehavior [ RunTime:0.006248s ]
INFO: [ app_begin ] --END-- [ RunTime:0.008288s ]
SQL: SHOW COLUMNS FROM `red_member` [ RunTime:0.0215s ]
SQL: SELECT COUNT(*) AS tp_count FROM `red_member` WHERE `time` BETWEEN 1539705600 AND 1539791999 LIMIT 1   [ RunTime:0.0695s ]
NOTIC: [8] Undefined variable: zong E:\wamp\www\anti\Application\Admin\Controller\IndexController.class.php 第 19 行.
SQL: SELECT COUNT(*) AS tp_count FROM `red_member` WHERE `time` BETWEEN 1538323200 AND 1541001599 LIMIT 1   [ RunTime:0.0003s ]
INFO: [ view_parse ] --START--
INFO: [ template_filter ] --START--
INFO: Run Behavior\ContentReplaceBehavior [ RunTime:0.000255s ]
INFO: [ template_filter ] --END-- [ RunTime:0.000394s ]
NOTIC: [8] Undefined variable: area E:\wamp\www\anti\Application\Runtime\Cache\Admin\b595b808c2ebeeeb0478ffc30bb4e87a.php 第 997 行.
NOTIC: [8] Undefined variable: list E:\wamp\www\anti\Application\Runtime\Cache\Admin\b595b808c2ebeeeb0478ffc30bb4e87a.php 第 1039 行.
NOTIC: [8] Undefined index: month_money E:\wamp\www\anti\Application\Runtime\Cache\Admin\b595b808c2ebeeeb0478ffc30bb4e87a.php 第 1101 行.
NOTIC: [8] Undefined variable: page E:\wamp\www\anti\Application\Runtime\Cache\Admin\b595b808c2ebeeeb0478ffc30bb4e87a.php 第 1107 行.
INFO: Run Behavior\ParseTemplateBehavior [ RunTime:0.130915s ]
INFO: [ view_parse ] --END-- [ RunTime:0.131067s ]
INFO: [ view_filter ] --START--
INFO: Run Behavior\WriteHtmlCacheBehavior [ RunTime:0.001333s ]
INFO: [ view_filter ] --END-- [ RunTime:0.001469s ]
INFO: [ app_end ] --START--
INFO: Run Behavior\ShowPageTraceBehavior [ RunTime:0.001375s ]
INFO: [ app_end ] --END-- [ RunTime:0.001521s ]

[ 2018-10-17T11:06:51+08:00 ] 127.0.0.1 /index.php/Admin/shop/daili_index
ERR: Cron:cron Runat 2018-10-17 11:06:51 Use 0.034888 s

[ 2018-10-17T11:06:52+08:00 ] 127.0.0.1 /index.php/Admin/shop/daili_index
INFO: [ app_init ] --START--
INFO: Run Behavior\BuildLiteBehavior [ RunTime:0.000039s ]
INFO: [ app_init ] --END-- [ RunTime:0.002402s ]
INFO: [ app_begin ] --START--
INFO: Run Behavior\ReadHtmlCacheBehavior [ RunTime:0.001239s ]
SQL: SHOW COLUMNS FROM `red_indent` [ RunTime:0.0166s ]
SQL: SELECT * FROM `red_indent` WHERE `status` = 2  [ RunTime:0.0004s ]
INFO: Run Behavior\CronRunBehavior [ RunTime:0.073337s ]
INFO: [ app_begin ] --END-- [ RunTime:0.074899s ]
SQL: SHOW COLUMNS FROM `red_shop` [ RunTime:0.0154s ]
SQL: SELECT * FROM `red_shop` WHERE `type` <> 3  [ RunTime:0.0006s ]
SQL: SHOW COLUMNS FROM `red_code_num` [ RunTime:0.0138s ]
SQL: SELECT * FROM `red_code_num` WHERE `shop_id` = 0 ORDER BY pici desc  [ RunTime:0.0408s ]
INFO: [ view_parse ] --START--
INFO: [ template_filter ] --START--
INFO: Run Behavior\ContentReplaceBehavior [ RunTime:0.000294s ]
INFO: [ template_filter ] --END-- [ RunTime:0.000425s ]
NOTIC: [8] Use of undefined constant id - assumed 'id' E:\wamp\www\anti\Application\Runtime\Cache\Admin\ceed0c4fd567d67768ac86aa954ce336.php 第 858 行.
NOTIC: [8] Use of undefined constant status - assumed 'status' E:\wamp\www\anti\Application\Runtime\Cache\Admin\ceed0c4fd567d67768ac86aa954ce336.php 第 871 行.
NOTIC: [8] Use of undefined constant id - assumed 'id' E:\wamp\www\anti\Application\Runtime\Cache\Admin\ceed0c4fd567d67768ac86aa954ce336.php 第 858 行.
NOTIC: [8] Use of undefined constant status - assumed 'status' E:\wamp\www\anti\Application\Runtime\Cache\Admin\ceed0c4fd567d67768ac86aa954ce336.php 第 871 行.
SQL: SHOW COLUMNS FROM `red_code` [ RunTime:0.0155s ]
SQL: SELECT COUNT(*) AS tp_count FROM `red_code` WHERE `code_num_id` = 18 LIMIT 1   [ RunTime:0.0004s ]
SQL: SELECT COUNT(*) AS tp_count FROM `red_code` WHERE `code_num_id` = 8 LIMIT 1   [ RunTime:0.0003s ]
SQL: SELECT COUNT(*) AS tp_count FROM `red_code` WHERE `code_num_id` = 15 LIMIT 1   [ RunTime:0.0003s ]
SQL: SELECT COUNT(*) AS tp_count FROM `red_code` WHERE `code_num_id` = 7 LIMIT 1   [ RunTime:0.0003s ]
SQL: SELECT COUNT(*) AS tp_count FROM `red_code` WHERE `code_num_id` = 6 LIMIT 1   [ RunTime:0.0002s ]
SQL: SELECT COUNT(*) AS tp_count FROM `red_code` WHERE `code_num_id` = 14 LIMIT 1   [ RunTime:0.0002s ]
NOTIC: [8] Undefined variable: code_page E:\wamp\www\anti\Application\Runtime\Cache\Admin\ceed0c4fd567d67768ac86aa954ce336.php 第 1043 行.
INFO: Run Behavior\ParseTemplateBehavior [ RunTime:0.082780s ]
INFO: [ view_parse ] --END-- [ RunTime:0.082912s ]
INFO: [ view_filter ] --START--
INFO: Run Behavior\WriteHtmlCacheBehavior [ RunTime:0.001160s ]
INFO: [ view_filter ] --END-- [ RunTime:0.001290s ]
INFO: [ app_end ] --START--
INFO: Run Behavior\ShowPageTraceBehavior [ RunTime:0.001203s ]
INFO: [ app_end ] --END-- [ RunTime:0.001335s ]

[ 2018-10-17T11:07:49+08:00 ] 127.0.0.1 /index.php/Admin/shop/check_index
ERR: Cron:cron Runat 2018-10-17 11:07:49 Use 0.029310 s

[ 2018-10-17T11:07:50+08:00 ] 127.0.0.1 /index.php/Admin/shop/check_index
INFO: [ app_init ] --START--
INFO: Run Behavior\BuildLiteBehavior [ RunTime:0.000038s ]
INFO: [ app_init ] --END-- [ RunTime:0.001624s ]
INFO: [ app_begin ] --START--
INFO: Run Behavior\ReadHtmlCacheBehavior [ RunTime:0.001297s ]
SQL: SHOW COLUMNS FROM `red_indent` [ RunTime:0.0125s ]
SQL: SELECT * FROM `red_indent` WHERE `status` = 2  [ RunTime:0.0004s ]
INFO: Run Behavior\CronRunBehavior [ RunTime:0.048653s ]
INFO: [ app_begin ] --END-- [ RunTime:0.050296s ]
SQL: SHOW COLUMNS FROM `red_shop` [ RunTime:0.0242s ]
SQL: SELECT COUNT(*) AS tp_count FROM `red_shop` WHERE `type` <> 1 AND `status` = 0 LIMIT 1   [ RunTime:0.0003s ]
NOTIC: [8] Undefined index: p E:\wamp\www\anti\Application\Admin\Controller\ShopController.class.php 第 94 行.
SQL: SELECT * FROM `red_shop` WHERE `type` <> 1 AND `status` = 0 ORDER BY id desc LIMIT 0,20   [ RunTime:0.0005s ]
INFO: [ view_parse ] --START--
INFO: [ template_filter ] --START--
INFO: Run Behavior\ContentReplaceBehavior [ RunTime:0.000348s ]
INFO: [ template_filter ] --END-- [ RunTime:0.000629s ]
NOTIC: [8] Use of undefined constant id - assumed 'id' E:\wamp\www\anti\Application\Runtime\Cache\Admin\2af9e85c4e34fd4260975093be1049c5.php 第 847 行.
SQL: SELECT `name` FROM `red_shop` WHERE `id` = 1 LIMIT 1   [ RunTime:0.0006s ]
NOTIC: [8] Use of undefined constant id - assumed 'id' E:\wamp\www\anti\Application\Runtime\Cache\Admin\2af9e85c4e34fd4260975093be1049c5.php 第 847 行.
NOTIC: [8] Undefined variable: code_page E:\wamp\www\anti\Application\Runtime\Cache\Admin\2af9e85c4e34fd4260975093be1049c5.php 第 1004 行.
NOTIC: [8] Undefined variable: code_page E:\wamp\www\anti\Application\Runtime\Cache\Admin\2af9e85c4e34fd4260975093be1049c5.php 第 1004 行.
INFO: Run Behavior\ParseTemplateBehavior [ RunTime:0.051133s ]
INFO: [ view_parse ] --END-- [ RunTime:0.051360s ]
INFO: [ view_filter ] --START--
INFO: Run Behavior\WriteHtmlCacheBehavior [ RunTime:0.002162s ]
INFO: [ view_filter ] --END-- [ RunTime:0.002359s ]
INFO: [ app_end ] --START--
INFO: Run Behavior\ShowPageTraceBehavior [ RunTime:0.001686s ]
INFO: [ app_end ] --END-- [ RunTime:0.001830s ]

[ 2018-10-17T11:07:53+08:00 ] 127.0.0.1 /index.php/Admin/shop/store
INFO: [ app_init ] --START--
INFO: Run Behavior\BuildLiteBehavior [ RunTime:0.000033s ]
INFO: [ app_init ] --END-- [ RunTime:0.000912s ]
INFO: [ app_begin ] --START--
INFO: Run Behavior\ReadHtmlCacheBehavior [ RunTime:0.003445s ]
INFO: Run Behavior\CronRunBehavior [ RunTime:0.015939s ]
INFO: [ app_begin ] --END-- [ RunTime:0.019630s ]
SQL: SHOW COLUMNS FROM `red_shop` [ RunTime:0.0125s ]
SQL: SELECT COUNT(*) AS tp_count FROM `red_shop` WHERE `type` = 3 LIMIT 1   [ RunTime:0.0003s ]
NOTIC: [8] Undefined index: p E:\wamp\www\anti\Application\Admin\Controller\ShopController.class.php 第 186 行.
SQL: SELECT * FROM `red_shop` WHERE `type` = 3 ORDER BY id desc LIMIT 0,20   [ RunTime:0.0003s ]
INFO: [ view_parse ] --START--
INFO: [ template_filter ] --START--
INFO: Run Behavior\ContentReplaceBehavior [ RunTime:0.000359s ]
INFO: [ template_filter ] --END-- [ RunTime:0.000547s ]
NOTIC: [8] Use of undefined constant id - assumed 'id' E:\wamp\www\anti\Application\Runtime\Cache\Admin\dec36a080d16ae6279e7188ed62be7e1.php 第 857 行.
SQL: SELECT `name` FROM `red_shop` WHERE `id` = 1 LIMIT 1   [ RunTime:0.0004s ]
NOTIC: [8] Use of undefined constant status - assumed 'status' E:\wamp\www\anti\Application\Runtime\Cache\Admin\dec36a080d16ae6279e7188ed62be7e1.php 第 869 行.
NOTIC: [8] Undefined variable: code_list E:\wamp\www\anti\Application\Runtime\Cache\Admin\dec36a080d16ae6279e7188ed62be7e1.php 第 1020 行.
NOTIC: [8] Undefined variable: code_page E:\wamp\www\anti\Application\Runtime\Cache\Admin\dec36a080d16ae6279e7188ed62be7e1.php 第 1041 行.
NOTIC: [8] Undefined variable: tree E:\wamp\www\anti\Application\Runtime\Cache\Admin\dec36a080d16ae6279e7188ed62be7e1.php 第 1076 行.
INFO: Run Behavior\ParseTemplateBehavior [ RunTime:0.062935s ]
INFO: [ view_parse ] --END-- [ RunTime:0.063077s ]
INFO: [ view_filter ] --START--
INFO: Run Behavior\WriteHtmlCacheBehavior [ RunTime:0.003349s ]
INFO: [ view_filter ] --END-- [ RunTime:0.003628s ]
INFO: [ app_end ] --START--
INFO: Run Behavior\ShowPageTraceBehavior [ RunTime:0.001555s ]
INFO: [ app_end ] --END-- [ RunTime:0.001721s ]

[ 2018-10-17T11:07:56+08:00 ] 127.0.0.1 /index.php/Admin/member/daili_index
INFO: [ app_init ] --START--
INFO: Run Behavior\BuildLiteBehavior [ RunTime:0.000036s ]
INFO: [ app_init ] --END-- [ RunTime:0.001086s ]
INFO: [ app_begin ] --START--
INFO: Run Behavior\ReadHtmlCacheBehavior [ RunTime:0.001310s ]
INFO: Run Behavior\CronRunBehavior [ RunTime:0.008889s ]
INFO: [ app_begin ] --END-- [ RunTime:0.010837s ]
SQL: SHOW COLUMNS FROM `red_member` [ RunTime:0.0148s ]
SQL: SELECT COUNT(*) AS tp_count FROM `red_member` WHERE `level` = 3 LIMIT 1   [ RunTime:0.0010s ]
NOTIC: [8] Undefined index: p E:\wamp\www\anti\Application\Admin\Controller\MemberController.class.php 第 152 行.
SQL: SELECT * FROM `red_member` WHERE `level` = 3 ORDER BY id desc LIMIT 40,20   [ RunTime:0.0218s ]

[ 2018-10-17T11:08:23+08:00 ] 127.0.0.1 /index.php/Admin/shop/check_index
ERR: Cron:cron Runat 2018-10-17 11:08:23 Use 0.051802 s

[ 2018-10-17T11:08:23+08:00 ] 127.0.0.1 /index.php/Admin/shop/check_index
INFO: [ app_init ] --START--
INFO: Run Behavior\BuildLiteBehavior [ RunTime:0.000031s ]
INFO: [ app_init ] --END-- [ RunTime:0.000869s ]
INFO: [ app_begin ] --START--
INFO: Run Behavior\ReadHtmlCacheBehavior [ RunTime:0.001441s ]
SQL: SHOW COLUMNS FROM `red_indent` [ RunTime:0.0148s ]
SQL: SELECT * FROM `red_indent` WHERE `status` = 2  [ RunTime:0.0005s ]
INFO: Run Behavior\CronRunBehavior [ RunTime:0.083381s ]
INFO: [ app_begin ] --END-- [ RunTime:0.085134s ]
SQL: SHOW COLUMNS FROM `red_shop` [ RunTime:0.0641s ]
SQL: SELECT COUNT(*) AS tp_count FROM `red_shop` WHERE `type` <> 1 AND `status` = 0 LIMIT 1   [ RunTime:0.0003s ]
NOTIC: [8] Undefined index: p E:\wamp\www\anti\Application\Admin\Controller\ShopController.class.php 第 94 行.
SQL: SELECT * FROM `red_shop` WHERE `type` <> 1 AND `status` = 0 ORDER BY id desc LIMIT 0,20   [ RunTime:0.0003s ]
INFO: [ view_parse ] --START--
INFO: [ template_filter ] --START--
INFO: Run Behavior\ContentReplaceBehavior [ RunTime:0.000271s ]
INFO: [ template_filter ] --END-- [ RunTime:0.000403s ]
NOTIC: [8] Use of undefined constant id - assumed 'id' E:\wamp\www\anti\Application\Runtime\Cache\Admin\2af9e85c4e34fd4260975093be1049c5.php 第 847 行.
SQL: SELECT `name` FROM `red_shop` WHERE `id` = 1 LIMIT 1   [ RunTime:0.0003s ]
NOTIC: [8] Use of undefined constant id - assumed 'id' E:\wamp\www\anti\Application\Runtime\Cache\Admin\2af9e85c4e34fd4260975093be1049c5.php 第 847 行.
NOTIC: [8] Undefined variable: code_page E:\wamp\www\anti\Application\Runtime\Cache\Admin\2af9e85c4e34fd4260975093be1049c5.php 第 1004 行.
NOTIC: [8] Undefined variable: code_page E:\wamp\www\anti\Application\Runtime\Cache\Admin\2af9e85c4e34fd4260975093be1049c5.php 第 1004 行.
INFO: Run Behavior\ParseTemplateBehavior [ RunTime:0.030182s ]
INFO: [ view_parse ] --END-- [ RunTime:0.030315s ]
INFO: [ view_filter ] --START--
INFO: Run Behavior\WriteHtmlCacheBehavior [ RunTime:0.001121s ]
INFO: [ view_filter ] --END-- [ RunTime:0.001247s ]
INFO: [ app_end ] --START--
INFO: Run Behavior\ShowPageTraceBehavior [ RunTime:0.001153s ]
INFO: [ app_end ] --END-- [ RunTime:0.001282s ]

[ 2018-10-17T11:17:56+08:00 ] 127.0.0.1 /index.php/Admin/shop/check_index
INFO: [ app_init ] --START--
INFO: Run Behavior\BuildLiteBehavior [ RunTime:0.000032s ]
INFO: [ app_init ] --END-- [ RunTime:0.000940s ]
INFO: [ app_begin ] --START--
INFO: Run Behavior\ReadHtmlCacheBehavior [ RunTime:0.001216s ]
INFO: Run Behavior\CronRunBehavior [ RunTime:0.005575s ]
INFO: [ app_begin ] --END-- [ RunTime:0.007078s ]
SQL: SHOW COLUMNS FROM `red_shop` [ RunTime:0.0193s ]
SQL: SELECT COUNT(*) AS tp_count FROM `red_shop` WHERE `type` <> 1 AND `status` = 0 LIMIT 1   [ RunTime:0.0004s ]
NOTIC: [8] Undefined index: p E:\wamp\www\anti\Application\Admin\Controller\ShopController.class.php 第 94 行.
SQL: SELECT * FROM `red_shop` WHERE `type` <> 1 AND `status` = 0 ORDER BY id desc LIMIT 0,20   [ RunTime:0.0004s ]
INFO: [ view_parse ] --START--
INFO: [ template_filter ] --START--
INFO: Run Behavior\ContentReplaceBehavior [ RunTime:0.000271s ]
INFO: [ template_filter ] --END-- [ RunTime:0.000403s ]
NOTIC: [8] Use of undefined constant id - assumed 'id' E:\wamp\www\anti\Application\Runtime\Cache\Admin\2af9e85c4e34fd4260975093be1049c5.php 第 847 行.
SQL: SELECT `name` FROM `red_shop` WHERE `id` = 1 LIMIT 1   [ RunTime:0.0003s ]
NOTIC: [8] Use of undefined constant id - assumed 'id' E:\wamp\www\anti\Application\Runtime\Cache\Admin\2af9e85c4e34fd4260975093be1049c5.php 第 847 行.
NOTIC: [8] Undefined variable: code_page E:\wamp\www\anti\Application\Runtime\Cache\Admin\2af9e85c4e34fd4260975093be1049c5.php 第 1003 行.
NOTIC: [8] Undefined variable: code_page E:\wamp\www\anti\Application\Runtime\Cache\Admin\2af9e85c4e34fd4260975093be1049c5.php 第 1003 行.
INFO: Run Behavior\ParseTemplateBehavior [ RunTime:0.031583s ]
INFO: [ view_parse ] --END-- [ RunTime:0.031710s ]
INFO: [ view_filter ] --START--
INFO: Run Behavior\WriteHtmlCacheBehavior [ RunTime:0.001253s ]
INFO: [ view_filter ] --END-- [ RunTime:0.001396s ]
INFO: [ app_end ] --START--
INFO: Run Behavior\ShowPageTraceBehavior [ RunTime:0.001280s ]
INFO: [ app_end ] --END-- [ RunTime:0.001416s ]

[ 2018-10-17T11:18:15+08:00 ] 127.0.0.1 /index.php/Admin/Shop/refuse
ERR: Cron:cron Runat 2018-10-17 11:18:15 Use 0.032299 s

[ 2018-10-17T11:18:15+08:00 ] 127.0.0.1 /index.php/Admin/Shop/refuse
INFO: [ app_init ] --START--
INFO: Run Behavior\BuildLiteBehavior [ RunTime:0.000031s ]
INFO: [ app_init ] --END-- [ RunTime:0.000868s ]
INFO: [ app_begin ] --START--
INFO: Run Behavior\ReadHtmlCacheBehavior [ RunTime:0.001805s ]
SQL: SHOW COLUMNS FROM `red_indent` [ RunTime:0.0150s ]
SQL: SELECT * FROM `red_indent` WHERE `status` = 2  [ RunTime:0.0004s ]
INFO: Run Behavior\CronRunBehavior [ RunTime:0.045809s ]
INFO: [ app_begin ] --END-- [ RunTime:0.048125s ]
SQL: SHOW COLUMNS FROM `red_shop` [ RunTime:0.0150s ]
SQL: UPDATE `red_shop` SET `status`='-2',`content`='资料不完整' WHERE `id` = 0 [ RunTime:0.0135s ]
NOTIC: [2] Missing argument 3 for show(), called in E:\wamp\www\anti\Application\Admin\Controller\ShopController.class.php on line 132 and defined E:\wamp\www\anti\Application\Common\Common\function.php 第 12 行.
NOTIC: [8] Undefined variable: data E:\wamp\www\anti\Application\Common\Common\function.php 第 16 行.

[ 2018-10-17T11:18:40+08:00 ] 127.0.0.1 /index.php/Admin/shop/check_index
ERR: Cron:cron Runat 2018-10-17 11:18:40 Use 0.046828 s

[ 2018-10-17T11:18:40+08:00 ] 127.0.0.1 /index.php/Admin/shop/check_index
INFO: [ app_init ] --START--
INFO: Run Behavior\BuildLiteBehavior [ RunTime:0.000038s ]
INFO: [ app_init ] --END-- [ RunTime:0.001207s ]
INFO: [ app_begin ] --START--
INFO: Run Behavior\ReadHtmlCacheBehavior [ RunTime:0.005439s ]
SQL: SHOW COLUMNS FROM `red_indent` [ RunTime:0.0171s ]
SQL: SELECT * FROM `red_indent` WHERE `status` = 2  [ RunTime:0.0006s ]
INFO: Run Behavior\CronRunBehavior [ RunTime:0.064715s ]
INFO: [ app_begin ] --END-- [ RunTime:0.070429s ]
SQL: SHOW COLUMNS FROM `red_shop` [ RunTime:0.0342s ]
SQL: SELECT COUNT(*) AS tp_count FROM `red_shop` WHERE `type` <> 1 AND `status` = 0 LIMIT 1   [ RunTime:0.0005s ]
NOTIC: [8] Undefined index: p E:\wamp\www\anti\Application\Admin\Controller\ShopController.class.php 第 94 行.
SQL: SELECT * FROM `red_shop` WHERE `type` <> 1 AND `status` = 0 ORDER BY id desc LIMIT 0,20   [ RunTime:0.0005s ]
INFO: [ view_parse ] --START--
INFO: [ template_filter ] --START--
INFO: Run Behavior\ContentReplaceBehavior [ RunTime:0.000281s ]
INFO: [ template_filter ] --END-- [ RunTime:0.000444s ]
NOTIC: [8] Use of undefined constant id - assumed 'id' E:\wamp\www\anti\Application\Runtime\Cache\Admin\2af9e85c4e34fd4260975093be1049c5.php 第 847 行.
SQL: SELECT `name` FROM `red_shop` WHERE `id` = 1 LIMIT 1   [ RunTime:0.0004s ]
NOTIC: [8] Use of undefined constant id - assumed 'id' E:\wamp\www\anti\Application\Runtime\Cache\Admin\2af9e85c4e34fd4260975093be1049c5.php 第 847 行.
NOTIC: [8] Undefined variable: code_page E:\wamp\www\anti\Application\Runtime\Cache\Admin\2af9e85c4e34fd4260975093be1049c5.php 第 1003 行.
NOTIC: [8] Undefined variable: code_page E:\wamp\www\anti\Application\Runtime\Cache\Admin\2af9e85c4e34fd4260975093be1049c5.php 第 1003 行.
INFO: Run Behavior\ParseTemplateBehavior [ RunTime:0.037255s ]
INFO: [ view_parse ] --END-- [ RunTime:0.037393s ]
INFO: [ view_filter ] --START--
INFO: Run Behavior\WriteHtmlCacheBehavior [ RunTime:0.001804s ]
INFO: [ view_filter ] --END-- [ RunTime:0.002885s ]
INFO: [ app_end ] --START--
INFO: Run Behavior\ShowPageTraceBehavior [ RunTime:0.001233s ]
INFO: [ app_end ] --END-- [ RunTime:0.001371s ]

[ 2018-10-17T11:18:49+08:00 ] 127.0.0.1 /index.php/Admin/Shop/refuse
ERR: Cron:cron Runat 2018-10-17 11:18:49 Use 0.050213 s

[ 2018-10-17T11:18:49+08:00 ] 127.0.0.1 /index.php/Admin/Shop/refuse
INFO: [ app_init ] --START--
INFO: Run Behavior\BuildLiteBehavior [ RunTime:0.000038s ]
INFO: [ app_init ] --END-- [ RunTime:0.002449s ]
INFO: [ app_begin ] --START--
INFO: Run Behavior\ReadHtmlCacheBehavior [ RunTime:0.003921s ]
SQL: SHOW COLUMNS FROM `red_indent` [ RunTime:0.0170s ]
SQL: SELECT * FROM `red_indent` WHERE `status` = 2  [ RunTime:0.0004s ]
INFO: Run Behavior\CronRunBehavior [ RunTime:0.067583s ]
INFO: [ app_begin ] --END-- [ RunTime:0.071770s ]
SQL: SHOW COLUMNS FROM `red_shop` [ RunTime:0.0148s ]
SQL: UPDATE `red_shop` SET `status`='-2',`content`='资料不完整' WHERE `id` = 3 [ RunTime:0.0589s ]
NOTIC: [2] Missing argument 3 for show(), called in E:\wamp\www\anti\Application\Admin\Controller\ShopController.class.php on line 130 and defined E:\wamp\www\anti\Application\Common\Common\function.php 第 12 行.
NOTIC: [8] Undefined variable: data E:\wamp\www\anti\Application\Common\Common\function.php 第 16 行.

[ 2018-10-17T11:18:51+08:00 ] 127.0.0.1 /index.php/Admin/Shop/check_index
INFO: [ app_init ] --START--
INFO: Run Behavior\BuildLiteBehavior [ RunTime:0.000034s ]
INFO: [ app_init ] --END-- [ RunTime:0.001017s ]
INFO: [ app_begin ] --START--
INFO: Run Behavior\ReadHtmlCacheBehavior [ RunTime:0.004259s ]
INFO: Run Behavior\CronRunBehavior [ RunTime:0.009118s ]
INFO: [ app_begin ] --END-- [ RunTime:0.013744s ]
SQL: SHOW COLUMNS FROM `red_shop` [ RunTime:0.0195s ]
SQL: SELECT COUNT(*) AS tp_count FROM `red_shop` WHERE `type` <> 1 AND `status` = 0 LIMIT 1   [ RunTime:0.0004s ]
NOTIC: [8] Undefined index: p E:\wamp\www\anti\Application\Admin\Controller\ShopController.class.php 第 94 行.
SQL: SELECT * FROM `red_shop` WHERE `type` <> 1 AND `status` = 0 ORDER BY id desc LIMIT 0,20   [ RunTime:0.0003s ]
INFO: [ view_parse ] --START--
INFO: [ template_filter ] --START--
INFO: Run Behavior\ContentReplaceBehavior [ RunTime:0.000272s ]
INFO: [ template_filter ] --END-- [ RunTime:0.000405s ]
NOTIC: [8] Use of undefined constant id - assumed 'id' E:\wamp\www\anti\Application\Runtime\Cache\Admin\2af9e85c4e34fd4260975093be1049c5.php 第 847 行.
NOTIC: [8] Undefined variable: code_page E:\wamp\www\anti\Application\Runtime\Cache\Admin\2af9e85c4e34fd4260975093be1049c5.php 第 1003 行.
INFO: Run Behavior\ParseTemplateBehavior [ RunTime:0.030246s ]
INFO: [ view_parse ] --END-- [ RunTime:0.030377s ]
INFO: [ view_filter ] --START--
INFO: Run Behavior\WriteHtmlCacheBehavior [ RunTime:0.001096s ]
INFO: [ view_filter ] --END-- [ RunTime:0.001239s ]
INFO: [ app_end ] --START--
INFO: Run Behavior\ShowPageTraceBehavior [ RunTime:0.001205s ]
INFO: [ app_end ] --END-- [ RunTime:0.001334s ]

[ 2018-10-17T11:21:27+08:00 ] 127.0.0.1 /index.php/Admin/Shop/check_index
ERR: Cron:cron Runat 2018-10-17 11:21:27 Use 0.066460 s

[ 2018-10-17T11:21:27+08:00 ] 127.0.0.1 /index.php/Admin/Shop/check_index
INFO: [ app_init ] --START--
INFO: Run Behavior\BuildLiteBehavior [ RunTime:0.000034s ]
INFO: [ app_init ] --END-- [ RunTime:0.001044s ]
INFO: [ app_begin ] --START--
INFO: Run Behavior\ReadHtmlCacheBehavior [ RunTime:0.003411s ]
SQL: SHOW COLUMNS FROM `red_indent` [ RunTime:0.0240s ]
SQL: SELECT * FROM `red_indent` WHERE `status` = 2  [ RunTime:0.0016s ]
INFO: Run Behavior\CronRunBehavior [ RunTime:0.082306s ]
INFO: [ app_begin ] --END-- [ RunTime:0.085995s ]
SQL: SHOW COLUMNS FROM `red_shop` [ RunTime:0.0359s ]
SQL: SELECT COUNT(*) AS tp_count FROM `red_shop` WHERE `type` <> 1 AND `status` = 0 LIMIT 1   [ RunTime:0.0004s ]
NOTIC: [8] Undefined index: p E:\wamp\www\anti\Application\Admin\Controller\ShopController.class.php 第 94 行.
SQL: SELECT * FROM `red_shop` WHERE `type` <> 1 AND `status` = 0 ORDER BY id desc LIMIT 0,20   [ RunTime:0.0013s ]
INFO: [ view_parse ] --START--
INFO: [ template_filter ] --START--
INFO: Run Behavior\ContentReplaceBehavior [ RunTime:0.000669s ]
INFO: [ template_filter ] --END-- [ RunTime:0.000835s ]
NOTIC: [8] Use of undefined constant id - assumed 'id' E:\wamp\www\anti\Application\Runtime\Cache\Admin\2af9e85c4e34fd4260975093be1049c5.php 第 840 行.
NOTIC: [8] Undefined variable: code_page E:\wamp\www\anti\Application\Runtime\Cache\Admin\2af9e85c4e34fd4260975093be1049c5.php 第 996 行.
INFO: Run Behavior\ParseTemplateBehavior [ RunTime:0.040848s ]
INFO: [ view_parse ] --END-- [ RunTime:0.041094s ]
INFO: [ view_filter ] --START--
INFO: Run Behavior\WriteHtmlCacheBehavior [ RunTime:0.001398s ]
INFO: [ view_filter ] --END-- [ RunTime:0.001539s ]
INFO: [ app_end ] --START--
INFO: Run Behavior\ShowPageTraceBehavior [ RunTime:0.001485s ]
INFO: [ app_end ] --END-- [ RunTime:0.001629s ]

[ 2018-10-17T11:23:49+08:00 ] 127.0.0.1 /index.php/Admin/shop/check_index
ERR: Cron:cron Runat 2018-10-17 11:23:49 Use 0.045453 s

[ 2018-10-17T11:23:49+08:00 ] 127.0.0.1 /index.php/Admin/shop/check_index
INFO: [ app_init ] --START--
INFO: Run Behavior\BuildLiteBehavior [ RunTime:0.000037s ]
INFO: [ app_init ] --END-- [ RunTime:0.001143s ]
INFO: [ app_begin ] --START--
INFO: Run Behavior\ReadHtmlCacheBehavior [ RunTime:0.001422s ]
SQL: SHOW COLUMNS FROM `red_indent` [ RunTime:0.0140s ]
SQL: SELECT * FROM `red_indent` WHERE `status` = 2  [ RunTime:0.0004s ]
INFO: Run Behavior\CronRunBehavior [ RunTime:0.060349s ]
INFO: [ app_begin ] --END-- [ RunTime:0.062024s ]
SQL: SHOW COLUMNS FROM `red_shop` [ RunTime:0.0150s ]
SQL: SELECT COUNT(*) AS tp_count FROM `red_shop` WHERE `type` <> 1 AND `status` = 0 LIMIT 1   [ RunTime:0.0016s ]
NOTIC: [8] Undefined index: p E:\wamp\www\anti\Application\Admin\Controller\ShopController.class.php 第 94 行.
SQL: SELECT * FROM `red_shop` WHERE `type` <> 1 AND `status` = 0 ORDER BY id desc LIMIT 0,20   [ RunTime:0.0005s ]
INFO: [ view_parse ] --START--
INFO: [ template_filter ] --START--
INFO: Run Behavior\ContentReplaceBehavior [ RunTime:0.000271s ]
INFO: [ template_filter ] --END-- [ RunTime:0.000407s ]
NOTIC: [8] Use of undefined constant id - assumed 'id' E:\wamp\www\anti\Application\Runtime\Cache\Admin\2af9e85c4e34fd4260975093be1049c5.php 第 840 行.
NOTIC: [8] Undefined variable: code_page E:\wamp\www\anti\Application\Runtime\Cache\Admin\2af9e85c4e34fd4260975093be1049c5.php 第 996 行.
INFO: Run Behavior\ParseTemplateBehavior [ RunTime:0.030886s ]
INFO: [ view_parse ] --END-- [ RunTime:0.031020s ]
INFO: [ view_filter ] --START--
INFO: Run Behavior\WriteHtmlCacheBehavior [ RunTime:0.001278s ]
INFO: [ view_filter ] --END-- [ RunTime:0.001415s ]
INFO: [ app_end ] --START--
INFO: Run Behavior\ShowPageTraceBehavior [ RunTime:0.001251s ]
INFO: [ app_end ] --END-- [ RunTime:0.001384s ]

[ 2018-10-17T15:34:16+08:00 ] 127.0.0.1 /index.php/Admin/code/index
ERR: Cron:cron Runat 2018-10-17 15:34:16 Use 0.067288 s

[ 2018-10-17T15:34:16+08:00 ] 127.0.0.1 /index.php/Admin/code/index
INFO: [ app_init ] --START--
INFO: Run Behavior\BuildLiteBehavior [ RunTime:0.000045s ]
INFO: [ app_init ] --END-- [ RunTime:0.001472s ]
INFO: [ app_begin ] --START--
INFO: Run Behavior\ReadHtmlCacheBehavior [ RunTime:0.001381s ]
SQL: SHOW COLUMNS FROM `red_indent` [ RunTime:0.0186s ]
SQL: SELECT * FROM `red_indent` WHERE `status` = 2  [ RunTime:0.0006s ]
INFO: Run Behavior\CronRunBehavior [ RunTime:0.103986s ]
INFO: [ app_begin ] --END-- [ RunTime:0.105619s ]
SQL: SHOW COLUMNS FROM `red_code` [ RunTime:0.0227s ]
SQL: SELECT `id`,`number` FROM `red_code` ORDER BY id desc LIMIT 1   [ RunTime:0.0004s ]
SQL: SHOW COLUMNS FROM `red_code_num` [ RunTime:0.0163s ]
SQL: SELECT COUNT(*) AS tp_count FROM `red_code_num` LIMIT 1   [ RunTime:0.0003s ]
NOTIC: [8] Undefined index: p E:\wamp\www\anti\Application\Admin\Controller\CodeController.class.php 第 19 行.

[ 2018-10-17T15:34:29+08:00 ] 127.0.0.1 /index.php/Admin/code/index
ERR: Cron:cron Runat 2018-10-17 15:34:29 Use 0.068231 s

[ 2018-10-17T15:34:30+08:00 ] 127.0.0.1 /index.php/Admin/code/index
INFO: [ app_init ] --START--
INFO: Run Behavior\BuildLiteBehavior [ RunTime:0.000081s ]
INFO: [ app_init ] --END-- [ RunTime:0.002520s ]
INFO: [ app_begin ] --START--
INFO: Run Behavior\ReadHtmlCacheBehavior [ RunTime:0.001395s ]
SQL: SHOW COLUMNS FROM `red_indent` [ RunTime:0.0170s ]
SQL: SELECT * FROM `red_indent` WHERE `status` = 2  [ RunTime:0.0007s ]
INFO: Run Behavior\CronRunBehavior [ RunTime:0.078629s ]
INFO: [ app_begin ] --END-- [ RunTime:0.080411s ]
SQL: SHOW COLUMNS FROM `red_code` [ RunTime:0.0176s ]
SQL: SELECT `id`,`number` FROM `red_code` ORDER BY id desc LIMIT 1   [ RunTime:0.0003s ]
SQL: SHOW COLUMNS FROM `red_code_num` [ RunTime:0.0169s ]
SQL: SELECT COUNT(*) AS tp_count FROM `red_code_num` LIMIT 1   [ RunTime:0.0003s ]
NOTIC: [8] Undefined index: p E:\wamp\www\anti\Application\Admin\Controller\CodeController.class.php 第 19 行.
SQL: SELECT * FROM `red_code_num` ORDER BY id desc LIMIT 0,5   [ RunTime:0.0003s ]
INFO: [ view_parse ] --START--
INFO: [ template_filter ] --START--
INFO: Run Behavior\ContentReplaceBehavior [ RunTime:0.000359s ]
INFO: [ template_filter ] --END-- [ RunTime:0.000519s ]
NOTIC: [8] Undefined variable: vo E:\wamp\www\anti\Application\Runtime\Cache\Admin\e4115922dbeab584d8de8ec3503939dc.php 第 806 行.
NOTIC: [8] Use of undefined constant id - assumed 'id' E:\wamp\www\anti\Application\Runtime\Cache\Admin\e4115922dbeab584d8de8ec3503939dc.php 第 845 行.
SQL: SELECT COUNT(*) AS tp_count FROM `red_code` WHERE `code_num_id` = 18 LIMIT 1   [ RunTime:0.0004s ]
NOTIC: [8] Undefined index: status E:\wamp\www\anti\Application\Runtime\Cache\Admin\e4115922dbeab584d8de8ec3503939dc.php 第 863 行.
NOTIC: [8] Use of undefined constant id - assumed 'id' E:\wamp\www\anti\Application\Runtime\Cache\Admin\e4115922dbeab584d8de8ec3503939dc.php 第 845 行.
SQL: SELECT COUNT(*) AS tp_count FROM `red_code` WHERE `code_num_id` = 17 LIMIT 1   [ RunTime:0.0004s ]
SQL: SHOW COLUMNS FROM `red_shop` [ RunTime:0.0122s ]
SQL: SELECT `name` FROM `red_shop` WHERE `id` = 1 LIMIT 1   [ RunTime:0.0006s ]
NOTIC: [8] Undefined index: status E:\wamp\www\anti\Application\Runtime\Cache\Admin\e4115922dbeab584d8de8ec3503939dc.php 第 863 行.
NOTIC: [8] Use of undefined constant id - assumed 'id' E:\wamp\www\anti\Application\Runtime\Cache\Admin\e4115922dbeab584d8de8ec3503939dc.php 第 845 行.
SQL: SELECT COUNT(*) AS tp_count FROM `red_code` WHERE `code_num_id` = 16 LIMIT 1   [ RunTime:0.0004s ]
SQL: SELECT `name` FROM `red_shop` WHERE `id` = 1 LIMIT 1   [ RunTime:0.0003s ]
NOTIC: [8] Undefined index: status E:\wamp\www\anti\Application\Runtime\Cache\Admin\e4115922dbeab584d8de8ec3503939dc.php 第 863 行.
NOTIC: [8] Use of undefined constant id - assumed 'id' E:\wamp\www\anti\Application\Runtime\Cache\Admin\e4115922dbeab584d8de8ec3503939dc.php 第 845 行.
SQL: SELECT COUNT(*) AS tp_count FROM `red_code` WHERE `code_num_id` = 15 LIMIT 1   [ RunTime:0.0003s ]
NOTIC: [8] Undefined index: status E:\wamp\www\anti\Application\Runtime\Cache\Admin\e4115922dbeab584d8de8ec3503939dc.php 第 863 行.
NOTIC: [8] Use of undefined constant id - assumed 'id' E:\wamp\www\anti\Application\Runtime\Cache\Admin\e4115922dbeab584d8de8ec3503939dc.php 第 845 行.
SQL: SELECT COUNT(*) AS tp_count FROM `red_code` WHERE `code_num_id` = 14 LIMIT 1   [ RunTime:0.0004s ]
NOTIC: [8] Undefined index: status E:\wamp\www\anti\Application\Runtime\Cache\Admin\e4115922dbeab584d8de8ec3503939dc.php 第 863 行.
SQL: SELECT COUNT(*) AS tp_count FROM `red_code` WHERE `code_num_id` = 18 LIMIT 1   [ RunTime:0.0003s ]
SQL: SELECT COUNT(*) AS tp_count FROM `red_code` WHERE `code_num_id` = 17 LIMIT 1   [ RunTime:0.0003s ]
SQL: SELECT COUNT(*) AS tp_count FROM `red_code` WHERE `code_num_id` = 16 LIMIT 1   [ RunTime:0.0003s ]
SQL: SELECT COUNT(*) AS tp_count FROM `red_code` WHERE `code_num_id` = 15 LIMIT 1   [ RunTime:0.0003s ]
SQL: SELECT COUNT(*) AS tp_count FROM `red_code` WHERE `code_num_id` = 14 LIMIT 1   [ RunTime:0.0003s ]
INFO: Run Behavior\ParseTemplateBehavior [ RunTime:0.173399s ]
INFO: [ view_parse ] --END-- [ RunTime:0.173536s ]
INFO: [ view_filter ] --START--
INFO: Run Behavior\WriteHtmlCacheBehavior [ RunTime:0.001185s ]
INFO: [ view_filter ] --END-- [ RunTime:0.001314s ]
INFO: [ app_end ] --START--
INFO: Run Behavior\ShowPageTraceBehavior [ RunTime:0.002441s ]
INFO: [ app_end ] --END-- [ RunTime:0.002583s ]

[ 2018-10-17T15:34:32+08:00 ] 127.0.0.1 /index.php/Admin/Code/index/p/2.html
INFO: [ app_init ] --START--
INFO: Run Behavior\BuildLiteBehavior [ RunTime:0.000033s ]
INFO: [ app_init ] --END-- [ RunTime:0.000925s ]
INFO: [ app_begin ] --START--
INFO: Run Behavior\ReadHtmlCacheBehavior [ RunTime:0.001424s ]
INFO: Run Behavior\CronRunBehavior [ RunTime:0.006862s ]
INFO: [ app_begin ] --END-- [ RunTime:0.008540s ]
SQL: SHOW COLUMNS FROM `red_code` [ RunTime:0.0148s ]
SQL: SELECT `id`,`number` FROM `red_code` ORDER BY id desc LIMIT 1   [ RunTime:0.0022s ]
SQL: SHOW COLUMNS FROM `red_code_num` [ RunTime:0.0144s ]
SQL: SELECT COUNT(*) AS tp_count FROM `red_code_num` LIMIT 1   [ RunTime:0.0003s ]
SQL: SELECT * FROM `red_code_num` ORDER BY id desc LIMIT 5,5   [ RunTime:0.0002s ]
INFO: [ view_parse ] --START--
INFO: [ template_filter ] --START--
INFO: Run Behavior\ContentReplaceBehavior [ RunTime:0.000339s ]
INFO: [ template_filter ] --END-- [ RunTime:0.000519s ]
NOTIC: [8] Undefined variable: vo E:\wamp\www\anti\Application\Runtime\Cache\Admin\e4115922dbeab584d8de8ec3503939dc.php 第 806 行.
NOTIC: [8] Use of undefined constant id - assumed 'id' E:\wamp\www\anti\Application\Runtime\Cache\Admin\e4115922dbeab584d8de8ec3503939dc.php 第 845 行.
SQL: SELECT COUNT(*) AS tp_count FROM `red_code` WHERE `code_num_id` = 8 LIMIT 1   [ RunTime:0.0004s ]
NOTIC: [8] Undefined index: status E:\wamp\www\anti\Application\Runtime\Cache\Admin\e4115922dbeab584d8de8ec3503939dc.php 第 863 行.
NOTIC: [8] Use of undefined constant id - assumed 'id' E:\wamp\www\anti\Application\Runtime\Cache\Admin\e4115922dbeab584d8de8ec3503939dc.php 第 845 行.
SQL: SELECT COUNT(*) AS tp_count FROM `red_code` WHERE `code_num_id` = 7 LIMIT 1   [ RunTime:0.0003s ]
NOTIC: [8] Undefined index: status E:\wamp\www\anti\Application\Runtime\Cache\Admin\e4115922dbeab584d8de8ec3503939dc.php 第 863 行.
NOTIC: [8] Use of undefined constant id - assumed 'id' E:\wamp\www\anti\Application\Runtime\Cache\Admin\e4115922dbeab584d8de8ec3503939dc.php 第 845 行.
SQL: SELECT COUNT(*) AS tp_count FROM `red_code` WHERE `code_num_id` = 6 LIMIT 1   [ RunTime:0.0003s ]
NOTIC: [8] Undefined index: status E:\wamp\www\anti\Application\Runtime\Cache\Admin\e4115922dbeab584d8de8ec3503939dc.php 第 863 行.
SQL: SELECT COUNT(*) AS tp_count FROM `red_code` WHERE `code_num_id` = 8 LIMIT 1   [ RunTime:0.0005s ]
SQL: SELECT COUNT(*) AS tp_count FROM `red_code` WHERE `code_num_id` = 7 LIMIT 1   [ RunTime:0.0004s ]
SQL: SELECT COUNT(*) AS tp_count FROM `red_code` WHERE `code_num_id` = 6 LIMIT 1   [ RunTime:0.0004s ]
INFO: Run Behavior\ParseTemplateBehavior [ RunTime:0.052413s ]
INFO: [ view_parse ] --END-- [ RunTime:0.052567s ]
INFO: [ view_filter ] --START--
INFO: Run Behavior\WriteHtmlCacheBehavior [ RunTime:0.001252s ]
INFO: [ view_filter ] --END-- [ RunTime:0.001388s ]
INFO: [ app_end ] --START--
INFO: Run Behavior\ShowPageTraceBehavior [ RunTime:0.001219s ]
INFO: [ app_end ] --END-- [ RunTime:0.001348s ]

[ 2018-10-17T15:34:35+08:00 ] 127.0.0.1 /index.php/Admin/Code/index/p/1.html
INFO: [ app_init ] --START--
INFO: Run Behavior\BuildLiteBehavior [ RunTime:0.000038s ]
INFO: [ app_init ] --END-- [ RunTime:0.001855s ]
INFO: [ app_begin ] --START--
INFO: Run Behavior\ReadHtmlCacheBehavior [ RunTime:0.001232s ]
INFO: Run Behavior\CronRunBehavior [ RunTime:0.006180s ]
INFO: [ app_begin ] --END-- [ RunTime:0.007703s ]
SQL: SHOW COLUMNS FROM `red_code` [ RunTime:0.0152s ]
SQL: SELECT `id`,`number` FROM `red_code` ORDER BY id desc LIMIT 1   [ RunTime:0.0003s ]
SQL: SHOW COLUMNS FROM `red_code_num` [ RunTime:0.0149s ]
SQL: SELECT COUNT(*) AS tp_count FROM `red_code_num` LIMIT 1   [ RunTime:0.0005s ]
SQL: SELECT * FROM `red_code_num` ORDER BY id desc LIMIT 0,5   [ RunTime:0.0005s ]
INFO: [ view_parse ] --START--
INFO: [ template_filter ] --START--
INFO: Run Behavior\ContentReplaceBehavior [ RunTime:0.000265s ]
INFO: [ template_filter ] --END-- [ RunTime:0.000406s ]
NOTIC: [8] Undefined variable: vo E:\wamp\www\anti\Application\Runtime\Cache\Admin\e4115922dbeab584d8de8ec3503939dc.php 第 806 行.
NOTIC: [8] Use of undefined constant id - assumed 'id' E:\wamp\www\anti\Application\Runtime\Cache\Admin\e4115922dbeab584d8de8ec3503939dc.php 第 845 行.
SQL: SELECT COUNT(*) AS tp_count FROM `red_code` WHERE `code_num_id` = 18 LIMIT 1   [ RunTime:0.0003s ]
NOTIC: [8] Undefined index: status E:\wamp\www\anti\Application\Runtime\Cache\Admin\e4115922dbeab584d8de8ec3503939dc.php 第 863 行.
NOTIC: [8] Use of undefined constant id - assumed 'id' E:\wamp\www\anti\Application\Runtime\Cache\Admin\e4115922dbeab584d8de8ec3503939dc.php 第 845 行.
SQL: SELECT COUNT(*) AS tp_count FROM `red_code` WHERE `code_num_id` = 17 LIMIT 1   [ RunTime:0.0003s ]
SQL: SHOW COLUMNS FROM `red_shop` [ RunTime:0.0146s ]
SQL: SELECT `name` FROM `red_shop` WHERE `id` = 1 LIMIT 1   [ RunTime:0.0003s ]
NOTIC: [8] Undefined index: status E:\wamp\www\anti\Application\Runtime\Cache\Admin\e4115922dbeab584d8de8ec3503939dc.php 第 863 行.
NOTIC: [8] Use of undefined constant id - assumed 'id' E:\wamp\www\anti\Application\Runtime\Cache\Admin\e4115922dbeab584d8de8ec3503939dc.php 第 845 行.
SQL: SELECT COUNT(*) AS tp_count FROM `red_code` WHERE `code_num_id` = 16 LIMIT 1   [ RunTime:0.0003s ]
SQL: SELECT `name` FROM `red_shop` WHERE `id` = 1 LIMIT 1   [ RunTime:0.0002s ]
NOTIC: [8] Undefined index: status E:\wamp\www\anti\Application\Runtime\Cache\Admin\e4115922dbeab584d8de8ec3503939dc.php 第 863 行.
NOTIC: [8] Use of undefined constant id - assumed 'id' E:\wamp\www\anti\Application\Runtime\Cache\Admin\e4115922dbeab584d8de8ec3503939dc.php 第 845 行.
SQL: SELECT COUNT(*) AS tp_count FROM `red_code` WHERE `code_num_id` = 15 LIMIT 1   [ RunTime:0.0002s ]
NOTIC: [8] Undefined index: status E:\wamp\www\anti\Application\Runtime\Cache\Admin\e4115922dbeab584d8de8ec3503939dc.php 第 863 行.
NOTIC: [8] Use of undefined constant id - assumed 'id' E:\wamp\www\anti\Application\Runtime\Cache\Admin\e4115922dbeab584d8de8ec3503939dc.php 第 845 行.
SQL: SELECT COUNT(*) AS tp_count FROM `red_code` WHERE `code_num_id` = 14 LIMIT 1   [ RunTime:0.0003s ]
NOTIC: [8] Undefined index: status E:\wamp\www\anti\Application\Runtime\Cache\Admin\e4115922dbeab584d8de8ec3503939dc.php 第 863 行.
SQL: SELECT COUNT(*) AS tp_count FROM `red_code` WHERE `code_num_id` = 18 LIMIT 1   [ RunTime:0.0003s ]
SQL: SELECT COUNT(*) AS tp_count FROM `red_code` WHERE `code_num_id` = 17 LIMIT 1   [ RunTime:0.0002s ]
SQL: SELECT COUNT(*) AS tp_count FROM `red_code` WHERE `code_num_id` = 16 LIMIT 1   [ RunTime:0.0002s ]
SQL: SELECT COUNT(*) AS tp_count FROM `red_code` WHERE `code_num_id` = 15 LIMIT 1   [ RunTime:0.0004s ]
SQL: SELECT COUNT(*) AS tp_count FROM `red_code` WHERE `code_num_id` = 14 LIMIT 1   [ RunTime:0.0004s ]
INFO: Run Behavior\ParseTemplateBehavior [ RunTime:0.076672s ]
INFO: [ view_parse ] --END-- [ RunTime:0.076801s ]
INFO: [ view_filter ] --START--
INFO: Run Behavior\WriteHtmlCacheBehavior [ RunTime:0.001230s ]
INFO: [ view_filter ] --END-- [ RunTime:0.001359s ]
INFO: [ app_end ] --START--
INFO: Run Behavior\ShowPageTraceBehavior [ RunTime:0.002087s ]
INFO: [ app_end ] --END-- [ RunTime:0.002225s ]

