[ 2018-11-29T14:30:44+08:00 ] 127.0.0.1 /index.php/admin/login
ERR: Cron:cron Runat 2018-11-29 14:30:44 Use 0.756360 s

[ 2018-11-29T14:30:44+08:00 ] 127.0.0.1 /index.php/admin/login
INFO: [ app_init ] --START--
INFO: Run Behavior\BuildLiteBehavior [ RunTime:0.000032s ]
INFO: [ app_init ] --END-- [ RunTime:0.024123s ]
INFO: [ app_begin ] --START--
INFO: Run Behavior\ReadHtmlCacheBehavior [ RunTime:0.025922s ]
SQL: SHOW COLUMNS FROM `red_indent` [ RunTime:0.1560s ]
SQL: SELECT * FROM `red_indent` WHERE `status` = 2  [ RunTime:0.0166s ]
INFO: Run Behavior\CronRunBehavior [ RunTime:0.868705s ]
INFO: [ app_begin ] --END-- [ RunTime:0.895026s ]
INFO: [ view_parse ] --START--
INFO: [ template_filter ] --START--
INFO: Run Behavior\ContentReplaceBehavior [ RunTime:0.021234s ]
INFO: [ template_filter ] --END-- [ RunTime:0.021379s ]
INFO: Run Behavior\ParseTemplateBehavior [ RunTime:0.156022s ]
INFO: [ view_parse ] --END-- [ RunTime:0.156169s ]
INFO: [ view_filter ] --START--
INFO: Run Behavior\WriteHtmlCacheBehavior [ RunTime:0.107678s ]
INFO: [ view_filter ] --END-- [ RunTime:0.107809s ]
INFO: [ app_end ] --START--
INFO: Run Behavior\ShowPageTraceBehavior [ RunTime:0.086278s ]
INFO: [ app_end ] --END-- [ RunTime:0.086414s ]

[ 2018-11-29T14:30:45+08:00 ] 127.0.0.1 /index.php/Admin/login/verify.html
INFO: [ app_init ] --START--
INFO: Run Behavior\BuildLiteBehavior [ RunTime:0.000039s ]
INFO: [ app_init ] --END-- [ RunTime:0.001015s ]
INFO: [ app_begin ] --START--
INFO: Run Behavior\ReadHtmlCacheBehavior [ RunTime:0.005598s ]
INFO: Run Behavior\CronRunBehavior [ RunTime:0.045675s ]
INFO: [ app_begin ] --END-- [ RunTime:0.052384s ]
INFO: [ app_end ] --START--
INFO: Run Behavior\ShowPageTraceBehavior [ RunTime:0.001599s ]
INFO: [ app_end ] --END-- [ RunTime:0.001755s ]

