[ 2018-10-26T09:14:00+08:00 ] 127.0.0.1 /index.php/admin/login
ERR: Cron:cron Runat 2018-10-26 09:14:00 Use 0.206160 s

[ 2018-10-26T09:14:00+08:00 ] 127.0.0.1 /index.php/admin/login
INFO: [ app_init ] --START--
INFO: Run Behavior\BuildLiteBehavior [ RunTime:0.000649s ]
INFO: [ app_init ] --END-- [ RunTime:0.001773s ]
INFO: [ app_begin ] --START--
INFO: Run Behavior\ReadHtmlCacheBehavior [ RunTime:0.001940s ]
SQL: SHOW COLUMNS FROM `red_indent` [ RunTime:0.0859s ]
SQL: SELECT * FROM `red_indent` WHERE `status` = 2  [ RunTime:0.0051s ]
INFO: Run Behavior\CronRunBehavior [ RunTime:0.253352s ]
INFO: [ app_begin ] --END-- [ RunTime:0.255587s ]
INFO: [ view_parse ] --START--
INFO: [ template_filter ] --START--
INFO: Run Behavior\ContentReplaceBehavior [ RunTime:0.000085s ]
INFO: [ template_filter ] --END-- [ RunTime:0.000217s ]
INFO: Run Behavior\ParseTemplateBehavior [ RunTime:0.117949s ]
INFO: [ view_parse ] --END-- [ RunTime:0.118109s ]
INFO: [ view_filter ] --START--
INFO: Run Behavior\WriteHtmlCacheBehavior [ RunTime:0.013897s ]
INFO: [ view_filter ] --END-- [ RunTime:0.014031s ]
INFO: [ app_end ] --START--
INFO: Run Behavior\ShowPageTraceBehavior [ RunTime:0.002313s ]
INFO: [ app_end ] --END-- [ RunTime:0.002449s ]

[ 2018-10-26T09:14:02+08:00 ] 127.0.0.1 /index.php/Admin/login/verify.html
INFO: [ app_init ] --START--
INFO: Run Behavior\BuildLiteBehavior [ RunTime:0.000034s ]
INFO: [ app_init ] --END-- [ RunTime:0.001165s ]
INFO: [ app_begin ] --START--
INFO: Run Behavior\ReadHtmlCacheBehavior [ RunTime:0.001169s ]
INFO: Run Behavior\CronRunBehavior [ RunTime:0.019542s ]
INFO: [ app_begin ] --END-- [ RunTime:0.021001s ]
INFO: [ app_end ] --START--
INFO: Run Behavior\ShowPageTraceBehavior [ RunTime:0.001761s ]
INFO: [ app_end ] --END-- [ RunTime:0.001924s ]

[ 2018-10-26T10:29:10+08:00 ] 127.0.0.1 /index.php/admin/login
ERR: Cron:cron Runat 2018-10-26 10:29:10 Use 0.195380 s

[ 2018-10-26T10:29:10+08:00 ] 127.0.0.1 /index.php/admin/login
INFO: [ app_init ] --START--
INFO: Run Behavior\BuildLiteBehavior [ RunTime:0.000043s ]
INFO: [ app_init ] --END-- [ RunTime:0.001466s ]
INFO: [ app_begin ] --START--
INFO: Run Behavior\ReadHtmlCacheBehavior [ RunTime:0.002725s ]
SQL: SHOW COLUMNS FROM `red_indent` [ RunTime:0.1163s ]
SQL: SELECT * FROM `red_indent` WHERE `status` = 2  [ RunTime:0.0007s ]
INFO: Run Behavior\CronRunBehavior [ RunTime:0.258165s ]
INFO: [ app_begin ] --END-- [ RunTime:0.261147s ]
INFO: [ view_parse ] --START--
INFO: [ template_filter ] --START--
INFO: Run Behavior\ContentReplaceBehavior [ RunTime:0.000092s ]
INFO: [ template_filter ] --END-- [ RunTime:0.000251s ]
INFO: Run Behavior\ParseTemplateBehavior [ RunTime:0.172667s ]
INFO: [ view_parse ] --END-- [ RunTime:0.172833s ]
INFO: [ view_filter ] --START--
INFO: Run Behavior\WriteHtmlCacheBehavior [ RunTime:0.017044s ]
INFO: [ view_filter ] --END-- [ RunTime:0.017183s ]
INFO: [ app_end ] --START--
INFO: Run Behavior\ShowPageTraceBehavior [ RunTime:0.016656s ]
INFO: [ app_end ] --END-- [ RunTime:0.016794s ]

[ 2018-10-26T10:29:11+08:00 ] 127.0.0.1 /index.php/Admin/login/verify.html
INFO: [ app_init ] --START--
INFO: Run Behavior\BuildLiteBehavior [ RunTime:0.000047s ]
INFO: [ app_init ] --END-- [ RunTime:0.002137s ]
INFO: [ app_begin ] --START--
INFO: Run Behavior\ReadHtmlCacheBehavior [ RunTime:0.001653s ]
INFO: Run Behavior\CronRunBehavior [ RunTime:0.023438s ]
INFO: [ app_begin ] --END-- [ RunTime:0.025448s ]
INFO: [ app_end ] --START--
INFO: Run Behavior\ShowPageTraceBehavior [ RunTime:0.001767s ]
INFO: [ app_end ] --END-- [ RunTime:0.001935s ]

