[ 2018-11-17T10:27:01+08:00 ] 127.0.0.1 /index.php/admin/login
ERR: Cron:cron Runat 2018-11-17 10:27:01 Use 0.183665 s

[ 2018-11-17T10:27:01+08:00 ] 127.0.0.1 /index.php/admin/login
INFO: [ app_init ] --START--
INFO: Run Behavior\BuildLiteBehavior [ RunTime:0.000039s ]
INFO: [ app_init ] --END-- [ RunTime:0.001657s ]
INFO: [ app_begin ] --START--
INFO: Run Behavior\ReadHtmlCacheBehavior [ RunTime:0.001595s ]
SQL: SHOW COLUMNS FROM `red_indent` [ RunTime:0.0807s ]
SQL: SELECT * FROM `red_indent` WHERE `status` = 2  [ RunTime:0.0007s ]
INFO: Run Behavior\CronRunBehavior [ RunTime:0.237582s ]
INFO: [ app_begin ] --END-- [ RunTime:0.239417s ]
INFO: [ view_parse ] --START--
INFO: [ template_filter ] --START--
INFO: Run Behavior\ContentReplaceBehavior [ RunTime:0.000123s ]
INFO: [ template_filter ] --END-- [ RunTime:0.000263s ]
INFO: Run Behavior\ParseTemplateBehavior [ RunTime:0.099176s ]
INFO: [ view_parse ] --END-- [ RunTime:0.099320s ]
INFO: [ view_filter ] --START--
INFO: Run Behavior\WriteHtmlCacheBehavior [ RunTime:0.016441s ]
INFO: [ view_filter ] --END-- [ RunTime:0.016716s ]
INFO: [ app_end ] --START--
INFO: Run Behavior\ShowPageTraceBehavior [ RunTime:0.024706s ]
INFO: [ app_end ] --END-- [ RunTime:0.024860s ]

[ 2018-11-17T10:27:03+08:00 ] 127.0.0.1 /index.php/Admin/login/verify.html
INFO: [ app_init ] --START--
INFO: Run Behavior\BuildLiteBehavior [ RunTime:0.000035s ]
INFO: [ app_init ] --END-- [ RunTime:0.000928s ]
INFO: [ app_begin ] --START--
INFO: Run Behavior\ReadHtmlCacheBehavior [ RunTime:0.001248s ]
INFO: Run Behavior\CronRunBehavior [ RunTime:0.014573s ]
INFO: [ app_begin ] --END-- [ RunTime:0.016101s ]
INFO: [ app_end ] --START--
INFO: Run Behavior\ShowPageTraceBehavior [ RunTime:0.001761s ]
INFO: [ app_end ] --END-- [ RunTime:0.002022s ]

[ 2018-11-17T10:27:09+08:00 ] 127.0.0.1 /index.php/Admin/Login/index
INFO: [ app_init ] --START--
INFO: Run Behavior\BuildLiteBehavior [ RunTime:0.000034s ]
INFO: [ app_init ] --END-- [ RunTime:0.001058s ]
INFO: [ app_begin ] --START--
INFO: Run Behavior\ReadHtmlCacheBehavior [ RunTime:0.001383s ]
INFO: Run Behavior\CronRunBehavior [ RunTime:0.006183s ]
INFO: [ app_begin ] --END-- [ RunTime:0.007832s ]
SQL: SHOW COLUMNS FROM `red_admin` [ RunTime:0.0615s ]
NOTIC: [2] Missing argument 3 for show(), called in E:\wamp\www\anti\Application\Admin\Controller\LoginController.class.php on line 15 and defined E:\wamp\www\anti\Application\Common\Common\function.php 第 379 行.
NOTIC: [8] Undefined variable: data E:\wamp\www\anti\Application\Common\Common\function.php 第 383 行.

[ 2018-11-17T10:27:11+08:00 ] 127.0.0.1 /index.php/Admin/Login/verify/0.11769705030201538
ERR: Cron:cron Runat 2018-11-17 10:27:11 Use 0.066504 s

[ 2018-11-17T10:27:11+08:00 ] 127.0.0.1 /index.php/Admin/Login/verify/0.11769705030201538
INFO: [ app_init ] --START--
INFO: Run Behavior\BuildLiteBehavior [ RunTime:0.000031s ]
INFO: [ app_init ] --END-- [ RunTime:0.001117s ]
INFO: [ app_begin ] --START--
INFO: Run Behavior\ReadHtmlCacheBehavior [ RunTime:0.001342s ]
SQL: SHOW COLUMNS FROM `red_indent` [ RunTime:0.0506s ]
SQL: SELECT * FROM `red_indent` WHERE `status` = 2  [ RunTime:0.0004s ]
INFO: Run Behavior\CronRunBehavior [ RunTime:0.085462s ]
INFO: [ app_begin ] --END-- [ RunTime:0.087057s ]
INFO: [ app_end ] --START--
INFO: Run Behavior\ShowPageTraceBehavior [ RunTime:0.001451s ]
INFO: [ app_end ] --END-- [ RunTime:0.001623s ]

[ 2018-11-17T10:27:15+08:00 ] 127.0.0.1 /index.php/Admin/Login/index
INFO: [ app_init ] --START--
INFO: Run Behavior\BuildLiteBehavior [ RunTime:0.000033s ]
INFO: [ app_init ] --END-- [ RunTime:0.000916s ]
INFO: [ app_begin ] --START--
INFO: Run Behavior\ReadHtmlCacheBehavior [ RunTime:0.001128s ]
INFO: Run Behavior\CronRunBehavior [ RunTime:0.010579s ]
INFO: [ app_begin ] --END-- [ RunTime:0.011952s ]
SQL: SHOW COLUMNS FROM `red_admin` [ RunTime:0.0434s ]
SQL: SELECT * FROM `red_admin` WHERE ( username = "admin" ) LIMIT 1   [ RunTime:0.0215s ]
NOTIC: [2] Missing argument 3 for show(), called in E:\wamp\www\anti\Application\Admin\Controller\LoginController.class.php on line 30 and defined E:\wamp\www\anti\Application\Common\Common\function.php 第 379 行.
NOTIC: [8] Undefined variable: data E:\wamp\www\anti\Application\Common\Common\function.php 第 383 行.

[ 2018-11-17T10:27:16+08:00 ] 127.0.0.1 /index.php/Admin/index/index
INFO: [ app_init ] --START--
INFO: Run Behavior\BuildLiteBehavior [ RunTime:0.000034s ]
INFO: [ app_init ] --END-- [ RunTime:0.001204s ]
INFO: [ app_begin ] --START--
INFO: Run Behavior\ReadHtmlCacheBehavior [ RunTime:0.001264s ]
INFO: Run Behavior\CronRunBehavior [ RunTime:0.007069s ]
INFO: [ app_begin ] --END-- [ RunTime:0.008611s ]
SQL: SHOW COLUMNS FROM `red_shop` [ RunTime:0.0415s ]
SQL: SELECT COUNT(*) AS tp_count FROM `red_shop` WHERE `type` = 1 LIMIT 1   [ RunTime:0.0444s ]
SQL: SELECT COUNT(*) AS tp_count FROM `red_shop` WHERE `type` = 2 LIMIT 1   [ RunTime:0.0006s ]
SQL: SELECT COUNT(*) AS tp_count FROM `red_shop` WHERE `type` = 3 LIMIT 1   [ RunTime:0.0003s ]
SQL: SHOW COLUMNS FROM `red_money_record` [ RunTime:0.0404s ]
SQL: SELECT `money` FROM `red_money_record` WHERE `moneytype` = 1  [ RunTime:0.0004s ]
SQL: SHOW COLUMNS FROM `red_admin` [ RunTime:0.0393s ]
SQL: SELECT `percent` FROM `red_admin` LIMIT 1   [ RunTime:0.0003s ]
INFO: [ view_parse ] --START--
INFO: [ template_filter ] --START--
INFO: Run Behavior\ContentReplaceBehavior [ RunTime:0.000213s ]
INFO: [ template_filter ] --END-- [ RunTime:0.000350s ]
NOTIC: [8] Undefined variable: vo E:\wamp\www\anti\Application\Runtime\Cache\Admin\b595b808c2ebeeeb0478ffc30bb4e87a.php 第 716 行.
INFO: Run Behavior\ParseTemplateBehavior [ RunTime:0.119657s ]
INFO: [ view_parse ] --END-- [ RunTime:0.119816s ]
INFO: [ view_filter ] --START--
INFO: Run Behavior\WriteHtmlCacheBehavior [ RunTime:0.001450s ]
INFO: [ view_filter ] --END-- [ RunTime:0.001582s ]
INFO: [ app_end ] --START--
INFO: Run Behavior\ShowPageTraceBehavior [ RunTime:0.002308s ]
INFO: [ app_end ] --END-- [ RunTime:0.002444s ]

[ 2018-11-17T10:27:18+08:00 ] 127.0.0.1 /index.php/Admin/Index/charts
INFO: [ app_init ] --START--
INFO: Run Behavior\BuildLiteBehavior [ RunTime:0.000034s ]
INFO: [ app_init ] --END-- [ RunTime:0.001285s ]
INFO: [ app_begin ] --START--
INFO: Run Behavior\ReadHtmlCacheBehavior [ RunTime:0.001178s ]
INFO: Run Behavior\CronRunBehavior [ RunTime:0.010979s ]
INFO: [ app_begin ] --END-- [ RunTime:0.012409s ]
SQL: SHOW COLUMNS FROM `red_money_record` [ RunTime:0.0430s ]
SQL: SELECT `money` FROM `red_money_record` WHERE `time` BETWEEN 1541779200 AND 1541865599 AND `moneytype` = 1  [ RunTime:0.0455s ]
SQL: SHOW COLUMNS FROM `red_shop` [ RunTime:0.0538s ]
SQL: SELECT COUNT(*) AS tp_count FROM `red_shop` WHERE `time` BETWEEN 1541779200 AND 1541865599 AND `type` = 1 LIMIT 1   [ RunTime:0.0005s ]
SQL: SELECT COUNT(*) AS tp_count FROM `red_shop` WHERE `time` BETWEEN 1541779200 AND 1541865599 AND `type` = 2 LIMIT 1   [ RunTime:0.0005s ]
SQL: SELECT COUNT(*) AS tp_count FROM `red_shop` WHERE `time` BETWEEN 1541779200 AND 1541865599 AND `type` = 3 LIMIT 1   [ RunTime:0.0006s ]
NOTIC: [8] Use of undefined constant start_time - assumed 'start_time' E:\wamp\www\anti\Application\Admin\Controller\IndexController.class.php 第 56 行.
SQL: SELECT `money` FROM `red_money_record` WHERE `time` BETWEEN 1541865600 AND 1541951999 AND `moneytype` = 1  [ RunTime:0.0012s ]
SQL: SELECT COUNT(*) AS tp_count FROM `red_shop` WHERE `time` BETWEEN 1541865600 AND 1541951999 AND `type` = 1 LIMIT 1   [ RunTime:0.0005s ]
SQL: SELECT COUNT(*) AS tp_count FROM `red_shop` WHERE `time` BETWEEN 1541865600 AND 1541951999 AND `type` = 2 LIMIT 1   [ RunTime:0.0004s ]
SQL: SELECT COUNT(*) AS tp_count FROM `red_shop` WHERE `time` BETWEEN 1541865600 AND 1541951999 AND `type` = 3 LIMIT 1   [ RunTime:0.0005s ]
NOTIC: [8] Use of undefined constant start_time - assumed 'start_time' E:\wamp\www\anti\Application\Admin\Controller\IndexController.class.php 第 56 行.
SQL: SELECT `money` FROM `red_money_record` WHERE `time` BETWEEN 1541952000 AND 1542038399 AND `moneytype` = 1  [ RunTime:0.0005s ]
SQL: SELECT COUNT(*) AS tp_count FROM `red_shop` WHERE `time` BETWEEN 1541952000 AND 1542038399 AND `type` = 1 LIMIT 1   [ RunTime:0.0004s ]
SQL: SELECT COUNT(*) AS tp_count FROM `red_shop` WHERE `time` BETWEEN 1541952000 AND 1542038399 AND `type` = 2 LIMIT 1   [ RunTime:0.0006s ]
SQL: SELECT COUNT(*) AS tp_count FROM `red_shop` WHERE `time` BETWEEN 1541952000 AND 1542038399 AND `type` = 3 LIMIT 1   [ RunTime:0.0004s ]
NOTIC: [8] Use of undefined constant start_time - assumed 'start_time' E:\wamp\www\anti\Application\Admin\Controller\IndexController.class.php 第 56 行.
SQL: SELECT `money` FROM `red_money_record` WHERE `time` BETWEEN 1542038400 AND 1542124799 AND `moneytype` = 1  [ RunTime:0.0003s ]
SQL: SELECT COUNT(*) AS tp_count FROM `red_shop` WHERE `time` BETWEEN 1542038400 AND 1542124799 AND `type` = 1 LIMIT 1   [ RunTime:0.0003s ]
SQL: SELECT COUNT(*) AS tp_count FROM `red_shop` WHERE `time` BETWEEN 1542038400 AND 1542124799 AND `type` = 2 LIMIT 1   [ RunTime:0.0005s ]
SQL: SELECT COUNT(*) AS tp_count FROM `red_shop` WHERE `time` BETWEEN 1542038400 AND 1542124799 AND `type` = 3 LIMIT 1   [ RunTime:0.0004s ]
NOTIC: [8] Use of undefined constant start_time - assumed 'start_time' E:\wamp\www\anti\Application\Admin\Controller\IndexController.class.php 第 56 行.
SQL: SELECT `money` FROM `red_money_record` WHERE `time` BETWEEN 1542124800 AND 1542211199 AND `moneytype` = 1  [ RunTime:0.0006s ]
SQL: SELECT COUNT(*) AS tp_count FROM `red_shop` WHERE `time` BETWEEN 1542124800 AND 1542211199 AND `type` = 1 LIMIT 1   [ RunTime:0.0007s ]
SQL: SELECT COUNT(*) AS tp_count FROM `red_shop` WHERE `time` BETWEEN 1542124800 AND 1542211199 AND `type` = 2 LIMIT 1   [ RunTime:0.0005s ]
SQL: SELECT COUNT(*) AS tp_count FROM `red_shop` WHERE `time` BETWEEN 1542124800 AND 1542211199 AND `type` = 3 LIMIT 1   [ RunTime:0.0006s ]
NOTIC: [8] Use of undefined constant start_time - assumed 'start_time' E:\wamp\www\anti\Application\Admin\Controller\IndexController.class.php 第 56 行.
SQL: SELECT `money` FROM `red_money_record` WHERE `time` BETWEEN 1542211200 AND 1542297599 AND `moneytype` = 1  [ RunTime:0.0007s ]
SQL: SELECT COUNT(*) AS tp_count FROM `red_shop` WHERE `time` BETWEEN 1542211200 AND 1542297599 AND `type` = 1 LIMIT 1   [ RunTime:0.0005s ]
SQL: SELECT COUNT(*) AS tp_count FROM `red_shop` WHERE `time` BETWEEN 1542211200 AND 1542297599 AND `type` = 2 LIMIT 1   [ RunTime:0.0005s ]
SQL: SELECT COUNT(*) AS tp_count FROM `red_shop` WHERE `time` BETWEEN 1542211200 AND 1542297599 AND `type` = 3 LIMIT 1   [ RunTime:0.0004s ]
NOTIC: [8] Use of undefined constant start_time - assumed 'start_time' E:\wamp\www\anti\Application\Admin\Controller\IndexController.class.php 第 56 行.
SQL: SELECT `money` FROM `red_money_record` WHERE `time` BETWEEN 1542297600 AND 1542383999 AND `moneytype` = 1  [ RunTime:0.0004s ]
SQL: SELECT COUNT(*) AS tp_count FROM `red_shop` WHERE `time` BETWEEN 1542297600 AND 1542383999 AND `type` = 1 LIMIT 1   [ RunTime:0.0006s ]
SQL: SELECT COUNT(*) AS tp_count FROM `red_shop` WHERE `time` BETWEEN 1542297600 AND 1542383999 AND `type` = 2 LIMIT 1   [ RunTime:0.0004s ]
SQL: SELECT COUNT(*) AS tp_count FROM `red_shop` WHERE `time` BETWEEN 1542297600 AND 1542383999 AND `type` = 3 LIMIT 1   [ RunTime:0.0006s ]
NOTIC: [8] Use of undefined constant start_time - assumed 'start_time' E:\wamp\www\anti\Application\Admin\Controller\IndexController.class.php 第 56 行.
SQL: SELECT `money` FROM `red_money_record` WHERE `time` BETWEEN 1542384000 AND 1542470399 AND `moneytype` = 1  [ RunTime:0.0004s ]
SQL: SELECT COUNT(*) AS tp_count FROM `red_shop` WHERE `time` BETWEEN 1542384000 AND 1542470399 AND `type` = 1 LIMIT 1   [ RunTime:0.0003s ]
SQL: SELECT COUNT(*) AS tp_count FROM `red_shop` WHERE `time` BETWEEN 1542384000 AND 1542470399 AND `type` = 2 LIMIT 1   [ RunTime:0.0007s ]
SQL: SELECT COUNT(*) AS tp_count FROM `red_shop` WHERE `time` BETWEEN 1542384000 AND 1542470399 AND `type` = 3 LIMIT 1   [ RunTime:0.0006s ]
NOTIC: [8] Use of undefined constant start_time - assumed 'start_time' E:\wamp\www\anti\Application\Admin\Controller\IndexController.class.php 第 56 行.

[ 2018-11-17T10:27:45+08:00 ] 127.0.0.1 /index.php/Admin/activity/index
ERR: Cron:cron Runat 2018-11-17 10:27:45 Use 0.065559 s

[ 2018-11-17T10:27:45+08:00 ] 127.0.0.1 /index.php/Admin/activity/index
INFO: [ app_init ] --START--
INFO: Run Behavior\BuildLiteBehavior [ RunTime:0.000031s ]
INFO: [ app_init ] --END-- [ RunTime:0.000926s ]
INFO: [ app_begin ] --START--
INFO: Run Behavior\ReadHtmlCacheBehavior [ RunTime:0.001304s ]
SQL: SHOW COLUMNS FROM `red_indent` [ RunTime:0.0493s ]
SQL: SELECT * FROM `red_indent` WHERE `status` = 2  [ RunTime:0.0004s ]
INFO: Run Behavior\CronRunBehavior [ RunTime:0.083087s ]
INFO: [ app_begin ] --END-- [ RunTime:0.084643s ]
NOTIC: [8] Undefined index: act_status E:\wamp\www\anti\Application\Admin\Controller\ActivityController.class.php 第 8 行.
NOTIC: [8] Undefined index: shenhe_status E:\wamp\www\anti\Application\Admin\Controller\ActivityController.class.php 第 9 行.
NOTIC: [8] Undefined index: key E:\wamp\www\anti\Application\Admin\Controller\ActivityController.class.php 第 10 行.
SQL: SHOW COLUMNS FROM `red_activity` [ RunTime:0.0364s ]
NOTIC: [8] Undefined variable: data E:\wamp\www\anti\Application\Admin\Controller\ActivityController.class.php 第 22 行.
SQL: SELECT COUNT(*) AS tp_count FROM `red_activity` LIMIT 1   [ RunTime:0.0004s ]
NOTIC: [8] Undefined index: p E:\wamp\www\anti\Application\Admin\Controller\ActivityController.class.php 第 23 行.
NOTIC: [8] Undefined variable: data E:\wamp\www\anti\Application\Admin\Controller\ActivityController.class.php 第 26 行.
SQL: SELECT * FROM `red_activity` ORDER BY id desc LIMIT 0,5   [ RunTime:0.0005s ]
SQL: SHOW COLUMNS FROM `red_code_num` [ RunTime:0.0333s ]
SQL: SELECT * FROM `red_code_num` WHERE `activity_id` = 0 AND `shop_id` = 1  [ RunTime:0.0004s ]
INFO: [ view_parse ] --START--
INFO: [ template_filter ] --START--
INFO: Run Behavior\ContentReplaceBehavior [ RunTime:0.000303s ]
INFO: [ template_filter ] --END-- [ RunTime:0.000438s ]
NOTIC: [8] Undefined variable: vo E:\wamp\www\anti\Application\Runtime\Cache\Admin\c8d84a2d51a6dbf36e8ef99e6375e8a9.php 第 540 行.
NOTIC: [8] Use of undefined constant id - assumed 'id' E:\wamp\www\anti\Application\Runtime\Cache\Admin\c8d84a2d51a6dbf36e8ef99e6375e8a9.php 第 598 行.
NOTIC: [8] Use of undefined constant picture - assumed 'picture' E:\wamp\www\anti\Application\Runtime\Cache\Admin\c8d84a2d51a6dbf36e8ef99e6375e8a9.php 第 603 行.
SQL: SHOW COLUMNS FROM `red_shop` [ RunTime:0.0435s ]
SQL: SELECT `name` FROM `red_shop` WHERE `id` = 1 LIMIT 1   [ RunTime:0.0003s ]
SQL: SHOW COLUMNS FROM `red_get_record` [ RunTime:0.0373s ]
SQL: SELECT * FROM `red_get_record` WHERE `activity_id` = 13 AND `prize_type` IN ('1','2')  [ RunTime:0.0365s ]
NOTIC: [8] Undefined variable: total E:\wamp\www\anti\Application\Common\Common\function.php 第 164 行.
SQL: SHOW COLUMNS FROM `red_activity_prize` [ RunTime:0.0332s ]
SQL: SELECT * FROM `red_activity_prize` WHERE `activity_id` = 13 AND `prize_type` IN ('1','2')  [ RunTime:0.0004s ]
NOTIC: [8] Undefined variable: total2 E:\wamp\www\anti\Application\Common\Common\function.php 第 147 行.
NOTIC: [8] Undefined variable: total1 E:\wamp\www\anti\Application\Common\Common\function.php 第 150 行.
SQL: SELECT `id` FROM `red_code_num` WHERE `activity_id` = 13  [ RunTime:0.0003s ]
NOTIC: [8] Undefined variable: string E:\wamp\www\anti\Application\Common\Common\function.php 第 223 行.
SQL: SHOW COLUMNS FROM `red_code` [ RunTime:0.0362s ]
SQL: SELECT COUNT(*) AS tp_count FROM `red_code` WHERE `code_num_id` IN ('') AND `status` = 0 LIMIT 1   [ RunTime:0.0007s ]
SQL: SELECT `id` FROM `red_code_num` WHERE `activity_id` = 13  [ RunTime:0.0003s ]
NOTIC: [8] Undefined variable: string E:\wamp\www\anti\Application\Common\Common\function.php 第 236 行.
SQL: SELECT COUNT(*) AS tp_count FROM `red_code` WHERE `code_num_id` IN ('') LIMIT 1   [ RunTime:0.0006s ]
SQL: SELECT `id` FROM `red_code_num` WHERE `activity_id` = 13  [ RunTime:0.0004s ]
NOTIC: [8] Undefined variable: string E:\wamp\www\anti\Application\Common\Common\function.php 第 223 行.
SQL: SELECT COUNT(*) AS tp_count FROM `red_code` WHERE `code_num_id` IN ('') AND `status` = 0 LIMIT 1   [ RunTime:0.0007s ]
SQL: SELECT `id` FROM `red_code_num` WHERE `activity_id` = 13  [ RunTime:0.0003s ]
NOTIC: [8] Undefined variable: string E:\wamp\www\anti\Application\Common\Common\function.php 第 236 行.
SQL: SELECT COUNT(*) AS tp_count FROM `red_code` WHERE `code_num_id` IN ('') LIMIT 1   [ RunTime:0.0007s ]
NOTIC: [2] Division by zero E:\wamp\www\anti\Application\Common\Common\function.php 第 212 行.
NOTIC: [8] Use of undefined constant activity_code - assumed 'activity_code' E:\wamp\www\anti\Application\Runtime\Cache\Admin\c8d84a2d51a6dbf36e8ef99e6375e8a9.php 第 617 行.
NOTIC: [8] Use of undefined constant id - assumed 'id' E:\wamp\www\anti\Application\Runtime\Cache\Admin\c8d84a2d51a6dbf36e8ef99e6375e8a9.php 第 598 行.
NOTIC: [8] Use of undefined constant picture - assumed 'picture' E:\wamp\www\anti\Application\Runtime\Cache\Admin\c8d84a2d51a6dbf36e8ef99e6375e8a9.php 第 603 行.
SQL: SELECT `name` FROM `red_shop` WHERE `id` = 1 LIMIT 1   [ RunTime:0.0005s ]
SQL: SELECT * FROM `red_get_record` WHERE `activity_id` = 12 AND `prize_type` IN ('1','2')  [ RunTime:0.0005s ]
NOTIC: [8] Undefined variable: total E:\wamp\www\anti\Application\Common\Common\function.php 第 164 行.
SQL: SELECT * FROM `red_activity_prize` WHERE `activity_id` = 12 AND `prize_type` IN ('1','2')  [ RunTime:0.0003s ]
NOTIC: [8] Undefined variable: total2 E:\wamp\www\anti\Application\Common\Common\function.php 第 147 行.
NOTIC: [8] Undefined variable: total1 E:\wamp\www\anti\Application\Common\Common\function.php 第 150 行.
SQL: SELECT `id` FROM `red_code_num` WHERE `activity_id` = 12  [ RunTime:0.0004s ]
NOTIC: [8] Undefined variable: string E:\wamp\www\anti\Application\Common\Common\function.php 第 223 行.
SQL: SELECT COUNT(*) AS tp_count FROM `red_code` WHERE `code_num_id` IN ('') AND `status` = 0 LIMIT 1   [ RunTime:0.0006s ]
SQL: SELECT `id` FROM `red_code_num` WHERE `activity_id` = 12  [ RunTime:0.0003s ]
NOTIC: [8] Undefined variable: string E:\wamp\www\anti\Application\Common\Common\function.php 第 236 行.
SQL: SELECT COUNT(*) AS tp_count FROM `red_code` WHERE `code_num_id` IN ('') LIMIT 1   [ RunTime:0.0008s ]
SQL: SELECT `id` FROM `red_code_num` WHERE `activity_id` = 12  [ RunTime:0.0004s ]
NOTIC: [8] Undefined variable: string E:\wamp\www\anti\Application\Common\Common\function.php 第 223 行.
SQL: SELECT COUNT(*) AS tp_count FROM `red_code` WHERE `code_num_id` IN ('') AND `status` = 0 LIMIT 1   [ RunTime:0.0007s ]
SQL: SELECT `id` FROM `red_code_num` WHERE `activity_id` = 12  [ RunTime:0.0003s ]
NOTIC: [8] Undefined variable: string E:\wamp\www\anti\Application\Common\Common\function.php 第 236 行.
SQL: SELECT COUNT(*) AS tp_count FROM `red_code` WHERE `code_num_id` IN ('') LIMIT 1   [ RunTime:0.0006s ]
NOTIC: [2] Division by zero E:\wamp\www\anti\Application\Common\Common\function.php 第 212 行.
NOTIC: [8] Use of undefined constant activity_code - assumed 'activity_code' E:\wamp\www\anti\Application\Runtime\Cache\Admin\c8d84a2d51a6dbf36e8ef99e6375e8a9.php 第 617 行.
NOTIC: [8] Use of undefined constant id - assumed 'id' E:\wamp\www\anti\Application\Runtime\Cache\Admin\c8d84a2d51a6dbf36e8ef99e6375e8a9.php 第 598 行.
NOTIC: [8] Use of undefined constant picture - assumed 'picture' E:\wamp\www\anti\Application\Runtime\Cache\Admin\c8d84a2d51a6dbf36e8ef99e6375e8a9.php 第 603 行.
SQL: SELECT `name` FROM `red_shop` WHERE `id` = 1 LIMIT 1   [ RunTime:0.0005s ]
SQL: SELECT * FROM `red_get_record` WHERE `activity_id` = 11 AND `prize_type` IN ('1','2')  [ RunTime:0.0003s ]
NOTIC: [8] Undefined variable: total E:\wamp\www\anti\Application\Common\Common\function.php 第 164 行.
SQL: SELECT * FROM `red_activity_prize` WHERE `activity_id` = 11 AND `prize_type` IN ('1','2')  [ RunTime:0.0003s ]
NOTIC: [8] Undefined variable: total1 E:\wamp\www\anti\Application\Common\Common\function.php 第 144 行.
NOTIC: [8] Undefined variable: total2 E:\wamp\www\anti\Application\Common\Common\function.php 第 147 行.
SQL: SELECT `id` FROM `red_code_num` WHERE `activity_id` = 11  [ RunTime:0.0003s ]
NOTIC: [8] Undefined variable: string E:\wamp\www\anti\Application\Common\Common\function.php 第 223 行.
SQL: SELECT COUNT(*) AS tp_count FROM `red_code` WHERE `code_num_id` IN ('') AND `status` = 0 LIMIT 1   [ RunTime:0.0012s ]
SQL: SELECT `id` FROM `red_code_num` WHERE `activity_id` = 11  [ RunTime:0.0004s ]
NOTIC: [8] Undefined variable: string E:\wamp\www\anti\Application\Common\Common\function.php 第 236 行.
SQL: SELECT COUNT(*) AS tp_count FROM `red_code` WHERE `code_num_id` IN ('') LIMIT 1   [ RunTime:0.0008s ]
SQL: SELECT `id` FROM `red_code_num` WHERE `activity_id` = 11  [ RunTime:0.0005s ]
NOTIC: [8] Undefined variable: string E:\wamp\www\anti\Application\Common\Common\function.php 第 223 行.
SQL: SELECT COUNT(*) AS tp_count FROM `red_code` WHERE `code_num_id` IN ('') AND `status` = 0 LIMIT 1   [ RunTime:0.0007s ]
SQL: SELECT `id` FROM `red_code_num` WHERE `activity_id` = 11  [ RunTime:0.0002s ]
NOTIC: [8] Undefined variable: string E:\wamp\www\anti\Application\Common\Common\function.php 第 236 行.
SQL: SELECT COUNT(*) AS tp_count FROM `red_code` WHERE `code_num_id` IN ('') LIMIT 1   [ RunTime:0.0006s ]
NOTIC: [2] Division by zero E:\wamp\www\anti\Application\Common\Common\function.php 第 212 行.
NOTIC: [8] Use of undefined constant activity_code - assumed 'activity_code' E:\wamp\www\anti\Application\Runtime\Cache\Admin\c8d84a2d51a6dbf36e8ef99e6375e8a9.php 第 617 行.
NOTIC: [8] Undefined variable: code_page E:\wamp\www\anti\Application\Runtime\Cache\Admin\c8d84a2d51a6dbf36e8ef99e6375e8a9.php 第 807 行.
SQL: SELECT `code_number` FROM `red_code_num` WHERE `activity_id` = 13  [ RunTime:0.0003s ]
SQL: SELECT `id` FROM `red_code_num` WHERE `activity_id` = 13  [ RunTime:0.0003s ]
SQL: SELECT COUNT(*) AS tp_count FROM `red_code` WHERE `code_num_id` IN ('') LIMIT 1   [ RunTime:0.0006s ]
SQL: SELECT `id` FROM `red_code_num` WHERE `activity_id` = 13  [ RunTime:0.0002s ]
NOTIC: [8] Undefined variable: string E:\wamp\www\anti\Application\Common\Common\function.php 第 223 行.
SQL: SELECT COUNT(*) AS tp_count FROM `red_code` WHERE `code_num_id` IN ('') AND `status` = 0 LIMIT 1   [ RunTime:0.0008s ]
SQL: SELECT `id` FROM `red_code_num` WHERE `activity_id` = 13  [ RunTime:0.0003s ]
NOTIC: [8] Undefined variable: string E:\wamp\www\anti\Application\Common\Common\function.php 第 236 行.
SQL: SELECT COUNT(*) AS tp_count FROM `red_code` WHERE `code_num_id` IN ('') LIMIT 1   [ RunTime:0.0006s ]
NOTIC: [2] Division by zero E:\wamp\www\anti\Application\Common\Common\function.php 第 212 行.
NOTIC: [8] Use of undefined constant condition - assumed 'condition' E:\wamp\www\anti\Application\Runtime\Cache\Admin\c8d84a2d51a6dbf36e8ef99e6375e8a9.php 第 1011 行.
SQL: SELECT `code_number` FROM `red_code_num` WHERE `activity_id` = 12  [ RunTime:0.0003s ]
SQL: SELECT `id` FROM `red_code_num` WHERE `activity_id` = 12  [ RunTime:0.0002s ]
SQL: SELECT COUNT(*) AS tp_count FROM `red_code` WHERE `code_num_id` IN ('') LIMIT 1   [ RunTime:0.0005s ]
SQL: SELECT `id` FROM `red_code_num` WHERE `activity_id` = 12  [ RunTime:0.0004s ]
NOTIC: [8] Undefined variable: string E:\wamp\www\anti\Application\Common\Common\function.php 第 223 行.
SQL: SELECT COUNT(*) AS tp_count FROM `red_code` WHERE `code_num_id` IN ('') AND `status` = 0 LIMIT 1   [ RunTime:0.0007s ]
SQL: SELECT `id` FROM `red_code_num` WHERE `activity_id` = 12  [ RunTime:0.0002s ]
NOTIC: [8] Undefined variable: string E:\wamp\www\anti\Application\Common\Common\function.php 第 236 行.
SQL: SELECT COUNT(*) AS tp_count FROM `red_code` WHERE `code_num_id` IN ('') LIMIT 1   [ RunTime:0.0006s ]
NOTIC: [2] Division by zero E:\wamp\www\anti\Application\Common\Common\function.php 第 212 行.
NOTIC: [8] Use of undefined constant condition - assumed 'condition' E:\wamp\www\anti\Application\Runtime\Cache\Admin\c8d84a2d51a6dbf36e8ef99e6375e8a9.php 第 1011 行.
SQL: SELECT `code_number` FROM `red_code_num` WHERE `activity_id` = 11  [ RunTime:0.0003s ]
SQL: SELECT `id` FROM `red_code_num` WHERE `activity_id` = 11  [ RunTime:0.0003s ]
SQL: SELECT COUNT(*) AS tp_count FROM `red_code` WHERE `code_num_id` IN ('') LIMIT 1   [ RunTime:0.0006s ]
SQL: SELECT `id` FROM `red_code_num` WHERE `activity_id` = 11  [ RunTime:0.0002s ]
NOTIC: [8] Undefined variable: string E:\wamp\www\anti\Application\Common\Common\function.php 第 223 行.
SQL: SELECT COUNT(*) AS tp_count FROM `red_code` WHERE `code_num_id` IN ('') AND `status` = 0 LIMIT 1   [ RunTime:0.0006s ]
SQL: SELECT `id` FROM `red_code_num` WHERE `activity_id` = 11  [ RunTime:0.0002s ]
NOTIC: [8] Undefined variable: string E:\wamp\www\anti\Application\Common\Common\function.php 第 236 行.
SQL: SELECT COUNT(*) AS tp_count FROM `red_code` WHERE `code_num_id` IN ('') LIMIT 1   [ RunTime:0.0006s ]
NOTIC: [2] Division by zero E:\wamp\www\anti\Application\Common\Common\function.php 第 212 行.
NOTIC: [8] Use of undefined constant condition - assumed 'condition' E:\wamp\www\anti\Application\Runtime\Cache\Admin\c8d84a2d51a6dbf36e8ef99e6375e8a9.php 第 1011 行.
INFO: Run Behavior\ParseTemplateBehavior [ RunTime:0.363034s ]
INFO: [ view_parse ] --END-- [ RunTime:0.363166s ]
INFO: [ view_filter ] --START--
INFO: Run Behavior\WriteHtmlCacheBehavior [ RunTime:0.001228s ]
INFO: [ view_filter ] --END-- [ RunTime:0.001360s ]
INFO: [ app_end ] --START--
INFO: Run Behavior\ShowPageTraceBehavior [ RunTime:0.001337s ]
INFO: [ app_end ] --END-- [ RunTime:0.001477s ]

[ 2018-11-17T15:30:04+08:00 ] 127.0.0.1 /index.php/Admin/code/index
INFO: [ app_init ] --START--
INFO: Run Behavior\BuildLiteBehavior [ RunTime:0.000033s ]
INFO: [ app_init ] --END-- [ RunTime:0.001009s ]
INFO: [ app_begin ] --START--
INFO: Run Behavior\ReadHtmlCacheBehavior [ RunTime:0.001870s ]
INFO: Run Behavior\CronRunBehavior [ RunTime:0.011442s ]
INFO: [ app_begin ] --END-- [ RunTime:0.013746s ]
SQL: SHOW COLUMNS FROM `red_code` [ RunTime:0.0447s ]
SQL: SELECT `id`,`number` FROM `red_code` ORDER BY id desc LIMIT 1   [ RunTime:0.0005s ]
SQL: SHOW COLUMNS FROM `red_code_num` [ RunTime:0.0291s ]
SQL: SELECT COUNT(*) AS tp_count FROM `red_code_num` LIMIT 1   [ RunTime:0.0003s ]
NOTIC: [8] Undefined index: p E:\wamp\www\anti\Application\Admin\Controller\CodeController.class.php 第 25 行.
SQL: SELECT * FROM `red_code_num` ORDER BY id desc LIMIT 0,25   [ RunTime:0.0120s ]
INFO: [ view_parse ] --START--
INFO: [ template_filter ] --START--
INFO: Run Behavior\ContentReplaceBehavior [ RunTime:0.000456s ]
INFO: [ template_filter ] --END-- [ RunTime:0.000620s ]
NOTIC: [8] Undefined variable: vo E:\wamp\www\anti\Application\Runtime\Cache\Admin\e4115922dbeab584d8de8ec3503939dc.php 第 541 行.
NOTIC: [8] Use of undefined constant id - assumed 'id' E:\wamp\www\anti\Application\Runtime\Cache\Admin\e4115922dbeab584d8de8ec3503939dc.php 第 582 行.
SQL: SELECT COUNT(*) AS tp_count FROM `red_code` WHERE `code_num_id` = 11 LIMIT 1   [ RunTime:0.0007s ]
NOTIC: [8] Undefined index: status E:\wamp\www\anti\Application\Runtime\Cache\Admin\e4115922dbeab584d8de8ec3503939dc.php 第 606 行.
NOTIC: [8] Use of undefined constant id - assumed 'id' E:\wamp\www\anti\Application\Runtime\Cache\Admin\e4115922dbeab584d8de8ec3503939dc.php 第 582 行.
SQL: SELECT COUNT(*) AS tp_count FROM `red_code` WHERE `code_num_id` = 10 LIMIT 1   [ RunTime:0.0006s ]
NOTIC: [8] Undefined index: status E:\wamp\www\anti\Application\Runtime\Cache\Admin\e4115922dbeab584d8de8ec3503939dc.php 第 606 行.
NOTIC: [8] Use of undefined constant id - assumed 'id' E:\wamp\www\anti\Application\Runtime\Cache\Admin\e4115922dbeab584d8de8ec3503939dc.php 第 582 行.
SQL: SELECT COUNT(*) AS tp_count FROM `red_code` WHERE `code_num_id` = 9 LIMIT 1   [ RunTime:0.0007s ]
NOTIC: [8] Undefined index: status E:\wamp\www\anti\Application\Runtime\Cache\Admin\e4115922dbeab584d8de8ec3503939dc.php 第 606 行.
NOTIC: [8] Use of undefined constant id - assumed 'id' E:\wamp\www\anti\Application\Runtime\Cache\Admin\e4115922dbeab584d8de8ec3503939dc.php 第 582 行.
SQL: SELECT COUNT(*) AS tp_count FROM `red_code` WHERE `code_num_id` = 8 LIMIT 1   [ RunTime:0.0008s ]
NOTIC: [8] Undefined index: status E:\wamp\www\anti\Application\Runtime\Cache\Admin\e4115922dbeab584d8de8ec3503939dc.php 第 606 行.
NOTIC: [8] Use of undefined constant id - assumed 'id' E:\wamp\www\anti\Application\Runtime\Cache\Admin\e4115922dbeab584d8de8ec3503939dc.php 第 582 行.
SQL: SELECT COUNT(*) AS tp_count FROM `red_code` WHERE `code_num_id` = 7 LIMIT 1   [ RunTime:0.0006s ]
NOTIC: [8] Undefined index: status E:\wamp\www\anti\Application\Runtime\Cache\Admin\e4115922dbeab584d8de8ec3503939dc.php 第 606 行.
NOTIC: [8] Use of undefined constant id - assumed 'id' E:\wamp\www\anti\Application\Runtime\Cache\Admin\e4115922dbeab584d8de8ec3503939dc.php 第 582 行.
SQL: SELECT COUNT(*) AS tp_count FROM `red_code` WHERE `code_num_id` = 6 LIMIT 1   [ RunTime:0.0009s ]
NOTIC: [8] Undefined index: status E:\wamp\www\anti\Application\Runtime\Cache\Admin\e4115922dbeab584d8de8ec3503939dc.php 第 606 行.
NOTIC: [8] Use of undefined constant id - assumed 'id' E:\wamp\www\anti\Application\Runtime\Cache\Admin\e4115922dbeab584d8de8ec3503939dc.php 第 582 行.
SQL: SELECT COUNT(*) AS tp_count FROM `red_code` WHERE `code_num_id` = 5 LIMIT 1   [ RunTime:0.0006s ]
NOTIC: [8] Undefined index: status E:\wamp\www\anti\Application\Runtime\Cache\Admin\e4115922dbeab584d8de8ec3503939dc.php 第 606 行.
NOTIC: [8] Use of undefined constant id - assumed 'id' E:\wamp\www\anti\Application\Runtime\Cache\Admin\e4115922dbeab584d8de8ec3503939dc.php 第 582 行.
SQL: SELECT COUNT(*) AS tp_count FROM `red_code` WHERE `code_num_id` = 4 LIMIT 1   [ RunTime:0.0006s ]
NOTIC: [8] Undefined index: status E:\wamp\www\anti\Application\Runtime\Cache\Admin\e4115922dbeab584d8de8ec3503939dc.php 第 606 行.
NOTIC: [8] Use of undefined constant id - assumed 'id' E:\wamp\www\anti\Application\Runtime\Cache\Admin\e4115922dbeab584d8de8ec3503939dc.php 第 582 行.
SQL: SELECT COUNT(*) AS tp_count FROM `red_code` WHERE `code_num_id` = 3 LIMIT 1   [ RunTime:0.0035s ]
NOTIC: [8] Undefined index: status E:\wamp\www\anti\Application\Runtime\Cache\Admin\e4115922dbeab584d8de8ec3503939dc.php 第 606 行.
NOTIC: [8] Use of undefined constant id - assumed 'id' E:\wamp\www\anti\Application\Runtime\Cache\Admin\e4115922dbeab584d8de8ec3503939dc.php 第 582 行.
SQL: SELECT COUNT(*) AS tp_count FROM `red_code` WHERE `code_num_id` = 2 LIMIT 1   [ RunTime:0.0006s ]
NOTIC: [8] Undefined index: status E:\wamp\www\anti\Application\Runtime\Cache\Admin\e4115922dbeab584d8de8ec3503939dc.php 第 606 行.
NOTIC: [8] Use of undefined constant id - assumed 'id' E:\wamp\www\anti\Application\Runtime\Cache\Admin\e4115922dbeab584d8de8ec3503939dc.php 第 582 行.
SQL: SELECT COUNT(*) AS tp_count FROM `red_code` WHERE `code_num_id` = 1 LIMIT 1   [ RunTime:0.0006s ]
NOTIC: [8] Undefined index: status E:\wamp\www\anti\Application\Runtime\Cache\Admin\e4115922dbeab584d8de8ec3503939dc.php 第 606 行.
SQL: SELECT COUNT(*) AS tp_count FROM `red_code` WHERE `code_num_id` = 11 LIMIT 1   [ RunTime:0.0005s ]
SQL: SELECT COUNT(*) AS tp_count FROM `red_code` WHERE `code_num_id` = 10 LIMIT 1   [ RunTime:0.0005s ]
SQL: SELECT COUNT(*) AS tp_count FROM `red_code` WHERE `code_num_id` = 9 LIMIT 1   [ RunTime:0.0005s ]
SQL: SELECT COUNT(*) AS tp_count FROM `red_code` WHERE `code_num_id` = 8 LIMIT 1   [ RunTime:0.0005s ]
SQL: SELECT COUNT(*) AS tp_count FROM `red_code` WHERE `code_num_id` = 7 LIMIT 1   [ RunTime:0.0007s ]
SQL: SELECT COUNT(*) AS tp_count FROM `red_code` WHERE `code_num_id` = 6 LIMIT 1   [ RunTime:0.0006s ]
SQL: SELECT COUNT(*) AS tp_count FROM `red_code` WHERE `code_num_id` = 5 LIMIT 1   [ RunTime:0.0006s ]
SQL: SELECT COUNT(*) AS tp_count FROM `red_code` WHERE `code_num_id` = 4 LIMIT 1   [ RunTime:0.0006s ]
SQL: SELECT COUNT(*) AS tp_count FROM `red_code` WHERE `code_num_id` = 3 LIMIT 1   [ RunTime:0.0010s ]
SQL: SELECT COUNT(*) AS tp_count FROM `red_code` WHERE `code_num_id` = 2 LIMIT 1   [ RunTime:0.0008s ]
SQL: SELECT COUNT(*) AS tp_count FROM `red_code` WHERE `code_num_id` = 1 LIMIT 1   [ RunTime:0.0006s ]
INFO: Run Behavior\ParseTemplateBehavior [ RunTime:0.128370s ]
INFO: [ view_parse ] --END-- [ RunTime:0.128516s ]
INFO: [ view_filter ] --START--
INFO: Run Behavior\WriteHtmlCacheBehavior [ RunTime:0.001293s ]
INFO: [ view_filter ] --END-- [ RunTime:0.001424s ]
INFO: [ app_end ] --START--
INFO: Run Behavior\ShowPageTraceBehavior [ RunTime:0.001253s ]
INFO: [ app_end ] --END-- [ RunTime:0.001384s ]

[ 2018-11-17T15:30:10+08:00 ] 127.0.0.1 /index.php/Admin/shop/daili_index
ERR: Cron:cron Runat 2018-11-17 15:30:10 Use 0.079535 s

[ 2018-11-17T15:30:10+08:00 ] 127.0.0.1 /index.php/Admin/shop/daili_index
INFO: [ app_init ] --START--
INFO: Run Behavior\BuildLiteBehavior [ RunTime:0.000034s ]
INFO: [ app_init ] --END-- [ RunTime:0.001041s ]
INFO: [ app_begin ] --START--
INFO: Run Behavior\ReadHtmlCacheBehavior [ RunTime:0.001203s ]
SQL: SHOW COLUMNS FROM `red_indent` [ RunTime:0.0633s ]
SQL: SELECT * FROM `red_indent` WHERE `status` = 2  [ RunTime:0.0008s ]
INFO: Run Behavior\CronRunBehavior [ RunTime:0.138060s ]
INFO: [ app_begin ] --END-- [ RunTime:0.139584s ]
SQL: SHOW COLUMNS FROM `red_shop` [ RunTime:0.0400s ]
SQL: SELECT * FROM `red_shop` WHERE `type` <> 3  [ RunTime:0.0009s ]
SQL: SHOW COLUMNS FROM `red_code_num` [ RunTime:0.0345s ]
SQL: SELECT * FROM `red_code_num` WHERE `shop_id` = 0 ORDER BY pici desc  [ RunTime:0.0007s ]
INFO: [ view_parse ] --START--
INFO: [ template_filter ] --START--
INFO: Run Behavior\ContentReplaceBehavior [ RunTime:0.000265s ]
INFO: [ template_filter ] --END-- [ RunTime:0.000408s ]
NOTIC: [8] Use of undefined constant id - assumed 'id' E:\wamp\www\anti\Application\Runtime\Cache\Admin\ceed0c4fd567d67768ac86aa954ce336.php 第 586 行.
NOTIC: [8] Use of undefined constant status - assumed 'status' E:\wamp\www\anti\Application\Runtime\Cache\Admin\ceed0c4fd567d67768ac86aa954ce336.php 第 599 行.
NOTIC: [8] Use of undefined constant status - assumed 'status' E:\wamp\www\anti\Application\Runtime\Cache\Admin\ceed0c4fd567d67768ac86aa954ce336.php 第 600 行.
NOTIC: [8] Use of undefined constant status - assumed 'status' E:\wamp\www\anti\Application\Runtime\Cache\Admin\ceed0c4fd567d67768ac86aa954ce336.php 第 601 行.
NOTIC: [8] Use of undefined constant status - assumed 'status' E:\wamp\www\anti\Application\Runtime\Cache\Admin\ceed0c4fd567d67768ac86aa954ce336.php 第 602 行.
NOTIC: [8] Use of undefined constant id - assumed 'id' E:\wamp\www\anti\Application\Runtime\Cache\Admin\ceed0c4fd567d67768ac86aa954ce336.php 第 586 行.
SQL: SELECT `name` FROM `red_shop` WHERE `id` = 1 LIMIT 1   [ RunTime:0.0003s ]
NOTIC: [8] Use of undefined constant status - assumed 'status' E:\wamp\www\anti\Application\Runtime\Cache\Admin\ceed0c4fd567d67768ac86aa954ce336.php 第 599 行.
NOTIC: [8] Use of undefined constant status - assumed 'status' E:\wamp\www\anti\Application\Runtime\Cache\Admin\ceed0c4fd567d67768ac86aa954ce336.php 第 600 行.
NOTIC: [8] Use of undefined constant status - assumed 'status' E:\wamp\www\anti\Application\Runtime\Cache\Admin\ceed0c4fd567d67768ac86aa954ce336.php 第 601 行.
NOTIC: [8] Use of undefined constant status - assumed 'status' E:\wamp\www\anti\Application\Runtime\Cache\Admin\ceed0c4fd567d67768ac86aa954ce336.php 第 602 行.
SQL: SHOW COLUMNS FROM `red_code` [ RunTime:0.0402s ]
SQL: SELECT COUNT(*) AS tp_count FROM `red_code` WHERE `code_num_id` = 11 LIMIT 1   [ RunTime:0.0006s ]
SQL: SELECT COUNT(*) AS tp_count FROM `red_code` WHERE `code_num_id` = 10 LIMIT 1   [ RunTime:0.0005s ]
SQL: SELECT COUNT(*) AS tp_count FROM `red_code` WHERE `code_num_id` = 9 LIMIT 1   [ RunTime:0.0005s ]
SQL: SELECT COUNT(*) AS tp_count FROM `red_code` WHERE `code_num_id` = 8 LIMIT 1   [ RunTime:0.0005s ]
SQL: SELECT COUNT(*) AS tp_count FROM `red_code` WHERE `code_num_id` = 7 LIMIT 1   [ RunTime:0.0005s ]
SQL: SELECT COUNT(*) AS tp_count FROM `red_code` WHERE `code_num_id` = 6 LIMIT 1   [ RunTime:0.0005s ]
SQL: SELECT COUNT(*) AS tp_count FROM `red_code` WHERE `code_num_id` = 5 LIMIT 1   [ RunTime:0.0005s ]
SQL: SELECT COUNT(*) AS tp_count FROM `red_code` WHERE `code_num_id` = 4 LIMIT 1   [ RunTime:0.0005s ]
SQL: SELECT COUNT(*) AS tp_count FROM `red_code` WHERE `code_num_id` = 3 LIMIT 1   [ RunTime:0.0005s ]
SQL: SELECT COUNT(*) AS tp_count FROM `red_code` WHERE `code_num_id` = 2 LIMIT 1   [ RunTime:0.0006s ]
SQL: SELECT COUNT(*) AS tp_count FROM `red_code` WHERE `code_num_id` = 1 LIMIT 1   [ RunTime:0.0012s ]
NOTIC: [8] Undefined variable: code_page E:\wamp\www\anti\Application\Runtime\Cache\Admin\ceed0c4fd567d67768ac86aa954ce336.php 第 778 行.
INFO: Run Behavior\ParseTemplateBehavior [ RunTime:0.119781s ]
INFO: [ view_parse ] --END-- [ RunTime:0.119975s ]
INFO: [ view_filter ] --START--
INFO: Run Behavior\WriteHtmlCacheBehavior [ RunTime:0.003274s ]
INFO: [ view_filter ] --END-- [ RunTime:0.003485s ]
INFO: [ app_end ] --START--
INFO: Run Behavior\ShowPageTraceBehavior [ RunTime:0.001585s ]
INFO: [ app_end ] --END-- [ RunTime:0.001747s ]

[ 2018-11-17T15:30:27+08:00 ] 127.0.0.1 /index.php/Admin/Shop/fenpei
ERR: Cron:cron Runat 2018-11-17 15:30:27 Use 0.071910 s

[ 2018-11-17T15:30:27+08:00 ] 127.0.0.1 /index.php/Admin/Shop/fenpei
INFO: [ app_init ] --START--
INFO: Run Behavior\BuildLiteBehavior [ RunTime:0.000031s ]
INFO: [ app_init ] --END-- [ RunTime:0.001073s ]
INFO: [ app_begin ] --START--
INFO: Run Behavior\ReadHtmlCacheBehavior [ RunTime:0.001279s ]
SQL: SHOW COLUMNS FROM `red_indent` [ RunTime:0.0551s ]
SQL: SELECT * FROM `red_indent` WHERE `status` = 2  [ RunTime:0.0004s ]
INFO: Run Behavior\CronRunBehavior [ RunTime:0.122988s ]
INFO: [ app_begin ] --END-- [ RunTime:0.124497s ]
SQL: SHOW COLUMNS FROM `red_code_num` [ RunTime:0.0283s ]
SQL: UPDATE `red_code_num` SET `shop_id`='1' WHERE `id` = 11 [ RunTime:0.3108s ]
NOTIC: [2] Missing argument 3 for show(), called in E:\wamp\www\anti\Application\Admin\Controller\ShopController.class.php on line 187 and defined E:\wamp\www\anti\Application\Common\Common\function.php 第 379 行.
NOTIC: [8] Undefined variable: data E:\wamp\www\anti\Application\Common\Common\function.php 第 383 行.

[ 2018-11-17T15:30:29+08:00 ] 127.0.0.1 /index.php/Admin/Shop/daili_index
INFO: [ app_init ] --START--
INFO: Run Behavior\BuildLiteBehavior [ RunTime:0.000036s ]
INFO: [ app_init ] --END-- [ RunTime:0.001100s ]
INFO: [ app_begin ] --START--
INFO: Run Behavior\ReadHtmlCacheBehavior [ RunTime:0.001672s ]
INFO: Run Behavior\CronRunBehavior [ RunTime:0.014452s ]
INFO: [ app_begin ] --END-- [ RunTime:0.016476s ]
SQL: SHOW COLUMNS FROM `red_shop` [ RunTime:0.0869s ]
SQL: SELECT * FROM `red_shop` WHERE `type` <> 3  [ RunTime:0.0004s ]
SQL: SHOW COLUMNS FROM `red_code_num` [ RunTime:0.0806s ]
SQL: SELECT * FROM `red_code_num` WHERE `shop_id` = 0 ORDER BY pici desc  [ RunTime:0.0005s ]
INFO: [ view_parse ] --START--
INFO: [ template_filter ] --START--
INFO: Run Behavior\ContentReplaceBehavior [ RunTime:0.000276s ]
INFO: [ template_filter ] --END-- [ RunTime:0.000435s ]
NOTIC: [8] Use of undefined constant id - assumed 'id' E:\wamp\www\anti\Application\Runtime\Cache\Admin\ceed0c4fd567d67768ac86aa954ce336.php 第 586 行.
NOTIC: [8] Use of undefined constant status - assumed 'status' E:\wamp\www\anti\Application\Runtime\Cache\Admin\ceed0c4fd567d67768ac86aa954ce336.php 第 599 行.
NOTIC: [8] Use of undefined constant status - assumed 'status' E:\wamp\www\anti\Application\Runtime\Cache\Admin\ceed0c4fd567d67768ac86aa954ce336.php 第 600 行.
NOTIC: [8] Use of undefined constant status - assumed 'status' E:\wamp\www\anti\Application\Runtime\Cache\Admin\ceed0c4fd567d67768ac86aa954ce336.php 第 601 行.
NOTIC: [8] Use of undefined constant status - assumed 'status' E:\wamp\www\anti\Application\Runtime\Cache\Admin\ceed0c4fd567d67768ac86aa954ce336.php 第 602 行.
NOTIC: [8] Use of undefined constant id - assumed 'id' E:\wamp\www\anti\Application\Runtime\Cache\Admin\ceed0c4fd567d67768ac86aa954ce336.php 第 586 行.
SQL: SELECT `name` FROM `red_shop` WHERE `id` = 1 LIMIT 1   [ RunTime:0.0003s ]
NOTIC: [8] Use of undefined constant status - assumed 'status' E:\wamp\www\anti\Application\Runtime\Cache\Admin\ceed0c4fd567d67768ac86aa954ce336.php 第 599 行.
NOTIC: [8] Use of undefined constant status - assumed 'status' E:\wamp\www\anti\Application\Runtime\Cache\Admin\ceed0c4fd567d67768ac86aa954ce336.php 第 600 行.
NOTIC: [8] Use of undefined constant status - assumed 'status' E:\wamp\www\anti\Application\Runtime\Cache\Admin\ceed0c4fd567d67768ac86aa954ce336.php 第 601 行.
NOTIC: [8] Use of undefined constant status - assumed 'status' E:\wamp\www\anti\Application\Runtime\Cache\Admin\ceed0c4fd567d67768ac86aa954ce336.php 第 602 行.
SQL: SHOW COLUMNS FROM `red_code` [ RunTime:0.0310s ]
SQL: SELECT COUNT(*) AS tp_count FROM `red_code` WHERE `code_num_id` = 10 LIMIT 1   [ RunTime:0.0009s ]
SQL: SELECT COUNT(*) AS tp_count FROM `red_code` WHERE `code_num_id` = 9 LIMIT 1   [ RunTime:0.0006s ]
SQL: SELECT COUNT(*) AS tp_count FROM `red_code` WHERE `code_num_id` = 8 LIMIT 1   [ RunTime:0.0005s ]
SQL: SELECT COUNT(*) AS tp_count FROM `red_code` WHERE `code_num_id` = 7 LIMIT 1   [ RunTime:0.0005s ]
SQL: SELECT COUNT(*) AS tp_count FROM `red_code` WHERE `code_num_id` = 6 LIMIT 1   [ RunTime:0.0005s ]
SQL: SELECT COUNT(*) AS tp_count FROM `red_code` WHERE `code_num_id` = 5 LIMIT 1   [ RunTime:0.0005s ]
SQL: SELECT COUNT(*) AS tp_count FROM `red_code` WHERE `code_num_id` = 4 LIMIT 1   [ RunTime:0.0005s ]
SQL: SELECT COUNT(*) AS tp_count FROM `red_code` WHERE `code_num_id` = 3 LIMIT 1   [ RunTime:0.0007s ]
SQL: SELECT COUNT(*) AS tp_count FROM `red_code` WHERE `code_num_id` = 2 LIMIT 1   [ RunTime:0.0007s ]
SQL: SELECT COUNT(*) AS tp_count FROM `red_code` WHERE `code_num_id` = 1 LIMIT 1   [ RunTime:0.0006s ]
NOTIC: [8] Undefined variable: code_page E:\wamp\www\anti\Application\Runtime\Cache\Admin\ceed0c4fd567d67768ac86aa954ce336.php 第 778 行.
INFO: Run Behavior\ParseTemplateBehavior [ RunTime:0.096202s ]
INFO: [ view_parse ] --END-- [ RunTime:0.096351s ]
INFO: [ view_filter ] --START--
INFO: Run Behavior\WriteHtmlCacheBehavior [ RunTime:0.001337s ]
INFO: [ view_filter ] --END-- [ RunTime:0.001522s ]
INFO: [ app_end ] --START--
INFO: Run Behavior\ShowPageTraceBehavior [ RunTime:0.001584s ]
INFO: [ app_end ] --END-- [ RunTime:0.001728s ]

[ 2018-11-17T15:45:27+08:00 ] 127.0.0.1 /index.php/Admin/code/index
ERR: Cron:cron Runat 2018-11-17 15:45:27 Use 0.077713 s

[ 2018-11-17T15:45:28+08:00 ] 127.0.0.1 /index.php/Admin/code/index
INFO: [ app_init ] --START--
INFO: Run Behavior\BuildLiteBehavior [ RunTime:0.000032s ]
INFO: [ app_init ] --END-- [ RunTime:0.000993s ]
INFO: [ app_begin ] --START--
INFO: Run Behavior\ReadHtmlCacheBehavior [ RunTime:0.001379s ]
SQL: SHOW COLUMNS FROM `red_indent` [ RunTime:0.0414s ]
SQL: SELECT * FROM `red_indent` WHERE `status` = 2  [ RunTime:0.0004s ]
INFO: Run Behavior\CronRunBehavior [ RunTime:0.110737s ]
INFO: [ app_begin ] --END-- [ RunTime:0.112377s ]
SQL: SHOW COLUMNS FROM `red_code` [ RunTime:0.0509s ]
SQL: SELECT `id`,`number` FROM `red_code` ORDER BY id desc LIMIT 1   [ RunTime:0.0003s ]
SQL: SHOW COLUMNS FROM `red_code_num` [ RunTime:0.0330s ]
SQL: SELECT COUNT(*) AS tp_count FROM `red_code_num` LIMIT 1   [ RunTime:0.0003s ]
NOTIC: [8] Undefined index: p E:\wamp\www\anti\Application\Admin\Controller\CodeController.class.php 第 25 行.
SQL: SELECT * FROM `red_code_num` ORDER BY id desc LIMIT 0,25   [ RunTime:0.0003s ]
INFO: [ view_parse ] --START--
INFO: [ template_filter ] --START--
INFO: Run Behavior\ContentReplaceBehavior [ RunTime:0.000250s ]
INFO: [ template_filter ] --END-- [ RunTime:0.000398s ]
NOTIC: [8] Undefined variable: vo E:\wamp\www\anti\Application\Runtime\Cache\Admin\e4115922dbeab584d8de8ec3503939dc.php 第 541 行.
NOTIC: [8] Use of undefined constant id - assumed 'id' E:\wamp\www\anti\Application\Runtime\Cache\Admin\e4115922dbeab584d8de8ec3503939dc.php 第 582 行.
SQL: SELECT COUNT(*) AS tp_count FROM `red_code` WHERE `code_num_id` = 12 LIMIT 1   [ RunTime:0.0006s ]
SQL: SHOW COLUMNS FROM `red_shop` [ RunTime:0.0358s ]
SQL: SELECT `name` FROM `red_shop` WHERE `id` = 1 LIMIT 1   [ RunTime:0.0025s ]
SQL: SHOW COLUMNS FROM `red_activity` [ RunTime:0.0393s ]
SQL: SELECT `act_name` FROM `red_activity` WHERE `id` = 15 LIMIT 1   [ RunTime:0.0004s ]
NOTIC: [8] Undefined index: status E:\wamp\www\anti\Application\Runtime\Cache\Admin\e4115922dbeab584d8de8ec3503939dc.php 第 606 行.
NOTIC: [8] Use of undefined constant id - assumed 'id' E:\wamp\www\anti\Application\Runtime\Cache\Admin\e4115922dbeab584d8de8ec3503939dc.php 第 582 行.
SQL: SELECT COUNT(*) AS tp_count FROM `red_code` WHERE `code_num_id` = 11 LIMIT 1   [ RunTime:0.0006s ]
SQL: SELECT `name` FROM `red_shop` WHERE `id` = 1 LIMIT 1   [ RunTime:0.0002s ]
NOTIC: [8] Undefined index: status E:\wamp\www\anti\Application\Runtime\Cache\Admin\e4115922dbeab584d8de8ec3503939dc.php 第 606 行.
NOTIC: [8] Use of undefined constant id - assumed 'id' E:\wamp\www\anti\Application\Runtime\Cache\Admin\e4115922dbeab584d8de8ec3503939dc.php 第 582 行.
SQL: SELECT COUNT(*) AS tp_count FROM `red_code` WHERE `code_num_id` = 10 LIMIT 1   [ RunTime:0.0005s ]
NOTIC: [8] Undefined index: status E:\wamp\www\anti\Application\Runtime\Cache\Admin\e4115922dbeab584d8de8ec3503939dc.php 第 606 行.
NOTIC: [8] Use of undefined constant id - assumed 'id' E:\wamp\www\anti\Application\Runtime\Cache\Admin\e4115922dbeab584d8de8ec3503939dc.php 第 582 行.
SQL: SELECT COUNT(*) AS tp_count FROM `red_code` WHERE `code_num_id` = 9 LIMIT 1   [ RunTime:0.0005s ]
NOTIC: [8] Undefined index: status E:\wamp\www\anti\Application\Runtime\Cache\Admin\e4115922dbeab584d8de8ec3503939dc.php 第 606 行.
NOTIC: [8] Use of undefined constant id - assumed 'id' E:\wamp\www\anti\Application\Runtime\Cache\Admin\e4115922dbeab584d8de8ec3503939dc.php 第 582 行.
SQL: SELECT COUNT(*) AS tp_count FROM `red_code` WHERE `code_num_id` = 8 LIMIT 1   [ RunTime:0.0005s ]
NOTIC: [8] Undefined index: status E:\wamp\www\anti\Application\Runtime\Cache\Admin\e4115922dbeab584d8de8ec3503939dc.php 第 606 行.
NOTIC: [8] Use of undefined constant id - assumed 'id' E:\wamp\www\anti\Application\Runtime\Cache\Admin\e4115922dbeab584d8de8ec3503939dc.php 第 582 行.
SQL: SELECT COUNT(*) AS tp_count FROM `red_code` WHERE `code_num_id` = 7 LIMIT 1   [ RunTime:0.0005s ]
NOTIC: [8] Undefined index: status E:\wamp\www\anti\Application\Runtime\Cache\Admin\e4115922dbeab584d8de8ec3503939dc.php 第 606 行.
NOTIC: [8] Use of undefined constant id - assumed 'id' E:\wamp\www\anti\Application\Runtime\Cache\Admin\e4115922dbeab584d8de8ec3503939dc.php 第 582 行.
SQL: SELECT COUNT(*) AS tp_count FROM `red_code` WHERE `code_num_id` = 6 LIMIT 1   [ RunTime:0.0005s ]
NOTIC: [8] Undefined index: status E:\wamp\www\anti\Application\Runtime\Cache\Admin\e4115922dbeab584d8de8ec3503939dc.php 第 606 行.
NOTIC: [8] Use of undefined constant id - assumed 'id' E:\wamp\www\anti\Application\Runtime\Cache\Admin\e4115922dbeab584d8de8ec3503939dc.php 第 582 行.
SQL: SELECT COUNT(*) AS tp_count FROM `red_code` WHERE `code_num_id` = 5 LIMIT 1   [ RunTime:0.0006s ]
NOTIC: [8] Undefined index: status E:\wamp\www\anti\Application\Runtime\Cache\Admin\e4115922dbeab584d8de8ec3503939dc.php 第 606 行.
NOTIC: [8] Use of undefined constant id - assumed 'id' E:\wamp\www\anti\Application\Runtime\Cache\Admin\e4115922dbeab584d8de8ec3503939dc.php 第 582 行.
SQL: SELECT COUNT(*) AS tp_count FROM `red_code` WHERE `code_num_id` = 4 LIMIT 1   [ RunTime:0.0005s ]
NOTIC: [8] Undefined index: status E:\wamp\www\anti\Application\Runtime\Cache\Admin\e4115922dbeab584d8de8ec3503939dc.php 第 606 行.
NOTIC: [8] Use of undefined constant id - assumed 'id' E:\wamp\www\anti\Application\Runtime\Cache\Admin\e4115922dbeab584d8de8ec3503939dc.php 第 582 行.
SQL: SELECT COUNT(*) AS tp_count FROM `red_code` WHERE `code_num_id` = 3 LIMIT 1   [ RunTime:0.0006s ]
NOTIC: [8] Undefined index: status E:\wamp\www\anti\Application\Runtime\Cache\Admin\e4115922dbeab584d8de8ec3503939dc.php 第 606 行.
NOTIC: [8] Use of undefined constant id - assumed 'id' E:\wamp\www\anti\Application\Runtime\Cache\Admin\e4115922dbeab584d8de8ec3503939dc.php 第 582 行.
SQL: SELECT COUNT(*) AS tp_count FROM `red_code` WHERE `code_num_id` = 2 LIMIT 1   [ RunTime:0.0005s ]
NOTIC: [8] Undefined index: status E:\wamp\www\anti\Application\Runtime\Cache\Admin\e4115922dbeab584d8de8ec3503939dc.php 第 606 行.
NOTIC: [8] Use of undefined constant id - assumed 'id' E:\wamp\www\anti\Application\Runtime\Cache\Admin\e4115922dbeab584d8de8ec3503939dc.php 第 582 行.
SQL: SELECT COUNT(*) AS tp_count FROM `red_code` WHERE `code_num_id` = 1 LIMIT 1   [ RunTime:0.0005s ]
NOTIC: [8] Undefined index: status E:\wamp\www\anti\Application\Runtime\Cache\Admin\e4115922dbeab584d8de8ec3503939dc.php 第 606 行.
SQL: SELECT COUNT(*) AS tp_count FROM `red_code` WHERE `code_num_id` = 12 LIMIT 1   [ RunTime:0.0005s ]
SQL: SELECT COUNT(*) AS tp_count FROM `red_code` WHERE `code_num_id` = 11 LIMIT 1   [ RunTime:0.0009s ]
SQL: SELECT COUNT(*) AS tp_count FROM `red_code` WHERE `code_num_id` = 10 LIMIT 1   [ RunTime:0.0006s ]
SQL: SELECT COUNT(*) AS tp_count FROM `red_code` WHERE `code_num_id` = 9 LIMIT 1   [ RunTime:0.0005s ]
SQL: SELECT COUNT(*) AS tp_count FROM `red_code` WHERE `code_num_id` = 8 LIMIT 1   [ RunTime:0.0006s ]
SQL: SELECT COUNT(*) AS tp_count FROM `red_code` WHERE `code_num_id` = 7 LIMIT 1   [ RunTime:0.0005s ]
SQL: SELECT COUNT(*) AS tp_count FROM `red_code` WHERE `code_num_id` = 6 LIMIT 1   [ RunTime:0.0005s ]
SQL: SELECT COUNT(*) AS tp_count FROM `red_code` WHERE `code_num_id` = 5 LIMIT 1   [ RunTime:0.0005s ]
SQL: SELECT COUNT(*) AS tp_count FROM `red_code` WHERE `code_num_id` = 4 LIMIT 1   [ RunTime:0.0005s ]
SQL: SELECT COUNT(*) AS tp_count FROM `red_code` WHERE `code_num_id` = 3 LIMIT 1   [ RunTime:0.0005s ]
SQL: SELECT COUNT(*) AS tp_count FROM `red_code` WHERE `code_num_id` = 2 LIMIT 1   [ RunTime:0.0005s ]
SQL: SELECT COUNT(*) AS tp_count FROM `red_code` WHERE `code_num_id` = 1 LIMIT 1   [ RunTime:0.0006s ]
INFO: Run Behavior\ParseTemplateBehavior [ RunTime:0.214859s ]
INFO: [ view_parse ] --END-- [ RunTime:0.214994s ]
INFO: [ view_filter ] --START--
INFO: Run Behavior\WriteHtmlCacheBehavior [ RunTime:0.001202s ]
INFO: [ view_filter ] --END-- [ RunTime:0.001342s ]
INFO: [ app_end ] --START--
INFO: Run Behavior\ShowPageTraceBehavior [ RunTime:0.001685s ]
INFO: [ app_end ] --END-- [ RunTime:0.001850s ]

