[ 2018-10-13T09:56:37+08:00 ] 127.0.0.1 /index.php/Admin/index/code
ERR: Cron:cron Runat 2018-10-13 09:56:37 Use 0.176728 s

[ 2018-10-13T09:56:38+08:00 ] 127.0.0.1 /index.php/Admin/index/code
INFO: [ app_init ] --START--
INFO: Run Behavior\BuildLiteBehavior [ RunTime:0.000035s ]
INFO: [ app_init ] --END-- [ RunTime:0.001669s ]
INFO: [ app_begin ] --START--
INFO: Run Behavior\ReadHtmlCacheBehavior [ RunTime:0.001583s ]
SQL: SHOW COLUMNS FROM `red_indent` [ RunTime:0.1295s ]
SQL: SELECT * FROM `red_indent` WHERE `status` = 2  [ RunTime:0.0005s ]
INFO: Run Behavior\CronRunBehavior [ RunTime:0.205432s ]
INFO: [ app_begin ] --END-- [ RunTime:0.207269s ]
INFO: [ app_end ] --START--
INFO: Run Behavior\ShowPageTraceBehavior [ RunTime:0.001772s ]
INFO: [ app_end ] --END-- [ RunTime:0.001937s ]

[ 2018-10-13T10:59:21+08:00 ] 127.0.0.1 /index.php/Admin/index/index
ERR: Cron:cron Runat 2018-10-13 10:59:21 Use 0.191417 s

[ 2018-10-13T10:59:21+08:00 ] 127.0.0.1 /index.php/Admin/index/index
INFO: [ app_init ] --START--
INFO: Run Behavior\BuildLiteBehavior [ RunTime:0.000036s ]
INFO: [ app_init ] --END-- [ RunTime:0.001562s ]
INFO: [ app_begin ] --START--
INFO: Run Behavior\ReadHtmlCacheBehavior [ RunTime:0.002020s ]
SQL: SHOW COLUMNS FROM `red_indent` [ RunTime:0.0630s ]
SQL: SELECT * FROM `red_indent` WHERE `status` = 2  [ RunTime:0.0006s ]
INFO: Run Behavior\CronRunBehavior [ RunTime:0.233255s ]
INFO: [ app_begin ] --END-- [ RunTime:0.235520s ]
SQL: SHOW COLUMNS FROM `red_member` [ RunTime:0.0378s ]
SQL: SELECT COUNT(*) AS tp_count FROM `red_member` WHERE `time` BETWEEN 1539360000 AND 1539446399 LIMIT 1   [ RunTime:0.0005s ]
NOTIC: [8] Undefined variable: zong E:\wamp\www\anti\Application\Admin\Controller\IndexController.class.php 第 19 行.
SQL: SELECT COUNT(*) AS tp_count FROM `red_member` WHERE `time` BETWEEN 1538323200 AND 1541001599 LIMIT 1   [ RunTime:0.0003s ]
INFO: [ view_parse ] --START--
INFO: [ template_filter ] --START--
INFO: Run Behavior\ContentReplaceBehavior [ RunTime:0.000239s ]
INFO: [ template_filter ] --END-- [ RunTime:0.000371s ]
NOTIC: [8] Undefined variable: area E:\wamp\www\anti\Application\Runtime\Cache\Admin\b595b808c2ebeeeb0478ffc30bb4e87a.php 第 926 行.
NOTIC: [8] Undefined variable: list E:\wamp\www\anti\Application\Runtime\Cache\Admin\b595b808c2ebeeeb0478ffc30bb4e87a.php 第 968 行.
NOTIC: [8] Undefined index: month_money E:\wamp\www\anti\Application\Runtime\Cache\Admin\b595b808c2ebeeeb0478ffc30bb4e87a.php 第 1030 行.
NOTIC: [8] Undefined variable: page E:\wamp\www\anti\Application\Runtime\Cache\Admin\b595b808c2ebeeeb0478ffc30bb4e87a.php 第 1036 行.
INFO: Run Behavior\ParseTemplateBehavior [ RunTime:0.154248s ]
INFO: [ view_parse ] --END-- [ RunTime:0.154381s ]
INFO: [ view_filter ] --START--
INFO: Run Behavior\WriteHtmlCacheBehavior [ RunTime:0.014620s ]
INFO: [ view_filter ] --END-- [ RunTime:0.014750s ]
INFO: [ app_end ] --START--
INFO: Run Behavior\ShowPageTraceBehavior [ RunTime:0.002439s ]
INFO: [ app_end ] --END-- [ RunTime:0.002581s ]

[ 2018-10-13T10:59:27+08:00 ] 127.0.0.1 /index.php/Admin/shop/daili_index
INFO: [ app_init ] --START--
INFO: Run Behavior\BuildLiteBehavior [ RunTime:0.000036s ]
INFO: [ app_init ] --END-- [ RunTime:0.001304s ]
INFO: [ app_begin ] --START--
INFO: Run Behavior\ReadHtmlCacheBehavior [ RunTime:0.001358s ]
INFO: Run Behavior\CronRunBehavior [ RunTime:0.039864s ]
INFO: [ app_begin ] --END-- [ RunTime:0.041470s ]
SQL: SHOW COLUMNS FROM `red_shop` [ RunTime:0.0565s ]
SQL: SELECT * FROM `red_shop`  [ RunTime:0.0349s ]
INFO: [ view_parse ] --START--
INFO: [ template_filter ] --START--
INFO: Run Behavior\ContentReplaceBehavior [ RunTime:0.000293s ]
INFO: [ template_filter ] --END-- [ RunTime:0.000444s ]
NOTIC: [8] Use of undefined constant id - assumed 'id' E:\wamp\www\anti\Application\Runtime\Cache\Admin\ceed0c4fd567d67768ac86aa954ce336.php 第 785 行.
NOTIC: [8] Use of undefined constant status - assumed 'status' E:\wamp\www\anti\Application\Runtime\Cache\Admin\ceed0c4fd567d67768ac86aa954ce336.php 第 796 行.
NOTIC: [8] Use of undefined constant id - assumed 'id' E:\wamp\www\anti\Application\Runtime\Cache\Admin\ceed0c4fd567d67768ac86aa954ce336.php 第 785 行.
NOTIC: [8] Use of undefined constant status - assumed 'status' E:\wamp\www\anti\Application\Runtime\Cache\Admin\ceed0c4fd567d67768ac86aa954ce336.php 第 796 行.
NOTIC: [8] Undefined variable: page E:\wamp\www\anti\Application\Runtime\Cache\Admin\ceed0c4fd567d67768ac86aa954ce336.php 第 818 行.
NOTIC: [8] Undefined variable: list E:\wamp\www\anti\Application\Runtime\Cache\Admin\ceed0c4fd567d67768ac86aa954ce336.php 第 1024 行.
INFO: Run Behavior\ParseTemplateBehavior [ RunTime:0.063516s ]
INFO: [ view_parse ] --END-- [ RunTime:0.063648s ]
INFO: [ view_filter ] --START--
INFO: Run Behavior\WriteHtmlCacheBehavior [ RunTime:0.001449s ]
INFO: [ view_filter ] --END-- [ RunTime:0.001650s ]
INFO: [ app_end ] --START--
INFO: Run Behavior\ShowPageTraceBehavior [ RunTime:0.002650s ]
INFO: [ app_end ] --END-- [ RunTime:0.002787s ]

[ 2018-10-13T11:12:01+08:00 ] 127.0.0.1 /index.php/Admin/shop/daili_index
ERR: Cron:cron Runat 2018-10-13 11:12:01 Use 0.084079 s

[ 2018-10-13T11:12:01+08:00 ] 127.0.0.1 /index.php/Admin/shop/daili_index
INFO: [ app_init ] --START--
INFO: Run Behavior\BuildLiteBehavior [ RunTime:0.000040s ]
INFO: [ app_init ] --END-- [ RunTime:0.001109s ]
INFO: [ app_begin ] --START--
INFO: Run Behavior\ReadHtmlCacheBehavior [ RunTime:0.001772s ]
SQL: SHOW COLUMNS FROM `red_indent` [ RunTime:0.0504s ]
SQL: SELECT * FROM `red_indent` WHERE `status` = 2  [ RunTime:0.0005s ]
INFO: Run Behavior\CronRunBehavior [ RunTime:0.107981s ]
INFO: [ app_begin ] --END-- [ RunTime:0.110060s ]
SQL: SHOW COLUMNS FROM `red_shop` [ RunTime:0.0450s ]
SQL: SELECT * FROM `red_shop`  [ RunTime:0.0003s ]
INFO: [ view_parse ] --START--
INFO: [ template_filter ] --START--
INFO: Run Behavior\ContentReplaceBehavior [ RunTime:0.000351s ]
INFO: [ template_filter ] --END-- [ RunTime:0.000509s ]
NOTIC: [8] Use of undefined constant id - assumed 'id' E:\wamp\www\anti\Application\Runtime\Cache\Admin\ceed0c4fd567d67768ac86aa954ce336.php 第 847 行.
NOTIC: [8] Use of undefined constant status - assumed 'status' E:\wamp\www\anti\Application\Runtime\Cache\Admin\ceed0c4fd567d67768ac86aa954ce336.php 第 858 行.
NOTIC: [8] Use of undefined constant id - assumed 'id' E:\wamp\www\anti\Application\Runtime\Cache\Admin\ceed0c4fd567d67768ac86aa954ce336.php 第 847 行.
NOTIC: [8] Use of undefined constant status - assumed 'status' E:\wamp\www\anti\Application\Runtime\Cache\Admin\ceed0c4fd567d67768ac86aa954ce336.php 第 858 行.
NOTIC: [8] Undefined variable: page E:\wamp\www\anti\Application\Runtime\Cache\Admin\ceed0c4fd567d67768ac86aa954ce336.php 第 880 行.
NOTIC: [8] Undefined variable: list E:\wamp\www\anti\Application\Runtime\Cache\Admin\ceed0c4fd567d67768ac86aa954ce336.php 第 1086 行.
INFO: Run Behavior\ParseTemplateBehavior [ RunTime:0.071417s ]
INFO: [ view_parse ] --END-- [ RunTime:0.071565s ]
INFO: [ view_filter ] --START--
INFO: Run Behavior\WriteHtmlCacheBehavior [ RunTime:0.001412s ]
INFO: [ view_filter ] --END-- [ RunTime:0.001548s ]
INFO: [ app_end ] --START--
INFO: Run Behavior\ShowPageTraceBehavior [ RunTime:0.001577s ]
INFO: [ app_end ] --END-- [ RunTime:0.001710s ]

[ 2018-10-13T14:58:56+08:00 ] 127.0.0.1 /index.php/Admin/shop/daili_index
ERR: Cron:cron Runat 2018-10-13 14:58:56 Use 0.756986 s

[ 2018-10-13T14:58:57+08:00 ] 127.0.0.1 /index.php/Admin/shop/daili_index
INFO: [ app_init ] --START--
INFO: Run Behavior\BuildLiteBehavior [ RunTime:0.000036s ]
INFO: [ app_init ] --END-- [ RunTime:0.044199s ]
INFO: [ app_begin ] --START--
INFO: Run Behavior\ReadHtmlCacheBehavior [ RunTime:0.049532s ]
SQL: SHOW COLUMNS FROM `red_indent` [ RunTime:0.1456s ]
SQL: SELECT * FROM `red_indent` WHERE `status` = 2  [ RunTime:0.0296s ]
INFO: Run Behavior\CronRunBehavior [ RunTime:1.024193s ]
INFO: [ app_begin ] --END-- [ RunTime:1.073981s ]
SQL: SHOW COLUMNS FROM `red_shop` [ RunTime:0.0401s ]
SQL: SELECT * FROM `red_shop`  [ RunTime:0.0004s ]
INFO: [ view_parse ] --START--
INFO: [ template_filter ] --START--
INFO: Run Behavior\ContentReplaceBehavior [ RunTime:0.009083s ]
INFO: [ template_filter ] --END-- [ RunTime:0.009233s ]
NOTIC: [8] Use of undefined constant id - assumed 'id' E:\wamp\www\anti\Application\Runtime\Cache\Admin\ceed0c4fd567d67768ac86aa954ce336.php 第 847 行.
NOTIC: [8] Use of undefined constant status - assumed 'status' E:\wamp\www\anti\Application\Runtime\Cache\Admin\ceed0c4fd567d67768ac86aa954ce336.php 第 858 行.
NOTIC: [8] Use of undefined constant id - assumed 'id' E:\wamp\www\anti\Application\Runtime\Cache\Admin\ceed0c4fd567d67768ac86aa954ce336.php 第 847 行.
NOTIC: [8] Use of undefined constant status - assumed 'status' E:\wamp\www\anti\Application\Runtime\Cache\Admin\ceed0c4fd567d67768ac86aa954ce336.php 第 858 行.
NOTIC: [8] Undefined variable: page E:\wamp\www\anti\Application\Runtime\Cache\Admin\ceed0c4fd567d67768ac86aa954ce336.php 第 880 行.
NOTIC: [8] Undefined variable: list E:\wamp\www\anti\Application\Runtime\Cache\Admin\ceed0c4fd567d67768ac86aa954ce336.php 第 1086 行.
INFO: Run Behavior\ParseTemplateBehavior [ RunTime:0.191655s ]
INFO: [ view_parse ] --END-- [ RunTime:0.191798s ]
INFO: [ view_filter ] --START--
INFO: Run Behavior\WriteHtmlCacheBehavior [ RunTime:0.029064s ]
INFO: [ view_filter ] --END-- [ RunTime:0.029198s ]
INFO: [ app_end ] --START--
INFO: Run Behavior\ShowPageTraceBehavior [ RunTime:0.025526s ]
INFO: [ app_end ] --END-- [ RunTime:0.025660s ]

[ 2018-10-13T15:00:00+08:00 ] 127.0.0.1 /index.php/Admin/code/index
ERR: Cron:cron Runat 2018-10-13 15:00:00 Use 0.155363 s

[ 2018-10-13T15:00:00+08:00 ] 127.0.0.1 /index.php/Admin/code/index
INFO: [ app_init ] --START--
INFO: Run Behavior\BuildLiteBehavior [ RunTime:0.000039s ]
INFO: [ app_init ] --END-- [ RunTime:0.002882s ]
INFO: [ app_begin ] --START--
INFO: Run Behavior\ReadHtmlCacheBehavior [ RunTime:0.002686s ]
SQL: SHOW COLUMNS FROM `red_indent` [ RunTime:0.1207s ]
SQL: SELECT * FROM `red_indent` WHERE `status` = 2  [ RunTime:0.0014s ]
INFO: Run Behavior\CronRunBehavior [ RunTime:0.178713s ]
INFO: [ app_begin ] --END-- [ RunTime:0.181671s ]
ERR: 无法加载控制器:Code

[ 2018-10-13T15:01:30+08:00 ] 127.0.0.1 /index.php/Admin/code/index
ERR: Cron:cron Runat 2018-10-13 15:01:30 Use 0.063393 s

[ 2018-10-13T15:01:30+08:00 ] 127.0.0.1 /index.php/Admin/code/index
INFO: [ app_init ] --START--
INFO: Run Behavior\BuildLiteBehavior [ RunTime:0.000035s ]
INFO: [ app_init ] --END-- [ RunTime:0.001541s ]
INFO: [ app_begin ] --START--
INFO: Run Behavior\ReadHtmlCacheBehavior [ RunTime:0.001383s ]
SQL: SHOW COLUMNS FROM `red_indent` [ RunTime:0.0441s ]
SQL: SELECT * FROM `red_indent` WHERE `status` = 2  [ RunTime:0.0004s ]
INFO: Run Behavior\CronRunBehavior [ RunTime:0.082498s ]
INFO: [ app_begin ] --END-- [ RunTime:0.084138s ]
SQL: SHOW COLUMNS FROM `red_shop` [ RunTime:0.0241s ]
SQL: SELECT * FROM `red_shop`  [ RunTime:0.0003s ]
INFO: [ view_parse ] --START--
INFO: [ template_filter ] --START--
INFO: Run Behavior\ContentReplaceBehavior [ RunTime:0.000378s ]
INFO: [ template_filter ] --END-- [ RunTime:0.000621s ]
NOTIC: [8] Use of undefined constant id - assumed 'id' E:\wamp\www\anti\Application\Runtime\Cache\Admin\e4115922dbeab584d8de8ec3503939dc.php 第 847 行.
NOTIC: [8] Use of undefined constant status - assumed 'status' E:\wamp\www\anti\Application\Runtime\Cache\Admin\e4115922dbeab584d8de8ec3503939dc.php 第 858 行.
NOTIC: [8] Use of undefined constant id - assumed 'id' E:\wamp\www\anti\Application\Runtime\Cache\Admin\e4115922dbeab584d8de8ec3503939dc.php 第 847 行.
NOTIC: [8] Use of undefined constant status - assumed 'status' E:\wamp\www\anti\Application\Runtime\Cache\Admin\e4115922dbeab584d8de8ec3503939dc.php 第 858 行.
NOTIC: [8] Undefined variable: page E:\wamp\www\anti\Application\Runtime\Cache\Admin\e4115922dbeab584d8de8ec3503939dc.php 第 880 行.
NOTIC: [8] Undefined variable: list E:\wamp\www\anti\Application\Runtime\Cache\Admin\e4115922dbeab584d8de8ec3503939dc.php 第 1086 行.
INFO: Run Behavior\ParseTemplateBehavior [ RunTime:0.040281s ]
INFO: [ view_parse ] --END-- [ RunTime:0.040424s ]
INFO: [ view_filter ] --START--
INFO: Run Behavior\WriteHtmlCacheBehavior [ RunTime:0.001136s ]
INFO: [ view_filter ] --END-- [ RunTime:0.001263s ]
INFO: [ app_end ] --START--
INFO: Run Behavior\ShowPageTraceBehavior [ RunTime:0.001149s ]
INFO: [ app_end ] --END-- [ RunTime:0.001281s ]

[ 2018-10-13T15:14:32+08:00 ] 127.0.0.1 /index.php/Admin/Code/add_daili
ERR: Cron:cron Runat 2018-10-13 15:14:32 Use 0.111481 s

[ 2018-10-13T15:14:32+08:00 ] 127.0.0.1 /index.php/Admin/Code/add_daili
INFO: [ app_init ] --START--
INFO: Run Behavior\BuildLiteBehavior [ RunTime:0.000038s ]
INFO: [ app_init ] --END-- [ RunTime:0.002868s ]
INFO: [ app_begin ] --START--
INFO: Run Behavior\ReadHtmlCacheBehavior [ RunTime:0.001391s ]
SQL: SHOW COLUMNS FROM `red_indent` [ RunTime:0.0831s ]
SQL: SELECT * FROM `red_indent` WHERE `status` = 2  [ RunTime:0.0004s ]
INFO: Run Behavior\CronRunBehavior [ RunTime:0.164199s ]
INFO: [ app_begin ] --END-- [ RunTime:0.165901s ]
SQL: SHOW COLUMNS FROM `red_shop` [ RunTime:0.0711s ]
SQL: SELECT * FROM `red_shop`  [ RunTime:0.0004s ]
ERR: 模板不存在:./Application/Admin/View/Code/add_daili.html

[ 2018-10-13T15:23:16+08:00 ] 127.0.0.1 /index.php/Admin/shop/daili_index
ERR: Cron:cron Runat 2018-10-13 15:23:16 Use 0.116311 s

[ 2018-10-13T15:23:17+08:00 ] 127.0.0.1 /index.php/Admin/shop/daili_index
INFO: [ app_init ] --START--
INFO: Run Behavior\BuildLiteBehavior [ RunTime:0.000033s ]
INFO: [ app_init ] --END-- [ RunTime:0.000937s ]
INFO: [ app_begin ] --START--
INFO: Run Behavior\ReadHtmlCacheBehavior [ RunTime:0.001511s ]
SQL: SHOW COLUMNS FROM `red_indent` [ RunTime:0.0894s ]
SQL: SELECT * FROM `red_indent` WHERE `status` = 2  [ RunTime:0.0005s ]
INFO: Run Behavior\CronRunBehavior [ RunTime:0.183600s ]
INFO: [ app_begin ] --END-- [ RunTime:0.185364s ]
SQL: SHOW COLUMNS FROM `red_shop` [ RunTime:0.0439s ]
SQL: SELECT * FROM `red_shop`  [ RunTime:0.0005s ]
INFO: [ view_parse ] --START--
INFO: [ template_filter ] --START--
INFO: Run Behavior\ContentReplaceBehavior [ RunTime:0.000348s ]
INFO: [ template_filter ] --END-- [ RunTime:0.000500s ]
NOTIC: [8] Use of undefined constant id - assumed 'id' E:\wamp\www\anti\Application\Runtime\Cache\Admin\ceed0c4fd567d67768ac86aa954ce336.php 第 847 行.
NOTIC: [8] Use of undefined constant status - assumed 'status' E:\wamp\www\anti\Application\Runtime\Cache\Admin\ceed0c4fd567d67768ac86aa954ce336.php 第 858 行.
NOTIC: [8] Use of undefined constant id - assumed 'id' E:\wamp\www\anti\Application\Runtime\Cache\Admin\ceed0c4fd567d67768ac86aa954ce336.php 第 847 行.
NOTIC: [8] Use of undefined constant status - assumed 'status' E:\wamp\www\anti\Application\Runtime\Cache\Admin\ceed0c4fd567d67768ac86aa954ce336.php 第 858 行.
NOTIC: [8] Undefined variable: page E:\wamp\www\anti\Application\Runtime\Cache\Admin\ceed0c4fd567d67768ac86aa954ce336.php 第 880 行.
NOTIC: [8] Undefined variable: list E:\wamp\www\anti\Application\Runtime\Cache\Admin\ceed0c4fd567d67768ac86aa954ce336.php 第 1086 行.
INFO: Run Behavior\ParseTemplateBehavior [ RunTime:0.070274s ]
INFO: [ view_parse ] --END-- [ RunTime:0.070470s ]
INFO: [ view_filter ] --START--
INFO: Run Behavior\WriteHtmlCacheBehavior [ RunTime:0.001447s ]
INFO: [ view_filter ] --END-- [ RunTime:0.001597s ]
INFO: [ app_end ] --START--
INFO: Run Behavior\ShowPageTraceBehavior [ RunTime:0.001464s ]
INFO: [ app_end ] --END-- [ RunTime:0.001599s ]

[ 2018-10-13T15:36:28+08:00 ] 127.0.0.1 /index.php/Admin/shop/daili_index
ERR: Cron:cron Runat 2018-10-13 15:36:28 Use 0.242482 s

[ 2018-10-13T15:36:28+08:00 ] 127.0.0.1 /index.php/Admin/shop/daili_index
INFO: [ app_init ] --START--
INFO: Run Behavior\BuildLiteBehavior [ RunTime:0.000038s ]
INFO: [ app_init ] --END-- [ RunTime:0.002645s ]
INFO: [ app_begin ] --START--
INFO: Run Behavior\ReadHtmlCacheBehavior [ RunTime:0.003791s ]
SQL: SHOW COLUMNS FROM `red_indent` [ RunTime:0.2012s ]
SQL: SELECT * FROM `red_indent` WHERE `status` = 2  [ RunTime:0.0020s ]
INFO: Run Behavior\CronRunBehavior [ RunTime:0.296644s ]
INFO: [ app_begin ] --END-- [ RunTime:0.300902s ]
SQL: SHOW COLUMNS FROM `red_shop` [ RunTime:0.0903s ]
SQL: SELECT * FROM `red_shop`  [ RunTime:0.0005s ]
INFO: [ view_parse ] --START--
INFO: [ template_filter ] --START--
INFO: Run Behavior\ContentReplaceBehavior [ RunTime:0.000407s ]
INFO: [ template_filter ] --END-- [ RunTime:0.000567s ]
NOTIC: [8] Use of undefined constant id - assumed 'id' E:\wamp\www\anti\Application\Runtime\Cache\Admin\ceed0c4fd567d67768ac86aa954ce336.php 第 847 行.
NOTIC: [8] Use of undefined constant status - assumed 'status' E:\wamp\www\anti\Application\Runtime\Cache\Admin\ceed0c4fd567d67768ac86aa954ce336.php 第 858 行.
NOTIC: [8] Use of undefined constant id - assumed 'id' E:\wamp\www\anti\Application\Runtime\Cache\Admin\ceed0c4fd567d67768ac86aa954ce336.php 第 847 行.
NOTIC: [8] Use of undefined constant status - assumed 'status' E:\wamp\www\anti\Application\Runtime\Cache\Admin\ceed0c4fd567d67768ac86aa954ce336.php 第 858 行.
NOTIC: [8] Undefined variable: page E:\wamp\www\anti\Application\Runtime\Cache\Admin\ceed0c4fd567d67768ac86aa954ce336.php 第 880 行.
NOTIC: [8] Undefined variable: list E:\wamp\www\anti\Application\Runtime\Cache\Admin\ceed0c4fd567d67768ac86aa954ce336.php 第 1086 行.
INFO: Run Behavior\ParseTemplateBehavior [ RunTime:0.126229s ]
INFO: [ view_parse ] --END-- [ RunTime:0.126396s ]
INFO: [ view_filter ] --START--
INFO: Run Behavior\WriteHtmlCacheBehavior [ RunTime:0.002896s ]
INFO: [ view_filter ] --END-- [ RunTime:0.003142s ]
INFO: [ app_end ] --START--
INFO: Run Behavior\ShowPageTraceBehavior [ RunTime:0.008486s ]
INFO: [ app_end ] --END-- [ RunTime:0.008626s ]

[ 2018-10-13T15:36:37+08:00 ] 127.0.0.1 /index.php/Admin/code/index
INFO: [ app_init ] --START--
INFO: Run Behavior\BuildLiteBehavior [ RunTime:0.000034s ]
INFO: [ app_init ] --END-- [ RunTime:0.000989s ]
INFO: [ app_begin ] --START--
INFO: Run Behavior\ReadHtmlCacheBehavior [ RunTime:0.001333s ]
INFO: Run Behavior\CronRunBehavior [ RunTime:0.019798s ]
INFO: [ app_begin ] --END-- [ RunTime:0.021428s ]
SQL: SHOW COLUMNS FROM `red_shop` [ RunTime:0.1007s ]
SQL: SELECT * FROM `red_shop`  [ RunTime:0.0005s ]
INFO: [ view_parse ] --START--
INFO: [ template_filter ] --START--
INFO: Run Behavior\ContentReplaceBehavior [ RunTime:0.000286s ]
INFO: [ template_filter ] --END-- [ RunTime:0.000441s ]
NOTIC: [8] Undefined variable: vo E:\wamp\www\anti\Application\Runtime\Cache\Admin\e4115922dbeab584d8de8ec3503939dc.php 第 804 行.
NOTIC: [8] Use of undefined constant id - assumed 'id' E:\wamp\www\anti\Application\Runtime\Cache\Admin\e4115922dbeab584d8de8ec3503939dc.php 第 848 行.
NOTIC: [8] Use of undefined constant status - assumed 'status' E:\wamp\www\anti\Application\Runtime\Cache\Admin\e4115922dbeab584d8de8ec3503939dc.php 第 859 行.
NOTIC: [8] Use of undefined constant id - assumed 'id' E:\wamp\www\anti\Application\Runtime\Cache\Admin\e4115922dbeab584d8de8ec3503939dc.php 第 848 行.
NOTIC: [8] Use of undefined constant status - assumed 'status' E:\wamp\www\anti\Application\Runtime\Cache\Admin\e4115922dbeab584d8de8ec3503939dc.php 第 859 行.
NOTIC: [8] Undefined variable: page E:\wamp\www\anti\Application\Runtime\Cache\Admin\e4115922dbeab584d8de8ec3503939dc.php 第 881 行.
INFO: Run Behavior\ParseTemplateBehavior [ RunTime:0.050423s ]
INFO: [ view_parse ] --END-- [ RunTime:0.050603s ]
INFO: [ view_filter ] --START--
INFO: Run Behavior\WriteHtmlCacheBehavior [ RunTime:0.001540s ]
INFO: [ view_filter ] --END-- [ RunTime:0.001689s ]
INFO: [ app_end ] --START--
INFO: Run Behavior\ShowPageTraceBehavior [ RunTime:0.004372s ]
INFO: [ app_end ] --END-- [ RunTime:0.004520s ]

[ 2018-10-13T15:37:23+08:00 ] 127.0.0.1 /index.php/Admin/code/index
ERR: Cron:cron Runat 2018-10-13 15:37:23 Use 0.112132 s

[ 2018-10-13T15:37:23+08:00 ] 127.0.0.1 /index.php/Admin/code/index
INFO: [ app_init ] --START--
INFO: Run Behavior\BuildLiteBehavior [ RunTime:0.000135s ]
INFO: [ app_init ] --END-- [ RunTime:0.002931s ]
INFO: [ app_begin ] --START--
INFO: Run Behavior\ReadHtmlCacheBehavior [ RunTime:0.001571s ]
SQL: SHOW COLUMNS FROM `red_indent` [ RunTime:0.0850s ]
SQL: SELECT * FROM `red_indent` WHERE `status` = 2  [ RunTime:0.0005s ]
INFO: Run Behavior\CronRunBehavior [ RunTime:0.132416s ]
INFO: [ app_begin ] --END-- [ RunTime:0.134239s ]
SQL: SHOW COLUMNS FROM `red_shop` [ RunTime:0.0803s ]
SQL: SELECT * FROM `red_shop`  [ RunTime:0.0005s ]
INFO: [ view_parse ] --START--
INFO: [ template_filter ] --START--
INFO: Run Behavior\ContentReplaceBehavior [ RunTime:0.000302s ]
INFO: [ template_filter ] --END-- [ RunTime:0.000437s ]
NOTIC: [8] Undefined variable: vo E:\wamp\www\anti\Application\Runtime\Cache\Admin\e4115922dbeab584d8de8ec3503939dc.php 第 804 行.
NOTIC: [8] Use of undefined constant id - assumed 'id' E:\wamp\www\anti\Application\Runtime\Cache\Admin\e4115922dbeab584d8de8ec3503939dc.php 第 848 行.
NOTIC: [8] Use of undefined constant status - assumed 'status' E:\wamp\www\anti\Application\Runtime\Cache\Admin\e4115922dbeab584d8de8ec3503939dc.php 第 859 行.
NOTIC: [8] Use of undefined constant id - assumed 'id' E:\wamp\www\anti\Application\Runtime\Cache\Admin\e4115922dbeab584d8de8ec3503939dc.php 第 848 行.
NOTIC: [8] Use of undefined constant status - assumed 'status' E:\wamp\www\anti\Application\Runtime\Cache\Admin\e4115922dbeab584d8de8ec3503939dc.php 第 859 行.
NOTIC: [8] Undefined variable: page E:\wamp\www\anti\Application\Runtime\Cache\Admin\e4115922dbeab584d8de8ec3503939dc.php 第 881 行.
INFO: Run Behavior\ParseTemplateBehavior [ RunTime:0.054191s ]
INFO: [ view_parse ] --END-- [ RunTime:0.054340s ]
INFO: [ view_filter ] --START--
INFO: Run Behavior\WriteHtmlCacheBehavior [ RunTime:0.001224s ]
INFO: [ view_filter ] --END-- [ RunTime:0.001359s ]
INFO: [ app_end ] --START--
INFO: Run Behavior\ShowPageTraceBehavior [ RunTime:0.001718s ]
INFO: [ app_end ] --END-- [ RunTime:0.001869s ]

[ 2018-10-13T16:20:01+08:00 ] 127.0.0.1 /index.php/Admin/code/index
ERR: Cron:cron Runat 2018-10-13 16:20:01 Use 0.074441 s

[ 2018-10-13T16:20:01+08:00 ] 127.0.0.1 /index.php/Admin/code/index
INFO: [ app_init ] --START--
INFO: Run Behavior\BuildLiteBehavior [ RunTime:0.000035s ]
INFO: [ app_init ] --END-- [ RunTime:0.001959s ]
INFO: [ app_begin ] --START--
INFO: Run Behavior\ReadHtmlCacheBehavior [ RunTime:0.001306s ]
SQL: SHOW COLUMNS FROM `red_indent` [ RunTime:0.0495s ]
SQL: SELECT * FROM `red_indent` WHERE `status` = 2  [ RunTime:0.0006s ]
INFO: Run Behavior\CronRunBehavior [ RunTime:0.105424s ]
INFO: [ app_begin ] --END-- [ RunTime:0.106980s ]
SQL: SHOW COLUMNS FROM `red_shop` [ RunTime:0.0434s ]
SQL: SELECT * FROM `red_shop`  [ RunTime:0.0013s ]
INFO: [ view_parse ] --START--
INFO: [ template_filter ] --START--
INFO: Run Behavior\ContentReplaceBehavior [ RunTime:0.000272s ]
INFO: [ template_filter ] --END-- [ RunTime:0.000436s ]
NOTIC: [8] Undefined variable: vo E:\wamp\www\anti\Application\Runtime\Cache\Admin\e4115922dbeab584d8de8ec3503939dc.php 第 804 行.
NOTIC: [8] Use of undefined constant id - assumed 'id' E:\wamp\www\anti\Application\Runtime\Cache\Admin\e4115922dbeab584d8de8ec3503939dc.php 第 848 行.
NOTIC: [8] Use of undefined constant status - assumed 'status' E:\wamp\www\anti\Application\Runtime\Cache\Admin\e4115922dbeab584d8de8ec3503939dc.php 第 859 行.
NOTIC: [8] Use of undefined constant id - assumed 'id' E:\wamp\www\anti\Application\Runtime\Cache\Admin\e4115922dbeab584d8de8ec3503939dc.php 第 848 行.
NOTIC: [8] Use of undefined constant status - assumed 'status' E:\wamp\www\anti\Application\Runtime\Cache\Admin\e4115922dbeab584d8de8ec3503939dc.php 第 859 行.
NOTIC: [8] Undefined variable: page E:\wamp\www\anti\Application\Runtime\Cache\Admin\e4115922dbeab584d8de8ec3503939dc.php 第 881 行.
INFO: Run Behavior\ParseTemplateBehavior [ RunTime:0.043976s ]
INFO: [ view_parse ] --END-- [ RunTime:0.044132s ]
INFO: [ view_filter ] --START--
INFO: Run Behavior\WriteHtmlCacheBehavior [ RunTime:0.003461s ]
INFO: [ view_filter ] --END-- [ RunTime:0.003665s ]
INFO: [ app_end ] --START--
INFO: Run Behavior\ShowPageTraceBehavior [ RunTime:0.001713s ]
INFO: [ app_end ] --END-- [ RunTime:0.001866s ]

[ 2018-10-13T16:21:42+08:00 ] 127.0.0.1 /index.php/Admin/code/index
ERR: Cron:cron Runat 2018-10-13 16:21:42 Use 0.090058 s

[ 2018-10-13T16:21:43+08:00 ] 127.0.0.1 /index.php/Admin/code/index
INFO: [ app_init ] --START--
INFO: Run Behavior\BuildLiteBehavior [ RunTime:0.000039s ]
INFO: [ app_init ] --END-- [ RunTime:0.001044s ]
INFO: [ app_begin ] --START--
INFO: Run Behavior\ReadHtmlCacheBehavior [ RunTime:0.001920s ]
SQL: SHOW COLUMNS FROM `red_indent` [ RunTime:0.0704s ]
SQL: SELECT * FROM `red_indent` WHERE `status` = 2  [ RunTime:0.0005s ]
INFO: Run Behavior\CronRunBehavior [ RunTime:0.119951s ]
INFO: [ app_begin ] --END-- [ RunTime:0.122130s ]
SQL: SHOW COLUMNS FROM `red_shop` [ RunTime:0.0338s ]
SQL: SELECT * FROM `red_shop`  [ RunTime:0.0005s ]
INFO: [ view_parse ] --START--
INFO: [ template_filter ] --START--
INFO: Run Behavior\ContentReplaceBehavior [ RunTime:0.000291s ]
INFO: [ template_filter ] --END-- [ RunTime:0.000437s ]
NOTIC: [8] Undefined variable: vo E:\wamp\www\anti\Application\Runtime\Cache\Admin\e4115922dbeab584d8de8ec3503939dc.php 第 804 行.
NOTIC: [8] Use of undefined constant id - assumed 'id' E:\wamp\www\anti\Application\Runtime\Cache\Admin\e4115922dbeab584d8de8ec3503939dc.php 第 848 行.
NOTIC: [8] Use of undefined constant status - assumed 'status' E:\wamp\www\anti\Application\Runtime\Cache\Admin\e4115922dbeab584d8de8ec3503939dc.php 第 859 行.
NOTIC: [8] Use of undefined constant id - assumed 'id' E:\wamp\www\anti\Application\Runtime\Cache\Admin\e4115922dbeab584d8de8ec3503939dc.php 第 848 行.
NOTIC: [8] Use of undefined constant status - assumed 'status' E:\wamp\www\anti\Application\Runtime\Cache\Admin\e4115922dbeab584d8de8ec3503939dc.php 第 859 行.
NOTIC: [8] Undefined variable: page E:\wamp\www\anti\Application\Runtime\Cache\Admin\e4115922dbeab584d8de8ec3503939dc.php 第 881 行.
INFO: Run Behavior\ParseTemplateBehavior [ RunTime:0.074035s ]
INFO: [ view_parse ] --END-- [ RunTime:0.074445s ]
INFO: [ view_filter ] --START--
INFO: Run Behavior\WriteHtmlCacheBehavior [ RunTime:0.001705s ]
INFO: [ view_filter ] --END-- [ RunTime:0.001909s ]
INFO: [ app_end ] --START--
INFO: Run Behavior\ShowPageTraceBehavior [ RunTime:0.001315s ]
INFO: [ app_end ] --END-- [ RunTime:0.001457s ]

[ 2018-10-13T16:22:19+08:00 ] 127.0.0.1 /index.php/Admin/code/index
ERR: Cron:cron Runat 2018-10-13 16:22:19 Use 0.080087 s

[ 2018-10-13T16:22:19+08:00 ] 127.0.0.1 /index.php/Admin/code/index
INFO: [ app_init ] --START--
INFO: Run Behavior\BuildLiteBehavior [ RunTime:0.000035s ]
INFO: [ app_init ] --END-- [ RunTime:0.001450s ]
INFO: [ app_begin ] --START--
INFO: Run Behavior\ReadHtmlCacheBehavior [ RunTime:0.001348s ]
SQL: SHOW COLUMNS FROM `red_indent` [ RunTime:0.0589s ]
SQL: SELECT * FROM `red_indent` WHERE `status` = 2  [ RunTime:0.0011s ]
INFO: Run Behavior\CronRunBehavior [ RunTime:0.109271s ]
INFO: [ app_begin ] --END-- [ RunTime:0.110872s ]
SQL: SHOW COLUMNS FROM `red_shop` [ RunTime:0.0458s ]
SQL: SELECT * FROM `red_shop`  [ RunTime:0.0005s ]
INFO: [ view_parse ] --START--
INFO: [ template_filter ] --START--
INFO: Run Behavior\ContentReplaceBehavior [ RunTime:0.000304s ]
INFO: [ template_filter ] --END-- [ RunTime:0.000456s ]
NOTIC: [8] Undefined variable: vo E:\wamp\www\anti\Application\Runtime\Cache\Admin\e4115922dbeab584d8de8ec3503939dc.php 第 804 行.
NOTIC: [8] Use of undefined constant id - assumed 'id' E:\wamp\www\anti\Application\Runtime\Cache\Admin\e4115922dbeab584d8de8ec3503939dc.php 第 848 行.
NOTIC: [8] Use of undefined constant status - assumed 'status' E:\wamp\www\anti\Application\Runtime\Cache\Admin\e4115922dbeab584d8de8ec3503939dc.php 第 859 行.
NOTIC: [8] Use of undefined constant id - assumed 'id' E:\wamp\www\anti\Application\Runtime\Cache\Admin\e4115922dbeab584d8de8ec3503939dc.php 第 848 行.
NOTIC: [8] Use of undefined constant status - assumed 'status' E:\wamp\www\anti\Application\Runtime\Cache\Admin\e4115922dbeab584d8de8ec3503939dc.php 第 859 行.
NOTIC: [8] Undefined variable: page E:\wamp\www\anti\Application\Runtime\Cache\Admin\e4115922dbeab584d8de8ec3503939dc.php 第 881 行.
INFO: Run Behavior\ParseTemplateBehavior [ RunTime:0.064867s ]
INFO: [ view_parse ] --END-- [ RunTime:0.065010s ]
INFO: [ view_filter ] --START--
INFO: Run Behavior\WriteHtmlCacheBehavior [ RunTime:0.001199s ]
INFO: [ view_filter ] --END-- [ RunTime:0.001335s ]
INFO: [ app_end ] --START--
INFO: Run Behavior\ShowPageTraceBehavior [ RunTime:0.001309s ]
INFO: [ app_end ] --END-- [ RunTime:0.001447s ]

