[ 2018-11-09T09:02:03+08:00 ] 127.0.0.1 /index.php/Admin/Index/charts
ERR: Cron:cron Runat 2018-11-09 09:02:03 Use 0.347586 s

[ 2018-11-09T09:02:04+08:00 ] 127.0.0.1 /index.php/Admin/Index/charts
INFO: [ app_init ] --START--
INFO: Run Behavior\BuildLiteBehavior [ RunTime:0.000049s ]
INFO: [ app_init ] --END-- [ RunTime:0.001731s ]
INFO: [ app_begin ] --START--
INFO: Run Behavior\ReadHtmlCacheBehavior [ RunTime:0.002299s ]
SQL: SHOW COLUMNS FROM `red_indent` [ RunTime:0.2210s ]
SQL: SELECT * FROM `red_indent` WHERE `status` = 2  [ RunTime:0.0005s ]
INFO: Run Behavior\CronRunBehavior [ RunTime:0.432400s ]
INFO: [ app_begin ] --END-- [ RunTime:0.434923s ]
SQL: SHOW COLUMNS FROM `red_money_record` [ RunTime:0.0962s ]
SQL: SELECT `money` FROM `red_money_record` WHERE `time` BETWEEN 1541088000 AND 1541174399 AND `moneytype` = 1  [ RunTime:0.0940s ]
SQL: SHOW COLUMNS FROM `red_shop` [ RunTime:0.0697s ]
SQL: SELECT COUNT(*) AS tp_count FROM `red_shop` WHERE `time` BETWEEN 1541088000 AND 1541174399 AND `type` = 1 LIMIT 1   [ RunTime:0.0610s ]
SQL: SELECT COUNT(*) AS tp_count FROM `red_shop` WHERE `time` BETWEEN 1541088000 AND 1541174399 AND `type` = 2 LIMIT 1   [ RunTime:0.0005s ]
SQL: SELECT COUNT(*) AS tp_count FROM `red_shop` WHERE `time` BETWEEN 1541088000 AND 1541174399 AND `type` = 3 LIMIT 1   [ RunTime:0.0003s ]
NOTIC: [8] Use of undefined constant start_time - assumed 'start_time' E:\wamp\www\anti\Application\Admin\Controller\IndexController.class.php 第 54 行.
SQL: SELECT `money` FROM `red_money_record` WHERE `time` BETWEEN 1541174400 AND 1541260799 AND `moneytype` = 1  [ RunTime:0.0004s ]
SQL: SELECT COUNT(*) AS tp_count FROM `red_shop` WHERE `time` BETWEEN 1541174400 AND 1541260799 AND `type` = 1 LIMIT 1   [ RunTime:0.0004s ]
SQL: SELECT COUNT(*) AS tp_count FROM `red_shop` WHERE `time` BETWEEN 1541174400 AND 1541260799 AND `type` = 2 LIMIT 1   [ RunTime:0.0004s ]
SQL: SELECT COUNT(*) AS tp_count FROM `red_shop` WHERE `time` BETWEEN 1541174400 AND 1541260799 AND `type` = 3 LIMIT 1   [ RunTime:0.0004s ]
NOTIC: [8] Use of undefined constant start_time - assumed 'start_time' E:\wamp\www\anti\Application\Admin\Controller\IndexController.class.php 第 54 行.
SQL: SELECT `money` FROM `red_money_record` WHERE `time` BETWEEN 1541260800 AND 1541347199 AND `moneytype` = 1  [ RunTime:0.0004s ]
SQL: SELECT COUNT(*) AS tp_count FROM `red_shop` WHERE `time` BETWEEN 1541260800 AND 1541347199 AND `type` = 1 LIMIT 1   [ RunTime:0.0004s ]
SQL: SELECT COUNT(*) AS tp_count FROM `red_shop` WHERE `time` BETWEEN 1541260800 AND 1541347199 AND `type` = 2 LIMIT 1   [ RunTime:0.0006s ]
SQL: SELECT COUNT(*) AS tp_count FROM `red_shop` WHERE `time` BETWEEN 1541260800 AND 1541347199 AND `type` = 3 LIMIT 1   [ RunTime:0.0004s ]
NOTIC: [8] Use of undefined constant start_time - assumed 'start_time' E:\wamp\www\anti\Application\Admin\Controller\IndexController.class.php 第 54 行.
SQL: SELECT `money` FROM `red_money_record` WHERE `time` BETWEEN 1541347200 AND 1541433599 AND `moneytype` = 1  [ RunTime:0.0004s ]
SQL: SELECT COUNT(*) AS tp_count FROM `red_shop` WHERE `time` BETWEEN 1541347200 AND 1541433599 AND `type` = 1 LIMIT 1   [ RunTime:0.0004s ]
SQL: SELECT COUNT(*) AS tp_count FROM `red_shop` WHERE `time` BETWEEN 1541347200 AND 1541433599 AND `type` = 2 LIMIT 1   [ RunTime:0.0004s ]
SQL: SELECT COUNT(*) AS tp_count FROM `red_shop` WHERE `time` BETWEEN 1541347200 AND 1541433599 AND `type` = 3 LIMIT 1   [ RunTime:0.0004s ]
NOTIC: [8] Use of undefined constant start_time - assumed 'start_time' E:\wamp\www\anti\Application\Admin\Controller\IndexController.class.php 第 54 行.
SQL: SELECT `money` FROM `red_money_record` WHERE `time` BETWEEN 1541433600 AND 1541519999 AND `moneytype` = 1  [ RunTime:0.0004s ]
SQL: SELECT COUNT(*) AS tp_count FROM `red_shop` WHERE `time` BETWEEN 1541433600 AND 1541519999 AND `type` = 1 LIMIT 1   [ RunTime:0.0004s ]
SQL: SELECT COUNT(*) AS tp_count FROM `red_shop` WHERE `time` BETWEEN 1541433600 AND 1541519999 AND `type` = 2 LIMIT 1   [ RunTime:0.0004s ]
SQL: SELECT COUNT(*) AS tp_count FROM `red_shop` WHERE `time` BETWEEN 1541433600 AND 1541519999 AND `type` = 3 LIMIT 1   [ RunTime:0.0004s ]
NOTIC: [8] Use of undefined constant start_time - assumed 'start_time' E:\wamp\www\anti\Application\Admin\Controller\IndexController.class.php 第 54 行.
SQL: SELECT `money` FROM `red_money_record` WHERE `time` BETWEEN 1541520000 AND 1541606399 AND `moneytype` = 1  [ RunTime:0.0004s ]
SQL: SELECT COUNT(*) AS tp_count FROM `red_shop` WHERE `time` BETWEEN 1541520000 AND 1541606399 AND `type` = 1 LIMIT 1   [ RunTime:0.0004s ]
SQL: SELECT COUNT(*) AS tp_count FROM `red_shop` WHERE `time` BETWEEN 1541520000 AND 1541606399 AND `type` = 2 LIMIT 1   [ RunTime:0.0004s ]
SQL: SELECT COUNT(*) AS tp_count FROM `red_shop` WHERE `time` BETWEEN 1541520000 AND 1541606399 AND `type` = 3 LIMIT 1   [ RunTime:0.0004s ]
NOTIC: [8] Use of undefined constant start_time - assumed 'start_time' E:\wamp\www\anti\Application\Admin\Controller\IndexController.class.php 第 54 行.
SQL: SELECT `money` FROM `red_money_record` WHERE `time` BETWEEN 1541606400 AND 1541692799 AND `moneytype` = 1  [ RunTime:0.0004s ]
SQL: SELECT COUNT(*) AS tp_count FROM `red_shop` WHERE `time` BETWEEN 1541606400 AND 1541692799 AND `type` = 1 LIMIT 1   [ RunTime:0.0004s ]
SQL: SELECT COUNT(*) AS tp_count FROM `red_shop` WHERE `time` BETWEEN 1541606400 AND 1541692799 AND `type` = 2 LIMIT 1   [ RunTime:0.0004s ]
SQL: SELECT COUNT(*) AS tp_count FROM `red_shop` WHERE `time` BETWEEN 1541606400 AND 1541692799 AND `type` = 3 LIMIT 1   [ RunTime:0.0004s ]
NOTIC: [8] Use of undefined constant start_time - assumed 'start_time' E:\wamp\www\anti\Application\Admin\Controller\IndexController.class.php 第 54 行.
SQL: SELECT `money` FROM `red_money_record` WHERE `time` BETWEEN 1541692800 AND 1541779199 AND `moneytype` = 1  [ RunTime:0.0004s ]
SQL: SELECT COUNT(*) AS tp_count FROM `red_shop` WHERE `time` BETWEEN 1541692800 AND 1541779199 AND `type` = 1 LIMIT 1   [ RunTime:0.0004s ]
SQL: SELECT COUNT(*) AS tp_count FROM `red_shop` WHERE `time` BETWEEN 1541692800 AND 1541779199 AND `type` = 2 LIMIT 1   [ RunTime:0.0004s ]
SQL: SELECT COUNT(*) AS tp_count FROM `red_shop` WHERE `time` BETWEEN 1541692800 AND 1541779199 AND `type` = 3 LIMIT 1   [ RunTime:0.0003s ]
NOTIC: [8] Use of undefined constant start_time - assumed 'start_time' E:\wamp\www\anti\Application\Admin\Controller\IndexController.class.php 第 54 行.

[ 2018-11-09T11:40:04+08:00 ] 127.0.0.1 /index.php/Admin/Index/charts
ERR: Cron:cron Runat 2018-11-09 11:40:04 Use 0.205398 s

[ 2018-11-09T11:40:04+08:00 ] 127.0.0.1 /index.php/Admin/Index/charts
INFO: [ app_init ] --START--
INFO: Run Behavior\BuildLiteBehavior [ RunTime:0.000039s ]
INFO: [ app_init ] --END-- [ RunTime:0.001557s ]
INFO: [ app_begin ] --START--
INFO: Run Behavior\ReadHtmlCacheBehavior [ RunTime:0.002273s ]
SQL: SHOW COLUMNS FROM `red_indent` [ RunTime:0.0812s ]
SQL: SELECT * FROM `red_indent` WHERE `status` = 2  [ RunTime:0.0004s ]
INFO: Run Behavior\CronRunBehavior [ RunTime:0.258026s ]
INFO: [ app_begin ] --END-- [ RunTime:0.260538s ]
SQL: SHOW COLUMNS FROM `red_money_record` [ RunTime:0.0457s ]
SQL: SELECT `money` FROM `red_money_record` WHERE `time` BETWEEN 1541088000 AND 1541174399 AND `moneytype` = 1  [ RunTime:0.1220s ]
SQL: SHOW COLUMNS FROM `red_shop` [ RunTime:0.0952s ]
SQL: SELECT COUNT(*) AS tp_count FROM `red_shop` WHERE `time` BETWEEN 1541088000 AND 1541174399 AND `type` = 1 LIMIT 1   [ RunTime:0.0154s ]
SQL: SELECT COUNT(*) AS tp_count FROM `red_shop` WHERE `time` BETWEEN 1541088000 AND 1541174399 AND `type` = 2 LIMIT 1   [ RunTime:0.0004s ]
SQL: SELECT COUNT(*) AS tp_count FROM `red_shop` WHERE `time` BETWEEN 1541088000 AND 1541174399 AND `type` = 3 LIMIT 1   [ RunTime:0.0024s ]
NOTIC: [8] Use of undefined constant start_time - assumed 'start_time' E:\wamp\www\anti\Application\Admin\Controller\IndexController.class.php 第 54 行.
SQL: SELECT `money` FROM `red_money_record` WHERE `time` BETWEEN 1541174400 AND 1541260799 AND `moneytype` = 1  [ RunTime:0.0005s ]
SQL: SELECT COUNT(*) AS tp_count FROM `red_shop` WHERE `time` BETWEEN 1541174400 AND 1541260799 AND `type` = 1 LIMIT 1   [ RunTime:0.0005s ]
SQL: SELECT COUNT(*) AS tp_count FROM `red_shop` WHERE `time` BETWEEN 1541174400 AND 1541260799 AND `type` = 2 LIMIT 1   [ RunTime:0.0005s ]
SQL: SELECT COUNT(*) AS tp_count FROM `red_shop` WHERE `time` BETWEEN 1541174400 AND 1541260799 AND `type` = 3 LIMIT 1   [ RunTime:0.0005s ]
NOTIC: [8] Use of undefined constant start_time - assumed 'start_time' E:\wamp\www\anti\Application\Admin\Controller\IndexController.class.php 第 54 行.
SQL: SELECT `money` FROM `red_money_record` WHERE `time` BETWEEN 1541260800 AND 1541347199 AND `moneytype` = 1  [ RunTime:0.0005s ]
SQL: SELECT COUNT(*) AS tp_count FROM `red_shop` WHERE `time` BETWEEN 1541260800 AND 1541347199 AND `type` = 1 LIMIT 1   [ RunTime:0.0006s ]
SQL: SELECT COUNT(*) AS tp_count FROM `red_shop` WHERE `time` BETWEEN 1541260800 AND 1541347199 AND `type` = 2 LIMIT 1   [ RunTime:0.0006s ]
SQL: SELECT COUNT(*) AS tp_count FROM `red_shop` WHERE `time` BETWEEN 1541260800 AND 1541347199 AND `type` = 3 LIMIT 1   [ RunTime:0.0004s ]
NOTIC: [8] Use of undefined constant start_time - assumed 'start_time' E:\wamp\www\anti\Application\Admin\Controller\IndexController.class.php 第 54 行.
SQL: SELECT `money` FROM `red_money_record` WHERE `time` BETWEEN 1541347200 AND 1541433599 AND `moneytype` = 1  [ RunTime:0.0005s ]
SQL: SELECT COUNT(*) AS tp_count FROM `red_shop` WHERE `time` BETWEEN 1541347200 AND 1541433599 AND `type` = 1 LIMIT 1   [ RunTime:0.0004s ]
SQL: SELECT COUNT(*) AS tp_count FROM `red_shop` WHERE `time` BETWEEN 1541347200 AND 1541433599 AND `type` = 2 LIMIT 1   [ RunTime:0.0004s ]
SQL: SELECT COUNT(*) AS tp_count FROM `red_shop` WHERE `time` BETWEEN 1541347200 AND 1541433599 AND `type` = 3 LIMIT 1   [ RunTime:0.0005s ]
NOTIC: [8] Use of undefined constant start_time - assumed 'start_time' E:\wamp\www\anti\Application\Admin\Controller\IndexController.class.php 第 54 行.
SQL: SELECT `money` FROM `red_money_record` WHERE `time` BETWEEN 1541433600 AND 1541519999 AND `moneytype` = 1  [ RunTime:0.0008s ]
SQL: SELECT COUNT(*) AS tp_count FROM `red_shop` WHERE `time` BETWEEN 1541433600 AND 1541519999 AND `type` = 1 LIMIT 1   [ RunTime:0.0009s ]
SQL: SELECT COUNT(*) AS tp_count FROM `red_shop` WHERE `time` BETWEEN 1541433600 AND 1541519999 AND `type` = 2 LIMIT 1   [ RunTime:0.0005s ]
SQL: SELECT COUNT(*) AS tp_count FROM `red_shop` WHERE `time` BETWEEN 1541433600 AND 1541519999 AND `type` = 3 LIMIT 1   [ RunTime:0.0004s ]
NOTIC: [8] Use of undefined constant start_time - assumed 'start_time' E:\wamp\www\anti\Application\Admin\Controller\IndexController.class.php 第 54 行.
SQL: SELECT `money` FROM `red_money_record` WHERE `time` BETWEEN 1541520000 AND 1541606399 AND `moneytype` = 1  [ RunTime:0.0003s ]
SQL: SELECT COUNT(*) AS tp_count FROM `red_shop` WHERE `time` BETWEEN 1541520000 AND 1541606399 AND `type` = 1 LIMIT 1   [ RunTime:0.0003s ]
SQL: SELECT COUNT(*) AS tp_count FROM `red_shop` WHERE `time` BETWEEN 1541520000 AND 1541606399 AND `type` = 2 LIMIT 1   [ RunTime:0.0009s ]
SQL: SELECT COUNT(*) AS tp_count FROM `red_shop` WHERE `time` BETWEEN 1541520000 AND 1541606399 AND `type` = 3 LIMIT 1   [ RunTime:0.0006s ]
NOTIC: [8] Use of undefined constant start_time - assumed 'start_time' E:\wamp\www\anti\Application\Admin\Controller\IndexController.class.php 第 54 行.
SQL: SELECT `money` FROM `red_money_record` WHERE `time` BETWEEN 1541606400 AND 1541692799 AND `moneytype` = 1  [ RunTime:0.0011s ]
SQL: SELECT COUNT(*) AS tp_count FROM `red_shop` WHERE `time` BETWEEN 1541606400 AND 1541692799 AND `type` = 1 LIMIT 1   [ RunTime:0.0004s ]
SQL: SELECT COUNT(*) AS tp_count FROM `red_shop` WHERE `time` BETWEEN 1541606400 AND 1541692799 AND `type` = 2 LIMIT 1   [ RunTime:0.0004s ]
SQL: SELECT COUNT(*) AS tp_count FROM `red_shop` WHERE `time` BETWEEN 1541606400 AND 1541692799 AND `type` = 3 LIMIT 1   [ RunTime:0.0004s ]
NOTIC: [8] Use of undefined constant start_time - assumed 'start_time' E:\wamp\www\anti\Application\Admin\Controller\IndexController.class.php 第 54 行.
SQL: SELECT `money` FROM `red_money_record` WHERE `time` BETWEEN 1541692800 AND 1541779199 AND `moneytype` = 1  [ RunTime:0.0003s ]
SQL: SELECT COUNT(*) AS tp_count FROM `red_shop` WHERE `time` BETWEEN 1541692800 AND 1541779199 AND `type` = 1 LIMIT 1   [ RunTime:0.0013s ]
SQL: SELECT COUNT(*) AS tp_count FROM `red_shop` WHERE `time` BETWEEN 1541692800 AND 1541779199 AND `type` = 2 LIMIT 1   [ RunTime:0.0014s ]
SQL: SELECT COUNT(*) AS tp_count FROM `red_shop` WHERE `time` BETWEEN 1541692800 AND 1541779199 AND `type` = 3 LIMIT 1   [ RunTime:0.0003s ]
NOTIC: [8] Use of undefined constant start_time - assumed 'start_time' E:\wamp\www\anti\Application\Admin\Controller\IndexController.class.php 第 54 行.

[ 2018-11-09T15:36:13+08:00 ] 127.0.0.1 /index.php/Admin/index/index
ERR: Cron:cron Runat 2018-11-09 15:36:13 Use 0.079687 s

[ 2018-11-09T15:36:13+08:00 ] 127.0.0.1 /index.php/Admin/index/index
INFO: [ app_init ] --START--
INFO: Run Behavior\BuildLiteBehavior [ RunTime:0.000032s ]
INFO: [ app_init ] --END-- [ RunTime:0.001057s ]
INFO: [ app_begin ] --START--
INFO: Run Behavior\ReadHtmlCacheBehavior [ RunTime:0.001227s ]
SQL: SHOW COLUMNS FROM `red_indent` [ RunTime:0.0562s ]
SQL: SELECT * FROM `red_indent` WHERE `status` = 2  [ RunTime:0.0011s ]
INFO: Run Behavior\CronRunBehavior [ RunTime:0.180102s ]
INFO: [ app_begin ] --END-- [ RunTime:0.181581s ]
SQL: SHOW COLUMNS FROM `red_shop` [ RunTime:0.0321s ]
SQL: SELECT COUNT(*) AS tp_count FROM `red_shop` WHERE `type` = 1 LIMIT 1   [ RunTime:0.0004s ]
SQL: SELECT COUNT(*) AS tp_count FROM `red_shop` WHERE `type` = 2 LIMIT 1   [ RunTime:0.0251s ]
SQL: SELECT COUNT(*) AS tp_count FROM `red_shop` WHERE `type` = 3 LIMIT 1   [ RunTime:0.0003s ]
SQL: SHOW COLUMNS FROM `red_money_record` [ RunTime:0.0518s ]
SQL: SELECT `money` FROM `red_money_record` WHERE `moneytype` = 1  [ RunTime:0.0282s ]
INFO: [ view_parse ] --START--
INFO: [ template_filter ] --START--
INFO: Run Behavior\ContentReplaceBehavior [ RunTime:0.000201s ]
INFO: [ template_filter ] --END-- [ RunTime:0.000344s ]
INFO: Run Behavior\ParseTemplateBehavior [ RunTime:0.227812s ]
INFO: [ view_parse ] --END-- [ RunTime:0.227966s ]
INFO: [ view_filter ] --START--
INFO: Run Behavior\WriteHtmlCacheBehavior [ RunTime:0.002508s ]
INFO: [ view_filter ] --END-- [ RunTime:0.002640s ]
INFO: [ app_end ] --START--
INFO: Run Behavior\ShowPageTraceBehavior [ RunTime:0.002116s ]
INFO: [ app_end ] --END-- [ RunTime:0.002247s ]

[ 2018-11-09T15:36:15+08:00 ] 127.0.0.1 /index.php/Admin/Index/charts
INFO: [ app_init ] --START--
INFO: Run Behavior\BuildLiteBehavior [ RunTime:0.000035s ]
INFO: [ app_init ] --END-- [ RunTime:0.001323s ]
INFO: [ app_begin ] --START--
INFO: Run Behavior\ReadHtmlCacheBehavior [ RunTime:0.001643s ]
INFO: Run Behavior\CronRunBehavior [ RunTime:0.013316s ]
INFO: [ app_begin ] --END-- [ RunTime:0.015186s ]
SQL: SHOW COLUMNS FROM `red_money_record` [ RunTime:0.0878s ]
SQL: SELECT `money` FROM `red_money_record` WHERE `time` BETWEEN 1541088000 AND 1541174399 AND `moneytype` = 1  [ RunTime:0.1887s ]
SQL: SHOW COLUMNS FROM `red_shop` [ RunTime:0.0396s ]
SQL: SELECT COUNT(*) AS tp_count FROM `red_shop` WHERE `time` BETWEEN 1541088000 AND 1541174399 AND `type` = 1 LIMIT 1   [ RunTime:0.0004s ]
SQL: SELECT COUNT(*) AS tp_count FROM `red_shop` WHERE `time` BETWEEN 1541088000 AND 1541174399 AND `type` = 2 LIMIT 1   [ RunTime:0.0003s ]
SQL: SELECT COUNT(*) AS tp_count FROM `red_shop` WHERE `time` BETWEEN 1541088000 AND 1541174399 AND `type` = 3 LIMIT 1   [ RunTime:0.0004s ]
NOTIC: [8] Use of undefined constant start_time - assumed 'start_time' E:\wamp\www\anti\Application\Admin\Controller\IndexController.class.php 第 54 行.
SQL: SELECT `money` FROM `red_money_record` WHERE `time` BETWEEN 1541174400 AND 1541260799 AND `moneytype` = 1  [ RunTime:0.0003s ]
SQL: SELECT COUNT(*) AS tp_count FROM `red_shop` WHERE `time` BETWEEN 1541174400 AND 1541260799 AND `type` = 1 LIMIT 1   [ RunTime:0.0003s ]
SQL: SELECT COUNT(*) AS tp_count FROM `red_shop` WHERE `time` BETWEEN 1541174400 AND 1541260799 AND `type` = 2 LIMIT 1   [ RunTime:0.0003s ]
SQL: SELECT COUNT(*) AS tp_count FROM `red_shop` WHERE `time` BETWEEN 1541174400 AND 1541260799 AND `type` = 3 LIMIT 1   [ RunTime:0.0002s ]
NOTIC: [8] Use of undefined constant start_time - assumed 'start_time' E:\wamp\www\anti\Application\Admin\Controller\IndexController.class.php 第 54 行.
SQL: SELECT `money` FROM `red_money_record` WHERE `time` BETWEEN 1541260800 AND 1541347199 AND `moneytype` = 1  [ RunTime:0.0003s ]
SQL: SELECT COUNT(*) AS tp_count FROM `red_shop` WHERE `time` BETWEEN 1541260800 AND 1541347199 AND `type` = 1 LIMIT 1   [ RunTime:0.0003s ]
SQL: SELECT COUNT(*) AS tp_count FROM `red_shop` WHERE `time` BETWEEN 1541260800 AND 1541347199 AND `type` = 2 LIMIT 1   [ RunTime:0.0004s ]
SQL: SELECT COUNT(*) AS tp_count FROM `red_shop` WHERE `time` BETWEEN 1541260800 AND 1541347199 AND `type` = 3 LIMIT 1   [ RunTime:0.0004s ]
NOTIC: [8] Use of undefined constant start_time - assumed 'start_time' E:\wamp\www\anti\Application\Admin\Controller\IndexController.class.php 第 54 行.
SQL: SELECT `money` FROM `red_money_record` WHERE `time` BETWEEN 1541347200 AND 1541433599 AND `moneytype` = 1  [ RunTime:0.0003s ]
SQL: SELECT COUNT(*) AS tp_count FROM `red_shop` WHERE `time` BETWEEN 1541347200 AND 1541433599 AND `type` = 1 LIMIT 1   [ RunTime:0.0003s ]
SQL: SELECT COUNT(*) AS tp_count FROM `red_shop` WHERE `time` BETWEEN 1541347200 AND 1541433599 AND `type` = 2 LIMIT 1   [ RunTime:0.0006s ]
SQL: SELECT COUNT(*) AS tp_count FROM `red_shop` WHERE `time` BETWEEN 1541347200 AND 1541433599 AND `type` = 3 LIMIT 1   [ RunTime:0.0004s ]
NOTIC: [8] Use of undefined constant start_time - assumed 'start_time' E:\wamp\www\anti\Application\Admin\Controller\IndexController.class.php 第 54 行.
SQL: SELECT `money` FROM `red_money_record` WHERE `time` BETWEEN 1541433600 AND 1541519999 AND `moneytype` = 1  [ RunTime:0.0005s ]
SQL: SELECT COUNT(*) AS tp_count FROM `red_shop` WHERE `time` BETWEEN 1541433600 AND 1541519999 AND `type` = 1 LIMIT 1   [ RunTime:0.0003s ]
SQL: SELECT COUNT(*) AS tp_count FROM `red_shop` WHERE `time` BETWEEN 1541433600 AND 1541519999 AND `type` = 2 LIMIT 1   [ RunTime:0.0003s ]
SQL: SELECT COUNT(*) AS tp_count FROM `red_shop` WHERE `time` BETWEEN 1541433600 AND 1541519999 AND `type` = 3 LIMIT 1   [ RunTime:0.0003s ]
NOTIC: [8] Use of undefined constant start_time - assumed 'start_time' E:\wamp\www\anti\Application\Admin\Controller\IndexController.class.php 第 54 行.
SQL: SELECT `money` FROM `red_money_record` WHERE `time` BETWEEN 1541520000 AND 1541606399 AND `moneytype` = 1  [ RunTime:0.0003s ]
SQL: SELECT COUNT(*) AS tp_count FROM `red_shop` WHERE `time` BETWEEN 1541520000 AND 1541606399 AND `type` = 1 LIMIT 1   [ RunTime:0.0006s ]
SQL: SELECT COUNT(*) AS tp_count FROM `red_shop` WHERE `time` BETWEEN 1541520000 AND 1541606399 AND `type` = 2 LIMIT 1   [ RunTime:0.0004s ]
SQL: SELECT COUNT(*) AS tp_count FROM `red_shop` WHERE `time` BETWEEN 1541520000 AND 1541606399 AND `type` = 3 LIMIT 1   [ RunTime:0.0003s ]
NOTIC: [8] Use of undefined constant start_time - assumed 'start_time' E:\wamp\www\anti\Application\Admin\Controller\IndexController.class.php 第 54 行.
SQL: SELECT `money` FROM `red_money_record` WHERE `time` BETWEEN 1541606400 AND 1541692799 AND `moneytype` = 1  [ RunTime:0.0003s ]
SQL: SELECT COUNT(*) AS tp_count FROM `red_shop` WHERE `time` BETWEEN 1541606400 AND 1541692799 AND `type` = 1 LIMIT 1   [ RunTime:0.0003s ]
SQL: SELECT COUNT(*) AS tp_count FROM `red_shop` WHERE `time` BETWEEN 1541606400 AND 1541692799 AND `type` = 2 LIMIT 1   [ RunTime:0.0003s ]
SQL: SELECT COUNT(*) AS tp_count FROM `red_shop` WHERE `time` BETWEEN 1541606400 AND 1541692799 AND `type` = 3 LIMIT 1   [ RunTime:0.0003s ]
NOTIC: [8] Use of undefined constant start_time - assumed 'start_time' E:\wamp\www\anti\Application\Admin\Controller\IndexController.class.php 第 54 行.
SQL: SELECT `money` FROM `red_money_record` WHERE `time` BETWEEN 1541692800 AND 1541779199 AND `moneytype` = 1  [ RunTime:0.0003s ]
SQL: SELECT COUNT(*) AS tp_count FROM `red_shop` WHERE `time` BETWEEN 1541692800 AND 1541779199 AND `type` = 1 LIMIT 1   [ RunTime:0.0003s ]
SQL: SELECT COUNT(*) AS tp_count FROM `red_shop` WHERE `time` BETWEEN 1541692800 AND 1541779199 AND `type` = 2 LIMIT 1   [ RunTime:0.0003s ]
SQL: SELECT COUNT(*) AS tp_count FROM `red_shop` WHERE `time` BETWEEN 1541692800 AND 1541779199 AND `type` = 3 LIMIT 1   [ RunTime:0.0005s ]
NOTIC: [8] Use of undefined constant start_time - assumed 'start_time' E:\wamp\www\anti\Application\Admin\Controller\IndexController.class.php 第 54 行.

[ 2018-11-09T15:36:25+08:00 ] 127.0.0.1 /index.php/Admin/code/index
ERR: Cron:cron Runat 2018-11-09 15:36:25 Use 0.057119 s

[ 2018-11-09T15:36:25+08:00 ] 127.0.0.1 /index.php/Admin/code/index
INFO: [ app_init ] --START--
INFO: Run Behavior\BuildLiteBehavior [ RunTime:0.000031s ]
INFO: [ app_init ] --END-- [ RunTime:0.000884s ]
INFO: [ app_begin ] --START--
INFO: Run Behavior\ReadHtmlCacheBehavior [ RunTime:0.001280s ]
SQL: SHOW COLUMNS FROM `red_indent` [ RunTime:0.0417s ]
SQL: SELECT * FROM `red_indent` WHERE `status` = 2  [ RunTime:0.0004s ]
INFO: Run Behavior\CronRunBehavior [ RunTime:0.075598s ]
INFO: [ app_begin ] --END-- [ RunTime:0.077115s ]
SQL: SHOW COLUMNS FROM `red_code` [ RunTime:0.0472s ]
SQL: SELECT `id`,`number` FROM `red_code` ORDER BY id desc LIMIT 1   [ RunTime:0.0003s ]
SQL: SHOW COLUMNS FROM `red_code_num` [ RunTime:0.0371s ]
SQL: SELECT COUNT(*) AS tp_count FROM `red_code_num` LIMIT 1   [ RunTime:0.0003s ]
NOTIC: [8] Undefined index: p E:\wamp\www\anti\Application\Admin\Controller\CodeController.class.php 第 19 行.
SQL: SELECT * FROM `red_code_num` ORDER BY id desc LIMIT 0,25   [ RunTime:0.0140s ]
INFO: [ view_parse ] --START--
INFO: [ template_filter ] --START--
INFO: Run Behavior\ContentReplaceBehavior [ RunTime:0.000227s ]
INFO: [ template_filter ] --END-- [ RunTime:0.000358s ]
NOTIC: [8] Undefined variable: vo E:\wamp\www\anti\Application\Runtime\Cache\Admin\e4115922dbeab584d8de8ec3503939dc.php 第 541 行.
NOTIC: [8] Use of undefined constant id - assumed 'id' E:\wamp\www\anti\Application\Runtime\Cache\Admin\e4115922dbeab584d8de8ec3503939dc.php 第 582 行.
SQL: SELECT COUNT(*) AS tp_count FROM `red_code` WHERE `code_num_id` = 5 LIMIT 1   [ RunTime:0.0004s ]
SQL: SHOW COLUMNS FROM `red_shop` [ RunTime:0.0526s ]
SQL: SELECT `name` FROM `red_shop` WHERE `id` = 1 LIMIT 1   [ RunTime:0.0005s ]
SQL: SHOW COLUMNS FROM `red_activity` [ RunTime:0.0352s ]
SQL: SELECT `act_name` FROM `red_activity` WHERE `id` = 11 LIMIT 1   [ RunTime:0.0003s ]
NOTIC: [8] Undefined index: status E:\wamp\www\anti\Application\Runtime\Cache\Admin\e4115922dbeab584d8de8ec3503939dc.php 第 606 行.
NOTIC: [8] Use of undefined constant id - assumed 'id' E:\wamp\www\anti\Application\Runtime\Cache\Admin\e4115922dbeab584d8de8ec3503939dc.php 第 582 行.
SQL: SELECT COUNT(*) AS tp_count FROM `red_code` WHERE `code_num_id` = 4 LIMIT 1   [ RunTime:0.0003s ]
SQL: SELECT `name` FROM `red_shop` WHERE `id` = 1 LIMIT 1   [ RunTime:0.0003s ]
NOTIC: [8] Undefined index: status E:\wamp\www\anti\Application\Runtime\Cache\Admin\e4115922dbeab584d8de8ec3503939dc.php 第 606 行.
NOTIC: [8] Use of undefined constant id - assumed 'id' E:\wamp\www\anti\Application\Runtime\Cache\Admin\e4115922dbeab584d8de8ec3503939dc.php 第 582 行.
SQL: SELECT COUNT(*) AS tp_count FROM `red_code` WHERE `code_num_id` = 3 LIMIT 1   [ RunTime:0.0002s ]
SQL: SELECT `name` FROM `red_shop` WHERE `id` = 1 LIMIT 1   [ RunTime:0.0002s ]
NOTIC: [8] Undefined index: status E:\wamp\www\anti\Application\Runtime\Cache\Admin\e4115922dbeab584d8de8ec3503939dc.php 第 606 行.
NOTIC: [8] Use of undefined constant id - assumed 'id' E:\wamp\www\anti\Application\Runtime\Cache\Admin\e4115922dbeab584d8de8ec3503939dc.php 第 582 行.
SQL: SELECT COUNT(*) AS tp_count FROM `red_code` WHERE `code_num_id` = 2 LIMIT 1   [ RunTime:0.0004s ]
NOTIC: [8] Undefined index: status E:\wamp\www\anti\Application\Runtime\Cache\Admin\e4115922dbeab584d8de8ec3503939dc.php 第 606 行.
SQL: SELECT COUNT(*) AS tp_count FROM `red_code` WHERE `code_num_id` = 5 LIMIT 1   [ RunTime:0.0010s ]
SQL: SELECT COUNT(*) AS tp_count FROM `red_code` WHERE `code_num_id` = 4 LIMIT 1   [ RunTime:0.0004s ]
SQL: SELECT COUNT(*) AS tp_count FROM `red_code` WHERE `code_num_id` = 3 LIMIT 1   [ RunTime:0.0004s ]
SQL: SELECT COUNT(*) AS tp_count FROM `red_code` WHERE `code_num_id` = 2 LIMIT 1   [ RunTime:0.0003s ]
INFO: Run Behavior\ParseTemplateBehavior [ RunTime:0.207120s ]
INFO: [ view_parse ] --END-- [ RunTime:0.207251s ]
INFO: [ view_filter ] --START--
INFO: Run Behavior\WriteHtmlCacheBehavior [ RunTime:0.001521s ]
INFO: [ view_filter ] --END-- [ RunTime:0.001664s ]
INFO: [ app_end ] --START--
INFO: Run Behavior\ShowPageTraceBehavior [ RunTime:0.001982s ]
INFO: [ app_end ] --END-- [ RunTime:0.002136s ]

[ 2018-11-09T15:36:36+08:00 ] 127.0.0.1 /index.php/Admin/code/index
ERR: Cron:cron Runat 2018-11-09 15:36:36 Use 0.084727 s

[ 2018-11-09T15:36:37+08:00 ] 127.0.0.1 /index.php/Admin/code/index
INFO: [ app_init ] --START--
INFO: Run Behavior\BuildLiteBehavior [ RunTime:0.000031s ]
INFO: [ app_init ] --END-- [ RunTime:0.000917s ]
INFO: [ app_begin ] --START--
INFO: Run Behavior\ReadHtmlCacheBehavior [ RunTime:0.007391s ]
SQL: SHOW COLUMNS FROM `red_indent` [ RunTime:0.0635s ]
SQL: SELECT * FROM `red_indent` WHERE `status` = 2  [ RunTime:0.0009s ]
INFO: Run Behavior\CronRunBehavior [ RunTime:0.107885s ]
INFO: [ app_begin ] --END-- [ RunTime:0.115575s ]
SQL: SHOW COLUMNS FROM `red_code` [ RunTime:0.0573s ]
SQL: SELECT `id`,`number` FROM `red_code` ORDER BY id desc LIMIT 1   [ RunTime:0.0004s ]
SQL: SHOW COLUMNS FROM `red_code_num` [ RunTime:0.0483s ]
SQL: SELECT COUNT(*) AS tp_count FROM `red_code_num` LIMIT 1   [ RunTime:0.0004s ]
NOTIC: [8] Undefined index: p E:\wamp\www\anti\Application\Admin\Controller\CodeController.class.php 第 19 行.
SQL: SELECT * FROM `red_code_num` ORDER BY id desc LIMIT 0,25   [ RunTime:0.0466s ]
INFO: [ view_parse ] --START--
INFO: [ template_filter ] --START--
INFO: Run Behavior\ContentReplaceBehavior [ RunTime:0.000231s ]
INFO: [ template_filter ] --END-- [ RunTime:0.000379s ]
NOTIC: [8] Undefined variable: vo E:\wamp\www\anti\Application\Runtime\Cache\Admin\e4115922dbeab584d8de8ec3503939dc.php 第 541 行.
NOTIC: [8] Use of undefined constant id - assumed 'id' E:\wamp\www\anti\Application\Runtime\Cache\Admin\e4115922dbeab584d8de8ec3503939dc.php 第 582 行.
SQL: SELECT COUNT(*) AS tp_count FROM `red_code` WHERE `code_num_id` = 5 LIMIT 1   [ RunTime:0.0005s ]
SQL: SHOW COLUMNS FROM `red_shop` [ RunTime:0.0406s ]
SQL: SELECT `name` FROM `red_shop` WHERE `id` = 1 LIMIT 1   [ RunTime:0.0004s ]
SQL: SHOW COLUMNS FROM `red_activity` [ RunTime:0.0602s ]
SQL: SELECT `act_name` FROM `red_activity` WHERE `id` = 11 LIMIT 1   [ RunTime:0.0004s ]
NOTIC: [8] Undefined index: status E:\wamp\www\anti\Application\Runtime\Cache\Admin\e4115922dbeab584d8de8ec3503939dc.php 第 606 行.
NOTIC: [8] Use of undefined constant id - assumed 'id' E:\wamp\www\anti\Application\Runtime\Cache\Admin\e4115922dbeab584d8de8ec3503939dc.php 第 582 行.
SQL: SELECT COUNT(*) AS tp_count FROM `red_code` WHERE `code_num_id` = 4 LIMIT 1   [ RunTime:0.0005s ]
SQL: SELECT `name` FROM `red_shop` WHERE `id` = 1 LIMIT 1   [ RunTime:0.0005s ]
NOTIC: [8] Undefined index: status E:\wamp\www\anti\Application\Runtime\Cache\Admin\e4115922dbeab584d8de8ec3503939dc.php 第 606 行.
NOTIC: [8] Use of undefined constant id - assumed 'id' E:\wamp\www\anti\Application\Runtime\Cache\Admin\e4115922dbeab584d8de8ec3503939dc.php 第 582 行.
SQL: SELECT COUNT(*) AS tp_count FROM `red_code` WHERE `code_num_id` = 3 LIMIT 1   [ RunTime:0.0003s ]
SQL: SELECT `name` FROM `red_shop` WHERE `id` = 1 LIMIT 1   [ RunTime:0.0003s ]
NOTIC: [8] Undefined index: status E:\wamp\www\anti\Application\Runtime\Cache\Admin\e4115922dbeab584d8de8ec3503939dc.php 第 606 行.
NOTIC: [8] Use of undefined constant id - assumed 'id' E:\wamp\www\anti\Application\Runtime\Cache\Admin\e4115922dbeab584d8de8ec3503939dc.php 第 582 行.
SQL: SELECT COUNT(*) AS tp_count FROM `red_code` WHERE `code_num_id` = 2 LIMIT 1   [ RunTime:0.0003s ]
NOTIC: [8] Undefined index: status E:\wamp\www\anti\Application\Runtime\Cache\Admin\e4115922dbeab584d8de8ec3503939dc.php 第 606 行.
SQL: SELECT COUNT(*) AS tp_count FROM `red_code` WHERE `code_num_id` = 5 LIMIT 1   [ RunTime:0.0003s ]
SQL: SELECT COUNT(*) AS tp_count FROM `red_code` WHERE `code_num_id` = 4 LIMIT 1   [ RunTime:0.0004s ]
SQL: SELECT COUNT(*) AS tp_count FROM `red_code` WHERE `code_num_id` = 3 LIMIT 1   [ RunTime:0.0006s ]
SQL: SELECT COUNT(*) AS tp_count FROM `red_code` WHERE `code_num_id` = 2 LIMIT 1   [ RunTime:0.0007s ]
INFO: Run Behavior\ParseTemplateBehavior [ RunTime:0.159680s ]
INFO: [ view_parse ] --END-- [ RunTime:0.159891s ]
INFO: [ view_filter ] --START--
INFO: Run Behavior\WriteHtmlCacheBehavior [ RunTime:0.001386s ]
INFO: [ view_filter ] --END-- [ RunTime:0.001536s ]
INFO: [ app_end ] --START--
INFO: Run Behavior\ShowPageTraceBehavior [ RunTime:0.001247s ]
INFO: [ app_end ] --END-- [ RunTime:0.001397s ]

[ 2018-11-09T15:37:29+08:00 ] 127.0.0.1 /index.php/Admin/Code/add
ERR: Cron:cron Runat 2018-11-09 15:37:29 Use 0.096891 s

[ 2018-11-09T15:37:33+08:00 ] 127.0.0.1 /index.php/Admin/Code/add
INFO: [ app_init ] --START--
INFO: Run Behavior\BuildLiteBehavior [ RunTime:0.000033s ]
INFO: [ app_init ] --END-- [ RunTime:0.001340s ]
INFO: [ app_begin ] --START--
INFO: Run Behavior\ReadHtmlCacheBehavior [ RunTime:0.002136s ]
SQL: SHOW COLUMNS FROM `red_indent` [ RunTime:0.0661s ]
SQL: SELECT * FROM `red_indent` WHERE `status` = 2  [ RunTime:0.0011s ]
INFO: Run Behavior\CronRunBehavior [ RunTime:0.139394s ]
INFO: [ app_begin ] --END-- [ RunTime:0.141744s ]
SQL: SHOW COLUMNS FROM `red_code_num` [ RunTime:0.0453s ]
SQL: INSERT INTO `red_code_num` (`code_number`,`pici`,`time`) VALUES ('00002--0000101','1541749049','1541749049') [ RunTime:0.2157s ]
SQL: SHOW COLUMNS FROM `red_code` [ RunTime:0.0612s ]
SQL: INSERT INTO `red_code` (`number`,`pici`,`code_num_id`,`code_sn`) VALUES ('00002','1541749049','6','eMU6') [ RunTime:0.0782s ]
SQL: INSERT INTO `red_code` (`number`,`pici`,`code_num_id`,`code_sn`) VALUES ('00003','1541749049','6','BjCM') [ RunTime:0.0276s ]
SQL: INSERT INTO `red_code` (`number`,`pici`,`code_num_id`,`code_sn`) VALUES ('00004','1541749049','6','2alf') [ RunTime:0.0162s ]
SQL: INSERT INTO `red_code` (`number`,`pici`,`code_num_id`,`code_sn`) VALUES ('00005','1541749049','6','gEwA') [ RunTime:0.0245s ]
SQL: INSERT INTO `red_code` (`number`,`pici`,`code_num_id`,`code_sn`) VALUES ('00006','1541749049','6','wD8p') [ RunTime:0.0162s ]
SQL: INSERT INTO `red_code` (`number`,`pici`,`code_num_id`,`code_sn`) VALUES ('00007','1541749049','6','urFO') [ RunTime:0.0244s ]
SQL: INSERT INTO `red_code` (`number`,`pici`,`code_num_id`,`code_sn`) VALUES ('00008','1541749049','6','qW3m') [ RunTime:0.0162s ]
SQL: INSERT INTO `red_code` (`number`,`pici`,`code_num_id`,`code_sn`) VALUES ('00009','1541749049','6','1rNa') [ RunTime:0.0412s ]
SQL: INSERT INTO `red_code` (`number`,`pici`,`code_num_id`,`code_sn`) VALUES ('000010','1541749049','6','wPQP') [ RunTime:0.0162s ]
SQL: INSERT INTO `red_code` (`number`,`pici`,`code_num_id`,`code_sn`) VALUES ('000011','1541749049','6','CpFq') [ RunTime:0.0162s ]
SQL: INSERT INTO `red_code` (`number`,`pici`,`code_num_id`,`code_sn`) VALUES ('000012','1541749049','6','x3ez') [ RunTime:0.0162s ]
SQL: INSERT INTO `red_code` (`number`,`pici`,`code_num_id`,`code_sn`) VALUES ('000013','1541749049','6','051k') [ RunTime:0.0163s ]
SQL: INSERT INTO `red_code` (`number`,`pici`,`code_num_id`,`code_sn`) VALUES ('000014','1541749049','6','em0k') [ RunTime:0.0326s ]
SQL: INSERT INTO `red_code` (`number`,`pici`,`code_num_id`,`code_sn`) VALUES ('000015','1541749049','6','WeDE') [ RunTime:0.0410s ]
SQL: INSERT INTO `red_code` (`number`,`pici`,`code_num_id`,`code_sn`) VALUES ('000016','1541749049','6','mwTR') [ RunTime:0.0329s ]
SQL: INSERT INTO `red_code` (`number`,`pici`,`code_num_id`,`code_sn`) VALUES ('000017','1541749049','6','cze6') [ RunTime:0.0245s ]
SQL: INSERT INTO `red_code` (`number`,`pici`,`code_num_id`,`code_sn`) VALUES ('000018','1541749049','6','FfDV') [ RunTime:0.0660s ]
SQL: INSERT INTO `red_code` (`number`,`pici`,`code_num_id`,`code_sn`) VALUES ('000019','1541749049','6','vSzs') [ RunTime:0.0410s ]
SQL: INSERT INTO `red_code` (`number`,`pici`,`code_num_id`,`code_sn`) VALUES ('000020','1541749049','6','Uk0g') [ RunTime:0.0916s ]
SQL: INSERT INTO `red_code` (`number`,`pici`,`code_num_id`,`code_sn`) VALUES ('000021','1541749049','6','BUps') [ RunTime:0.0578s ]
SQL: INSERT INTO `red_code` (`number`,`pici`,`code_num_id`,`code_sn`) VALUES ('000022','1541749049','6','PtKC') [ RunTime:0.0407s ]
SQL: INSERT INTO `red_code` (`number`,`pici`,`code_num_id`,`code_sn`) VALUES ('000023','1541749049','6','houR') [ RunTime:0.0161s ]
SQL: INSERT INTO `red_code` (`number`,`pici`,`code_num_id`,`code_sn`) VALUES ('000024','1541749049','6','atBK') [ RunTime:0.0161s ]
SQL: INSERT INTO `red_code` (`number`,`pici`,`code_num_id`,`code_sn`) VALUES ('000025','1541749049','6','f4yp') [ RunTime:0.0162s ]
SQL: INSERT INTO `red_code` (`number`,`pici`,`code_num_id`,`code_sn`) VALUES ('000026','1541749049','6','H3jp') [ RunTime:0.0411s ]
SQL: INSERT INTO `red_code` (`number`,`pici`,`code_num_id`,`code_sn`) VALUES ('000027','1541749049','6','gJmR') [ RunTime:0.0162s ]
SQL: INSERT INTO `red_code` (`number`,`pici`,`code_num_id`,`code_sn`) VALUES ('000028','1541749049','6','9XEl') [ RunTime:0.0277s ]
SQL: INSERT INTO `red_code` (`number`,`pici`,`code_num_id`,`code_sn`) VALUES ('000029','1541749049','6','56FX') [ RunTime:0.0212s ]
SQL: INSERT INTO `red_code` (`number`,`pici`,`code_num_id`,`code_sn`) VALUES ('000030','1541749049','6','iYmi') [ RunTime:0.0163s ]
SQL: INSERT INTO `red_code` (`number`,`pici`,`code_num_id`,`code_sn`) VALUES ('000031','1541749049','6','tVdr') [ RunTime:0.0161s ]
SQL: INSERT INTO `red_code` (`number`,`pici`,`code_num_id`,`code_sn`) VALUES ('000032','1541749049','6','RNb1') [ RunTime:0.0162s ]
SQL: INSERT INTO `red_code` (`number`,`pici`,`code_num_id`,`code_sn`) VALUES ('000033','1541749049','6','aXK5') [ RunTime:0.0436s ]
SQL: INSERT INTO `red_code` (`number`,`pici`,`code_num_id`,`code_sn`) VALUES ('000034','1541749049','6','BeSg') [ RunTime:0.0610s ]
SQL: INSERT INTO `red_code` (`number`,`pici`,`code_num_id`,`code_sn`) VALUES ('000035','1541749049','6','UX1D') [ RunTime:0.0188s ]
SQL: INSERT INTO `red_code` (`number`,`pici`,`code_num_id`,`code_sn`) VALUES ('000036','1541749049','6','hZbM') [ RunTime:0.0412s ]
SQL: INSERT INTO `red_code` (`number`,`pici`,`code_num_id`,`code_sn`) VALUES ('000037','1541749049','6','sFNP') [ RunTime:0.0412s ]
SQL: INSERT INTO `red_code` (`number`,`pici`,`code_num_id`,`code_sn`) VALUES ('000038','1541749049','6','DPRk') [ RunTime:0.0246s ]
SQL: INSERT INTO `red_code` (`number`,`pici`,`code_num_id`,`code_sn`) VALUES ('000039','1541749049','6','yPOp') [ RunTime:0.0160s ]
SQL: INSERT INTO `red_code` (`number`,`pici`,`code_num_id`,`code_sn`) VALUES ('000040','1541749049','6','qvEE') [ RunTime:0.0258s ]
SQL: INSERT INTO `red_code` (`number`,`pici`,`code_num_id`,`code_sn`) VALUES ('000041','1541749049','6','XdO9') [ RunTime:0.0820s ]
SQL: INSERT INTO `red_code` (`number`,`pici`,`code_num_id`,`code_sn`) VALUES ('000042','1541749049','6','oMiu') [ RunTime:0.0944s ]
SQL: INSERT INTO `red_code` (`number`,`pici`,`code_num_id`,`code_sn`) VALUES ('000043','1541749049','6','qyzM') [ RunTime:0.0709s ]
SQL: INSERT INTO `red_code` (`number`,`pici`,`code_num_id`,`code_sn`) VALUES ('000044','1541749049','6','hnzB') [ RunTime:0.0594s ]
SQL: INSERT INTO `red_code` (`number`,`pici`,`code_num_id`,`code_sn`) VALUES ('000045','1541749049','6','GBO4') [ RunTime:0.0393s ]
SQL: INSERT INTO `red_code` (`number`,`pici`,`code_num_id`,`code_sn`) VALUES ('000046','1541749049','6','R4dK') [ RunTime:0.0519s ]
SQL: INSERT INTO `red_code` (`number`,`pici`,`code_num_id`,`code_sn`) VALUES ('000047','1541749049','6','v7hK') [ RunTime:0.0388s ]
SQL: INSERT INTO `red_code` (`number`,`pici`,`code_num_id`,`code_sn`) VALUES ('000048','1541749049','6','RAYF') [ RunTime:0.0577s ]
SQL: INSERT INTO `red_code` (`number`,`pici`,`code_num_id`,`code_sn`) VALUES ('000049','1541749049','6','DQLA') [ RunTime:0.0412s ]
SQL: INSERT INTO `red_code` (`number`,`pici`,`code_num_id`,`code_sn`) VALUES ('000050','1541749049','6','2HB6') [ RunTime:0.0413s ]
SQL: INSERT INTO `red_code` (`number`,`pici`,`code_num_id`,`code_sn`) VALUES ('000051','1541749049','6','OwYj') [ RunTime:0.0411s ]
SQL: INSERT INTO `red_code` (`number`,`pici`,`code_num_id`,`code_sn`) VALUES ('000052','1541749049','6','99QO') [ RunTime:0.0336s ]
SQL: INSERT INTO `red_code` (`number`,`pici`,`code_num_id`,`code_sn`) VALUES ('000053','1541749049','6','NUGG') [ RunTime:0.0402s ]
SQL: INSERT INTO `red_code` (`number`,`pici`,`code_num_id`,`code_sn`) VALUES ('000054','1541749049','6','WGsx') [ RunTime:0.0330s ]
SQL: INSERT INTO `red_code` (`number`,`pici`,`code_num_id`,`code_sn`) VALUES ('000055','1541749049','6','kMDs') [ RunTime:0.0993s ]
SQL: INSERT INTO `red_code` (`number`,`pici`,`code_num_id`,`code_sn`) VALUES ('000056','1541749049','6','a2b3') [ RunTime:0.0412s ]
SQL: INSERT INTO `red_code` (`number`,`pici`,`code_num_id`,`code_sn`) VALUES ('000057','1541749049','6','bQAo') [ RunTime:0.0328s ]
SQL: INSERT INTO `red_code` (`number`,`pici`,`code_num_id`,`code_sn`) VALUES ('000058','1541749049','6','z0M4') [ RunTime:0.0413s ]
SQL: INSERT INTO `red_code` (`number`,`pici`,`code_num_id`,`code_sn`) VALUES ('000059','1541749049','6','4Rgd') [ RunTime:0.0328s ]
SQL: INSERT INTO `red_code` (`number`,`pici`,`code_num_id`,`code_sn`) VALUES ('000060','1541749049','6','UiZn') [ RunTime:0.0245s ]
SQL: INSERT INTO `red_code` (`number`,`pici`,`code_num_id`,`code_sn`) VALUES ('000061','1541749049','6','MBrG') [ RunTime:0.0411s ]
SQL: INSERT INTO `red_code` (`number`,`pici`,`code_num_id`,`code_sn`) VALUES ('000062','1541749049','6','UFzI') [ RunTime:0.0247s ]
SQL: INSERT INTO `red_code` (`number`,`pici`,`code_num_id`,`code_sn`) VALUES ('000063','1541749049','6','2ORy') [ RunTime:0.0410s ]
SQL: INSERT INTO `red_code` (`number`,`pici`,`code_num_id`,`code_sn`) VALUES ('000064','1541749049','6','mShO') [ RunTime:0.0494s ]
SQL: INSERT INTO `red_code` (`number`,`pici`,`code_num_id`,`code_sn`) VALUES ('000065','1541749049','6','Bdhz') [ RunTime:0.0162s ]
SQL: INSERT INTO `red_code` (`number`,`pici`,`code_num_id`,`code_sn`) VALUES ('000066','1541749049','6','YFQq') [ RunTime:0.0245s ]
SQL: INSERT INTO `red_code` (`number`,`pici`,`code_num_id`,`code_sn`) VALUES ('000067','1541749049','6','dAqu') [ RunTime:0.0159s ]
SQL: INSERT INTO `red_code` (`number`,`pici`,`code_num_id`,`code_sn`) VALUES ('000068','1541749049','6','wO1k') [ RunTime:0.0246s ]
SQL: INSERT INTO `red_code` (`number`,`pici`,`code_num_id`,`code_sn`) VALUES ('000069','1541749049','6','DF43') [ RunTime:0.0327s ]
SQL: INSERT INTO `red_code` (`number`,`pici`,`code_num_id`,`code_sn`) VALUES ('000070','1541749049','6','L1zf') [ RunTime:0.0242s ]
SQL: INSERT INTO `red_code` (`number`,`pici`,`code_num_id`,`code_sn`) VALUES ('000071','1541749049','6','CdX1') [ RunTime:0.0412s ]
SQL: INSERT INTO `red_code` (`number`,`pici`,`code_num_id`,`code_sn`) VALUES ('000072','1541749049','6','q5eW') [ RunTime:0.0506s ]
SQL: INSERT INTO `red_code` (`number`,`pici`,`code_num_id`,`code_sn`) VALUES ('000073','1541749049','6','TYQ8') [ RunTime:0.0900s ]
SQL: INSERT INTO `red_code` (`number`,`pici`,`code_num_id`,`code_sn`) VALUES ('000074','1541749049','6','gJLa') [ RunTime:0.0435s ]
SQL: INSERT INTO `red_code` (`number`,`pici`,`code_num_id`,`code_sn`) VALUES ('000075','1541749049','6','eGt8') [ RunTime:0.0387s ]
SQL: INSERT INTO `red_code` (`number`,`pici`,`code_num_id`,`code_sn`) VALUES ('000076','1541749049','6','1HUE') [ RunTime:0.0578s ]
SQL: INSERT INTO `red_code` (`number`,`pici`,`code_num_id`,`code_sn`) VALUES ('000077','1541749049','6','n7AN') [ RunTime:0.0411s ]
SQL: INSERT INTO `red_code` (`number`,`pici`,`code_num_id`,`code_sn`) VALUES ('000078','1541749049','6','tLra') [ RunTime:0.0829s ]
SQL: INSERT INTO `red_code` (`number`,`pici`,`code_num_id`,`code_sn`) VALUES ('000079','1541749049','6','40WR') [ RunTime:0.0496s ]
SQL: INSERT INTO `red_code` (`number`,`pici`,`code_num_id`,`code_sn`) VALUES ('000080','1541749049','6','mF4s') [ RunTime:0.0745s ]
SQL: INSERT INTO `red_code` (`number`,`pici`,`code_num_id`,`code_sn`) VALUES ('000081','1541749049','6','46i3') [ RunTime:0.0411s ]
SQL: INSERT INTO `red_code` (`number`,`pici`,`code_num_id`,`code_sn`) VALUES ('000082','1541749049','6','p9zg') [ RunTime:0.0494s ]
SQL: INSERT INTO `red_code` (`number`,`pici`,`code_num_id`,`code_sn`) VALUES ('000083','1541749049','6','79na') [ RunTime:0.0494s ]
SQL: INSERT INTO `red_code` (`number`,`pici`,`code_num_id`,`code_sn`) VALUES ('000084','1541749049','6','oYGl') [ RunTime:0.1161s ]
SQL: INSERT INTO `red_code` (`number`,`pici`,`code_num_id`,`code_sn`) VALUES ('000085','1541749049','6','YVXV') [ RunTime:0.0328s ]
SQL: INSERT INTO `red_code` (`number`,`pici`,`code_num_id`,`code_sn`) VALUES ('000086','1541749049','6','4Sbs') [ RunTime:0.0495s ]
SQL: INSERT INTO `red_code` (`number`,`pici`,`code_num_id`,`code_sn`) VALUES ('000087','1541749049','6','oaN4') [ RunTime:0.0585s ]
SQL: INSERT INTO `red_code` (`number`,`pici`,`code_num_id`,`code_sn`) VALUES ('000088','1541749049','6','aCMl') [ RunTime:0.0500s ]
SQL: INSERT INTO `red_code` (`number`,`pici`,`code_num_id`,`code_sn`) VALUES ('000089','1541749049','6','6BBm') [ RunTime:0.0650s ]
SQL: INSERT INTO `red_code` (`number`,`pici`,`code_num_id`,`code_sn`) VALUES ('000090','1541749049','6','rWfK') [ RunTime:0.1580s ]
SQL: INSERT INTO `red_code` (`number`,`pici`,`code_num_id`,`code_sn`) VALUES ('000091','1541749049','6','S0az') [ RunTime:0.0411s ]
SQL: INSERT INTO `red_code` (`number`,`pici`,`code_num_id`,`code_sn`) VALUES ('000092','1541749049','6','EClq') [ RunTime:0.0851s ]
SQL: INSERT INTO `red_code` (`number`,`pici`,`code_num_id`,`code_sn`) VALUES ('000093','1541749049','6','s7dp') [ RunTime:0.0385s ]
SQL: INSERT INTO `red_code` (`number`,`pici`,`code_num_id`,`code_sn`) VALUES ('000094','1541749049','6','xmN7') [ RunTime:0.0412s ]
SQL: INSERT INTO `red_code` (`number`,`pici`,`code_num_id`,`code_sn`) VALUES ('000095','1541749049','6','AHwE') [ RunTime:0.0560s ]
SQL: INSERT INTO `red_code` (`number`,`pici`,`code_num_id`,`code_sn`) VALUES ('000096','1541749049','6','QXmB') [ RunTime:0.0601s ]
SQL: INSERT INTO `red_code` (`number`,`pici`,`code_num_id`,`code_sn`) VALUES ('000097','1541749049','6','2tN3') [ RunTime:0.0323s ]
SQL: INSERT INTO `red_code` (`number`,`pici`,`code_num_id`,`code_sn`) VALUES ('000098','1541749049','6','l7NB') [ RunTime:0.1014s ]
SQL: INSERT INTO `red_code` (`number`,`pici`,`code_num_id`,`code_sn`) VALUES ('000099','1541749049','6','wePl') [ RunTime:0.0393s ]
SQL: INSERT INTO `red_code` (`number`,`pici`,`code_num_id`,`code_sn`) VALUES ('0000100','1541749049','6','MDRS') [ RunTime:0.0589s ]
SQL: INSERT INTO `red_code` (`number`,`pici`,`code_num_id`,`code_sn`) VALUES ('0000101','1541749049','6','OGmh') [ RunTime:0.0733s ]
NOTIC: [2] Missing argument 3 for show(), called in E:\wamp\www\anti\Application\Admin\Controller\CodeController.class.php on line 59 and defined E:\wamp\www\anti\Application\Common\Common\function.php 第 304 行.
NOTIC: [8] Undefined variable: data E:\wamp\www\anti\Application\Common\Common\function.php 第 308 行.

[ 2018-11-09T15:37:35+08:00 ] 127.0.0.1 /index.php/Admin/Code/index
INFO: [ app_init ] --START--
INFO: Run Behavior\BuildLiteBehavior [ RunTime:0.000032s ]
INFO: [ app_init ] --END-- [ RunTime:0.002169s ]
INFO: [ app_begin ] --START--
INFO: Run Behavior\ReadHtmlCacheBehavior [ RunTime:0.001245s ]
INFO: Run Behavior\CronRunBehavior [ RunTime:0.029669s ]
INFO: [ app_begin ] --END-- [ RunTime:0.031204s ]
SQL: SHOW COLUMNS FROM `red_code` [ RunTime:0.0550s ]
SQL: SELECT `id`,`number` FROM `red_code` ORDER BY id desc LIMIT 1   [ RunTime:0.0003s ]
SQL: SHOW COLUMNS FROM `red_code_num` [ RunTime:0.0433s ]
SQL: SELECT COUNT(*) AS tp_count FROM `red_code_num` LIMIT 1   [ RunTime:0.0003s ]
NOTIC: [8] Undefined index: p E:\wamp\www\anti\Application\Admin\Controller\CodeController.class.php 第 19 行.
SQL: SELECT * FROM `red_code_num` ORDER BY id desc LIMIT 0,25   [ RunTime:0.0004s ]
INFO: [ view_parse ] --START--
INFO: [ template_filter ] --START--
INFO: Run Behavior\ContentReplaceBehavior [ RunTime:0.000346s ]
INFO: [ template_filter ] --END-- [ RunTime:0.000499s ]
NOTIC: [8] Undefined variable: vo E:\wamp\www\anti\Application\Runtime\Cache\Admin\e4115922dbeab584d8de8ec3503939dc.php 第 541 行.
NOTIC: [8] Use of undefined constant id - assumed 'id' E:\wamp\www\anti\Application\Runtime\Cache\Admin\e4115922dbeab584d8de8ec3503939dc.php 第 582 行.
SQL: SELECT COUNT(*) AS tp_count FROM `red_code` WHERE `code_num_id` = 6 LIMIT 1   [ RunTime:0.0004s ]
NOTIC: [8] Undefined index: status E:\wamp\www\anti\Application\Runtime\Cache\Admin\e4115922dbeab584d8de8ec3503939dc.php 第 606 行.
NOTIC: [8] Use of undefined constant id - assumed 'id' E:\wamp\www\anti\Application\Runtime\Cache\Admin\e4115922dbeab584d8de8ec3503939dc.php 第 582 行.
SQL: SELECT COUNT(*) AS tp_count FROM `red_code` WHERE `code_num_id` = 5 LIMIT 1   [ RunTime:0.0004s ]
SQL: SHOW COLUMNS FROM `red_shop` [ RunTime:0.0475s ]
SQL: SELECT `name` FROM `red_shop` WHERE `id` = 1 LIMIT 1   [ RunTime:0.0004s ]
SQL: SHOW COLUMNS FROM `red_activity` [ RunTime:0.0545s ]
SQL: SELECT `act_name` FROM `red_activity` WHERE `id` = 11 LIMIT 1   [ RunTime:0.0004s ]
NOTIC: [8] Undefined index: status E:\wamp\www\anti\Application\Runtime\Cache\Admin\e4115922dbeab584d8de8ec3503939dc.php 第 606 行.
NOTIC: [8] Use of undefined constant id - assumed 'id' E:\wamp\www\anti\Application\Runtime\Cache\Admin\e4115922dbeab584d8de8ec3503939dc.php 第 582 行.
SQL: SELECT COUNT(*) AS tp_count FROM `red_code` WHERE `code_num_id` = 4 LIMIT 1   [ RunTime:0.0004s ]
SQL: SELECT `name` FROM `red_shop` WHERE `id` = 1 LIMIT 1   [ RunTime:0.0003s ]
NOTIC: [8] Undefined index: status E:\wamp\www\anti\Application\Runtime\Cache\Admin\e4115922dbeab584d8de8ec3503939dc.php 第 606 行.
NOTIC: [8] Use of undefined constant id - assumed 'id' E:\wamp\www\anti\Application\Runtime\Cache\Admin\e4115922dbeab584d8de8ec3503939dc.php 第 582 行.
SQL: SELECT COUNT(*) AS tp_count FROM `red_code` WHERE `code_num_id` = 3 LIMIT 1   [ RunTime:0.0004s ]
SQL: SELECT `name` FROM `red_shop` WHERE `id` = 1 LIMIT 1   [ RunTime:0.0003s ]
NOTIC: [8] Undefined index: status E:\wamp\www\anti\Application\Runtime\Cache\Admin\e4115922dbeab584d8de8ec3503939dc.php 第 606 行.
NOTIC: [8] Use of undefined constant id - assumed 'id' E:\wamp\www\anti\Application\Runtime\Cache\Admin\e4115922dbeab584d8de8ec3503939dc.php 第 582 行.
SQL: SELECT COUNT(*) AS tp_count FROM `red_code` WHERE `code_num_id` = 2 LIMIT 1   [ RunTime:0.0003s ]
NOTIC: [8] Undefined index: status E:\wamp\www\anti\Application\Runtime\Cache\Admin\e4115922dbeab584d8de8ec3503939dc.php 第 606 行.
SQL: SELECT COUNT(*) AS tp_count FROM `red_code` WHERE `code_num_id` = 6 LIMIT 1   [ RunTime:0.0004s ]
SQL: SELECT COUNT(*) AS tp_count FROM `red_code` WHERE `code_num_id` = 5 LIMIT 1   [ RunTime:0.0008s ]
SQL: SELECT COUNT(*) AS tp_count FROM `red_code` WHERE `code_num_id` = 4 LIMIT 1   [ RunTime:0.0004s ]
SQL: SELECT COUNT(*) AS tp_count FROM `red_code` WHERE `code_num_id` = 3 LIMIT 1   [ RunTime:0.0005s ]
SQL: SELECT COUNT(*) AS tp_count FROM `red_code` WHERE `code_num_id` = 2 LIMIT 1   [ RunTime:0.0004s ]
INFO: Run Behavior\ParseTemplateBehavior [ RunTime:0.159384s ]
INFO: [ view_parse ] --END-- [ RunTime:0.159518s ]
INFO: [ view_filter ] --START--
INFO: Run Behavior\WriteHtmlCacheBehavior [ RunTime:0.001838s ]
INFO: [ view_filter ] --END-- [ RunTime:0.001977s ]
INFO: [ app_end ] --START--
INFO: Run Behavior\ShowPageTraceBehavior [ RunTime:0.001745s ]
INFO: [ app_end ] --END-- [ RunTime:0.001888s ]

[ 2018-11-09T15:37:59+08:00 ] 127.0.0.1 /index.php/Admin/shop/store
INFO: [ app_init ] --START--
INFO: Run Behavior\BuildLiteBehavior [ RunTime:0.000030s ]
INFO: [ app_init ] --END-- [ RunTime:0.000887s ]
INFO: [ app_begin ] --START--
INFO: Run Behavior\ReadHtmlCacheBehavior [ RunTime:0.001383s ]
INFO: Run Behavior\CronRunBehavior [ RunTime:0.016154s ]
INFO: [ app_begin ] --END-- [ RunTime:0.017843s ]
SQL: SHOW COLUMNS FROM `red_shop` [ RunTime:0.0635s ]
SQL: SELECT COUNT(*) AS tp_count FROM `red_shop` WHERE `type` = 3 LIMIT 1   [ RunTime:0.0005s ]
NOTIC: [8] Undefined index: p E:\wamp\www\anti\Application\Admin\Controller\ShopController.class.php 第 199 行.
SQL: SELECT * FROM `red_shop` WHERE `type` = 3 ORDER BY id desc LIMIT 0,20   [ RunTime:0.0005s ]
INFO: [ view_parse ] --START--
INFO: [ template_filter ] --START--
INFO: Run Behavior\ContentReplaceBehavior [ RunTime:0.000299s ]
INFO: [ template_filter ] --END-- [ RunTime:0.000445s ]
NOTIC: [8] Use of undefined constant id - assumed 'id' E:\wamp\www\anti\Application\Runtime\Cache\Admin\dec36a080d16ae6279e7188ed62be7e1.php 第 585 行.
SQL: SELECT `name` FROM `red_shop` WHERE `id` = 1 LIMIT 1   [ RunTime:0.0003s ]
NOTIC: [8] Use of undefined constant status - assumed 'status' E:\wamp\www\anti\Application\Runtime\Cache\Admin\dec36a080d16ae6279e7188ed62be7e1.php 第 597 行.
NOTIC: [8] Use of undefined constant status - assumed 'status' E:\wamp\www\anti\Application\Runtime\Cache\Admin\dec36a080d16ae6279e7188ed62be7e1.php 第 598 行.
NOTIC: [8] Use of undefined constant status - assumed 'status' E:\wamp\www\anti\Application\Runtime\Cache\Admin\dec36a080d16ae6279e7188ed62be7e1.php 第 599 行.
NOTIC: [8] Use of undefined constant status - assumed 'status' E:\wamp\www\anti\Application\Runtime\Cache\Admin\dec36a080d16ae6279e7188ed62be7e1.php 第 600 行.
NOTIC: [8] Undefined variable: code_page E:\wamp\www\anti\Application\Runtime\Cache\Admin\dec36a080d16ae6279e7188ed62be7e1.php 第 777 行.
NOTIC: [8] Undefined variable: tree E:\wamp\www\anti\Application\Runtime\Cache\Admin\dec36a080d16ae6279e7188ed62be7e1.php 第 812 行.
INFO: Run Behavior\ParseTemplateBehavior [ RunTime:0.086215s ]
INFO: [ view_parse ] --END-- [ RunTime:0.086350s ]
INFO: [ view_filter ] --START--
INFO: Run Behavior\WriteHtmlCacheBehavior [ RunTime:0.001177s ]
INFO: [ view_filter ] --END-- [ RunTime:0.001308s ]
INFO: [ app_end ] --START--
INFO: Run Behavior\ShowPageTraceBehavior [ RunTime:0.001282s ]
INFO: [ app_end ] --END-- [ RunTime:0.001411s ]

[ 2018-11-09T15:38:05+08:00 ] 127.0.0.1 /index.php/Admin/shop/daili_index
ERR: Cron:cron Runat 2018-11-09 15:38:05 Use 0.077597 s

[ 2018-11-09T15:38:06+08:00 ] 127.0.0.1 /index.php/Admin/shop/daili_index
INFO: [ app_init ] --START--
INFO: Run Behavior\BuildLiteBehavior [ RunTime:0.000035s ]
INFO: [ app_init ] --END-- [ RunTime:0.001292s ]
INFO: [ app_begin ] --START--
INFO: Run Behavior\ReadHtmlCacheBehavior [ RunTime:0.001270s ]
SQL: SHOW COLUMNS FROM `red_indent` [ RunTime:0.0612s ]
SQL: SELECT * FROM `red_indent` WHERE `status` = 2  [ RunTime:0.0004s ]
INFO: Run Behavior\CronRunBehavior [ RunTime:0.096919s ]
INFO: [ app_begin ] --END-- [ RunTime:0.098435s ]
SQL: SHOW COLUMNS FROM `red_shop` [ RunTime:0.0642s ]
SQL: SELECT * FROM `red_shop` WHERE `type` <> 3  [ RunTime:0.0005s ]
SQL: SHOW COLUMNS FROM `red_code_num` [ RunTime:0.0500s ]
SQL: SELECT * FROM `red_code_num` WHERE `shop_id` = 0 ORDER BY pici desc  [ RunTime:0.0395s ]
INFO: [ view_parse ] --START--
INFO: [ template_filter ] --START--
INFO: Run Behavior\ContentReplaceBehavior [ RunTime:0.000254s ]
INFO: [ template_filter ] --END-- [ RunTime:0.000386s ]
NOTIC: [8] Use of undefined constant id - assumed 'id' E:\wamp\www\anti\Application\Runtime\Cache\Admin\ceed0c4fd567d67768ac86aa954ce336.php 第 586 行.
NOTIC: [8] Use of undefined constant status - assumed 'status' E:\wamp\www\anti\Application\Runtime\Cache\Admin\ceed0c4fd567d67768ac86aa954ce336.php 第 599 行.
NOTIC: [8] Use of undefined constant status - assumed 'status' E:\wamp\www\anti\Application\Runtime\Cache\Admin\ceed0c4fd567d67768ac86aa954ce336.php 第 600 行.
NOTIC: [8] Use of undefined constant status - assumed 'status' E:\wamp\www\anti\Application\Runtime\Cache\Admin\ceed0c4fd567d67768ac86aa954ce336.php 第 601 行.
NOTIC: [8] Use of undefined constant status - assumed 'status' E:\wamp\www\anti\Application\Runtime\Cache\Admin\ceed0c4fd567d67768ac86aa954ce336.php 第 602 行.
NOTIC: [8] Use of undefined constant id - assumed 'id' E:\wamp\www\anti\Application\Runtime\Cache\Admin\ceed0c4fd567d67768ac86aa954ce336.php 第 586 行.
SQL: SELECT `name` FROM `red_shop` WHERE `id` = 1 LIMIT 1   [ RunTime:0.0003s ]
NOTIC: [8] Use of undefined constant status - assumed 'status' E:\wamp\www\anti\Application\Runtime\Cache\Admin\ceed0c4fd567d67768ac86aa954ce336.php 第 599 行.
NOTIC: [8] Use of undefined constant status - assumed 'status' E:\wamp\www\anti\Application\Runtime\Cache\Admin\ceed0c4fd567d67768ac86aa954ce336.php 第 600 行.
NOTIC: [8] Use of undefined constant status - assumed 'status' E:\wamp\www\anti\Application\Runtime\Cache\Admin\ceed0c4fd567d67768ac86aa954ce336.php 第 601 行.
NOTIC: [8] Use of undefined constant status - assumed 'status' E:\wamp\www\anti\Application\Runtime\Cache\Admin\ceed0c4fd567d67768ac86aa954ce336.php 第 602 行.
SQL: SHOW COLUMNS FROM `red_code` [ RunTime:0.0567s ]
SQL: SELECT COUNT(*) AS tp_count FROM `red_code` WHERE `code_num_id` = 6 LIMIT 1   [ RunTime:0.0004s ]
SQL: SELECT COUNT(*) AS tp_count FROM `red_code` WHERE `code_num_id` = 2 LIMIT 1   [ RunTime:0.0006s ]
NOTIC: [8] Undefined variable: code_page E:\wamp\www\anti\Application\Runtime\Cache\Admin\ceed0c4fd567d67768ac86aa954ce336.php 第 778 行.
INFO: Run Behavior\ParseTemplateBehavior [ RunTime:0.145258s ]
INFO: [ view_parse ] --END-- [ RunTime:0.145395s ]
INFO: [ view_filter ] --START--
INFO: Run Behavior\WriteHtmlCacheBehavior [ RunTime:0.001252s ]
INFO: [ view_filter ] --END-- [ RunTime:0.001381s ]
INFO: [ app_end ] --START--
INFO: Run Behavior\ShowPageTraceBehavior [ RunTime:0.002178s ]
INFO: [ app_end ] --END-- [ RunTime:0.002317s ]

[ 2018-11-09T15:38:17+08:00 ] 127.0.0.1 /index.php/Admin/Shop/fenpei
ERR: Cron:cron Runat 2018-11-09 15:38:17 Use 0.272000 s

[ 2018-11-09T15:38:19+08:00 ] 127.0.0.1 /index.php/Admin/Shop/fenpei
INFO: [ app_init ] --START--
INFO: Run Behavior\BuildLiteBehavior [ RunTime:0.000032s ]
INFO: [ app_init ] --END-- [ RunTime:0.000898s ]
INFO: [ app_begin ] --START--
INFO: Run Behavior\ReadHtmlCacheBehavior [ RunTime:0.001196s ]
SQL: SHOW COLUMNS FROM `red_indent` [ RunTime:0.2543s ]
SQL: SELECT * FROM `red_indent` WHERE `status` = 2  [ RunTime:0.0004s ]
INFO: Run Behavior\CronRunBehavior [ RunTime:0.293965s ]
INFO: [ app_begin ] --END-- [ RunTime:0.295385s ]
SQL: SHOW COLUMNS FROM `red_code_num` [ RunTime:0.1384s ]
SQL: UPDATE `red_code_num` SET `shop_id`='1' WHERE `id` = 6 [ RunTime:0.9898s ]
NOTIC: [2] Missing argument 3 for show(), called in E:\wamp\www\anti\Application\Admin\Controller\ShopController.class.php on line 187 and defined E:\wamp\www\anti\Application\Common\Common\function.php 第 304 行.
NOTIC: [8] Undefined variable: data E:\wamp\www\anti\Application\Common\Common\function.php 第 308 行.

[ 2018-11-09T15:38:20+08:00 ] 127.0.0.1 /index.php/Admin/Shop/daili_index
INFO: [ app_init ] --START--
INFO: Run Behavior\BuildLiteBehavior [ RunTime:0.000035s ]
INFO: [ app_init ] --END-- [ RunTime:0.000987s ]
INFO: [ app_begin ] --START--
INFO: Run Behavior\ReadHtmlCacheBehavior [ RunTime:0.001484s ]
INFO: Run Behavior\CronRunBehavior [ RunTime:0.016218s ]
INFO: [ app_begin ] --END-- [ RunTime:0.018010s ]
SQL: SHOW COLUMNS FROM `red_shop` [ RunTime:0.0314s ]
SQL: SELECT * FROM `red_shop` WHERE `type` <> 3  [ RunTime:0.0005s ]
SQL: SHOW COLUMNS FROM `red_code_num` [ RunTime:0.0845s ]
SQL: SELECT * FROM `red_code_num` WHERE `shop_id` = 0 ORDER BY pici desc  [ RunTime:0.0004s ]
INFO: [ view_parse ] --START--
INFO: [ template_filter ] --START--
INFO: Run Behavior\ContentReplaceBehavior [ RunTime:0.000266s ]
INFO: [ template_filter ] --END-- [ RunTime:0.000404s ]
NOTIC: [8] Use of undefined constant id - assumed 'id' E:\wamp\www\anti\Application\Runtime\Cache\Admin\ceed0c4fd567d67768ac86aa954ce336.php 第 586 行.
NOTIC: [8] Use of undefined constant status - assumed 'status' E:\wamp\www\anti\Application\Runtime\Cache\Admin\ceed0c4fd567d67768ac86aa954ce336.php 第 599 行.
NOTIC: [8] Use of undefined constant status - assumed 'status' E:\wamp\www\anti\Application\Runtime\Cache\Admin\ceed0c4fd567d67768ac86aa954ce336.php 第 600 行.
NOTIC: [8] Use of undefined constant status - assumed 'status' E:\wamp\www\anti\Application\Runtime\Cache\Admin\ceed0c4fd567d67768ac86aa954ce336.php 第 601 行.
NOTIC: [8] Use of undefined constant status - assumed 'status' E:\wamp\www\anti\Application\Runtime\Cache\Admin\ceed0c4fd567d67768ac86aa954ce336.php 第 602 行.
NOTIC: [8] Use of undefined constant id - assumed 'id' E:\wamp\www\anti\Application\Runtime\Cache\Admin\ceed0c4fd567d67768ac86aa954ce336.php 第 586 行.
SQL: SELECT `name` FROM `red_shop` WHERE `id` = 1 LIMIT 1   [ RunTime:0.0003s ]
NOTIC: [8] Use of undefined constant status - assumed 'status' E:\wamp\www\anti\Application\Runtime\Cache\Admin\ceed0c4fd567d67768ac86aa954ce336.php 第 599 行.
NOTIC: [8] Use of undefined constant status - assumed 'status' E:\wamp\www\anti\Application\Runtime\Cache\Admin\ceed0c4fd567d67768ac86aa954ce336.php 第 600 行.
NOTIC: [8] Use of undefined constant status - assumed 'status' E:\wamp\www\anti\Application\Runtime\Cache\Admin\ceed0c4fd567d67768ac86aa954ce336.php 第 601 行.
NOTIC: [8] Use of undefined constant status - assumed 'status' E:\wamp\www\anti\Application\Runtime\Cache\Admin\ceed0c4fd567d67768ac86aa954ce336.php 第 602 行.
SQL: SHOW COLUMNS FROM `red_code` [ RunTime:0.0764s ]
SQL: SELECT COUNT(*) AS tp_count FROM `red_code` WHERE `code_num_id` = 2 LIMIT 1   [ RunTime:0.0004s ]
NOTIC: [8] Undefined variable: code_page E:\wamp\www\anti\Application\Runtime\Cache\Admin\ceed0c4fd567d67768ac86aa954ce336.php 第 778 行.
INFO: Run Behavior\ParseTemplateBehavior [ RunTime:0.161995s ]
INFO: [ view_parse ] --END-- [ RunTime:0.162165s ]
INFO: [ view_filter ] --START--
INFO: Run Behavior\WriteHtmlCacheBehavior [ RunTime:0.001232s ]
INFO: [ view_filter ] --END-- [ RunTime:0.001362s ]
INFO: [ app_end ] --START--
INFO: Run Behavior\ShowPageTraceBehavior [ RunTime:0.001588s ]
INFO: [ app_end ] --END-- [ RunTime:0.001737s ]

[ 2018-11-09T16:27:49+08:00 ] 127.0.0.1 /index.php/Admin/Shop/daili_index
ERR: Cron:cron Runat 2018-11-09 16:27:49 Use 0.525142 s

[ 2018-11-09T16:27:53+08:00 ] 127.0.0.1 /index.php/Admin/Shop/daili_index
INFO: [ app_init ] --START--
INFO: Run Behavior\BuildLiteBehavior [ RunTime:0.000038s ]
INFO: [ app_init ] --END-- [ RunTime:0.021126s ]
INFO: [ app_begin ] --START--
INFO: Run Behavior\ReadHtmlCacheBehavior [ RunTime:0.001931s ]
SQL: SHOW COLUMNS FROM `red_indent` [ RunTime:0.1150s ]
SQL: SELECT * FROM `red_indent` WHERE `status` = 2  [ RunTime:0.0098s ]
INFO: Run Behavior\CronRunBehavior [ RunTime:0.758471s ]
INFO: [ app_begin ] --END-- [ RunTime:0.760740s ]
SQL: SHOW COLUMNS FROM `red_shop` [ RunTime:0.0533s ]
SQL: SELECT * FROM `red_shop` WHERE `type` <> 3  [ RunTime:0.0303s ]
SQL: SHOW COLUMNS FROM `red_code_num` [ RunTime:0.4641s ]
SQL: SELECT * FROM `red_code_num` WHERE `shop_id` = 0 ORDER BY pici desc  [ RunTime:0.5933s ]
INFO: [ view_parse ] --START--
INFO: [ template_filter ] --START--
INFO: Run Behavior\ContentReplaceBehavior [ RunTime:0.515533s ]
INFO: [ template_filter ] --END-- [ RunTime:0.515684s ]
NOTIC: [8] Use of undefined constant id - assumed 'id' E:\wamp\www\anti\Application\Runtime\Cache\Admin\ceed0c4fd567d67768ac86aa954ce336.php 第 586 行.
NOTIC: [8] Use of undefined constant status - assumed 'status' E:\wamp\www\anti\Application\Runtime\Cache\Admin\ceed0c4fd567d67768ac86aa954ce336.php 第 599 行.
NOTIC: [8] Use of undefined constant status - assumed 'status' E:\wamp\www\anti\Application\Runtime\Cache\Admin\ceed0c4fd567d67768ac86aa954ce336.php 第 600 行.
NOTIC: [8] Use of undefined constant status - assumed 'status' E:\wamp\www\anti\Application\Runtime\Cache\Admin\ceed0c4fd567d67768ac86aa954ce336.php 第 601 行.
NOTIC: [8] Use of undefined constant status - assumed 'status' E:\wamp\www\anti\Application\Runtime\Cache\Admin\ceed0c4fd567d67768ac86aa954ce336.php 第 602 行.
NOTIC: [8] Use of undefined constant id - assumed 'id' E:\wamp\www\anti\Application\Runtime\Cache\Admin\ceed0c4fd567d67768ac86aa954ce336.php 第 586 行.
SQL: SELECT `name` FROM `red_shop` WHERE `id` = 1 LIMIT 1   [ RunTime:0.0005s ]
NOTIC: [8] Use of undefined constant status - assumed 'status' E:\wamp\www\anti\Application\Runtime\Cache\Admin\ceed0c4fd567d67768ac86aa954ce336.php 第 599 行.
NOTIC: [8] Use of undefined constant status - assumed 'status' E:\wamp\www\anti\Application\Runtime\Cache\Admin\ceed0c4fd567d67768ac86aa954ce336.php 第 600 行.
NOTIC: [8] Use of undefined constant status - assumed 'status' E:\wamp\www\anti\Application\Runtime\Cache\Admin\ceed0c4fd567d67768ac86aa954ce336.php 第 601 行.
NOTIC: [8] Use of undefined constant status - assumed 'status' E:\wamp\www\anti\Application\Runtime\Cache\Admin\ceed0c4fd567d67768ac86aa954ce336.php 第 602 行.
SQL: SHOW COLUMNS FROM `red_code` [ RunTime:0.0750s ]
SQL: SELECT COUNT(*) AS tp_count FROM `red_code` WHERE `code_num_id` = 2 LIMIT 1   [ RunTime:0.2796s ]
NOTIC: [8] Undefined variable: code_page E:\wamp\www\anti\Application\Runtime\Cache\Admin\ceed0c4fd567d67768ac86aa954ce336.php 第 778 行.
INFO: Run Behavior\ParseTemplateBehavior [ RunTime:1.408846s ]
INFO: [ view_parse ] --END-- [ RunTime:1.408986s ]
INFO: [ view_filter ] --START--
INFO: Run Behavior\WriteHtmlCacheBehavior [ RunTime:0.021961s ]
INFO: [ view_filter ] --END-- [ RunTime:0.022094s ]
INFO: [ app_end ] --START--
INFO: Run Behavior\ShowPageTraceBehavior [ RunTime:0.001528s ]
INFO: [ app_end ] --END-- [ RunTime:0.001661s ]

[ 2018-11-09T16:28:00+08:00 ] 127.0.0.1 /index.php/Admin/activity/index
ERR: Cron:cron Runat 2018-11-09 16:28:00 Use 0.227366 s

[ 2018-11-09T16:28:02+08:00 ] 127.0.0.1 /index.php/Admin/activity/index
INFO: [ app_init ] --START--
INFO: Run Behavior\BuildLiteBehavior [ RunTime:0.000040s ]
INFO: [ app_init ] --END-- [ RunTime:0.001115s ]
INFO: [ app_begin ] --START--
INFO: Run Behavior\ReadHtmlCacheBehavior [ RunTime:0.001231s ]
SQL: SHOW COLUMNS FROM `red_indent` [ RunTime:0.1911s ]
SQL: SELECT * FROM `red_indent` WHERE `status` = 2  [ RunTime:0.0011s ]
INFO: Run Behavior\CronRunBehavior [ RunTime:0.252555s ]
INFO: [ app_begin ] --END-- [ RunTime:0.254034s ]
NOTIC: [8] Undefined index: act_status E:\wamp\www\anti\Application\Admin\Controller\ActivityController.class.php 第 8 行.
NOTIC: [8] Undefined index: shenhe_status E:\wamp\www\anti\Application\Admin\Controller\ActivityController.class.php 第 9 行.
NOTIC: [8] Undefined index: key E:\wamp\www\anti\Application\Admin\Controller\ActivityController.class.php 第 10 行.
SQL: SHOW COLUMNS FROM `red_activity` [ RunTime:0.0904s ]
NOTIC: [8] Undefined variable: data E:\wamp\www\anti\Application\Admin\Controller\ActivityController.class.php 第 22 行.
SQL: SELECT COUNT(*) AS tp_count FROM `red_activity` LIMIT 1   [ RunTime:0.0004s ]
NOTIC: [8] Undefined index: p E:\wamp\www\anti\Application\Admin\Controller\ActivityController.class.php 第 23 行.
NOTIC: [8] Undefined variable: data E:\wamp\www\anti\Application\Admin\Controller\ActivityController.class.php 第 26 行.
SQL: SELECT * FROM `red_activity` ORDER BY id desc LIMIT 0,5   [ RunTime:0.0107s ]
SQL: SHOW COLUMNS FROM `red_code_num` [ RunTime:0.0549s ]
SQL: SELECT * FROM `red_code_num` WHERE `activity_id` = 0 AND `shop_id` = 1  [ RunTime:0.0003s ]
INFO: [ view_parse ] --START--
INFO: [ template_filter ] --START--
INFO: Run Behavior\ContentReplaceBehavior [ RunTime:0.000309s ]
INFO: [ template_filter ] --END-- [ RunTime:0.000453s ]
NOTIC: [8] Undefined variable: vo E:\wamp\www\anti\Application\Runtime\Cache\Admin\c8d84a2d51a6dbf36e8ef99e6375e8a9.php 第 540 行.
NOTIC: [8] Use of undefined constant id - assumed 'id' E:\wamp\www\anti\Application\Runtime\Cache\Admin\c8d84a2d51a6dbf36e8ef99e6375e8a9.php 第 598 行.
NOTIC: [8] Use of undefined constant picture - assumed 'picture' E:\wamp\www\anti\Application\Runtime\Cache\Admin\c8d84a2d51a6dbf36e8ef99e6375e8a9.php 第 603 行.
SQL: SHOW COLUMNS FROM `red_shop` [ RunTime:0.1006s ]
SQL: SELECT `name` FROM `red_shop` WHERE `id` = 1 LIMIT 1   [ RunTime:0.0003s ]
SQL: SHOW COLUMNS FROM `red_get_record` [ RunTime:0.0845s ]
SQL: SELECT * FROM `red_get_record` WHERE `activity_id` = 11 AND `prize_type` IN ('1','2')  [ RunTime:0.0570s ]
NOTIC: [8] Undefined variable: total E:\wamp\www\anti\Application\Common\Common\function.php 第 120 行.
SQL: SHOW COLUMNS FROM `red_activity_prize` [ RunTime:0.0546s ]
SQL: SELECT * FROM `red_activity_prize` WHERE `activity_id` = 11 AND `prize_type` IN ('1','2')  [ RunTime:0.0174s ]
NOTIC: [8] Undefined variable: total1 E:\wamp\www\anti\Application\Common\Common\function.php 第 100 行.
NOTIC: [8] Undefined variable: total2 E:\wamp\www\anti\Application\Common\Common\function.php 第 103 行.
SQL: SELECT `id` FROM `red_code_num` WHERE `activity_id` = 11  [ RunTime:0.0003s ]
NOTIC: [8] Undefined variable: string E:\wamp\www\anti\Application\Common\Common\function.php 第 177 行.
SQL: SHOW COLUMNS FROM `red_code` [ RunTime:0.0394s ]
SQL: SELECT COUNT(*) AS tp_count FROM `red_code` WHERE `code_num_id` IN ('5') AND `status` = 0 LIMIT 1   [ RunTime:0.0187s ]
SQL: SELECT `id` FROM `red_code_num` WHERE `activity_id` = 11  [ RunTime:0.0004s ]
NOTIC: [8] Undefined variable: string E:\wamp\www\anti\Application\Common\Common\function.php 第 189 行.
SQL: SELECT COUNT(*) AS tp_count FROM `red_code` WHERE `code_num_id` IN ('5') LIMIT 1   [ RunTime:0.0004s ]
SQL: SELECT COUNT(*) AS tp_count FROM `red_get_record` WHERE `activity_id` = 11 LIMIT 1   [ RunTime:0.0003s ]
SQL: SELECT COUNT(*) AS tp_count FROM `red_activity_prize` WHERE `activity_id` = 11 LIMIT 1   [ RunTime:0.0003s ]
NOTIC: [2] Division by zero E:\wamp\www\anti\Application\Common\Common\function.php 第 168 行.
NOTIC: [8] Use of undefined constant activity_code - assumed 'activity_code' E:\wamp\www\anti\Application\Runtime\Cache\Admin\c8d84a2d51a6dbf36e8ef99e6375e8a9.php 第 617 行.
SQL: SELECT COUNT(*) AS tp_count FROM `red_code` WHERE `code_num_id` = 3 LIMIT 1   [ RunTime:0.0003s ]
SQL: SELECT COUNT(*) AS tp_count FROM `red_code` WHERE `code_num_id` = 4 LIMIT 1   [ RunTime:0.0003s ]
SQL: SELECT COUNT(*) AS tp_count FROM `red_code` WHERE `code_num_id` = 6 LIMIT 1   [ RunTime:0.0003s ]
NOTIC: [8] Undefined variable: code_page E:\wamp\www\anti\Application\Runtime\Cache\Admin\c8d84a2d51a6dbf36e8ef99e6375e8a9.php 第 807 行.
SQL: SELECT `code_number` FROM `red_code_num` WHERE `activity_id` = 11  [ RunTime:0.0003s ]
SQL: SELECT `id` FROM `red_code_num` WHERE `activity_id` = 11  [ RunTime:0.0002s ]
SQL: SELECT COUNT(*) AS tp_count FROM `red_code` WHERE `code_num_id` IN ('5') LIMIT 1   [ RunTime:0.0003s ]
SQL: SELECT COUNT(*) AS tp_count FROM `red_get_record` WHERE `activity_id` = 11 LIMIT 1   [ RunTime:0.0003s ]
SQL: SELECT COUNT(*) AS tp_count FROM `red_activity_prize` WHERE `activity_id` = 11 LIMIT 1   [ RunTime:0.0003s ]
NOTIC: [2] Division by zero E:\wamp\www\anti\Application\Common\Common\function.php 第 168 行.
NOTIC: [8] Use of undefined constant condition - assumed 'condition' E:\wamp\www\anti\Application\Runtime\Cache\Admin\c8d84a2d51a6dbf36e8ef99e6375e8a9.php 第 1011 行.
INFO: Run Behavior\ParseTemplateBehavior [ RunTime:0.453669s ]
INFO: [ view_parse ] --END-- [ RunTime:0.453802s ]
INFO: [ view_filter ] --START--
INFO: Run Behavior\WriteHtmlCacheBehavior [ RunTime:0.001201s ]
INFO: [ view_filter ] --END-- [ RunTime:0.001333s ]
INFO: [ app_end ] --START--
INFO: Run Behavior\ShowPageTraceBehavior [ RunTime:0.001306s ]
INFO: [ app_end ] --END-- [ RunTime:0.001452s ]

[ 2018-11-09T16:28:06+08:00 ] 127.0.0.1 /index.php/Admin/Activity/set_activity_code
INFO: [ app_init ] --START--
INFO: Run Behavior\BuildLiteBehavior [ RunTime:0.000036s ]
INFO: [ app_init ] --END-- [ RunTime:0.000966s ]
INFO: [ app_begin ] --START--
INFO: Run Behavior\ReadHtmlCacheBehavior [ RunTime:0.001529s ]
INFO: Run Behavior\CronRunBehavior [ RunTime:0.013571s ]
INFO: [ app_begin ] --END-- [ RunTime:0.015348s ]
SQL: SHOW COLUMNS FROM `red_activity` [ RunTime:0.0864s ]
SQL: UPDATE `red_activity` SET `activity_code`='/Public/erweima/activity11.png' WHERE `id` = 11 [ RunTime:0.2106s ]
NOTIC: [2] Missing argument 3 for show(), called in E:\wamp\www\anti\Application\Admin\Controller\ActivityController.class.php on line 121 and defined E:\wamp\www\anti\Application\Common\Common\function.php 第 304 行.
NOTIC: [8] Undefined variable: data E:\wamp\www\anti\Application\Common\Common\function.php 第 308 行.

[ 2018-11-09T16:28:08+08:00 ] 127.0.0.1 /index.php/Admin/Activity/index
INFO: [ app_init ] --START--
INFO: Run Behavior\BuildLiteBehavior [ RunTime:0.000037s ]
INFO: [ app_init ] --END-- [ RunTime:0.001036s ]
INFO: [ app_begin ] --START--
INFO: Run Behavior\ReadHtmlCacheBehavior [ RunTime:0.001224s ]
INFO: Run Behavior\CronRunBehavior [ RunTime:0.008383s ]
INFO: [ app_begin ] --END-- [ RunTime:0.009897s ]
NOTIC: [8] Undefined index: act_status E:\wamp\www\anti\Application\Admin\Controller\ActivityController.class.php 第 8 行.
NOTIC: [8] Undefined index: shenhe_status E:\wamp\www\anti\Application\Admin\Controller\ActivityController.class.php 第 9 行.
NOTIC: [8] Undefined index: key E:\wamp\www\anti\Application\Admin\Controller\ActivityController.class.php 第 10 行.
SQL: SHOW COLUMNS FROM `red_activity` [ RunTime:0.0718s ]
NOTIC: [8] Undefined variable: data E:\wamp\www\anti\Application\Admin\Controller\ActivityController.class.php 第 22 行.
SQL: SELECT COUNT(*) AS tp_count FROM `red_activity` LIMIT 1   [ RunTime:0.0005s ]
NOTIC: [8] Undefined index: p E:\wamp\www\anti\Application\Admin\Controller\ActivityController.class.php 第 23 行.
NOTIC: [8] Undefined variable: data E:\wamp\www\anti\Application\Admin\Controller\ActivityController.class.php 第 26 行.
SQL: SELECT * FROM `red_activity` ORDER BY id desc LIMIT 0,5   [ RunTime:0.0004s ]
SQL: SHOW COLUMNS FROM `red_code_num` [ RunTime:0.0599s ]
SQL: SELECT * FROM `red_code_num` WHERE `activity_id` = 0 AND `shop_id` = 1  [ RunTime:0.0003s ]
INFO: [ view_parse ] --START--
INFO: [ template_filter ] --START--
INFO: Run Behavior\ContentReplaceBehavior [ RunTime:0.000312s ]
INFO: [ template_filter ] --END-- [ RunTime:0.000491s ]
NOTIC: [8] Undefined variable: vo E:\wamp\www\anti\Application\Runtime\Cache\Admin\c8d84a2d51a6dbf36e8ef99e6375e8a9.php 第 540 行.
NOTIC: [8] Use of undefined constant id - assumed 'id' E:\wamp\www\anti\Application\Runtime\Cache\Admin\c8d84a2d51a6dbf36e8ef99e6375e8a9.php 第 598 行.
NOTIC: [8] Use of undefined constant picture - assumed 'picture' E:\wamp\www\anti\Application\Runtime\Cache\Admin\c8d84a2d51a6dbf36e8ef99e6375e8a9.php 第 603 行.
SQL: SHOW COLUMNS FROM `red_shop` [ RunTime:0.1585s ]
SQL: SELECT `name` FROM `red_shop` WHERE `id` = 1 LIMIT 1   [ RunTime:0.0004s ]
SQL: SHOW COLUMNS FROM `red_get_record` [ RunTime:0.0569s ]
SQL: SELECT * FROM `red_get_record` WHERE `activity_id` = 11 AND `prize_type` IN ('1','2')  [ RunTime:0.0005s ]
NOTIC: [8] Undefined variable: total E:\wamp\www\anti\Application\Common\Common\function.php 第 120 行.
SQL: SHOW COLUMNS FROM `red_activity_prize` [ RunTime:0.0472s ]
SQL: SELECT * FROM `red_activity_prize` WHERE `activity_id` = 11 AND `prize_type` IN ('1','2')  [ RunTime:0.0004s ]
NOTIC: [8] Undefined variable: total1 E:\wamp\www\anti\Application\Common\Common\function.php 第 100 行.
NOTIC: [8] Undefined variable: total2 E:\wamp\www\anti\Application\Common\Common\function.php 第 103 行.
SQL: SELECT `id` FROM `red_code_num` WHERE `activity_id` = 11  [ RunTime:0.0003s ]
NOTIC: [8] Undefined variable: string E:\wamp\www\anti\Application\Common\Common\function.php 第 177 行.
SQL: SHOW COLUMNS FROM `red_code` [ RunTime:0.0690s ]
SQL: SELECT COUNT(*) AS tp_count FROM `red_code` WHERE `code_num_id` IN ('5') AND `status` = 0 LIMIT 1   [ RunTime:0.0005s ]
SQL: SELECT `id` FROM `red_code_num` WHERE `activity_id` = 11  [ RunTime:0.0006s ]
NOTIC: [8] Undefined variable: string E:\wamp\www\anti\Application\Common\Common\function.php 第 189 行.
SQL: SELECT COUNT(*) AS tp_count FROM `red_code` WHERE `code_num_id` IN ('5') LIMIT 1   [ RunTime:0.0004s ]
SQL: SELECT COUNT(*) AS tp_count FROM `red_get_record` WHERE `activity_id` = 11 LIMIT 1   [ RunTime:0.0004s ]
SQL: SELECT COUNT(*) AS tp_count FROM `red_activity_prize` WHERE `activity_id` = 11 LIMIT 1   [ RunTime:0.0005s ]
NOTIC: [2] Division by zero E:\wamp\www\anti\Application\Common\Common\function.php 第 168 行.
NOTIC: [8] Use of undefined constant activity_code - assumed 'activity_code' E:\wamp\www\anti\Application\Runtime\Cache\Admin\c8d84a2d51a6dbf36e8ef99e6375e8a9.php 第 617 行.
SQL: SELECT COUNT(*) AS tp_count FROM `red_code` WHERE `code_num_id` = 3 LIMIT 1   [ RunTime:0.0004s ]
SQL: SELECT COUNT(*) AS tp_count FROM `red_code` WHERE `code_num_id` = 4 LIMIT 1   [ RunTime:0.0003s ]
SQL: SELECT COUNT(*) AS tp_count FROM `red_code` WHERE `code_num_id` = 6 LIMIT 1   [ RunTime:0.0003s ]
NOTIC: [8] Undefined variable: code_page E:\wamp\www\anti\Application\Runtime\Cache\Admin\c8d84a2d51a6dbf36e8ef99e6375e8a9.php 第 807 行.
SQL: SELECT `code_number` FROM `red_code_num` WHERE `activity_id` = 11  [ RunTime:0.0003s ]
SQL: SELECT `id` FROM `red_code_num` WHERE `activity_id` = 11  [ RunTime:0.0003s ]
SQL: SELECT COUNT(*) AS tp_count FROM `red_code` WHERE `code_num_id` IN ('5') LIMIT 1   [ RunTime:0.0003s ]
SQL: SELECT COUNT(*) AS tp_count FROM `red_get_record` WHERE `activity_id` = 11 LIMIT 1   [ RunTime:0.0003s ]
SQL: SELECT COUNT(*) AS tp_count FROM `red_activity_prize` WHERE `activity_id` = 11 LIMIT 1   [ RunTime:0.0002s ]
NOTIC: [2] Division by zero E:\wamp\www\anti\Application\Common\Common\function.php 第 168 行.
NOTIC: [8] Use of undefined constant condition - assumed 'condition' E:\wamp\www\anti\Application\Runtime\Cache\Admin\c8d84a2d51a6dbf36e8ef99e6375e8a9.php 第 1011 行.
INFO: Run Behavior\ParseTemplateBehavior [ RunTime:0.407045s ]
INFO: [ view_parse ] --END-- [ RunTime:0.407176s ]
INFO: [ view_filter ] --START--
INFO: Run Behavior\WriteHtmlCacheBehavior [ RunTime:0.001370s ]
INFO: [ view_filter ] --END-- [ RunTime:0.001503s ]
INFO: [ app_end ] --START--
INFO: Run Behavior\ShowPageTraceBehavior [ RunTime:0.001252s ]
INFO: [ app_end ] --END-- [ RunTime:0.001387s ]

