[ 2018-10-22T09:23:25+08:00 ] 127.0.0.1 /index.php/Admin/shop/store
ERR: Cron:cron Runat 2018-10-22 09:23:25 Use 0.090903 s

[ 2018-10-22T09:23:25+08:00 ] 127.0.0.1 /index.php/Admin/shop/store
INFO: [ app_init ] --START--
INFO: Run Behavior\BuildLiteBehavior [ RunTime:0.000033s ]
INFO: [ app_init ] --END-- [ RunTime:0.001328s ]
INFO: [ app_begin ] --START--
INFO: Run Behavior\ReadHtmlCacheBehavior [ RunTime:0.001703s ]
SQL: SHOW COLUMNS FROM `red_indent` [ RunTime:0.0496s ]
SQL: SELECT * FROM `red_indent` WHERE `status` = 2  [ RunTime:0.0004s ]
INFO: Run Behavior\CronRunBehavior [ RunTime:0.134716s ]
INFO: [ app_begin ] --END-- [ RunTime:0.136665s ]
SQL: SHOW COLUMNS FROM `red_shop` [ RunTime:0.0396s ]
SQL: SELECT COUNT(*) AS tp_count FROM `red_shop` WHERE `type` = 3 LIMIT 1   [ RunTime:0.0004s ]
NOTIC: [8] Undefined index: p E:\wamp\www\anti\Application\Admin\Controller\ShopController.class.php 第 199 行.
SQL: SELECT * FROM `red_shop` WHERE `type` = 3 ORDER BY id desc LIMIT 0,20   [ RunTime:0.0004s ]
INFO: [ view_parse ] --START--
INFO: [ template_filter ] --START--
INFO: Run Behavior\ContentReplaceBehavior [ RunTime:0.000295s ]
INFO: [ template_filter ] --END-- [ RunTime:0.000428s ]
NOTIC: [8] Use of undefined constant id - assumed 'id' E:\wamp\www\anti\Application\Runtime\Cache\Admin\dec36a080d16ae6279e7188ed62be7e1.php 第 599 行.
SQL: SELECT `name` FROM `red_shop` WHERE `id` = 1 LIMIT 1   [ RunTime:0.0004s ]
NOTIC: [8] Use of undefined constant status - assumed 'status' E:\wamp\www\anti\Application\Runtime\Cache\Admin\dec36a080d16ae6279e7188ed62be7e1.php 第 611 行.
NOTIC: [8] Use of undefined constant status - assumed 'status' E:\wamp\www\anti\Application\Runtime\Cache\Admin\dec36a080d16ae6279e7188ed62be7e1.php 第 612 行.
NOTIC: [8] Use of undefined constant status - assumed 'status' E:\wamp\www\anti\Application\Runtime\Cache\Admin\dec36a080d16ae6279e7188ed62be7e1.php 第 613 行.
NOTIC: [8] Use of undefined constant status - assumed 'status' E:\wamp\www\anti\Application\Runtime\Cache\Admin\dec36a080d16ae6279e7188ed62be7e1.php 第 614 行.
NOTIC: [8] Undefined variable: code_page E:\wamp\www\anti\Application\Runtime\Cache\Admin\dec36a080d16ae6279e7188ed62be7e1.php 第 791 行.
NOTIC: [8] Undefined variable: tree E:\wamp\www\anti\Application\Runtime\Cache\Admin\dec36a080d16ae6279e7188ed62be7e1.php 第 826 行.
INFO: Run Behavior\ParseTemplateBehavior [ RunTime:0.126098s ]
INFO: [ view_parse ] --END-- [ RunTime:0.126229s ]
INFO: [ view_filter ] --START--
INFO: Run Behavior\WriteHtmlCacheBehavior [ RunTime:0.001768s ]
INFO: [ view_filter ] --END-- [ RunTime:0.001897s ]
INFO: [ app_end ] --START--
INFO: Run Behavior\ShowPageTraceBehavior [ RunTime:0.001829s ]
INFO: [ app_end ] --END-- [ RunTime:0.001969s ]

[ 2018-10-22T14:27:33+08:00 ] 127.0.0.1 /index.php/Admin/code/index
ERR: Cron:cron Runat 2018-10-22 14:27:33 Use 0.177575 s

[ 2018-10-22T14:27:34+08:00 ] 127.0.0.1 /index.php/Admin/code/index
INFO: [ app_init ] --START--
INFO: Run Behavior\BuildLiteBehavior [ RunTime:0.000034s ]
INFO: [ app_init ] --END-- [ RunTime:0.002461s ]
INFO: [ app_begin ] --START--
INFO: Run Behavior\ReadHtmlCacheBehavior [ RunTime:0.004199s ]
SQL: SHOW COLUMNS FROM `red_indent` [ RunTime:0.0637s ]
SQL: SELECT * FROM `red_indent` WHERE `status` = 2  [ RunTime:0.0004s ]
INFO: Run Behavior\CronRunBehavior [ RunTime:0.356238s ]
INFO: [ app_begin ] --END-- [ RunTime:0.360700s ]
SQL: SHOW COLUMNS FROM `red_code` [ RunTime:0.1011s ]
SQL: SELECT `id`,`number` FROM `red_code` ORDER BY id desc LIMIT 1   [ RunTime:0.0030s ]
SQL: SHOW COLUMNS FROM `red_code_num` [ RunTime:0.0396s ]
SQL: SELECT COUNT(*) AS tp_count FROM `red_code_num` LIMIT 1   [ RunTime:0.0011s ]
NOTIC: [8] Undefined index: p E:\wamp\www\anti\Application\Admin\Controller\CodeController.class.php 第 19 行.
SQL: SELECT * FROM `red_code_num` ORDER BY id desc LIMIT 0,25   [ RunTime:0.0005s ]
INFO: [ view_parse ] --START--
INFO: [ template_filter ] --START--
INFO: Run Behavior\ContentReplaceBehavior [ RunTime:0.000247s ]
INFO: [ template_filter ] --END-- [ RunTime:0.000382s ]
NOTIC: [8] Undefined variable: vo E:\wamp\www\anti\Application\Runtime\Cache\Admin\e4115922dbeab584d8de8ec3503939dc.php 第 555 行.
NOTIC: [8] Use of undefined constant id - assumed 'id' E:\wamp\www\anti\Application\Runtime\Cache\Admin\e4115922dbeab584d8de8ec3503939dc.php 第 594 行.
SQL: SELECT COUNT(*) AS tp_count FROM `red_code` WHERE `code_num_id` = 20 LIMIT 1   [ RunTime:0.0004s ]
SQL: SHOW COLUMNS FROM `red_shop` [ RunTime:0.0527s ]
SQL: SELECT `name` FROM `red_shop` WHERE `id` = 1 LIMIT 1   [ RunTime:0.0003s ]
NOTIC: [8] Undefined index: status E:\wamp\www\anti\Application\Runtime\Cache\Admin\e4115922dbeab584d8de8ec3503939dc.php 第 612 行.
NOTIC: [8] Use of undefined constant id - assumed 'id' E:\wamp\www\anti\Application\Runtime\Cache\Admin\e4115922dbeab584d8de8ec3503939dc.php 第 594 行.
SQL: SELECT COUNT(*) AS tp_count FROM `red_code` WHERE `code_num_id` = 19 LIMIT 1   [ RunTime:0.0003s ]
SQL: SELECT `name` FROM `red_shop` WHERE `id` = 2 LIMIT 1   [ RunTime:0.0127s ]
NOTIC: [8] Undefined index: status E:\wamp\www\anti\Application\Runtime\Cache\Admin\e4115922dbeab584d8de8ec3503939dc.php 第 612 行.
NOTIC: [8] Use of undefined constant id - assumed 'id' E:\wamp\www\anti\Application\Runtime\Cache\Admin\e4115922dbeab584d8de8ec3503939dc.php 第 594 行.
SQL: SELECT COUNT(*) AS tp_count FROM `red_code` WHERE `code_num_id` = 18 LIMIT 1   [ RunTime:0.0004s ]
NOTIC: [8] Undefined index: status E:\wamp\www\anti\Application\Runtime\Cache\Admin\e4115922dbeab584d8de8ec3503939dc.php 第 612 行.
NOTIC: [8] Use of undefined constant id - assumed 'id' E:\wamp\www\anti\Application\Runtime\Cache\Admin\e4115922dbeab584d8de8ec3503939dc.php 第 594 行.
SQL: SELECT COUNT(*) AS tp_count FROM `red_code` WHERE `code_num_id` = 17 LIMIT 1   [ RunTime:0.0004s ]
SQL: SELECT `name` FROM `red_shop` WHERE `id` = 1 LIMIT 1   [ RunTime:0.0005s ]
NOTIC: [8] Undefined index: status E:\wamp\www\anti\Application\Runtime\Cache\Admin\e4115922dbeab584d8de8ec3503939dc.php 第 612 行.
NOTIC: [8] Use of undefined constant id - assumed 'id' E:\wamp\www\anti\Application\Runtime\Cache\Admin\e4115922dbeab584d8de8ec3503939dc.php 第 594 行.
SQL: SELECT COUNT(*) AS tp_count FROM `red_code` WHERE `code_num_id` = 16 LIMIT 1   [ RunTime:0.0003s ]
SQL: SELECT `name` FROM `red_shop` WHERE `id` = 1 LIMIT 1   [ RunTime:0.0002s ]
NOTIC: [8] Undefined index: status E:\wamp\www\anti\Application\Runtime\Cache\Admin\e4115922dbeab584d8de8ec3503939dc.php 第 612 行.
NOTIC: [8] Use of undefined constant id - assumed 'id' E:\wamp\www\anti\Application\Runtime\Cache\Admin\e4115922dbeab584d8de8ec3503939dc.php 第 594 行.
SQL: SELECT COUNT(*) AS tp_count FROM `red_code` WHERE `code_num_id` = 15 LIMIT 1   [ RunTime:0.0003s ]
NOTIC: [8] Undefined index: status E:\wamp\www\anti\Application\Runtime\Cache\Admin\e4115922dbeab584d8de8ec3503939dc.php 第 612 行.
NOTIC: [8] Use of undefined constant id - assumed 'id' E:\wamp\www\anti\Application\Runtime\Cache\Admin\e4115922dbeab584d8de8ec3503939dc.php 第 594 行.
SQL: SELECT COUNT(*) AS tp_count FROM `red_code` WHERE `code_num_id` = 14 LIMIT 1   [ RunTime:0.0003s ]
NOTIC: [8] Undefined index: status E:\wamp\www\anti\Application\Runtime\Cache\Admin\e4115922dbeab584d8de8ec3503939dc.php 第 612 行.
NOTIC: [8] Use of undefined constant id - assumed 'id' E:\wamp\www\anti\Application\Runtime\Cache\Admin\e4115922dbeab584d8de8ec3503939dc.php 第 594 行.
SQL: SELECT COUNT(*) AS tp_count FROM `red_code` WHERE `code_num_id` = 8 LIMIT 1   [ RunTime:0.0003s ]
NOTIC: [8] Undefined index: status E:\wamp\www\anti\Application\Runtime\Cache\Admin\e4115922dbeab584d8de8ec3503939dc.php 第 612 行.
NOTIC: [8] Use of undefined constant id - assumed 'id' E:\wamp\www\anti\Application\Runtime\Cache\Admin\e4115922dbeab584d8de8ec3503939dc.php 第 594 行.
SQL: SELECT COUNT(*) AS tp_count FROM `red_code` WHERE `code_num_id` = 7 LIMIT 1   [ RunTime:0.0003s ]
NOTIC: [8] Undefined index: status E:\wamp\www\anti\Application\Runtime\Cache\Admin\e4115922dbeab584d8de8ec3503939dc.php 第 612 行.
NOTIC: [8] Use of undefined constant id - assumed 'id' E:\wamp\www\anti\Application\Runtime\Cache\Admin\e4115922dbeab584d8de8ec3503939dc.php 第 594 行.
SQL: SELECT COUNT(*) AS tp_count FROM `red_code` WHERE `code_num_id` = 6 LIMIT 1   [ RunTime:0.0003s ]
NOTIC: [8] Undefined index: status E:\wamp\www\anti\Application\Runtime\Cache\Admin\e4115922dbeab584d8de8ec3503939dc.php 第 612 行.
SQL: SELECT COUNT(*) AS tp_count FROM `red_code` WHERE `code_num_id` = 20 LIMIT 1   [ RunTime:0.0006s ]
SQL: SELECT COUNT(*) AS tp_count FROM `red_code` WHERE `code_num_id` = 19 LIMIT 1   [ RunTime:0.0003s ]
SQL: SELECT COUNT(*) AS tp_count FROM `red_code` WHERE `code_num_id` = 18 LIMIT 1   [ RunTime:0.0002s ]
SQL: SELECT COUNT(*) AS tp_count FROM `red_code` WHERE `code_num_id` = 17 LIMIT 1   [ RunTime:0.0002s ]
SQL: SELECT COUNT(*) AS tp_count FROM `red_code` WHERE `code_num_id` = 16 LIMIT 1   [ RunTime:0.0002s ]
SQL: SELECT COUNT(*) AS tp_count FROM `red_code` WHERE `code_num_id` = 15 LIMIT 1   [ RunTime:0.0002s ]
SQL: SELECT COUNT(*) AS tp_count FROM `red_code` WHERE `code_num_id` = 14 LIMIT 1   [ RunTime:0.0003s ]
SQL: SELECT COUNT(*) AS tp_count FROM `red_code` WHERE `code_num_id` = 8 LIMIT 1   [ RunTime:0.0006s ]
SQL: SELECT COUNT(*) AS tp_count FROM `red_code` WHERE `code_num_id` = 7 LIMIT 1   [ RunTime:0.0007s ]
SQL: SELECT COUNT(*) AS tp_count FROM `red_code` WHERE `code_num_id` = 6 LIMIT 1   [ RunTime:0.0003s ]
INFO: Run Behavior\ParseTemplateBehavior [ RunTime:0.311671s ]
INFO: [ view_parse ] --END-- [ RunTime:0.311803s ]
INFO: [ view_filter ] --START--
INFO: Run Behavior\WriteHtmlCacheBehavior [ RunTime:0.019380s ]
INFO: [ view_filter ] --END-- [ RunTime:0.019551s ]
INFO: [ app_end ] --START--
INFO: Run Behavior\ShowPageTraceBehavior [ RunTime:0.002409s ]
INFO: [ app_end ] --END-- [ RunTime:0.002545s ]

[ 2018-10-22T14:27:43+08:00 ] 127.0.0.1 /index.php/Admin/Code/add
INFO: [ app_init ] --START--
INFO: Run Behavior\BuildLiteBehavior [ RunTime:0.000033s ]
INFO: [ app_init ] --END-- [ RunTime:0.002115s ]
INFO: [ app_begin ] --START--
INFO: Run Behavior\ReadHtmlCacheBehavior [ RunTime:0.001655s ]
INFO: Run Behavior\CronRunBehavior [ RunTime:0.014688s ]
INFO: [ app_begin ] --END-- [ RunTime:0.017002s ]
SQL: SHOW COLUMNS FROM `red_code_num` [ RunTime:0.0501s ]
SQL: INSERT INTO `red_code_num` (`code_number`,`pici`,`time`) VALUES ('000029--000038','1540189661','1540189661') [ RunTime:0.4526s ]
SQL: SHOW COLUMNS FROM `red_code` [ RunTime:0.0562s ]
SQL: INSERT INTO `red_code` (`number`,`pici`,`code_num_id`) VALUES ('000029','1540189661','21') [ RunTime:0.0540s ]
SQL: INSERT INTO `red_code` (`number`,`pici`,`code_num_id`) VALUES ('000030','1540189661','21') [ RunTime:0.0493s ]
SQL: INSERT INTO `red_code` (`number`,`pici`,`code_num_id`) VALUES ('000031','1540189661','21') [ RunTime:0.0246s ]
SQL: INSERT INTO `red_code` (`number`,`pici`,`code_num_id`) VALUES ('000032','1540189661','21') [ RunTime:0.0661s ]
SQL: INSERT INTO `red_code` (`number`,`pici`,`code_num_id`) VALUES ('000033','1540189661','21') [ RunTime:0.0959s ]
SQL: INSERT INTO `red_code` (`number`,`pici`,`code_num_id`) VALUES ('000034','1540189661','21') [ RunTime:0.0998s ]
SQL: INSERT INTO `red_code` (`number`,`pici`,`code_num_id`) VALUES ('000035','1540189661','21') [ RunTime:0.0616s ]
SQL: INSERT INTO `red_code` (`number`,`pici`,`code_num_id`) VALUES ('000036','1540189661','21') [ RunTime:0.0492s ]
SQL: INSERT INTO `red_code` (`number`,`pici`,`code_num_id`) VALUES ('000037','1540189661','21') [ RunTime:0.0756s ]
SQL: INSERT INTO `red_code` (`number`,`pici`,`code_num_id`) VALUES ('000038','1540189661','21') [ RunTime:0.1486s ]
NOTIC: [2] Missing argument 3 for show(), called in E:\wamp\www\anti\Application\Admin\Controller\CodeController.class.php on line 57 and defined E:\wamp\www\anti\Application\Common\Common\function.php 第 12 行.
NOTIC: [8] Undefined variable: data E:\wamp\www\anti\Application\Common\Common\function.php 第 16 行.

[ 2018-10-22T14:27:44+08:00 ] 127.0.0.1 /index.php/Admin/Code/index
ERR: Cron:cron Runat 2018-10-22 14:27:44 Use 0.092264 s

[ 2018-10-22T14:27:44+08:00 ] 127.0.0.1 /index.php/Admin/Code/index
INFO: [ app_init ] --START--
INFO: Run Behavior\BuildLiteBehavior [ RunTime:0.000034s ]
INFO: [ app_init ] --END-- [ RunTime:0.001667s ]
INFO: [ app_begin ] --START--
INFO: Run Behavior\ReadHtmlCacheBehavior [ RunTime:0.001514s ]
SQL: SHOW COLUMNS FROM `red_indent` [ RunTime:0.0736s ]
SQL: SELECT * FROM `red_indent` WHERE `status` = 2  [ RunTime:0.0005s ]
INFO: Run Behavior\CronRunBehavior [ RunTime:0.131931s ]
INFO: [ app_begin ] --END-- [ RunTime:0.133710s ]
SQL: SHOW COLUMNS FROM `red_code` [ RunTime:0.0561s ]
SQL: SELECT `id`,`number` FROM `red_code` ORDER BY id desc LIMIT 1   [ RunTime:0.0026s ]
SQL: SHOW COLUMNS FROM `red_code_num` [ RunTime:0.0817s ]
SQL: SELECT COUNT(*) AS tp_count FROM `red_code_num` LIMIT 1   [ RunTime:0.0003s ]
NOTIC: [8] Undefined index: p E:\wamp\www\anti\Application\Admin\Controller\CodeController.class.php 第 19 行.
SQL: SELECT * FROM `red_code_num` ORDER BY id desc LIMIT 0,25   [ RunTime:0.0003s ]
INFO: [ view_parse ] --START--
INFO: [ template_filter ] --START--
INFO: Run Behavior\ContentReplaceBehavior [ RunTime:0.000309s ]
INFO: [ template_filter ] --END-- [ RunTime:0.000458s ]
NOTIC: [8] Undefined variable: vo E:\wamp\www\anti\Application\Runtime\Cache\Admin\e4115922dbeab584d8de8ec3503939dc.php 第 555 行.
NOTIC: [8] Use of undefined constant id - assumed 'id' E:\wamp\www\anti\Application\Runtime\Cache\Admin\e4115922dbeab584d8de8ec3503939dc.php 第 594 行.
SQL: SELECT COUNT(*) AS tp_count FROM `red_code` WHERE `code_num_id` = 21 LIMIT 1   [ RunTime:0.0014s ]
NOTIC: [8] Undefined index: status E:\wamp\www\anti\Application\Runtime\Cache\Admin\e4115922dbeab584d8de8ec3503939dc.php 第 612 行.
NOTIC: [8] Use of undefined constant id - assumed 'id' E:\wamp\www\anti\Application\Runtime\Cache\Admin\e4115922dbeab584d8de8ec3503939dc.php 第 594 行.
SQL: SELECT COUNT(*) AS tp_count FROM `red_code` WHERE `code_num_id` = 20 LIMIT 1   [ RunTime:0.0003s ]
SQL: SHOW COLUMNS FROM `red_shop` [ RunTime:0.0537s ]
SQL: SELECT `name` FROM `red_shop` WHERE `id` = 1 LIMIT 1   [ RunTime:0.0005s ]
NOTIC: [8] Undefined index: status E:\wamp\www\anti\Application\Runtime\Cache\Admin\e4115922dbeab584d8de8ec3503939dc.php 第 612 行.
NOTIC: [8] Use of undefined constant id - assumed 'id' E:\wamp\www\anti\Application\Runtime\Cache\Admin\e4115922dbeab584d8de8ec3503939dc.php 第 594 行.
SQL: SELECT COUNT(*) AS tp_count FROM `red_code` WHERE `code_num_id` = 19 LIMIT 1   [ RunTime:0.0004s ]
SQL: SELECT `name` FROM `red_shop` WHERE `id` = 2 LIMIT 1   [ RunTime:0.0004s ]
NOTIC: [8] Undefined index: status E:\wamp\www\anti\Application\Runtime\Cache\Admin\e4115922dbeab584d8de8ec3503939dc.php 第 612 行.
NOTIC: [8] Use of undefined constant id - assumed 'id' E:\wamp\www\anti\Application\Runtime\Cache\Admin\e4115922dbeab584d8de8ec3503939dc.php 第 594 行.
SQL: SELECT COUNT(*) AS tp_count FROM `red_code` WHERE `code_num_id` = 18 LIMIT 1   [ RunTime:0.0004s ]
NOTIC: [8] Undefined index: status E:\wamp\www\anti\Application\Runtime\Cache\Admin\e4115922dbeab584d8de8ec3503939dc.php 第 612 行.
NOTIC: [8] Use of undefined constant id - assumed 'id' E:\wamp\www\anti\Application\Runtime\Cache\Admin\e4115922dbeab584d8de8ec3503939dc.php 第 594 行.
SQL: SELECT COUNT(*) AS tp_count FROM `red_code` WHERE `code_num_id` = 17 LIMIT 1   [ RunTime:0.0005s ]
SQL: SELECT `name` FROM `red_shop` WHERE `id` = 1 LIMIT 1   [ RunTime:0.0003s ]
NOTIC: [8] Undefined index: status E:\wamp\www\anti\Application\Runtime\Cache\Admin\e4115922dbeab584d8de8ec3503939dc.php 第 612 行.
NOTIC: [8] Use of undefined constant id - assumed 'id' E:\wamp\www\anti\Application\Runtime\Cache\Admin\e4115922dbeab584d8de8ec3503939dc.php 第 594 行.
SQL: SELECT COUNT(*) AS tp_count FROM `red_code` WHERE `code_num_id` = 16 LIMIT 1   [ RunTime:0.0004s ]
SQL: SELECT `name` FROM `red_shop` WHERE `id` = 1 LIMIT 1   [ RunTime:0.0005s ]
NOTIC: [8] Undefined index: status E:\wamp\www\anti\Application\Runtime\Cache\Admin\e4115922dbeab584d8de8ec3503939dc.php 第 612 行.
NOTIC: [8] Use of undefined constant id - assumed 'id' E:\wamp\www\anti\Application\Runtime\Cache\Admin\e4115922dbeab584d8de8ec3503939dc.php 第 594 行.
SQL: SELECT COUNT(*) AS tp_count FROM `red_code` WHERE `code_num_id` = 15 LIMIT 1   [ RunTime:0.0004s ]
NOTIC: [8] Undefined index: status E:\wamp\www\anti\Application\Runtime\Cache\Admin\e4115922dbeab584d8de8ec3503939dc.php 第 612 行.
NOTIC: [8] Use of undefined constant id - assumed 'id' E:\wamp\www\anti\Application\Runtime\Cache\Admin\e4115922dbeab584d8de8ec3503939dc.php 第 594 行.
SQL: SELECT COUNT(*) AS tp_count FROM `red_code` WHERE `code_num_id` = 14 LIMIT 1   [ RunTime:0.0003s ]
NOTIC: [8] Undefined index: status E:\wamp\www\anti\Application\Runtime\Cache\Admin\e4115922dbeab584d8de8ec3503939dc.php 第 612 行.
NOTIC: [8] Use of undefined constant id - assumed 'id' E:\wamp\www\anti\Application\Runtime\Cache\Admin\e4115922dbeab584d8de8ec3503939dc.php 第 594 行.
SQL: SELECT COUNT(*) AS tp_count FROM `red_code` WHERE `code_num_id` = 8 LIMIT 1   [ RunTime:0.0003s ]
NOTIC: [8] Undefined index: status E:\wamp\www\anti\Application\Runtime\Cache\Admin\e4115922dbeab584d8de8ec3503939dc.php 第 612 行.
NOTIC: [8] Use of undefined constant id - assumed 'id' E:\wamp\www\anti\Application\Runtime\Cache\Admin\e4115922dbeab584d8de8ec3503939dc.php 第 594 行.
SQL: SELECT COUNT(*) AS tp_count FROM `red_code` WHERE `code_num_id` = 7 LIMIT 1   [ RunTime:0.0003s ]
NOTIC: [8] Undefined index: status E:\wamp\www\anti\Application\Runtime\Cache\Admin\e4115922dbeab584d8de8ec3503939dc.php 第 612 行.
NOTIC: [8] Use of undefined constant id - assumed 'id' E:\wamp\www\anti\Application\Runtime\Cache\Admin\e4115922dbeab584d8de8ec3503939dc.php 第 594 行.
SQL: SELECT COUNT(*) AS tp_count FROM `red_code` WHERE `code_num_id` = 6 LIMIT 1   [ RunTime:0.0003s ]
NOTIC: [8] Undefined index: status E:\wamp\www\anti\Application\Runtime\Cache\Admin\e4115922dbeab584d8de8ec3503939dc.php 第 612 行.
SQL: SELECT COUNT(*) AS tp_count FROM `red_code` WHERE `code_num_id` = 21 LIMIT 1   [ RunTime:0.0003s ]
SQL: SELECT COUNT(*) AS tp_count FROM `red_code` WHERE `code_num_id` = 20 LIMIT 1   [ RunTime:0.0003s ]
SQL: SELECT COUNT(*) AS tp_count FROM `red_code` WHERE `code_num_id` = 19 LIMIT 1   [ RunTime:0.0002s ]
SQL: SELECT COUNT(*) AS tp_count FROM `red_code` WHERE `code_num_id` = 18 LIMIT 1   [ RunTime:0.0003s ]
SQL: SELECT COUNT(*) AS tp_count FROM `red_code` WHERE `code_num_id` = 17 LIMIT 1   [ RunTime:0.0004s ]
SQL: SELECT COUNT(*) AS tp_count FROM `red_code` WHERE `code_num_id` = 16 LIMIT 1   [ RunTime:0.0005s ]
SQL: SELECT COUNT(*) AS tp_count FROM `red_code` WHERE `code_num_id` = 15 LIMIT 1   [ RunTime:0.0009s ]
SQL: SELECT COUNT(*) AS tp_count FROM `red_code` WHERE `code_num_id` = 14 LIMIT 1   [ RunTime:0.0003s ]
SQL: SELECT COUNT(*) AS tp_count FROM `red_code` WHERE `code_num_id` = 8 LIMIT 1   [ RunTime:0.0003s ]
SQL: SELECT COUNT(*) AS tp_count FROM `red_code` WHERE `code_num_id` = 7 LIMIT 1   [ RunTime:0.0003s ]
SQL: SELECT COUNT(*) AS tp_count FROM `red_code` WHERE `code_num_id` = 6 LIMIT 1   [ RunTime:0.0003s ]
INFO: Run Behavior\ParseTemplateBehavior [ RunTime:0.125438s ]
INFO: [ view_parse ] --END-- [ RunTime:0.125593s ]
INFO: [ view_filter ] --START--
INFO: Run Behavior\WriteHtmlCacheBehavior [ RunTime:0.001281s ]
INFO: [ view_filter ] --END-- [ RunTime:0.001411s ]
INFO: [ app_end ] --START--
INFO: Run Behavior\ShowPageTraceBehavior [ RunTime:0.001257s ]
INFO: [ app_end ] --END-- [ RunTime:0.001428s ]

