[ 2018-12-03T16:06:56+08:00 ] 127.0.0.1 /index.php/admin/login
ERR: Cron:cron Runat 2018-12-03 16:06:56 Use 3.106643 s

[ 2018-12-03T16:06:58+08:00 ] 127.0.0.1 /index.php/admin/login
INFO: [ app_init ] --START--
INFO: Run Behavior\BuildLiteBehavior [ RunTime:0.000033s ]
INFO: [ app_init ] --END-- [ RunTime:0.088880s ]
INFO: [ app_begin ] --START--
INFO: Run Behavior\ReadHtmlCacheBehavior [ RunTime:0.055334s ]
SQL: SHOW COLUMNS FROM `red_indent` [ RunTime:1.0144s ]
SQL: SELECT * FROM `red_indent` WHERE `status` = 2  [ RunTime:0.1661s ]
INFO: Run Behavior\CronRunBehavior [ RunTime:3.399824s ]
INFO: [ app_begin ] --END-- [ RunTime:3.466439s ]
INFO: [ view_parse ] --START--
INFO: [ template_filter ] --START--
INFO: Run Behavior\ContentReplaceBehavior [ RunTime:0.030613s ]
INFO: [ template_filter ] --END-- [ RunTime:0.030771s ]
INFO: Run Behavior\ParseTemplateBehavior [ RunTime:1.481466s ]
INFO: [ view_parse ] --END-- [ RunTime:1.481614s ]
INFO: [ view_filter ] --START--
INFO: Run Behavior\WriteHtmlCacheBehavior [ RunTime:0.314805s ]
INFO: [ view_filter ] --END-- [ RunTime:0.315636s ]
INFO: [ app_end ] --START--
INFO: Run Behavior\ShowPageTraceBehavior [ RunTime:0.141523s ]
INFO: [ app_end ] --END-- [ RunTime:0.142628s ]

[ 2018-12-03T16:07:02+08:00 ] 127.0.0.1 /index.php/Admin/login/verify.html
INFO: [ app_init ] --START--
INFO: Run Behavior\BuildLiteBehavior [ RunTime:0.000836s ]
INFO: [ app_init ] --END-- [ RunTime:0.003062s ]
INFO: [ app_begin ] --START--
INFO: Run Behavior\ReadHtmlCacheBehavior [ RunTime:0.002023s ]
INFO: Run Behavior\CronRunBehavior [ RunTime:0.104184s ]
INFO: [ app_begin ] --END-- [ RunTime:0.106469s ]
INFO: [ app_end ] --START--
INFO: Run Behavior\ShowPageTraceBehavior [ RunTime:0.001581s ]
INFO: [ app_end ] --END-- [ RunTime:0.001731s ]

[ 2018-12-03T16:07:09+08:00 ] 127.0.0.1 /index.php/Admin/Login/index
ERR: Cron:cron Runat 2018-12-03 16:07:09 Use 1.359575 s

[ 2018-12-03T16:07:09+08:00 ] 127.0.0.1 /index.php/Admin/Login/index
INFO: [ app_init ] --START--
INFO: Run Behavior\BuildLiteBehavior [ RunTime:0.000033s ]
INFO: [ app_init ] --END-- [ RunTime:0.001881s ]
INFO: [ app_begin ] --START--
INFO: Run Behavior\ReadHtmlCacheBehavior [ RunTime:0.001439s ]
SQL: SHOW COLUMNS FROM `red_indent` [ RunTime:0.1414s ]
SQL: SELECT * FROM `red_indent` WHERE `status` = 2  [ RunTime:0.0004s ]
INFO: Run Behavior\CronRunBehavior [ RunTime:1.403689s ]
INFO: [ app_begin ] --END-- [ RunTime:1.405355s ]
SQL: SHOW COLUMNS FROM `red_admin` [ RunTime:0.0983s ]
NOTIC: [2] Missing argument 3 for show(), called in E:\wamp\www\anti\Application\Admin\Controller\LoginController.class.php on line 15 and defined E:\wamp\www\anti\Application\Common\Common\function.php 第 483 行.
NOTIC: [8] Undefined variable: data E:\wamp\www\anti\Application\Common\Common\function.php 第 487 行.

[ 2018-12-03T16:07:13+08:00 ] 127.0.0.1 /index.php/Admin/Login/verify/0.577502322340752
INFO: [ app_init ] --START--
INFO: Run Behavior\BuildLiteBehavior [ RunTime:0.000033s ]
INFO: [ app_init ] --END-- [ RunTime:0.001223s ]
INFO: [ app_begin ] --START--
INFO: Run Behavior\ReadHtmlCacheBehavior [ RunTime:0.001458s ]
INFO: Run Behavior\CronRunBehavior [ RunTime:0.013507s ]
INFO: [ app_begin ] --END-- [ RunTime:0.015271s ]
INFO: [ app_end ] --START--
INFO: Run Behavior\ShowPageTraceBehavior [ RunTime:0.001827s ]
INFO: [ app_end ] --END-- [ RunTime:0.002058s ]

[ 2018-12-03T16:07:17+08:00 ] 127.0.0.1 /index.php/Admin/Login/index
ERR: Cron:cron Runat 2018-12-03 16:07:17 Use 0.081153 s

[ 2018-12-03T16:07:17+08:00 ] 127.0.0.1 /index.php/Admin/Login/index
INFO: [ app_init ] --START--
INFO: Run Behavior\BuildLiteBehavior [ RunTime:0.000032s ]
INFO: [ app_init ] --END-- [ RunTime:0.000927s ]
INFO: [ app_begin ] --START--
INFO: Run Behavior\ReadHtmlCacheBehavior [ RunTime:0.001149s ]
SQL: SHOW COLUMNS FROM `red_indent` [ RunTime:0.0640s ]
SQL: SELECT * FROM `red_indent` WHERE `status` = 2  [ RunTime:0.0004s ]
INFO: Run Behavior\CronRunBehavior [ RunTime:0.110695s ]
INFO: [ app_begin ] --END-- [ RunTime:0.112066s ]
SQL: SHOW COLUMNS FROM `red_admin` [ RunTime:0.0927s ]
SQL: SELECT * FROM `red_admin` WHERE ( username = "admin" ) LIMIT 1   [ RunTime:0.0754s ]
NOTIC: [2] Missing argument 3 for show(), called in E:\wamp\www\anti\Application\Admin\Controller\LoginController.class.php on line 30 and defined E:\wamp\www\anti\Application\Common\Common\function.php 第 483 行.
NOTIC: [8] Undefined variable: data E:\wamp\www\anti\Application\Common\Common\function.php 第 487 行.

[ 2018-12-03T16:07:18+08:00 ] 127.0.0.1 /index.php/Admin/index/index
INFO: [ app_init ] --START--
INFO: Run Behavior\BuildLiteBehavior [ RunTime:0.000031s ]
INFO: [ app_init ] --END-- [ RunTime:0.000905s ]
INFO: [ app_begin ] --START--
INFO: Run Behavior\ReadHtmlCacheBehavior [ RunTime:0.001247s ]
INFO: Run Behavior\CronRunBehavior [ RunTime:0.013828s ]
INFO: [ app_begin ] --END-- [ RunTime:0.015342s ]
SQL: SHOW COLUMNS FROM `red_shop` [ RunTime:0.0696s ]
SQL: SELECT COUNT(*) AS tp_count FROM `red_shop` WHERE `type` = 1 LIMIT 1   [ RunTime:0.0703s ]
SQL: SELECT COUNT(*) AS tp_count FROM `red_shop` WHERE `type` = 2 LIMIT 1   [ RunTime:0.0006s ]
SQL: SELECT COUNT(*) AS tp_count FROM `red_shop` WHERE `type` = 3 LIMIT 1   [ RunTime:0.0003s ]
SQL: SHOW COLUMNS FROM `red_money_record` [ RunTime:0.0493s ]
SQL: SELECT `money` FROM `red_money_record` WHERE `moneytype` = 1  [ RunTime:0.0005s ]
SQL: SHOW COLUMNS FROM `red_admin` [ RunTime:0.0292s ]
SQL: SELECT `percent` FROM `red_admin` LIMIT 1   [ RunTime:0.0004s ]
INFO: [ view_parse ] --START--
INFO: [ template_filter ] --START--
INFO: Run Behavior\ContentReplaceBehavior [ RunTime:0.000232s ]
INFO: [ template_filter ] --END-- [ RunTime:0.000382s ]
NOTIC: [8] Undefined variable: vo E:\wamp\www\anti\Application\Runtime\Cache\Admin\b595b808c2ebeeeb0478ffc30bb4e87a.php 第 717 行.
INFO: Run Behavior\ParseTemplateBehavior [ RunTime:0.100239s ]
INFO: [ view_parse ] --END-- [ RunTime:0.100390s ]
INFO: [ view_filter ] --START--
INFO: Run Behavior\WriteHtmlCacheBehavior [ RunTime:0.002382s ]
INFO: [ view_filter ] --END-- [ RunTime:0.002541s ]
INFO: [ app_end ] --START--
INFO: Run Behavior\ShowPageTraceBehavior [ RunTime:0.001239s ]
INFO: [ app_end ] --END-- [ RunTime:0.001371s ]

[ 2018-12-03T16:07:22+08:00 ] 127.0.0.1 /index.php/Admin/Index/charts
INFO: [ app_init ] --START--
INFO: Run Behavior\BuildLiteBehavior [ RunTime:0.000034s ]
INFO: [ app_init ] --END-- [ RunTime:0.000952s ]
INFO: [ app_begin ] --START--
INFO: Run Behavior\ReadHtmlCacheBehavior [ RunTime:0.002191s ]
INFO: Run Behavior\CronRunBehavior [ RunTime:0.007792s ]
INFO: [ app_begin ] --END-- [ RunTime:0.010239s ]
SQL: SHOW COLUMNS FROM `red_money_record` [ RunTime:0.0434s ]
SQL: SELECT `money` FROM `red_money_record` WHERE `time` BETWEEN 1543161600 AND 1543247999 AND `moneytype` = 1  [ RunTime:0.5227s ]
SQL: SHOW COLUMNS FROM `red_shop` [ RunTime:0.0495s ]
SQL: SELECT COUNT(*) AS tp_count FROM `red_shop` WHERE `time` BETWEEN 1543161600 AND 1543247999 AND `type` = 1 LIMIT 1   [ RunTime:0.0005s ]
SQL: SELECT COUNT(*) AS tp_count FROM `red_shop` WHERE `time` BETWEEN 1543161600 AND 1543247999 AND `type` = 2 LIMIT 1   [ RunTime:0.0003s ]
SQL: SELECT COUNT(*) AS tp_count FROM `red_shop` WHERE `time` BETWEEN 1543161600 AND 1543247999 AND `type` = 3 LIMIT 1   [ RunTime:0.0003s ]
NOTIC: [8] Use of undefined constant start_time - assumed 'start_time' E:\wamp\www\anti\Application\Admin\Controller\IndexController.class.php 第 56 行.
SQL: SELECT `money` FROM `red_money_record` WHERE `time` BETWEEN 1543248000 AND 1543334399 AND `moneytype` = 1  [ RunTime:0.0003s ]
SQL: SELECT COUNT(*) AS tp_count FROM `red_shop` WHERE `time` BETWEEN 1543248000 AND 1543334399 AND `type` = 1 LIMIT 1   [ RunTime:0.0004s ]
SQL: SELECT COUNT(*) AS tp_count FROM `red_shop` WHERE `time` BETWEEN 1543248000 AND 1543334399 AND `type` = 2 LIMIT 1   [ RunTime:0.0004s ]
SQL: SELECT COUNT(*) AS tp_count FROM `red_shop` WHERE `time` BETWEEN 1543248000 AND 1543334399 AND `type` = 3 LIMIT 1   [ RunTime:0.0007s ]
NOTIC: [8] Use of undefined constant start_time - assumed 'start_time' E:\wamp\www\anti\Application\Admin\Controller\IndexController.class.php 第 56 行.
SQL: SELECT `money` FROM `red_money_record` WHERE `time` BETWEEN 1543334400 AND 1543420799 AND `moneytype` = 1  [ RunTime:0.0006s ]
SQL: SELECT COUNT(*) AS tp_count FROM `red_shop` WHERE `time` BETWEEN 1543334400 AND 1543420799 AND `type` = 1 LIMIT 1   [ RunTime:0.0004s ]
SQL: SELECT COUNT(*) AS tp_count FROM `red_shop` WHERE `time` BETWEEN 1543334400 AND 1543420799 AND `type` = 2 LIMIT 1   [ RunTime:0.0003s ]
SQL: SELECT COUNT(*) AS tp_count FROM `red_shop` WHERE `time` BETWEEN 1543334400 AND 1543420799 AND `type` = 3 LIMIT 1   [ RunTime:0.0003s ]
NOTIC: [8] Use of undefined constant start_time - assumed 'start_time' E:\wamp\www\anti\Application\Admin\Controller\IndexController.class.php 第 56 行.
SQL: SELECT `money` FROM `red_money_record` WHERE `time` BETWEEN 1543420800 AND 1543507199 AND `moneytype` = 1  [ RunTime:0.0003s ]
SQL: SELECT COUNT(*) AS tp_count FROM `red_shop` WHERE `time` BETWEEN 1543420800 AND 1543507199 AND `type` = 1 LIMIT 1   [ RunTime:0.0003s ]
SQL: SELECT COUNT(*) AS tp_count FROM `red_shop` WHERE `time` BETWEEN 1543420800 AND 1543507199 AND `type` = 2 LIMIT 1   [ RunTime:0.0003s ]
SQL: SELECT COUNT(*) AS tp_count FROM `red_shop` WHERE `time` BETWEEN 1543420800 AND 1543507199 AND `type` = 3 LIMIT 1   [ RunTime:0.0004s ]
NOTIC: [8] Use of undefined constant start_time - assumed 'start_time' E:\wamp\www\anti\Application\Admin\Controller\IndexController.class.php 第 56 行.
SQL: SELECT `money` FROM `red_money_record` WHERE `time` BETWEEN 1543507200 AND 1543593599 AND `moneytype` = 1  [ RunTime:0.0004s ]
SQL: SELECT COUNT(*) AS tp_count FROM `red_shop` WHERE `time` BETWEEN 1543507200 AND 1543593599 AND `type` = 1 LIMIT 1   [ RunTime:0.0003s ]
SQL: SELECT COUNT(*) AS tp_count FROM `red_shop` WHERE `time` BETWEEN 1543507200 AND 1543593599 AND `type` = 2 LIMIT 1   [ RunTime:0.0004s ]
SQL: SELECT COUNT(*) AS tp_count FROM `red_shop` WHERE `time` BETWEEN 1543507200 AND 1543593599 AND `type` = 3 LIMIT 1   [ RunTime:0.0003s ]
NOTIC: [8] Use of undefined constant start_time - assumed 'start_time' E:\wamp\www\anti\Application\Admin\Controller\IndexController.class.php 第 56 行.
SQL: SELECT `money` FROM `red_money_record` WHERE `time` BETWEEN 1543593600 AND 1543679999 AND `moneytype` = 1  [ RunTime:0.0003s ]
SQL: SELECT COUNT(*) AS tp_count FROM `red_shop` WHERE `time` BETWEEN 1543593600 AND 1543679999 AND `type` = 1 LIMIT 1   [ RunTime:0.0003s ]
SQL: SELECT COUNT(*) AS tp_count FROM `red_shop` WHERE `time` BETWEEN 1543593600 AND 1543679999 AND `type` = 2 LIMIT 1   [ RunTime:0.0004s ]
SQL: SELECT COUNT(*) AS tp_count FROM `red_shop` WHERE `time` BETWEEN 1543593600 AND 1543679999 AND `type` = 3 LIMIT 1   [ RunTime:0.0005s ]
NOTIC: [8] Use of undefined constant start_time - assumed 'start_time' E:\wamp\www\anti\Application\Admin\Controller\IndexController.class.php 第 56 行.
SQL: SELECT `money` FROM `red_money_record` WHERE `time` BETWEEN 1543680000 AND 1543766399 AND `moneytype` = 1  [ RunTime:0.0004s ]
SQL: SELECT COUNT(*) AS tp_count FROM `red_shop` WHERE `time` BETWEEN 1543680000 AND 1543766399 AND `type` = 1 LIMIT 1   [ RunTime:0.0004s ]
SQL: SELECT COUNT(*) AS tp_count FROM `red_shop` WHERE `time` BETWEEN 1543680000 AND 1543766399 AND `type` = 2 LIMIT 1   [ RunTime:0.0004s ]
SQL: SELECT COUNT(*) AS tp_count FROM `red_shop` WHERE `time` BETWEEN 1543680000 AND 1543766399 AND `type` = 3 LIMIT 1   [ RunTime:0.0004s ]
NOTIC: [8] Use of undefined constant start_time - assumed 'start_time' E:\wamp\www\anti\Application\Admin\Controller\IndexController.class.php 第 56 行.
SQL: SELECT `money` FROM `red_money_record` WHERE `time` BETWEEN 1543766400 AND 1543852799 AND `moneytype` = 1  [ RunTime:0.0004s ]
SQL: SELECT COUNT(*) AS tp_count FROM `red_shop` WHERE `time` BETWEEN 1543766400 AND 1543852799 AND `type` = 1 LIMIT 1   [ RunTime:0.0003s ]
SQL: SELECT COUNT(*) AS tp_count FROM `red_shop` WHERE `time` BETWEEN 1543766400 AND 1543852799 AND `type` = 2 LIMIT 1   [ RunTime:0.0005s ]
SQL: SELECT COUNT(*) AS tp_count FROM `red_shop` WHERE `time` BETWEEN 1543766400 AND 1543852799 AND `type` = 3 LIMIT 1   [ RunTime:0.0003s ]
NOTIC: [8] Use of undefined constant start_time - assumed 'start_time' E:\wamp\www\anti\Application\Admin\Controller\IndexController.class.php 第 56 行.

[ 2018-12-03T16:07:24+08:00 ] 127.0.0.1 /index.php/Admin/activity/record
INFO: [ app_init ] --START--
INFO: Run Behavior\BuildLiteBehavior [ RunTime:0.000034s ]
INFO: [ app_init ] --END-- [ RunTime:0.001045s ]
INFO: [ app_begin ] --START--
INFO: Run Behavior\ReadHtmlCacheBehavior [ RunTime:0.001505s ]
INFO: Run Behavior\CronRunBehavior [ RunTime:0.007546s ]
INFO: [ app_begin ] --END-- [ RunTime:0.009346s ]
NOTIC: [8] Undefined index: start_time E:\wamp\www\anti\Application\Admin\Controller\ActivityController.class.php 第 152 行.
NOTIC: [8] Undefined index: end_time E:\wamp\www\anti\Application\Admin\Controller\ActivityController.class.php 第 153 行.
NOTIC: [8] Undefined index: key E:\wamp\www\anti\Application\Admin\Controller\ActivityController.class.php 第 154 行.
SQL: SHOW COLUMNS FROM `red_money_record` [ RunTime:0.0327s ]
NOTIC: [8] Undefined variable: where E:\wamp\www\anti\Application\Admin\Controller\ActivityController.class.php 第 165 行.
SQL: SHOW COLUMNS FROM `red_money_record` [ RunTime:0.0347s ]
SQL: SELECT COUNT(*) AS tp_count FROM red_money_record money,red_shop shop WHERE ( money.userid=shop.id and money.moneytype=1 ) LIMIT 1   [ RunTime:0.1080s ]
NOTIC: [8] Undefined index: p E:\wamp\www\anti\Application\Admin\Controller\ActivityController.class.php 第 167 行.
NOTIC: [8] Undefined variable: where E:\wamp\www\anti\Application\Admin\Controller\ActivityController.class.php 第 174 行.
SQL: SHOW COLUMNS FROM `red_money_record` [ RunTime:0.0471s ]
SQL: SELECT money.money,money.time,shop.name FROM red_money_record money,red_shop shop WHERE ( money.userid=shop.id and money.moneytype=1 ) ORDER BY money.time desc LIMIT 0,20   [ RunTime:0.0605s ]
INFO: [ view_parse ] --START--
INFO: [ template_filter ] --START--
INFO: Run Behavior\ContentReplaceBehavior [ RunTime:0.000225s ]
INFO: [ template_filter ] --END-- [ RunTime:0.000360s ]
NOTIC: [8] Use of undefined constant page - assumed 'page' E:\wamp\www\anti\Application\Runtime\Cache\Admin\ae55e1e5412944f6e3213faea8a9075d.php 第 587 行.

[ 2018-12-03T16:45:54+08:00 ] 127.0.0.1 /index.php/Admin/activity/record
ERR: Cron:cron Runat 2018-12-03 16:45:54 Use 1.872115 s

[ 2018-12-03T16:45:57+08:00 ] 127.0.0.1 /index.php/Admin/activity/record
INFO: [ app_init ] --START--
INFO: Run Behavior\BuildLiteBehavior [ RunTime:0.000090s ]
INFO: [ app_init ] --END-- [ RunTime:0.001659s ]
INFO: [ app_begin ] --START--
INFO: Run Behavior\ReadHtmlCacheBehavior [ RunTime:0.003064s ]
SQL: SHOW COLUMNS FROM `red_indent` [ RunTime:0.5349s ]
SQL: SELECT * FROM `red_indent` WHERE `status` = 2  [ RunTime:0.0013s ]
INFO: Run Behavior\CronRunBehavior [ RunTime:2.164845s ]
INFO: [ app_begin ] --END-- [ RunTime:2.168184s ]
NOTIC: [8] Undefined index: start_time E:\wamp\www\anti\Application\Admin\Controller\ActivityController.class.php 第 152 行.
NOTIC: [8] Undefined index: end_time E:\wamp\www\anti\Application\Admin\Controller\ActivityController.class.php 第 153 行.
NOTIC: [8] Undefined index: key E:\wamp\www\anti\Application\Admin\Controller\ActivityController.class.php 第 154 行.
SQL: SHOW COLUMNS FROM `red_money_record` [ RunTime:0.0792s ]
NOTIC: [8] Undefined variable: where E:\wamp\www\anti\Application\Admin\Controller\ActivityController.class.php 第 165 行.
SQL: SHOW COLUMNS FROM `red_money_record` [ RunTime:0.1346s ]
SQL: SELECT COUNT(*) AS tp_count FROM red_money_record money,red_shop shop WHERE ( money.userid=shop.id and money.moneytype=1 and money.status=0  ) LIMIT 1   [ RunTime:0.0870s ]
NOTIC: [8] Undefined index: p E:\wamp\www\anti\Application\Admin\Controller\ActivityController.class.php 第 167 行.
NOTIC: [8] Undefined variable: where E:\wamp\www\anti\Application\Admin\Controller\ActivityController.class.php 第 174 行.
SQL: SHOW COLUMNS FROM `red_money_record` [ RunTime:0.2754s ]
SQL: SELECT money.money,money.time,shop.name FROM red_money_record money,red_shop shop WHERE ( money.userid=shop.id and money.moneytype=1 and money.status=0 ) ORDER BY money.time desc LIMIT 0,20   [ RunTime:0.0022s ]
INFO: [ view_parse ] --START--
INFO: [ template_filter ] --START--
INFO: Run Behavior\ContentReplaceBehavior [ RunTime:0.000228s ]
INFO: [ template_filter ] --END-- [ RunTime:0.000360s ]
NOTIC: [8] Undefined index: id E:\wamp\www\anti\Application\Runtime\Cache\Admin\ae55e1e5412944f6e3213faea8a9075d.php 第 681 行.
NOTIC: [8] Undefined index: code_number E:\wamp\www\anti\Application\Runtime\Cache\Admin\ae55e1e5412944f6e3213faea8a9075d.php 第 695 行.
NOTIC: [8] Undefined index: id E:\wamp\www\anti\Application\Runtime\Cache\Admin\ae55e1e5412944f6e3213faea8a9075d.php 第 701 行.
SQL: SHOW COLUMNS FROM `red_code` [ RunTime:0.1780s ]
SQL: SELECT COUNT(*) AS tp_count FROM `red_code` WHERE `code_num_id` = null LIMIT 1   [ RunTime:0.9152s ]
NOTIC: [8] Undefined index: id E:\wamp\www\anti\Application\Runtime\Cache\Admin\ae55e1e5412944f6e3213faea8a9075d.php 第 713 行.
NOTIC: [8] Undefined index: id E:\wamp\www\anti\Application\Runtime\Cache\Admin\ae55e1e5412944f6e3213faea8a9075d.php 第 681 行.
NOTIC: [8] Undefined index: code_number E:\wamp\www\anti\Application\Runtime\Cache\Admin\ae55e1e5412944f6e3213faea8a9075d.php 第 695 行.
NOTIC: [8] Undefined index: id E:\wamp\www\anti\Application\Runtime\Cache\Admin\ae55e1e5412944f6e3213faea8a9075d.php 第 701 行.
SQL: SELECT COUNT(*) AS tp_count FROM `red_code` WHERE `code_num_id` = null LIMIT 1   [ RunTime:0.0007s ]
NOTIC: [8] Undefined index: id E:\wamp\www\anti\Application\Runtime\Cache\Admin\ae55e1e5412944f6e3213faea8a9075d.php 第 713 行.
NOTIC: [8] Undefined variable: prov E:\wamp\www\anti\Application\Runtime\Cache\Admin\ae55e1e5412944f6e3213faea8a9075d.php 第 767 行.
NOTIC: [8] Undefined variable: prov E:\wamp\www\anti\Application\Runtime\Cache\Admin\ae55e1e5412944f6e3213faea8a9075d.php 第 767 行.
INFO: Run Behavior\ParseTemplateBehavior [ RunTime:1.925359s ]
INFO: [ view_parse ] --END-- [ RunTime:1.925540s ]
INFO: [ view_filter ] --START--
INFO: Run Behavior\WriteHtmlCacheBehavior [ RunTime:0.025961s ]
INFO: [ view_filter ] --END-- [ RunTime:0.026095s ]
INFO: [ app_end ] --START--
INFO: Run Behavior\ShowPageTraceBehavior [ RunTime:0.023682s ]
INFO: [ app_end ] --END-- [ RunTime:0.023845s ]

[ 2018-12-03T16:46:06+08:00 ] 127.0.0.1 /index.php/Admin/activity/record
ERR: Cron:cron Runat 2018-12-03 16:46:06 Use 0.150865 s

[ 2018-12-03T16:46:06+08:00 ] 127.0.0.1 /index.php/Admin/activity/record
INFO: [ app_init ] --START--
INFO: Run Behavior\BuildLiteBehavior [ RunTime:0.000032s ]
INFO: [ app_init ] --END-- [ RunTime:0.006617s ]
INFO: [ app_begin ] --START--
INFO: Run Behavior\ReadHtmlCacheBehavior [ RunTime:0.001359s ]
SQL: SHOW COLUMNS FROM `red_indent` [ RunTime:0.1199s ]
SQL: SELECT * FROM `red_indent` WHERE `status` = 2  [ RunTime:0.0005s ]
INFO: Run Behavior\CronRunBehavior [ RunTime:0.205152s ]
INFO: [ app_begin ] --END-- [ RunTime:0.206799s ]
NOTIC: [8] Undefined index: start_time E:\wamp\www\anti\Application\Admin\Controller\ActivityController.class.php 第 152 行.
NOTIC: [8] Undefined index: end_time E:\wamp\www\anti\Application\Admin\Controller\ActivityController.class.php 第 153 行.
NOTIC: [8] Undefined index: key E:\wamp\www\anti\Application\Admin\Controller\ActivityController.class.php 第 154 行.
SQL: SHOW COLUMNS FROM `red_money_record` [ RunTime:0.0488s ]
NOTIC: [8] Undefined variable: where E:\wamp\www\anti\Application\Admin\Controller\ActivityController.class.php 第 165 行.
SQL: SHOW COLUMNS FROM `red_money_record` [ RunTime:0.0653s ]
SQL: SELECT COUNT(*) AS tp_count FROM red_money_record money,red_shop shop WHERE ( money.userid=shop.id and money.moneytype=1 and money.status=0  ) LIMIT 1   [ RunTime:0.0004s ]
NOTIC: [8] Undefined index: p E:\wamp\www\anti\Application\Admin\Controller\ActivityController.class.php 第 167 行.
NOTIC: [8] Undefined variable: where E:\wamp\www\anti\Application\Admin\Controller\ActivityController.class.php 第 174 行.
SQL: SHOW COLUMNS FROM `red_money_record` [ RunTime:0.0339s ]
SQL: SELECT money.money,money.time,shop.name FROM red_money_record money,red_shop shop WHERE ( money.userid=shop.id and money.moneytype=1 and money.status=0 ) ORDER BY money.time desc LIMIT 0,20   [ RunTime:0.0017s ]
INFO: [ view_parse ] --START--
INFO: [ template_filter ] --START--
INFO: Run Behavior\ContentReplaceBehavior [ RunTime:0.000271s ]
INFO: [ template_filter ] --END-- [ RunTime:0.000423s ]
NOTIC: [8] Undefined index: id E:\wamp\www\anti\Application\Runtime\Cache\Admin\ae55e1e5412944f6e3213faea8a9075d.php 第 681 行.
NOTIC: [8] Undefined index: code_number E:\wamp\www\anti\Application\Runtime\Cache\Admin\ae55e1e5412944f6e3213faea8a9075d.php 第 695 行.
NOTIC: [8] Undefined index: id E:\wamp\www\anti\Application\Runtime\Cache\Admin\ae55e1e5412944f6e3213faea8a9075d.php 第 701 行.
SQL: SHOW COLUMNS FROM `red_code` [ RunTime:0.0650s ]
SQL: SELECT COUNT(*) AS tp_count FROM `red_code` WHERE `code_num_id` = null LIMIT 1   [ RunTime:0.0008s ]
NOTIC: [8] Undefined index: id E:\wamp\www\anti\Application\Runtime\Cache\Admin\ae55e1e5412944f6e3213faea8a9075d.php 第 713 行.
NOTIC: [8] Undefined index: id E:\wamp\www\anti\Application\Runtime\Cache\Admin\ae55e1e5412944f6e3213faea8a9075d.php 第 681 行.
NOTIC: [8] Undefined index: code_number E:\wamp\www\anti\Application\Runtime\Cache\Admin\ae55e1e5412944f6e3213faea8a9075d.php 第 695 行.
NOTIC: [8] Undefined index: id E:\wamp\www\anti\Application\Runtime\Cache\Admin\ae55e1e5412944f6e3213faea8a9075d.php 第 701 行.
SQL: SELECT COUNT(*) AS tp_count FROM `red_code` WHERE `code_num_id` = null LIMIT 1   [ RunTime:0.0007s ]
NOTIC: [8] Undefined index: id E:\wamp\www\anti\Application\Runtime\Cache\Admin\ae55e1e5412944f6e3213faea8a9075d.php 第 713 行.
NOTIC: [8] Undefined variable: prov E:\wamp\www\anti\Application\Runtime\Cache\Admin\ae55e1e5412944f6e3213faea8a9075d.php 第 767 行.
NOTIC: [8] Undefined variable: prov E:\wamp\www\anti\Application\Runtime\Cache\Admin\ae55e1e5412944f6e3213faea8a9075d.php 第 767 行.
INFO: Run Behavior\ParseTemplateBehavior [ RunTime:0.172305s ]
INFO: [ view_parse ] --END-- [ RunTime:0.172454s ]
INFO: [ view_filter ] --START--
INFO: Run Behavior\WriteHtmlCacheBehavior [ RunTime:0.001192s ]
INFO: [ view_filter ] --END-- [ RunTime:0.001336s ]
INFO: [ app_end ] --START--
INFO: Run Behavior\ShowPageTraceBehavior [ RunTime:0.001310s ]
INFO: [ app_end ] --END-- [ RunTime:0.001461s ]

