[ 2018-12-05T10:15:53+08:00 ] 127.0.0.1 /index.php/admin/login
INFO: [ app_init ] --START--
INFO: Run Behavior\BuildLiteBehavior [ RunTime:0.000064s ]
INFO: [ app_init ] --END-- [ RunTime:0.040315s ]
INFO: [ app_begin ] --START--
INFO: Run Behavior\ReadHtmlCacheBehavior [ RunTime:0.026651s ]
ERR: SQLSTATE[HY000] [2002] ”…”⁄¡¨Ω”∑Ω‘⁄“ª∂Œ ±º‰∫Û√ª”–’˝»∑¥∏¥ªÚ¡¨Ω”µƒ÷˜ª˙√ª”–∑¥”¶£¨¡¨Ω”≥¢ ‘ ß∞‹°£


[ 2018-12-05T10:16:11+08:00 ] 127.0.0.1 /index.php/admin/login
INFO: [ app_init ] --START--
INFO: Run Behavior\BuildLiteBehavior [ RunTime:0.000034s ]
INFO: [ app_init ] --END-- [ RunTime:0.002522s ]
INFO: [ app_begin ] --START--
INFO: Run Behavior\ReadHtmlCacheBehavior [ RunTime:0.001135s ]
INFO: Run Behavior\CronRunBehavior [ RunTime:0.002746s ]
INFO: [ app_begin ] --END-- [ RunTime:0.004150s ]
INFO: [ view_parse ] --START--
INFO: [ template_filter ] --START--
INFO: Run Behavior\ContentReplaceBehavior [ RunTime:0.000130s ]
INFO: [ template_filter ] --END-- [ RunTime:0.000276s ]
INFO: Run Behavior\ParseTemplateBehavior [ RunTime:0.137055s ]
INFO: [ view_parse ] --END-- [ RunTime:0.137203s ]
INFO: [ view_filter ] --START--
INFO: Run Behavior\WriteHtmlCacheBehavior [ RunTime:0.045851s ]
INFO: [ view_filter ] --END-- [ RunTime:0.045987s ]
INFO: [ app_end ] --START--
INFO: Run Behavior\ShowPageTraceBehavior [ RunTime:0.030371s ]
INFO: [ app_end ] --END-- [ RunTime:0.030513s ]

[ 2018-12-05T10:16:12+08:00 ] 127.0.0.1 /index.php/Admin/login/verify.html
INFO: [ app_init ] --START--
INFO: Run Behavior\BuildLiteBehavior [ RunTime:0.000034s ]
INFO: [ app_init ] --END-- [ RunTime:0.001411s ]
INFO: [ app_begin ] --START--
INFO: Run Behavior\ReadHtmlCacheBehavior [ RunTime:0.001875s ]
INFO: Run Behavior\CronRunBehavior [ RunTime:0.002528s ]
INFO: [ app_begin ] --END-- [ RunTime:0.004662s ]
INFO: [ app_end ] --START--
INFO: Run Behavior\ShowPageTraceBehavior [ RunTime:0.001317s ]
INFO: [ app_end ] --END-- [ RunTime:0.001511s ]

[ 2018-12-05T10:16:15+08:00 ] 127.0.0.1 /index.php/admin/login
INFO: [ app_init ] --START--
INFO: Run Behavior\BuildLiteBehavior [ RunTime:0.000033s ]
INFO: [ app_init ] --END-- [ RunTime:0.000893s ]
INFO: [ app_begin ] --START--
INFO: Run Behavior\ReadHtmlCacheBehavior [ RunTime:0.001255s ]
INFO: Run Behavior\CronRunBehavior [ RunTime:0.003209s ]
INFO: [ app_begin ] --END-- [ RunTime:0.004727s ]
INFO: [ view_parse ] --START--
INFO: [ template_filter ] --START--
INFO: Run Behavior\ContentReplaceBehavior [ RunTime:0.000094s ]
INFO: [ template_filter ] --END-- [ RunTime:0.000253s ]
INFO: Run Behavior\ParseTemplateBehavior [ RunTime:0.077009s ]
INFO: [ view_parse ] --END-- [ RunTime:0.077166s ]
INFO: [ view_filter ] --START--
INFO: Run Behavior\WriteHtmlCacheBehavior [ RunTime:0.001457s ]
INFO: [ view_filter ] --END-- [ RunTime:0.001645s ]
INFO: [ app_end ] --START--
INFO: Run Behavior\ShowPageTraceBehavior [ RunTime:0.001466s ]
INFO: [ app_end ] --END-- [ RunTime:0.001613s ]

[ 2018-12-05T10:16:15+08:00 ] 127.0.0.1 /index.php/Admin/login/verify.html
INFO: [ app_init ] --START--
INFO: Run Behavior\BuildLiteBehavior [ RunTime:0.000042s ]
INFO: [ app_init ] --END-- [ RunTime:0.001386s ]
INFO: [ app_begin ] --START--
INFO: Run Behavior\ReadHtmlCacheBehavior [ RunTime:0.002500s ]
INFO: Run Behavior\CronRunBehavior [ RunTime:0.002183s ]
INFO: [ app_begin ] --END-- [ RunTime:0.005074s ]
INFO: [ app_end ] --START--
INFO: Run Behavior\ShowPageTraceBehavior [ RunTime:0.001401s ]
INFO: [ app_end ] --END-- [ RunTime:0.001584s ]

[ 2018-12-05T10:16:44+08:00 ] 127.0.0.1 /index.php/Admin/Login/index
INFO: [ app_init ] --START--
INFO: Run Behavior\BuildLiteBehavior [ RunTime:0.000033s ]
INFO: [ app_init ] --END-- [ RunTime:0.000910s ]
INFO: [ app_begin ] --START--
INFO: Run Behavior\ReadHtmlCacheBehavior [ RunTime:0.001359s ]
INFO: Run Behavior\CronRunBehavior [ RunTime:0.001461s ]
INFO: [ app_begin ] --END-- [ RunTime:0.003026s ]
ERR: SQLSTATE[HY000] [2002] ”…”⁄¡¨Ω”∑Ω‘⁄“ª∂Œ ±º‰∫Û√ª”–’˝»∑¥∏¥ªÚ¡¨Ω”µƒ÷˜ª˙√ª”–∑¥”¶£¨¡¨Ω”≥¢ ‘ ß∞‹°£


[ 2018-12-05T10:16:53+08:00 ] 127.0.0.1 /index.php/Admin/Login/index
INFO: [ app_init ] --START--
INFO: Run Behavior\BuildLiteBehavior [ RunTime:0.000032s ]
INFO: [ app_init ] --END-- [ RunTime:0.000982s ]
INFO: [ app_begin ] --START--
INFO: Run Behavior\ReadHtmlCacheBehavior [ RunTime:0.001332s ]
ERR: SQLSTATE[HY000] [2002] ”…”⁄¡¨Ω”∑Ω‘⁄“ª∂Œ ±º‰∫Û√ª”–’˝»∑¥∏¥ªÚ¡¨Ω”µƒ÷˜ª˙√ª”–∑¥”¶£¨¡¨Ω”≥¢ ‘ ß∞‹°£


[ 2018-12-05T10:17:05+08:00 ] 127.0.0.1 /index.php/Admin/Login/index
INFO: [ app_init ] --START--
INFO: Run Behavior\BuildLiteBehavior [ RunTime:0.000031s ]
INFO: [ app_init ] --END-- [ RunTime:0.000946s ]
INFO: [ app_begin ] --START--
INFO: Run Behavior\ReadHtmlCacheBehavior [ RunTime:0.001612s ]
INFO: Run Behavior\CronRunBehavior [ RunTime:0.001368s ]
INFO: [ app_begin ] --END-- [ RunTime:0.003232s ]
ERR: SQLSTATE[HY000] [2002] ”…”⁄¡¨Ω”∑Ω‘⁄“ª∂Œ ±º‰∫Û√ª”–’˝»∑¥∏¥ªÚ¡¨Ω”µƒ÷˜ª˙√ª”–∑¥”¶£¨¡¨Ω”≥¢ ‘ ß∞‹°£


[ 2018-12-05T10:17:27+08:00 ] 127.0.0.1 /index.php/Admin/Login/index
INFO: [ app_init ] --START--
INFO: Run Behavior\BuildLiteBehavior [ RunTime:0.000034s ]
INFO: [ app_init ] --END-- [ RunTime:0.001316s ]
INFO: [ app_begin ] --START--
INFO: Run Behavior\ReadHtmlCacheBehavior [ RunTime:0.001323s ]
INFO: Run Behavior\CronRunBehavior [ RunTime:0.002627s ]
INFO: [ app_begin ] --END-- [ RunTime:0.004773s ]
ERR: SQLSTATE[HY000] [2002] ”…”⁄¡¨Ω”∑Ω‘⁄“ª∂Œ ±º‰∫Û√ª”–’˝»∑¥∏¥ªÚ¡¨Ω”µƒ÷˜ª˙√ª”–∑¥”¶£¨¡¨Ω”≥¢ ‘ ß∞‹°£


[ 2018-12-05T10:17:27+08:00 ] 127.0.0.1 /index.php/admin/login
INFO: [ app_init ] --START--
INFO: Run Behavior\BuildLiteBehavior [ RunTime:0.000037s ]
INFO: [ app_init ] --END-- [ RunTime:0.004911s ]
INFO: [ app_begin ] --START--
INFO: Run Behavior\ReadHtmlCacheBehavior [ RunTime:0.001922s ]
INFO: Run Behavior\CronRunBehavior [ RunTime:0.003055s ]
INFO: [ app_begin ] --END-- [ RunTime:0.005299s ]
INFO: [ view_parse ] --START--
INFO: [ template_filter ] --START--
INFO: Run Behavior\ContentReplaceBehavior [ RunTime:0.000087s ]
INFO: [ template_filter ] --END-- [ RunTime:0.000220s ]
INFO: Run Behavior\ParseTemplateBehavior [ RunTime:0.051208s ]
INFO: [ view_parse ] --END-- [ RunTime:0.051367s ]
INFO: [ view_filter ] --START--
INFO: Run Behavior\WriteHtmlCacheBehavior [ RunTime:0.000833s ]
INFO: [ view_filter ] --END-- [ RunTime:0.000964s ]
INFO: [ app_end ] --START--
INFO: Run Behavior\ShowPageTraceBehavior [ RunTime:0.001080s ]
INFO: [ app_end ] --END-- [ RunTime:0.001217s ]

[ 2018-12-05T10:17:27+08:00 ] 127.0.0.1 /index.php/admin/login
INFO: [ app_init ] --START--
INFO: Run Behavior\BuildLiteBehavior [ RunTime:0.000408s ]
INFO: [ app_init ] --END-- [ RunTime:0.002025s ]
INFO: [ app_begin ] --START--
INFO: Run Behavior\ReadHtmlCacheBehavior [ RunTime:0.002185s ]
INFO: Run Behavior\CronRunBehavior [ RunTime:0.002125s ]
INFO: [ app_begin ] --END-- [ RunTime:0.004810s ]
INFO: [ view_parse ] --START--
INFO: [ template_filter ] --START--
INFO: Run Behavior\ContentReplaceBehavior [ RunTime:0.000120s ]
INFO: [ template_filter ] --END-- [ RunTime:0.000343s ]
INFO: Run Behavior\ParseTemplateBehavior [ RunTime:0.096924s ]
INFO: [ view_parse ] --END-- [ RunTime:0.097081s ]
INFO: [ view_filter ] --START--
INFO: Run Behavior\WriteHtmlCacheBehavior [ RunTime:0.002200s ]
INFO: [ view_filter ] --END-- [ RunTime:0.002425s ]
INFO: [ app_end ] --START--
INFO: Run Behavior\ShowPageTraceBehavior [ RunTime:0.002420s ]
INFO: [ app_end ] --END-- [ RunTime:0.002565s ]

[ 2018-12-05T10:17:27+08:00 ] 127.0.0.1 /index.php/Admin/login/verify.html
INFO: [ app_init ] --START--
INFO: Run Behavior\BuildLiteBehavior [ RunTime:0.000034s ]
INFO: [ app_init ] --END-- [ RunTime:0.001003s ]
INFO: [ app_begin ] --START--
INFO: Run Behavior\ReadHtmlCacheBehavior [ RunTime:0.001690s ]
INFO: Run Behavior\CronRunBehavior [ RunTime:0.001694s ]
INFO: [ app_begin ] --END-- [ RunTime:0.003637s ]
INFO: [ app_end ] --START--
INFO: Run Behavior\ShowPageTraceBehavior [ RunTime:0.001954s ]
INFO: [ app_end ] --END-- [ RunTime:0.002125s ]

[ 2018-12-05T10:17:38+08:00 ] 127.0.0.1 /index.php/Admin/Login/index
ERR: Cron:cron Runat 2018-12-05 10:17:38 Use 0.928763 s

[ 2018-12-05T10:17:38+08:00 ] 127.0.0.1 /index.php/Admin/Login/index
INFO: [ app_init ] --START--
INFO: Run Behavior\BuildLiteBehavior [ RunTime:0.000033s ]
INFO: [ app_init ] --END-- [ RunTime:0.001275s ]
INFO: [ app_begin ] --START--
INFO: Run Behavior\ReadHtmlCacheBehavior [ RunTime:0.002255s ]
SQL: SHOW COLUMNS FROM `red_indent` [ RunTime:0.3742s ]
SQL: SELECT * FROM `red_indent` WHERE `status` = 2  [ RunTime:0.3086s ]
INFO: Run Behavior\CronRunBehavior [ RunTime:0.965425s ]
INFO: [ app_begin ] --END-- [ RunTime:0.968158s ]
SQL: SHOW COLUMNS FROM `red_admin` [ RunTime:0.1157s ]
SQL: SELECT * FROM `red_admin` WHERE ( username = "admin" ) LIMIT 1   [ RunTime:0.0308s ]
NOTIC: [2] Missing argument 3 for show(), called in E:\wamp\www\anti\Application\Admin\Controller\LoginController.class.php on line 30 and defined E:\wamp\www\anti\Application\Common\Common\function.php Á¨¨ 483 Ë°å.
NOTIC: [8] Undefined variable: data E:\wamp\www\anti\Application\Common\Common\function.php Á¨¨ 487 Ë°å.

[ 2018-12-05T10:17:39+08:00 ] 127.0.0.1 /index.php/Admin/index/index
INFO: [ app_init ] --START--
INFO: Run Behavior\BuildLiteBehavior [ RunTime:0.000034s ]
INFO: [ app_init ] --END-- [ RunTime:0.001050s ]
INFO: [ app_begin ] --START--
INFO: Run Behavior\ReadHtmlCacheBehavior [ RunTime:0.001707s ]
INFO: Run Behavior\CronRunBehavior [ RunTime:0.015668s ]
INFO: [ app_begin ] --END-- [ RunTime:0.017668s ]
SQL: SHOW COLUMNS FROM `red_shop` [ RunTime:0.1193s ]
SQL: SELECT COUNT(*) AS tp_count FROM `red_shop` WHERE `type` = 1 LIMIT 1   [ RunTime:0.0339s ]
SQL: SELECT COUNT(*) AS tp_count FROM `red_shop` WHERE `type` = 2 LIMIT 1   [ RunTime:0.0005s ]
SQL: SELECT COUNT(*) AS tp_count FROM `red_shop` WHERE `type` = 3 LIMIT 1   [ RunTime:0.0004s ]
SQL: SHOW COLUMNS FROM `red_money_record` [ RunTime:0.0877s ]
SQL: SELECT `money` FROM `red_money_record` WHERE `moneytype` = 1  [ RunTime:0.0006s ]
SQL: SHOW COLUMNS FROM `red_admin` [ RunTime:0.0583s ]
SQL: SELECT `percent` FROM `red_admin` LIMIT 1   [ RunTime:0.0016s ]
INFO: [ view_parse ] --START--
INFO: [ template_filter ] --START--
INFO: Run Behavior\ContentReplaceBehavior [ RunTime:0.000224s ]
INFO: [ template_filter ] --END-- [ RunTime:0.000375s ]
NOTIC: [8] Undefined variable: vo E:\wamp\www\anti\Application\Runtime\Cache\Admin\b595b808c2ebeeeb0478ffc30bb4e87a.php Á¨¨ 717 Ë°å.
INFO: Run Behavior\ParseTemplateBehavior [ RunTime:0.111024s ]
INFO: [ view_parse ] --END-- [ RunTime:0.111163s ]
INFO: [ view_filter ] --START--
INFO: Run Behavior\WriteHtmlCacheBehavior [ RunTime:0.001281s ]
INFO: [ view_filter ] --END-- [ RunTime:0.002243s ]
INFO: [ app_end ] --START--
INFO: Run Behavior\ShowPageTraceBehavior [ RunTime:0.001301s ]
INFO: [ app_end ] --END-- [ RunTime:0.001437s ]

[ 2018-12-05T10:17:41+08:00 ] 127.0.0.1 /index.php/Admin/Index/charts
INFO: [ app_init ] --START--
INFO: Run Behavior\BuildLiteBehavior [ RunTime:0.000034s ]
INFO: [ app_init ] --END-- [ RunTime:0.007777s ]
INFO: [ app_begin ] --START--
INFO: Run Behavior\ReadHtmlCacheBehavior [ RunTime:0.005901s ]
INFO: Run Behavior\CronRunBehavior [ RunTime:0.013610s ]
INFO: [ app_begin ] --END-- [ RunTime:0.019863s ]
SQL: SHOW COLUMNS FROM `red_money_record` [ RunTime:0.2069s ]
SQL: SELECT `money` FROM `red_money_record` WHERE `time` BETWEEN 1543334400 AND 1543420799 AND `moneytype` = 1  [ RunTime:0.0004s ]
SQL: SHOW COLUMNS FROM `red_shop` [ RunTime:0.0942s ]
SQL: SELECT COUNT(*) AS tp_count FROM `red_shop` WHERE `time` BETWEEN 1543334400 AND 1543420799 AND `type` = 1 LIMIT 1   [ RunTime:0.0004s ]
SQL: SELECT COUNT(*) AS tp_count FROM `red_shop` WHERE `time` BETWEEN 1543334400 AND 1543420799 AND `type` = 2 LIMIT 1   [ RunTime:0.0004s ]
SQL: SELECT COUNT(*) AS tp_count FROM `red_shop` WHERE `time` BETWEEN 1543334400 AND 1543420799 AND `type` = 3 LIMIT 1   [ RunTime:0.0004s ]
NOTIC: [8] Use of undefined constant start_time - assumed 'start_time' E:\wamp\www\anti\Application\Admin\Controller\IndexController.class.php Á¨¨ 56 Ë°å.
SQL: SELECT `money` FROM `red_money_record` WHERE `time` BETWEEN 1543420800 AND 1543507199 AND `moneytype` = 1  [ RunTime:0.0004s ]
SQL: SELECT COUNT(*) AS tp_count FROM `red_shop` WHERE `time` BETWEEN 1543420800 AND 1543507199 AND `type` = 1 LIMIT 1   [ RunTime:0.0004s ]
SQL: SELECT COUNT(*) AS tp_count FROM `red_shop` WHERE `time` BETWEEN 1543420800 AND 1543507199 AND `type` = 2 LIMIT 1   [ RunTime:0.0003s ]
SQL: SELECT COUNT(*) AS tp_count FROM `red_shop` WHERE `time` BETWEEN 1543420800 AND 1543507199 AND `type` = 3 LIMIT 1   [ RunTime:0.0003s ]
NOTIC: [8] Use of undefined constant start_time - assumed 'start_time' E:\wamp\www\anti\Application\Admin\Controller\IndexController.class.php Á¨¨ 56 Ë°å.
SQL: SELECT `money` FROM `red_money_record` WHERE `time` BETWEEN 1543507200 AND 1543593599 AND `moneytype` = 1  [ RunTime:0.0016s ]
SQL: SELECT COUNT(*) AS tp_count FROM `red_shop` WHERE `time` BETWEEN 1543507200 AND 1543593599 AND `type` = 1 LIMIT 1   [ RunTime:0.0004s ]
SQL: SELECT COUNT(*) AS tp_count FROM `red_shop` WHERE `time` BETWEEN 1543507200 AND 1543593599 AND `type` = 2 LIMIT 1   [ RunTime:0.0004s ]
SQL: SELECT COUNT(*) AS tp_count FROM `red_shop` WHERE `time` BETWEEN 1543507200 AND 1543593599 AND `type` = 3 LIMIT 1   [ RunTime:0.0004s ]
NOTIC: [8] Use of undefined constant start_time - assumed 'start_time' E:\wamp\www\anti\Application\Admin\Controller\IndexController.class.php Á¨¨ 56 Ë°å.
SQL: SELECT `money` FROM `red_money_record` WHERE `time` BETWEEN 1543593600 AND 1543679999 AND `moneytype` = 1  [ RunTime:0.0017s ]
SQL: SELECT COUNT(*) AS tp_count FROM `red_shop` WHERE `time` BETWEEN 1543593600 AND 1543679999 AND `type` = 1 LIMIT 1   [ RunTime:0.0004s ]
SQL: SELECT COUNT(*) AS tp_count FROM `red_shop` WHERE `time` BETWEEN 1543593600 AND 1543679999 AND `type` = 2 LIMIT 1   [ RunTime:0.0004s ]
SQL: SELECT COUNT(*) AS tp_count FROM `red_shop` WHERE `time` BETWEEN 1543593600 AND 1543679999 AND `type` = 3 LIMIT 1   [ RunTime:0.0004s ]
NOTIC: [8] Use of undefined constant start_time - assumed 'start_time' E:\wamp\www\anti\Application\Admin\Controller\IndexController.class.php Á¨¨ 56 Ë°å.
SQL: SELECT `money` FROM `red_money_record` WHERE `time` BETWEEN 1543680000 AND 1543766399 AND `moneytype` = 1  [ RunTime:0.0004s ]
SQL: SELECT COUNT(*) AS tp_count FROM `red_shop` WHERE `time` BETWEEN 1543680000 AND 1543766399 AND `type` = 1 LIMIT 1   [ RunTime:0.0004s ]
SQL: SELECT COUNT(*) AS tp_count FROM `red_shop` WHERE `time` BETWEEN 1543680000 AND 1543766399 AND `type` = 2 LIMIT 1   [ RunTime:0.0003s ]
SQL: SELECT COUNT(*) AS tp_count FROM `red_shop` WHERE `time` BETWEEN 1543680000 AND 1543766399 AND `type` = 3 LIMIT 1   [ RunTime:0.0002s ]
NOTIC: [8] Use of undefined constant start_time - assumed 'start_time' E:\wamp\www\anti\Application\Admin\Controller\IndexController.class.php Á¨¨ 56 Ë°å.
SQL: SELECT `money` FROM `red_money_record` WHERE `time` BETWEEN 1543766400 AND 1543852799 AND `moneytype` = 1  [ RunTime:0.0002s ]
SQL: SELECT COUNT(*) AS tp_count FROM `red_shop` WHERE `time` BETWEEN 1543766400 AND 1543852799 AND `type` = 1 LIMIT 1   [ RunTime:0.0002s ]
SQL: SELECT COUNT(*) AS tp_count FROM `red_shop` WHERE `time` BETWEEN 1543766400 AND 1543852799 AND `type` = 2 LIMIT 1   [ RunTime:0.0002s ]
SQL: SELECT COUNT(*) AS tp_count FROM `red_shop` WHERE `time` BETWEEN 1543766400 AND 1543852799 AND `type` = 3 LIMIT 1   [ RunTime:0.0002s ]
NOTIC: [8] Use of undefined constant start_time - assumed 'start_time' E:\wamp\www\anti\Application\Admin\Controller\IndexController.class.php Á¨¨ 56 Ë°å.
SQL: SELECT `money` FROM `red_money_record` WHERE `time` BETWEEN 1543852800 AND 1543939199 AND `moneytype` = 1  [ RunTime:0.0002s ]
SQL: SELECT COUNT(*) AS tp_count FROM `red_shop` WHERE `time` BETWEEN 1543852800 AND 1543939199 AND `type` = 1 LIMIT 1   [ RunTime:0.0002s ]
SQL: SELECT COUNT(*) AS tp_count FROM `red_shop` WHERE `time` BETWEEN 1543852800 AND 1543939199 AND `type` = 2 LIMIT 1   [ RunTime:0.0002s ]
SQL: SELECT COUNT(*) AS tp_count FROM `red_shop` WHERE `time` BETWEEN 1543852800 AND 1543939199 AND `type` = 3 LIMIT 1   [ RunTime:0.0002s ]
NOTIC: [8] Use of undefined constant start_time - assumed 'start_time' E:\wamp\www\anti\Application\Admin\Controller\IndexController.class.php Á¨¨ 56 Ë°å.
SQL: SELECT `money` FROM `red_money_record` WHERE `time` BETWEEN 1543939200 AND 1544025599 AND `moneytype` = 1  [ RunTime:0.0002s ]
SQL: SELECT COUNT(*) AS tp_count FROM `red_shop` WHERE `time` BETWEEN 1543939200 AND 1544025599 AND `type` = 1 LIMIT 1   [ RunTime:0.0003s ]
SQL: SELECT COUNT(*) AS tp_count FROM `red_shop` WHERE `time` BETWEEN 1543939200 AND 1544025599 AND `type` = 2 LIMIT 1   [ RunTime:0.0004s ]
SQL: SELECT COUNT(*) AS tp_count FROM `red_shop` WHERE `time` BETWEEN 1543939200 AND 1544025599 AND `type` = 3 LIMIT 1   [ RunTime:0.0004s ]
NOTIC: [8] Use of undefined constant start_time - assumed 'start_time' E:\wamp\www\anti\Application\Admin\Controller\IndexController.class.php Á¨¨ 56 Ë°å.

