[ 2018-11-10T10:50:35+08:00 ] 127.0.0.1 /index.php/admin/login
ERR: Cron:cron Runat 2018-11-10 10:50:35 Use 0.111004 s

[ 2018-11-10T10:50:35+08:00 ] 127.0.0.1 /index.php/admin/login
INFO: [ app_init ] --START--
INFO: Run Behavior\BuildLiteBehavior [ RunTime:0.000033s ]
INFO: [ app_init ] --END-- [ RunTime:0.001421s ]
INFO: [ app_begin ] --START--
INFO: Run Behavior\ReadHtmlCacheBehavior [ RunTime:0.002500s ]
SQL: SHOW COLUMNS FROM `red_indent` [ RunTime:0.0478s ]
SQL: SELECT * FROM `red_indent` WHERE `status` = 2  [ RunTime:0.0005s ]
INFO: Run Behavior\CronRunBehavior [ RunTime:0.182594s ]
INFO: [ app_begin ] --END-- [ RunTime:0.185353s ]
INFO: [ view_parse ] --START--
INFO: [ template_filter ] --START--
INFO: Run Behavior\ContentReplaceBehavior [ RunTime:0.000084s ]
INFO: [ template_filter ] --END-- [ RunTime:0.000227s ]
INFO: Run Behavior\ParseTemplateBehavior [ RunTime:0.098761s ]
INFO: [ view_parse ] --END-- [ RunTime:0.098917s ]
INFO: [ view_filter ] --START--
INFO: Run Behavior\WriteHtmlCacheBehavior [ RunTime:0.033752s ]
INFO: [ view_filter ] --END-- [ RunTime:0.033906s ]
INFO: [ app_end ] --START--
INFO: Run Behavior\ShowPageTraceBehavior [ RunTime:0.002614s ]
INFO: [ app_end ] --END-- [ RunTime:0.002751s ]

[ 2018-11-10T10:50:36+08:00 ] 127.0.0.1 /index.php/Admin/login/verify.html
INFO: [ app_init ] --START--
INFO: Run Behavior\BuildLiteBehavior [ RunTime:0.000034s ]
INFO: [ app_init ] --END-- [ RunTime:0.001031s ]
INFO: [ app_begin ] --START--
INFO: Run Behavior\ReadHtmlCacheBehavior [ RunTime:0.002245s ]
INFO: Run Behavior\CronRunBehavior [ RunTime:0.023691s ]
INFO: [ app_begin ] --END-- [ RunTime:0.026212s ]
INFO: [ app_end ] --START--
INFO: Run Behavior\ShowPageTraceBehavior [ RunTime:0.002902s ]
INFO: [ app_end ] --END-- [ RunTime:0.003074s ]

