[ 2018-10-09T14:59:14+08:00 ] 127.0.0.1 /index.php/admin/login
ERR: Cron:cron Runat 2018-10-09 14:59:14 Use 0.096065 s

[ 2018-10-09T14:59:15+08:00 ] 127.0.0.1 /index.php/admin/login
INFO: [ app_init ] --START--
INFO: Run Behavior\BuildLiteBehavior [ RunTime:0.000033s ]
INFO: [ app_init ] --END-- [ RunTime:0.001694s ]
INFO: [ app_begin ] --START--
INFO: Run Behavior\ReadHtmlCacheBehavior [ RunTime:0.002309s ]
SQL: SHOW COLUMNS FROM `fen_indent` [ RunTime:0.0422s ]
SQL: SELECT * FROM `fen_indent` WHERE `status` = 2  [ RunTime:0.0005s ]
INFO: Run Behavior\CronRunBehavior [ RunTime:0.155822s ]
INFO: [ app_begin ] --END-- [ RunTime:0.158390s ]
INFO: [ view_parse ] --START--
INFO: [ template_filter ] --START--
INFO: Run Behavior\ContentReplaceBehavior [ RunTime:0.007934s ]
INFO: [ template_filter ] --END-- [ RunTime:0.008076s ]
INFO: Run Behavior\ParseTemplateBehavior [ RunTime:0.388664s ]
INFO: [ view_parse ] --END-- [ RunTime:0.388880s ]
INFO: [ view_filter ] --START--
INFO: Run Behavior\WriteHtmlCacheBehavior [ RunTime:0.034977s ]
INFO: [ view_filter ] --END-- [ RunTime:0.035147s ]
INFO: [ app_end ] --START--
INFO: Run Behavior\ShowPageTraceBehavior [ RunTime:0.002540s ]
INFO: [ app_end ] --END-- [ RunTime:0.002681s ]

[ 2018-10-09T14:59:16+08:00 ] 127.0.0.1 /index.php/Admin/login/verify.html
INFO: [ app_init ] --START--
INFO: Run Behavior\BuildLiteBehavior [ RunTime:0.000046s ]
INFO: [ app_init ] --END-- [ RunTime:0.003069s ]
INFO: [ app_begin ] --START--
INFO: Run Behavior\ReadHtmlCacheBehavior [ RunTime:0.001747s ]
INFO: Run Behavior\CronRunBehavior [ RunTime:0.065200s ]
INFO: [ app_begin ] --END-- [ RunTime:0.067256s ]
INFO: [ app_end ] --START--
INFO: Run Behavior\ShowPageTraceBehavior [ RunTime:0.001911s ]
INFO: [ app_end ] --END-- [ RunTime:0.002080s ]

[ 2018-10-09T15:00:22+08:00 ] 127.0.0.1 /index.php/Admin/Login/index
ERR: Cron:cron Runat 2018-10-09 15:00:22 Use 0.207159 s

[ 2018-10-09T15:00:22+08:00 ] 127.0.0.1 /index.php/Admin/Login/index
INFO: [ app_init ] --START--
INFO: Run Behavior\BuildLiteBehavior [ RunTime:0.000042s ]
INFO: [ app_init ] --END-- [ RunTime:0.016477s ]
INFO: [ app_begin ] --START--
INFO: Run Behavior\ReadHtmlCacheBehavior [ RunTime:0.017932s ]
SQL: SHOW COLUMNS FROM `fen_indent` [ RunTime:0.1541s ]
SQL: SELECT * FROM `fen_indent` WHERE `status` = 2  [ RunTime:0.0004s ]
INFO: Run Behavior\CronRunBehavior [ RunTime:0.256807s ]
INFO: [ app_begin ] --END-- [ RunTime:0.274960s ]
SQL: SHOW COLUMNS FROM `fen_admin` [ RunTime:0.0915s ]
SQL: SELECT * FROM `fen_admin` WHERE ( username = "admin" ) LIMIT 1   [ RunTime:0.0559s ]
NOTIC: [2] Missing argument 3 for show(), called in E:\wamp\www\anti\Application\Admin\Controller\LoginController.class.php on line 30 and defined E:\wamp\www\anti\Application\Admin\Common\function.php 第 12 行.
NOTIC: [8] Undefined variable: data E:\wamp\www\anti\Application\Admin\Common\function.php 第 16 行.

[ 2018-10-09T15:00:24+08:00 ] 127.0.0.1 /index.php/Admin/index/index
INFO: [ app_init ] --START--
INFO: Run Behavior\BuildLiteBehavior [ RunTime:0.000038s ]
INFO: [ app_init ] --END-- [ RunTime:0.001142s ]
INFO: [ app_begin ] --START--
INFO: Run Behavior\ReadHtmlCacheBehavior [ RunTime:0.001553s ]
INFO: Run Behavior\CronRunBehavior [ RunTime:0.045040s ]
INFO: [ app_begin ] --END-- [ RunTime:0.046888s ]
SQL: SHOW COLUMNS FROM `fen_member` [ RunTime:0.0753s ]
SQL: SELECT COUNT(*) AS tp_count FROM `fen_member` WHERE `time` BETWEEN 1539014400 AND 1539100799 LIMIT 1   [ RunTime:0.0471s ]
NOTIC: [8] Undefined variable: zong E:\wamp\www\anti\Application\Admin\Controller\IndexController.class.php 第 19 行.
SQL: SELECT COUNT(*) AS tp_count FROM `fen_member` WHERE `time` BETWEEN 1538323200 AND 1541001599 LIMIT 1   [ RunTime:0.0003s ]
INFO: [ view_parse ] --START--
INFO: [ template_filter ] --START--
INFO: Run Behavior\ContentReplaceBehavior [ RunTime:0.000232s ]
INFO: [ template_filter ] --END-- [ RunTime:0.000375s ]
NOTIC: [8] Undefined variable: area E:\wamp\www\anti\Application\Runtime\Cache\Admin\b595b808c2ebeeeb0478ffc30bb4e87a.php 第 879 行.
NOTIC: [8] Undefined variable: list E:\wamp\www\anti\Application\Runtime\Cache\Admin\b595b808c2ebeeeb0478ffc30bb4e87a.php 第 921 行.
NOTIC: [8] Undefined index: month_money E:\wamp\www\anti\Application\Runtime\Cache\Admin\b595b808c2ebeeeb0478ffc30bb4e87a.php 第 983 行.
NOTIC: [8] Undefined variable: page E:\wamp\www\anti\Application\Runtime\Cache\Admin\b595b808c2ebeeeb0478ffc30bb4e87a.php 第 989 行.
INFO: Run Behavior\ParseTemplateBehavior [ RunTime:0.700711s ]
INFO: [ view_parse ] --END-- [ RunTime:0.700865s ]
INFO: [ view_filter ] --START--
INFO: Run Behavior\WriteHtmlCacheBehavior [ RunTime:0.112875s ]
INFO: [ view_filter ] --END-- [ RunTime:0.113014s ]
INFO: [ app_end ] --START--
INFO: Run Behavior\ShowPageTraceBehavior [ RunTime:0.002551s ]
INFO: [ app_end ] --END-- [ RunTime:0.002694s ]

[ 2018-10-09T15:00:40+08:00 ] 127.0.0.1 /index.php/Admin/index/machine
ERR: Cron:cron Runat 2018-10-09 15:00:40 Use 0.179650 s

[ 2018-10-09T15:00:41+08:00 ] 127.0.0.1 /index.php/Admin/index/machine
INFO: [ app_init ] --START--
INFO: Run Behavior\BuildLiteBehavior [ RunTime:0.000034s ]
INFO: [ app_init ] --END-- [ RunTime:0.001427s ]
INFO: [ app_begin ] --START--
INFO: Run Behavior\ReadHtmlCacheBehavior [ RunTime:0.002213s ]
SQL: SHOW COLUMNS FROM `fen_indent` [ RunTime:0.0953s ]
SQL: SELECT * FROM `fen_indent` WHERE `status` = 2  [ RunTime:0.0005s ]
INFO: Run Behavior\CronRunBehavior [ RunTime:0.212829s ]
INFO: [ app_begin ] --END-- [ RunTime:0.215449s ]
NOTIC: [8] Use of undefined constant APPID - assumed 'APPID' E:\wamp\www\anti\Application\Admin\Controller\IndexController.class.php 第 68 行.
NOTIC: [8] Use of undefined constant APPSECRET - assumed 'APPSECRET' E:\wamp\www\anti\Application\Admin\Controller\IndexController.class.php 第 68 行.
NOTIC: [8] Undefined index: access_token E:\wamp\www\anti\Application\Admin\Controller\IndexController.class.php 第 74 行.

[ 2018-10-09T15:01:07+08:00 ] 127.0.0.1 /index.php/Admin/index/machine
ERR: Cron:cron Runat 2018-10-09 15:01:07 Use 0.088751 s

[ 2018-10-09T15:01:08+08:00 ] 127.0.0.1 /index.php/Admin/index/machine
INFO: [ app_init ] --START--
INFO: Run Behavior\BuildLiteBehavior [ RunTime:0.000034s ]
INFO: [ app_init ] --END-- [ RunTime:0.001137s ]
INFO: [ app_begin ] --START--
INFO: Run Behavior\ReadHtmlCacheBehavior [ RunTime:0.001561s ]
SQL: SHOW COLUMNS FROM `fen_indent` [ RunTime:0.0680s ]
SQL: SELECT * FROM `fen_indent` WHERE `status` = 2  [ RunTime:0.0005s ]
INFO: Run Behavior\CronRunBehavior [ RunTime:0.117385s ]
INFO: [ app_begin ] --END-- [ RunTime:0.119196s ]
NOTIC: [8] Use of undefined constant APPID - assumed 'APPID' E:\wamp\www\anti\Application\Admin\Controller\IndexController.class.php 第 68 行.
NOTIC: [8] Use of undefined constant APPSECRET - assumed 'APPSECRET' E:\wamp\www\anti\Application\Admin\Controller\IndexController.class.php 第 68 行.
NOTIC: [8] Undefined index: access_token E:\wamp\www\anti\Application\Admin\Controller\IndexController.class.php 第 74 行.

[ 2018-10-09T15:01:28+08:00 ] 127.0.0.1 /index.php/Admin/index/get_access_token
ERR: Cron:cron Runat 2018-10-09 15:01:28 Use 0.071364 s

[ 2018-10-09T15:01:29+08:00 ] 127.0.0.1 /index.php/Admin/index/get_access_token
INFO: [ app_init ] --START--
INFO: Run Behavior\BuildLiteBehavior [ RunTime:0.000033s ]
INFO: [ app_init ] --END-- [ RunTime:0.001138s ]
INFO: [ app_begin ] --START--
INFO: Run Behavior\ReadHtmlCacheBehavior [ RunTime:0.001610s ]
SQL: SHOW COLUMNS FROM `fen_indent` [ RunTime:0.0515s ]
SQL: SELECT * FROM `fen_indent` WHERE `status` = 2  [ RunTime:0.0005s ]
INFO: Run Behavior\CronRunBehavior [ RunTime:0.097237s ]
INFO: [ app_begin ] --END-- [ RunTime:0.099098s ]
NOTIC: [8] Use of undefined constant APPID - assumed 'APPID' E:\wamp\www\anti\Application\Admin\Controller\IndexController.class.php 第 68 行.
NOTIC: [8] Use of undefined constant APPSECRET - assumed 'APPSECRET' E:\wamp\www\anti\Application\Admin\Controller\IndexController.class.php 第 68 行.

[ 2018-10-09T15:01:57+08:00 ] 127.0.0.1 /index.php/Admin/index/get_access_token
ERR: Cron:cron Runat 2018-10-09 15:01:57 Use 0.071243 s

[ 2018-10-09T15:01:57+08:00 ] 127.0.0.1 /index.php/Admin/index/get_access_token
INFO: [ app_init ] --START--
INFO: Run Behavior\BuildLiteBehavior [ RunTime:0.000048s ]
INFO: [ app_init ] --END-- [ RunTime:0.001732s ]
INFO: [ app_begin ] --START--
INFO: Run Behavior\ReadHtmlCacheBehavior [ RunTime:0.001615s ]
SQL: SHOW COLUMNS FROM `fen_indent` [ RunTime:0.0510s ]
SQL: SELECT * FROM `fen_indent` WHERE `status` = 2  [ RunTime:0.0006s ]
INFO: Run Behavior\CronRunBehavior [ RunTime:0.094812s ]
INFO: [ app_begin ] --END-- [ RunTime:0.096663s ]
NOTIC: [8] Use of undefined constant APPID - assumed 'APPID' E:\wamp\www\anti\Application\Admin\Controller\IndexController.class.php 第 68 行.
NOTIC: [8] Use of undefined constant APPSECRET - assumed 'APPSECRET' E:\wamp\www\anti\Application\Admin\Controller\IndexController.class.php 第 68 行.

[ 2018-10-09T15:08:37+08:00 ] 127.0.0.1 /index.php/Admin/index/get_access_token
ERR: Cron:cron Runat 2018-10-09 15:08:37 Use 0.070293 s

[ 2018-10-09T15:08:38+08:00 ] 127.0.0.1 /index.php/Admin/index/get_access_token
INFO: [ app_init ] --START--
INFO: Run Behavior\BuildLiteBehavior [ RunTime:0.000033s ]
INFO: [ app_init ] --END-- [ RunTime:0.003771s ]
INFO: [ app_begin ] --START--
INFO: Run Behavior\ReadHtmlCacheBehavior [ RunTime:0.001651s ]
SQL: SHOW COLUMNS FROM `fen_indent` [ RunTime:0.0510s ]
SQL: SELECT * FROM `fen_indent` WHERE `status` = 2  [ RunTime:0.0004s ]
INFO: Run Behavior\CronRunBehavior [ RunTime:0.098834s ]
INFO: [ app_begin ] --END-- [ RunTime:0.100729s ]
NOTIC: [8] Use of undefined constant APPID - assumed 'APPID' E:\wamp\www\anti\Application\Admin\Controller\IndexController.class.php 第 68 行.
NOTIC: [8] Use of undefined constant APPSECRET - assumed 'APPSECRET' E:\wamp\www\anti\Application\Admin\Controller\IndexController.class.php 第 68 行.

[ 2018-10-09T15:09:03+08:00 ] 127.0.0.1 /index.php/Admin/index/machine
ERR: Cron:cron Runat 2018-10-09 15:09:03 Use 0.099603 s

[ 2018-10-09T15:09:03+08:00 ] 127.0.0.1 /index.php/Admin/index/machine
INFO: [ app_init ] --START--
INFO: Run Behavior\BuildLiteBehavior [ RunTime:0.000037s ]
INFO: [ app_init ] --END-- [ RunTime:0.002304s ]
INFO: [ app_begin ] --START--
INFO: Run Behavior\ReadHtmlCacheBehavior [ RunTime:0.001505s ]
SQL: SHOW COLUMNS FROM `fen_indent` [ RunTime:0.0576s ]
SQL: SELECT * FROM `fen_indent` WHERE `status` = 2  [ RunTime:0.0004s ]
INFO: Run Behavior\CronRunBehavior [ RunTime:0.124741s ]
INFO: [ app_begin ] --END-- [ RunTime:0.126487s ]
NOTIC: [8] Use of undefined constant APPID - assumed 'APPID' E:\wamp\www\anti\Application\Admin\Controller\IndexController.class.php 第 68 行.
NOTIC: [8] Use of undefined constant APPSECRET - assumed 'APPSECRET' E:\wamp\www\anti\Application\Admin\Controller\IndexController.class.php 第 68 行.

