[ 2018-10-08T11:44:24+08:00 ] 127.0.0.1 /index.php/admin/login
ERR: Cron:cron Runat 2018-10-08 11:44:24 Use 0.177753 s

[ 2018-10-08T11:44:25+08:00 ] 127.0.0.1 /index.php/admin/login
INFO: [ app_init ] --START--
INFO: Run Behavior\BuildLiteBehavior [ RunTime:0.000044s ]
INFO: [ app_init ] --END-- [ RunTime:0.003217s ]
INFO: [ app_begin ] --START--
INFO: Run Behavior\ReadHtmlCacheBehavior [ RunTime:0.001930s ]
SQL: SHOW COLUMNS FROM `fen_indent` [ RunTime:0.0733s ]
SQL: SELECT * FROM `fen_indent` WHERE `status` = 2  [ RunTime:0.0005s ]
INFO: Run Behavior\CronRunBehavior [ RunTime:0.254615s ]
INFO: [ app_begin ] --END-- [ RunTime:0.256786s ]
INFO: [ view_parse ] --START--
INFO: [ template_filter ] --START--
INFO: Run Behavior\ContentReplaceBehavior [ RunTime:0.054911s ]
INFO: [ template_filter ] --END-- [ RunTime:0.055056s ]
INFO: Run Behavior\ParseTemplateBehavior [ RunTime:0.260539s ]
INFO: [ view_parse ] --END-- [ RunTime:0.260688s ]
INFO: [ view_filter ] --START--
INFO: Run Behavior\WriteHtmlCacheBehavior [ RunTime:0.011629s ]
INFO: [ view_filter ] --END-- [ RunTime:0.011764s ]
INFO: [ app_end ] --START--
INFO: Run Behavior\ShowPageTraceBehavior [ RunTime:0.001799s ]
INFO: [ app_end ] --END-- [ RunTime:0.001934s ]

[ 2018-10-08T11:44:26+08:00 ] 127.0.0.1 /index.php/Admin/login/verify.html
INFO: [ app_init ] --START--
INFO: Run Behavior\BuildLiteBehavior [ RunTime:0.000033s ]
INFO: [ app_init ] --END-- [ RunTime:0.002209s ]
INFO: [ app_begin ] --START--
INFO: Run Behavior\ReadHtmlCacheBehavior [ RunTime:0.001701s ]
INFO: Run Behavior\CronRunBehavior [ RunTime:0.096898s ]
INFO: [ app_begin ] --END-- [ RunTime:0.098866s ]
INFO: [ app_end ] --START--
INFO: Run Behavior\ShowPageTraceBehavior [ RunTime:0.002126s ]
INFO: [ app_end ] --END-- [ RunTime:0.002666s ]

[ 2018-10-08T11:44:31+08:00 ] 127.0.0.1 /index.php/Admin/Login/index
INFO: [ app_init ] --START--
INFO: Run Behavior\BuildLiteBehavior [ RunTime:0.000033s ]
INFO: [ app_init ] --END-- [ RunTime:0.001119s ]
INFO: [ app_begin ] --START--
INFO: Run Behavior\ReadHtmlCacheBehavior [ RunTime:0.001537s ]
INFO: Run Behavior\CronRunBehavior [ RunTime:0.008216s ]
INFO: [ app_begin ] --END-- [ RunTime:0.010030s ]
SQL: SHOW COLUMNS FROM `fen_admin` [ RunTime:0.1100s ]
SQL: SELECT * FROM `fen_admin` WHERE ( username = "admin" ) LIMIT 1   [ RunTime:0.0004s ]
NOTIC: [2] Missing argument 3 for show(), called in E:\wamp\www\anti\Application\Admin\Controller\LoginController.class.php on line 30 and defined E:\wamp\www\anti\Application\Admin\Common\function.php 第 12 行.
NOTIC: [8] Undefined variable: data E:\wamp\www\anti\Application\Admin\Common\function.php 第 16 行.

[ 2018-10-08T11:44:32+08:00 ] 127.0.0.1 /index.php/Admin/index/index
INFO: [ app_init ] --START--
INFO: Run Behavior\BuildLiteBehavior [ RunTime:0.000032s ]
INFO: [ app_init ] --END-- [ RunTime:0.001036s ]
INFO: [ app_begin ] --START--
INFO: Run Behavior\ReadHtmlCacheBehavior [ RunTime:0.001507s ]
INFO: Run Behavior\CronRunBehavior [ RunTime:0.006905s ]
INFO: [ app_begin ] --END-- [ RunTime:0.008691s ]
SQL: SHOW COLUMNS FROM `fen_member` [ RunTime:0.0547s ]
SQL: SELECT COUNT(*) AS tp_count FROM `fen_member` WHERE `time` BETWEEN 1538928000 AND 1539014399 LIMIT 1   [ RunTime:0.0393s ]
NOTIC: [8] Undefined variable: zong E:\wamp\www\anti\Application\Admin\Controller\IndexController.class.php 第 19 行.
SQL: SELECT COUNT(*) AS tp_count FROM `fen_member` WHERE `time` BETWEEN 1538323200 AND 1541001599 LIMIT 1   [ RunTime:0.0003s ]
INFO: [ view_parse ] --START--
INFO: [ template_filter ] --START--
INFO: Run Behavior\ContentReplaceBehavior [ RunTime:0.000219s ]
INFO: [ template_filter ] --END-- [ RunTime:0.000352s ]
NOTIC: [8] Undefined variable: area E:\wamp\www\anti\Application\Runtime\Cache\Admin\b595b808c2ebeeeb0478ffc30bb4e87a.php 第 879 行.
NOTIC: [8] Undefined variable: list E:\wamp\www\anti\Application\Runtime\Cache\Admin\b595b808c2ebeeeb0478ffc30bb4e87a.php 第 921 行.
NOTIC: [8] Undefined index: month_money E:\wamp\www\anti\Application\Runtime\Cache\Admin\b595b808c2ebeeeb0478ffc30bb4e87a.php 第 983 行.
NOTIC: [8] Undefined variable: page E:\wamp\www\anti\Application\Runtime\Cache\Admin\b595b808c2ebeeeb0478ffc30bb4e87a.php 第 989 行.
INFO: Run Behavior\ParseTemplateBehavior [ RunTime:0.074673s ]
INFO: [ view_parse ] --END-- [ RunTime:0.074807s ]
INFO: [ view_filter ] --START--
INFO: Run Behavior\WriteHtmlCacheBehavior [ RunTime:0.001470s ]
INFO: [ view_filter ] --END-- [ RunTime:0.001597s ]
INFO: [ app_end ] --START--
INFO: Run Behavior\ShowPageTraceBehavior [ RunTime:0.001561s ]
INFO: [ app_end ] --END-- [ RunTime:0.001782s ]

[ 2018-10-08T11:44:35+08:00 ] 127.0.0.1 /index.php/Admin/member/putong
ERR: Cron:cron Runat 2018-10-08 11:44:35 Use 0.098928 s

[ 2018-10-08T11:44:36+08:00 ] 127.0.0.1 /index.php/Admin/member/putong
INFO: [ app_init ] --START--
INFO: Run Behavior\BuildLiteBehavior [ RunTime:0.000031s ]
INFO: [ app_init ] --END-- [ RunTime:0.001098s ]
INFO: [ app_begin ] --START--
INFO: Run Behavior\ReadHtmlCacheBehavior [ RunTime:0.002069s ]
SQL: SHOW COLUMNS FROM `fen_indent` [ RunTime:0.0816s ]
SQL: SELECT * FROM `fen_indent` WHERE `status` = 2  [ RunTime:0.0006s ]
INFO: Run Behavior\CronRunBehavior [ RunTime:0.113473s ]
INFO: [ app_begin ] --END-- [ RunTime:0.115907s ]
SQL: SHOW COLUMNS FROM `fen_member` [ RunTime:0.0442s ]
SQL: SELECT COUNT(*) AS tp_count FROM `fen_member` WHERE `level` = 0 LIMIT 1   [ RunTime:0.0006s ]
NOTIC: [8] Undefined index: p E:\wamp\www\anti\Application\Admin\Controller\MemberController.class.php 第 27 行.
SQL: SELECT * FROM `fen_member` WHERE `level` = 0 ORDER BY id desc LIMIT 0,20   [ RunTime:0.0006s ]
INFO: [ view_parse ] --START--
INFO: [ template_filter ] --START--
INFO: Run Behavior\ContentReplaceBehavior [ RunTime:0.000227s ]
INFO: [ template_filter ] --END-- [ RunTime:0.000358s ]
NOTIC: [8] Undefined variable: vo E:\wamp\www\anti\Application\Runtime\Cache\Admin\4eff0f7d1da0f411da274a550a867d65.php 第 694 行.
NOTIC: [8] Use of undefined constant id - assumed 'id' E:\wamp\www\anti\Application\Runtime\Cache\Admin\4eff0f7d1da0f411da274a550a867d65.php 第 736 行.
SQL: SHOW COLUMNS FROM `fen_member_data` [ RunTime:0.1009s ]
SQL: SELECT `name` FROM `fen_member_data` WHERE `member_id` = 2 LIMIT 1   [ RunTime:0.0004s ]
NOTIC: [8] Undefined variable: id E:\wamp\www\anti\Application\Admin\Common\function.php 第 64 行.
SQL: SELECT `weixin` FROM `fen_member_data` WHERE `id` = null LIMIT 1   [ RunTime:0.1314s ]
NOTIC: [8] Undefined index: oauth E:\wamp\www\anti\Application\Runtime\Cache\Admin\4eff0f7d1da0f411da274a550a867d65.php 第 741 行.
SQL: SELECT `wx_name` FROM `fen_member` WHERE `id` = 3 LIMIT 1   [ RunTime:0.0004s ]
SQL: SELECT `name` FROM `fen_member_data` WHERE `member_id` = 3 LIMIT 1   [ RunTime:0.0003s ]
NOTIC: [8] Use of undefined constant id - assumed 'id' E:\wamp\www\anti\Application\Runtime\Cache\Admin\4eff0f7d1da0f411da274a550a867d65.php 第 736 行.
SQL: SELECT `name` FROM `fen_member_data` WHERE `member_id` = 1 LIMIT 1   [ RunTime:0.0004s ]
NOTIC: [8] Undefined variable: id E:\wamp\www\anti\Application\Admin\Common\function.php 第 64 行.
SQL: SELECT `weixin` FROM `fen_member_data` WHERE `id` = null LIMIT 1   [ RunTime:0.0003s ]
NOTIC: [8] Undefined index: oauth E:\wamp\www\anti\Application\Runtime\Cache\Admin\4eff0f7d1da0f411da274a550a867d65.php 第 741 行.
SQL: SELECT `wx_name` FROM `fen_member` WHERE `id` = 2 LIMIT 1   [ RunTime:0.0004s ]
SQL: SELECT `name` FROM `fen_member_data` WHERE `member_id` = 2 LIMIT 1   [ RunTime:0.0003s ]
INFO: Run Behavior\ParseTemplateBehavior [ RunTime:0.329660s ]
INFO: [ view_parse ] --END-- [ RunTime:0.329792s ]
INFO: [ view_filter ] --START--
INFO: Run Behavior\WriteHtmlCacheBehavior [ RunTime:0.001674s ]
INFO: [ view_filter ] --END-- [ RunTime:0.001811s ]
INFO: [ app_end ] --START--
INFO: Run Behavior\ShowPageTraceBehavior [ RunTime:0.001588s ]
INFO: [ app_end ] --END-- [ RunTime:0.001722s ]

[ 2018-10-08T14:28:53+08:00 ] 127.0.0.1 /index.php/Admin/index/index
ERR: Cron:cron Runat 2018-10-08 14:28:53 Use 0.107693 s

[ 2018-10-08T14:28:53+08:00 ] 127.0.0.1 /index.php/Admin/index/index
INFO: [ app_init ] --START--
INFO: Run Behavior\BuildLiteBehavior [ RunTime:0.000033s ]
INFO: [ app_init ] --END-- [ RunTime:0.001359s ]
INFO: [ app_begin ] --START--
INFO: Run Behavior\ReadHtmlCacheBehavior [ RunTime:0.002062s ]
SQL: SHOW COLUMNS FROM `fen_indent` [ RunTime:0.0590s ]
SQL: SELECT * FROM `fen_indent` WHERE `status` = 2  [ RunTime:0.0007s ]
INFO: Run Behavior\CronRunBehavior [ RunTime:0.225092s ]
INFO: [ app_begin ] --END-- [ RunTime:0.227418s ]
SQL: SHOW COLUMNS FROM `fen_member` [ RunTime:0.0589s ]
SQL: SELECT COUNT(*) AS tp_count FROM `fen_member` WHERE `time` BETWEEN 1538928000 AND 1539014399 LIMIT 1   [ RunTime:0.0004s ]
NOTIC: [8] Undefined variable: zong E:\wamp\www\anti\Application\Admin\Controller\IndexController.class.php 第 19 行.
SQL: SELECT COUNT(*) AS tp_count FROM `fen_member` WHERE `time` BETWEEN 1538323200 AND 1541001599 LIMIT 1   [ RunTime:0.0004s ]
INFO: [ view_parse ] --START--
INFO: [ template_filter ] --START--
INFO: Run Behavior\ContentReplaceBehavior [ RunTime:0.000230s ]
INFO: [ template_filter ] --END-- [ RunTime:0.000361s ]
NOTIC: [8] Undefined variable: area E:\wamp\www\anti\Application\Runtime\Cache\Admin\b595b808c2ebeeeb0478ffc30bb4e87a.php 第 879 行.
NOTIC: [8] Undefined variable: list E:\wamp\www\anti\Application\Runtime\Cache\Admin\b595b808c2ebeeeb0478ffc30bb4e87a.php 第 921 行.
NOTIC: [8] Undefined index: month_money E:\wamp\www\anti\Application\Runtime\Cache\Admin\b595b808c2ebeeeb0478ffc30bb4e87a.php 第 983 行.
NOTIC: [8] Undefined variable: page E:\wamp\www\anti\Application\Runtime\Cache\Admin\b595b808c2ebeeeb0478ffc30bb4e87a.php 第 989 行.
INFO: Run Behavior\ParseTemplateBehavior [ RunTime:0.046729s ]
INFO: [ view_parse ] --END-- [ RunTime:0.046871s ]
INFO: [ view_filter ] --START--
INFO: Run Behavior\WriteHtmlCacheBehavior [ RunTime:0.001745s ]
INFO: [ view_filter ] --END-- [ RunTime:0.001877s ]
INFO: [ app_end ] --START--
INFO: Run Behavior\ShowPageTraceBehavior [ RunTime:0.001682s ]
INFO: [ app_end ] --END-- [ RunTime:0.001813s ]

[ 2018-10-08T14:29:01+08:00 ] 127.0.0.1 /index.php/Admin/index/get_access_token
INFO: [ app_init ] --START--
INFO: Run Behavior\BuildLiteBehavior [ RunTime:0.000032s ]
INFO: [ app_init ] --END-- [ RunTime:0.001604s ]
INFO: [ app_begin ] --START--
INFO: Run Behavior\ReadHtmlCacheBehavior [ RunTime:0.001830s ]
INFO: Run Behavior\CronRunBehavior [ RunTime:0.015437s ]
INFO: [ app_begin ] --END-- [ RunTime:0.017557s ]
ERR: 非法操作:get_access_token

[ 2018-10-08T14:29:22+08:00 ] 127.0.0.1 /index.php/Admin/index/get_access_token
ERR: Cron:cron Runat 2018-10-08 14:29:22 Use 0.089471 s

[ 2018-10-08T14:29:22+08:00 ] 127.0.0.1 /index.php/Admin/index/get_access_token
INFO: [ app_init ] --START--
INFO: Run Behavior\BuildLiteBehavior [ RunTime:0.000037s ]
INFO: [ app_init ] --END-- [ RunTime:0.001107s ]
INFO: [ app_begin ] --START--
INFO: Run Behavior\ReadHtmlCacheBehavior [ RunTime:0.001783s ]
SQL: SHOW COLUMNS FROM `fen_indent` [ RunTime:0.0455s ]
SQL: SELECT * FROM `fen_indent` WHERE `status` = 2  [ RunTime:0.0006s ]
INFO: Run Behavior\CronRunBehavior [ RunTime:0.106989s ]
INFO: [ app_begin ] --END-- [ RunTime:0.109022s ]
NOTIC: [8] Use of undefined constant APPID - assumed 'APPID' E:\wamp\www\anti\Application\Admin\Controller\IndexController.class.php 第 56 行.
NOTIC: [8] Use of undefined constant APPSECRET - assumed 'APPSECRET' E:\wamp\www\anti\Application\Admin\Controller\IndexController.class.php 第 56 行.

[ 2018-10-08T14:31:22+08:00 ] 127.0.0.1 /index.php/Admin/index/get_access_token
ERR: Cron:cron Runat 2018-10-08 14:31:22 Use 0.073407 s

[ 2018-10-08T14:31:22+08:00 ] 127.0.0.1 /index.php/Admin/index/get_access_token
INFO: [ app_init ] --START--
INFO: Run Behavior\BuildLiteBehavior [ RunTime:0.000032s ]
INFO: [ app_init ] --END-- [ RunTime:0.001151s ]
INFO: [ app_begin ] --START--
INFO: Run Behavior\ReadHtmlCacheBehavior [ RunTime:0.002728s ]
SQL: SHOW COLUMNS FROM `fen_indent` [ RunTime:0.0531s ]
SQL: SELECT * FROM `fen_indent` WHERE `status` = 2  [ RunTime:0.0004s ]
INFO: Run Behavior\CronRunBehavior [ RunTime:0.103525s ]
INFO: [ app_begin ] --END-- [ RunTime:0.106500s ]
NOTIC: [8] Use of undefined constant APPID - assumed 'APPID' E:\wamp\www\anti\Application\Admin\Controller\IndexController.class.php 第 56 行.
NOTIC: [8] Use of undefined constant APPSECRET - assumed 'APPSECRET' E:\wamp\www\anti\Application\Admin\Controller\IndexController.class.php 第 56 行.

[ 2018-10-08T14:31:42+08:00 ] 127.0.0.1 /index.php/Admin/index/get_access_token
ERR: Cron:cron Runat 2018-10-08 14:31:42 Use 0.088107 s

[ 2018-10-08T14:31:42+08:00 ] 127.0.0.1 /index.php/Admin/index/get_access_token
INFO: [ app_init ] --START--
INFO: Run Behavior\BuildLiteBehavior [ RunTime:0.000037s ]
INFO: [ app_init ] --END-- [ RunTime:0.001204s ]
INFO: [ app_begin ] --START--
INFO: Run Behavior\ReadHtmlCacheBehavior [ RunTime:0.001841s ]
SQL: SHOW COLUMNS FROM `fen_indent` [ RunTime:0.0693s ]
SQL: SELECT * FROM `fen_indent` WHERE `status` = 2  [ RunTime:0.0004s ]
INFO: Run Behavior\CronRunBehavior [ RunTime:0.116449s ]
INFO: [ app_begin ] --END-- [ RunTime:0.118541s ]
NOTIC: [8] Use of undefined constant APPID - assumed 'APPID' E:\wamp\www\anti\Application\Admin\Controller\IndexController.class.php 第 56 行.
NOTIC: [8] Use of undefined constant APPSECRET - assumed 'APPSECRET' E:\wamp\www\anti\Application\Admin\Controller\IndexController.class.php 第 56 行.

[ 2018-10-08T14:39:12+08:00 ] 127.0.0.1 /index.php/Admin/index/get_access_token
ERR: Cron:cron Runat 2018-10-08 14:39:12 Use 0.067618 s

[ 2018-10-08T14:39:12+08:00 ] 127.0.0.1 /index.php/Admin/index/get_access_token
INFO: [ app_init ] --START--
INFO: Run Behavior\BuildLiteBehavior [ RunTime:0.000034s ]
INFO: [ app_init ] --END-- [ RunTime:0.001387s ]
INFO: [ app_begin ] --START--
INFO: Run Behavior\ReadHtmlCacheBehavior [ RunTime:0.001765s ]
SQL: SHOW COLUMNS FROM `fen_indent` [ RunTime:0.0475s ]
SQL: SELECT * FROM `fen_indent` WHERE `status` = 2  [ RunTime:0.0004s ]
INFO: Run Behavior\CronRunBehavior [ RunTime:0.088943s ]
INFO: [ app_begin ] --END-- [ RunTime:0.090957s ]
NOTIC: [8] Use of undefined constant APPID - assumed 'APPID' E:\wamp\www\anti\Application\Admin\Controller\IndexController.class.php 第 56 行.
NOTIC: [8] Use of undefined constant APPSECRET - assumed 'APPSECRET' E:\wamp\www\anti\Application\Admin\Controller\IndexController.class.php 第 56 行.

[ 2018-10-08T14:44:59+08:00 ] 127.0.0.1 /index.php/Admin/index/machine
ERR: Cron:cron Runat 2018-10-08 14:44:59 Use 0.092856 s

[ 2018-10-08T14:44:59+08:00 ] 127.0.0.1 /index.php/Admin/index/machine
INFO: [ app_init ] --START--
INFO: Run Behavior\BuildLiteBehavior [ RunTime:0.000031s ]
INFO: [ app_init ] --END-- [ RunTime:0.001500s ]
INFO: [ app_begin ] --START--
INFO: Run Behavior\ReadHtmlCacheBehavior [ RunTime:0.001990s ]
SQL: SHOW COLUMNS FROM `fen_indent` [ RunTime:0.0516s ]
SQL: SELECT * FROM `fen_indent` WHERE `status` = 2  [ RunTime:0.0004s ]
INFO: Run Behavior\CronRunBehavior [ RunTime:0.132730s ]
INFO: [ app_begin ] --END-- [ RunTime:0.134969s ]
NOTIC: [8] Use of undefined constant APPID - assumed 'APPID' E:\wamp\www\anti\Application\Admin\Controller\IndexController.class.php 第 71 行.
NOTIC: [8] Use of undefined constant APPSECRET - assumed 'APPSECRET' E:\wamp\www\anti\Application\Admin\Controller\IndexController.class.php 第 71 行.

[ 2018-10-08T14:45:17+08:00 ] 127.0.0.1 /index.php/Admin/index/get_access_token
ERR: Cron:cron Runat 2018-10-08 14:45:17 Use 0.078375 s

[ 2018-10-08T14:45:17+08:00 ] 127.0.0.1 /index.php/Admin/index/get_access_token
INFO: [ app_init ] --START--
INFO: Run Behavior\BuildLiteBehavior [ RunTime:0.000033s ]
INFO: [ app_init ] --END-- [ RunTime:0.001073s ]
INFO: [ app_begin ] --START--
INFO: Run Behavior\ReadHtmlCacheBehavior [ RunTime:0.001567s ]
SQL: SHOW COLUMNS FROM `fen_indent` [ RunTime:0.0520s ]
SQL: SELECT * FROM `fen_indent` WHERE `status` = 2  [ RunTime:0.0004s ]
INFO: Run Behavior\CronRunBehavior [ RunTime:0.101900s ]
INFO: [ app_begin ] --END-- [ RunTime:0.103707s ]
NOTIC: [8] Use of undefined constant APPID - assumed 'APPID' E:\wamp\www\anti\Application\Admin\Controller\IndexController.class.php 第 71 行.
NOTIC: [8] Use of undefined constant APPSECRET - assumed 'APPSECRET' E:\wamp\www\anti\Application\Admin\Controller\IndexController.class.php 第 71 行.
INFO: [ app_end ] --START--
INFO: Run Behavior\ShowPageTraceBehavior [ RunTime:0.022645s ]
INFO: [ app_end ] --END-- [ RunTime:0.022805s ]

[ 2018-10-08T14:45:32+08:00 ] 127.0.0.1 /index.php/Admin/index/machine
ERR: Cron:cron Runat 2018-10-08 14:45:32 Use 0.138721 s

[ 2018-10-08T14:45:32+08:00 ] 127.0.0.1 /index.php/Admin/index/machine
INFO: [ app_init ] --START--
INFO: Run Behavior\BuildLiteBehavior [ RunTime:0.000032s ]
INFO: [ app_init ] --END-- [ RunTime:0.001083s ]
INFO: [ app_begin ] --START--
INFO: Run Behavior\ReadHtmlCacheBehavior [ RunTime:0.001371s ]
SQL: SHOW COLUMNS FROM `fen_indent` [ RunTime:0.1182s ]
SQL: SELECT * FROM `fen_indent` WHERE `status` = 2  [ RunTime:0.0004s ]
INFO: Run Behavior\CronRunBehavior [ RunTime:0.173580s ]
INFO: [ app_begin ] --END-- [ RunTime:0.175213s ]
NOTIC: [8] Use of undefined constant APPID - assumed 'APPID' E:\wamp\www\anti\Application\Admin\Controller\IndexController.class.php 第 71 行.
NOTIC: [8] Use of undefined constant APPSECRET - assumed 'APPSECRET' E:\wamp\www\anti\Application\Admin\Controller\IndexController.class.php 第 71 行.

[ 2018-10-08T16:14:17+08:00 ] 127.0.0.1 /index.php/Admin/index/machine
ERR: Cron:cron Runat 2018-10-08 16:14:17 Use 0.506636 s

[ 2018-10-08T16:14:18+08:00 ] 127.0.0.1 /index.php/Admin/index/machine
INFO: [ app_init ] --START--
INFO: Run Behavior\BuildLiteBehavior [ RunTime:0.000032s ]
INFO: [ app_init ] --END-- [ RunTime:0.001452s ]
INFO: [ app_begin ] --START--
INFO: Run Behavior\ReadHtmlCacheBehavior [ RunTime:0.002171s ]
SQL: SHOW COLUMNS FROM `fen_indent` [ RunTime:0.2267s ]
SQL: SELECT * FROM `fen_indent` WHERE `status` = 2  [ RunTime:0.0010s ]
INFO: Run Behavior\CronRunBehavior [ RunTime:0.664248s ]
INFO: [ app_begin ] --END-- [ RunTime:0.666672s ]
NOTIC: [8] Use of undefined constant APPID - assumed 'APPID' E:\wamp\www\anti\Application\Admin\Controller\IndexController.class.php 第 71 行.
NOTIC: [8] Use of undefined constant APPSECRET - assumed 'APPSECRET' E:\wamp\www\anti\Application\Admin\Controller\IndexController.class.php 第 71 行.

